ASSERTION	AAECAAIFAAAAAAAAAFlA
RUN	simulations.PRL_Simulation	prl-simulation	1697635609437	 	3.9.5
USER	***** Private Law Create Case *****	START	1697635609934
REQUEST	XUI_010_Homepage	XUI_010_005_Homepage	1697635609952	1697635610095	OK	 
REQUEST	XUI_010_Homepage	XUI_Common_000_ConfigurationUI	1697635611691	1697635611771	OK	 
REQUEST	XUI_010_Homepage	XUI_Common_000_ConfigJson	1697635611773	1697635611785	OK	 
REQUEST	XUI_010_Homepage	XUI_Common_000_TsAndCs	1697635611787	1697635612188	OK	 
REQUEST	XUI_010_Homepage	XUI_Common_000_ConfigUI	1697635612189	1697635612234	OK	 
REQUEST	XUI_010_Homepage	XUI_Common_000_UserDetails	1697635612237	1697635612317	OK	 
REQUEST	XUI_010_Homepage	XUI_Common_000_IsAuthenticated	1697635612319	1697635612362	OK	 
REQUEST	XUI_010_Homepage	XUI_010_010_AuthLogin	1697635612364	1697635612401	OK	 
REQUEST	XUI_010_Homepage	XUI_010_010_AuthLogin Redirect 1	1697635612404	1697635612512	OK	 
REQUEST	XUI_010_Homepage	XUI_010_010_AuthLogin Redirect 2	1697635612514	1697635612583	OK	 
GROUP	XUI_010_Homepage	1697635609935	1697635614908	4880	OK
REQUEST	XUI_020_Login	XUI_020_005_Login	1697635614911	1697635616172	OK	 
REQUEST	XUI_020_Login	XUI_020_005_Login Redirect 1	1697635616173	1697635617607	OK	 
REQUEST	XUI_020_Login	XUI_020_005_Login Redirect 2	1697635617612	1697635617696	OK	 
REQUEST	XUI_020_Login	XUI_Common_000_ConfigurationUI	1697635618124	1697635618172	OK	 
REQUEST	XUI_020_Login	XUI_Common_000_ConfigJson	1697635618172	1697635618185	OK	 
REQUEST	XUI_020_Login	XUI_Common_000_TsAndCs	1697635618186	1697635618252	OK	 
REQUEST	XUI_020_Login	XUI_Common_000_ConfigUI	1697635618253	1697635619148	OK	 
REQUEST	XUI_020_Login	XUI_Common_000_UserDetails	1697635619149	1697635619758	OK	 
REQUEST	XUI_020_Login	XUI_Common_000_IsAuthenticated	1697635619759	1697635620472	OK	 
REQUEST	XUI_020_Login	XUI_Common_000_MonitoringTools	1697635620473	1697635620532	OK	 
GROUP	XUI_020_Login	1697635614908	1697635620552	5605	OK
REQUEST	XUI_PRL_030_CreateCaseStart	XUI_PRL_030_005_CreateCaseStart	1697635620556	1697635622218	OK	 
GROUP	XUI_PRL_030_CreateCaseStart	1697635620554	1697635622224	1662	OK
REQUEST	XUI_PRL_031_Type_Of_Application	XUI_PRL_031_005_Type_Of_Application	1697635622226	1697635622929	OK	 
GROUP	XUI_PRL_031_Type_Of_Application	1697635622224	1697635622930	703	OK
REQUEST	XUI_PRL_032_ApplicationCheckYourAnswers	XUI_PRL_032_005_ApplicationCheckYourAnswers	1697635622931	1697635630999	OK	 
GROUP	XUI_PRL_032_ApplicationCheckYourAnswers	1697635622930	1697635631009	8068	OK
REQUEST	XUI_PRL_033_ApplicationDetails	XUI_PRL_033_005_ApplicationDetails	1697635631009	1697635632164	OK	 
GROUP	XUI_PRL_033_ApplicationDetails	1697635631009	1697635632197	1155	OK
REQUEST	XUI_PRL_034_EnterApplicationDetails	XUI_PRL_034_005_EnterApplicationDetails	1697635632198	1697635633069	OK	 
GROUP	XUI_PRL_034_EnterApplicationDetails	1697635632197	1697635633071	871	OK
REQUEST	XUI_PRL_035_SubmitApplicationDetails	XUI_PRL_035_005_SubmitApplicationDetails	1697635633072	1697635638899	OK	 
GROUP	XUI_PRL_035_SubmitApplicationDetails	1697635633071	1697635638900	5827	OK
REQUEST	XUI_PRL_036_SubmitAndPay	XUI_PRL_036_005_SubmitAndPay	1697635638900	1697635652525	OK	 
GROUP	XUI_PRL_036_SubmitAndPay	1697635638900	1697635652539	13625	OK
REQUEST	XUI_PRL_037_ConfidentialityStatement	XUI_PRL_037_005_ConfidentialityStatement	1697635652539	1697635653100	OK	 
GROUP	XUI_PRL_037_ConfidentialityStatement	1697635652539	1697635653102	561	OK
REQUEST	XUI_PRL_038_Declaration	XUI_PRL_038_005_Declaration	1697635653103	1697635653631	OK	 
GROUP	XUI_PRL_038_Declaration	1697635653102	1697635653632	528	OK
REQUEST	XUI_PRL_039_Continue	XUI_PRL_039_005_Continue	1697635653633	1697635654368	OK	 
GROUP	XUI_PRL_039_Continue	1697635653632	1697635654368	735	OK
REQUEST	XUI_PRL_040_Continue	XUI_PRL_039_005_Continue	1697635654369	1697635669099	OK	 
GROUP	XUI_PRL_040_Continue	1697635654368	1697635669103	14730	OK
REQUEST	XUI_PRL_042_DummyPaymentConfirmation 	XUI_PRL_040_005_DummyPaymentConfirmation 	1697635669105	1697635671579	OK	 
GROUP	XUI_PRL_042_DummyPaymentConfirmation 	1697635669104	1697635671579	2474	OK
REQUEST	XUI_PRL_041_PaymentOption	XUI_PRL_041_005_PaymentOption	1697635671580	1697635673005	KO	headerRegex((location,\/card_details\/(.{26}))).find.exists, found nothing
GROUP	XUI_PRL_041_PaymentOption	1697635671579	1697635673018	1425	KO
USER	***** Private Law Create Case *****	END	1697635673022
