ASSERTION	AAECAAIFAAAAAAAAAFlA
RUN	simulations.PRL_Simulation	prl-simulation	1706634022537	 	3.9.5
USER	***** PRL Citizen Journey *****	START	1706634022986
REQUEST	XUI_010_Homepage	XUI_010_005_Homepage	1706634022996	1706634023086	OK	 
REQUEST	XUI_010_Homepage	XUI_Common_000_ConfigurationUI	1706634024241	1706634024264	OK	 
REQUEST	XUI_010_Homepage	XUI_Common_000_ConfigJson	1706634024265	1706634024289	OK	 
REQUEST	XUI_010_Homepage	XUI_Common_000_TsAndCs	1706634024289	1706634024321	OK	 
REQUEST	XUI_010_Homepage	XUI_Common_000_ConfigUI	1706634024322	1706634024346	OK	 
REQUEST	XUI_010_Homepage	XUI_Common_000_UserDetails	1706634024347	1706634024375	OK	 
REQUEST	XUI_010_Homepage	XUI_Common_000_IsAuthenticated	1706634024375	1706634024397	OK	 
REQUEST	XUI_010_Homepage	XUI_010_010_AuthLogin	1706634024399	1706634024421	OK	 
REQUEST	XUI_010_Homepage	XUI_010_010_AuthLogin Redirect 1	1706634024424	1706634024503	OK	 
REQUEST	XUI_010_Homepage	XUI_010_010_AuthLogin Redirect 2	1706634024507	1706634024576	OK	 
GROUP	XUI_010_Homepage	1706634022987	1706634024789	1702	OK
REQUEST	XUI_020_Login	XUI_020_005_Login	1706634024794	1706634024929	OK	 
REQUEST	XUI_020_Login	XUI_020_005_Login Redirect 1	1706634024930	1706634025481	OK	 
REQUEST	XUI_020_Login	XUI_020_005_Login Redirect 2	1706634025490	1706634025515	OK	 
REQUEST	XUI_020_Login	XUI_Common_000_ConfigurationUI	1706634026556	1706634026581	OK	 
REQUEST	XUI_020_Login	XUI_Common_000_ConfigJson	1706634026583	1706634026606	OK	 
REQUEST	XUI_020_Login	XUI_Common_000_TsAndCs	1706634026610	1706634026634	OK	 
REQUEST	XUI_020_Login	XUI_Common_000_ConfigUI	1706634026636	1706634026659	OK	 
REQUEST	XUI_020_Login	XUI_Common_000_UserDetails	1706634026661	1706634026972	OK	 
REQUEST	XUI_020_Login	XUI_Common_000_IsAuthenticated	1706634026973	1706634027018	OK	 
REQUEST	XUI_020_Login	XUI_Common_000_MonitoringTools	1706634027019	1706634027069	OK	 
GROUP	XUI_020_Login	1706634024789	1706634027092	2243	OK
REQUEST	XUI_010_Homepage	XUI_010_005_Homepage	1706634027094	1706634027122	OK	 
REQUEST	XUI_010_Homepage	XUI_Common_000_ConfigurationUI	1706634028142	1706634028179	OK	 
REQUEST	XUI_010_Homepage	XUI_Common_000_ConfigJson	1706634028180	1706634028199	OK	 
REQUEST	XUI_010_Homepage	XUI_Common_000_TsAndCs	1706634028199	1706634028226	OK	 
REQUEST	XUI_010_Homepage	XUI_Common_000_ConfigUI	1706634028227	1706634028351	OK	 
REQUEST	XUI_010_Homepage	XUI_Common_000_UserDetails	1706634028352	1706634028377	OK	 
REQUEST	XUI_010_Homepage	XUI_Common_000_IsAuthenticated	1706634028378	1706634028405	OK	 
REQUEST	XUI_010_Homepage	XUI_010_010_AuthLogin	1706634028406	1706634028430	OK	 
REQUEST	XUI_010_Homepage	XUI_010_010_AuthLogin Redirect 1	1706634028431	1706634028482	OK	 
REQUEST	XUI_010_Homepage	XUI_010_010_AuthLogin Redirect 2	1706634028484	1706634028550	OK	 
GROUP	XUI_010_Homepage	1706634027094	1706634028703	1579	OK
REQUEST	XUI_020_Login	XUI_020_005_Login	1706634028704	1706634028812	OK	 
REQUEST	XUI_020_Login	XUI_020_005_Login Redirect 1	1706634028814	1706634029473	OK	 
REQUEST	XUI_020_Login	XUI_020_005_Login Redirect 2	1706634029475	1706634029499	OK	 
REQUEST	XUI_020_Login	XUI_Common_000_ConfigurationUI	1706634030540	1706634030565	OK	 
REQUEST	XUI_020_Login	XUI_Common_000_ConfigJson	1706634030566	1706634030593	OK	 
REQUEST	XUI_020_Login	XUI_Common_000_TsAndCs	1706634030594	1706634030619	OK	 
REQUEST	XUI_020_Login	XUI_Common_000_ConfigUI	1706634030620	1706634030661	OK	 
REQUEST	XUI_020_Login	XUI_Common_000_UserDetails	1706634030663	1706634030713	OK	 
REQUEST	XUI_020_Login	XUI_Common_000_IsAuthenticated	1706634030715	1706634030739	OK	 
REQUEST	XUI_020_Login	XUI_Common_000_MonitoringTools	1706634030740	1706634030772	OK	 
GROUP	XUI_020_Login	1706634028703	1706634030774	2055	OK
REQUEST	XUI_PRL_030_TaskTab	XUI_PRL_030_005_SelectIssue	1706634030776	1706634031135	OK	 
GROUP	XUI_PRL_030_TaskTab	1706634030775	1706634031144	359	OK
REQUEST	XUI_PRL_031_AssignToMe	XUI_PRL_031_005_AssignToMe	1706634031147	1706634031311	OK	 
GROUP	XUI_PRL_031_AssignToMe	1706634031144	1706634031311	164	OK
REQUEST	XUI_PRL_040_SelectCase	XUI_PRL_040_005_SelectIssue	1706634031315	1706634032547	OK	 
REQUEST	XUI_PRL_040_SelectCase	XUI_Common_000_UserDetails	1706634032562	1706634032587	OK	 
GROUP	XUI_PRL_040_SelectCase	1706634031311	1706634032590	1257	OK
REQUEST	XUI_PRL_050_LocalCourt	XUI_PRL_050_005_LocalCourt	1706634032591	1706634032742	OK	 
REQUEST	XUI_PRL_050_LocalCourt	XUI_Common_000_UserDetails	1706634032745	1706634032771	OK	 
GROUP	XUI_PRL_050_LocalCourt	1706634032590	1706634032775	177	OK
REQUEST	XUI_PRL_060_LocalCourtSubmit	XUI_PRL_060_005_LocalCourtSubmit	1706634032776	1706634046169	OK	 
REQUEST	XUI_PRL_060_LocalCourtSubmit	XUI_Common_000_UserDetails	1706634046179	1706634046203	OK	 
GROUP	XUI_PRL_060_LocalCourtSubmit	1706634032775	1706634046204	13417	OK
REQUEST	XUI_PRL_070_SendToGateKeeper	XUI_PRL_070_005_SendToGateKeeper	1706634046205	1706634047811	OK	 
REQUEST	XUI_PRL_070_SendToGateKeeper	XUI_Common_000_UserDetails	1706634047829	1706634047885	OK	 
GROUP	XUI_PRL_070_SendToGateKeeper	1706634046204	1706634047885	1662	OK
REQUEST	XUI_PRL_080_AddGateKeeper	XUI_PRL_080_005_AddGateKeeper	1706634047886	1706634048022	OK	 
GROUP	XUI_PRL_080_AddGateKeeper	1706634047885	1706634048022	136	OK
REQUEST	XUI_PRL_090_GateKeeperSubmit	XUI_PRL_090_005_GateKeeperSubmit	1706634048023	1706634048905	OK	 
GROUP	XUI_PRL_090_GateKeeperSubmit	1706634048022	1706634048906	882	OK
REQUEST	XUI_PRL_180_ServiceOfApplication	XUI_PRL_180_005_ServiceOfApplication	1706634048907	1706634049592	OK	 
REQUEST	XUI_PRL_180_ServiceOfApplication	XUI_Common_000_UserDetails	1706634049604	1706634049639	OK	 
GROUP	XUI_PRL_180_ServiceOfApplication	1706634048907	1706634049639	720	OK
REQUEST	XUI_PRL_190_PD36QUpload	XUI_PRL_190_005_PD36QUpload	1706634049646	1706634049958	OK	 
GROUP	XUI_PRL_190_PD36QUpload	1706634049639	1706634049959	312	OK
REQUEST	XUI_PRL_200_SpecialArrangementsUpload	XUI_PRL_200_005_SpecialArrangementsUpload	1706634049959	1706634050256	OK	 
GROUP	XUI_PRL_200_SpecialArrangementsUpload	1706634049959	1706634050260	297	OK
REQUEST	XUI_PRL_210_AdditionalDocumentsUpload	XUI_PRL_210_005_AdditionalDocumentsUpload	1706634050262	1706634050570	OK	 
GROUP	XUI_PRL_210_AdditionalDocumentsUpload	1706634050261	1706634050574	308	OK
REQUEST	XUI_PRL_220_DocumentUpload	XUI_PRL_220_005_DocumentUpload	1706634050576	1706634050763	OK	 
GROUP	XUI_PRL_220_DocumentUpload	1706634050574	1706634050765	187	OK
REQUEST	XUI_PRL_230_PersonallyServed	XUI_PRL_230_005_PersonallyServed	1706634050766	1706634051335	OK	 
GROUP	XUI_PRL_230_PersonallyServed	1706634050765	1706634051339	569	OK
USER	***** PRL Citizen Journey *****	END	1706634051345
