ASSERTION	AAECAAIFAAAAAAAAAFlA
RUN	simulations.PRL_Simulation	prl-simulation	1704804782468	 	3.9.5
USER	***** PRL Citizen Journey *****	START	1704804783268
REQUEST	XUI_010_Homepage	XUI_010_005_Homepage	1704804783288	1704804783700	OK	 
REQUEST	XUI_010_Homepage	XUI_Common_000_ConfigurationUI	1704804787256	1704804787375	OK	 
REQUEST	XUI_010_Homepage	XUI_Common_000_ConfigJson	1704804787383	1704804787462	OK	 
REQUEST	XUI_010_Homepage	XUI_Common_000_TsAndCs	1704804787465	1704804787538	OK	 
REQUEST	XUI_010_Homepage	XUI_Common_000_ConfigUI	1704804787539	1704804787645	OK	 
REQUEST	XUI_010_Homepage	XUI_Common_000_UserDetails	1704804787647	1704804787717	OK	 
REQUEST	XUI_010_Homepage	XUI_Common_000_IsAuthenticated	1704804787718	1704804787837	OK	 
REQUEST	XUI_010_Homepage	XUI_010_010_AuthLogin	1704804787840	1704804787927	OK	 
REQUEST	XUI_010_Homepage	XUI_010_010_AuthLogin Redirect 1	1704804787932	1704804789366	OK	 
REQUEST	XUI_010_Homepage	XUI_010_010_AuthLogin Redirect 2	1704804789368	1704804789627	OK	 
GROUP	XUI_010_Homepage	1704804783273	1704804790225	6816	OK
REQUEST	XUI_020_Login	XUI_020_005_Login	1704804790232	1704804790482	OK	 
REQUEST	XUI_020_Login	XUI_020_005_Login Redirect 1	1704804790483	1704804791303	OK	 
REQUEST	XUI_020_Login	XUI_020_005_Login Redirect 2	1704804791307	1704804791390	OK	 
REQUEST	XUI_020_Login	XUI_Common_000_ConfigurationUI	1704804794692	1704804794806	OK	 
REQUEST	XUI_020_Login	XUI_Common_000_ConfigJson	1704804794808	1704804794891	OK	 
REQUEST	XUI_020_Login	XUI_Common_000_TsAndCs	1704804794892	1704804794994	OK	 
REQUEST	XUI_020_Login	XUI_Common_000_ConfigUI	1704804794995	1704804795090	OK	 
REQUEST	XUI_020_Login	XUI_Common_000_UserDetails	1704804795092	1704804795786	OK	 
REQUEST	XUI_020_Login	XUI_Common_000_IsAuthenticated	1704804795788	1704804795895	OK	 
REQUEST	XUI_020_Login	XUI_Common_000_MonitoringTools	1704804795896	1704804796006	OK	 
GROUP	XUI_020_Login	1704804790226	1704804796065	5753	OK
REQUEST	XUI_PRL_030_CreateCaseStart	XUI_PRL_030_005_CreateCaseStart	1704804796069	1704804797872	OK	 
GROUP	XUI_PRL_030_CreateCaseStart	1704804796067	1704804797896	1803	OK
REQUEST	XUI_PRL_031_Type_Of_Application	XUI_PRL_031_005_Type_Of_Application	1704804797898	1704804798816	OK	 
GROUP	XUI_PRL_031_Type_Of_Application	1704804797896	1704804798817	918	OK
REQUEST	XUI_PRL_032_ApplicationCheckYourAnswers	XUI_PRL_032_005_ApplicationCheckYourAnswers	1704804798818	1704804815293	OK	 
GROUP	XUI_PRL_032_ApplicationCheckYourAnswers	1704804798817	1704804815321	16475	OK
REQUEST	XUI_PRL_033_ApplicationDetails	XUI_PRL_033_005_ApplicationDetails	1704804815321	1704804816859	OK	 
GROUP	XUI_PRL_033_ApplicationDetails	1704804815321	1704804816906	1538	OK
REQUEST	XUI_PRL_034_EnterApplicationDetails	XUI_PRL_034_005_EnterApplicationDetails	1704804816906	1704804818111	OK	 
GROUP	XUI_PRL_034_EnterApplicationDetails	1704804816906	1704804818113	1205	OK
REQUEST	XUI_PRL_035_SubmitApplicationDetails	XUI_PRL_035_005_SubmitApplicationDetails	1704804818116	1704804826816	OK	 
GROUP	XUI_PRL_035_SubmitApplicationDetails	1704804818113	1704804826818	8700	OK
REQUEST	XUI_PRL_036_SubmitAndPay	XUI_PRL_036_005_SubmitAndPay	1704804826820	1704804836277	OK	 
GROUP	XUI_PRL_036_SubmitAndPay	1704804826818	1704804836301	9457	OK
REQUEST	XUI_PRL_037_ConfidentialityStatement	XUI_PRL_037_005_ConfidentialityStatement	1704804836302	1704804837086	OK	 
GROUP	XUI_PRL_037_ConfidentialityStatement	1704804836301	1704804837087	784	OK
REQUEST	XUI_PRL_038_Declaration	XUI_PRL_038_005_Declaration	1704804837088	1704804838101	OK	 
GROUP	XUI_PRL_038_Declaration	1704804837087	1704804838102	1013	OK
REQUEST	XUI_PRL_039_Continue	XUI_PRL_039_005_Continue	1704804838103	1704804839005	OK	 
GROUP	XUI_PRL_039_Continue	1704804838102	1704804839008	902	OK
REQUEST	XUI_PRL_040_Continue	XUI_PRL_039_005_Continue	1704804839015	1704804849411	OK	 
GROUP	XUI_PRL_040_Continue	1704804839008	1704804849417	10396	OK
REQUEST	XUI_PRL_041_DummyPaymentConfirmation 	XUI_PRL_041_005_DummyPaymentConfirmation 	1704804849418	1704804851428	OK	 
GROUP	XUI_PRL_041_DummyPaymentConfirmation 	1704804849417	1704804851430	2010	OK
REQUEST	XUI_PRL_042_PaymentOption	XUI_PRL_042_005_PaymentOption	1704804851431	1704804852513	OK	 
GROUP	XUI_PRL_042_PaymentOption	1704804851430	1704804852516	1082	OK
REQUEST	XUI_PRL_043_PaymentOption	XUI_PRL_043_005_PaymentOption	1704804852516	1704804852908	OK	 
REQUEST	XUI_PRL_043_PaymentOption	XUI_PRL_043_005_PaymentOption Redirect 1	1704804852909	1704804853151	OK	 
GROUP	XUI_PRL_043_PaymentOption	1704804852516	1704804853921	1391	OK
REQUEST	XUI_PRL_044_CardDetails	XUI_PRL_044_005_CardDetails	1704804853923	1704804854111	OK	 
REQUEST	XUI_PRL_044_CardDetails	XUI_PRL_044_005_CardDetails Redirect 1	1704804854112	1704804854218	OK	 
GROUP	XUI_PRL_044_CardDetails	1704804853922	1704804854238	295	OK
REQUEST	XUI_PRL_045_ConfirmPayment	XUI_PRL_045_005_ConfirmPayment	1704804854240	1704804854379	OK	 
REQUEST	XUI_PRL_045_ConfirmPayment	XUI_PRL_045_005_ConfirmPayment Redirect 1	1704804854380	1704804854473	OK	 
REQUEST	XUI_PRL_045_ConfirmPayment	XUI_PRL_045_005_ConfirmPayment Redirect 2	1704804854487	1704804857118	OK	 
GROUP	XUI_PRL_045_ConfirmPayment	1704804854240	1704804857596	3333	OK
REQUEST	XUI_020_Login	XUI_020_005_Login	1704804857596	1704804859236	KO	status.find.in([200, 209], 304), found 403
GROUP	XUI_020_Login	1704804857596	1704804859253	1640	KO
USER	***** PRL Citizen Journey *****	END	1704804859260
