ASSERTION	AAECAAIFAAAAAAAAAFlA
RUN	simulations.PRL_Simulation	prl-simulation	1706621704738	 	3.9.5
USER	***** PRL Citizen Journey *****	START	1706621705216
REQUEST	XUI_010_Homepage	XUI_010_005_Homepage	1706621705223	1706621705306	OK	 
REQUEST	XUI_010_Homepage	XUI_Common_000_ConfigurationUI	1706621706390	1706621706416	OK	 
REQUEST	XUI_010_Homepage	XUI_Common_000_ConfigJson	1706621706417	1706621706445	OK	 
REQUEST	XUI_010_Homepage	XUI_Common_000_TsAndCs	1706621706445	1706621706475	OK	 
REQUEST	XUI_010_Homepage	XUI_Common_000_ConfigUI	1706621706475	1706621706502	OK	 
REQUEST	XUI_010_Homepage	XUI_Common_000_UserDetails	1706621706502	1706621706527	OK	 
REQUEST	XUI_010_Homepage	XUI_Common_000_IsAuthenticated	1706621706528	1706621706564	OK	 
REQUEST	XUI_010_Homepage	XUI_010_010_AuthLogin	1706621706567	1706621706596	OK	 
REQUEST	XUI_010_Homepage	XUI_010_010_AuthLogin Redirect 1	1706621706599	1706621706672	OK	 
REQUEST	XUI_010_Homepage	XUI_010_010_AuthLogin Redirect 2	1706621706674	1706621706719	OK	 
GROUP	XUI_010_Homepage	1706621705217	1706621706964	1646	OK
REQUEST	XUI_020_Login	XUI_020_005_Login	1706621706967	1706621707081	OK	 
REQUEST	XUI_020_Login	XUI_020_005_Login Redirect 1	1706621707082	1706621707913	OK	 
REQUEST	XUI_020_Login	XUI_020_005_Login Redirect 2	1706621707919	1706621707967	OK	 
REQUEST	XUI_020_Login	XUI_Common_000_ConfigurationUI	1706621709083	1706621709111	OK	 
REQUEST	XUI_020_Login	XUI_Common_000_ConfigJson	1706621709114	1706621709149	OK	 
REQUEST	XUI_020_Login	XUI_Common_000_TsAndCs	1706621709150	1706621709182	OK	 
REQUEST	XUI_020_Login	XUI_Common_000_ConfigUI	1706621709184	1706621709218	OK	 
REQUEST	XUI_020_Login	XUI_Common_000_UserDetails	1706621709220	1706621709833	OK	 
REQUEST	XUI_020_Login	XUI_Common_000_IsAuthenticated	1706621709833	1706621709887	OK	 
REQUEST	XUI_020_Login	XUI_Common_000_MonitoringTools	1706621709888	1706621709941	OK	 
GROUP	XUI_020_Login	1706621706964	1706621709958	2954	OK
REQUEST	XUI_010_Homepage	XUI_010_005_Homepage	1706621709959	1706621709983	OK	 
REQUEST	XUI_010_Homepage	XUI_Common_000_ConfigurationUI	1706621711549	1706621711578	OK	 
REQUEST	XUI_010_Homepage	XUI_Common_000_ConfigJson	1706621711579	1706621711608	OK	 
REQUEST	XUI_010_Homepage	XUI_Common_000_TsAndCs	1706621711610	1706621711638	OK	 
REQUEST	XUI_010_Homepage	XUI_Common_000_ConfigUI	1706621711640	1706621711670	OK	 
REQUEST	XUI_010_Homepage	XUI_Common_000_UserDetails	1706621711673	1706621711698	OK	 
REQUEST	XUI_010_Homepage	XUI_Common_000_IsAuthenticated	1706621711700	1706621711729	OK	 
REQUEST	XUI_010_Homepage	XUI_010_010_AuthLogin	1706621711732	1706621711767	OK	 
REQUEST	XUI_010_Homepage	XUI_010_010_AuthLogin Redirect 1	1706621711769	1706621711806	OK	 
REQUEST	XUI_010_Homepage	XUI_010_010_AuthLogin Redirect 2	1706621711808	1706621711854	OK	 
GROUP	XUI_010_Homepage	1706621709959	1706621711999	2013	OK
REQUEST	XUI_020_Login	XUI_020_005_Login	1706621712000	1706621712102	OK	 
REQUEST	XUI_020_Login	XUI_020_005_Login Redirect 1	1706621712104	1706621712724	OK	 
REQUEST	XUI_020_Login	XUI_020_005_Login Redirect 2	1706621712727	1706621712755	OK	 
REQUEST	XUI_020_Login	XUI_Common_000_ConfigurationUI	1706621713898	1706621713927	OK	 
REQUEST	XUI_020_Login	XUI_Common_000_ConfigJson	1706621713930	1706621713957	OK	 
REQUEST	XUI_020_Login	XUI_Common_000_TsAndCs	1706621713961	1706621713990	OK	 
REQUEST	XUI_020_Login	XUI_Common_000_ConfigUI	1706621713992	1706621714023	OK	 
REQUEST	XUI_020_Login	XUI_Common_000_UserDetails	1706621714026	1706621714569	OK	 
REQUEST	XUI_020_Login	XUI_Common_000_IsAuthenticated	1706621714572	1706621714607	OK	 
REQUEST	XUI_020_Login	XUI_Common_000_MonitoringTools	1706621714609	1706621714643	OK	 
GROUP	XUI_020_Login	1706621711999	1706621714645	2618	OK
REQUEST	XUI_PRL_030_TaskTab	XUI_PRL_030_005_SelectIssue	1706621714647	1706621715899	OK	 
GROUP	XUI_PRL_030_TaskTab	1706621714646	1706621715915	1252	OK
REQUEST	XUI_PRL_031_AssignToMe	XUI_PRL_031_005_AssignToMe	1706621715918	1706621717638	OK	 
GROUP	XUI_PRL_031_AssignToMe	1706621715915	1706621717640	1720	OK
REQUEST	XUI_PRL_040_SelectCase	XUI_PRL_040_005_SelectIssue	1706621717648	1706621722147	OK	 
REQUEST	XUI_PRL_040_SelectCase	XUI_Common_000_UserDetails	1706621722158	1706621722192	OK	 
GROUP	XUI_PRL_040_SelectCase	1706621717641	1706621722193	4533	OK
REQUEST	XUI_PRL_050_LocalCourt	XUI_PRL_050_005_LocalCourt	1706621722194	1706621723270	OK	 
REQUEST	XUI_PRL_050_LocalCourt	XUI_Common_000_UserDetails	1706621723275	1706621723309	OK	 
GROUP	XUI_PRL_050_LocalCourt	1706621722193	1706621723310	1110	OK
REQUEST	XUI_PRL_060_LocalCourtSubmit	XUI_PRL_060_005_LocalCourtSubmit	1706621723311	1706621751145	OK	 
REQUEST	XUI_PRL_060_LocalCourtSubmit	XUI_Common_000_UserDetails	1706621751150	1706621751197	OK	 
GROUP	XUI_PRL_060_LocalCourtSubmit	1706621723310	1706621751198	27881	OK
REQUEST	XUI_PRL_070_SendToGateKeeper	XUI_PRL_070_005_SendToGateKeeper	1706621751198	1706621754505	OK	 
REQUEST	XUI_PRL_070_SendToGateKeeper	XUI_Common_000_UserDetails	1706621754516	1706621754544	OK	 
GROUP	XUI_PRL_070_SendToGateKeeper	1706621751198	1706621754544	3335	OK
REQUEST	XUI_PRL_080_AddGateKeeper	XUI_PRL_080_005_AddGateKeeper	1706621754545	1706621755732	OK	 
GROUP	XUI_PRL_080_AddGateKeeper	1706621754544	1706621755734	1187	OK
REQUEST	XUI_PRL_090_GateKeeperSubmit	XUI_PRL_090_005_GateKeeperSubmit	1706621755735	1706621757686	OK	 
GROUP	XUI_PRL_090_GateKeeperSubmit	1706621755734	1706621757689	1951	OK
REQUEST	XUI_PRL_180_ServiceOfApplication	XUI_PRL_180_005_ServiceOfApplication	1706621757689	1706621758888	OK	 
REQUEST	XUI_PRL_180_ServiceOfApplication	XUI_Common_000_UserDetails	1706621758898	1706621758929	OK	 
GROUP	XUI_PRL_180_ServiceOfApplication	1706621757689	1706621758929	1230	OK
REQUEST	XUI_PRL_190_PD36QUpload	XUI_PRL_190_005_PD36QUpload	1706621758938	1706621760135	OK	 
GROUP	XUI_PRL_190_PD36QUpload	1706621758929	1706621760142	1197	OK
REQUEST	XUI_PRL_200_SpecialArrangementsUpload	XUI_PRL_200_005_SpecialArrangementsUpload	1706621760145	1706621760473	OK	 
GROUP	XUI_PRL_200_SpecialArrangementsUpload	1706621760143	1706621760475	328	OK
REQUEST	XUI_PRL_210_AdditionalDocumentsUpload	XUI_PRL_210_005_AdditionalDocumentsUpload	1706621760476	1706621761201	OK	 
GROUP	XUI_PRL_210_AdditionalDocumentsUpload	1706621760475	1706621761204	725	OK
REQUEST	XUI_PRL_220_DocumentUpload	XUI_PRL_220_005_DocumentUpload	1706621761205	1706621761838	OK	 
GROUP	XUI_PRL_220_DocumentUpload	1706621761204	1706621761839	633	OK
REQUEST	XUI_PRL_230_PersonallyServed	XUI_PRL_230_005_PersonallyServed	1706621761839	1706621762799	OK	 
GROUP	XUI_PRL_230_PersonallyServed	1706621761839	1706621762801	960	OK
REQUEST	XUI_PRL_240_ServiceSubmit	XUI_PRL_240_005_ServiceSubmit	1706621762803	1706621767636	OK	 
GROUP	XUI_PRL_240_ServiceSubmit	1706621762801	1706621767641	4833	OK
USER	***** PRL Citizen Journey *****	END	1706621767646
