ASSERTION	AAECAAMFAAAAAAAAAFlA
RUN	simulations.XUI_Simulation	xui-simulation	1670500906175	 	3.3.1
USER	***** Private Law Create Case *****	1	START	1670500907076	1670500907076
REQUEST	1	PRL_CitizenC100_010_PRLHome	PRL_CitizenC100_010_005_PRLHome	1670500907115	1670500907261	OK	 
REQUEST	1	PRL_CitizenC100_010_PRLHome	PRL_CitizenC100_010_005_PRLHome Redirect 1	1670500907279	1670500907350	OK	 
REQUEST	1	PRL_CitizenC100_010_PRLHome	PRL_CitizenC100_010_005_PRLHome Redirect 2	1670500907352	1670500907446	OK	 
GROUP	1	PRL_CitizenC100_010_PRLHome	1670500907084	1670500907768	506	OK
REQUEST	1	PRL_CitizenC100_020_Login	PRL_CitizenC100_020_005_Login	1670500907773	1670500907880	OK	 
REQUEST	1	PRL_CitizenC100_020_Login	PRL_CitizenC100_020_005_Login Redirect 1	1670500907882	1670500908289	OK	 
REQUEST	1	PRL_CitizenC100_020_Login	PRL_CitizenC100_020_005_Login Redirect 2	1670500908291	1670500909677	OK	 
GROUP	1	PRL_CitizenC100_020_Login	1670500907769	1670500909874	2067	OK
REQUEST	1	PRL_CitizenC100_030_StartApplication	PRL_CitizenC100_030_005_StartApplication	1670500909875	1670500909977	OK	 
GROUP	1	PRL_CitizenC100_030_StartApplication	1670500909874	1670500910079	183	OK
REQUEST	1	PRL_CitizenC100_040_WhatYouWillNeed	PRL_CitizenC100_040_005_WhatYouWillNeed	1670500910080	1670500912741	OK	 
REQUEST	1	PRL_CitizenC100_040_WhatYouWillNeed	PRL_CitizenC100_040_005_WhatYouWillNeed Redirect 1	1670500912743	1670500912829	OK	 
GROUP	1	PRL_CitizenC100_040_WhatYouWillNeed	1670500910079	1670500912941	2836	OK
REQUEST	1	PRL_CitizenC100_050_CaseName	PRL_CitizenC100_050_005_CaseName	1670500912943	1670500913005	OK	 
REQUEST	1	PRL_CitizenC100_050_CaseName	PRL_CitizenC100_050_005_CaseName Redirect 1	1670500913007	1670500913093	OK	 
GROUP	1	PRL_CitizenC100_050_CaseName	1670500912942	1670500913169	217	OK
REQUEST	1	PRL_CitizenC100_060_ChildrenPostCode	PRL_CitizenC100_060_005_ChildrenPostCode	1670500913171	1670500913208	OK	 
REQUEST	1	PRL_CitizenC100_060_ChildrenPostCode	PRL_CitizenC100_060_005_ChildrenPostCode Redirect 1	1670500913209	1670500913303	OK	 
GROUP	1	PRL_CitizenC100_060_ChildrenPostCode	1670500913169	1670500913376	190	OK
REQUEST	1	PRL_CitizenC100_070_WrittenAgreement	PRL_CitizenC100_070_005_WrittenAgreement	1670500913377	1670500913416	OK	 
REQUEST	1	PRL_CitizenC100_070_WrittenAgreement	PRL_CitizenC100_070_005_WrittenAgreement Redirect 1	1670500913416	1670500913473	OK	 
GROUP	1	PRL_CitizenC100_070_WrittenAgreement	1670500913376	1670500913537	155	OK
REQUEST	1	PRL_CitizenC100_080_BeforeCourt	PRL_CitizenC100_080_005_BeforeCourt	1670500913538	1670500913573	OK	 
REQUEST	1	PRL_CitizenC100_080_BeforeCourt	PRL_CitizenC100_080_005_BeforeCourt Redirect 1	1670500913574	1670500913647	OK	 
GROUP	1	PRL_CitizenC100_080_BeforeCourt	1670500913537	1670500913798	247	OK
REQUEST	1	PRL_CitizenC100_090_ReachAgreement	PRL_CitizenC100_090_005_ReachAgreement	1670500913799	1670500913836	OK	 
REQUEST	1	PRL_CitizenC100_090_ReachAgreement	PRL_CitizenC100_090_005_ReachAgreement Redirect 1	1670500913837	1670500913915	OK	 
GROUP	1	PRL_CitizenC100_090_ReachAgreement	1670500913798	1670500913993	187	OK
REQUEST	1	PRL_CitizenC100_100_LegalRep	PRL_CitizenC100_100_005_LegalRep	1670500913996	1670500914082	OK	 
REQUEST	1	PRL_CitizenC100_100_LegalRep	PRL_CitizenC100_100_005_LegalRep Redirect 1	1670500914083	1670500914140	OK	 
GROUP	1	PRL_CitizenC100_100_LegalRep	1670500913993	1670500914217	215	OK
REQUEST	1	PRL_CitizenC100_110_PermissionFromCourt	PRL_CitizenC100_110_005_PermissionFromCourt	1670500914219	1670500914265	OK	 
REQUEST	1	PRL_CitizenC100_110_PermissionFromCourt	PRL_CitizenC100_110_005_PermissionFromCourt Redirect 1	1670500914266	1670500914341	OK	 
GROUP	1	PRL_CitizenC100_110_PermissionFromCourt	1670500914217	1670500914426	201	OK
REQUEST	1	PRL_CitizenC100_120_WhyPermissionFromCourt	PRL_CitizenC100_120_005_WhyPermissionFromCourt	1670500914427	1670500914496	OK	 
REQUEST	1	PRL_CitizenC100_120_WhyPermissionFromCourt	PRL_CitizenC100_120_005_WhyPermissionFromCourt Redirect 1	1670500914497	1670500914559	OK	 
GROUP	1	PRL_CitizenC100_120_WhyPermissionFromCourt	1670500914426	1670500914624	193	OK
REQUEST	1	PRL_CitizenC100_130_WhyCourtShouldGrant	PRL_CitizenC100_130_005_WhyCourtShouldGrant	1670500914625	1670500914658	OK	 
REQUEST	1	PRL_CitizenC100_130_WhyCourtShouldGrant	PRL_CitizenC100_130_005_WhyCourtShouldGrant Redirect 1	1670500914660	1670500914741	OK	 
GROUP	1	PRL_CitizenC100_130_WhyCourtShouldGrant	1670500914624	1670500914843	214	OK
REQUEST	1	PRL_CitizenC100_140_InvolvedInEmergencyProtection	PRL_CitizenC100_140_005_InvolvedInEmergencyProtection	1670500914846	1670500914878	OK	 
REQUEST	1	PRL_CitizenC100_140_InvolvedInEmergencyProtection	PRL_CitizenC100_140_005_InvolvedInEmergencyProtection Redirect 1	1670500914880	1670500914990	OK	 
GROUP	1	PRL_CitizenC100_140_InvolvedInEmergencyProtection	1670500914844	1670500915056	201	OK
REQUEST	1	PRL_CitizenC100_150_AttendingMIAM	PRL_CitizenC100_150_005_AttendingMIAM	1670500915057	1670500915089	OK	 
REQUEST	1	PRL_CitizenC100_150_AttendingMIAM	PRL_CitizenC100_150_005_AttendingMIAM Redirect 1	1670500915090	1670500915164	OK	 
GROUP	1	PRL_CitizenC100_150_AttendingMIAM	1670500915056	1670500915241	177	OK
REQUEST	1	PRL_CitizenC100_160_AttendedMIAM	PRL_CitizenC100_160_005_AttendedMIAM	1670500915242	1670500915275	OK	 
REQUEST	1	PRL_CitizenC100_160_AttendedMIAM	PRL_CitizenC100_160_005_AttendedMIAM Redirect 1	1670500915277	1670500915350	OK	 
GROUP	1	PRL_CitizenC100_160_AttendedMIAM	1670500915241	1670500915415	168	OK
REQUEST	1	PRL_CitizenC100_170_DocumentSigned	PRL_CitizenC100_170_005_DocumentSigned	1670500915416	1670500915484	OK	 
REQUEST	1	PRL_CitizenC100_170_DocumentSigned	PRL_CitizenC100_170_005_DocumentSigned Redirect 1	1670500915485	1670500915598	OK	 
GROUP	1	PRL_CitizenC100_170_DocumentSigned	1670500915415	1670500915679	256	OK
REQUEST	1	PRL_CitizenC100_180_MIAMUpload	PRL_CitizenC100_180_005_MIAMUpload	1670500915680	1670500915737	KO	substring(applicant__miam_certificate).find.exists, found nothing
GROUP	1	PRL_CitizenC100_180_MIAMUpload	1670500915679	1670500915743	57	KO
USER	***** Private Law Create Case *****	1	END	1670500907076	1670500915760
