ASSERTION	AAECAAIFAAAAAAAAAFlA
RUN	simulations.PRL_Simulation	prl-simulation	1706784985574	 	3.9.5
USER	***** PRL Citizen Journey *****	START	1706784986328
REQUEST	XUI_010_Homepage	XUI_010_005_Homepage	1706784986337	1706784986435	OK	 
REQUEST	XUI_010_Homepage	XUI_Common_000_ConfigurationUI	1706784987551	1706784987575	OK	 
REQUEST	XUI_010_Homepage	XUI_Common_000_ConfigJson	1706784987577	1706784987605	OK	 
REQUEST	XUI_010_Homepage	XUI_Common_000_TsAndCs	1706784987606	1706784987632	OK	 
REQUEST	XUI_010_Homepage	XUI_Common_000_ConfigUI	1706784987632	1706784987666	OK	 
REQUEST	XUI_010_Homepage	XUI_Common_000_UserDetails	1706784987666	1706784987693	OK	 
REQUEST	XUI_010_Homepage	XUI_Common_000_IsAuthenticated	1706784987694	1706784987726	OK	 
REQUEST	XUI_010_Homepage	XUI_010_010_AuthLogin	1706784987729	1706784987756	OK	 
REQUEST	XUI_010_Homepage	XUI_010_010_AuthLogin Redirect 1	1706784987759	1706784987842	OK	 
REQUEST	XUI_010_Homepage	XUI_010_010_AuthLogin Redirect 2	1706784987843	1706784987915	OK	 
GROUP	XUI_010_Homepage	1706784986329	1706784988131	1709	OK
REQUEST	XUI_020_Login	XUI_020_005_Login	1706784988135	1706784988247	OK	 
REQUEST	XUI_020_Login	XUI_020_005_Login Redirect 1	1706784988248	1706784988804	OK	 
REQUEST	XUI_020_Login	XUI_020_005_Login Redirect 2	1706784988806	1706784988849	OK	 
REQUEST	XUI_020_Login	XUI_Common_000_ConfigurationUI	1706784989940	1706784989970	OK	 
REQUEST	XUI_020_Login	XUI_Common_000_ConfigJson	1706784989971	1706784989997	OK	 
REQUEST	XUI_020_Login	XUI_Common_000_TsAndCs	1706784989999	1706784990035	OK	 
REQUEST	XUI_020_Login	XUI_Common_000_ConfigUI	1706784990038	1706784990083	OK	 
REQUEST	XUI_020_Login	XUI_Common_000_UserDetails	1706784990086	1706784990647	OK	 
REQUEST	XUI_020_Login	XUI_Common_000_IsAuthenticated	1706784990649	1706784990737	OK	 
REQUEST	XUI_020_Login	XUI_Common_000_MonitoringTools	1706784990738	1706784990801	OK	 
GROUP	XUI_020_Login	1706784988131	1706784990823	2647	OK
REQUEST	XUI_010_Homepage	XUI_010_005_Homepage	1706784990825	1706784990861	OK	 
REQUEST	XUI_010_Homepage	XUI_Common_000_ConfigurationUI	1706784991936	1706784991966	OK	 
REQUEST	XUI_010_Homepage	XUI_Common_000_ConfigJson	1706784991967	1706784992008	OK	 
REQUEST	XUI_010_Homepage	XUI_Common_000_TsAndCs	1706784992010	1706784992037	OK	 
REQUEST	XUI_010_Homepage	XUI_Common_000_ConfigUI	1706784992039	1706784992065	OK	 
REQUEST	XUI_010_Homepage	XUI_Common_000_UserDetails	1706784992068	1706784992092	OK	 
REQUEST	XUI_010_Homepage	XUI_Common_000_IsAuthenticated	1706784992095	1706784992119	OK	 
REQUEST	XUI_010_Homepage	XUI_010_010_AuthLogin	1706784992121	1706784992152	OK	 
REQUEST	XUI_010_Homepage	XUI_010_010_AuthLogin Redirect 1	1706784992154	1706784992221	OK	 
REQUEST	XUI_010_Homepage	XUI_010_010_AuthLogin Redirect 2	1706784992222	1706784992288	OK	 
GROUP	XUI_010_Homepage	1706784990825	1706784992455	1602	OK
REQUEST	XUI_020_Login	XUI_020_005_Login	1706784992456	1706784992603	OK	 
REQUEST	XUI_020_Login	XUI_020_005_Login Redirect 1	1706784992606	1706784993114	OK	 
REQUEST	XUI_020_Login	XUI_020_005_Login Redirect 2	1706784993117	1706784993174	OK	 
REQUEST	XUI_020_Login	XUI_Common_000_ConfigurationUI	1706784994216	1706784994257	OK	 
REQUEST	XUI_020_Login	XUI_Common_000_ConfigJson	1706784994258	1706784994290	OK	 
REQUEST	XUI_020_Login	XUI_Common_000_TsAndCs	1706784994291	1706784994315	OK	 
REQUEST	XUI_020_Login	XUI_Common_000_ConfigUI	1706784994316	1706784994345	OK	 
REQUEST	XUI_020_Login	XUI_Common_000_UserDetails	1706784994346	1706784995198	OK	 
REQUEST	XUI_020_Login	XUI_Common_000_IsAuthenticated	1706784995202	1706784995235	OK	 
REQUEST	XUI_020_Login	XUI_Common_000_MonitoringTools	1706784995238	1706784995268	OK	 
GROUP	XUI_020_Login	1706784992456	1706784995270	2792	OK
REQUEST	XUI_PRL_030_TaskTab	XUI_PRL_030_005_SelectIssue	1706784995273	1706784996371	OK	 
GROUP	XUI_PRL_030_TaskTab	1706784995272	1706784996379	1098	OK
REQUEST	XUI_PRL_031_AssignToMe	XUI_PRL_031_005_AssignToMe	1706784996383	1706784997928	OK	 
GROUP	XUI_PRL_031_AssignToMe	1706784996380	1706784997929	1545	OK
REQUEST	XUI_PRL_040_SelectCase	XUI_PRL_040_005_SelectIssue	1706784997933	1706785000459	OK	 
REQUEST	XUI_PRL_040_SelectCase	XUI_Common_000_UserDetails	1706785000467	1706785000496	OK	 
GROUP	XUI_PRL_040_SelectCase	1706784997929	1706785000497	2555	OK
REQUEST	XUI_PRL_050_LocalCourt	XUI_PRL_050_005_LocalCourt	1706785000498	1706785002167	OK	 
REQUEST	XUI_PRL_050_LocalCourt	XUI_Common_000_UserDetails	1706785002171	1706785002201	OK	 
GROUP	XUI_PRL_050_LocalCourt	1706785000497	1706785002203	1699	OK
REQUEST	XUI_PRL_060_LocalCourtSubmit	XUI_PRL_060_005_LocalCourtSubmit	1706785002204	1706785024511	OK	 
REQUEST	XUI_PRL_060_LocalCourtSubmit	XUI_Common_000_UserDetails	1706785024515	1706785024543	OK	 
GROUP	XUI_PRL_060_LocalCourtSubmit	1706785002203	1706785024543	22335	OK
REQUEST	XUI_PRL_070_SendToGateKeeper	XUI_PRL_070_005_SendToGateKeeper	1706785024544	1706785028485	OK	 
REQUEST	XUI_PRL_070_SendToGateKeeper	XUI_Common_000_UserDetails	1706785028495	1706785028531	OK	 
GROUP	XUI_PRL_070_SendToGateKeeper	1706785024543	1706785028531	3977	OK
REQUEST	XUI_PRL_080_AddGateKeeper	XUI_PRL_080_005_AddGateKeeper	1706785028532	1706785029612	OK	 
GROUP	XUI_PRL_080_AddGateKeeper	1706785028531	1706785029614	1080	OK
REQUEST	XUI_PRL_090_GateKeeperSubmit	XUI_PRL_090_005_GateKeeperSubmit	1706785029615	1706785031809	OK	 
GROUP	XUI_PRL_090_GateKeeperSubmit	1706785029614	1706785031811	2194	OK
REQUEST	XUI_PRL_180_ServiceOfApplication	XUI_PRL_180_005_ServiceOfApplication	1706785031811	1706785033602	OK	 
REQUEST	XUI_PRL_180_ServiceOfApplication	XUI_Common_000_UserDetails	1706785033613	1706785033644	OK	 
GROUP	XUI_PRL_180_ServiceOfApplication	1706785031811	1706785033645	1822	OK
REQUEST	XUI_PRL_190_PD36QUpload	XUI_PRL_190_005_PD36QUpload	1706785033653	1706785034256	OK	 
GROUP	XUI_PRL_190_PD36QUpload	1706785033645	1706785034263	603	OK
REQUEST	XUI_PRL_200_SpecialArrangementsUpload	XUI_PRL_200_005_SpecialArrangementsUpload	1706785034264	1706785035037	OK	 
GROUP	XUI_PRL_200_SpecialArrangementsUpload	1706785034263	1706785035039	773	OK
REQUEST	XUI_PRL_210_AdditionalDocumentsUpload	XUI_PRL_210_005_AdditionalDocumentsUpload	1706785035041	1706785035622	OK	 
GROUP	XUI_PRL_210_AdditionalDocumentsUpload	1706785035039	1706785035660	581	OK
REQUEST	XUI_PRL_220_DocumentUpload	XUI_PRL_220_005_DocumentUpload	1706785035660	1706785036470	OK	 
GROUP	XUI_PRL_220_DocumentUpload	1706785035660	1706785036471	810	OK
REQUEST	XUI_PRL_230_PersonallyServed	XUI_PRL_230_005_PersonallyServed	1706785036472	1706785037393	OK	 
GROUP	XUI_PRL_230_PersonallyServed	1706785036471	1706785037394	921	OK
USER	***** PRL Citizen Journey *****	END	1706785037398
