ASSERTION	AAECAAIFAAAAAAAAAFlA
RUN	simulations.PRL_Simulation	prl-simulation	1704803596920	 	3.9.5
USER	***** PRL Citizen Journey *****	START	1704803598007
REQUEST	XUI_010_Homepage	XUI_010_005_Homepage	1704803598014	1704803598400	OK	 
REQUEST	XUI_010_Homepage	XUI_Common_000_ConfigurationUI	1704803602428	1704803602540	OK	 
REQUEST	XUI_010_Homepage	XUI_Common_000_ConfigJson	1704803602545	1704803602707	OK	 
REQUEST	XUI_010_Homepage	XUI_Common_000_TsAndCs	1704803602710	1704803602810	OK	 
REQUEST	XUI_010_Homepage	XUI_Common_000_ConfigUI	1704803602811	1704803602907	OK	 
REQUEST	XUI_010_Homepage	XUI_Common_000_UserDetails	1704803602909	1704803603020	OK	 
REQUEST	XUI_010_Homepage	XUI_Common_000_IsAuthenticated	1704803603024	1704803603118	OK	 
REQUEST	XUI_010_Homepage	XUI_010_010_AuthLogin	1704803603123	1704803603256	OK	 
REQUEST	XUI_010_Homepage	XUI_010_010_AuthLogin Redirect 1	1704803603262	1704803603570	OK	 
REQUEST	XUI_010_Homepage	XUI_010_010_AuthLogin Redirect 2	1704803603573	1704803603909	OK	 
GROUP	XUI_010_Homepage	1704803598008	1704803604928	6795	OK
REQUEST	XUI_020_Login	XUI_020_005_Login	1704803604938	1704803605097	OK	 
REQUEST	XUI_020_Login	XUI_020_005_Login Redirect 1	1704803605099	1704803605676	OK	 
REQUEST	XUI_020_Login	XUI_020_005_Login Redirect 2	1704803605681	1704803605781	OK	 
REQUEST	XUI_020_Login	XUI_Common_000_ConfigurationUI	1704803608038	1704803608162	OK	 
REQUEST	XUI_020_Login	XUI_Common_000_ConfigJson	1704803608165	1704803608323	OK	 
REQUEST	XUI_020_Login	XUI_Common_000_TsAndCs	1704803608325	1704803608457	OK	 
REQUEST	XUI_020_Login	XUI_Common_000_ConfigUI	1704803608460	1704803608556	OK	 
REQUEST	XUI_020_Login	XUI_Common_000_UserDetails	1704803608558	1704803609198	OK	 
REQUEST	XUI_020_Login	XUI_Common_000_IsAuthenticated	1704803609200	1704803609295	OK	 
REQUEST	XUI_020_Login	XUI_Common_000_MonitoringTools	1704803609296	1704803609396	OK	 
GROUP	XUI_020_Login	1704803604929	1704803609432	4432	OK
REQUEST	XUI_PRL_030_CreateCaseStart	XUI_PRL_030_005_CreateCaseStart	1704803609435	1704803611841	KO	status.find.in([200, 209], 304), found 404
GROUP	XUI_PRL_030_CreateCaseStart	1704803609433	1704803611860	2406	KO
USER	***** PRL Citizen Journey *****	END	1704803611863
