ASSERTION	AAECAAIFAAAAAAAAAFlA
RUN	simulations.PRL_Simulation	prl-simulation	1702988093697	 	3.9.5
USER	***** PRL Case Flags 2.1 Journey *****	START	1702988094254
REQUEST	XUI_010_Homepage	XUI_010_005_Homepage	1702988094263	1702988094444	OK	 
REQUEST	XUI_010_Homepage	XUI_Common_000_ConfigurationUI	1702988104184	1702988104461	OK	 
REQUEST	XUI_010_Homepage	XUI_Common_000_ConfigJson	1702988104463	1702988104491	OK	 
REQUEST	XUI_010_Homepage	XUI_Common_000_TsAndCs	1702988104493	1702988104661	OK	 
REQUEST	XUI_010_Homepage	XUI_Common_000_ConfigUI	1702988104662	1702988104812	OK	 
REQUEST	XUI_010_Homepage	XUI_Common_000_UserDetails	1702988104814	1702988104992	OK	 
REQUEST	XUI_010_Homepage	XUI_Common_000_IsAuthenticated	1702988104994	1702988105029	OK	 
REQUEST	XUI_010_Homepage	XUI_010_010_AuthLogin	1702988105033	1702988105132	OK	 
REQUEST	XUI_010_Homepage	XUI_010_010_AuthLogin Redirect 1	1702988105136	1702988105608	OK	 
REQUEST	XUI_010_Homepage	XUI_010_010_AuthLogin Redirect 2	1702988105610	1702988105759	OK	 
GROUP	XUI_010_Homepage	1702988094256	1702988107839	13485	OK
REQUEST	XUI_020_Login	XUI_020_005_Login	1702988107843	1702988108084	OK	 
REQUEST	XUI_020_Login	XUI_020_005_Login Redirect 1	1702988108085	1702988108915	OK	 
REQUEST	XUI_020_Login	XUI_020_005_Login Redirect 2	1702988108919	1702988108961	OK	 
REQUEST	XUI_020_Login	XUI_Common_000_ConfigurationUI	1702988118824	1702988118975	OK	 
REQUEST	XUI_020_Login	XUI_Common_000_ConfigJson	1702988118977	1702988119126	OK	 
REQUEST	XUI_020_Login	XUI_Common_000_TsAndCs	1702988119129	1702988119304	OK	 
REQUEST	XUI_020_Login	XUI_Common_000_ConfigUI	1702988119305	1702988119462	OK	 
REQUEST	XUI_020_Login	XUI_Common_000_UserDetails	1702988119464	1702988120177	OK	 
REQUEST	XUI_020_Login	XUI_Common_000_IsAuthenticated	1702988120179	1702988120460	OK	 
REQUEST	XUI_020_Login	XUI_Common_000_MonitoringTools	1702988120462	1702988120515	OK	 
GROUP	XUI_020_Login	1702988107839	1702988120542	12653	OK
GROUP	XUI_PRL_030_CreateCaseStart	1702988120545	1702988120548	0	OK
REQUEST	XUI_PRL_040_RequestSupport	XUI_PRL_040_005_RequestSupport	1702988120548	1702988121532	OK	 
REQUEST	XUI_PRL_040_RequestSupport	XUI_PRL_040_010_RequestSupport	1702988121534	1702988124243	OK	 
GROUP	XUI_PRL_040_RequestSupport	1702988120548	1702988124289	3693	OK
REQUEST	XUI_PRL_050_WhereFlagAdded	XUI_PRL_050_005_WhereFlagAdded	1702988124289	1702988124994	OK	 
REQUEST	XUI_PRL_050_WhereFlagAdded	XUI_PRL_050_010_WhereFlagAdded	1702988124995	1702988125893	OK	 
GROUP	XUI_PRL_050_WhereFlagAdded	1702988124289	1702988125894	1603	OK
REQUEST	XUI_PRL_070_RequestSupportSubmit	XUI_PRL_070_005_RequestSupportSubmit	1702988125899	1702988128342	OK	 
GROUP	XUI_PRL_070_RequestSupportSubmit	1702988125894	1702988128346	2443	OK
REQUEST	XUI_PRL_080_RequestSupport2	XUI_PRL_080_005_RequestSupport2	1702988128347	1702988128779	OK	 
REQUEST	XUI_PRL_080_RequestSupport2	XUI_PRL_080_010_RequestSupport2	1702988128782	1702988131095	OK	 
GROUP	XUI_PRL_080_RequestSupport2	1702988128346	1702988131122	2745	OK
REQUEST	XUI_PRL_090_WhereFlagAdded2	XUI_PRL_090_005_WhereFlagAdded2	1702988131123	1702988132194	OK	 
REQUEST	XUI_PRL_090_WhereFlagAdded2	XUI_PRL_090_010_WhereFlagAdded2	1702988132196	1702988133169	OK	 
GROUP	XUI_PRL_090_WhereFlagAdded2	1702988131122	1702988133170	2044	OK
REQUEST	XUI_PRL_100_RequestSupportSubmit2	XUI_PRL_100_005_RequestSupportSubmit2	1702988133171	1702988136864	OK	 
GROUP	XUI_PRL_100_RequestSupportSubmit2	1702988133170	1702988136866	3693	OK
REQUEST	XUI_PRL_080_RequestSupport3	XUI_PRL_080_005_RequestSupport3	1702988136866	1702988138148	OK	 
REQUEST	XUI_PRL_080_RequestSupport3	XUI_PRL_080_010_RequestSupport3	1702988138151	1702988142084	OK	 
GROUP	XUI_PRL_080_RequestSupport3	1702988136866	1702988142110	5215	OK
REQUEST	XUI_PRL_090_WhereFlagAdded3	XUI_PRL_090_005_WhereFlagAdded3	1702988142110	1702988142685	OK	 
REQUEST	XUI_PRL_090_WhereFlagAdded3	XUI_PRL_090_010_WhereFlagAdded3	1702988142687	1702988143105	OK	 
GROUP	XUI_PRL_090_WhereFlagAdded3	1702988142110	1702988143107	993	OK
REQUEST	XUI_PRL_100_RequestSupportSubmit3	XUI_PRL_100_005_RequestSupportSubmit2	1702988143108	1702988145008	OK	 
GROUP	XUI_PRL_100_RequestSupportSubmit3	1702988143107	1702988145009	1900	OK
REQUEST	XUI_PRL_080_RequestSupport4	XUI_PRL_080_005_RequestSupport4	1702988145009	1702988145839	OK	 
REQUEST	XUI_PRL_080_RequestSupport4	XUI_PRL_080_010_RequestSupport4	1702988145842	1702988149305	OK	 
GROUP	XUI_PRL_080_RequestSupport4	1702988145009	1702988149324	4293	OK
REQUEST	XUI_PRL_090_WhereFlagAdded4	XUI_PRL_090_005_WhereFlagAdded4	1702988149324	1702988150482	OK	 
REQUEST	XUI_PRL_090_WhereFlagAdded4	XUI_PRL_090_010_WhereFlagAdded4	1702988150484	1702988151873	OK	 
GROUP	XUI_PRL_090_WhereFlagAdded4	1702988149324	1702988151874	2547	OK
REQUEST	XUI_PRL_100_RequestSupportSubmit4	XUI_PRL_100_005_RequestSupportSubmit4	1702988151874	1702988154263	OK	 
GROUP	XUI_PRL_100_RequestSupportSubmit4	1702988151874	1702988154265	2389	OK
REQUEST	XUI_PRL_080_RequestSupport5	XUI_PRL_080_005_RequestSupport5	1702988154265	1702988155722	OK	 
REQUEST	XUI_PRL_080_RequestSupport5	XUI_PRL_080_010_RequestSupport5	1702988155723	1702988159514	OK	 
GROUP	XUI_PRL_080_RequestSupport5	1702988154265	1702988159537	5248	OK
REQUEST	XUI_PRL_090_WhereFlagAdded5	XUI_PRL_090_005_WhereFlagAdded5	1702988159537	1702988160213	OK	 
REQUEST	XUI_PRL_090_WhereFlagAdded5	XUI_PRL_090_010_WhereFlagAdded5	1702988160215	1702988161225	OK	 
GROUP	XUI_PRL_090_WhereFlagAdded5	1702988159537	1702988161226	1686	OK
REQUEST	XUI_PRL_100_RequestSupportSubmit5	XUI_PRL_100_005_RequestSupportSubmit4	1702988161227	1702988164705	OK	 
GROUP	XUI_PRL_100_RequestSupportSubmit5	1702988161226	1702988164708	3478	OK
GROUP	XUI_PRL_030_CreateCaseStart	1702988164708	1702988164708	0	OK
REQUEST	XUI_PRL_040_ManageSupport	XUI_PRL_040_005_RequestSupport	1702988164709	1702988165272	OK	 
REQUEST	XUI_PRL_040_ManageSupport	XUI_PRL_040_010_RequestSupport	1702988165274	1702988168152	OK	 
GROUP	XUI_PRL_040_ManageSupport	1702988164708	1702988168167	3441	OK
REQUEST	XUI_PRL_070_ManageSupportSubmitSol	XUI_PRL_070_005_ManageSupportSubmitSol	1702988168167	1702988170096	OK	 
GROUP	XUI_PRL_070_ManageSupportSubmitSol	1702988168167	1702988170102	1929	OK
REQUEST	XUI_010_Homepage	XUI_010_005_Homepage	1702988170102	1702988170348	OK	 
REQUEST	XUI_010_Homepage	XUI_Common_000_ConfigurationUI	1702988202514	1702988202543	OK	 
REQUEST	XUI_010_Homepage	XUI_Common_000_ConfigJson	1702988202545	1702988202859	OK	 
REQUEST	XUI_010_Homepage	XUI_Common_000_TsAndCs	1702988202861	1702988203036	OK	 
REQUEST	XUI_010_Homepage	XUI_Common_000_ConfigUI	1702988203037	1702988203197	OK	 
REQUEST	XUI_010_Homepage	XUI_Common_000_UserDetails	1702988203198	1702988203226	OK	 
REQUEST	XUI_010_Homepage	XUI_Common_000_IsAuthenticated	1702988203228	1702988203373	OK	 
REQUEST	XUI_010_Homepage	XUI_010_010_AuthLogin	1702988203374	1702988203710	OK	 
REQUEST	XUI_010_Homepage	XUI_010_010_AuthLogin Redirect 1	1702988203711	1702988205554	OK	 
REQUEST	XUI_010_Homepage	XUI_010_010_AuthLogin Redirect 2	1702988205555	1702988206226	OK	 
GROUP	XUI_010_Homepage	1702988170102	1702988213111	42987	OK
REQUEST	XUI_020_LoginCa	XUI_020_005_LoginCa	1702988213112	1702988213654	OK	 
REQUEST	XUI_020_LoginCa	XUI_020_005_LoginCa Redirect 1	1702988213655	1702988218171	OK	 
REQUEST	XUI_020_LoginCa	XUI_020_005_LoginCa Redirect 2	1702988218173	1702988218653	OK	 
REQUEST	XUI_020_LoginCa	XUI_Common_000_ConfigurationUI	1702988229867	1702988230179	OK	 
REQUEST	XUI_020_LoginCa	XUI_Common_000_ConfigJson	1702988230181	1702988230505	OK	 
REQUEST	XUI_020_LoginCa	XUI_Common_000_TsAndCs	1702988230507	1702988230682	OK	 
REQUEST	XUI_020_LoginCa	XUI_Common_000_ConfigUI	1702988230683	1702988230722	OK	 
REQUEST	XUI_020_LoginCa	XUI_Common_000_UserDetails	1702988230724	1702988231331	OK	 
REQUEST	XUI_020_LoginCa	XUI_Common_000_IsAuthenticated	1702988231332	1702988231490	OK	 
REQUEST	XUI_020_LoginCa	XUI_Common_000_MonitoringTools	1702988231491	1702988231668	OK	 
GROUP	XUI_020_LoginCa	1702988213111	1702988231669	18543	OK
GROUP	XUI_PRL_030_CreateCaseStart	1702988231669	1702988231670	0	OK
REQUEST	XUI_PRL_040_ManageSupportFlags	XUI_PRL_040_005_ManageSupportFlags	1702988231671	1702988233433	OK	 
REQUEST	XUI_PRL_040_ManageSupportFlags	XUI_PRL_040_010_RequestSupport	1702988233434	1702988238964	OK	 
GROUP	XUI_PRL_040_ManageSupportFlags	1702988231670	1702988239059	7292	OK
REQUEST	XUI_PRL_050_SubmitSupportChange	XUI_PRL_050_005_SubmitSupportChange	1702988239060	1702988241417	OK	 
GROUP	XUI_PRL_050_SubmitSupportChange	1702988239059	1702988241418	2357	OK
GROUP	XUI_PRL_030_CreateCaseStart	1702988241418	1702988241418	0	OK
REQUEST	XUI_PRL_040_RequestSupport	XUI_PRL_040_005_RequestSupport	1702988241419	1702988242187	OK	 
REQUEST	XUI_PRL_040_RequestSupport	XUI_PRL_040_010_RequestSupport	1702988242189	1702988247833	KO	substring(c100RequestSupport).find.exists, found nothing
GROUP	XUI_PRL_040_RequestSupport	1702988241418	1702988247908	6412	KO
USER	***** PRL Case Flags 2.1 Journey *****	END	1702988247912
