ASSERTION	AAECAAIFAAAAAAAAAFlA
RUN	simulations.PRL_Simulation	prl-simulation	1713524506221	 	3.9.5
USER	***** PRL CUI RA Journey *****	START	1713524507020
REQUEST	PRL_CitizenC100_010_PRLHome	PRL_CitizenC100_010_005_PRLHome	1713524507031	1713524507264	OK	 
REQUEST	PRL_CitizenC100_010_PRLHome	PRL_CitizenC100_010_005_PRLHome Redirect 1	1713524507272	1713524507339	OK	 
REQUEST	PRL_CitizenC100_010_PRLHome	PRL_CitizenC100_010_005_PRLHome Redirect 2	1713524507340	1713524507411	OK	 
REQUEST	PRL_CitizenC100_010_PRLHome	PRL_CitizenC100_010_005_PRLHome Redirect 3	1713524507414	1713524507637	OK	 
GROUP	PRL_CitizenC100_010_PRLHome	1713524507021	1713524507979	871	OK
REQUEST	PRL_CitizenC100_020_Login	PRL_CitizenC100_020_005_Login	1713524507981	1713524508157	OK	 
REQUEST	PRL_CitizenC100_020_Login	PRL_CitizenC100_020_005_Login Redirect 1	1713524508160	1713524508516	OK	 
REQUEST	PRL_CitizenC100_020_Login	PRL_CitizenC100_020_005_Login Redirect 2	1713524508517	1713524510904	OK	 
GROUP	PRL_CitizenC100_020_Login	1713524507979	1713524511174	3183	OK
REQUEST	PRL_CitizenC100_CUIRA_030_SelectCase	PRL_CitizenC100_CUIRA_030_SelectCase	1713524511174	1713524515456	OK	 
REQUEST	PRL_CitizenC100_CUIRA_030_SelectCase	PRL_CitizenC100_CUIRA_030_SelectCase Redirect 1	1713524515459	1713524515613	OK	 
GROUP	PRL_CitizenC100_CUIRA_030_SelectCase	1713524511174	1713524515794	4610	OK
REQUEST	PRL_CitizenC100_CUIRA_030_005_SelectCase	PRL_CitizenC100_CUIRA_030_005_SelectCase	1713524515794	1713524515942	OK	 
GROUP	PRL_CitizenC100_CUIRA_030_005_SelectCase	1713524515794	1713524516053	257	OK
REQUEST	PRL_CitizenC100_CUIRA_040_RAIntro	PRL_CitizenC100_CUIRA_040_RAIntro	1713524516053	1713524517149	OK	 
GROUP	PRL_CitizenC100_CUIRA_040_RAIntro	1713524516053	1713524517301	1243	OK
REQUEST	PRL_CitizenC100_CUIRA_050_RAIntro	PRL_CitizenC100_CUIRA_050_RAIntro	1713524517302	1713524517387	OK	 
REQUEST	PRL_CitizenC100_CUIRA_050_RAIntro	PRL_CitizenC100_CUIRA_050_RAIntro Redirect 1	1713524517389	1713524517515	OK	 
GROUP	PRL_CitizenC100_CUIRA_050_RAIntro	1713524517302	1713524517686	374	OK
REQUEST	PRL_CitizenC100_CUIRA_060_RAIntro	PRL_CitizenC100_CUIRA_060_RAIntro	1713524517687	1713524517820	OK	 
REQUEST	PRL_CitizenC100_CUIRA_060_RAIntro	PRL_CitizenC100_CUIRA_060_RAIntro Redirect 1	1713524517821	1713524517913	OK	 
GROUP	PRL_CitizenC100_CUIRA_060_RAIntro	1713524517686	1713524518035	343	OK
REQUEST	PRL_CitizenC100_CUIRA_070_RAIntro	PRL_CitizenC100_CUIRA_070_RAIntro	1713524518036	1713524519918	OK	 
REQUEST	PRL_CitizenC100_CUIRA_070_RAIntro	PRL_CitizenC100_CUIRA_070_RAIntro Redirect 1	1713524519920	1713524520928	OK	 
REQUEST	PRL_CitizenC100_CUIRA_070_RAIntro	PRL_CitizenC100_CUIRA_070_RAIntro Redirect 2	1713524520930	1713524522183	OK	 
REQUEST	PRL_CitizenC100_CUIRA_070_RAIntro	PRL_CitizenC100_CUIRA_070_RAIntro Redirect 3	1713524522185	1713524522460	OK	 
GROUP	PRL_CitizenC100_CUIRA_070_RAIntro	1713524518036	1713524522733	4684	OK
REQUEST	PRL_CitizenC100_CUIRA_080_Launch_CUIRA	PRL_CitizenC100_CUIRA_080_Launch_CUIRA	1713524522734	1713524523484	OK	 
REQUEST	PRL_CitizenC100_CUIRA_080_Launch_CUIRA	PRL_CitizenC100_CUIRA_080_Launch_CUIRA Redirect 1	1713524523487	1713524524227	OK	 
REQUEST	PRL_CitizenC100_CUIRA_080_Launch_CUIRA	PRL_CitizenC100_CUIRA_080_Launch_CUIRA Redirect 2	1713524524228	1713524524581	KO	headerRegex((Location,https:\/\/cui-ra\.perftest\.platform\.hmcts\.net\/dc\/p\/([a-z0-9-]+))).find.exists, found nothing
GROUP	PRL_CitizenC100_CUIRA_080_Launch_CUIRA	1713524522734	1713524524603	1843	KO
USER	***** PRL CUI RA Journey *****	END	1713524524606
