ASSERTION	AAECAAIFAAAAAAAAAFlA
RUN	simulations.PRL_Simulation	prl-simulation	1697636633085	 	3.9.5
USER	***** Private Law Create Case *****	START	1697636633484
REQUEST	XUI_010_Homepage	XUI_010_005_Homepage	1697636633502	1697636633599	OK	 
REQUEST	XUI_010_Homepage	XUI_Common_000_ConfigurationUI	1697636634096	1697636634140	OK	 
REQUEST	XUI_010_Homepage	XUI_Common_000_ConfigJson	1697636634142	1697636634153	OK	 
REQUEST	XUI_010_Homepage	XUI_Common_000_TsAndCs	1697636634154	1697636634210	OK	 
REQUEST	XUI_010_Homepage	XUI_Common_000_ConfigUI	1697636634211	1697636634312	OK	 
REQUEST	XUI_010_Homepage	XUI_Common_000_UserDetails	1697636634313	1697636634357	OK	 
REQUEST	XUI_010_Homepage	XUI_Common_000_IsAuthenticated	1697636634357	1697636634384	OK	 
REQUEST	XUI_010_Homepage	XUI_010_010_AuthLogin	1697636634385	1697636634433	OK	 
REQUEST	XUI_010_Homepage	XUI_010_010_AuthLogin Redirect 1	1697636634435	1697636634525	OK	 
REQUEST	XUI_010_Homepage	XUI_010_010_AuthLogin Redirect 2	1697636634526	1697636634596	OK	 
GROUP	XUI_010_Homepage	1697636633485	1697636635440	1844	OK
REQUEST	XUI_020_Login	XUI_020_005_Login	1697636635447	1697636636063	OK	 
REQUEST	XUI_020_Login	XUI_020_005_Login Redirect 1	1697636636064	1697636637078	OK	 
REQUEST	XUI_020_Login	XUI_020_005_Login Redirect 2	1697636637080	1697636637138	OK	 
REQUEST	XUI_020_Login	XUI_Common_000_ConfigurationUI	1697636639326	1697636639388	OK	 
REQUEST	XUI_020_Login	XUI_Common_000_ConfigJson	1697636639390	1697636639404	OK	 
REQUEST	XUI_020_Login	XUI_Common_000_TsAndCs	1697636639408	1697636639799	OK	 
REQUEST	XUI_020_Login	XUI_Common_000_ConfigUI	1697636639801	1697636639850	OK	 
REQUEST	XUI_020_Login	XUI_Common_000_UserDetails	1697636639852	1697636640609	OK	 
REQUEST	XUI_020_Login	XUI_Common_000_IsAuthenticated	1697636640610	1697636640693	OK	 
REQUEST	XUI_020_Login	XUI_Common_000_MonitoringTools	1697636640696	1697636640748	OK	 
GROUP	XUI_020_Login	1697636635440	1697636640781	5279	OK
REQUEST	XUI_PRL_030_CreateCaseStart	XUI_PRL_030_005_CreateCaseStart	1697636640784	1697636642536	OK	 
GROUP	XUI_PRL_030_CreateCaseStart	1697636640782	1697636642558	1752	OK
REQUEST	XUI_PRL_031_Type_Of_Application	XUI_PRL_031_005_Type_Of_Application	1697636642561	1697636643599	OK	 
GROUP	XUI_PRL_031_Type_Of_Application	1697636642559	1697636643599	1038	OK
REQUEST	XUI_PRL_032_ApplicationCheckYourAnswers	XUI_PRL_032_005_ApplicationCheckYourAnswers	1697636643599	1697636654653	OK	 
GROUP	XUI_PRL_032_ApplicationCheckYourAnswers	1697636643599	1697636654664	11054	OK
REQUEST	XUI_PRL_033_ApplicationDetails	XUI_PRL_033_005_ApplicationDetails	1697636654665	1697636656095	OK	 
GROUP	XUI_PRL_033_ApplicationDetails	1697636654664	1697636656137	1430	OK
REQUEST	XUI_PRL_034_EnterApplicationDetails	XUI_PRL_034_005_EnterApplicationDetails	1697636656138	1697636656990	OK	 
GROUP	XUI_PRL_034_EnterApplicationDetails	1697636656137	1697636656991	852	OK
REQUEST	XUI_PRL_035_SubmitApplicationDetails	XUI_PRL_035_005_SubmitApplicationDetails	1697636656991	1697636664586	OK	 
GROUP	XUI_PRL_035_SubmitApplicationDetails	1697636656991	1697636664587	7595	OK
REQUEST	XUI_PRL_036_SubmitAndPay	XUI_PRL_036_005_SubmitAndPay	1697636664587	1697636679361	OK	 
GROUP	XUI_PRL_036_SubmitAndPay	1697636664587	1697636679388	14774	OK
REQUEST	XUI_PRL_037_ConfidentialityStatement	XUI_PRL_037_005_ConfidentialityStatement	1697636679390	1697636679925	OK	 
GROUP	XUI_PRL_037_ConfidentialityStatement	1697636679388	1697636679926	535	OK
REQUEST	XUI_PRL_038_Declaration	XUI_PRL_038_005_Declaration	1697636679926	1697636680635	OK	 
GROUP	XUI_PRL_038_Declaration	1697636679926	1697636680635	709	OK
REQUEST	XUI_PRL_039_Continue	XUI_PRL_039_005_Continue	1697636680636	1697636681148	OK	 
GROUP	XUI_PRL_039_Continue	1697636680635	1697636681149	512	OK
REQUEST	XUI_PRL_040_Continue	XUI_PRL_039_005_Continue	1697636681150	1697636693483	OK	 
GROUP	XUI_PRL_040_Continue	1697636681149	1697636693487	12333	OK
REQUEST	XUI_PRL_042_DummyPaymentConfirmation 	XUI_PRL_040_005_DummyPaymentConfirmation 	1697636693489	1697636694830	OK	 
GROUP	XUI_PRL_042_DummyPaymentConfirmation 	1697636693489	1697636694831	1341	OK
REQUEST	XUI_PRL_041_PaymentOption	XUI_PRL_041_005_PaymentOption	1697636694832	1697636696502	KO	regex(input id="charge-id" name="chargeId" type="hidden" value="(.{26})").find.exists, found nothing
GROUP	XUI_PRL_041_PaymentOption	1697636694831	1697636696532	1670	KO
USER	***** Private Law Create Case *****	END	1697636696536
