ASSERTION	AAECAAMFAAAAAAAAAFlA
RUN	simulations.PRL_Simulation	prl-simulation	1686739255915	 	3.3.1
USER	***** Private Law Create Case *****	1	START	1686739256192	1686739256192
REQUEST	1	XUI_010_Homepage	XUI_010_005_Homepage	1686739256202	1686739256293	OK	 
REQUEST	1	XUI_010_Homepage	XUI_Common_000_ConfigurationUI	1686739256315	1686739256445	OK	 
REQUEST	1	XUI_010_Homepage	XUI_Common_000_ConfigJson	1686739256449	1686739256508	OK	 
REQUEST	1	XUI_010_Homepage	XUI_Common_000_TsAndCs	1686739256509	1686739256574	OK	 
REQUEST	1	XUI_010_Homepage	XUI_Common_000_ConfigUI	1686739256575	1686739256622	OK	 
REQUEST	1	XUI_010_Homepage	XUI_Common_000_UserDetails	1686739256623	1686739256708	OK	 
REQUEST	1	XUI_010_Homepage	XUI_Common_000_IsAuthenticated	1686739256711	1686739256794	OK	 
REQUEST	1	XUI_010_Homepage	XUI_010_010_AuthLogin	1686739256796	1686739256856	OK	 
REQUEST	1	XUI_010_Homepage	XUI_010_010_AuthLogin Redirect 1	1686739256861	1686739256971	OK	 
REQUEST	1	XUI_010_Homepage	XUI_010_010_AuthLogin Redirect 2	1686739256972	1686739257128	OK	 
GROUP	1	XUI_010_Homepage	1686739256195	1686739261092	4808	OK
REQUEST	1	XUI_020_Login	XUI_020_005_Login	1686739261095	1686739261554	OK	 
REQUEST	1	XUI_020_Login	XUI_020_005_Login Redirect 1	1686739261556	1686739262095	OK	 
REQUEST	1	XUI_020_Login	XUI_020_005_Login Redirect 2	1686739262096	1686739262189	OK	 
REQUEST	1	XUI_020_Login	XUI_Common_000_ConfigurationUI	1686739284180	1686739284248	OK	 
REQUEST	1	XUI_020_Login	XUI_Common_000_ConfigJson	1686739284249	1686739284542	OK	 
REQUEST	1	XUI_020_Login	XUI_Common_000_TsAndCs	1686739284543	1686739284620	OK	 
REQUEST	1	XUI_020_Login	XUI_Common_000_ConfigUI	1686739284621	1686739285235	OK	 
REQUEST	1	XUI_020_Login	XUI_Common_000_UserDetails	1686739285236	1686739285562	OK	 
REQUEST	1	XUI_020_Login	XUI_Common_000_IsAuthenticated	1686739285563	1686739285636	OK	 
REQUEST	1	XUI_020_Login	XUI_Common_000_MonitoringTools	1686739285637	1686739285879	OK	 
GROUP	1	XUI_020_Login	1686739261092	1686739285900	24772	OK
REQUEST	1	XUI_PRL_030_CreateCaseStart	XUI_PRL_030_005_CreateCaseStart	1686739285908	1686739290717	KO	jsonPath($.event_token).find.exists, found nothing
GROUP	1	XUI_PRL_030_CreateCaseStart	1686739285901	1686739290721	4809	KO
USER	***** Private Law Create Case *****	1	END	1686739256192	1686739290724
