ASSERTION	AAECAAIFAAAAAAAAAFlA
RUN	simulations.PRL_Simulation	prl-simulation	1713525963241	 	3.9.5
USER	***** PRL CUI RA Journey *****	START	1713525963941
REQUEST	PRL_CitizenC100_010_PRLHome	PRL_CitizenC100_010_005_PRLHome	1713525963952	1713525964155	OK	 
REQUEST	PRL_CitizenC100_010_PRLHome	PRL_CitizenC100_010_005_PRLHome Redirect 1	1713525964165	1713525964248	OK	 
REQUEST	PRL_CitizenC100_010_PRLHome	PRL_CitizenC100_010_005_PRLHome Redirect 2	1713525964248	1713525964317	OK	 
REQUEST	PRL_CitizenC100_010_PRLHome	PRL_CitizenC100_010_005_PRLHome Redirect 3	1713525964319	1713525964481	OK	 
GROUP	PRL_CitizenC100_010_PRLHome	1713525963942	1713525964809	779	OK
REQUEST	PRL_CitizenC100_020_Login	PRL_CitizenC100_020_005_Login	1713525964811	1713525964988	OK	 
REQUEST	PRL_CitizenC100_020_Login	PRL_CitizenC100_020_005_Login Redirect 1	1713525964990	1713525965518	OK	 
REQUEST	PRL_CitizenC100_020_Login	PRL_CitizenC100_020_005_Login Redirect 2	1713525965519	1713525967678	OK	 
GROUP	PRL_CitizenC100_020_Login	1713525964809	1713525967919	3097	OK
REQUEST	PRL_CitizenC100_CUIRA_030_SelectCase	PRL_CitizenC100_CUIRA_030_SelectCase	1713525967920	1713525970909	OK	 
REQUEST	PRL_CitizenC100_CUIRA_030_SelectCase	PRL_CitizenC100_CUIRA_030_SelectCase Redirect 1	1713525970912	1713525971014	OK	 
GROUP	PRL_CitizenC100_CUIRA_030_SelectCase	1713525967919	1713525971148	3219	OK
REQUEST	PRL_CitizenC100_CUIRA_030_005_SelectCase	PRL_CitizenC100_CUIRA_030_005_SelectCase	1713525971148	1713525971255	OK	 
GROUP	PRL_CitizenC100_CUIRA_030_005_SelectCase	1713525971148	1713525971372	222	OK
REQUEST	PRL_CitizenC100_CUIRA_040_RAIntro	PRL_CitizenC100_CUIRA_040_RAIntro	1713525971372	1713525972647	OK	 
GROUP	PRL_CitizenC100_CUIRA_040_RAIntro	1713525971372	1713525972815	1436	OK
REQUEST	PRL_CitizenC100_CUIRA_050_RAIntro	PRL_CitizenC100_CUIRA_050_RAIntro	1713525972816	1713525972889	OK	 
REQUEST	PRL_CitizenC100_CUIRA_050_RAIntro	PRL_CitizenC100_CUIRA_050_RAIntro Redirect 1	1713525972891	1713525972976	OK	 
GROUP	PRL_CitizenC100_CUIRA_050_RAIntro	1713525972815	1713525973150	327	OK
REQUEST	PRL_CitizenC100_CUIRA_060_RAIntro	PRL_CitizenC100_CUIRA_060_RAIntro	1713525973151	1713525973218	OK	 
REQUEST	PRL_CitizenC100_CUIRA_060_RAIntro	PRL_CitizenC100_CUIRA_060_RAIntro Redirect 1	1713525973220	1713525973315	OK	 
GROUP	PRL_CitizenC100_CUIRA_060_RAIntro	1713525973150	1713525973415	259	OK
REQUEST	PRL_CitizenC100_CUIRA_070_RAIntro	PRL_CitizenC100_CUIRA_070_RAIntro	1713525973416	1713525975007	OK	 
REQUEST	PRL_CitizenC100_CUIRA_070_RAIntro	PRL_CitizenC100_CUIRA_070_RAIntro Redirect 1	1713525975010	1713525975602	OK	 
REQUEST	PRL_CitizenC100_CUIRA_070_RAIntro	PRL_CitizenC100_CUIRA_070_RAIntro Redirect 2	1713525975604	1713525976799	OK	 
REQUEST	PRL_CitizenC100_CUIRA_070_RAIntro	PRL_CitizenC100_CUIRA_070_RAIntro Redirect 3	1713525976802	1713525977212	OK	 
GROUP	PRL_CitizenC100_CUIRA_070_RAIntro	1713525973415	1713525977428	4000	OK
REQUEST	PRL_CitizenC100_CUIRA_110_SupportRequired	PRL_CitizenC100_CUIRA_110_SupportRequired	1713525977428	1713525977588	OK	 
REQUEST	PRL_CitizenC100_CUIRA_110_SupportRequired	PRL_CitizenC100_CUIRA_110_SupportRequired Redirect 1	1713525977590	1713525977862	OK	 
GROUP	PRL_CitizenC100_CUIRA_110_SupportRequired	1713525977428	1713525978032	598	OK
REQUEST	PRL_CitizenC100_CUIRA_120_BuildingAdjustment	PRL_CitizenC100_CUIRA_120_BuildingAdjustment	1713525978034	1713525978236	OK	 
REQUEST	PRL_CitizenC100_CUIRA_120_BuildingAdjustment	PRL_CitizenC100_CUIRA_120_BuildingAdjustment Redirect 1	1713525978238	1713525978657	OK	 
GROUP	PRL_CitizenC100_CUIRA_120_BuildingAdjustment	1713525978032	1713525978827	786	OK
REQUEST	PRL_CitizenC100_CUIRA_130_CommunicatingandUnderstanding	PRL_CitizenC100_CUIRA_130_CommunicatingandUnderstanding	1713525978828	1713525979041	OK	 
REQUEST	PRL_CitizenC100_CUIRA_130_CommunicatingandUnderstanding	PRL_CitizenC100_CUIRA_130_CommunicatingandUnderstanding Redirect 1	1713525979042	1713525979285	OK	 
GROUP	PRL_CitizenC100_CUIRA_130_CommunicatingandUnderstanding	1713525978828	1713525979542	708	OK
REQUEST	PRL_CitizenC100_CUIRA_140_CommunicatingandUnderstanding	PRL_CitizenC100_CUIRA_140_CommunicatingandUnderstanding	1713525979542	1713525979934	OK	 
REQUEST	PRL_CitizenC100_CUIRA_140_CommunicatingandUnderstanding	PRL_CitizenC100_CUIRA_140_CommunicatingandUnderstanding Redirect 1	1713525979938	1713525980192	OK	 
GROUP	PRL_CitizenC100_CUIRA_140_CommunicatingandUnderstanding	1713525979542	1713525980358	807	OK
REQUEST	PRL_CitizenC100_CUIRA_150_ComfortableDuringHearing	PRL_CitizenC100_CUIRA_150_CommunicatingandUnderstanding	1713525980359	1713525980546	OK	 
REQUEST	PRL_CitizenC100_CUIRA_150_ComfortableDuringHearing	PRL_CitizenC100_CUIRA_150_CommunicatingandUnderstanding Redirect 1	1713525980547	1713525980650	KO	substring(Review the support you've requested).find.exists, found nothing
GROUP	PRL_CitizenC100_CUIRA_150_ComfortableDuringHearing	1713525980358	1713525980670	290	KO
USER	***** PRL CUI RA Journey *****	END	1713525980675
