ASSERTION	AAECAAIFAAAAAAAAAFlA
RUN	simulations.PRL_Simulation	prl-simulation	1697619570681	 	3.9.5
USER	***** Private Law Create Case *****	START	1697619571127
REQUEST	XUI_010_Homepage	XUI_010_005_Homepage	1697619571151	1697619571261	OK	 
REQUEST	XUI_010_Homepage	XUI_Common_000_ConfigurationUI	1697619572019	1697619572076	OK	 
REQUEST	XUI_010_Homepage	XUI_Common_000_ConfigJson	1697619572080	1697619572154	OK	 
REQUEST	XUI_010_Homepage	XUI_Common_000_TsAndCs	1697619572155	1697619572208	OK	 
REQUEST	XUI_010_Homepage	XUI_Common_000_ConfigUI	1697619572208	1697619572269	OK	 
REQUEST	XUI_010_Homepage	XUI_Common_000_UserDetails	1697619572269	1697619572307	OK	 
REQUEST	XUI_010_Homepage	XUI_Common_000_IsAuthenticated	1697619572307	1697619572349	OK	 
REQUEST	XUI_010_Homepage	XUI_010_010_AuthLogin	1697619572351	1697619572396	OK	 
REQUEST	XUI_010_Homepage	XUI_010_010_AuthLogin Redirect 1	1697619572399	1697619572500	OK	 
REQUEST	XUI_010_Homepage	XUI_010_010_AuthLogin Redirect 2	1697619572501	1697619572575	OK	 
GROUP	XUI_010_Homepage	1697619571129	1697619572895	1641	OK
REQUEST	XUI_020_Login	XUI_020_005_Login	1697619572896	1697619573270	OK	 
REQUEST	XUI_020_Login	XUI_020_005_Login Redirect 1	1697619573271	1697619573900	OK	 
REQUEST	XUI_020_Login	XUI_020_005_Login Redirect 2	1697619573900	1697619573965	OK	 
REQUEST	XUI_020_Login	XUI_Common_000_ConfigurationUI	1697619574417	1697619574479	OK	 
REQUEST	XUI_020_Login	XUI_Common_000_ConfigJson	1697619574480	1697619574489	OK	 
REQUEST	XUI_020_Login	XUI_Common_000_TsAndCs	1697619574490	1697619574536	OK	 
REQUEST	XUI_020_Login	XUI_Common_000_ConfigUI	1697619574537	1697619574699	OK	 
REQUEST	XUI_020_Login	XUI_Common_000_UserDetails	1697619574699	1697619574965	OK	 
REQUEST	XUI_020_Login	XUI_Common_000_IsAuthenticated	1697619574965	1697619574999	OK	 
REQUEST	XUI_020_Login	XUI_Common_000_MonitoringTools	1697619575000	1697619575581	OK	 
GROUP	XUI_020_Login	1697619572895	1697619575608	2678	OK
REQUEST	XUI_PRL_030_CreateCaseStart	XUI_PRL_030_005_CreateCaseStart	1697619575612	1697619576657	OK	 
GROUP	XUI_PRL_030_CreateCaseStart	1697619575610	1697619576664	1045	OK
REQUEST	XUI_PRL_031_Type_Of_Application	XUI_PRL_031_005_Type_Of_Application	1697619576665	1697619577376	OK	 
GROUP	XUI_PRL_031_Type_Of_Application	1697619576664	1697619577376	711	OK
REQUEST	XUI_PRL_032_ApplicationCheckYourAnswers	XUI_PRL_032_005_ApplicationCheckYourAnswers	1697619577377	1697619582440	OK	 
GROUP	XUI_PRL_032_ApplicationCheckYourAnswers	1697619577376	1697619582449	5063	OK
REQUEST	XUI_PRL_033_ApplicationDetails	XUI_PRL_033_005_ApplicationDetails	1697619582449	1697619583689	OK	 
GROUP	XUI_PRL_033_ApplicationDetails	1697619582449	1697619583726	1240	OK
REQUEST	XUI_PRL_034_EnterApplicationDetails	XUI_PRL_034_005_EnterApplicationDetails	1697619583727	1697619584712	OK	 
GROUP	XUI_PRL_034_EnterApplicationDetails	1697619583726	1697619584714	985	OK
REQUEST	XUI_PRL_035_SubmitApplicationDetails	XUI_PRL_035_005_SubmitApplicationDetails	1697619584715	1697619589169	OK	 
GROUP	XUI_PRL_035_SubmitApplicationDetails	1697619584714	1697619589171	4454	OK
REQUEST	XUI_PRL_036_SubmitAndPay	XUI_PRL_036_005_SubmitAndPay	1697619589173	1697619595391	OK	 
GROUP	XUI_PRL_036_SubmitAndPay	1697619589171	1697619595402	6218	OK
REQUEST	XUI_PRL_037_ConfidentialityStatement	XUI_PRL_037_005_ConfidentialityStatement	1697619595402	1697619595947	OK	 
GROUP	XUI_PRL_037_ConfidentialityStatement	1697619595402	1697619595948	545	OK
REQUEST	XUI_PRL_038_Declaration	XUI_PRL_038_005_Declaration	1697619595952	1697619596737	OK	 
GROUP	XUI_PRL_038_Declaration	1697619595949	1697619596737	785	OK
REQUEST	XUI_PRL_039_Continue	XUI_PRL_039_005_Continue	1697619596738	1697619597637	OK	 
GROUP	XUI_PRL_039_Continue	1697619596737	1697619597637	899	OK
REQUEST	XUI_PRL_040_Continue	XUI_PRL_040_005_Continue	1697619597638	1697619597695	KO	substring(payment_group_reference).find.exists, found nothing
GROUP	XUI_PRL_040_Continue	1697619597637	1697619597706	57	KO
USER	***** Private Law Create Case *****	END	1697619597711
