ASSERTION	AAECAAIFAAAAAAAAAFlA
RUN	simulations.PRL_Simulation	prl-simulation	1706057257467	 	3.9.5
USER	***** PRL Case Flags 2.1 Journey *****	START	1706057258014
REQUEST	XUI_010_Homepage	XUI_010_005_Homepage	1706057258022	1706057258185	OK	 
REQUEST	XUI_010_Homepage	XUI_Common_000_ConfigurationUI	1706057260706	1706057260735	OK	 
REQUEST	XUI_010_Homepage	XUI_Common_000_ConfigJson	1706057260737	1706057260768	OK	 
REQUEST	XUI_010_Homepage	XUI_Common_000_TsAndCs	1706057260769	1706057260797	OK	 
REQUEST	XUI_010_Homepage	XUI_Common_000_ConfigUI	1706057260798	1706057260836	OK	 
REQUEST	XUI_010_Homepage	XUI_Common_000_UserDetails	1706057260837	1706057260871	OK	 
REQUEST	XUI_010_Homepage	XUI_Common_000_IsAuthenticated	1706057260872	1706057260901	OK	 
REQUEST	XUI_010_Homepage	XUI_010_010_AuthLogin	1706057260902	1706057260935	OK	 
REQUEST	XUI_010_Homepage	XUI_010_010_AuthLogin Redirect 1	1706057260937	1706057261045	OK	 
REQUEST	XUI_010_Homepage	XUI_010_010_AuthLogin Redirect 2	1706057261046	1706057261191	OK	 
GROUP	XUI_010_Homepage	1706057258015	1706057261454	3355	OK
REQUEST	XUI_020_Login	XUI_020_005_Login	1706057261457	1706057261594	OK	 
REQUEST	XUI_020_Login	XUI_020_005_Login Redirect 1	1706057261595	1706057262197	OK	 
REQUEST	XUI_020_Login	XUI_020_005_Login Redirect 2	1706057262203	1706057262239	OK	 
REQUEST	XUI_020_Login	XUI_Common_000_ConfigurationUI	1706057264500	1706057264534	OK	 
REQUEST	XUI_020_Login	XUI_Common_000_ConfigJson	1706057264535	1706057264566	OK	 
REQUEST	XUI_020_Login	XUI_Common_000_TsAndCs	1706057264567	1706057264600	OK	 
REQUEST	XUI_020_Login	XUI_Common_000_ConfigUI	1706057264604	1706057264641	OK	 
REQUEST	XUI_020_Login	XUI_Common_000_UserDetails	1706057264642	1706057265448	OK	 
REQUEST	XUI_020_Login	XUI_Common_000_IsAuthenticated	1706057265451	1706057265513	OK	 
REQUEST	XUI_020_Login	XUI_Common_000_MonitoringTools	1706057265516	1706057265575	OK	 
GROUP	XUI_020_Login	1706057261454	1706057265598	4090	OK
REQUEST	XUI_PRL_031_SelectCase	XUI_PRL_031_005_SelectCase	1706057265600	1706057270054	OK	 
GROUP	XUI_PRL_031_SelectCase	1706057265599	1706057270055	4454	OK
REQUEST	XUI_PRL_032_SelectApplication	XUI_PRL_032_005_SelectApplication	1706057270055	1706057270413	OK	 
REQUEST	XUI_PRL_032_SelectApplication	XUI_PRL_032_010_SelectApplication	1706057270415	1706057274074	OK	 
GROUP	XUI_PRL_032_SelectApplication	1706057270055	1706057274088	4017	OK
REQUEST	XUI_PRL_033_SelectSupport	XUI_PRL_033_005_SelectSupport	1706057274088	1706057274151	OK	 
GROUP	XUI_PRL_033_SelectSupport	1706057274088	1706057274151	63	OK
REQUEST	XUI_PRL_034_SelectCaseDocuments	XUI_PRL_034_005_SelectCaseDocuments	1706057274152	1706057274209	OK	 
GROUP	XUI_PRL_034_SelectCaseDocuments	1706057274151	1706057274210	57	OK
REQUEST	XUI_PRL_035_SelectHistory	XUI_PRL_035_005_SelectHistory	1706057274210	1706057274271	OK	 
GROUP	XUI_PRL_035_SelectHistory	1706057274210	1706057274271	61	OK
REQUEST	XUI_PRL_036_SelectServiceRequest	XUI_PRL_036_005_SelectServiceRequest	1706057274272	1706057274329	OK	 
REQUEST	XUI_PRL_036_SelectServiceRequest	XUI_PRL_036_010_SelectServiceRequest	1706057274330	1706057275440	OK	 
GROUP	XUI_PRL_036_SelectServiceRequest	1706057274271	1706057275442	1167	OK
GROUP	XUI_PRL_070_CreateCaseStart	1706057275442	1706057275445	0	OK
REQUEST	XUI_PRL_070_RequestSupport	XUI_PRL_070_005_RequestSupport	1706057275446	1706057276841	OK	 
REQUEST	XUI_PRL_070_RequestSupport	XUI_PRL_070_010_RequestSupport	1706057276843	1706057279063	OK	 
GROUP	XUI_PRL_070_RequestSupport	1706057275445	1706057279118	3615	OK
REQUEST	XUI_PRL_033_SelectSupport	XUI_PRL_033_005_SelectSupport	1706057279118	1706057279198	OK	 
GROUP	XUI_PRL_033_SelectSupport	1706057279118	1706057279198	80	OK
REQUEST	XUI_PRL_080_WhereFlagAdded	XUI_PRL_080_005_WhereFlagAdded	1706057279199	1706057279603	OK	 
REQUEST	XUI_PRL_080_WhereFlagAdded	XUI_PRL_080_010_WhereFlagAdded	1706057279604	1706057280646	OK	 
GROUP	XUI_PRL_080_WhereFlagAdded	1706057279198	1706057280649	1446	OK
REQUEST	XUI_PRL_080_RequestSupportSubmit	XUI_PRL_080_005_RequestSupportSubmit	1706057280652	1706057282968	OK	 
GROUP	XUI_PRL_080_RequestSupportSubmit	1706057280649	1706057282974	2316	OK
REQUEST	XUI_PRL_033_SelectSupport	XUI_PRL_033_005_SelectSupport	1706057282975	1706057283126	OK	 
GROUP	XUI_PRL_033_SelectSupport	1706057282974	1706057283127	151	OK
REQUEST	XUI_PRL_090_RequestSupport2	XUI_PRL_090_005_RequestSupport2	1706057283127	1706057284530	OK	 
REQUEST	XUI_PRL_090_RequestSupport2	XUI_PRL_090_010_RequestSupport2	1706057284533	1706057286197	OK	 
GROUP	XUI_PRL_090_RequestSupport2	1706057283127	1706057286235	3067	OK
REQUEST	XUI_PRL_100_WhereFlagAdded2	XUI_PRL_100_005_WhereFlagAdded2	1706057286235	1706057286542	OK	 
REQUEST	XUI_PRL_100_WhereFlagAdded2	XUI_PRL_100_010_WhereFlagAdded2	1706057286542	1706057287342	OK	 
GROUP	XUI_PRL_100_WhereFlagAdded2	1706057286235	1706057287342	1107	OK
REQUEST	XUI_PRL_110_RequestSupportSubmit2	XUI_PRL_110_005_RequestSupportSubmit2	1706057287342	1706057288853	OK	 
GROUP	XUI_PRL_110_RequestSupportSubmit2	1706057287342	1706057288858	1511	OK
REQUEST	XUI_PRL_033_SelectSupport	XUI_PRL_033_005_SelectSupport	1706057288859	1706057288916	OK	 
GROUP	XUI_PRL_033_SelectSupport	1706057288858	1706057288916	57	OK
REQUEST	XUI_PRL_120_RequestSupport3	XUI_PRL_120_005_RequestSupport3	1706057288917	1706057290254	OK	 
REQUEST	XUI_PRL_120_RequestSupport3	XUI_PRL_120_010_RequestSupport3	1706057290256	1706057291983	OK	 
GROUP	XUI_PRL_120_RequestSupport3	1706057288916	1706057292009	3064	OK
REQUEST	XUI_PRL_130_WhereFlagAdded3	XUI_PRL_130_005_WhereFlagAdded3	1706057292009	1706057292453	OK	 
REQUEST	XUI_PRL_130_WhereFlagAdded3	XUI_PRL_130_010_WhereFlagAdded3	1706057292454	1706057293090	OK	 
GROUP	XUI_PRL_130_WhereFlagAdded3	1706057292009	1706057293090	1080	OK
REQUEST	XUI_PRL_140_RequestSupportSubmit3	XUI_PRL_140_005_RequestSupportSubmit2	1706057293091	1706057294275	OK	 
GROUP	XUI_PRL_140_RequestSupportSubmit3	1706057293090	1706057294278	1184	OK
REQUEST	XUI_PRL_033_SelectSupport	XUI_PRL_033_005_SelectSupport	1706057294279	1706057294361	OK	 
GROUP	XUI_PRL_033_SelectSupport	1706057294278	1706057294361	82	OK
REQUEST	XUI_PRL_150_RequestSupport4	XUI_PRL_150_005_RequestSupport4	1706057294362	1706057294658	OK	 
REQUEST	XUI_PRL_150_RequestSupport4	XUI_PRL_150_010_RequestSupport4	1706057294661	1706057295994	OK	 
GROUP	XUI_PRL_150_RequestSupport4	1706057294361	1706057296019	1629	OK
REQUEST	XUI_PRL_160_WhereFlagAdded4	XUI_PRL_160_005_WhereFlagAdded4	1706057296020	1706057296459	OK	 
REQUEST	XUI_PRL_160_WhereFlagAdded4	XUI_PRL_160_010_WhereFlagAdded4	1706057296460	1706057296992	OK	 
GROUP	XUI_PRL_160_WhereFlagAdded4	1706057296019	1706057296995	971	OK
REQUEST	XUI_PRL_170_RequestSupportSubmit4	XUI_PRL_170_005_RequestSupportSubmit4	1706057296999	1706057298844	OK	 
GROUP	XUI_PRL_170_RequestSupportSubmit4	1706057296995	1706057298846	1845	OK
REQUEST	XUI_PRL_033_SelectSupport	XUI_PRL_033_005_SelectSupport	1706057298846	1706057298898	OK	 
GROUP	XUI_PRL_033_SelectSupport	1706057298846	1706057298899	52	OK
REQUEST	XUI_PRL_180_RequestSupport5	XUI_PRL_180_005_RequestSupport5	1706057298900	1706057299673	OK	 
REQUEST	XUI_PRL_180_RequestSupport5	XUI_PRL_180_010_RequestSupport5	1706057299675	1706057300597	OK	 
GROUP	XUI_PRL_180_RequestSupport5	1706057298899	1706057300624	1695	OK
REQUEST	XUI_PRL_190_WhereFlagAdded5	XUI_PRL_190_005_WhereFlagAdded5	1706057300624	1706057300839	OK	 
REQUEST	XUI_PRL_190_WhereFlagAdded5	XUI_PRL_190_010_WhereFlagAdded5	1706057300840	1706057300936	OK	 
GROUP	XUI_PRL_190_WhereFlagAdded5	1706057300624	1706057300936	311	OK
REQUEST	XUI_PRL_200_RequestSupportSubmit5	XUI_PRL_200_005_RequestSupportSubmit4	1706057300937	1706057302206	OK	 
GROUP	XUI_PRL_200_RequestSupportSubmit5	1706057300936	1706057302211	1269	OK
GROUP	XUI_PRL_030_CreateCaseStart	1706057302211	1706057302212	0	OK
REQUEST	XUI_PRL_210_ManageSupport	XUI_PRL_210_005_RequestSupport	1706057302213	1706057303179	OK	 
REQUEST	XUI_PRL_210_ManageSupport	XUI_PRL_210_010_RequestSupport	1706057303181	1706057304185	OK	 
GROUP	XUI_PRL_210_ManageSupport	1706057302212	1706057304200	1970	OK
REQUEST	XUI_PRL_220_ManageSupportSubmitSol	XUI_PRL_220_005_ManageSupportSubmitSol	1706057304200	1706057305227	OK	 
GROUP	XUI_PRL_220_ManageSupportSubmitSol	1706057304200	1706057305228	1027	OK
REQUEST	XUI_PRL_031_SelectCase	XUI_PRL_031_005_SelectCase	1706057305228	1706057307279	OK	 
GROUP	XUI_PRL_031_SelectCase	1706057305228	1706057307281	2051	OK
REQUEST	XUI_PRL_032_SelectApplication	XUI_PRL_032_005_SelectApplication	1706057307284	1706057307354	OK	 
REQUEST	XUI_PRL_032_SelectApplication	XUI_PRL_032_010_SelectApplication	1706057307354	1706057309152	OK	 
GROUP	XUI_PRL_032_SelectApplication	1706057307281	1706057309154	1868	OK
REQUEST	XUI_PRL_033_SelectSupport	XUI_PRL_033_005_SelectSupport	1706057309155	1706057309223	OK	 
GROUP	XUI_PRL_033_SelectSupport	1706057309154	1706057309224	68	OK
REQUEST	XUI_PRL_034_SelectCaseDocuments	XUI_PRL_034_005_SelectCaseDocuments	1706057309225	1706057309281	OK	 
GROUP	XUI_PRL_034_SelectCaseDocuments	1706057309224	1706057309282	56	OK
REQUEST	XUI_PRL_035_SelectHistory	XUI_PRL_035_005_SelectHistory	1706057309284	1706057309365	OK	 
GROUP	XUI_PRL_035_SelectHistory	1706057309282	1706057309366	81	OK
REQUEST	XUI_PRL_036_SelectServiceRequest	XUI_PRL_036_005_SelectServiceRequest	1706057309366	1706057309430	OK	 
REQUEST	XUI_PRL_036_SelectServiceRequest	XUI_PRL_036_010_SelectServiceRequest	1706057309434	1706057310235	OK	 
GROUP	XUI_PRL_036_SelectServiceRequest	1706057309366	1706057310236	865	OK
REQUEST	XUI_010_Homepage	XUI_010_005_Homepage	1706057310237	1706057310268	OK	 
REQUEST	XUI_010_Homepage	XUI_Common_000_ConfigurationUI	1706057314403	1706057314446	OK	 
REQUEST	XUI_010_Homepage	XUI_Common_000_ConfigJson	1706057314447	1706057314474	OK	 
REQUEST	XUI_010_Homepage	XUI_Common_000_TsAndCs	1706057314475	1706057314511	OK	 
REQUEST	XUI_010_Homepage	XUI_Common_000_ConfigUI	1706057314511	1706057314539	OK	 
REQUEST	XUI_010_Homepage	XUI_Common_000_UserDetails	1706057314539	1706057314586	OK	 
REQUEST	XUI_010_Homepage	XUI_Common_000_IsAuthenticated	1706057314589	1706057314636	OK	 
REQUEST	XUI_010_Homepage	XUI_010_010_AuthLogin	1706057314639	1706057314680	OK	 
REQUEST	XUI_010_Homepage	XUI_010_010_AuthLogin Redirect 1	1706057314680	1706057314731	OK	 
REQUEST	XUI_010_Homepage	XUI_010_010_AuthLogin Redirect 2	1706057314732	1706057314812	OK	 
GROUP	XUI_010_Homepage	1706057310236	1706057315081	4829	OK
REQUEST	XUI_020_LoginCa	XUI_020_005_LoginCa	1706057315082	1706057315182	OK	 
REQUEST	XUI_020_LoginCa	XUI_020_005_LoginCa Redirect 1	1706057315183	1706057315738	OK	 
REQUEST	XUI_020_LoginCa	XUI_020_005_LoginCa Redirect 2	1706057315739	1706057315778	OK	 
REQUEST	XUI_020_LoginCa	XUI_Common_000_ConfigurationUI	1706057318053	1706057318088	OK	 
REQUEST	XUI_020_LoginCa	XUI_Common_000_ConfigJson	1706057318089	1706057318118	OK	 
REQUEST	XUI_020_LoginCa	XUI_Common_000_TsAndCs	1706057318119	1706057318150	OK	 
REQUEST	XUI_020_LoginCa	XUI_Common_000_ConfigUI	1706057318150	1706057318180	OK	 
REQUEST	XUI_020_LoginCa	XUI_Common_000_UserDetails	1706057318180	1706057318927	OK	 
REQUEST	XUI_020_LoginCa	XUI_Common_000_IsAuthenticated	1706057318927	1706057318962	OK	 
REQUEST	XUI_020_LoginCa	XUI_Common_000_MonitoringTools	1706057318962	1706057318997	OK	 
GROUP	XUI_020_LoginCa	1706057315082	1706057318997	3909	OK
REQUEST	XUI_PRL_041_SelectCase	XUI_PRL_041_005_SelectCase	1706057318997	1706057320974	OK	 
GROUP	XUI_PRL_041_SelectCase	1706057318997	1706057320974	1977	OK
REQUEST	XUI_PRL_042_SelectApplication	XUI_PRL_042_005_SelectApplication	1706057320975	1706057321070	OK	 
REQUEST	XUI_PRL_042_SelectApplication	XUI_PRL_032_010_SelectApplication	1706057321072	1706057327066	OK	 
GROUP	XUI_PRL_042_SelectApplication	1706057320974	1706057327078	6089	OK
REQUEST	XUI_PRL_043_SelectSupport	XUI_PRL_043_005_SelectSupport	1706057327078	1706057327112	OK	 
GROUP	XUI_PRL_043_SelectSupport	1706057327078	1706057327113	34	OK
REQUEST	XUI_PRL_044_SelectCaseDocuments	XUI_PRL_044_005_SelectCaseDocuments	1706057327113	1706057327144	OK	 
GROUP	XUI_PRL_044_SelectCaseDocuments	1706057327113	1706057327144	31	OK
REQUEST	XUI_PRL_045_SelectHistory	XUI_PRL_045_005_SelectHistory	1706057327145	1706057327182	OK	 
GROUP	XUI_PRL_045_SelectHistory	1706057327144	1706057327184	37	OK
REQUEST	XUI_PRL_046_SelectServiceRequest	XUI_PRL_046_005_SelectServiceRequest	1706057327184	1706057327219	OK	 
REQUEST	XUI_PRL_046_SelectServiceRequest	XUI_PRL_046_010_SelectServiceRequest	1706057327221	1706057327630	OK	 
GROUP	XUI_PRL_046_SelectServiceRequest	1706057327184	1706057327631	444	OK
REQUEST	XUI_PRL_047_SelectParties	XUI_PRL_047_005_SelectParties	1706057327632	1706057327664	OK	 
REQUEST	XUI_PRL_047_SelectParties	XUI_PRL_047_010_SelectParties	1706057327665	1706057329258	OK	 
GROUP	XUI_PRL_047_SelectParties	1706057327631	1706057329259	1625	OK
REQUEST	XUI_PRL_048_LinkedCases	XUI_PRL_048_005_LinkedCases	1706057329259	1706057329294	OK	 
REQUEST	XUI_PRL_048_LinkedCases	XUI_PRL_048_010_LinkedCases	1706057329295	1706057330832	OK	 
REQUEST	XUI_PRL_048_LinkedCases	XUI_PRL_048_015_LinkedCases	1706057330833	1706057330883	OK	 
GROUP	XUI_PRL_048_LinkedCases	1706057329259	1706057330953	1691	OK
REQUEST	XUI_PRL_049_CaseFileView	XUI_PRL_049_005_CaseFileView	1706057330954	1706057331053	OK	 
REQUEST	XUI_PRL_049_CaseFileView	XUI_PRL_049_010_CaseFileView	1706057331054	1706057331762	OK	 
GROUP	XUI_PRL_049_CaseFileView	1706057330953	1706057331763	807	OK
GROUP	XUI_PRL_030_CreateCaseStart	1706057331764	1706057331764	0	OK
REQUEST	XUI_PRL_230_ManageSupportFlags	XUI_PRL_230_005_ManageSupportFlags	1706057331765	1706057333431	OK	 
REQUEST	XUI_PRL_230_ManageSupportFlags	XUI_PRL_230_010_ManageSupportFlags	1706057333437	1706057334997	OK	 
GROUP	XUI_PRL_230_ManageSupportFlags	1706057331764	1706057335073	3226	OK
REQUEST	XUI_PRL_240_SubmitSupportChange	XUI_PRL_240_005_SubmitSupportChange	1706057335074	1706057336610	OK	 
GROUP	XUI_PRL_240_SubmitSupportChange	1706057335073	1706057336610	1536	OK
GROUP	XUI_PRL_030_CreateCaseStart	1706057336610	1706057336610	0	OK
REQUEST	XUI_PRL_240_CreateFlag	XUI_PRL_240_005_CreateFlag	1706057336611	1706057337716	OK	 
REQUEST	XUI_PRL_240_CreateFlag	XUI_PRL_240_010_CreateFlag	1706057337717	1706057340936	OK	 
GROUP	XUI_PRL_240_CreateFlag	1706057336611	1706057340951	4324	OK
REQUEST	XUI_PRL_250_CreateFlag	XUI_PRL_250_005_CreateFlag	1706057340951	1706057341250	OK	 
REQUEST	XUI_PRL_250_CreateFlag	XUI_PRL_250_010_CreateFlag	1706057341250	1706057341561	OK	 
GROUP	XUI_PRL_250_CreateFlag	1706057340951	1706057341562	610	OK
REQUEST	XUI_PRL_260_CreateFlag	XUI_PRL_260_005_CreateFlag	1706057341562	1706057342754	OK	 
GROUP	XUI_PRL_260_CreateFlag	1706057341562	1706057342758	1192	OK
REQUEST	XUI_PRL_041_SelectCase	XUI_PRL_041_005_SelectCase	1706057342758	1706057344773	OK	 
GROUP	XUI_PRL_041_SelectCase	1706057342758	1706057344773	2015	OK
REQUEST	XUI_PRL_042_SelectApplication	XUI_PRL_042_005_SelectApplication	1706057344774	1706057344848	OK	 
REQUEST	XUI_PRL_042_SelectApplication	XUI_PRL_032_010_SelectApplication	1706057344849	1706057345960	OK	 
GROUP	XUI_PRL_042_SelectApplication	1706057344773	1706057345961	1185	OK
REQUEST	XUI_PRL_043_SelectSupport	XUI_PRL_043_005_SelectSupport	1706057345961	1706057346017	OK	 
GROUP	XUI_PRL_043_SelectSupport	1706057345961	1706057346017	56	OK
REQUEST	XUI_PRL_044_SelectCaseDocuments	XUI_PRL_044_005_SelectCaseDocuments	1706057346017	1706057346093	OK	 
GROUP	XUI_PRL_044_SelectCaseDocuments	1706057346017	1706057346093	76	OK
REQUEST	XUI_PRL_045_SelectHistory	XUI_PRL_045_005_SelectHistory	1706057346094	1706057346151	OK	 
GROUP	XUI_PRL_045_SelectHistory	1706057346093	1706057346152	57	OK
REQUEST	XUI_PRL_046_SelectServiceRequest	XUI_PRL_046_005_SelectServiceRequest	1706057346152	1706057346202	OK	 
REQUEST	XUI_PRL_046_SelectServiceRequest	XUI_PRL_046_010_SelectServiceRequest	1706057346203	1706057346407	OK	 
GROUP	XUI_PRL_046_SelectServiceRequest	1706057346152	1706057346408	254	OK
REQUEST	XUI_PRL_047_SelectParties	XUI_PRL_047_005_SelectParties	1706057346409	1706057346457	OK	 
REQUEST	XUI_PRL_047_SelectParties	XUI_PRL_047_010_SelectParties	1706057346458	1706057347495	OK	 
GROUP	XUI_PRL_047_SelectParties	1706057346408	1706057347495	1085	OK
REQUEST	XUI_PRL_048_LinkedCases	XUI_PRL_048_005_LinkedCases	1706057347496	1706057347552	OK	 
REQUEST	XUI_PRL_048_LinkedCases	XUI_PRL_048_010_LinkedCases	1706057347553	1706057347728	OK	 
REQUEST	XUI_PRL_048_LinkedCases	XUI_PRL_048_015_LinkedCases	1706057347730	1706057347781	OK	 
GROUP	XUI_PRL_048_LinkedCases	1706057347495	1706057347782	282	OK
REQUEST	XUI_PRL_049_CaseFileView	XUI_PRL_049_005_CaseFileView	1706057347782	1706057347830	OK	 
REQUEST	XUI_PRL_049_CaseFileView	XUI_PRL_049_010_CaseFileView	1706057347830	1706057348260	OK	 
GROUP	XUI_PRL_049_CaseFileView	1706057347782	1706057348260	478	OK
USER	***** PRL Case Flags 2.1 Journey *****	END	1706057348263
