ASSERTION	AAECAAIFAAAAAAAAAFlA
RUN	simulations.PRL_Simulation	prl-simulation	1713524649969	 	3.9.5
USER	***** PRL CUI RA Journey *****	START	1713524650650
REQUEST	PRL_CitizenC100_010_PRLHome	PRL_CitizenC100_010_005_PRLHome	1713524650663	1713524650878	OK	 
REQUEST	PRL_CitizenC100_010_PRLHome	PRL_CitizenC100_010_005_PRLHome Redirect 1	1713524650887	1713524650945	OK	 
REQUEST	PRL_CitizenC100_010_PRLHome	PRL_CitizenC100_010_005_PRLHome Redirect 2	1713524650946	1713524651014	OK	 
REQUEST	PRL_CitizenC100_010_PRLHome	PRL_CitizenC100_010_005_PRLHome Redirect 3	1713524651015	1713524651193	OK	 
GROUP	PRL_CitizenC100_010_PRLHome	1713524650651	1713524652018	1280	OK
REQUEST	PRL_CitizenC100_020_Login	PRL_CitizenC100_020_005_Login	1713524652020	1713524652166	OK	 
REQUEST	PRL_CitizenC100_020_Login	PRL_CitizenC100_020_005_Login Redirect 1	1713524652167	1713524652580	OK	 
REQUEST	PRL_CitizenC100_020_Login	PRL_CitizenC100_020_005_Login Redirect 2	1713524652581	1713524654404	OK	 
GROUP	PRL_CitizenC100_020_Login	1713524652018	1713524654662	2631	OK
REQUEST	PRL_CitizenC100_CUIRA_030_SelectCase	PRL_CitizenC100_CUIRA_030_SelectCase	1713524654663	1713524658728	OK	 
REQUEST	PRL_CitizenC100_CUIRA_030_SelectCase	PRL_CitizenC100_CUIRA_030_SelectCase Redirect 1	1713524658730	1713524658871	OK	 
GROUP	PRL_CitizenC100_CUIRA_030_SelectCase	1713524654662	1713524659040	4369	OK
REQUEST	PRL_CitizenC100_CUIRA_030_005_SelectCase	PRL_CitizenC100_CUIRA_030_005_SelectCase	1713524659040	1713524659192	OK	 
GROUP	PRL_CitizenC100_CUIRA_030_005_SelectCase	1713524659040	1713524659324	282	OK
REQUEST	PRL_CitizenC100_CUIRA_040_RAIntro	PRL_CitizenC100_CUIRA_040_RAIntro	1713524659324	1713524659784	OK	 
GROUP	PRL_CitizenC100_CUIRA_040_RAIntro	1713524659324	1713524659978	647	OK
REQUEST	PRL_CitizenC100_CUIRA_050_RAIntro	PRL_CitizenC100_CUIRA_050_RAIntro	1713524659978	1713524660063	OK	 
REQUEST	PRL_CitizenC100_CUIRA_050_RAIntro	PRL_CitizenC100_CUIRA_050_RAIntro Redirect 1	1713524660066	1713524660185	OK	 
GROUP	PRL_CitizenC100_CUIRA_050_RAIntro	1713524659978	1713524660334	349	OK
REQUEST	PRL_CitizenC100_CUIRA_060_RAIntro	PRL_CitizenC100_CUIRA_060_RAIntro	1713524660336	1713524660419	OK	 
REQUEST	PRL_CitizenC100_CUIRA_060_RAIntro	PRL_CitizenC100_CUIRA_060_RAIntro Redirect 1	1713524660420	1713524660547	OK	 
GROUP	PRL_CitizenC100_CUIRA_060_RAIntro	1713524660334	1713524660697	357	OK
REQUEST	PRL_CitizenC100_CUIRA_070_RAIntro	PRL_CitizenC100_CUIRA_070_RAIntro	1713524660698	1713524662004	OK	 
REQUEST	PRL_CitizenC100_CUIRA_070_RAIntro	PRL_CitizenC100_CUIRA_070_RAIntro Redirect 1	1713524662007	1713524662818	OK	 
REQUEST	PRL_CitizenC100_CUIRA_070_RAIntro	PRL_CitizenC100_CUIRA_070_RAIntro Redirect 2	1713524662818	1713524663608	OK	 
REQUEST	PRL_CitizenC100_CUIRA_070_RAIntro	PRL_CitizenC100_CUIRA_070_RAIntro Redirect 3	1713524663609	1713524664446	OK	 
GROUP	PRL_CitizenC100_CUIRA_070_RAIntro	1713524660697	1713524664795	4091	OK
REQUEST	PRL_CitizenC100_CUIRA_080_Launch_CUIRA	PRL_CitizenC100_CUIRA_080_Launch_CUIRA	1713524664796	1713524667336	OK	 
REQUEST	PRL_CitizenC100_CUIRA_080_Launch_CUIRA	PRL_CitizenC100_CUIRA_080_Launch_CUIRA Redirect 1	1713524667336	1713524668433	OK	 
REQUEST	PRL_CitizenC100_CUIRA_080_Launch_CUIRA	PRL_CitizenC100_CUIRA_080_Launch_CUIRA Redirect 2	1713524668434	1713524668940	KO	headerRegex((Location,https://cui-ra.perftest.platform.hmcts.net/dc/p/([a-z0-9-]+))).find.exists, found nothing
GROUP	PRL_CitizenC100_CUIRA_080_Launch_CUIRA	1713524664795	1713524668952	4143	KO
USER	***** PRL CUI RA Journey *****	END	1713524668956
