ASSERTION	AAECAAIFAAAAAAAAAFlA
RUN	simulations.PRL_Simulation	prl-simulation	1704890422307	 	3.9.5
USER	***** PRL Citizen Journey *****	START	1704890422889
REQUEST	XUI_010_Homepage	XUI_010_005_Homepage	1704890422898	1704890423226	OK	 
REQUEST	XUI_010_Homepage	XUI_Common_000_ConfigurationUI	1704890426337	1704890426441	OK	 
REQUEST	XUI_010_Homepage	XUI_Common_000_ConfigJson	1704890426445	1704890426526	OK	 
REQUEST	XUI_010_Homepage	XUI_Common_000_TsAndCs	1704890426528	1704890426610	OK	 
REQUEST	XUI_010_Homepage	XUI_Common_000_ConfigUI	1704890426613	1704890426725	OK	 
REQUEST	XUI_010_Homepage	XUI_Common_000_UserDetails	1704890426729	1704890426828	OK	 
REQUEST	XUI_010_Homepage	XUI_Common_000_IsAuthenticated	1704890426831	1704890426919	OK	 
REQUEST	XUI_010_Homepage	XUI_010_010_AuthLogin	1704890426921	1704890427018	OK	 
REQUEST	XUI_010_Homepage	XUI_010_010_AuthLogin Redirect 1	1704890427020	1704890427253	OK	 
REQUEST	XUI_010_Homepage	XUI_010_010_AuthLogin Redirect 2	1704890427256	1704890427447	OK	 
GROUP	XUI_010_Homepage	1704890422891	1704890428180	5180	OK
REQUEST	XUI_020_Login	XUI_020_005_Login	1704890428187	1704890428375	OK	 
REQUEST	XUI_020_Login	XUI_020_005_Login Redirect 1	1704890428378	1704890429245	OK	 
REQUEST	XUI_020_Login	XUI_020_005_Login Redirect 2	1704890429251	1704890429343	OK	 
REQUEST	XUI_020_Login	XUI_Common_000_ConfigurationUI	1704890432709	1704890432799	OK	 
REQUEST	XUI_020_Login	XUI_Common_000_ConfigJson	1704890432800	1704890432900	OK	 
REQUEST	XUI_020_Login	XUI_Common_000_TsAndCs	1704890432904	1704890433003	OK	 
REQUEST	XUI_020_Login	XUI_Common_000_ConfigUI	1704890433005	1704890433088	OK	 
REQUEST	XUI_020_Login	XUI_Common_000_UserDetails	1704890433091	1704890433648	OK	 
REQUEST	XUI_020_Login	XUI_Common_000_IsAuthenticated	1704890433652	1704890433756	OK	 
REQUEST	XUI_020_Login	XUI_Common_000_MonitoringTools	1704890433759	1704890433835	OK	 
GROUP	XUI_020_Login	1704890428180	1704890433870	5615	OK
REQUEST	XUI_PRL_030_TaskTab	XUI_PRL_030_005_SelectIssue	1704890433871	1704890460681	OK	 
GROUP	XUI_PRL_030_TaskTab	1704890433870	1704890460696	26810	OK
REQUEST	XUI_PRL_031_AssignToMe	XUI_PRL_031_005_AssignToMe	1704890460698	1704890462991	OK	 
GROUP	XUI_PRL_031_AssignToMe	1704890460696	1704890462991	2293	OK
REQUEST	XUI_PRL_040_SelectCase	XUI_PRL_040_005_SelectIssue	1704890462993	1704890466724	OK	 
REQUEST	XUI_PRL_040_SelectCase	XUI_Common_000_UserDetails	1704890466733	1704890466844	OK	 
GROUP	XUI_PRL_040_SelectCase	1704890462991	1704890466849	3842	OK
REQUEST	XUI_PRL_050_LocalCourt	XUI_PRL_050_005_LocalCourt	1704890466852	1704890468085	OK	 
REQUEST	XUI_PRL_050_LocalCourt	XUI_Common_000_UserDetails	1704890468088	1704890468174	OK	 
GROUP	XUI_PRL_050_LocalCourt	1704890466849	1704890468177	1319	OK
REQUEST	XUI_PRL_060_LocalCourtSubmit	XUI_PRL_060_005_LocalCourtSubmit	1704890468178	1704890492819	OK	 
REQUEST	XUI_PRL_060_LocalCourtSubmit	XUI_Common_000_UserDetails	1704890492825	1704890492924	OK	 
GROUP	XUI_PRL_060_LocalCourtSubmit	1704890468177	1704890492925	24740	OK
REQUEST	XUI_PRL_070_SendToGateKeeper	XUI_PRL_070_005_SendToGateKeeper	1704890492926	1704890495355	OK	 
REQUEST	XUI_PRL_070_SendToGateKeeper	XUI_Common_000_UserDetails	1704890495367	1704890495500	OK	 
GROUP	XUI_PRL_070_SendToGateKeeper	1704890492925	1704890495501	2562	OK
REQUEST	XUI_PRL_080_AddGateKeeper	XUI_PRL_080_005_AddGateKeeper	1704890495502	1704890496520	OK	 
GROUP	XUI_PRL_080_AddGateKeeper	1704890495501	1704890496521	1018	OK
REQUEST	XUI_PRL_090_GateKeeperSubmit	XUI_PRL_090_005_GateKeeperSubmit	1704890496522	1704890498067	OK	 
GROUP	XUI_PRL_090_GateKeeperSubmit	1704890496521	1704890498068	1545	OK
REQUEST	XUI_PRL_180_ServiceOfApplication	XUI_PRL_180_005_ServiceOfApplication	1704890498068	1704890499926	OK	 
REQUEST	XUI_PRL_180_ServiceOfApplication	XUI_Common_000_UserDetails	1704890499940	1704890500053	OK	 
GROUP	XUI_PRL_180_ServiceOfApplication	1704890498068	1704890500054	1971	OK
REQUEST	XUI_PRL_190_PD36QUpload	XUI_PRL_190_005_PD36QUpload	1704890500061	1704890501334	OK	 
GROUP	XUI_PRL_190_PD36QUpload	1704890500054	1704890501340	1273	OK
REQUEST	XUI_PRL_200_SpecialArrangementsUpload	XUI_PRL_200_005_SpecialArrangementsUpload	1704890501341	1704890561345	KO	Request timeout to manage-case.perftest.platform.hmcts.net/13.107.213.64:443 after 60000 ms
GROUP	XUI_PRL_200_SpecialArrangementsUpload	1704890501340	1704890561365	60004	KO
USER	***** PRL Citizen Journey *****	END	1704890561372
