ASSERTION	AAECAAIFAAAAAAAAAFlA
RUN	simulations.PRL_Simulation	prl-simulation	1704805134438	 	3.9.5
USER	***** PRL Citizen Journey *****	START	1704805135840
REQUEST	XUI_010_Homepage	XUI_010_005_Homepage	1704805135850	1704805136308	OK	 
REQUEST	XUI_010_Homepage	XUI_Common_000_ConfigurationUI	1704805138460	1704805138638	OK	 
REQUEST	XUI_010_Homepage	XUI_Common_000_ConfigJson	1704805138642	1704805138720	OK	 
REQUEST	XUI_010_Homepage	XUI_Common_000_TsAndCs	1704805138726	1704805138826	OK	 
REQUEST	XUI_010_Homepage	XUI_Common_000_ConfigUI	1704805138827	1704805138963	OK	 
REQUEST	XUI_010_Homepage	XUI_Common_000_UserDetails	1704805138964	1704805139080	OK	 
REQUEST	XUI_010_Homepage	XUI_Common_000_IsAuthenticated	1704805139082	1704805139165	OK	 
REQUEST	XUI_010_Homepage	XUI_010_010_AuthLogin	1704805139168	1704805139292	OK	 
REQUEST	XUI_010_Homepage	XUI_010_010_AuthLogin Redirect 1	1704805139297	1704805139808	OK	 
REQUEST	XUI_010_Homepage	XUI_010_010_AuthLogin Redirect 2	1704805139809	1704805140103	OK	 
GROUP	XUI_010_Homepage	1704805135841	1704805140879	4889	OK
REQUEST	XUI_020_Login	XUI_020_005_Login	1704805140883	1704805141149	OK	 
REQUEST	XUI_020_Login	XUI_020_005_Login Redirect 1	1704805141153	1704805141919	OK	 
REQUEST	XUI_020_Login	XUI_020_005_Login Redirect 2	1704805141926	1704805142055	OK	 
REQUEST	XUI_020_Login	XUI_Common_000_ConfigurationUI	1704805143687	1704805143796	OK	 
REQUEST	XUI_020_Login	XUI_Common_000_ConfigJson	1704805143798	1704805143892	OK	 
REQUEST	XUI_020_Login	XUI_Common_000_TsAndCs	1704805143893	1704805143984	OK	 
REQUEST	XUI_020_Login	XUI_Common_000_ConfigUI	1704805143985	1704805144071	OK	 
REQUEST	XUI_020_Login	XUI_Common_000_UserDetails	1704805144073	1704805144893	OK	 
REQUEST	XUI_020_Login	XUI_Common_000_IsAuthenticated	1704805144895	1704805145013	OK	 
REQUEST	XUI_020_Login	XUI_Common_000_MonitoringTools	1704805145016	1704805145116	OK	 
GROUP	XUI_020_Login	1704805140879	1704805145147	4206	OK
REQUEST	XUI_PRL_030_CreateCaseStart	XUI_PRL_030_005_CreateCaseStart	1704805145150	1704805155049	OK	 
GROUP	XUI_PRL_030_CreateCaseStart	1704805145148	1704805155082	9899	OK
REQUEST	XUI_PRL_031_Type_Of_Application	XUI_PRL_031_005_Type_Of_Application	1704805155084	1704805156818	OK	 
GROUP	XUI_PRL_031_Type_Of_Application	1704805155082	1704805156819	1734	OK
REQUEST	XUI_PRL_032_ApplicationCheckYourAnswers	XUI_PRL_032_005_ApplicationCheckYourAnswers	1704805156821	1704805180563	OK	 
GROUP	XUI_PRL_032_ApplicationCheckYourAnswers	1704805156819	1704805180582	23742	OK
REQUEST	XUI_PRL_033_ApplicationDetails	XUI_PRL_033_005_ApplicationDetails	1704805180583	1704805183944	OK	 
GROUP	XUI_PRL_033_ApplicationDetails	1704805180582	1704805184015	3361	OK
REQUEST	XUI_PRL_034_EnterApplicationDetails	XUI_PRL_034_005_EnterApplicationDetails	1704805184015	1704805185439	OK	 
GROUP	XUI_PRL_034_EnterApplicationDetails	1704805184015	1704805185439	1424	OK
REQUEST	XUI_PRL_035_SubmitApplicationDetails	XUI_PRL_035_005_SubmitApplicationDetails	1704805185441	1704805195552	OK	 
GROUP	XUI_PRL_035_SubmitApplicationDetails	1704805185440	1704805195554	10111	OK
REQUEST	XUI_PRL_036_SubmitAndPay	XUI_PRL_036_005_SubmitAndPay	1704805195555	1704805225640	KO	status.find.in([200, 209], 304), found 504
GROUP	XUI_PRL_036_SubmitAndPay	1704805195554	1704805225674	30085	KO
USER	***** PRL Citizen Journey *****	END	1704805225682
