ASSERTION	AAECAAIFAAAAAAAAAFlA
RUN	simulations.PRL_Simulation	prl-simulation	1697631284268	 	3.9.5
USER	***** Private Law Create Case *****	START	1697631286319
REQUEST	XUI_010_Homepage	XUI_010_005_Homepage	1697631286348	1697631289462	OK	 
REQUEST	XUI_010_Homepage	XUI_Common_000_ConfigurationUI	1697631309570	1697631309623	OK	 
REQUEST	XUI_010_Homepage	XUI_Common_000_ConfigJson	1697631309628	1697631309646	OK	 
REQUEST	XUI_010_Homepage	XUI_Common_000_TsAndCs	1697631309648	1697631309708	OK	 
REQUEST	XUI_010_Homepage	XUI_Common_000_ConfigUI	1697631309710	1697631310650	OK	 
REQUEST	XUI_010_Homepage	XUI_Common_000_UserDetails	1697631310652	1697631310769	OK	 
REQUEST	XUI_010_Homepage	XUI_Common_000_IsAuthenticated	1697631310778	1697631310974	OK	 
REQUEST	XUI_010_Homepage	XUI_010_010_AuthLogin	1697631310980	1697631311422	OK	 
REQUEST	XUI_010_Homepage	XUI_010_010_AuthLogin Redirect 1	1697631311429	1697631312793	OK	 
REQUEST	XUI_010_Homepage	XUI_010_010_AuthLogin Redirect 2	1697631312799	1697631315604	OK	 
GROUP	XUI_010_Homepage	1697631286321	1697631318515	32059	OK
REQUEST	XUI_020_Login	XUI_020_005_Login	1697631318516	1697631318624	OK	 
REQUEST	XUI_020_Login	XUI_020_005_Login Redirect 1	1697631318624	1697631320186	OK	 
REQUEST	XUI_020_Login	XUI_020_005_Login Redirect 2	1697631320191	1697631320799	OK	 
REQUEST	XUI_020_Login	XUI_Common_000_ConfigurationUI	1697631350221	1697631351171	OK	 
REQUEST	XUI_020_Login	XUI_Common_000_ConfigJson	1697631351172	1697631351204	OK	 
REQUEST	XUI_020_Login	XUI_Common_000_TsAndCs	1697631351205	1697631351347	OK	 
REQUEST	XUI_020_Login	XUI_Common_000_ConfigUI	1697631351348	1697631353096	OK	 
REQUEST	XUI_020_Login	XUI_Common_000_UserDetails	1697631353098	1697631354270	OK	 
REQUEST	XUI_020_Login	XUI_Common_000_IsAuthenticated	1697631354272	1697631354431	OK	 
REQUEST	XUI_020_Login	XUI_Common_000_MonitoringTools	1697631354436	1697631354707	OK	 
GROUP	XUI_020_Login	1697631318515	1697631354729	36169	OK
REQUEST	XUI_PRL_030_CreateCaseStart	XUI_PRL_030_005_CreateCaseStart	1697631354732	1697631356672	OK	 
GROUP	XUI_PRL_030_CreateCaseStart	1697631354730	1697631356681	1940	OK
REQUEST	XUI_PRL_031_Type_Of_Application	XUI_PRL_031_005_Type_Of_Application	1697631356683	1697631357527	OK	 
GROUP	XUI_PRL_031_Type_Of_Application	1697631356681	1697631357527	844	OK
REQUEST	XUI_PRL_032_ApplicationCheckYourAnswers	XUI_PRL_032_005_ApplicationCheckYourAnswers	1697631357527	1697631362827	OK	 
GROUP	XUI_PRL_032_ApplicationCheckYourAnswers	1697631357527	1697631362837	5300	OK
REQUEST	XUI_PRL_033_ApplicationDetails	XUI_PRL_033_005_ApplicationDetails	1697631362837	1697631367050	OK	 
GROUP	XUI_PRL_033_ApplicationDetails	1697631362837	1697631367084	4213	OK
REQUEST	XUI_PRL_034_EnterApplicationDetails	XUI_PRL_034_005_EnterApplicationDetails	1697631367085	1697631367915	OK	 
GROUP	XUI_PRL_034_EnterApplicationDetails	1697631367084	1697631367918	830	OK
REQUEST	XUI_PRL_035_SubmitApplicationDetails	XUI_PRL_035_005_SubmitApplicationDetails	1697631367919	1697631374719	OK	 
GROUP	XUI_PRL_035_SubmitApplicationDetails	1697631367918	1697631374721	6800	OK
REQUEST	XUI_PRL_036_SubmitAndPay	XUI_PRL_036_005_SubmitAndPay	1697631374721	1697631383128	OK	 
GROUP	XUI_PRL_036_SubmitAndPay	1697631374721	1697631383138	8407	OK
REQUEST	XUI_PRL_037_ConfidentialityStatement	XUI_PRL_037_005_ConfidentialityStatement	1697631383138	1697631383881	OK	 
GROUP	XUI_PRL_037_ConfidentialityStatement	1697631383138	1697631383882	743	OK
REQUEST	XUI_PRL_038_Declaration	XUI_PRL_038_005_Declaration	1697631383883	1697631384907	OK	 
GROUP	XUI_PRL_038_Declaration	1697631383883	1697631384908	1024	OK
REQUEST	XUI_PRL_039_Continue	XUI_PRL_039_005_Continue	1697631384908	1697631385788	OK	 
GROUP	XUI_PRL_039_Continue	1697631384908	1697631385789	880	OK
REQUEST	XUI_PRL_040_Continue	XUI_PRL_039_005_Continue	1697631385790	1697631397927	OK	 
GROUP	XUI_PRL_040_Continue	1697631385789	1697631397936	12137	OK
REQUEST	XUI_PRL_042_DummyPaymentConfirmation 	XUI_PRL_040_005_DummyPaymentConfirmation 	1697631397937	1697631399778	OK	 
GROUP	XUI_PRL_042_DummyPaymentConfirmation 	1697631397937	1697631399778	1841	OK
REQUEST	XUI_PRL_041_PaymentOption	XUI_PRL_041_005_PaymentOption	1697631399779	1697631401349	OK	 
GROUP	XUI_PRL_041_PaymentOption	1697631399778	1697631401350	1570	OK
ERROR	XUI_PRL_042_005_CardDetails: Failed to build request: No attribute named 'chargeId' is defined 	1697631401351
GROUP	XUI_PRL_042_CardDetails	1697631401350	1697631401352	0	KO
USER	***** Private Law Create Case *****	END	1697631401356
