ASSERTION	AAECAAIFAAAAAAAAAFlA
RUN	simulations.PRL_Simulation	prl-simulation	1706630994448	 	3.9.5
USER	***** PRL Citizen Journey *****	START	1706630994941
REQUEST	XUI_010_Homepage	XUI_010_005_Homepage	1706630994951	1706630995165	OK	 
REQUEST	XUI_010_Homepage	XUI_Common_000_ConfigurationUI	1706630996267	1706630996298	OK	 
REQUEST	XUI_010_Homepage	XUI_Common_000_ConfigJson	1706630996299	1706630996345	OK	 
REQUEST	XUI_010_Homepage	XUI_Common_000_TsAndCs	1706630996346	1706630996372	OK	 
REQUEST	XUI_010_Homepage	XUI_Common_000_ConfigUI	1706630996373	1706630996402	OK	 
REQUEST	XUI_010_Homepage	XUI_Common_000_UserDetails	1706630996403	1706630996426	OK	 
REQUEST	XUI_010_Homepage	XUI_Common_000_IsAuthenticated	1706630996426	1706630996449	OK	 
REQUEST	XUI_010_Homepage	XUI_010_010_AuthLogin	1706630996451	1706630996479	OK	 
REQUEST	XUI_010_Homepage	XUI_010_010_AuthLogin Redirect 1	1706630996481	1706630996550	OK	 
REQUEST	XUI_010_Homepage	XUI_010_010_AuthLogin Redirect 2	1706630996551	1706630996607	OK	 
GROUP	XUI_010_Homepage	1706630994942	1706630996833	1813	OK
REQUEST	XUI_020_Login	XUI_020_005_Login	1706630996836	1706630996938	OK	 
REQUEST	XUI_020_Login	XUI_020_005_Login Redirect 1	1706630996938	1706630997472	OK	 
REQUEST	XUI_020_Login	XUI_020_005_Login Redirect 2	1706630997473	1706630997495	OK	 
REQUEST	XUI_020_Login	XUI_Common_000_ConfigurationUI	1706630998523	1706630998550	OK	 
REQUEST	XUI_020_Login	XUI_Common_000_ConfigJson	1706630998550	1706630998573	OK	 
REQUEST	XUI_020_Login	XUI_Common_000_TsAndCs	1706630998575	1706630998604	OK	 
REQUEST	XUI_020_Login	XUI_Common_000_ConfigUI	1706630998604	1706630998646	OK	 
REQUEST	XUI_020_Login	XUI_Common_000_UserDetails	1706630998651	1706630999030	OK	 
REQUEST	XUI_020_Login	XUI_Common_000_IsAuthenticated	1706630999031	1706630999072	OK	 
REQUEST	XUI_020_Login	XUI_Common_000_MonitoringTools	1706630999073	1706630999115	OK	 
GROUP	XUI_020_Login	1706630996833	1706630999141	2266	OK
REQUEST	XUI_010_Homepage	XUI_010_005_Homepage	1706630999143	1706630999170	OK	 
REQUEST	XUI_010_Homepage	XUI_Common_000_ConfigurationUI	1706631000456	1706631000481	OK	 
REQUEST	XUI_010_Homepage	XUI_Common_000_ConfigJson	1706631000481	1706631000503	OK	 
REQUEST	XUI_010_Homepage	XUI_Common_000_TsAndCs	1706631000504	1706631000529	OK	 
REQUEST	XUI_010_Homepage	XUI_Common_000_ConfigUI	1706631000530	1706631000559	OK	 
REQUEST	XUI_010_Homepage	XUI_Common_000_UserDetails	1706631000560	1706631000586	OK	 
REQUEST	XUI_010_Homepage	XUI_Common_000_IsAuthenticated	1706631000586	1706631000613	OK	 
REQUEST	XUI_010_Homepage	XUI_010_010_AuthLogin	1706631000614	1706631000639	OK	 
REQUEST	XUI_010_Homepage	XUI_010_010_AuthLogin Redirect 1	1706631000640	1706631000674	OK	 
REQUEST	XUI_010_Homepage	XUI_010_010_AuthLogin Redirect 2	1706631000674	1706631000744	OK	 
GROUP	XUI_010_Homepage	1706630999142	1706631000950	1795	OK
REQUEST	XUI_020_Login	XUI_020_005_Login	1706631000950	1706631001096	OK	 
REQUEST	XUI_020_Login	XUI_020_005_Login Redirect 1	1706631001097	1706631001777	OK	 
REQUEST	XUI_020_Login	XUI_020_005_Login Redirect 2	1706631001777	1706631001805	OK	 
REQUEST	XUI_020_Login	XUI_Common_000_ConfigurationUI	1706631003167	1706631003196	OK	 
REQUEST	XUI_020_Login	XUI_Common_000_ConfigJson	1706631003197	1706631003224	OK	 
REQUEST	XUI_020_Login	XUI_Common_000_TsAndCs	1706631003225	1706631003254	OK	 
REQUEST	XUI_020_Login	XUI_Common_000_ConfigUI	1706631003255	1706631003279	OK	 
REQUEST	XUI_020_Login	XUI_Common_000_UserDetails	1706631003281	1706631003335	OK	 
REQUEST	XUI_020_Login	XUI_Common_000_IsAuthenticated	1706631003335	1706631003359	OK	 
REQUEST	XUI_020_Login	XUI_Common_000_MonitoringTools	1706631003360	1706631003383	OK	 
GROUP	XUI_020_Login	1706631000950	1706631003384	2425	OK
REQUEST	XUI_PRL_030_TaskTab	XUI_PRL_030_005_SelectIssue	1706631003384	1706631003473	KO	jsonPath($[0].id).find.exists, found nothing
GROUP	XUI_PRL_030_TaskTab	1706631003384	1706631003489	89	KO
USER	***** PRL Citizen Journey *****	END	1706631003492
