ASSERTION	AAECAAIFAAAAAAAAAFlA
RUN	simulations.PRL_Simulation	prl-simulation	1713461435903	 	3.9.5
USER	***** PRL CUI RA Journey *****	START	1713461436734
REQUEST	PRL_CitizenC100_010_PRLHome	PRL_CitizenC100_010_005_PRLHome	1713461436745	1713461436932	OK	 
REQUEST	PRL_CitizenC100_010_PRLHome	PRL_CitizenC100_010_005_PRLHome Redirect 1	1713461436938	1713461437022	OK	 
REQUEST	PRL_CitizenC100_010_PRLHome	PRL_CitizenC100_010_005_PRLHome Redirect 2	1713461437022	1713461437073	OK	 
REQUEST	PRL_CitizenC100_010_PRLHome	PRL_CitizenC100_010_005_PRLHome Redirect 3	1713461437074	1713461437308	OK	 
GROUP	PRL_CitizenC100_010_PRLHome	1713461436735	1713461437642	842	OK
REQUEST	PRL_CitizenC100_020_Login	PRL_CitizenC100_020_005_Login	1713461437644	1713461437772	OK	 
REQUEST	PRL_CitizenC100_020_Login	PRL_CitizenC100_020_005_Login Redirect 1	1713461437773	1713461438334	OK	 
REQUEST	PRL_CitizenC100_020_Login	PRL_CitizenC100_020_005_Login Redirect 2	1713461438335	1713461439997	OK	 
GROUP	PRL_CitizenC100_020_Login	1713461437643	1713461440228	2575	OK
REQUEST	PRL_CitizenC100_CUIRA_030_SelectCase	PRL_CitizenC100_CUIRA_030_SelectCase	1713461440229	1713461443377	OK	 
REQUEST	PRL_CitizenC100_CUIRA_030_SelectCase	PRL_CitizenC100_CUIRA_030_SelectCase Redirect 1	1713461443378	1713461443500	OK	 
GROUP	PRL_CitizenC100_CUIRA_030_SelectCase	1713461440228	1713461443636	3400	OK
REQUEST	PRL_CitizenC100_CUIRA_030_005_SelectCase	PRL_CitizenC100_CUIRA_030_005_SelectCase	1713461443636	1713461443756	OK	 
GROUP	PRL_CitizenC100_CUIRA_030_005_SelectCase	1713461443636	1713461443875	236	OK
REQUEST	PRL_CitizenC100_CUIRA_040_RAIntro	PRL_CitizenC100_CUIRA_040_RAIntro	1713461443876	1713461444504	OK	 
GROUP	PRL_CitizenC100_CUIRA_040_RAIntro	1713461443875	1713461444651	772	OK
REQUEST	PRL_CitizenC100_CUIRA_050_RAIntro	PRL_CitizenC100_CUIRA_050_RAIntro	1713461444652	1713461444710	OK	 
REQUEST	PRL_CitizenC100_CUIRA_050_RAIntro	PRL_CitizenC100_CUIRA_050_RAIntro Redirect 1	1713461444711	1713461444791	OK	 
REQUEST	PRL_CitizenC100_CUIRA_050_RAIntro	PRL_CitizenC100_CUIRA_050_RAIntro Redirect 2	1713461444792	1713461446068	KO	substring(Language requirements).find.exists, found nothing
GROUP	PRL_CitizenC100_CUIRA_050_RAIntro	1713461444651	1713461446078	1414	KO
USER	***** PRL CUI RA Journey *****	END	1713461446082
