ASSERTION	AAECAAIFAAAAAAAAAFlA
RUN	simulations.PRL_Simulation	prl-simulation	1697619488408	 	3.9.5
USER	***** Private Law Create Case *****	START	1697619488770
REQUEST	XUI_010_Homepage	XUI_010_005_Homepage	1697619488788	1697619488871	OK	 
REQUEST	XUI_010_Homepage	XUI_Common_000_ConfigurationUI	1697619490132	1697619490201	OK	 
REQUEST	XUI_010_Homepage	XUI_Common_000_ConfigJson	1697619490205	1697619490217	OK	 
REQUEST	XUI_010_Homepage	XUI_Common_000_TsAndCs	1697619490219	1697619490257	OK	 
REQUEST	XUI_010_Homepage	XUI_Common_000_ConfigUI	1697619490259	1697619490289	OK	 
REQUEST	XUI_010_Homepage	XUI_Common_000_UserDetails	1697619490291	1697619490347	OK	 
REQUEST	XUI_010_Homepage	XUI_Common_000_IsAuthenticated	1697619490349	1697619490387	OK	 
REQUEST	XUI_010_Homepage	XUI_010_010_AuthLogin	1697619490390	1697619490478	OK	 
REQUEST	XUI_010_Homepage	XUI_010_010_AuthLogin Redirect 1	1697619490480	1697619490647	OK	 
REQUEST	XUI_010_Homepage	XUI_010_010_AuthLogin Redirect 2	1697619490650	1697619490722	OK	 
GROUP	XUI_010_Homepage	1697619488771	1697619490965	2098	OK
REQUEST	XUI_020_Login	XUI_020_005_Login	1697619490967	1697619491335	OK	 
REQUEST	XUI_020_Login	XUI_020_005_Login Redirect 1	1697619491336	1697619491862	OK	 
REQUEST	XUI_020_Login	XUI_020_005_Login Redirect 2	1697619491863	1697619491908	OK	 
REQUEST	XUI_020_Login	XUI_Common_000_ConfigurationUI	1697619492449	1697619492518	OK	 
REQUEST	XUI_020_Login	XUI_Common_000_ConfigJson	1697619492519	1697619492541	OK	 
REQUEST	XUI_020_Login	XUI_Common_000_TsAndCs	1697619492541	1697619492595	OK	 
REQUEST	XUI_020_Login	XUI_Common_000_ConfigUI	1697619492597	1697619492685	OK	 
REQUEST	XUI_020_Login	XUI_Common_000_UserDetails	1697619492687	1697619492943	OK	 
REQUEST	XUI_020_Login	XUI_Common_000_IsAuthenticated	1697619492944	1697619492993	OK	 
REQUEST	XUI_020_Login	XUI_Common_000_MonitoringTools	1697619492996	1697619493049	OK	 
GROUP	XUI_020_Login	1697619490966	1697619493070	2068	OK
REQUEST	XUI_PRL_030_CreateCaseStart	XUI_PRL_030_005_CreateCaseStart	1697619493073	1697619494749	OK	 
GROUP	XUI_PRL_030_CreateCaseStart	1697619493071	1697619494758	1676	OK
REQUEST	XUI_PRL_031_Type_Of_Application	XUI_PRL_031_005_Type_Of_Application	1697619494759	1697619495569	OK	 
GROUP	XUI_PRL_031_Type_Of_Application	1697619494758	1697619495569	810	OK
REQUEST	XUI_PRL_032_ApplicationCheckYourAnswers	XUI_PRL_032_005_ApplicationCheckYourAnswers	1697619495570	1697619500195	OK	 
GROUP	XUI_PRL_032_ApplicationCheckYourAnswers	1697619495569	1697619500211	4625	OK
REQUEST	XUI_PRL_033_ApplicationDetails	XUI_PRL_033_005_ApplicationDetails	1697619500212	1697619501711	OK	 
GROUP	XUI_PRL_033_ApplicationDetails	1697619500211	1697619501748	1499	OK
REQUEST	XUI_PRL_034_EnterApplicationDetails	XUI_PRL_034_005_EnterApplicationDetails	1697619501750	1697619502499	OK	 
GROUP	XUI_PRL_034_EnterApplicationDetails	1697619501749	1697619502501	749	OK
REQUEST	XUI_PRL_035_SubmitApplicationDetails	XUI_PRL_035_005_SubmitApplicationDetails	1697619502502	1697619507883	OK	 
GROUP	XUI_PRL_035_SubmitApplicationDetails	1697619502501	1697619507885	5381	OK
REQUEST	XUI_PRL_036_SubmitAndPay	XUI_PRL_036_005_SubmitAndPay	1697619507885	1697619514863	OK	 
GROUP	XUI_PRL_036_SubmitAndPay	1697619507885	1697619514875	6978	OK
REQUEST	XUI_PRL_037_ConfidentialityStatement	XUI_PRL_037_005_ConfidentialityStatement	1697619514875	1697619515403	OK	 
GROUP	XUI_PRL_037_ConfidentialityStatement	1697619514875	1697619515403	528	OK
REQUEST	XUI_PRL_038_Declaration	XUI_PRL_038_005_Declaration	1697619515403	1697619516249	OK	 
GROUP	XUI_PRL_038_Declaration	1697619515403	1697619516250	846	OK
REQUEST	XUI_PRL_039_Continue	XUI_PRL_039_005_Continue	1697619516252	1697619516946	OK	 
GROUP	XUI_PRL_039_Continue	1697619516250	1697619516946	694	OK
REQUEST	XUI_PRL_040_Continue	XUI_PRL_040_005_Continue	1697619516947	1697619517001	KO	substring(payment_group_reference).find.exists, found nothing
GROUP	XUI_PRL_040_Continue	1697619516946	1697619517015	54	KO
USER	***** Private Law Create Case *****	END	1697619517018
