ASSERTION	AAECAAIFAAAAAAAAAFlA
RUN	simulations.PRL_Simulation	prl-simulation	1711468076059	 	3.9.5
USER	***** PRL Citizen Journey *****	START	1711468076538
REQUEST	PRL_CitizenC100_010_PRLHome	PRL_CitizenC100_010_005_PRLHome	1711468076558	1711468076635	OK	 
REQUEST	PRL_CitizenC100_010_PRLHome	PRL_CitizenC100_010_005_PRLHome Redirect 1	1711468076642	1711468076691	OK	 
REQUEST	PRL_CitizenC100_010_PRLHome	PRL_CitizenC100_010_005_PRLHome Redirect 2	1711468076692	1711468076739	OK	 
REQUEST	PRL_CitizenC100_010_PRLHome	PRL_CitizenC100_010_005_PRLHome Redirect 3	1711468076740	1711468076829	OK	 
GROUP	PRL_CitizenC100_010_PRLHome	1711468076539	1711468078224	1610	OK
REQUEST	PRL_CitizenC100_020_Login	PRL_CitizenC100_020_005_Login	1711468078232	1711468078356	OK	 
REQUEST	PRL_CitizenC100_020_Login	PRL_CitizenC100_020_005_Login Redirect 1	1711468078359	1711468078935	OK	 
REQUEST	PRL_CitizenC100_020_Login	PRL_CitizenC100_020_005_Login Redirect 2	1711468078939	1711468081194	OK	 
GROUP	PRL_CitizenC100_020_Login	1711468078226	1711468082215	3963	OK
REQUEST	PRL_CitizenC100_025_ChildArrangementsApplication	PRL_CitizenC100_025_005_ChildArrangementsApplication	1711468082216	1711468082471	OK	 
GROUP	PRL_CitizenC100_025_ChildArrangementsApplication	1711468082215	1711468082591	360	OK
REQUEST	PRL_CitizenC100_030_StartApplication	PRL_CitizenC100_030_005_StartApplication	1711468082592	1711468082748	OK	 
GROUP	PRL_CitizenC100_030_StartApplication	1711468082591	1711468082952	353	OK
REQUEST	PRL_CitizenC100_040_WhatYouWillNeed	PRL_CitizenC100_040_005_WhatYouWillNeed	1711468082953	1711468091203	OK	 
REQUEST	PRL_CitizenC100_040_WhatYouWillNeed	PRL_CitizenC100_040_005_WhatYouWillNeed Redirect 1	1711468091204	1711468091284	OK	 
GROUP	PRL_CitizenC100_040_WhatYouWillNeed	1711468082952	1711468091387	8427	OK
REQUEST	PRL_CitizenC100_060_ChildrenPostCode	PRL_CitizenC100_060_005_ChildrenPostCode	1711468091389	1711468091435	OK	 
REQUEST	PRL_CitizenC100_060_ChildrenPostCode	PRL_CitizenC100_060_005_ChildrenPostCode Redirect 1	1711468091435	1711468091484	OK	 
GROUP	PRL_CitizenC100_060_ChildrenPostCode	1711468091387	1711468091577	183	OK
REQUEST	PRL_CitizenC100_070_WrittenAgreement	PRL_CitizenC100_070_005_WrittenAgreement	1711468091578	1711468091618	OK	 
REQUEST	PRL_CitizenC100_070_WrittenAgreement	PRL_CitizenC100_070_005_WrittenAgreement Redirect 1	1711468091618	1711468091717	OK	 
GROUP	PRL_CitizenC100_070_WrittenAgreement	1711468091577	1711468091823	240	OK
REQUEST	PRL_CitizenC100_080_BeforeCourt	PRL_CitizenC100_080_005_BeforeCourt	1711468091824	1711468091885	OK	 
REQUEST	PRL_CitizenC100_080_BeforeCourt	PRL_CitizenC100_080_005_BeforeCourt Redirect 1	1711468091886	1711468091921	OK	 
GROUP	PRL_CitizenC100_080_BeforeCourt	1711468091823	1711468091984	155	OK
REQUEST	PRL_CitizenC100_090_ReachAgreement	PRL_CitizenC100_090_005_ReachAgreement	1711468091984	1711468092017	OK	 
REQUEST	PRL_CitizenC100_090_ReachAgreement	PRL_CitizenC100_090_005_ReachAgreement Redirect 1	1711468092018	1711468092070	OK	 
GROUP	PRL_CitizenC100_090_ReachAgreement	1711468091984	1711468092167	177	OK
REQUEST	PRL_CitizenC100_100_LegalRep	PRL_CitizenC100_100_005_LegalRep	1711468092168	1711468092196	OK	 
REQUEST	PRL_CitizenC100_100_LegalRep	PRL_CitizenC100_100_005_LegalRep Redirect 1	1711468092198	1711468092251	OK	 
GROUP	PRL_CitizenC100_100_LegalRep	1711468092167	1711468092325	153	OK
REQUEST	PRL_CitizenC100_110_PermissionFromCourt	PRL_CitizenC100_110_005_PermissionFromCourt	1711468092326	1711468092376	OK	 
REQUEST	PRL_CitizenC100_110_PermissionFromCourt	PRL_CitizenC100_110_005_PermissionFromCourt Redirect 1	1711468092378	1711468092435	OK	 
GROUP	PRL_CitizenC100_110_PermissionFromCourt	1711468092326	1711468092561	230	OK
REQUEST	PRL_CitizenC100_120_WhyPermissionFromCourt	PRL_CitizenC100_120_005_WhyPermissionFromCourt	1711468092563	1711468092590	OK	 
REQUEST	PRL_CitizenC100_120_WhyPermissionFromCourt	PRL_CitizenC100_120_005_WhyPermissionFromCourt Redirect 1	1711468092591	1711468092963	OK	 
GROUP	PRL_CitizenC100_120_WhyPermissionFromCourt	1711468092562	1711468093169	602	OK
REQUEST	PRL_CitizenC100_130_WhyCourtShouldGrant	PRL_CitizenC100_130_005_WhyCourtShouldGrant	1711468093170	1711468093216	OK	 
REQUEST	PRL_CitizenC100_130_WhyCourtShouldGrant	PRL_CitizenC100_130_005_WhyCourtShouldGrant Redirect 1	1711468093217	1711468093283	OK	 
GROUP	PRL_CitizenC100_130_WhyCourtShouldGrant	1711468093169	1711468093388	210	OK
REQUEST	PRL_CitizenC100_140_InvolvedInEmergencyProtection	PRL_CitizenC100_140_005_InvolvedInEmergencyProtection	1711468093389	1711468093417	OK	 
REQUEST	PRL_CitizenC100_140_InvolvedInEmergencyProtection	PRL_CitizenC100_140_005_InvolvedInEmergencyProtection Redirect 1	1711468093418	1711468093489	OK	 
GROUP	PRL_CitizenC100_140_InvolvedInEmergencyProtection	1711468093388	1711468093619	224	OK
REQUEST	PRL_CitizenC100_150_AttendingMIAM	PRL_CitizenC100_150_005_AttendingMIAM	1711468093620	1711468093647	OK	 
REQUEST	PRL_CitizenC100_150_AttendingMIAM	PRL_CitizenC100_150_005_AttendingMIAM Redirect 1	1711468093648	1711468093767	OK	 
GROUP	PRL_CitizenC100_150_AttendingMIAM	1711468093619	1711468093849	224	OK
REQUEST	PRL_CitizenC100_160_AttendedMIAM	PRL_CitizenC100_160_005_AttendedMIAM	1711468093849	1711468093878	OK	 
REQUEST	PRL_CitizenC100_160_AttendedMIAM	PRL_CitizenC100_160_005_AttendedMIAM Redirect 1	1711468093879	1711468093949	OK	 
GROUP	PRL_CitizenC100_160_AttendedMIAM	1711468093849	1711468094034	179	OK
REQUEST	PRL_CitizenC100_170_DocumentSigned	PRL_CitizenC100_170_005_DocumentSigned	1711468094035	1711468094062	OK	 
REQUEST	PRL_CitizenC100_170_DocumentSigned	PRL_CitizenC100_170_005_DocumentSigned Redirect 1	1711468094063	1711468094105	OK	 
GROUP	PRL_CitizenC100_170_DocumentSigned	1711468094034	1711468094176	135	OK
REQUEST	PRL_CitizenC100_180_MIAMUpload	PRL_CitizenC100_180_005_MIAMUpload	1711468094185	1711468096034	OK	 
REQUEST	PRL_CitizenC100_180_MIAMUpload	PRL_CitizenC100_180_005_MIAMUpload Redirect 1	1711468096036	1711468096119	OK	 
GROUP	PRL_CitizenC100_180_MIAMUpload	1711468094176	1711468096253	2060	OK
REQUEST	PRL_CitizenC100_190_MIAMUploadSubmit	PRL_CitizenC100_190_005_MIAMUploadSubmit	1711468096254	1711468096285	OK	 
REQUEST	PRL_CitizenC100_190_MIAMUploadSubmit	PRL_CitizenC100_190_005_MIAMUploadSubmit Redirect 1	1711468096286	1711468096362	OK	 
GROUP	PRL_CitizenC100_190_MIAMUploadSubmit	1711468096254	1711468096474	217	OK
REQUEST	PRL_CitizenC100_200_MIAMUploadContinue	PRL_CitizenC100_200_005_MIAMUploadContinue	1711468096476	1711468096505	OK	 
REQUEST	PRL_CitizenC100_200_MIAMUploadContinue	PRL_CitizenC100_200_005_MIAMUploadContinue Redirect 1	1711468096506	1711468096585	OK	 
GROUP	PRL_CitizenC100_200_MIAMUploadContinue	1711468096474	1711468096652	174	OK
REQUEST	PRL_CitizenC100_210_AskingCourtToDo	PRL_CitizenC100_210_005_AskingCourtToDo	1711468096653	1711468096680	OK	 
REQUEST	PRL_CitizenC100_210_AskingCourtToDo	PRL_CitizenC100_210_005_AskingCourtToDo Redirect 1	1711468096681	1711468096751	OK	 
GROUP	PRL_CitizenC100_210_AskingCourtToDo	1711468096652	1711468097000	342	OK
REQUEST	PRL_CitizenC100_220_WouldLikeCourtTo	PRL_CitizenC100_220_005_WouldLikeCourtTo	1711468097001	1711468097029	OK	 
REQUEST	PRL_CitizenC100_220_WouldLikeCourtTo	PRL_CitizenC100_220_005_WouldLikeCourtTo Redirect 1	1711468097030	1711468097110	OK	 
GROUP	PRL_CitizenC100_220_WouldLikeCourtTo	1711468097000	1711468097177	170	OK
REQUEST	PRL_CitizenC100_230_DescribeWhatCourt	PRL_CitizenC100_230_005_DescribeWhatCourt	1711468097179	1711468097205	OK	 
REQUEST	PRL_CitizenC100_230_DescribeWhatCourt	PRL_CitizenC100_230_005_DescribeWhatCourt Redirect 1	1711468097206	1711468097257	OK	 
GROUP	PRL_CitizenC100_230_DescribeWhatCourt	1711468097177	1711468097402	219	OK
REQUEST	PRL_CitizenC100_240_UrgentFirstHearing	PRL_CitizenC100_240_005_UrgentFirstHearing	1711468097404	1711468097432	OK	 
REQUEST	PRL_CitizenC100_240_UrgentFirstHearing	PRL_CitizenC100_240_005_UrgentFirstHearing Redirect 1	1711468097433	1711468097503	OK	 
GROUP	PRL_CitizenC100_240_UrgentFirstHearing	1711468097402	1711468097567	159	OK
REQUEST	PRL_CitizenC100_250_UrgentHearingDetails	PRL_CitizenC100_250_005_UrgentHearingDetails	1711468097568	1711468097594	OK	 
REQUEST	PRL_CitizenC100_250_UrgentHearingDetails	PRL_CitizenC100_250_005_UrgentHearingDetails Redirect 1	1711468097598	1711468097666	OK	 
GROUP	PRL_CitizenC100_250_UrgentHearingDetails	1711468097568	1711468097827	252	OK
REQUEST	PRL_CitizenC100_260_AskingForWithoutNotice	PRL_CitizenC100_260_005_AskingForWithoutNotice	1711468097828	1711468097857	OK	 
REQUEST	PRL_CitizenC100_260_AskingForWithoutNotice	PRL_CitizenC100_260_005_AskingForWithoutNotice Redirect 1	1711468097858	1711468097911	OK	 
GROUP	PRL_CitizenC100_260_AskingForWithoutNotice	1711468097828	1711468097993	160	OK
REQUEST	PRL_CitizenC100_270_WithoutNoticeDetails	PRL_CitizenC100_270_005_WithoutNoticeDetails	1711468097994	1711468098022	OK	 
REQUEST	PRL_CitizenC100_270_WithoutNoticeDetails	PRL_CitizenC100_270_005_WithoutNoticeDetails Redirect 1	1711468098023	1711468098088	OK	 
GROUP	PRL_CitizenC100_270_WithoutNoticeDetails	1711468097993	1711468098148	150	OK
REQUEST	PRL_CitizenC100_280_ChildrenName	PRL_CitizenC100_280_005_ChildrenName	1711468098149	1711468098177	OK	 
GROUP	PRL_CitizenC100_280_ChildrenName	1711468098148	1711468098181	28	OK
REQUEST	PRL_CitizenC100_285_ChildrenNameRedirect	PRL_CitizenC100_280_005_ChildrenName	1711468098181	1711468098226	OK	 
GROUP	PRL_CitizenC100_285_ChildrenNameRedirect	1711468098181	1711468098308	122	OK
REQUEST	PRL_CitizenC100_290_ChildDetails	PRL_CitizenC100_290_005_ChildDetails	1711468098308	1711468098338	OK	 
REQUEST	PRL_CitizenC100_290_ChildDetails	PRL_CitizenC100_290_005_ChildDetails Redirect 1	1711468098339	1711468098444	OK	 
GROUP	PRL_CitizenC100_290_ChildDetails	1711468098308	1711468098557	243	OK
REQUEST	PRL_CitizenC100_300_WhichDecision	PRL_CitizenC100_300_005_WhichDecision	1711468098558	1711468098585	OK	 
REQUEST	PRL_CitizenC100_300_WhichDecision	PRL_CitizenC100_300_005_WhichDecision Redirect 1	1711468098586	1711468098651	OK	 
GROUP	PRL_CitizenC100_300_WhichDecision	1711468098557	1711468098768	205	OK
REQUEST	PRL_CitizenC100_310_ParentalResponsibility	PRL_CitizenC100_310_005_ParentalResponsibility	1711468098769	1711468098801	OK	 
REQUEST	PRL_CitizenC100_310_ParentalResponsibility	PRL_CitizenC100_310_005_ParentalResponsibility Redirect 1	1711468098802	1711468098865	OK	 
GROUP	PRL_CitizenC100_310_ParentalResponsibility	1711468098768	1711468098948	174	OK
REQUEST	PRL_CitizenC100_320_FurtherInformation	PRL_CitizenC100_320_005_FurtherInformation	1711468098949	1711468098978	OK	 
REQUEST	PRL_CitizenC100_320_FurtherInformation	PRL_CitizenC100_320_005_FurtherInformation Redirect 1	1711468098979	1711468099119	OK	 
GROUP	PRL_CitizenC100_320_FurtherInformation	1711468098948	1711468099232	277	OK
REQUEST	PRL_CitizenC100_330_OtherChildren	PRL_CitizenC100_330_005_OtherChildren	1711468099233	1711468099286	OK	 
REQUEST	PRL_CitizenC100_330_OtherChildren	PRL_CitizenC100_330_005_OtherChildren Redirect 1	1711468099287	1711468099337	OK	 
GROUP	PRL_CitizenC100_330_OtherChildren	1711468099232	1711468099443	208	OK
REQUEST	PRL_CitizenC100_340_EnterYourName	PRL_CitizenC100_340_005_EnterYourName	1711468099444	1711468099499	OK	 
GROUP	PRL_CitizenC100_340_EnterYourName	1711468099443	1711468099501	55	OK
REQUEST	PRL_CitizenC100_345_EnterYourNameRedirect	PRL_CitizenC100_340_005_EnterYourName	1711468099501	1711468099555	OK	 
GROUP	PRL_CitizenC100_345_EnterYourNameRedirect	1711468099501	1711468099645	140	OK
REQUEST	PRL_CitizenC100_350_KnowContactDetails	PRL_CitizenC100_350_005_KnowContactDetails	1711468099646	1711468099676	OK	 
REQUEST	PRL_CitizenC100_350_KnowContactDetails	PRL_CitizenC100_350_005_KnowContactDetails Redirect 1	1711468099677	1711468100135	OK	 
GROUP	PRL_CitizenC100_350_KnowContactDetails	1711468099645	1711468100290	640	OK
REQUEST	PRL_CitizenC100_360_KeepDetailsPrivate	PRL_CitizenC100_360_005_KeepDetailsPrivate	1711468100291	1711468100327	OK	 
REQUEST	PRL_CitizenC100_360_KeepDetailsPrivate	PRL_CitizenC100_360_005_KeepDetailsPrivate Redirect 1	1711468100327	1711468100400	OK	 
GROUP	PRL_CitizenC100_360_KeepDetailsPrivate	1711468100290	1711468100472	177	OK
REQUEST	PRL_CitizenC100_370_KeepDetailsPrivateContinue	PRL_CitizenC100_370_005_KeepDetailsPrivateContinue	1711468100473	1711468100499	OK	 
REQUEST	PRL_CitizenC100_370_KeepDetailsPrivateContinue	PRL_CitizenC100_370_005_KeepDetailsPrivateContinue Redirect 1	1711468100500	1711468100580	OK	 
GROUP	PRL_CitizenC100_370_KeepDetailsPrivateContinue	1711468100472	1711468100671	193	OK
REQUEST	PRL_CitizenC100_380_ApplicantDetails	PRL_CitizenC100_380_005_ApplicantDetails	1711468100672	1711468100698	OK	 
REQUEST	PRL_CitizenC100_380_ApplicantDetails	PRL_CitizenC100_380_005_ApplicantDetails Redirect 1	1711468100699	1711468100964	OK	 
GROUP	PRL_CitizenC100_380_ApplicantDetails	1711468100671	1711468101116	441	OK
REQUEST	PRL_CitizenC100_390_ApplicantRelationship	PRL_CitizenC100_390_005_ApplicantRelationship	1711468101117	1711468101153	OK	 
REQUEST	PRL_CitizenC100_390_ApplicantRelationship	PRL_CitizenC100_390_005_ApplicantRelationship Redirect 1	1711468101154	1711468101210	OK	 
GROUP	PRL_CitizenC100_390_ApplicantRelationship	1711468101117	1711468101425	302	OK
REQUEST	PRL_CitizenC100_400_ApplicantPostcode	PRL_CitizenC100_400_005_ApplicantPostcode	1711468101427	1711468101940	OK	 
REQUEST	PRL_CitizenC100_400_ApplicantPostcode	PRL_CitizenC100_400_005_ApplicantPostcode Redirect 1	1711468101942	1711468102019	OK	 
GROUP	PRL_CitizenC100_400_ApplicantPostcode	1711468101425	1711468102094	656	OK
REQUEST	PRL_CitizenC100_410_ApplicantSelectAddress	PRL_CitizenC100_410_005_ApplicantSelectAddress	1711468102095	1711468102128	OK	 
REQUEST	PRL_CitizenC100_410_ApplicantSelectAddress	PRL_CitizenC100_410_005_ApplicantSelectAddress Redirect 1	1711468102129	1711468102294	OK	 
GROUP	PRL_CitizenC100_410_ApplicantSelectAddress	1711468102094	1711468102536	435	OK
REQUEST	PRL_CitizenC100_420_ApplicantAddress	PRL_CitizenC100_420_005_ApplicantAddress	1711468102537	1711468102587	OK	 
REQUEST	PRL_CitizenC100_420_ApplicantAddress	PRL_CitizenC100_420_005_ApplicantAddress Redirect 1	1711468102588	1711468102621	OK	 
GROUP	PRL_CitizenC100_420_ApplicantAddress	1711468102536	1711468102707	166	OK
REQUEST	PRL_CitizenC100_430_ApplicantContact	PRL_CitizenC100_430_005_ApplicantContact	1711468102707	1711468102737	OK	 
REQUEST	PRL_CitizenC100_430_ApplicantContact	PRL_CitizenC100_430_005_ApplicantContact Redirect 1	1711468102738	1711468102825	OK	 
GROUP	PRL_CitizenC100_430_ApplicantContact	1711468102707	1711468102874	165	OK
REQUEST	PRL_CitizenC100_440_ApplicantContactPreference	PRL_CitizenC100_440_005_ApplicantContactPreference	1711468102875	1711468102905	OK	 
REQUEST	PRL_CitizenC100_440_ApplicantContactPreference	PRL_CitizenC100_440_005_ApplicantContactPreference Redirect 1	1711468102905	1711468102951	OK	 
GROUP	PRL_CitizenC100_440_ApplicantContactPreference	1711468102874	1711468103011	133	OK
REQUEST	PRL_CitizenC100_450_RespondentName	PRL_CitizenC100_450_005_RespondentName	1711468103012	1711468103041	OK	 
GROUP	PRL_CitizenC100_450_RespondentName	1711468103011	1711468103042	29	OK
REQUEST	PRL_CitizenC100_460_RespondentNameRedirect	PRL_CitizenC100_460_005_RespondentNameRedirect	1711468103043	1711468103103	OK	 
GROUP	PRL_CitizenC100_460_RespondentNameRedirect	1711468103042	1711468103199	152	OK
REQUEST	PRL_CitizenC100_470_RespondentDetails	PRL_CitizenC100_470_005_RespondentDetails	1711468103199	1711468103227	OK	 
REQUEST	PRL_CitizenC100_470_RespondentDetails	PRL_CitizenC100_470_005_RespondentDetails Redirect 1	1711468103228	1711468103421	OK	 
GROUP	PRL_CitizenC100_470_RespondentDetails	1711468103199	1711468103484	280	OK
REQUEST	PRL_CitizenC100_480_RespondentRelationship	PRL_CitizenC100_480_005_RespondentRelationship	1711468103485	1711468103513	OK	 
REQUEST	PRL_CitizenC100_480_RespondentRelationship	PRL_CitizenC100_480_005_RespondentRelationship Redirect 1	1711468103517	1711468103570	OK	 
GROUP	PRL_CitizenC100_480_RespondentRelationship	1711468103485	1711468103632	142	OK
REQUEST	PRL_CitizenC100_490_RespondentPostcode	PRL_CitizenC100_490_005_RespondentPostcode	1711468103632	1711468104229	OK	 
REQUEST	PRL_CitizenC100_490_RespondentPostcode	PRL_CitizenC100_490_005_RespondentPostcode Redirect 1	1711468104229	1711468104541	OK	 
GROUP	PRL_CitizenC100_490_RespondentPostcode	1711468103632	1711468104688	1053	OK
REQUEST	PRL_CitizenC100_500_RespondentSelectAddress	PRL_CitizenC100_500_005_RespondentSelectAddress	1711468104689	1711468104715	OK	 
REQUEST	PRL_CitizenC100_500_RespondentSelectAddress	PRL_CitizenC100_500_005_RespondentSelectAddress Redirect 1	1711468104716	1711468104767	OK	 
GROUP	PRL_CitizenC100_500_RespondentSelectAddress	1711468104688	1711468104831	139	OK
REQUEST	PRL_CitizenC100_510_RespondentAddress	PRL_CitizenC100_510_005_RespondentAddress	1711468104832	1711468104862	OK	 
REQUEST	PRL_CitizenC100_510_RespondentAddress	PRL_CitizenC100_510_005_RespondentAddress Redirect 1	1711468104862	1711468104917	OK	 
GROUP	PRL_CitizenC100_510_RespondentAddress	1711468104832	1711468105005	171	OK
REQUEST	PRL_CitizenC100_520_RespondentContact	PRL_CitizenC100_520_005_RespondentContact	1711468105007	1711468105035	OK	 
REQUEST	PRL_CitizenC100_520_RespondentContact	PRL_CitizenC100_520_005_RespondentContact Redirect 1	1711468105035	1711468105158	OK	 
GROUP	PRL_CitizenC100_520_RespondentContact	1711468105005	1711468105238	230	OK
REQUEST	PRL_CitizenC100_530_AnyoneElse	PRL_CitizenC100_530_005_AnyoneElse	1711468105239	1711468105266	OK	 
REQUEST	PRL_CitizenC100_530_AnyoneElse	PRL_CitizenC100_530_005_AnyoneElse Redirect 1	1711468105267	1711468105418	OK	 
GROUP	PRL_CitizenC100_530_AnyoneElse	1711468105239	1711468105481	240	OK
REQUEST	PRL_CitizenC100_540_ChildLiveWith	PRL_CitizenC100_540_005_ChildLiveWith	1711468105481	1711468105506	OK	 
REQUEST	PRL_CitizenC100_540_ChildLiveWith	PRL_CitizenC100_540_005_ChildLiveWith Redirect 1	1711468105507	1711468105611	OK	 
GROUP	PRL_CitizenC100_540_ChildLiveWith	1711468105481	1711468105674	191	OK
REQUEST	PRL_CitizenC100_550_InvolvedInCourt	PRL_CitizenC100_550_005_InvolvedInCourt	1711468105674	1711468105700	OK	 
REQUEST	PRL_CitizenC100_550_InvolvedInCourt	PRL_CitizenC100_550_005_InvolvedInCourt Redirect 1	1711468105700	1711468105759	OK	 
GROUP	PRL_CitizenC100_550_InvolvedInCourt	1711468105674	1711468105846	171	OK
REQUEST	PRL_CitizenC100_560_CourtCasesInfo	PRL_CitizenC100_560_005_CourtCasesInfo	1711468105846	1711468105893	OK	 
REQUEST	PRL_CitizenC100_560_CourtCasesInfo	PRL_CitizenC100_560_005_CourtCasesInfo Redirect 1	1711468105893	1711468105975	OK	 
GROUP	PRL_CitizenC100_560_CourtCasesInfo	1711468105846	1711468106025	175	OK
REQUEST	PRL_CitizenC100_570_DetailsOfCourtCases	PRL_CitizenC100_570_005_DetailsOfCourtCases	1711468106026	1711468106069	OK	 
REQUEST	PRL_CitizenC100_570_DetailsOfCourtCases	PRL_CitizenC100_570_005_DetailsOfCourtCases Redirect 1	1711468106070	1711468106145	OK	 
GROUP	PRL_CitizenC100_570_DetailsOfCourtCases	1711468106026	1711468106235	205	OK
REQUEST	PRL_CitizenC100_580_SafetyInfo	PRL_CitizenC100_580_005_SafetyInfo	1711468106236	1711468106261	OK	 
REQUEST	PRL_CitizenC100_580_SafetyInfo	PRL_CitizenC100_580_005_SafetyInfo Redirect 1	1711468106261	1711468106305	OK	 
GROUP	PRL_CitizenC100_580_SafetyInfo	1711468106235	1711468106447	209	OK
REQUEST	PRL_CitizenC100_590_SafetyConcerns	PRL_CitizenC100_590_005_SafetyConcerns	1711468106447	1711468106482	OK	 
REQUEST	PRL_CitizenC100_590_SafetyConcerns	PRL_CitizenC100_590_005_SafetyConcerns Redirect 1	1711468106483	1711468106540	OK	 
GROUP	PRL_CitizenC100_590_SafetyConcerns	1711468106447	1711468106604	155	OK
REQUEST	PRL_CitizenC100_600_ConcernedAbout	PRL_CitizenC100_600_005_ConcernedAbout	1711468106605	1711468106639	OK	 
REQUEST	PRL_CitizenC100_600_ConcernedAbout	PRL_CitizenC100_600_005_ConcernedAbout Redirect 1	1711468106639	1711468106703	OK	 
GROUP	PRL_CitizenC100_600_ConcernedAbout	1711468106604	1711468106761	155	OK
REQUEST	PRL_CitizenC100_610_TypeOfBehaviour	PRL_CitizenC100_610_005_TypeOfBehaviour	1711468106762	1711468106792	OK	 
REQUEST	PRL_CitizenC100_610_TypeOfBehaviour	PRL_CitizenC100_610_005_TypeOfBehaviour Redirect 1	1711468106792	1711468106839	OK	 
GROUP	PRL_CitizenC100_610_TypeOfBehaviour	1711468106761	1711468106892	129	OK
REQUEST	PRL_CitizenC100_620_DescribePyshicalAbuse	PRL_CitizenC100_620_005_DescribePyshicalAbuse	1711468106893	1711468106919	OK	 
REQUEST	PRL_CitizenC100_620_DescribePyshicalAbuse	PRL_CitizenC100_620_005_DescribePyshicalAbuse Redirect 1	1711468106919	1711468106977	OK	 
GROUP	PRL_CitizenC100_620_DescribePyshicalAbuse	1711468106892	1711468107034	140	OK
REQUEST	PRL_CitizenC100_630_ImpactedByDrug	PRL_CitizenC100_630_005_ImpactedByDrug	1711468107034	1711468107060	OK	 
REQUEST	PRL_CitizenC100_630_ImpactedByDrug	PRL_CitizenC100_630_005_ImpactedByDrug Redirect 1	1711468107061	1711468107117	OK	 
GROUP	PRL_CitizenC100_630_ImpactedByDrug	1711468107034	1711468107181	143	OK
REQUEST	PRL_CitizenC100_640_OtherConcerns	PRL_CitizenC100_640_005_OtherConcerns	1711468107181	1711468107207	OK	 
REQUEST	PRL_CitizenC100_640_OtherConcerns	PRL_CitizenC100_640_005_OtherConcerns Redirect 1	1711468107208	1711468107274	OK	 
GROUP	PRL_CitizenC100_640_OtherConcerns	1711468107181	1711468107385	199	OK
REQUEST	PRL_CitizenC100_650_KeepChildrenSafe	PRL_CitizenC100_650_005_KeepChildrenSafe	1711468107386	1711468107413	OK	 
REQUEST	PRL_CitizenC100_650_KeepChildrenSafe	PRL_CitizenC100_650_005_KeepChildrenSafe Redirect 1	1711468107414	1711468107448	OK	 
GROUP	PRL_CitizenC100_650_KeepChildrenSafe	1711468107385	1711468107523	133	OK
REQUEST	PRL_CitizenC100_660_ContactBetweenChildren	PRL_CitizenC100_660_005_ContactBetweenChildren	1711468107524	1711468107569	OK	 
REQUEST	PRL_CitizenC100_660_ContactBetweenChildren	PRL_CitizenC100_660_005_ContactBetweenChildren Redirect 1	1711468107569	1711468107621	OK	 
GROUP	PRL_CitizenC100_660_ContactBetweenChildren	1711468107523	1711468107744	217	OK
REQUEST	PRL_CitizenC100_670_ChildrenBasedOutsideEngland	PRL_CitizenC100_670_005_ChildrenBasedOutsideEngland	1711468107745	1711468107772	OK	 
REQUEST	PRL_CitizenC100_670_ChildrenBasedOutsideEngland	PRL_CitizenC100_670_005_ChildrenBasedOutsideEngland Redirect 1	1711468107773	1711468107830	OK	 
GROUP	PRL_CitizenC100_670_ChildrenBasedOutsideEngland	1711468107744	1711468107891	142	OK
REQUEST	PRL_CitizenC100_680_ParentsBasedOutsideEngland	PRL_CitizenC100_680_005_ParentsBasedOutsideEngland	1711468107892	1711468107923	OK	 
REQUEST	PRL_CitizenC100_680_ParentsBasedOutsideEngland	PRL_CitizenC100_680_005_ParentsBasedOutsideEngland Redirect 1	1711468107924	1711468107970	OK	 
GROUP	PRL_CitizenC100_680_ParentsBasedOutsideEngland	1711468107891	1711468108028	130	OK
REQUEST	PRL_CitizenC100_690_AnotherPersonApply	PRL_CitizenC100_690_005_AnotherPersonApply	1711468108028	1711468108067	OK	 
REQUEST	PRL_CitizenC100_690_AnotherPersonApply	PRL_CitizenC100_690_005_AnotherPersonApply Redirect 1	1711468108067	1711468108136	OK	 
GROUP	PRL_CitizenC100_690_AnotherPersonApply	1711468108028	1711468108197	167	OK
REQUEST	PRL_CitizenC100_700_AnotherCountryAsked	PRL_CitizenC100_700_005_AnotherCountryAsked	1711468108198	1711468108225	OK	 
REQUEST	PRL_CitizenC100_700_AnotherCountryAsked	PRL_CitizenC100_700_005_AnotherCountryAsked Redirect 1	1711468108226	1711468108334	OK	 
GROUP	PRL_CitizenC100_700_AnotherCountryAsked	1711468108197	1711468108390	190	OK
REQUEST	PRL_CitizenC100_710_TakePartInHearings	PRL_CitizenC100_710_005_TakePartInHearings	1711468108391	1711468108418	OK	 
REQUEST	PRL_CitizenC100_710_TakePartInHearings	PRL_CitizenC100_710_005_TakePartInHearings Redirect 1	1711468108419	1711468108474	OK	 
GROUP	PRL_CitizenC100_710_TakePartInHearings	1711468108390	1711468108529	135	OK
REQUEST	PRL_CitizenC100_720_LanguageRequirements	PRL_CitizenC100_720_005_LanguageRequirements	1711468108530	1711468108559	OK	 
REQUEST	PRL_CitizenC100_720_LanguageRequirements	PRL_CitizenC100_720_005_LanguageRequirements Redirect 1	1711468108560	1711468108626	OK	 
GROUP	PRL_CitizenC100_720_LanguageRequirements	1711468108529	1711468108700	165	OK
REQUEST	PRL_CitizenC100_730_SpecialArrangements	PRL_CitizenC100_730_005_SpecialArrangements	1711468108701	1711468108743	OK	 
REQUEST	PRL_CitizenC100_730_SpecialArrangements	PRL_CitizenC100_730_005_SpecialArrangements Redirect 1	1711468108743	1711468108794	OK	 
GROUP	PRL_CitizenC100_730_SpecialArrangements	1711468108700	1711468108884	180	OK
REQUEST	PRL_CitizenC100_740_NeedSupport	PRL_CitizenC100_740_005_NeedSupport	1711468108885	1711468108913	OK	 
REQUEST	PRL_CitizenC100_740_NeedSupport	PRL_CitizenC100_740_005_NeedSupport Redirect 1	1711468108915	1711468108950	OK	 
GROUP	PRL_CitizenC100_740_NeedSupport	1711468108884	1711468109036	146	OK
REQUEST	PRL_CitizenC100_750_DocumentsAlternativeFormat	PRL_CitizenC100_750_005_DocumentsAlternativeFormat	1711468109037	1711468109067	OK	 
REQUEST	PRL_CitizenC100_750_DocumentsAlternativeFormat	PRL_CitizenC100_750_005_DocumentsAlternativeFormat Redirect 1	1711468109068	1711468109449	OK	 
GROUP	PRL_CitizenC100_750_DocumentsAlternativeFormat	1711468109036	1711468109508	467	OK
REQUEST	PRL_CitizenC100_760_HelpWithPaying	PRL_CitizenC100_760_005_HelpWithPaying	1711468109509	1711468109538	OK	 
REQUEST	PRL_CitizenC100_760_HelpWithPaying	PRL_CitizenC100_760_005_HelpWithPaying Redirect 1	1711468109539	1711468109975	OK	 
GROUP	PRL_CitizenC100_760_HelpWithPaying	1711468109508	1711468110073	559	OK
REQUEST	PRL_CitizenC100_770_CheckYourAnswers	PRL_CitizenC100_770_005_CheckYourAnswers	1711468110074	1711468112520	KO	headerRegex((Location,https://card.payments.service.gov.uk\/secure\/(.{8}-.{4}-.{4}-.{4}-.{12}))).find.exists, found nothing
GROUP	PRL_CitizenC100_770_CheckYourAnswers	1711468110073	1711468112530	2446	KO
USER	***** PRL Citizen Journey *****	END	1711468112533
