ASSERTION	AAECAAIFAAAAAAAAAFlA
RUN	simulations.PRL_Simulation	prl-simulation	1706714230715	 	3.9.5
USER	***** PRL Citizen Journey *****	START	1706714231326
REQUEST	XUI_010_Homepage	XUI_010_005_Homepage	1706714231333	1706714231421	OK	 
REQUEST	XUI_010_Homepage	XUI_Common_000_ConfigurationUI	1706714232481	1706714232518	OK	 
REQUEST	XUI_010_Homepage	XUI_Common_000_ConfigJson	1706714232521	1706714232544	OK	 
REQUEST	XUI_010_Homepage	XUI_Common_000_TsAndCs	1706714232545	1706714232569	OK	 
REQUEST	XUI_010_Homepage	XUI_Common_000_ConfigUI	1706714232570	1706714232597	OK	 
REQUEST	XUI_010_Homepage	XUI_Common_000_UserDetails	1706714232597	1706714232626	OK	 
REQUEST	XUI_010_Homepage	XUI_Common_000_IsAuthenticated	1706714232626	1706714232649	OK	 
REQUEST	XUI_010_Homepage	XUI_010_010_AuthLogin	1706714232651	1706714232680	OK	 
REQUEST	XUI_010_Homepage	XUI_010_010_AuthLogin Redirect 1	1706714232683	1706714232768	OK	 
REQUEST	XUI_010_Homepage	XUI_010_010_AuthLogin Redirect 2	1706714232769	1706714232802	OK	 
GROUP	XUI_010_Homepage	1706714231326	1706714233027	1605	OK
REQUEST	XUI_020_Login	XUI_020_005_Login	1706714233030	1706714233135	OK	 
REQUEST	XUI_020_Login	XUI_020_005_Login Redirect 1	1706714233136	1706714233693	OK	 
REQUEST	XUI_020_Login	XUI_020_005_Login Redirect 2	1706714233698	1706714233727	OK	 
REQUEST	XUI_020_Login	XUI_Common_000_ConfigurationUI	1706714234746	1706714234774	OK	 
REQUEST	XUI_020_Login	XUI_Common_000_ConfigJson	1706714234775	1706714234825	OK	 
REQUEST	XUI_020_Login	XUI_Common_000_TsAndCs	1706714234826	1706714234885	OK	 
REQUEST	XUI_020_Login	XUI_Common_000_ConfigUI	1706714234886	1706714234949	OK	 
REQUEST	XUI_020_Login	XUI_Common_000_UserDetails	1706714234949	1706714235781	OK	 
REQUEST	XUI_020_Login	XUI_Common_000_IsAuthenticated	1706714235783	1706714235838	OK	 
REQUEST	XUI_020_Login	XUI_Common_000_MonitoringTools	1706714235839	1706714235894	OK	 
GROUP	XUI_020_Login	1706714233027	1706714235912	2846	OK
REQUEST	XUI_010_Homepage	XUI_010_005_Homepage	1706714235913	1706714235971	OK	 
REQUEST	XUI_010_Homepage	XUI_Common_000_ConfigurationUI	1706714237604	1706714237644	OK	 
REQUEST	XUI_010_Homepage	XUI_Common_000_ConfigJson	1706714237644	1706714237691	OK	 
REQUEST	XUI_010_Homepage	XUI_Common_000_TsAndCs	1706714237694	1706714237742	OK	 
REQUEST	XUI_010_Homepage	XUI_Common_000_ConfigUI	1706714237745	1706714237788	OK	 
REQUEST	XUI_010_Homepage	XUI_Common_000_UserDetails	1706714237791	1706714237832	OK	 
REQUEST	XUI_010_Homepage	XUI_Common_000_IsAuthenticated	1706714237833	1706714237869	OK	 
REQUEST	XUI_010_Homepage	XUI_010_010_AuthLogin	1706714237871	1706714237897	OK	 
REQUEST	XUI_010_Homepage	XUI_010_010_AuthLogin Redirect 1	1706714237898	1706714237945	OK	 
REQUEST	XUI_010_Homepage	XUI_010_010_AuthLogin Redirect 2	1706714237947	1706714237995	OK	 
GROUP	XUI_010_Homepage	1706714235913	1706714238230	2292	OK
REQUEST	XUI_020_Login	XUI_020_005_Login	1706714238232	1706714238322	OK	 
REQUEST	XUI_020_Login	XUI_020_005_Login Redirect 1	1706714238324	1706714238928	OK	 
REQUEST	XUI_020_Login	XUI_020_005_Login Redirect 2	1706714238931	1706714238976	OK	 
REQUEST	XUI_020_Login	XUI_Common_000_ConfigurationUI	1706714240756	1706714240793	OK	 
REQUEST	XUI_020_Login	XUI_Common_000_ConfigJson	1706714240795	1706714240828	OK	 
REQUEST	XUI_020_Login	XUI_Common_000_TsAndCs	1706714240830	1706714240859	OK	 
REQUEST	XUI_020_Login	XUI_Common_000_ConfigUI	1706714240861	1706714240898	OK	 
REQUEST	XUI_020_Login	XUI_Common_000_UserDetails	1706714240900	1706714241385	OK	 
REQUEST	XUI_020_Login	XUI_Common_000_IsAuthenticated	1706714241386	1706714241414	OK	 
REQUEST	XUI_020_Login	XUI_Common_000_MonitoringTools	1706714241415	1706714241443	OK	 
GROUP	XUI_020_Login	1706714238230	1706714241443	3190	OK
REQUEST	XUI_PRL_030_TaskTab	XUI_PRL_030_005_SelectIssue	1706714241444	1706714242511	OK	 
GROUP	XUI_PRL_030_TaskTab	1706714241444	1706714242521	1067	OK
REQUEST	XUI_PRL_031_AssignToMe	XUI_PRL_031_005_AssignToMe	1706714242523	1706714244150	OK	 
GROUP	XUI_PRL_031_AssignToMe	1706714242521	1706714244150	1627	OK
REQUEST	XUI_PRL_040_SelectCase	XUI_PRL_040_005_SelectIssue	1706714244155	1706714248249	OK	 
REQUEST	XUI_PRL_040_SelectCase	XUI_Common_000_UserDetails	1706714248258	1706714248287	OK	 
GROUP	XUI_PRL_040_SelectCase	1706714244150	1706714248290	4123	OK
REQUEST	XUI_PRL_050_LocalCourt	XUI_PRL_050_005_LocalCourt	1706714248291	1706714249940	OK	 
REQUEST	XUI_PRL_050_LocalCourt	XUI_Common_000_UserDetails	1706714249942	1706714249975	OK	 
GROUP	XUI_PRL_050_LocalCourt	1706714248290	1706714249980	1682	OK
REQUEST	XUI_PRL_060_LocalCourtSubmit	XUI_PRL_060_005_LocalCourtSubmit	1706714249981	1706714272272	OK	 
REQUEST	XUI_PRL_060_LocalCourtSubmit	XUI_Common_000_UserDetails	1706714272276	1706714272304	OK	 
GROUP	XUI_PRL_060_LocalCourtSubmit	1706714249980	1706714272305	22319	OK
REQUEST	XUI_PRL_070_SendToGateKeeper	XUI_PRL_070_005_SendToGateKeeper	1706714272305	1706714275836	OK	 
REQUEST	XUI_PRL_070_SendToGateKeeper	XUI_Common_000_UserDetails	1706714275846	1706714275894	OK	 
GROUP	XUI_PRL_070_SendToGateKeeper	1706714272305	1706714275895	3579	OK
REQUEST	XUI_PRL_080_AddGateKeeper	XUI_PRL_080_005_AddGateKeeper	1706714275895	1706714277225	OK	 
GROUP	XUI_PRL_080_AddGateKeeper	1706714275895	1706714277227	1330	OK
REQUEST	XUI_PRL_090_GateKeeperSubmit	XUI_PRL_090_005_GateKeeperSubmit	1706714277229	1706714279278	OK	 
GROUP	XUI_PRL_090_GateKeeperSubmit	1706714277228	1706714279281	2049	OK
REQUEST	XUI_PRL_180_ServiceOfApplication	XUI_PRL_180_005_ServiceOfApplication	1706714279282	1706714281767	OK	 
REQUEST	XUI_PRL_180_ServiceOfApplication	XUI_Common_000_UserDetails	1706714281776	1706714281843	OK	 
GROUP	XUI_PRL_180_ServiceOfApplication	1706714279281	1706714281843	2552	OK
REQUEST	XUI_PRL_190_PD36QUpload	XUI_PRL_190_005_PD36QUpload	1706714281850	1706714282752	OK	 
GROUP	XUI_PRL_190_PD36QUpload	1706714281843	1706714282756	902	OK
REQUEST	XUI_PRL_200_SpecialArrangementsUpload	XUI_PRL_200_005_SpecialArrangementsUpload	1706714282758	1706714283695	OK	 
GROUP	XUI_PRL_200_SpecialArrangementsUpload	1706714282756	1706714283698	937	OK
REQUEST	XUI_PRL_210_AdditionalDocumentsUpload	XUI_PRL_210_005_AdditionalDocumentsUpload	1706714283700	1706714284190	OK	 
GROUP	XUI_PRL_210_AdditionalDocumentsUpload	1706714283698	1706714284194	490	OK
REQUEST	XUI_PRL_220_DocumentUpload	XUI_PRL_220_005_DocumentUpload	1706714284196	1706714285252	OK	 
GROUP	XUI_PRL_220_DocumentUpload	1706714284194	1706714285255	1056	OK
REQUEST	XUI_PRL_230_PersonallyServed	XUI_PRL_230_005_PersonallyServed	1706714285257	1706714286032	OK	 
GROUP	XUI_PRL_230_PersonallyServed	1706714285255	1706714286034	775	OK
USER	***** PRL Citizen Journey *****	END	1706714286042
