ASSERTION	AAECAAIFAAAAAAAAAFlA
RUN	simulations.PRL_Simulation	prl-simulation	1706796005270	 	3.9.5
USER	***** PRL Citizen Journey *****	START	1706796005903
REQUEST	XUI_010_Homepage	XUI_010_005_Homepage	1706796005912	1706796006009	OK	 
REQUEST	XUI_010_Homepage	XUI_Common_000_ConfigurationUI	1706796007094	1706796007127	OK	 
REQUEST	XUI_010_Homepage	XUI_Common_000_ConfigJson	1706796007128	1706796007154	OK	 
REQUEST	XUI_010_Homepage	XUI_Common_000_TsAndCs	1706796007155	1706796007187	OK	 
REQUEST	XUI_010_Homepage	XUI_Common_000_ConfigUI	1706796007187	1706796007210	OK	 
REQUEST	XUI_010_Homepage	XUI_Common_000_UserDetails	1706796007211	1706796007237	OK	 
REQUEST	XUI_010_Homepage	XUI_Common_000_IsAuthenticated	1706796007237	1706796007262	OK	 
REQUEST	XUI_010_Homepage	XUI_010_010_AuthLogin	1706796007264	1706796007297	OK	 
REQUEST	XUI_010_Homepage	XUI_010_010_AuthLogin Redirect 1	1706796007298	1706796007389	OK	 
REQUEST	XUI_010_Homepage	XUI_010_010_AuthLogin Redirect 2	1706796007389	1706796007425	OK	 
GROUP	XUI_010_Homepage	1706796005904	1706796007611	1631	OK
REQUEST	XUI_020_Login	XUI_020_005_Login	1706796007614	1706796007710	OK	 
REQUEST	XUI_020_Login	XUI_020_005_Login Redirect 1	1706796007711	1706796008289	OK	 
REQUEST	XUI_020_Login	XUI_020_005_Login Redirect 2	1706796008295	1706796008330	OK	 
REQUEST	XUI_020_Login	XUI_Common_000_ConfigurationUI	1706796009654	1706796009686	OK	 
REQUEST	XUI_020_Login	XUI_Common_000_ConfigJson	1706796009687	1706796009725	OK	 
REQUEST	XUI_020_Login	XUI_Common_000_TsAndCs	1706796009725	1706796009756	OK	 
REQUEST	XUI_020_Login	XUI_Common_000_ConfigUI	1706796009757	1706796009783	OK	 
REQUEST	XUI_020_Login	XUI_Common_000_UserDetails	1706796009783	1706796009984	OK	 
REQUEST	XUI_020_Login	XUI_Common_000_IsAuthenticated	1706796009985	1706796010056	OK	 
REQUEST	XUI_020_Login	XUI_Common_000_MonitoringTools	1706796010057	1706796010119	OK	 
GROUP	XUI_020_Login	1706796007611	1706796010153	2488	OK
REQUEST	XUI_010_Homepage	XUI_010_005_Homepage	1706796010155	1706796010183	OK	 
REQUEST	XUI_010_Homepage	XUI_Common_000_ConfigurationUI	1706796011215	1706796011241	OK	 
REQUEST	XUI_010_Homepage	XUI_Common_000_ConfigJson	1706796011242	1706796011265	OK	 
REQUEST	XUI_010_Homepage	XUI_Common_000_TsAndCs	1706796011265	1706796011291	OK	 
REQUEST	XUI_010_Homepage	XUI_Common_000_ConfigUI	1706796011294	1706796011325	OK	 
REQUEST	XUI_010_Homepage	XUI_Common_000_UserDetails	1706796011328	1706796011353	OK	 
REQUEST	XUI_010_Homepage	XUI_Common_000_IsAuthenticated	1706796011355	1706796011379	OK	 
REQUEST	XUI_010_Homepage	XUI_010_010_AuthLogin	1706796011382	1706796011410	OK	 
REQUEST	XUI_010_Homepage	XUI_010_010_AuthLogin Redirect 1	1706796011412	1706796011442	OK	 
REQUEST	XUI_010_Homepage	XUI_010_010_AuthLogin Redirect 2	1706796011443	1706796011478	OK	 
GROUP	XUI_010_Homepage	1706796010155	1706796011612	1435	OK
REQUEST	XUI_020_Login	XUI_020_005_Login	1706796011612	1706796011691	OK	 
REQUEST	XUI_020_Login	XUI_020_005_Login Redirect 1	1706796011691	1706796012026	OK	 
REQUEST	XUI_020_Login	XUI_020_005_Login Redirect 2	1706796012027	1706796012058	OK	 
REQUEST	XUI_020_Login	XUI_Common_000_ConfigurationUI	1706796013075	1706796013106	OK	 
REQUEST	XUI_020_Login	XUI_Common_000_ConfigJson	1706796013107	1706796013133	OK	 
REQUEST	XUI_020_Login	XUI_Common_000_TsAndCs	1706796013134	1706796013162	OK	 
REQUEST	XUI_020_Login	XUI_Common_000_ConfigUI	1706796013163	1706796013190	OK	 
REQUEST	XUI_020_Login	XUI_Common_000_UserDetails	1706796013190	1706796013512	OK	 
REQUEST	XUI_020_Login	XUI_Common_000_IsAuthenticated	1706796013512	1706796013536	OK	 
REQUEST	XUI_020_Login	XUI_Common_000_MonitoringTools	1706796013537	1706796013565	OK	 
GROUP	XUI_020_Login	1706796011612	1706796013565	1948	OK
REQUEST	XUI_PRL_030_TaskTab	XUI_PRL_030_005_SelectIssue	1706796013566	1706796014435	OK	 
GROUP	XUI_PRL_030_TaskTab	1706796013565	1706796014448	869	OK
REQUEST	XUI_PRL_031_AssignToMe	XUI_PRL_031_005_AssignToMe	1706796014452	1706796015763	OK	 
GROUP	XUI_PRL_031_AssignToMe	1706796014448	1706796015765	1311	OK
REQUEST	XUI_PRL_040_SelectCase	XUI_PRL_040_005_SelectIssue	1706796015771	1706796017635	OK	 
REQUEST	XUI_PRL_040_SelectCase	XUI_Common_000_UserDetails	1706796017647	1706796017675	OK	 
GROUP	XUI_PRL_040_SelectCase	1706796015765	1706796017676	1892	OK
REQUEST	XUI_PRL_050_LocalCourt	XUI_PRL_050_005_LocalCourt	1706796017677	1706796018305	OK	 
REQUEST	XUI_PRL_050_LocalCourt	XUI_Common_000_UserDetails	1706796018310	1706796018338	OK	 
GROUP	XUI_PRL_050_LocalCourt	1706796017676	1706796018341	656	OK
REQUEST	XUI_PRL_060_LocalCourtSubmit	XUI_PRL_060_005_LocalCourtSubmit	1706796018342	1706796042907	OK	 
REQUEST	XUI_PRL_060_LocalCourtSubmit	XUI_Common_000_UserDetails	1706796042912	1706796042942	OK	 
GROUP	XUI_PRL_060_LocalCourtSubmit	1706796018341	1706796042942	24595	OK
REQUEST	XUI_PRL_070_SendToGateKeeper	XUI_PRL_070_005_SendToGateKeeper	1706796042943	1706796046464	OK	 
REQUEST	XUI_PRL_070_SendToGateKeeper	XUI_Common_000_UserDetails	1706796046471	1706796046501	OK	 
GROUP	XUI_PRL_070_SendToGateKeeper	1706796042942	1706796046501	3551	OK
REQUEST	XUI_PRL_080_AddGateKeeper	XUI_PRL_080_005_AddGateKeeper	1706796046501	1706796047288	OK	 
GROUP	XUI_PRL_080_AddGateKeeper	1706796046501	1706796047290	787	OK
REQUEST	XUI_PRL_090_GateKeeperSubmit	XUI_PRL_090_005_GateKeeperSubmit	1706796047291	1706796048444	OK	 
GROUP	XUI_PRL_090_GateKeeperSubmit	1706796047290	1706796048447	1153	OK
REQUEST	XUI_PRL_180_ServiceOfApplication	XUI_PRL_180_005_ServiceOfApplication	1706796048448	1706796049557	OK	 
REQUEST	XUI_PRL_180_ServiceOfApplication	XUI_Common_000_UserDetails	1706796049562	1706796049590	OK	 
GROUP	XUI_PRL_180_ServiceOfApplication	1706796048447	1706796049590	1137	OK
REQUEST	XUI_PRL_190_PD36QUpload	XUI_PRL_190_005_PD36QUpload	1706796049597	1706796050069	OK	 
GROUP	XUI_PRL_190_PD36QUpload	1706796049590	1706796050071	472	OK
REQUEST	XUI_PRL_200_SpecialArrangementsUpload	XUI_PRL_200_005_SpecialArrangementsUpload	1706796050072	1706796051349	OK	 
GROUP	XUI_PRL_200_SpecialArrangementsUpload	1706796050071	1706796051352	1277	OK
REQUEST	XUI_PRL_210_AdditionalDocumentsUpload	XUI_PRL_210_005_AdditionalDocumentsUpload	1706796051353	1706796052321	OK	 
GROUP	XUI_PRL_210_AdditionalDocumentsUpload	1706796051352	1706796052325	968	OK
REQUEST	XUI_PRL_220_DocumentUpload	XUI_PRL_220_005_DocumentUpload	1706796052327	1706796053142	OK	 
GROUP	XUI_PRL_220_DocumentUpload	1706796052325	1706796053145	815	OK
REQUEST	XUI_PRL_230_PersonallyServed	XUI_PRL_230_005_PersonallyServed	1706796053146	1706796053462	OK	 
GROUP	XUI_PRL_230_PersonallyServed	1706796053145	1706796053463	316	OK
REQUEST	XUI_PRL_240_ServiceSubmit	XUI_PRL_240_005_ServiceSubmit	1706796053464	1706796058499	OK	 
GROUP	XUI_PRL_240_ServiceSubmit	1706796053463	1706796058500	5035	OK
USER	***** PRL Citizen Journey *****	END	1706796058503
