ASSERTION	AAECAAIFAAAAAAAAAFlA
RUN	simulations.PRL_Simulation	prl-simulation	1697621106952	 	3.9.5
USER	***** Private Law Create Case *****	START	1697621107307
REQUEST	XUI_010_Homepage	XUI_010_005_Homepage	1697621107328	1697621107466	OK	 
REQUEST	XUI_010_Homepage	XUI_Common_000_ConfigurationUI	1697621108067	1697621109172	OK	 
REQUEST	XUI_010_Homepage	XUI_Common_000_ConfigJson	1697621109175	1697621109186	OK	 
REQUEST	XUI_010_Homepage	XUI_Common_000_TsAndCs	1697621109188	1697621109239	OK	 
REQUEST	XUI_010_Homepage	XUI_Common_000_ConfigUI	1697621109240	1697621109288	OK	 
REQUEST	XUI_010_Homepage	XUI_Common_000_UserDetails	1697621109290	1697621109332	OK	 
REQUEST	XUI_010_Homepage	XUI_Common_000_IsAuthenticated	1697621109333	1697621109393	OK	 
REQUEST	XUI_010_Homepage	XUI_010_010_AuthLogin	1697621109397	1697621109626	OK	 
REQUEST	XUI_010_Homepage	XUI_010_010_AuthLogin Redirect 1	1697621109629	1697621109712	OK	 
REQUEST	XUI_010_Homepage	XUI_010_010_AuthLogin Redirect 2	1697621109714	1697621109768	OK	 
GROUP	XUI_010_Homepage	1697621107308	1697621110100	2696	OK
REQUEST	XUI_020_Login	XUI_020_005_Login	1697621110104	1697621110916	OK	 
REQUEST	XUI_020_Login	XUI_020_005_Login Redirect 1	1697621110917	1697621113376	OK	 
REQUEST	XUI_020_Login	XUI_020_005_Login Redirect 2	1697621113378	1697621113486	OK	 
REQUEST	XUI_020_Login	XUI_Common_000_ConfigurationUI	1697621114203	1697621114264	OK	 
REQUEST	XUI_020_Login	XUI_Common_000_ConfigJson	1697621114264	1697621114279	OK	 
REQUEST	XUI_020_Login	XUI_Common_000_TsAndCs	1697621114280	1697621114328	OK	 
REQUEST	XUI_020_Login	XUI_Common_000_ConfigUI	1697621114329	1697621115374	OK	 
REQUEST	XUI_020_Login	XUI_Common_000_UserDetails	1697621115376	1697621116105	OK	 
REQUEST	XUI_020_Login	XUI_Common_000_IsAuthenticated	1697621116107	1697621116166	OK	 
REQUEST	XUI_020_Login	XUI_Common_000_MonitoringTools	1697621116169	1697621116224	OK	 
GROUP	XUI_020_Login	1697621110101	1697621116247	6103	OK
REQUEST	XUI_PRL_030_CreateCaseStart	XUI_PRL_030_005_CreateCaseStart	1697621116250	1697621119017	OK	 
GROUP	XUI_PRL_030_CreateCaseStart	1697621116249	1697621119024	2767	OK
REQUEST	XUI_PRL_031_Type_Of_Application	XUI_PRL_031_005_Type_Of_Application	1697621119026	1697621120751	OK	 
GROUP	XUI_PRL_031_Type_Of_Application	1697621119024	1697621120753	1725	OK
REQUEST	XUI_PRL_032_ApplicationCheckYourAnswers	XUI_PRL_032_005_ApplicationCheckYourAnswers	1697621120756	1697621133399	OK	 
GROUP	XUI_PRL_032_ApplicationCheckYourAnswers	1697621120753	1697621133409	12643	OK
REQUEST	XUI_PRL_033_ApplicationDetails	XUI_PRL_033_005_ApplicationDetails	1697621133409	1697621135233	OK	 
GROUP	XUI_PRL_033_ApplicationDetails	1697621133409	1697621135264	1824	OK
REQUEST	XUI_PRL_034_EnterApplicationDetails	XUI_PRL_034_005_EnterApplicationDetails	1697621135264	1697621136621	OK	 
GROUP	XUI_PRL_034_EnterApplicationDetails	1697621135264	1697621136622	1357	OK
REQUEST	XUI_PRL_035_SubmitApplicationDetails	XUI_PRL_035_005_SubmitApplicationDetails	1697621136624	1697621144500	OK	 
GROUP	XUI_PRL_035_SubmitApplicationDetails	1697621136622	1697621144501	7876	OK
REQUEST	XUI_PRL_036_SubmitAndPay	XUI_PRL_036_005_SubmitAndPay	1697621144502	1697621153223	OK	 
GROUP	XUI_PRL_036_SubmitAndPay	1697621144501	1697621153232	8721	OK
REQUEST	XUI_PRL_037_ConfidentialityStatement	XUI_PRL_037_005_ConfidentialityStatement	1697621153232	1697621153918	OK	 
GROUP	XUI_PRL_037_ConfidentialityStatement	1697621153232	1697621153920	686	OK
REQUEST	XUI_PRL_038_Declaration	XUI_PRL_038_005_Declaration	1697621153921	1697621154793	OK	 
GROUP	XUI_PRL_038_Declaration	1697621153920	1697621154794	872	OK
REQUEST	XUI_PRL_039_Continue	XUI_PRL_039_005_Continue	1697621154795	1697621155769	OK	 
GROUP	XUI_PRL_039_Continue	1697621154794	1697621155770	974	OK
REQUEST	XUI_PRL_040_Continue	XUI_PRL_040_005_Continue	1697621155771	1697621157305	KO	status.find.in([200, 209], 304), found 404
GROUP	XUI_PRL_040_Continue	1697621155770	1697621157315	1534	KO
USER	***** Private Law Create Case *****	END	1697621157319
