ASSERTION	AAECAAIFAAAAAAAAAFlA
RUN	simulations.PRL_Simulation	prl-simulation	1706621399734	 	3.9.5
USER	***** PRL Citizen Journey *****	START	1706621400354
REQUEST	XUI_010_Homepage	XUI_010_005_Homepage	1706621400362	1706621400452	OK	 
REQUEST	XUI_010_Homepage	XUI_Common_000_ConfigurationUI	1706621401791	1706621401818	OK	 
REQUEST	XUI_010_Homepage	XUI_Common_000_ConfigJson	1706621401820	1706621401869	OK	 
REQUEST	XUI_010_Homepage	XUI_Common_000_TsAndCs	1706621401870	1706621401933	OK	 
REQUEST	XUI_010_Homepage	XUI_Common_000_ConfigUI	1706621401934	1706621401988	OK	 
REQUEST	XUI_010_Homepage	XUI_Common_000_UserDetails	1706621401988	1706621402032	OK	 
REQUEST	XUI_010_Homepage	XUI_Common_000_IsAuthenticated	1706621402033	1706621402065	OK	 
REQUEST	XUI_010_Homepage	XUI_010_010_AuthLogin	1706621402068	1706621402155	OK	 
REQUEST	XUI_010_Homepage	XUI_010_010_AuthLogin Redirect 1	1706621402163	1706621402450	OK	 
REQUEST	XUI_010_Homepage	XUI_010_010_AuthLogin Redirect 2	1706621402452	1706621404189	OK	 
GROUP	XUI_010_Homepage	1706621400355	1706621404417	3961	OK
REQUEST	XUI_020_Login	XUI_020_005_Login	1706621404420	1706621404608	OK	 
REQUEST	XUI_020_Login	XUI_020_005_Login Redirect 1	1706621404609	1706621405827	OK	 
REQUEST	XUI_020_Login	XUI_020_005_Login Redirect 2	1706621405832	1706621405862	OK	 
REQUEST	XUI_020_Login	XUI_Common_000_ConfigurationUI	1706621406906	1706621406934	OK	 
REQUEST	XUI_020_Login	XUI_Common_000_ConfigJson	1706621406936	1706621406975	OK	 
REQUEST	XUI_020_Login	XUI_Common_000_TsAndCs	1706621406979	1706621407005	OK	 
REQUEST	XUI_020_Login	XUI_Common_000_ConfigUI	1706621407008	1706621407053	OK	 
REQUEST	XUI_020_Login	XUI_Common_000_UserDetails	1706621407055	1706621408021	OK	 
REQUEST	XUI_020_Login	XUI_Common_000_IsAuthenticated	1706621408024	1706621408090	OK	 
REQUEST	XUI_020_Login	XUI_Common_000_MonitoringTools	1706621408094	1706621408152	OK	 
GROUP	XUI_020_Login	1706621404417	1706621408187	3700	OK
REQUEST	XUI_PRL_030_CreateCaseStart	XUI_PRL_030_005_CreateCaseStart	1706621408190	1706621413510	OK	 
GROUP	XUI_PRL_030_CreateCaseStart	1706621408188	1706621413525	5320	OK
REQUEST	XUI_PRL_031_Type_Of_Application	XUI_PRL_031_005_Type_Of_Application	1706621413529	1706621414941	OK	 
GROUP	XUI_PRL_031_Type_Of_Application	1706621413525	1706621414942	1412	OK
REQUEST	XUI_PRL_032_ApplicationCheckYourAnswers	XUI_PRL_032_005_ApplicationCheckYourAnswers	1706621414943	1706621433330	OK	 
GROUP	XUI_PRL_032_ApplicationCheckYourAnswers	1706621414942	1706621433351	18387	OK
REQUEST	XUI_PRL_033_ApplicationDetails	XUI_PRL_033_005_ApplicationDetails	1706621433352	1706621435230	OK	 
GROUP	XUI_PRL_033_ApplicationDetails	1706621433351	1706621435262	1878	OK
REQUEST	XUI_PRL_034_EnterApplicationDetails	XUI_PRL_034_005_EnterApplicationDetails	1706621435262	1706621436041	OK	 
GROUP	XUI_PRL_034_EnterApplicationDetails	1706621435262	1706621436042	779	OK
REQUEST	XUI_PRL_035_SubmitApplicationDetails	XUI_PRL_035_005_SubmitApplicationDetails	1706621436042	1706621442887	OK	 
GROUP	XUI_PRL_035_SubmitApplicationDetails	1706621436042	1706621442890	6845	OK
REQUEST	XUI_PRL_036_SubmitAndPay	XUI_PRL_036_005_SubmitAndPay	1706621442891	1706621452421	OK	 
GROUP	XUI_PRL_036_SubmitAndPay	1706621442890	1706621452429	9530	OK
REQUEST	XUI_PRL_037_ConfidentialityStatement	XUI_PRL_037_005_ConfidentialityStatement	1706621452429	1706621452829	OK	 
GROUP	XUI_PRL_037_ConfidentialityStatement	1706621452429	1706621452831	400	OK
REQUEST	XUI_PRL_038_Declaration	XUI_PRL_038_005_Declaration	1706621452833	1706621453648	OK	 
GROUP	XUI_PRL_038_Declaration	1706621452831	1706621453650	815	OK
REQUEST	XUI_PRL_039_Continue	XUI_PRL_039_005_Continue	1706621453651	1706621455060	OK	 
GROUP	XUI_PRL_039_Continue	1706621453650	1706621455062	1409	OK
REQUEST	XUI_PRL_040_Continue	XUI_PRL_039_005_Continue	1706621455063	1706621464493	OK	 
GROUP	XUI_PRL_040_Continue	1706621455062	1706621464499	9430	OK
REQUEST	XUI_PRL_041_DummyPaymentConfirmation 	XUI_PRL_041_005_DummyPaymentConfirmation 	1706621464500	1706621465441	OK	 
GROUP	XUI_PRL_041_DummyPaymentConfirmation 	1706621464499	1706621465441	941	OK
REQUEST	XUI_PRL_042_PaymentOption	XUI_PRL_042_005_PaymentOption	1706621465441	1706621466151	OK	 
GROUP	XUI_PRL_042_PaymentOption	1706621465441	1706621466157	710	OK
REQUEST	XUI_PRL_043_PaymentOption	XUI_PRL_043_005_PaymentOption	1706621466158	1706621466291	OK	 
REQUEST	XUI_PRL_043_PaymentOption	XUI_PRL_043_005_PaymentOption Redirect 1	1706621466293	1706621466404	OK	 
GROUP	XUI_PRL_043_PaymentOption	1706621466157	1706621466608	435	OK
REQUEST	XUI_PRL_044_CardDetails	XUI_PRL_044_005_CardDetails	1706621466609	1706621466793	OK	 
REQUEST	XUI_PRL_044_CardDetails	XUI_PRL_044_005_CardDetails Redirect 1	1706621466795	1706621466861	OK	 
GROUP	XUI_PRL_044_CardDetails	1706621466608	1706621466868	251	OK
REQUEST	XUI_PRL_045_ConfirmPayment	XUI_PRL_045_005_ConfirmPayment	1706621466869	1706621466955	OK	 
REQUEST	XUI_PRL_045_ConfirmPayment	XUI_PRL_045_005_ConfirmPayment Redirect 1	1706621466956	1706621467000	OK	 
REQUEST	XUI_PRL_045_ConfirmPayment	XUI_PRL_045_005_ConfirmPayment Redirect 2	1706621467012	1706621468701	OK	 
GROUP	XUI_PRL_045_ConfirmPayment	1706621466868	1706621468882	1993	OK
REQUEST	XUI_PRL_030_TaskTab	XUI_PRL_030_005_SelectIssue	1706621468883	1706621469984	KO	jsonPath($[0].id).find.exists, found nothing
GROUP	XUI_PRL_030_TaskTab	1706621468883	1706621469991	1101	KO
USER	***** PRL Citizen Journey *****	END	1706621470000
