ASSERTION	AAECAAIFAAAAAAAAAFlA
RUN	simulations.PRL_Simulation	prl-simulation	1706630830920	 	3.9.5
USER	***** PRL Citizen Journey *****	START	1706630831546
REQUEST	XUI_010_Homepage	XUI_010_005_Homepage	1706630831562	1706630831670	OK	 
REQUEST	XUI_010_Homepage	XUI_Common_000_ConfigurationUI	1706630833299	1706630833325	OK	 
REQUEST	XUI_010_Homepage	XUI_Common_000_ConfigJson	1706630833328	1706630833351	OK	 
REQUEST	XUI_010_Homepage	XUI_Common_000_TsAndCs	1706630833353	1706630833378	OK	 
REQUEST	XUI_010_Homepage	XUI_Common_000_ConfigUI	1706630833380	1706630833416	OK	 
REQUEST	XUI_010_Homepage	XUI_Common_000_UserDetails	1706630833417	1706630833443	OK	 
REQUEST	XUI_010_Homepage	XUI_Common_000_IsAuthenticated	1706630833444	1706630833466	OK	 
REQUEST	XUI_010_Homepage	XUI_010_010_AuthLogin	1706630833469	1706630833495	OK	 
REQUEST	XUI_010_Homepage	XUI_010_010_AuthLogin Redirect 1	1706630833497	1706630833567	OK	 
REQUEST	XUI_010_Homepage	XUI_010_010_AuthLogin Redirect 2	1706630833568	1706630833598	OK	 
GROUP	XUI_010_Homepage	1706630831547	1706630833786	2130	OK
REQUEST	XUI_020_Login	XUI_020_005_Login	1706630833790	1706630833873	OK	 
REQUEST	XUI_020_Login	XUI_020_005_Login Redirect 1	1706630833874	1706630834462	OK	 
REQUEST	XUI_020_Login	XUI_020_005_Login Redirect 2	1706630834464	1706630834491	OK	 
REQUEST	XUI_020_Login	XUI_Common_000_ConfigurationUI	1706630835908	1706630835936	OK	 
REQUEST	XUI_020_Login	XUI_Common_000_ConfigJson	1706630835938	1706630835966	OK	 
REQUEST	XUI_020_Login	XUI_Common_000_TsAndCs	1706630835970	1706630836000	OK	 
REQUEST	XUI_020_Login	XUI_Common_000_ConfigUI	1706630836004	1706630836031	OK	 
REQUEST	XUI_020_Login	XUI_Common_000_UserDetails	1706630836036	1706630836353	OK	 
REQUEST	XUI_020_Login	XUI_Common_000_IsAuthenticated	1706630836358	1706630836461	OK	 
REQUEST	XUI_020_Login	XUI_Common_000_MonitoringTools	1706630836462	1706630836525	OK	 
GROUP	XUI_020_Login	1706630833786	1706630836564	2708	OK
REQUEST	XUI_PRL_030_CreateCaseStart	XUI_PRL_030_005_CreateCaseStart	1706630836566	1706630837943	OK	 
GROUP	XUI_PRL_030_CreateCaseStart	1706630836565	1706630837951	1377	OK
REQUEST	XUI_PRL_031_Type_Of_Application	XUI_PRL_031_005_Type_Of_Application	1706630837953	1706630838457	OK	 
GROUP	XUI_PRL_031_Type_Of_Application	1706630837951	1706630838459	504	OK
REQUEST	XUI_PRL_032_ApplicationCheckYourAnswers	XUI_PRL_032_005_ApplicationCheckYourAnswers	1706630838461	1706630844928	OK	 
GROUP	XUI_PRL_032_ApplicationCheckYourAnswers	1706630838459	1706630844955	6467	OK
REQUEST	XUI_PRL_033_ApplicationDetails	XUI_PRL_033_005_ApplicationDetails	1706630844955	1706630845746	OK	 
GROUP	XUI_PRL_033_ApplicationDetails	1706630844955	1706630845779	791	OK
REQUEST	XUI_PRL_034_EnterApplicationDetails	XUI_PRL_034_005_EnterApplicationDetails	1706630845779	1706630846238	OK	 
GROUP	XUI_PRL_034_EnterApplicationDetails	1706630845779	1706630846238	459	OK
REQUEST	XUI_PRL_035_SubmitApplicationDetails	XUI_PRL_035_005_SubmitApplicationDetails	1706630846239	1706630850260	OK	 
GROUP	XUI_PRL_035_SubmitApplicationDetails	1706630846238	1706630850261	4021	OK
REQUEST	XUI_PRL_036_SubmitAndPay	XUI_PRL_036_005_SubmitAndPay	1706630850262	1706630857604	OK	 
GROUP	XUI_PRL_036_SubmitAndPay	1706630850261	1706630857618	7342	OK
REQUEST	XUI_PRL_037_ConfidentialityStatement	XUI_PRL_037_005_ConfidentialityStatement	1706630857619	1706630858427	OK	 
GROUP	XUI_PRL_037_ConfidentialityStatement	1706630857618	1706630858427	808	OK
REQUEST	XUI_PRL_038_Declaration	XUI_PRL_038_005_Declaration	1706630858427	1706630858975	OK	 
GROUP	XUI_PRL_038_Declaration	1706630858427	1706630858975	548	OK
REQUEST	XUI_PRL_039_Continue	XUI_PRL_039_005_Continue	1706630858975	1706630859960	OK	 
GROUP	XUI_PRL_039_Continue	1706630858975	1706630859961	985	OK
REQUEST	XUI_PRL_040_Continue	XUI_PRL_039_005_Continue	1706630859961	1706630867368	OK	 
GROUP	XUI_PRL_040_Continue	1706630859961	1706630867370	7407	OK
REQUEST	XUI_PRL_041_DummyPaymentConfirmation 	XUI_PRL_041_005_DummyPaymentConfirmation 	1706630867370	1706630867948	OK	 
GROUP	XUI_PRL_041_DummyPaymentConfirmation 	1706630867370	1706630867948	578	OK
REQUEST	XUI_PRL_042_PaymentOption	XUI_PRL_042_005_PaymentOption	1706630867948	1706630869053	OK	 
GROUP	XUI_PRL_042_PaymentOption	1706630867948	1706630869054	1105	OK
REQUEST	XUI_PRL_043_PaymentOption	XUI_PRL_043_005_PaymentOption	1706630869054	1706630869175	OK	 
REQUEST	XUI_PRL_043_PaymentOption	XUI_PRL_043_005_PaymentOption Redirect 1	1706630869176	1706630869262	OK	 
GROUP	XUI_PRL_043_PaymentOption	1706630869054	1706630869419	355	OK
REQUEST	XUI_PRL_044_CardDetails	XUI_PRL_044_005_CardDetails	1706630869419	1706630869600	OK	 
REQUEST	XUI_PRL_044_CardDetails	XUI_PRL_044_005_CardDetails Redirect 1	1706630869601	1706630869652	OK	 
GROUP	XUI_PRL_044_CardDetails	1706630869419	1706630869656	233	OK
REQUEST	XUI_PRL_045_ConfirmPayment	XUI_PRL_045_005_ConfirmPayment	1706630869656	1706630869740	OK	 
REQUEST	XUI_PRL_045_ConfirmPayment	XUI_PRL_045_005_ConfirmPayment Redirect 1	1706630869740	1706630869781	OK	 
REQUEST	XUI_PRL_045_ConfirmPayment	XUI_PRL_045_005_ConfirmPayment Redirect 2	1706630869785	1706630872512	OK	 
GROUP	XUI_PRL_045_ConfirmPayment	1706630869656	1706630872699	3034	OK
USER	***** PRL Citizen Journey *****	END	1706630872704
