ASSERTION	AAECAAIFAAAAAAAAAFlA
RUN	simulations.PRL_Simulation	prl-simulation	1706054287485	 	3.9.5
USER	***** PRL Case Flags 2.1 Journey *****	START	1706054288036
REQUEST	XUI_010_Homepage	XUI_010_005_Homepage	1706054288046	1706054288160	OK	 
REQUEST	XUI_010_Homepage	XUI_Common_000_ConfigurationUI	1706054291822	1706054291852	OK	 
REQUEST	XUI_010_Homepage	XUI_Common_000_ConfigJson	1706054291853	1706054292058	OK	 
REQUEST	XUI_010_Homepage	XUI_Common_000_TsAndCs	1706054292061	1706054292208	OK	 
REQUEST	XUI_010_Homepage	XUI_Common_000_ConfigUI	1706054292209	1706054292358	OK	 
REQUEST	XUI_010_Homepage	XUI_Common_000_UserDetails	1706054292360	1706054292390	OK	 
REQUEST	XUI_010_Homepage	XUI_Common_000_IsAuthenticated	1706054292391	1706054292532	OK	 
REQUEST	XUI_010_Homepage	XUI_010_010_AuthLogin	1706054292536	1706054292689	OK	 
REQUEST	XUI_010_Homepage	XUI_010_010_AuthLogin Redirect 1	1706054292692	1706054293044	OK	 
REQUEST	XUI_010_Homepage	XUI_010_010_AuthLogin Redirect 2	1706054293046	1706054293222	OK	 
GROUP	XUI_010_Homepage	1706054288038	1706054294181	6050	OK
REQUEST	XUI_020_LoginCa	XUI_020_005_LoginCa	1706054294188	1706054294286	OK	 
REQUEST	XUI_020_LoginCa	XUI_020_005_LoginCa Redirect 1	1706054294287	1706054295559	OK	 
REQUEST	XUI_020_LoginCa	XUI_020_005_LoginCa Redirect 2	1706054295562	1706054295593	OK	 
REQUEST	XUI_020_LoginCa	XUI_Common_000_ConfigurationUI	1706054298402	1706054298496	OK	 
REQUEST	XUI_020_LoginCa	XUI_Common_000_ConfigJson	1706054298497	1706054298533	OK	 
REQUEST	XUI_020_LoginCa	XUI_Common_000_TsAndCs	1706054298534	1706054298569	OK	 
REQUEST	XUI_020_LoginCa	XUI_Common_000_ConfigUI	1706054298570	1706054298601	OK	 
REQUEST	XUI_020_LoginCa	XUI_Common_000_UserDetails	1706054298601	1706054298672	OK	 
REQUEST	XUI_020_LoginCa	XUI_Common_000_IsAuthenticated	1706054298675	1706054298710	OK	 
REQUEST	XUI_020_LoginCa	XUI_Common_000_MonitoringTools	1706054298711	1706054298764	OK	 
GROUP	XUI_020_LoginCa	1706054294182	1706054298800	4558	OK
REQUEST	XUI_PRL_031_SelectCase	XUI_PRL_031_005_SelectCase	1706054298801	1706054302345	OK	 
GROUP	XUI_PRL_031_SelectCase	1706054298800	1706054302347	3544	OK
REQUEST	XUI_PRL_032_SelectApplication	XUI_PRL_032_005_SelectApplication	1706054302348	1706054302383	OK	 
REQUEST	XUI_PRL_032_SelectApplication	XUI_PRL_032_010_SelectApplication	1706054302384	1706054308506	OK	 
GROUP	XUI_PRL_032_SelectApplication	1706054302347	1706054308529	6157	OK
REQUEST	XUI_PRL_033_SelectSupport	XUI_PRL_033_005_SelectSupport	1706054308531	1706054308569	OK	 
GROUP	XUI_PRL_033_SelectSupport	1706054308530	1706054308569	38	OK
REQUEST	XUI_PRL_034_SelectCaseDocuments	XUI_PRL_034_005_SelectCaseDocuments	1706054308570	1706054308602	OK	 
GROUP	XUI_PRL_034_SelectCaseDocuments	1706054308569	1706054308602	32	OK
REQUEST	XUI_PRL_035_SelectHistory	XUI_PRL_035_005_SelectHistory	1706054308603	1706054308635	OK	 
GROUP	XUI_PRL_035_SelectHistory	1706054308602	1706054308636	32	OK
REQUEST	XUI_PRL_036_SelectServiceRequest	XUI_PRL_036_005_SelectServiceRequest	1706054308636	1706054308690	OK	 
REQUEST	XUI_PRL_036_SelectServiceRequest	XUI_PRL_036_010_SelectServiceRequest	1706054308691	1706054309213	KO	status.find.in([200, 209], 304), found 403
GROUP	XUI_PRL_036_SelectServiceRequest	1706054308636	1706054309236	576	KO
USER	***** PRL Case Flags 2.1 Journey *****	END	1706054309242
