ASSERTION	AAECAAMFAAAAAAAAAFlA
RUN	simulations.PRL_Simulation	prl-simulation	1686565077247	 	3.3.1
USER	***** Private Law Create Case *****	1	START	1686565077537	1686565077537
REQUEST	1	XUI_010_Homepage	XUI_010_005_Homepage	1686565077547	1686565078251	OK	 
REQUEST	1	XUI_010_Homepage	XUI_Common_000_ConfigurationUI	1686565078287	1686565079289	OK	 
REQUEST	1	XUI_010_Homepage	XUI_Common_000_ConfigJson	1686565079299	1686565079323	OK	 
REQUEST	1	XUI_010_Homepage	XUI_Common_000_TsAndCs	1686565079325	1686565079382	OK	 
REQUEST	1	XUI_010_Homepage	XUI_Common_000_ConfigUI	1686565079384	1686565079426	OK	 
REQUEST	1	XUI_010_Homepage	XUI_Common_000_UserDetails	1686565079427	1686565079478	OK	 
REQUEST	1	XUI_010_Homepage	XUI_Common_000_IsAuthenticated	1686565079479	1686565079545	OK	 
REQUEST	1	XUI_010_Homepage	XUI_010_010_AuthLogin	1686565079547	1686565079638	OK	 
REQUEST	1	XUI_010_Homepage	XUI_010_010_AuthLogin Redirect 1	1686565079641	1686565079767	OK	 
REQUEST	1	XUI_010_Homepage	XUI_010_010_AuthLogin Redirect 2	1686565079768	1686565079882	OK	 
GROUP	1	XUI_010_Homepage	1686565077540	1686565083207	5565	OK
REQUEST	1	XUI_020_Login	XUI_020_005_Login	1686565083209	1686565083348	OK	 
REQUEST	1	XUI_020_Login	XUI_020_005_Login Redirect 1	1686565083349	1686565083836	OK	 
REQUEST	1	XUI_020_Login	XUI_020_005_Login Redirect 2	1686565083838	1686565083902	OK	 
REQUEST	1	XUI_020_Login	XUI_Common_000_ConfigurationUI	1686565120611	1686565120755	OK	 
REQUEST	1	XUI_020_Login	XUI_Common_000_ConfigJson	1686565120756	1686565120798	OK	 
REQUEST	1	XUI_020_Login	XUI_Common_000_TsAndCs	1686565120799	1686565120869	OK	 
REQUEST	1	XUI_020_Login	XUI_Common_000_ConfigUI	1686565120870	1686565120977	OK	 
REQUEST	1	XUI_020_Login	XUI_Common_000_UserDetails	1686565120978	1686565121173	OK	 
REQUEST	1	XUI_020_Login	XUI_Common_000_IsAuthenticated	1686565121174	1686565121222	OK	 
REQUEST	1	XUI_020_Login	XUI_Common_000_MonitoringTools	1686565121226	1686565121318	OK	 
GROUP	1	XUI_020_Login	1686565083208	1686565121340	38093	OK
REQUEST	1	XUI_PRL_030_CreateCaseStart	XUI_PRL_030_005_CreateCaseStart	1686565121348	1686565121618	KO	jsonPath($.event_token).find.exists preparation crashed: Jackson failed to parse into a valid AST: c.f.j.d.e.MismatchedInputException: No content to map due to end-of-input  at [Source: (io.gatling.commons.util.FastByteArrayInputStream); line: 1, column: 0]
GROUP	1	XUI_PRL_030_CreateCaseStart	1686565121340	1686565121624	270	KO
USER	***** Private Law Create Case *****	1	END	1686565077537	1686565121627
