ASSERTION	AAECAAICAAAAAAAAwFdA
ASSERTION	AAMAASBYVUlfUFJMX0MxMDBfNDYwX1N1Ym1pdEFuZFBheU5vdwIAAgIAAAAAAAAAVEA=
ASSERTION	AAMAARtYVUlfUFJMX0ZMNDAxXzQ5MF9TT1RTdWJtaXQCAAICAAAAAAAAAFRA
ASSERTION	AAMAASNQUkxfQ2l0aXplbkMxMDBfODEwXzAwNV9GaW5hbFN1Ym1pdAIAAgIAAAAAAAAAVEA=
RUN	simulations.PRL_Simulation	prl-simulation	1705688856715	 	3.9.5
USER	***** PRL Citizen Journey *****	START	1705688960277
REQUEST	XUI_010_Homepage	XUI_010_005_Homepage	1705688960298	1705688960459	OK	 
REQUEST	XUI_010_Homepage	XUI_Common_000_ConfigurationUI	1705688962749	1705688962787	OK	 
REQUEST	XUI_010_Homepage	XUI_Common_000_ConfigJson	1705688962791	1705688962843	OK	 
REQUEST	XUI_010_Homepage	XUI_Common_000_TsAndCs	1705688962843	1705688962897	OK	 
REQUEST	XUI_010_Homepage	XUI_Common_000_ConfigUI	1705688962898	1705688962934	OK	 
REQUEST	XUI_010_Homepage	XUI_Common_000_UserDetails	1705688962935	1705688962966	OK	 
REQUEST	XUI_010_Homepage	XUI_Common_000_IsAuthenticated	1705688962967	1705688962997	OK	 
REQUEST	XUI_010_Homepage	XUI_010_010_AuthLogin	1705688962998	1705688963081	OK	 
REQUEST	XUI_010_Homepage	XUI_010_010_AuthLogin Redirect 1	1705688963085	1705688963433	OK	 
REQUEST	XUI_010_Homepage	XUI_010_010_AuthLogin Redirect 2	1705688963434	1705688963550	OK	 
GROUP	XUI_010_Homepage	1705688960282	1705688963946	3532	OK
REQUEST	XUI_020_Login	XUI_020_005_Login	1705688968302	1705688968719	OK	 
REQUEST	XUI_020_Login	XUI_020_005_Login Redirect 1	1705688968719	1705688969749	OK	 
REQUEST	XUI_020_Login	XUI_020_005_Login Redirect 2	1705688969753	1705688969902	OK	 
REQUEST	XUI_020_Login	XUI_Common_000_ConfigurationUI	1705688973218	1705688973260	OK	 
REQUEST	XUI_020_Login	XUI_Common_000_ConfigJson	1705688973260	1705688973297	OK	 
REQUEST	XUI_020_Login	XUI_Common_000_TsAndCs	1705688973297	1705688973338	OK	 
REQUEST	XUI_020_Login	XUI_Common_000_ConfigUI	1705688973339	1705688973420	OK	 
REQUEST	XUI_020_Login	XUI_Common_000_UserDetails	1705688973421	1705688974670	OK	 
REQUEST	XUI_020_Login	XUI_Common_000_IsAuthenticated	1705688974674	1705688974748	OK	 
REQUEST	XUI_020_Login	XUI_Common_000_MonitoringTools	1705688974749	1705688974806	OK	 
GROUP	XUI_020_Login	1705688968295	1705688974837	6488	OK
REQUEST	XUI_PRL_030_CreateCaseStart	XUI_PRL_030_005_CreateCaseStart	1705688978221	1705688983992	OK	 
GROUP	XUI_PRL_030_CreateCaseStart	1705688978219	1705688984006	5771	OK
REQUEST	XUI_PRL_031_Type_Of_Application	XUI_PRL_031_005_Type_Of_Application	1705688987286	1705688988065	OK	 
GROUP	XUI_PRL_031_Type_Of_Application	1705688987278	1705688988065	779	OK
USER	***** PRL Citizen Journey *****	START	1705689003269
REQUEST	XUI_010_Homepage	XUI_010_005_Homepage	1705689003270	1705689003395	OK	 
REQUEST	XUI_010_Homepage	XUI_Common_000_ConfigurationUI	1705689005687	1705689005723	OK	 
REQUEST	XUI_010_Homepage	XUI_Common_000_ConfigJson	1705689005724	1705689005755	OK	 
REQUEST	XUI_010_Homepage	XUI_Common_000_TsAndCs	1705689005756	1705689005789	OK	 
REQUEST	XUI_010_Homepage	XUI_Common_000_ConfigUI	1705689005790	1705689005820	OK	 
REQUEST	XUI_010_Homepage	XUI_Common_000_UserDetails	1705689005821	1705689005857	OK	 
REQUEST	XUI_010_Homepage	XUI_Common_000_IsAuthenticated	1705689005859	1705689005891	OK	 
REQUEST	XUI_010_Homepage	XUI_010_010_AuthLogin	1705689005892	1705689005924	OK	 
REQUEST	XUI_010_Homepage	XUI_010_010_AuthLogin Redirect 1	1705689005924	1705689006034	OK	 
REQUEST	XUI_010_Homepage	XUI_010_010_AuthLogin Redirect 2	1705689006035	1705689006113	OK	 
GROUP	XUI_010_Homepage	1705689003269	1705689006362	3073	OK
REQUEST	XUI_020_Login	XUI_020_005_Login	1705689010180	1705689010318	OK	 
REQUEST	XUI_020_Login	XUI_020_005_Login Redirect 1	1705689010320	1705689010963	OK	 
REQUEST	XUI_020_Login	XUI_020_005_Login Redirect 2	1705689010964	1705689011019	OK	 
REQUEST	XUI_PRL_032_ApplicationCheckYourAnswers	XUI_PRL_032_005_ApplicationCheckYourAnswers	1705688992454	1705689013012	OK	 
GROUP	XUI_PRL_032_ApplicationCheckYourAnswers	1705688992453	1705689013027	20558	OK
REQUEST	XUI_020_Login	XUI_Common_000_ConfigurationUI	1705689013385	1705689013425	OK	 
REQUEST	XUI_020_Login	XUI_Common_000_ConfigJson	1705689013426	1705689013486	OK	 
REQUEST	XUI_020_Login	XUI_Common_000_TsAndCs	1705689013487	1705689013518	OK	 
REQUEST	XUI_020_Login	XUI_Common_000_ConfigUI	1705689013519	1705689013577	OK	 
REQUEST	XUI_020_Login	XUI_Common_000_UserDetails	1705689013578	1705689014425	OK	 
REQUEST	XUI_020_Login	XUI_Common_000_IsAuthenticated	1705689014427	1705689014708	OK	 
REQUEST	XUI_020_Login	XUI_Common_000_MonitoringTools	1705689014710	1705689014891	OK	 
GROUP	XUI_020_Login	1705689010179	1705689014891	4698	OK
REQUEST	XUI_PRL_033_ApplicationDetails	XUI_PRL_033_005_ApplicationDetails	1705689016704	1705689018492	OK	 
GROUP	XUI_PRL_033_ApplicationDetails	1705689016704	1705689018551	1788	OK
REQUEST	XUI_PRL_030_CreateCaseStart	XUI_PRL_030_005_CreateCaseStart	1705689019820	1705689021990	OK	 
GROUP	XUI_PRL_030_CreateCaseStart	1705689019819	1705689021993	2170	OK
ERROR	XUI_PRL_034_005_EnterApplicationDetails: Failed to build request: No attribute named 'orgref' is defined 	1705689023082
GROUP	XUI_PRL_034_EnterApplicationDetails	1705689023081	1705689023084	0	KO
USER	***** PRL Citizen Journey *****	END	1705689023087
REQUEST	XUI_PRL_031_Type_Of_Application	XUI_PRL_031_005_Type_Of_Application	1705689026027	1705689027345	OK	 
GROUP	XUI_PRL_031_Type_Of_Application	1705689026026	1705689027346	1318	OK
USER	***** PRL Citizen Journey *****	START	1705689036270
REQUEST	XUI_010_Homepage	XUI_010_005_Homepage	1705689036271	1705689036379	OK	 
REQUEST	XUI_010_Homepage	XUI_Common_000_ConfigurationUI	1705689038394	1705689038423	OK	 
REQUEST	XUI_010_Homepage	XUI_Common_000_ConfigJson	1705689038423	1705689038459	OK	 
REQUEST	XUI_010_Homepage	XUI_Common_000_TsAndCs	1705689038460	1705689038496	OK	 
REQUEST	XUI_010_Homepage	XUI_Common_000_ConfigUI	1705689038497	1705689038529	OK	 
REQUEST	XUI_010_Homepage	XUI_Common_000_UserDetails	1705689038529	1705689038610	OK	 
REQUEST	XUI_010_Homepage	XUI_Common_000_IsAuthenticated	1705689038615	1705689038656	OK	 
REQUEST	XUI_010_Homepage	XUI_010_010_AuthLogin	1705689038658	1705689038687	OK	 
REQUEST	XUI_010_Homepage	XUI_010_010_AuthLogin Redirect 1	1705689038688	1705689038835	OK	 
REQUEST	XUI_010_Homepage	XUI_010_010_AuthLogin Redirect 2	1705689038836	1705689038939	OK	 
GROUP	XUI_010_Homepage	1705689036270	1705689039222	2934	OK
REQUEST	XUI_020_Login	XUI_020_005_Login	1705689042820	1705689042943	OK	 
REQUEST	XUI_020_Login	XUI_020_005_Login Redirect 1	1705689042944	1705689043527	OK	 
REQUEST	XUI_020_Login	XUI_020_005_Login Redirect 2	1705689043528	1705689043574	OK	 
REQUEST	XUI_PRL_032_ApplicationCheckYourAnswers	XUI_PRL_032_005_ApplicationCheckYourAnswers	1705689030861	1705689044109	OK	 
GROUP	XUI_PRL_032_ApplicationCheckYourAnswers	1705689030860	1705689044126	13248	OK
REQUEST	XUI_020_Login	XUI_Common_000_ConfigurationUI	1705689046767	1705689046938	OK	 
REQUEST	XUI_020_Login	XUI_Common_000_ConfigJson	1705689046938	1705689046971	OK	 
REQUEST	XUI_020_Login	XUI_Common_000_TsAndCs	1705689046971	1705689047116	OK	 
REQUEST	XUI_020_Login	XUI_Common_000_ConfigUI	1705689047117	1705689047149	OK	 
REQUEST	XUI_020_Login	XUI_Common_000_UserDetails	1705689047150	1705689047835	OK	 
REQUEST	XUI_020_Login	XUI_Common_000_IsAuthenticated	1705689047836	1705689047984	OK	 
REQUEST	XUI_020_Login	XUI_Common_000_MonitoringTools	1705689047984	1705689048161	OK	 
GROUP	XUI_020_Login	1705689042820	1705689048161	5334	OK
REQUEST	XUI_PRL_033_ApplicationDetails	XUI_PRL_033_005_ApplicationDetails	1705689048051	1705689049793	OK	 
GROUP	XUI_PRL_033_ApplicationDetails	1705689048050	1705689049807	1742	OK
ERROR	XUI_PRL_034_005_EnterApplicationDetails: Failed to build request: No attribute named 'orgref' is defined 	1705689053221
GROUP	XUI_PRL_034_EnterApplicationDetails	1705689053220	1705689053221	0	KO
USER	***** PRL Citizen Journey *****	END	1705689053222
REQUEST	XUI_PRL_030_CreateCaseStart	XUI_PRL_030_005_CreateCaseStart	1705689052083	1705689054101	OK	 
GROUP	XUI_PRL_030_CreateCaseStart	1705689052082	1705689054102	2018	OK
REQUEST	XUI_PRL_031_Type_Of_Application	XUI_PRL_031_005_Type_Of_Application	1705689058984	1705689060221	OK	 
GROUP	XUI_PRL_031_Type_Of_Application	1705689058983	1705689060221	1237	OK
USER	***** PRL Citizen Journey *****	START	1705689064270
REQUEST	XUI_010_Homepage	XUI_010_005_Homepage	1705689064270	1705689064541	OK	 
REQUEST	XUI_010_Homepage	XUI_Common_000_ConfigurationUI	1705689066881	1705689066918	OK	 
REQUEST	XUI_010_Homepage	XUI_Common_000_ConfigJson	1705689066918	1705689066970	OK	 
REQUEST	XUI_010_Homepage	XUI_Common_000_TsAndCs	1705689066970	1705689067007	OK	 
REQUEST	XUI_010_Homepage	XUI_Common_000_ConfigUI	1705689067008	1705689067039	OK	 
REQUEST	XUI_010_Homepage	XUI_Common_000_UserDetails	1705689067039	1705689067067	OK	 
REQUEST	XUI_010_Homepage	XUI_Common_000_IsAuthenticated	1705689067067	1705689067115	OK	 
REQUEST	XUI_010_Homepage	XUI_010_010_AuthLogin	1705689067117	1705689067164	OK	 
REQUEST	XUI_010_Homepage	XUI_010_010_AuthLogin Redirect 1	1705689067164	1705689067269	OK	 
REQUEST	XUI_010_Homepage	XUI_010_010_AuthLogin Redirect 2	1705689067269	1705689067336	OK	 
GROUP	XUI_010_Homepage	1705689064270	1705689067606	3319	OK
REQUEST	XUI_020_Login	XUI_020_005_Login	1705689072049	1705689072236	OK	 
REQUEST	XUI_020_Login	XUI_020_005_Login Redirect 1	1705689072238	1705689072812	OK	 
REQUEST	XUI_020_Login	XUI_020_005_Login Redirect 2	1705689072813	1705689072848	OK	 
REQUEST	XUI_020_Login	XUI_Common_000_ConfigurationUI	1705689075396	1705689075435	OK	 
REQUEST	XUI_020_Login	XUI_Common_000_ConfigJson	1705689075436	1705689075473	OK	 
REQUEST	XUI_020_Login	XUI_Common_000_TsAndCs	1705689075473	1705689075522	OK	 
REQUEST	XUI_020_Login	XUI_Common_000_ConfigUI	1705689075524	1705689075595	OK	 
REQUEST	XUI_020_Login	XUI_Common_000_UserDetails	1705689075596	1705689076055	OK	 
REQUEST	XUI_020_Login	XUI_Common_000_IsAuthenticated	1705689076056	1705689076125	OK	 
REQUEST	XUI_020_Login	XUI_Common_000_MonitoringTools	1705689076127	1705689076177	OK	 
GROUP	XUI_020_Login	1705689072048	1705689076177	4117	OK
REQUEST	XUI_PRL_032_ApplicationCheckYourAnswers	XUI_PRL_032_005_ApplicationCheckYourAnswers	1705689063241	1705689078666	OK	 
GROUP	XUI_PRL_032_ApplicationCheckYourAnswers	1705689063240	1705689078669	15425	OK
REQUEST	XUI_PRL_030_CreateCaseStart	XUI_PRL_030_005_CreateCaseStart	1705689080768	1705689082879	OK	 
GROUP	XUI_PRL_030_CreateCaseStart	1705689080767	1705689082881	2111	OK
REQUEST	XUI_PRL_033_ApplicationDetails	XUI_PRL_033_005_ApplicationDetails	1705689082232	1705689083563	OK	 
GROUP	XUI_PRL_033_ApplicationDetails	1705689082232	1705689083575	1331	OK
ERROR	XUI_PRL_034_005_EnterApplicationDetails: Failed to build request: No attribute named 'orgref' is defined 	1705689088134
GROUP	XUI_PRL_034_EnterApplicationDetails	1705689088133	1705689088134	0	KO
USER	***** PRL Citizen Journey *****	END	1705689088137
REQUEST	XUI_PRL_031_Type_Of_Application	XUI_PRL_031_005_Type_Of_Application	1705689087074	1705689088584	OK	 
GROUP	XUI_PRL_031_Type_Of_Application	1705689087074	1705689088585	1510	OK
USER	***** PRL Citizen Journey *****	START	1705689089281
REQUEST	XUI_010_Homepage	XUI_010_005_Homepage	1705689089300	1705689089461	OK	 
REQUEST	XUI_010_Homepage	XUI_Common_000_ConfigurationUI	1705689094050	1705689094086	OK	 
REQUEST	XUI_010_Homepage	XUI_Common_000_ConfigJson	1705689094086	1705689094117	OK	 
REQUEST	XUI_010_Homepage	XUI_Common_000_TsAndCs	1705689094117	1705689094155	OK	 
REQUEST	XUI_010_Homepage	XUI_Common_000_ConfigUI	1705689094156	1705689094196	OK	 
REQUEST	XUI_010_Homepage	XUI_Common_000_UserDetails	1705689094198	1705689094259	OK	 
REQUEST	XUI_010_Homepage	XUI_Common_000_IsAuthenticated	1705689094260	1705689094294	OK	 
REQUEST	XUI_010_Homepage	XUI_010_010_AuthLogin	1705689094295	1705689094336	OK	 
REQUEST	XUI_010_Homepage	XUI_010_010_AuthLogin Redirect 1	1705689094337	1705689094427	OK	 
REQUEST	XUI_010_Homepage	XUI_010_010_AuthLogin Redirect 2	1705689094428	1705689094517	OK	 
GROUP	XUI_010_Homepage	1705689089299	1705689094817	5504	OK
REQUEST	XUI_020_Login	XUI_020_005_Login	1705689098035	1705689098228	OK	 
REQUEST	XUI_020_Login	XUI_020_005_Login Redirect 1	1705689098229	1705689098782	OK	 
REQUEST	XUI_020_Login	XUI_020_005_Login Redirect 2	1705689098782	1705689098813	OK	 
REQUEST	XUI_020_Login	XUI_Common_000_ConfigurationUI	1705689100619	1705689100662	OK	 
REQUEST	XUI_020_Login	XUI_Common_000_ConfigJson	1705689100663	1705689100704	OK	 
REQUEST	XUI_PRL_032_ApplicationCheckYourAnswers	XUI_PRL_032_005_ApplicationCheckYourAnswers	1705689092512	1705689100749	OK	 
GROUP	XUI_PRL_032_ApplicationCheckYourAnswers	1705689092512	1705689100750	8237	OK
REQUEST	XUI_020_Login	XUI_Common_000_TsAndCs	1705689100705	1705689100755	OK	 
REQUEST	XUI_020_Login	XUI_Common_000_ConfigUI	1705689100755	1705689100791	OK	 
REQUEST	XUI_020_Login	XUI_Common_000_UserDetails	1705689100792	1705689101278	OK	 
REQUEST	XUI_020_Login	XUI_Common_000_IsAuthenticated	1705689101278	1705689101335	OK	 
REQUEST	XUI_020_Login	XUI_Common_000_MonitoringTools	1705689101336	1705689101387	OK	 
GROUP	XUI_020_Login	1705689098034	1705689101388	3346	OK
REQUEST	XUI_PRL_030_CreateCaseStart	XUI_PRL_030_005_CreateCaseStart	1705689105058	1705689108040	OK	 
GROUP	XUI_PRL_030_CreateCaseStart	1705689105058	1705689108041	2982	OK
REQUEST	XUI_PRL_033_ApplicationDetails	XUI_PRL_033_005_ApplicationDetails	1705689105357	1705689108730	OK	 
GROUP	XUI_PRL_033_ApplicationDetails	1705689105357	1705689108747	3373	OK
USER	***** PRL Citizen Journey *****	START	1705689111270
REQUEST	XUI_010_Homepage	XUI_010_005_Homepage	1705689111270	1705689111360	OK	 
REQUEST	XUI_PRL_031_Type_Of_Application	XUI_PRL_031_005_Type_Of_Application	1705689111293	1705689112072	OK	 
GROUP	XUI_PRL_031_Type_Of_Application	1705689111292	1705689112072	779	OK
ERROR	XUI_PRL_034_005_EnterApplicationDetails: Failed to build request: No attribute named 'orgref' is defined 	1705689112148
GROUP	XUI_PRL_034_EnterApplicationDetails	1705689112147	1705689112148	0	KO
USER	***** PRL Citizen Journey *****	END	1705689112149
REQUEST	XUI_010_Homepage	XUI_Common_000_ConfigurationUI	1705689113858	1705689113886	OK	 
REQUEST	XUI_010_Homepage	XUI_Common_000_ConfigJson	1705689113887	1705689113922	OK	 
REQUEST	XUI_010_Homepage	XUI_Common_000_TsAndCs	1705689113922	1705689113959	OK	 
REQUEST	XUI_010_Homepage	XUI_Common_000_ConfigUI	1705689113959	1705689113989	OK	 
REQUEST	XUI_010_Homepage	XUI_Common_000_UserDetails	1705689113990	1705689114021	OK	 
REQUEST	XUI_010_Homepage	XUI_Common_000_IsAuthenticated	1705689114022	1705689114059	OK	 
REQUEST	XUI_010_Homepage	XUI_010_010_AuthLogin	1705689114059	1705689114088	OK	 
REQUEST	XUI_010_Homepage	XUI_010_010_AuthLogin Redirect 1	1705689114089	1705689114191	OK	 
REQUEST	XUI_010_Homepage	XUI_010_010_AuthLogin Redirect 2	1705689114191	1705689114284	OK	 
GROUP	XUI_010_Homepage	1705689111270	1705689114519	3241	OK
REQUEST	XUI_020_Login	XUI_020_005_Login	1705689118240	1705689118358	OK	 
REQUEST	XUI_020_Login	XUI_020_005_Login Redirect 1	1705689118360	1705689118994	OK	 
REQUEST	XUI_020_Login	XUI_020_005_Login Redirect 2	1705689118995	1705689119052	OK	 
REQUEST	XUI_020_Login	XUI_Common_000_ConfigurationUI	1705689123858	1705689123897	OK	 
REQUEST	XUI_020_Login	XUI_Common_000_ConfigJson	1705689123898	1705689123926	OK	 
REQUEST	XUI_020_Login	XUI_Common_000_TsAndCs	1705689123928	1705689123961	OK	 
REQUEST	XUI_020_Login	XUI_Common_000_ConfigUI	1705689123962	1705689123994	OK	 
REQUEST	XUI_020_Login	XUI_Common_000_UserDetails	1705689123995	1705689124636	OK	 
REQUEST	XUI_020_Login	XUI_Common_000_IsAuthenticated	1705689124637	1705689124688	OK	 
REQUEST	XUI_020_Login	XUI_Common_000_MonitoringTools	1705689124688	1705689124739	OK	 
GROUP	XUI_020_Login	1705689118240	1705689124740	6489	OK
REQUEST	XUI_PRL_032_ApplicationCheckYourAnswers	XUI_PRL_032_005_ApplicationCheckYourAnswers	1705689115828	1705689127185	OK	 
GROUP	XUI_PRL_032_ApplicationCheckYourAnswers	1705689115827	1705689127188	11357	OK
REQUEST	XUI_PRL_030_CreateCaseStart	XUI_PRL_030_005_CreateCaseStart	1705689129526	1705689130907	OK	 
GROUP	XUI_PRL_030_CreateCaseStart	1705689129525	1705689130908	1381	OK
USER	***** PRL Citizen Journey *****	START	1705689131278
REQUEST	XUI_010_Homepage	XUI_010_005_Homepage	1705689131281	1705689131412	OK	 
REQUEST	XUI_PRL_033_ApplicationDetails	XUI_PRL_033_005_ApplicationDetails	1705689130422	1705689132325	OK	 
GROUP	XUI_PRL_033_ApplicationDetails	1705689130421	1705689132336	1903	OK
REQUEST	XUI_010_Homepage	XUI_Common_000_ConfigurationUI	1705689133749	1705689133798	OK	 
REQUEST	XUI_010_Homepage	XUI_Common_000_ConfigJson	1705689133799	1705689133831	OK	 
REQUEST	XUI_010_Homepage	XUI_Common_000_TsAndCs	1705689133831	1705689133894	OK	 
REQUEST	XUI_010_Homepage	XUI_Common_000_ConfigUI	1705689133894	1705689133924	OK	 
REQUEST	XUI_010_Homepage	XUI_Common_000_UserDetails	1705689133924	1705689133960	OK	 
REQUEST	XUI_010_Homepage	XUI_Common_000_IsAuthenticated	1705689133960	1705689133996	OK	 
REQUEST	XUI_010_Homepage	XUI_010_010_AuthLogin	1705689133997	1705689134032	OK	 
REQUEST	XUI_010_Homepage	XUI_010_010_AuthLogin Redirect 1	1705689134032	1705689134135	OK	 
REQUEST	XUI_010_Homepage	XUI_010_010_AuthLogin Redirect 2	1705689134135	1705689134182	OK	 
GROUP	XUI_010_Homepage	1705689131281	1705689134430	3143	OK
REQUEST	XUI_PRL_031_Type_Of_Application	XUI_PRL_031_005_Type_Of_Application	1705689135833	1705689136850	OK	 
GROUP	XUI_PRL_031_Type_Of_Application	1705689135833	1705689136850	1017	OK
ERROR	XUI_PRL_034_005_EnterApplicationDetails: Failed to build request: No attribute named 'orgref' is defined 	1705689137056
GROUP	XUI_PRL_034_EnterApplicationDetails	1705689137056	1705689137056	0	KO
USER	***** PRL Citizen Journey *****	END	1705689137057
REQUEST	XUI_020_Login	XUI_020_005_Login	1705689139328	1705689139512	OK	 
REQUEST	XUI_020_Login	XUI_020_005_Login Redirect 1	1705689139512	1705689140090	OK	 
REQUEST	XUI_020_Login	XUI_020_005_Login Redirect 2	1705689140091	1705689140124	OK	 
REQUEST	XUI_020_Login	XUI_Common_000_ConfigurationUI	1705689142016	1705689142047	OK	 
REQUEST	XUI_020_Login	XUI_Common_000_ConfigJson	1705689142047	1705689142081	OK	 
REQUEST	XUI_020_Login	XUI_Common_000_TsAndCs	1705689142082	1705689142113	OK	 
REQUEST	XUI_020_Login	XUI_Common_000_ConfigUI	1705689142115	1705689142152	OK	 
REQUEST	XUI_020_Login	XUI_Common_000_UserDetails	1705689142153	1705689142584	OK	 
REQUEST	XUI_020_Login	XUI_Common_000_IsAuthenticated	1705689142585	1705689142637	OK	 
REQUEST	XUI_020_Login	XUI_Common_000_MonitoringTools	1705689142637	1705689142685	OK	 
GROUP	XUI_020_Login	1705689139327	1705689142686	3351	OK
REQUEST	XUI_PRL_030_CreateCaseStart	XUI_PRL_030_005_CreateCaseStart	1705689147051	1705689149485	OK	 
GROUP	XUI_PRL_030_CreateCaseStart	1705689147050	1705689149486	2434	OK
USER	***** PRL Citizen Journey *****	START	1705689150270
REQUEST	XUI_PRL_032_ApplicationCheckYourAnswers	XUI_PRL_032_005_ApplicationCheckYourAnswers	1705689140862	1705689150528	OK	 
GROUP	XUI_PRL_032_ApplicationCheckYourAnswers	1705689140861	1705689150529	9666	OK
REQUEST	XUI_010_Homepage	XUI_010_005_Homepage	1705689150270	1705689150874	OK	 
REQUEST	XUI_PRL_031_Type_Of_Application	XUI_PRL_031_005_Type_Of_Application	1705689153206	1705689153959	OK	 
GROUP	XUI_PRL_031_Type_Of_Application	1705689153205	1705689153959	753	OK
REQUEST	XUI_010_Homepage	XUI_Common_000_ConfigurationUI	1705689154349	1705689154404	OK	 
REQUEST	XUI_010_Homepage	XUI_Common_000_ConfigJson	1705689154405	1705689154438	OK	 
REQUEST	XUI_010_Homepage	XUI_Common_000_TsAndCs	1705689154439	1705689154472	OK	 
REQUEST	XUI_010_Homepage	XUI_Common_000_ConfigUI	1705689154472	1705689154513	OK	 
REQUEST	XUI_010_Homepage	XUI_Common_000_UserDetails	1705689154514	1705689154544	OK	 
REQUEST	XUI_010_Homepage	XUI_Common_000_IsAuthenticated	1705689154544	1705689154594	OK	 
REQUEST	XUI_010_Homepage	XUI_010_010_AuthLogin	1705689154595	1705689154639	OK	 
REQUEST	XUI_010_Homepage	XUI_010_010_AuthLogin Redirect 1	1705689154639	1705689154730	OK	 
REQUEST	XUI_010_Homepage	XUI_010_010_AuthLogin Redirect 2	1705689154731	1705689154779	OK	 
GROUP	XUI_010_Homepage	1705689150270	1705689155095	4813	OK
REQUEST	XUI_PRL_033_ApplicationDetails	XUI_PRL_033_005_ApplicationDetails	1705689155004	1705689156538	OK	 
GROUP	XUI_PRL_033_ApplicationDetails	1705689155004	1705689156594	1534	OK
USER	***** PRL Citizen Journey *****	START	1705689157277
REQUEST	XUI_010_Homepage	XUI_010_005_Homepage	1705689157278	1705689157373	OK	 
REQUEST	XUI_020_Login	XUI_020_005_Login	1705689158364	1705689158509	OK	 
REQUEST	XUI_020_Login	XUI_020_005_Login Redirect 1	1705689158510	1705689159050	OK	 
REQUEST	XUI_020_Login	XUI_020_005_Login Redirect 2	1705689159051	1705689159095	OK	 
REQUEST	XUI_010_Homepage	XUI_Common_000_ConfigurationUI	1705689159744	1705689159847	OK	 
REQUEST	XUI_010_Homepage	XUI_Common_000_ConfigJson	1705689159848	1705689159882	OK	 
REQUEST	XUI_010_Homepage	XUI_Common_000_TsAndCs	1705689159883	1705689159914	OK	 
REQUEST	XUI_010_Homepage	XUI_Common_000_ConfigUI	1705689159916	1705689159954	OK	 
REQUEST	XUI_010_Homepage	XUI_Common_000_UserDetails	1705689159955	1705689159992	OK	 
REQUEST	XUI_010_Homepage	XUI_Common_000_IsAuthenticated	1705689159993	1705689160027	OK	 
REQUEST	XUI_010_Homepage	XUI_010_010_AuthLogin	1705689160028	1705689160059	OK	 
REQUEST	XUI_010_Homepage	XUI_010_010_AuthLogin Redirect 1	1705689160060	1705689160150	OK	 
REQUEST	XUI_010_Homepage	XUI_010_010_AuthLogin Redirect 2	1705689160150	1705689160226	OK	 
GROUP	XUI_010_Homepage	1705689157277	1705689160630	3342	OK
ERROR	XUI_PRL_034_005_EnterApplicationDetails: Failed to build request: No attribute named 'orgref' is defined 	1705689161490
GROUP	XUI_PRL_034_EnterApplicationDetails	1705689161488	1705689161491	0	KO
USER	***** PRL Citizen Journey *****	END	1705689161492
REQUEST	XUI_020_Login	XUI_Common_000_ConfigurationUI	1705689161927	1705689161968	OK	 
REQUEST	XUI_020_Login	XUI_Common_000_ConfigJson	1705689161968	1705689161995	OK	 
REQUEST	XUI_020_Login	XUI_Common_000_TsAndCs	1705689161996	1705689162086	OK	 
REQUEST	XUI_020_Login	XUI_Common_000_ConfigUI	1705689162088	1705689162116	OK	 
REQUEST	XUI_020_Login	XUI_Common_000_UserDetails	1705689162116	1705689162734	OK	 
REQUEST	XUI_020_Login	XUI_Common_000_IsAuthenticated	1705689162735	1705689162791	OK	 
REQUEST	XUI_020_Login	XUI_Common_000_MonitoringTools	1705689162792	1705689162847	OK	 
GROUP	XUI_020_Login	1705689158363	1705689162847	4475	OK
REQUEST	XUI_020_Login	XUI_020_005_Login	1705689164232	1705689164368	OK	 
REQUEST	XUI_020_Login	XUI_020_005_Login Redirect 1	1705689164369	1705689164870	OK	 
REQUEST	XUI_020_Login	XUI_020_005_Login Redirect 2	1705689164871	1705689164947	OK	 
REQUEST	XUI_PRL_032_ApplicationCheckYourAnswers	XUI_PRL_032_005_ApplicationCheckYourAnswers	1705689158702	1705689167830	OK	 
GROUP	XUI_PRL_032_ApplicationCheckYourAnswers	1705689158701	1705689167833	9128	OK
REQUEST	XUI_PRL_030_CreateCaseStart	XUI_PRL_030_005_CreateCaseStart	1705689167510	1705689168285	OK	 
GROUP	XUI_PRL_030_CreateCaseStart	1705689167510	1705689168286	775	OK
REQUEST	XUI_020_Login	XUI_Common_000_ConfigurationUI	1705689169254	1705689169288	OK	 
REQUEST	XUI_020_Login	XUI_Common_000_ConfigJson	1705689169288	1705689169318	OK	 
REQUEST	XUI_020_Login	XUI_Common_000_TsAndCs	1705689169319	1705689169351	OK	 
REQUEST	XUI_020_Login	XUI_Common_000_ConfigUI	1705689169351	1705689169382	OK	 
REQUEST	XUI_020_Login	XUI_Common_000_UserDetails	1705689169383	1705689169820	OK	 
REQUEST	XUI_020_Login	XUI_Common_000_IsAuthenticated	1705689169821	1705689169877	OK	 
REQUEST	XUI_020_Login	XUI_Common_000_MonitoringTools	1705689169878	1705689169937	OK	 
GROUP	XUI_020_Login	1705689164231	1705689169938	5698	OK
REQUEST	XUI_PRL_031_Type_Of_Application	XUI_PRL_031_005_Type_Of_Application	1705689172223	1705689173384	OK	 
GROUP	XUI_PRL_031_Type_Of_Application	1705689172223	1705689173384	1161	OK
REQUEST	XUI_PRL_033_ApplicationDetails	XUI_PRL_033_005_ApplicationDetails	1705689172361	1705689174177	OK	 
GROUP	XUI_PRL_033_ApplicationDetails	1705689172361	1705689174192	1816	OK
REQUEST	XUI_PRL_030_CreateCaseStart	XUI_PRL_030_005_CreateCaseStart	1705689173377	1705689174686	OK	 
GROUP	XUI_PRL_030_CreateCaseStart	1705689173377	1705689174687	1309	OK
USER	***** PRL Citizen Journey *****	START	1705689175278
REQUEST	XUI_010_Homepage	XUI_010_005_Homepage	1705689175279	1705689175390	OK	 
REQUEST	XUI_010_Homepage	XUI_Common_000_ConfigurationUI	1705689177686	1705689177722	OK	 
REQUEST	XUI_010_Homepage	XUI_Common_000_ConfigJson	1705689177722	1705689177749	OK	 
REQUEST	XUI_010_Homepage	XUI_Common_000_TsAndCs	1705689177750	1705689177782	OK	 
REQUEST	XUI_010_Homepage	XUI_Common_000_ConfigUI	1705689177782	1705689177818	OK	 
REQUEST	XUI_010_Homepage	XUI_Common_000_UserDetails	1705689177819	1705689177863	OK	 
REQUEST	XUI_010_Homepage	XUI_Common_000_IsAuthenticated	1705689177864	1705689177905	OK	 
REQUEST	XUI_010_Homepage	XUI_010_010_AuthLogin	1705689177906	1705689177959	OK	 
REQUEST	XUI_010_Homepage	XUI_010_010_AuthLogin Redirect 1	1705689177959	1705689178053	OK	 
REQUEST	XUI_010_Homepage	XUI_010_010_AuthLogin Redirect 2	1705689178053	1705689178123	OK	 
GROUP	XUI_010_Homepage	1705689175278	1705689178372	3084	OK
ERROR	XUI_PRL_034_005_EnterApplicationDetails: Failed to build request: No attribute named 'orgref' is defined 	1705689178457
GROUP	XUI_PRL_034_EnterApplicationDetails	1705689178457	1705689178457	0	KO
USER	***** PRL Citizen Journey *****	END	1705689178458
REQUEST	XUI_PRL_031_Type_Of_Application	XUI_PRL_031_005_Type_Of_Application	1705689178018	1705689178651	OK	 
GROUP	XUI_PRL_031_Type_Of_Application	1705689178017	1705689178652	633	OK
REQUEST	XUI_020_Login	XUI_020_005_Login	1705689181658	1705689181974	OK	 
REQUEST	XUI_020_Login	XUI_020_005_Login Redirect 1	1705689181975	1705689182486	OK	 
REQUEST	XUI_020_Login	XUI_020_005_Login Redirect 2	1705689182486	1705689182514	OK	 
REQUEST	XUI_PRL_032_ApplicationCheckYourAnswers	XUI_PRL_032_005_ApplicationCheckYourAnswers	1705689177614	1705689185331	OK	 
GROUP	XUI_PRL_032_ApplicationCheckYourAnswers	1705689177614	1705689185334	7717	OK
REQUEST	XUI_020_Login	XUI_Common_000_ConfigurationUI	1705689185496	1705689185532	OK	 
REQUEST	XUI_020_Login	XUI_Common_000_ConfigJson	1705689185533	1705689185574	OK	 
REQUEST	XUI_020_Login	XUI_Common_000_TsAndCs	1705689185575	1705689185618	OK	 
REQUEST	XUI_020_Login	XUI_Common_000_ConfigUI	1705689185618	1705689185658	OK	 
REQUEST	XUI_020_Login	XUI_Common_000_UserDetails	1705689185659	1705689186145	OK	 
REQUEST	XUI_020_Login	XUI_Common_000_IsAuthenticated	1705689186146	1705689186212	OK	 
REQUEST	XUI_020_Login	XUI_Common_000_MonitoringTools	1705689186213	1705689186258	OK	 
GROUP	XUI_020_Login	1705689181658	1705689186259	4593	OK
REQUEST	XUI_PRL_030_CreateCaseStart	XUI_PRL_030_005_CreateCaseStart	1705689189415	1705689190618	OK	 
GROUP	XUI_PRL_030_CreateCaseStart	1705689189414	1705689190619	1203	OK
REQUEST	XUI_PRL_033_ApplicationDetails	XUI_PRL_033_005_ApplicationDetails	1705689188498	1705689190608	OK	 
GROUP	XUI_PRL_033_ApplicationDetails	1705689188498	1705689190625	2110	OK
REQUEST	XUI_PRL_032_ApplicationCheckYourAnswers	XUI_PRL_032_005_ApplicationCheckYourAnswers	1705689182548	1705689191932	OK	 
GROUP	XUI_PRL_032_ApplicationCheckYourAnswers	1705689182547	1705689191934	9384	OK
USER	***** PRL Citizen Journey *****	START	1705689193270
REQUEST	XUI_010_Homepage	XUI_010_005_Homepage	1705689193270	1705689193385	OK	 
REQUEST	XUI_PRL_031_Type_Of_Application	XUI_PRL_031_005_Type_Of_Application	1705689194111	1705689194800	OK	 
GROUP	XUI_PRL_031_Type_Of_Application	1705689194111	1705689194800	689	OK
ERROR	XUI_PRL_034_005_EnterApplicationDetails: Failed to build request: No attribute named 'orgref' is defined 	1705689195158
GROUP	XUI_PRL_034_EnterApplicationDetails	1705689195158	1705689195159	0	KO
USER	***** PRL Citizen Journey *****	END	1705689195161
REQUEST	XUI_010_Homepage	XUI_Common_000_ConfigurationUI	1705689195739	1705689195772	OK	 
REQUEST	XUI_010_Homepage	XUI_Common_000_ConfigJson	1705689195773	1705689195801	OK	 
REQUEST	XUI_010_Homepage	XUI_Common_000_TsAndCs	1705689195801	1705689195845	OK	 
REQUEST	XUI_010_Homepage	XUI_Common_000_ConfigUI	1705689195845	1705689195878	OK	 
REQUEST	XUI_010_Homepage	XUI_Common_000_UserDetails	1705689195880	1705689195923	OK	 
REQUEST	XUI_010_Homepage	XUI_Common_000_IsAuthenticated	1705689195926	1705689195954	OK	 
REQUEST	XUI_010_Homepage	XUI_010_010_AuthLogin	1705689195955	1705689196015	OK	 
REQUEST	XUI_010_Homepage	XUI_010_010_AuthLogin Redirect 1	1705689196015	1705689196109	OK	 
REQUEST	XUI_010_Homepage	XUI_010_010_AuthLogin Redirect 2	1705689196110	1705689196180	OK	 
GROUP	XUI_010_Homepage	1705689193270	1705689196431	3150	OK
REQUEST	XUI_PRL_033_ApplicationDetails	XUI_PRL_033_005_ApplicationDetails	1705689195762	1705689199700	OK	 
GROUP	XUI_PRL_033_ApplicationDetails	1705689195761	1705689199719	3938	OK
REQUEST	XUI_020_Login	XUI_020_005_Login	1705689201137	1705689201281	OK	 
REQUEST	XUI_020_Login	XUI_020_005_Login Redirect 1	1705689201282	1705689201824	OK	 
REQUEST	XUI_020_Login	XUI_020_005_Login Redirect 2	1705689201824	1705689201864	OK	 
ERROR	XUI_PRL_034_005_EnterApplicationDetails: Failed to build request: No attribute named 'orgref' is defined 	1705689203665
GROUP	XUI_PRL_034_EnterApplicationDetails	1705689203665	1705689203666	0	KO
USER	***** PRL Citizen Journey *****	END	1705689203666
REQUEST	XUI_020_Login	XUI_Common_000_ConfigurationUI	1705689203781	1705689203816	OK	 
REQUEST	XUI_020_Login	XUI_Common_000_ConfigJson	1705689203816	1705689203865	OK	 
REQUEST	XUI_020_Login	XUI_Common_000_TsAndCs	1705689203865	1705689203895	OK	 
REQUEST	XUI_020_Login	XUI_Common_000_ConfigUI	1705689203896	1705689203928	OK	 
REQUEST	XUI_020_Login	XUI_Common_000_UserDetails	1705689203928	1705689204643	OK	 
REQUEST	XUI_020_Login	XUI_Common_000_IsAuthenticated	1705689204643	1705689204712	OK	 
REQUEST	XUI_020_Login	XUI_Common_000_MonitoringTools	1705689204714	1705689204762	OK	 
GROUP	XUI_020_Login	1705689201137	1705689204763	3619	OK
REQUEST	XUI_PRL_032_ApplicationCheckYourAnswers	XUI_PRL_032_005_ApplicationCheckYourAnswers	1705689198483	1705689207440	OK	 
GROUP	XUI_PRL_032_ApplicationCheckYourAnswers	1705689198483	1705689207442	8957	OK
REQUEST	XUI_PRL_030_CreateCaseStart	XUI_PRL_030_005_CreateCaseStart	1705689207980	1705689209068	OK	 
GROUP	XUI_PRL_030_CreateCaseStart	1705689207979	1705689209068	1088	OK
USER	***** PRL Citizen Journey *****	START	1705689211271
REQUEST	XUI_010_Homepage	XUI_010_005_Homepage	1705689211271	1705689211429	OK	 
REQUEST	XUI_PRL_033_ApplicationDetails	XUI_PRL_033_005_ApplicationDetails	1705689211945	1705689213742	OK	 
GROUP	XUI_PRL_033_ApplicationDetails	1705689211944	1705689213759	1797	OK
REQUEST	XUI_PRL_031_Type_Of_Application	XUI_PRL_031_005_Type_Of_Application	1705689213057	1705689213806	OK	 
GROUP	XUI_PRL_031_Type_Of_Application	1705689213056	1705689213807	749	OK
REQUEST	XUI_010_Homepage	XUI_Common_000_ConfigurationUI	1705689214108	1705689214137	OK	 
REQUEST	XUI_010_Homepage	XUI_Common_000_ConfigJson	1705689214137	1705689214195	OK	 
REQUEST	XUI_010_Homepage	XUI_Common_000_TsAndCs	1705689214195	1705689214234	OK	 
REQUEST	XUI_010_Homepage	XUI_Common_000_ConfigUI	1705689214234	1705689214274	OK	 
REQUEST	XUI_010_Homepage	XUI_Common_000_UserDetails	1705689214274	1705689214316	OK	 
REQUEST	XUI_010_Homepage	XUI_Common_000_IsAuthenticated	1705689214316	1705689214353	OK	 
REQUEST	XUI_010_Homepage	XUI_010_010_AuthLogin	1705689214354	1705689214395	OK	 
REQUEST	XUI_010_Homepage	XUI_010_010_AuthLogin Redirect 1	1705689214395	1705689214560	OK	 
REQUEST	XUI_010_Homepage	XUI_010_010_AuthLogin Redirect 2	1705689214562	1705689214610	OK	 
GROUP	XUI_010_Homepage	1705689211271	1705689215464	4186	OK
ERROR	XUI_PRL_034_005_EnterApplicationDetails: Failed to build request: No attribute named 'orgref' is defined 	1705689217325
GROUP	XUI_PRL_034_EnterApplicationDetails	1705689217325	1705689217326	0	KO
USER	***** PRL Citizen Journey *****	END	1705689217333
REQUEST	XUI_020_Login	XUI_020_005_Login	1705689219098	1705689219222	OK	 
REQUEST	XUI_020_Login	XUI_020_005_Login Redirect 1	1705689219222	1705689220584	OK	 
REQUEST	XUI_020_Login	XUI_020_005_Login Redirect 2	1705689220585	1705689220643	OK	 
REQUEST	XUI_020_Login	XUI_Common_000_ConfigurationUI	1705689222625	1705689222657	OK	 
REQUEST	XUI_020_Login	XUI_Common_000_ConfigJson	1705689222657	1705689222695	OK	 
REQUEST	XUI_020_Login	XUI_Common_000_TsAndCs	1705689222696	1705689222736	OK	 
REQUEST	XUI_020_Login	XUI_Common_000_ConfigUI	1705689222737	1705689222782	OK	 
REQUEST	XUI_020_Login	XUI_Common_000_UserDetails	1705689222782	1705689223201	OK	 
REQUEST	XUI_020_Login	XUI_Common_000_IsAuthenticated	1705689223201	1705689223253	OK	 
REQUEST	XUI_020_Login	XUI_Common_000_MonitoringTools	1705689223254	1705689223310	OK	 
GROUP	XUI_020_Login	1705689219097	1705689223310	4208	OK
REQUEST	XUI_PRL_032_ApplicationCheckYourAnswers	XUI_PRL_032_005_ApplicationCheckYourAnswers	1705689218570	1705689225650	OK	 
GROUP	XUI_PRL_032_ApplicationCheckYourAnswers	1705689218569	1705689225651	7080	OK
REQUEST	XUI_PRL_030_CreateCaseStart	XUI_PRL_030_005_CreateCaseStart	1705689226828	1705689228532	OK	 
GROUP	XUI_PRL_030_CreateCaseStart	1705689226827	1705689228534	1704	OK
USER	***** PRL Citizen Journey *****	START	1705689229271
REQUEST	XUI_010_Homepage	XUI_010_005_Homepage	1705689229271	1705689229749	OK	 
REQUEST	XUI_PRL_033_ApplicationDetails	XUI_PRL_033_005_ApplicationDetails	1705689228721	1705689233231	OK	 
GROUP	XUI_PRL_033_ApplicationDetails	1705689228720	1705689233249	4510	OK
REQUEST	XUI_PRL_031_Type_Of_Application	XUI_PRL_031_005_Type_Of_Application	1705689232632	1705689233479	OK	 
GROUP	XUI_PRL_031_Type_Of_Application	1705689232632	1705689233480	847	OK
REQUEST	XUI_010_Homepage	XUI_Common_000_ConfigurationUI	1705689234116	1705689234146	OK	 
REQUEST	XUI_010_Homepage	XUI_Common_000_ConfigJson	1705689234147	1705689234178	OK	 
REQUEST	XUI_010_Homepage	XUI_Common_000_TsAndCs	1705689234179	1705689234216	OK	 
REQUEST	XUI_010_Homepage	XUI_Common_000_ConfigUI	1705689234217	1705689234270	OK	 
REQUEST	XUI_010_Homepage	XUI_Common_000_UserDetails	1705689234270	1705689234303	OK	 
REQUEST	XUI_010_Homepage	XUI_Common_000_IsAuthenticated	1705689234303	1705689234462	OK	 
REQUEST	XUI_010_Homepage	XUI_010_010_AuthLogin	1705689234463	1705689234501	OK	 
REQUEST	XUI_010_Homepage	XUI_010_010_AuthLogin Redirect 1	1705689234501	1705689234673	OK	 
REQUEST	XUI_010_Homepage	XUI_010_010_AuthLogin Redirect 2	1705689234674	1705689234756	OK	 
GROUP	XUI_010_Homepage	1705689229271	1705689235119	5837	OK
ERROR	XUI_PRL_034_005_EnterApplicationDetails: Failed to build request: No attribute named 'orgref' is defined 	1705689236301
GROUP	XUI_PRL_034_EnterApplicationDetails	1705689236301	1705689236302	0	KO
USER	***** PRL Citizen Journey *****	END	1705689236304
REQUEST	XUI_020_Login	XUI_020_005_Login	1705689238755	1705689238853	OK	 
REQUEST	XUI_020_Login	XUI_020_005_Login Redirect 1	1705689238853	1705689239463	OK	 
REQUEST	XUI_020_Login	XUI_020_005_Login Redirect 2	1705689239463	1705689239500	OK	 
REQUEST	XUI_020_Login	XUI_Common_000_ConfigurationUI	1705689241847	1705689241881	OK	 
REQUEST	XUI_020_Login	XUI_Common_000_ConfigJson	1705689241883	1705689241920	OK	 
REQUEST	XUI_020_Login	XUI_Common_000_TsAndCs	1705689241920	1705689241959	OK	 
REQUEST	XUI_020_Login	XUI_Common_000_ConfigUI	1705689241959	1705689241993	OK	 
REQUEST	XUI_020_Login	XUI_Common_000_UserDetails	1705689241993	1705689242859	OK	 
REQUEST	XUI_020_Login	XUI_Common_000_IsAuthenticated	1705689242860	1705689242928	OK	 
REQUEST	XUI_020_Login	XUI_Common_000_MonitoringTools	1705689242929	1705689242997	OK	 
GROUP	XUI_020_Login	1705689238754	1705689242998	4238	OK
REQUEST	XUI_PRL_032_ApplicationCheckYourAnswers	XUI_PRL_032_005_ApplicationCheckYourAnswers	1705689236671	1705689244977	OK	 
GROUP	XUI_PRL_032_ApplicationCheckYourAnswers	1705689236670	1705689244979	8306	OK
USER	***** PRL Citizen Journey *****	START	1705689247269
REQUEST	XUI_010_Homepage	XUI_010_005_Homepage	1705689247270	1705689247405	OK	 
REQUEST	XUI_PRL_030_CreateCaseStart	XUI_PRL_030_005_CreateCaseStart	1705689247316	1705689249491	OK	 
GROUP	XUI_PRL_030_CreateCaseStart	1705689247316	1705689249492	2175	OK
REQUEST	XUI_PRL_033_ApplicationDetails	XUI_PRL_033_005_ApplicationDetails	1705689249852	1705689251808	OK	 
GROUP	XUI_PRL_033_ApplicationDetails	1705689249852	1705689251845	1956	OK
REQUEST	XUI_010_Homepage	XUI_Common_000_ConfigurationUI	1705689252285	1705689252313	OK	 
REQUEST	XUI_010_Homepage	XUI_Common_000_ConfigJson	1705689252314	1705689252343	OK	 
REQUEST	XUI_010_Homepage	XUI_Common_000_TsAndCs	1705689252343	1705689252376	OK	 
REQUEST	XUI_010_Homepage	XUI_Common_000_ConfigUI	1705689252376	1705689252405	OK	 
REQUEST	XUI_010_Homepage	XUI_Common_000_UserDetails	1705689252405	1705689252435	OK	 
REQUEST	XUI_010_Homepage	XUI_Common_000_IsAuthenticated	1705689252436	1705689252471	OK	 
REQUEST	XUI_010_Homepage	XUI_010_010_AuthLogin	1705689252472	1705689252503	OK	 
REQUEST	XUI_010_Homepage	XUI_010_010_AuthLogin Redirect 1	1705689252503	1705689252601	OK	 
REQUEST	XUI_010_Homepage	XUI_010_010_AuthLogin Redirect 2	1705689252601	1705689252676	OK	 
GROUP	XUI_010_Homepage	1705689247270	1705689252929	5652	OK
REQUEST	XUI_PRL_031_Type_Of_Application	XUI_PRL_031_005_Type_Of_Application	1705689252579	1705689253404	OK	 
GROUP	XUI_PRL_031_Type_Of_Application	1705689252579	1705689253404	825	OK
ERROR	XUI_PRL_034_005_EnterApplicationDetails: Failed to build request: No attribute named 'orgref' is defined 	1705689256194
GROUP	XUI_PRL_034_EnterApplicationDetails	1705689256193	1705689256194	0	KO
USER	***** PRL Citizen Journey *****	END	1705689256195
REQUEST	XUI_020_Login	XUI_020_005_Login	1705689257053	1705689257195	OK	 
REQUEST	XUI_020_Login	XUI_020_005_Login Redirect 1	1705689257196	1705689258054	OK	 
REQUEST	XUI_020_Login	XUI_020_005_Login Redirect 2	1705689258054	1705689258090	OK	 
REQUEST	XUI_020_Login	XUI_Common_000_ConfigurationUI	1705689260783	1705689260835	OK	 
REQUEST	XUI_020_Login	XUI_Common_000_ConfigJson	1705689260835	1705689260869	OK	 
REQUEST	XUI_020_Login	XUI_Common_000_TsAndCs	1705689260869	1705689260903	OK	 
REQUEST	XUI_020_Login	XUI_Common_000_ConfigUI	1705689260903	1705689260944	OK	 
REQUEST	XUI_020_Login	XUI_Common_000_UserDetails	1705689260950	1705689261716	OK	 
REQUEST	XUI_020_Login	XUI_Common_000_IsAuthenticated	1705689261717	1705689261769	OK	 
REQUEST	XUI_020_Login	XUI_Common_000_MonitoringTools	1705689261770	1705689261884	OK	 
GROUP	XUI_020_Login	1705689257052	1705689261885	4822	OK
USER	***** PRL Citizen Journey *****	START	1705689265275
REQUEST	XUI_010_Homepage	XUI_010_005_Homepage	1705689265285	1705689265652	OK	 
REQUEST	XUI_PRL_030_CreateCaseStart	XUI_PRL_030_005_CreateCaseStart	1705689265719	1705689267410	OK	 
GROUP	XUI_PRL_030_CreateCaseStart	1705689265719	1705689267410	1691	OK
REQUEST	XUI_PRL_032_ApplicationCheckYourAnswers	XUI_PRL_032_005_ApplicationCheckYourAnswers	1705689257089	1705689267804	OK	 
GROUP	XUI_PRL_032_ApplicationCheckYourAnswers	1705689257089	1705689267807	10715	OK
REQUEST	XUI_010_Homepage	XUI_Common_000_ConfigurationUI	1705689269486	1705689269525	OK	 
REQUEST	XUI_010_Homepage	XUI_Common_000_ConfigJson	1705689269526	1705689269556	OK	 
REQUEST	XUI_010_Homepage	XUI_Common_000_TsAndCs	1705689269556	1705689269609	OK	 
REQUEST	XUI_010_Homepage	XUI_Common_000_ConfigUI	1705689269609	1705689269652	OK	 
REQUEST	XUI_010_Homepage	XUI_Common_000_UserDetails	1705689269652	1705689269690	OK	 
REQUEST	XUI_010_Homepage	XUI_Common_000_IsAuthenticated	1705689269690	1705689269732	OK	 
REQUEST	XUI_010_Homepage	XUI_010_010_AuthLogin	1705689269732	1705689269771	OK	 
REQUEST	XUI_010_Homepage	XUI_010_010_AuthLogin Redirect 1	1705689269774	1705689269916	OK	 
REQUEST	XUI_010_Homepage	XUI_010_010_AuthLogin Redirect 2	1705689269916	1705689269968	OK	 
GROUP	XUI_010_Homepage	1705689265284	1705689270208	4907	OK
REQUEST	XUI_PRL_031_Type_Of_Application	XUI_PRL_031_005_Type_Of_Application	1705689271969	1705689272493	OK	 
GROUP	XUI_PRL_031_Type_Of_Application	1705689271968	1705689272493	524	OK
REQUEST	XUI_020_Login	XUI_020_005_Login	1705689273763	1705689273848	OK	 
REQUEST	XUI_PRL_033_ApplicationDetails	XUI_PRL_033_005_ApplicationDetails	1705689272016	1705689274575	OK	 
GROUP	XUI_PRL_033_ApplicationDetails	1705689272015	1705689274594	2559	OK
REQUEST	XUI_020_Login	XUI_020_005_Login Redirect 1	1705689273848	1705689274626	OK	 
REQUEST	XUI_020_Login	XUI_020_005_Login Redirect 2	1705689274626	1705689274682	OK	 
REQUEST	XUI_020_Login	XUI_Common_000_ConfigurationUI	1705689276607	1705689276651	OK	 
REQUEST	XUI_020_Login	XUI_Common_000_ConfigJson	1705689276652	1705689276687	OK	 
REQUEST	XUI_020_Login	XUI_Common_000_TsAndCs	1705689276688	1705689276721	OK	 
REQUEST	