ASSERTION	AAECAAIFAAAAAAAAAFlA
RUN	simulations.PRL_Simulation	prl-simulation	1704886783614	 	3.9.5
USER	***** PRL Citizen Journey *****	START	1704886784169
REQUEST	XUI_010_Homepage	XUI_010_005_Homepage	1704886784178	1704886784336	OK	 
REQUEST	XUI_010_Homepage	XUI_Common_000_ConfigurationUI	1704886828171	1704886828278	OK	 
REQUEST	XUI_010_Homepage	XUI_Common_000_ConfigJson	1704886828280	1704886828326	OK	 
REQUEST	XUI_010_Homepage	XUI_Common_000_TsAndCs	1704886828326	1704886828377	OK	 
REQUEST	XUI_010_Homepage	XUI_Common_000_ConfigUI	1704886828378	1704886828433	OK	 
REQUEST	XUI_010_Homepage	XUI_Common_000_UserDetails	1704886828434	1704886828527	OK	 
REQUEST	XUI_010_Homepage	XUI_Common_000_IsAuthenticated	1704886828529	1704886828573	OK	 
REQUEST	XUI_010_Homepage	XUI_010_010_AuthLogin	1704886828581	1704886828621	OK	 
REQUEST	XUI_010_Homepage	XUI_010_010_AuthLogin Redirect 1	1704886828626	1704886828853	OK	 
REQUEST	XUI_010_Homepage	XUI_010_010_AuthLogin Redirect 2	1704886828855	1704886828947	OK	 
GROUP	XUI_010_Homepage	1704886784170	1704886830786	46501	OK
REQUEST	XUI_020_Login	XUI_020_005_Login	1704886830794	1704886830904	OK	 
REQUEST	XUI_020_Login	XUI_020_005_Login Redirect 1	1704886830905	1704886831516	OK	 
REQUEST	XUI_020_Login	XUI_020_005_Login Redirect 2	1704886831523	1704886831570	OK	 
REQUEST	XUI_020_Login	XUI_Common_000_ConfigurationUI	1704886856697	1704886856733	OK	 
REQUEST	XUI_020_Login	XUI_Common_000_ConfigJson	1704886856734	1704886856778	OK	 
REQUEST	XUI_020_Login	XUI_Common_000_TsAndCs	1704886856781	1704886856823	OK	 
REQUEST	XUI_020_Login	XUI_Common_000_ConfigUI	1704886856825	1704886856881	OK	 
REQUEST	XUI_020_Login	XUI_Common_000_UserDetails	1704886856882	1704886857304	OK	 
REQUEST	XUI_020_Login	XUI_Common_000_IsAuthenticated	1704886857308	1704886857361	OK	 
REQUEST	XUI_020_Login	XUI_Common_000_MonitoringTools	1704886857362	1704886857456	OK	 
GROUP	XUI_020_Login	1704886830787	1704886857489	26634	OK
REQUEST	XUI_PRL_030_CreateCaseStart	XUI_PRL_030_005_CreateCaseStart	1704886857492	1704886858208	OK	 
GROUP	XUI_PRL_030_CreateCaseStart	1704886857490	1704886858225	716	OK
REQUEST	XUI_PRL_031_Type_Of_Application	XUI_PRL_031_005_Type_Of_Application	1704886858227	1704886858781	OK	 
GROUP	XUI_PRL_031_Type_Of_Application	1704886858225	1704886858783	554	OK
REQUEST	XUI_PRL_032_ApplicationCheckYourAnswers	XUI_PRL_032_005_ApplicationCheckYourAnswers	1704886858785	1704886864847	OK	 
GROUP	XUI_PRL_032_ApplicationCheckYourAnswers	1704886858783	1704886864855	6062	OK
REQUEST	XUI_PRL_033_ApplicationDetails	XUI_PRL_033_005_ApplicationDetails	1704886864855	1704886867039	OK	 
GROUP	XUI_PRL_033_ApplicationDetails	1704886864855	1704886867090	2184	OK
REQUEST	XUI_PRL_034_EnterApplicationDetails	XUI_PRL_034_005_EnterApplicationDetails	1704886867090	1704886868138	OK	 
GROUP	XUI_PRL_034_EnterApplicationDetails	1704886867090	1704886868141	1048	OK
REQUEST	XUI_PRL_035_SubmitApplicationDetails	XUI_PRL_035_005_SubmitApplicationDetails	1704886868143	1704886872072	OK	 
GROUP	XUI_PRL_035_SubmitApplicationDetails	1704886868141	1704886872077	3929	OK
REQUEST	XUI_PRL_036_SubmitAndPay	XUI_PRL_036_005_SubmitAndPay	1704886872078	1704886875789	OK	 
GROUP	XUI_PRL_036_SubmitAndPay	1704886872077	1704886875805	3711	OK
REQUEST	XUI_PRL_037_ConfidentialityStatement	XUI_PRL_037_005_ConfidentialityStatement	1704886875805	1704886876766	OK	 
GROUP	XUI_PRL_037_ConfidentialityStatement	1704886875805	1704886876769	961	OK
REQUEST	XUI_PRL_038_Declaration	XUI_PRL_038_005_Declaration	1704886876770	1704886877530	OK	 
GROUP	XUI_PRL_038_Declaration	1704886876769	1704886877532	760	OK
REQUEST	XUI_PRL_039_Continue	XUI_PRL_039_005_Continue	1704886877534	1704886878636	OK	 
GROUP	XUI_PRL_039_Continue	1704886877532	1704886878640	1102	OK
REQUEST	XUI_PRL_040_Continue	XUI_PRL_039_005_Continue	1704886878641	1704886883253	OK	 
GROUP	XUI_PRL_040_Continue	1704886878640	1704886883260	4612	OK
REQUEST	XUI_PRL_041_DummyPaymentConfirmation 	XUI_PRL_041_005_DummyPaymentConfirmation 	1704886883261	1704886883770	OK	 
GROUP	XUI_PRL_041_DummyPaymentConfirmation 	1704886883260	1704886883771	509	OK
REQUEST	XUI_PRL_042_PaymentOption	XUI_PRL_042_005_PaymentOption	1704886883772	1704886884483	OK	 
GROUP	XUI_PRL_042_PaymentOption	1704886883771	1704886884489	711	OK
REQUEST	XUI_PRL_043_PaymentOption	XUI_PRL_043_005_PaymentOption	1704886884490	1704886884736	OK	 
REQUEST	XUI_PRL_043_PaymentOption	XUI_PRL_043_005_PaymentOption Redirect 1	1704886884737	1704886884960	OK	 
GROUP	XUI_PRL_043_PaymentOption	1704886884489	1704886885260	757	OK
REQUEST	XUI_PRL_044_CardDetails	XUI_PRL_044_005_CardDetails	1704886885260	1704886885438	OK	 
REQUEST	XUI_PRL_044_CardDetails	XUI_PRL_044_005_CardDetails Redirect 1	1704886885440	1704886885518	OK	 
GROUP	XUI_PRL_044_CardDetails	1704886885260	1704886885528	257	OK
REQUEST	XUI_PRL_045_ConfirmPayment	XUI_PRL_045_005_ConfirmPayment	1704886885529	1704886885682	OK	 
REQUEST	XUI_PRL_045_ConfirmPayment	XUI_PRL_045_005_ConfirmPayment Redirect 1	1704886885685	1704886885742	OK	 
REQUEST	XUI_PRL_045_ConfirmPayment	XUI_PRL_045_005_ConfirmPayment Redirect 2	1704886885756	1704886888245	OK	 
GROUP	XUI_PRL_045_ConfirmPayment	1704886885529	1704886888546	2992	OK
REQUEST	XUI_010_Homepage	XUI_010_005_Homepage	1704886888546	1704886888670	OK	 
REQUEST	XUI_010_Homepage	XUI_Common_000_ConfigurationUI	1704886898311	1704886898355	OK	 
REQUEST	XUI_010_Homepage	XUI_Common_000_ConfigJson	1704886898356	1704886898397	OK	 
REQUEST	XUI_010_Homepage	XUI_Common_000_TsAndCs	1704886898398	1704886898442	OK	 
REQUEST	XUI_010_Homepage	XUI_Common_000_ConfigUI	1704886898444	1704886898483	OK	 
REQUEST	XUI_010_Homepage	XUI_Common_000_UserDetails	1704886898486	1704886898527	OK	 
REQUEST	XUI_010_Homepage	XUI_Common_000_IsAuthenticated	1704886898529	1704886898571	OK	 
REQUEST	XUI_010_Homepage	XUI_010_010_AuthLogin	1704886898573	1704886898650	OK	 
REQUEST	XUI_010_Homepage	XUI_010_010_AuthLogin Redirect 1	1704886898651	1704886898830	OK	 
REQUEST	XUI_010_Homepage	XUI_010_010_AuthLogin Redirect 2	1704886898830	1704886898911	OK	 
GROUP	XUI_010_Homepage	1704886888546	1704886899466	10897	OK
REQUEST	XUI_020_Login	XUI_020_005_Login	1704886899466	1704886899852	OK	 
REQUEST	XUI_020_Login	XUI_020_005_Login Redirect 1	1704886899852	1704886900662	OK	 
REQUEST	XUI_020_Login	XUI_020_005_Login Redirect 2	1704886900665	1704886900708	OK	 
REQUEST	XUI_020_Login	XUI_Common_000_ConfigurationUI	1704886927193	1704886927230	OK	 
REQUEST	XUI_020_Login	XUI_Common_000_ConfigJson	1704886927231	1704886927289	OK	 
REQUEST	XUI_020_Login	XUI_Common_000_TsAndCs	1704886927290	1704886927333	OK	 
REQUEST	XUI_020_Login	XUI_Common_000_ConfigUI	1704886927333	1704886927377	OK	 
REQUEST	XUI_020_Login	XUI_Common_000_UserDetails	1704886927378	1704886927678	OK	 
REQUEST	XUI_020_Login	XUI_Common_000_IsAuthenticated	1704886927680	1704886927719	OK	 
REQUEST	XUI_020_Login	XUI_Common_000_MonitoringTools	1704886927721	1704886927762	OK	 
GROUP	XUI_020_Login	1704886899466	1704886927764	28283	OK
REQUEST	XUI_PRL_030_TaskTab	XUI_PRL_040_005_SelectIssue	1704886927765	1704886946442	KO	regex("id": "(\w{8})-(\w{4})-(\w{4})-(\w{4})-(\w{12})").find.exists, found nothing
GROUP	XUI_PRL_030_TaskTab	1704886927764	1704886946454	18677	KO
USER	***** PRL Citizen Journey *****	END	1704886946460
