ASSERTION	AAECAAMFAAAAAAAAAFlA
RUN	simulations.PRL_Simulation	prl-simulation	1686567878031	 	3.3.1
USER	***** Private Law Create Case *****	1	START	1686567878300	1686567878300
REQUEST	1	XUI_010_Homepage	XUI_010_005_Homepage	1686567878311	1686567878891	OK	 
REQUEST	1	XUI_010_Homepage	XUI_Common_000_ConfigurationUI	1686567878909	1686567879622	OK	 
REQUEST	1	XUI_010_Homepage	XUI_Common_000_ConfigJson	1686567879628	1686567879661	OK	 
REQUEST	1	XUI_010_Homepage	XUI_Common_000_TsAndCs	1686567879662	1686567879706	OK	 
REQUEST	1	XUI_010_Homepage	XUI_Common_000_ConfigUI	1686567879707	1686567879767	OK	 
REQUEST	1	XUI_010_Homepage	XUI_Common_000_UserDetails	1686567879768	1686567879814	OK	 
REQUEST	1	XUI_010_Homepage	XUI_Common_000_IsAuthenticated	1686567879815	1686567879862	OK	 
REQUEST	1	XUI_010_Homepage	XUI_010_010_AuthLogin	1686567879864	1686567879953	OK	 
REQUEST	1	XUI_010_Homepage	XUI_010_010_AuthLogin Redirect 1	1686567879955	1686567880284	OK	 
REQUEST	1	XUI_010_Homepage	XUI_010_010_AuthLogin Redirect 2	1686567880285	1686567882241	OK	 
GROUP	1	XUI_010_Homepage	1686567878304	1686567888063	9666	OK
REQUEST	1	XUI_020_Login	XUI_020_005_Login	1686567888066	1686567888386	OK	 
REQUEST	1	XUI_020_Login	XUI_020_005_Login Redirect 1	1686567888387	1686567889011	OK	 
REQUEST	1	XUI_020_Login	XUI_020_005_Login Redirect 2	1686567889012	1686567889387	OK	 
REQUEST	1	XUI_020_Login	XUI_Common_000_ConfigurationUI	1686567922367	1686567922409	OK	 
REQUEST	1	XUI_020_Login	XUI_Common_000_ConfigJson	1686567922410	1686567982411	KO	i.g.h.c.i.RequestTimeoutException: Request timeout to manage-case.perftest.platform.hmcts.net/13.107.213.64:443 after 60000 ms
GROUP	1	XUI_020_Login	1686567888063	1686567982414	94338	KO
USER	***** Private Law Create Case *****	1	END	1686567878300	1686567982416
