ASSERTION	AAECAAIFAAAAAAAAAFlA
RUN	simulations.PRL_Simulation	prl-simulation	1704886366741	 	3.9.5
USER	***** PRL Citizen Journey *****	START	1704886367285
REQUEST	XUI_010_Homepage	XUI_010_005_Homepage	1704886367293	1704886367426	OK	 
REQUEST	XUI_010_Homepage	XUI_Common_000_ConfigurationUI	1704886377811	1704886377851	OK	 
REQUEST	XUI_010_Homepage	XUI_Common_000_ConfigJson	1704886377852	1704886377922	OK	 
REQUEST	XUI_010_Homepage	XUI_Common_000_TsAndCs	1704886377922	1704886378011	OK	 
REQUEST	XUI_010_Homepage	XUI_Common_000_ConfigUI	1704886378012	1704886378054	OK	 
REQUEST	XUI_010_Homepage	XUI_Common_000_UserDetails	1704886378055	1704886378123	OK	 
REQUEST	XUI_010_Homepage	XUI_Common_000_IsAuthenticated	1704886378126	1704886378172	OK	 
REQUEST	XUI_010_Homepage	XUI_010_010_AuthLogin	1704886378177	1704886378217	OK	 
REQUEST	XUI_010_Homepage	XUI_010_010_AuthLogin Redirect 1	1704886378222	1704886378345	OK	 
REQUEST	XUI_010_Homepage	XUI_010_010_AuthLogin Redirect 2	1704886378347	1704886378401	OK	 
GROUP	XUI_010_Homepage	1704886367286	1704886379114	11728	OK
REQUEST	XUI_020_Login	XUI_020_005_Login	1704886379121	1704886379312	OK	 
REQUEST	XUI_020_Login	XUI_020_005_Login Redirect 1	1704886379314	1704886379952	OK	 
REQUEST	XUI_020_Login	XUI_020_005_Login Redirect 2	1704886379958	1704886380066	OK	 
REQUEST	XUI_020_Login	XUI_Common_000_ConfigurationUI	1704886390386	1704886390435	OK	 
REQUEST	XUI_020_Login	XUI_Common_000_ConfigJson	1704886390438	1704886390476	OK	 
REQUEST	XUI_020_Login	XUI_Common_000_TsAndCs	1704886390479	1704886390513	OK	 
REQUEST	XUI_020_Login	XUI_Common_000_ConfigUI	1704886390515	1704886390689	OK	 
REQUEST	XUI_020_Login	XUI_Common_000_UserDetails	1704886390693	1704886390932	OK	 
REQUEST	XUI_020_Login	XUI_Common_000_IsAuthenticated	1704886390933	1704886390986	OK	 
REQUEST	XUI_020_Login	XUI_Common_000_MonitoringTools	1704886390988	1704886391045	OK	 
GROUP	XUI_020_Login	1704886379115	1704886391084	11892	OK
REQUEST	XUI_PRL_030_CreateCaseStart	XUI_PRL_030_005_CreateCaseStart	1704886391088	1704886391752	OK	 
GROUP	XUI_PRL_030_CreateCaseStart	1704886391086	1704886391759	664	OK
REQUEST	XUI_PRL_031_Type_Of_Application	XUI_PRL_031_005_Type_Of_Application	1704886391761	1704886392547	OK	 
GROUP	XUI_PRL_031_Type_Of_Application	1704886391759	1704886392549	786	OK
REQUEST	XUI_PRL_032_ApplicationCheckYourAnswers	XUI_PRL_032_005_ApplicationCheckYourAnswers	1704886392552	1704886398844	OK	 
GROUP	XUI_PRL_032_ApplicationCheckYourAnswers	1704886392549	1704886398858	6292	OK
REQUEST	XUI_PRL_033_ApplicationDetails	XUI_PRL_033_005_ApplicationDetails	1704886398858	1704886400768	OK	 
GROUP	XUI_PRL_033_ApplicationDetails	1704886398858	1704886400797	1910	OK
REQUEST	XUI_PRL_034_EnterApplicationDetails	XUI_PRL_034_005_EnterApplicationDetails	1704886400797	1704886401503	OK	 
GROUP	XUI_PRL_034_EnterApplicationDetails	1704886400797	1704886401506	706	OK
REQUEST	XUI_PRL_035_SubmitApplicationDetails	XUI_PRL_035_005_SubmitApplicationDetails	1704886401507	1704886404964	OK	 
GROUP	XUI_PRL_035_SubmitApplicationDetails	1704886401506	1704886404968	3457	OK
REQUEST	XUI_PRL_036_SubmitAndPay	XUI_PRL_036_005_SubmitAndPay	1704886404969	1704886412245	OK	 
GROUP	XUI_PRL_036_SubmitAndPay	1704886404968	1704886412254	7276	OK
REQUEST	XUI_PRL_037_ConfidentialityStatement	XUI_PRL_037_005_ConfidentialityStatement	1704886412254	1704886412923	OK	 
GROUP	XUI_PRL_037_ConfidentialityStatement	1704886412254	1704886412925	669	OK
REQUEST	XUI_PRL_038_Declaration	XUI_PRL_038_005_Declaration	1704886412927	1704886413149	OK	 
GROUP	XUI_PRL_038_Declaration	1704886412925	1704886413151	222	OK
REQUEST	XUI_PRL_039_Continue	XUI_PRL_039_005_Continue	1704886413153	1704886414011	OK	 
GROUP	XUI_PRL_039_Continue	1704886413152	1704886414013	858	OK
REQUEST	XUI_PRL_040_Continue	XUI_PRL_039_005_Continue	1704886414014	1704886420076	OK	 
GROUP	XUI_PRL_040_Continue	1704886414013	1704886420084	6062	OK
REQUEST	XUI_PRL_041_DummyPaymentConfirmation 	XUI_PRL_041_005_DummyPaymentConfirmation 	1704886420085	1704886420911	OK	 
GROUP	XUI_PRL_041_DummyPaymentConfirmation 	1704886420084	1704886420913	826	OK
REQUEST	XUI_PRL_042_PaymentOption	XUI_PRL_042_005_PaymentOption	1704886420915	1704886421921	OK	 
GROUP	XUI_PRL_042_PaymentOption	1704886420913	1704886421926	1006	OK
REQUEST	XUI_PRL_043_PaymentOption	XUI_PRL_043_005_PaymentOption	1704886421926	1704886422161	OK	 
REQUEST	XUI_PRL_043_PaymentOption	XUI_PRL_043_005_PaymentOption Redirect 1	1704886422164	1704886422292	OK	 
GROUP	XUI_PRL_043_PaymentOption	1704886421926	1704886422628	689	OK
REQUEST	XUI_PRL_044_CardDetails	XUI_PRL_044_005_CardDetails	1704886422628	1704886422842	OK	 
REQUEST	XUI_PRL_044_CardDetails	XUI_PRL_044_005_CardDetails Redirect 1	1704886422843	1704886422921	OK	 
GROUP	XUI_PRL_044_CardDetails	1704886422628	1704886422931	293	OK
REQUEST	XUI_PRL_045_ConfirmPayment	XUI_PRL_045_005_ConfirmPayment	1704886422932	1704886423022	OK	 
REQUEST	XUI_PRL_045_ConfirmPayment	XUI_PRL_045_005_ConfirmPayment Redirect 1	1704886423023	1704886423082	OK	 
REQUEST	XUI_PRL_045_ConfirmPayment	XUI_PRL_045_005_ConfirmPayment Redirect 2	1704886423095	1704886425536	OK	 
GROUP	XUI_PRL_045_ConfirmPayment	1704886422931	1704886426086	3131	OK
REQUEST	XUI_010_Homepage	XUI_010_005_Homepage	1704886426086	1704886426118	OK	 
REQUEST	XUI_010_Homepage	XUI_Common_000_ConfigurationUI	1704886442496	1704886442563	OK	 
REQUEST	XUI_010_Homepage	XUI_Common_000_ConfigJson	1704886442566	1704886442606	OK	 
REQUEST	XUI_010_Homepage	XUI_Common_000_TsAndCs	1704886442607	1704886442646	OK	 
REQUEST	XUI_010_Homepage	XUI_Common_000_ConfigUI	1704886442647	1704886442708	OK	 
REQUEST	XUI_010_Homepage	XUI_Common_000_UserDetails	1704886442711	1704886442757	OK	 
REQUEST	XUI_010_Homepage	XUI_Common_000_IsAuthenticated	1704886442760	1704886442792	OK	 
REQUEST	XUI_010_Homepage	XUI_010_010_AuthLogin	1704886442794	1704886442835	OK	 
REQUEST	XUI_010_Homepage	XUI_010_010_AuthLogin Redirect 1	1704886442835	1704886442998	OK	 
REQUEST	XUI_010_Homepage	XUI_010_010_AuthLogin Redirect 2	1704886443001	1704886443090	OK	 
GROUP	XUI_010_Homepage	1704886426086	1704886443657	17542	OK
REQUEST	XUI_020_Login	XUI_020_005_Login	1704886443658	1704886443776	OK	 
REQUEST	XUI_020_Login	XUI_020_005_Login Redirect 1	1704886443777	1704886445303	OK	 
REQUEST	XUI_020_Login	XUI_020_005_Login Redirect 2	1704886445306	1704886445346	OK	 
REQUEST	XUI_020_Login	XUI_Common_000_ConfigurationUI	1704886453317	1704886453413	OK	 
REQUEST	XUI_020_Login	XUI_Common_000_ConfigJson	1704886453414	1704886453518	OK	 
REQUEST	XUI_020_Login	XUI_Common_000_TsAndCs	1704886453519	1704886453562	OK	 
REQUEST	XUI_020_Login	XUI_Common_000_ConfigUI	1704886453564	1704886453606	OK	 
REQUEST	XUI_020_Login	XUI_Common_000_UserDetails	1704886453610	1704886453826	OK	 
REQUEST	XUI_020_Login	XUI_Common_000_IsAuthenticated	1704886453828	1704886453871	OK	 
REQUEST	XUI_020_Login	XUI_Common_000_MonitoringTools	1704886453874	1704886453922	OK	 
GROUP	XUI_020_Login	1704886443657	1704886453924	10243	OK
REQUEST	XUI_PRL_030_TaskTab	XUI_PRL_040_005_SelectIssue	1704886453925	1704886454048	KO	jsonPath($[0].id).find.exists, found nothing
GROUP	XUI_PRL_030_TaskTab	1704886453924	1704886454055	123	KO
USER	***** PRL Citizen Journey *****	END	1704886454063
