ASSERTION	AAECAAIFAAAAAAAAAFlA
RUN	simulations.PRL_Simulation	prl-simulation	1711452759574	 	3.9.5
USER	***** PRL Citizen Journey *****	START	1711452760075
REQUEST	PRL_CitizenC100_010_PRLHome	PRL_CitizenC100_010_005_PRLHome	1711452760095	1711452760222	OK	 
REQUEST	PRL_CitizenC100_010_PRLHome	PRL_CitizenC100_010_005_PRLHome Redirect 1	1711452760229	1711452760290	OK	 
REQUEST	PRL_CitizenC100_010_PRLHome	PRL_CitizenC100_010_005_PRLHome Redirect 2	1711452760291	1711452760360	OK	 
REQUEST	PRL_CitizenC100_010_PRLHome	PRL_CitizenC100_010_005_PRLHome Redirect 3	1711452760360	1711452760537	OK	 
GROUP	PRL_CitizenC100_010_PRLHome	1711452760076	1711452760755	601	OK
REQUEST	PRL_CitizenC100_020_Login	PRL_CitizenC100_020_005_Login	1711452760756	1711452760846	OK	 
REQUEST	PRL_CitizenC100_020_Login	PRL_CitizenC100_020_005_Login Redirect 1	1711452760847	1711452761066	OK	 
REQUEST	PRL_CitizenC100_020_Login	PRL_CitizenC100_020_005_Login Redirect 2	1711452761067	1711452777829	OK	 
GROUP	PRL_CitizenC100_020_Login	1711452760755	1711452777998	17231	OK
REQUEST	PRL_CitizenC100_025_ChildArrangementsApplication	PRL_CitizenC100_025_005_ChildArrangementsApplication	1711452777998	1711452778947	OK	 
GROUP	PRL_CitizenC100_025_ChildArrangementsApplication	1711452777998	1711452779066	1063	OK
REQUEST	PRL_CitizenC100_030_StartApplication	PRL_CitizenC100_030_005_StartApplication	1711452779067	1711452779657	OK	 
GROUP	PRL_CitizenC100_030_StartApplication	1711452779066	1711452779786	715	OK
REQUEST	PRL_CitizenC100_040_WhatYouWillNeed	PRL_CitizenC100_040_005_WhatYouWillNeed	1711452779787	1711452788156	OK	 
REQUEST	PRL_CitizenC100_040_WhatYouWillNeed	PRL_CitizenC100_040_005_WhatYouWillNeed Redirect 1	1711452788158	1711452788465	KO	substring(Enter Case Name).find.exists, found nothing
GROUP	PRL_CitizenC100_040_WhatYouWillNeed	1711452779787	1711452788476	8676	KO
USER	***** PRL Citizen Journey *****	END	1711452788479
