ASSERTION	AAECAAMFAAAAAAAAAFlA
RUN	simulations.XUI_Simulation	xui-simulation	1673380369440	 	3.3.1
USER	***** Private Law Create Case *****	1	START	1673380370380	1673380370380
REQUEST	1	PRL_CitizenC100_010_PRLHome	PRL_CitizenC100_010_005_PRLHome	1673380370423	1673380370708	OK	 
REQUEST	1	PRL_CitizenC100_010_PRLHome	PRL_CitizenC100_010_005_PRLHome Redirect 1	1673380370724	1673380370780	OK	 
REQUEST	1	PRL_CitizenC100_010_PRLHome	PRL_CitizenC100_010_005_PRLHome Redirect 2	1673380370781	1673380370878	OK	 
GROUP	1	PRL_CitizenC100_010_PRLHome	1673380370391	1673380371210	651	OK
REQUEST	1	PRL_CitizenC100_020_Login	PRL_CitizenC100_020_005_Login	1673380371215	1673380371746	OK	 
REQUEST	1	PRL_CitizenC100_020_Login	PRL_CitizenC100_020_005_Login Redirect 1	1673380371749	1673380372155	OK	 
REQUEST	1	PRL_CitizenC100_020_Login	PRL_CitizenC100_020_005_Login Redirect 2	1673380372156	1673380377276	OK	 
GROUP	1	PRL_CitizenC100_020_Login	1673380371210	1673380377445	6207	OK
REQUEST	1	PRL_CitizenC100_030_StartApplication	PRL_CitizenC100_030_005_StartApplication	1673380377446	1673380377564	OK	 
GROUP	1	PRL_CitizenC100_030_StartApplication	1673380377445	1673380377669	203	OK
REQUEST	1	PRL_CitizenC100_040_WhatYouWillNeed	PRL_CitizenC100_040_005_WhatYouWillNeed	1673380377671	1673380391817	OK	 
REQUEST	1	PRL_CitizenC100_040_WhatYouWillNeed	PRL_CitizenC100_040_005_WhatYouWillNeed Redirect 1	1673380391820	1673380391863	OK	 
GROUP	1	PRL_CitizenC100_040_WhatYouWillNeed	1673380377670	1673380391931	14234	OK
REQUEST	1	PRL_CitizenC100_050_CaseName	PRL_CitizenC100_050_005_CaseName	1673380391932	1673380391978	OK	 
REQUEST	1	PRL_CitizenC100_050_CaseName	PRL_CitizenC100_050_005_CaseName Redirect 1	1673380391980	1673380392027	OK	 
GROUP	1	PRL_CitizenC100_050_CaseName	1673380391931	1673380392072	133	OK
REQUEST	1	PRL_CitizenC100_060_ChildrenPostCode	PRL_CitizenC100_060_005_ChildrenPostCode	1673380392074	1673380392123	OK	 
REQUEST	1	PRL_CitizenC100_060_ChildrenPostCode	PRL_CitizenC100_060_005_ChildrenPostCode Redirect 1	1673380392125	1673380392164	OK	 
GROUP	1	PRL_CitizenC100_060_ChildrenPostCode	1673380392072	1673380392207	126	OK
REQUEST	1	PRL_CitizenC100_070_WrittenAgreement	PRL_CitizenC100_070_005_WrittenAgreement	1673380392208	1673380392269	OK	 
REQUEST	1	PRL_CitizenC100_070_WrittenAgreement	PRL_CitizenC100_070_005_WrittenAgreement Redirect 1	1673380392269	1673380392305	OK	 
GROUP	1	PRL_CitizenC100_070_WrittenAgreement	1673380392207	1673380392409	197	OK
REQUEST	1	PRL_CitizenC100_080_BeforeCourt	PRL_CitizenC100_080_005_BeforeCourt	1673380392410	1673380392453	OK	 
REQUEST	1	PRL_CitizenC100_080_BeforeCourt	PRL_CitizenC100_080_005_BeforeCourt Redirect 1	1673380392453	1673380392507	OK	 
GROUP	1	PRL_CitizenC100_080_BeforeCourt	1673380392409	1673380392551	131	OK
REQUEST	1	PRL_CitizenC100_090_ReachAgreement	PRL_CitizenC100_090_005_ReachAgreement	1673380392552	1673380392594	OK	 
REQUEST	1	PRL_CitizenC100_090_ReachAgreement	PRL_CitizenC100_090_005_ReachAgreement Redirect 1	1673380392595	1673380392649	OK	 
GROUP	1	PRL_CitizenC100_090_ReachAgreement	1673380392551	1673380392700	143	OK
REQUEST	1	PRL_CitizenC100_100_LegalRep	PRL_CitizenC100_100_005_LegalRep	1673380392702	1673380392733	OK	 
REQUEST	1	PRL_CitizenC100_100_LegalRep	PRL_CitizenC100_100_005_LegalRep Redirect 1	1673380392735	1673380392774	OK	 
GROUP	1	PRL_CitizenC100_100_LegalRep	1673380392700	1673380392819	111	OK
REQUEST	1	PRL_CitizenC100_110_PermissionFromCourt	PRL_CitizenC100_110_005_PermissionFromCourt	1673380392821	1673380392861	OK	 
REQUEST	1	PRL_CitizenC100_110_PermissionFromCourt	PRL_CitizenC100_110_005_PermissionFromCourt Redirect 1	1673380392863	1673380392899	OK	 
GROUP	1	PRL_CitizenC100_110_PermissionFromCourt	1673380392819	1673380392942	116	OK
REQUEST	1	PRL_CitizenC100_120_WhyPermissionFromCourt	PRL_CitizenC100_120_005_WhyPermissionFromCourt	1673380392943	1673380392976	OK	 
REQUEST	1	PRL_CitizenC100_120_WhyPermissionFromCourt	PRL_CitizenC100_120_005_WhyPermissionFromCourt Redirect 1	1673380392976	1673380393019	OK	 
GROUP	1	PRL_CitizenC100_120_WhyPermissionFromCourt	1673380392942	1673380393063	117	OK
REQUEST	1	PRL_CitizenC100_130_WhyCourtShouldGrant	PRL_CitizenC100_130_005_WhyCourtShouldGrant	1673380393064	1673380393098	OK	 
REQUEST	1	PRL_CitizenC100_130_WhyCourtShouldGrant	PRL_CitizenC100_130_005_WhyCourtShouldGrant Redirect 1	1673380393100	1673380393146	OK	 
GROUP	1	PRL_CitizenC100_130_WhyCourtShouldGrant	1673380393063	1673380393197	118	OK
REQUEST	1	PRL_CitizenC100_140_InvolvedInEmergencyProtection	PRL_CitizenC100_140_005_InvolvedInEmergencyProtection	1673380393199	1673380393233	OK	 
REQUEST	1	PRL_CitizenC100_140_InvolvedInEmergencyProtection	PRL_CitizenC100_140_005_InvolvedInEmergencyProtection Redirect 1	1673380393234	1673380393316	OK	 
GROUP	1	PRL_CitizenC100_140_InvolvedInEmergencyProtection	1673380393197	1673380393357	150	OK
REQUEST	1	PRL_CitizenC100_150_AttendingMIAM	PRL_CitizenC100_150_005_AttendingMIAM	1673380393359	1673380393396	OK	 
REQUEST	1	PRL_CitizenC100_150_AttendingMIAM	PRL_CitizenC100_150_005_AttendingMIAM Redirect 1	1673380393397	1673380393457	OK	 
GROUP	1	PRL_CitizenC100_150_AttendingMIAM	1673380393357	1673380393565	203	OK
REQUEST	1	PRL_CitizenC100_160_AttendedMIAM	PRL_CitizenC100_160_005_AttendedMIAM	1673380393566	1673380393609	OK	 
REQUEST	1	PRL_CitizenC100_160_AttendedMIAM	PRL_CitizenC100_160_005_AttendedMIAM Redirect 1	1673380393610	1673380393649	OK	 
GROUP	1	PRL_CitizenC100_160_AttendedMIAM	1673380393565	1673380393690	120	OK
REQUEST	1	PRL_CitizenC100_170_DocumentSigned	PRL_CitizenC100_170_005_DocumentSigned	1673380393691	1673380393719	OK	 
REQUEST	1	PRL_CitizenC100_170_DocumentSigned	PRL_CitizenC100_170_005_DocumentSigned Redirect 1	1673380393720	1673380393764	OK	 
GROUP	1	PRL_CitizenC100_170_DocumentSigned	1673380393690	1673380393809	108	OK
REQUEST	1	PRL_CitizenC100_180_MIAMUpload	PRL_CitizenC100_180_005_MIAMUpload	1673380393845	1673380395299	OK	 
REQUEST	1	PRL_CitizenC100_180_MIAMUpload	PRL_CitizenC100_180_005_MIAMUpload Redirect 1	1673380395303	1673380395345	OK	 
GROUP	1	PRL_CitizenC100_180_MIAMUpload	1673380393809	1673380395400	1546	OK
REQUEST	1	PRL_CitizenC100_190_MIAMUploadSubmit	PRL_CitizenC100_190_005_MIAMUploadSubmit	1673380395404	1673380395819	OK	 
REQUEST	1	PRL_CitizenC100_190_MIAMUploadSubmit	PRL_CitizenC100_190_005_MIAMUploadSubmit Redirect 1	1673380395821	1673380395864	OK	 
REQUEST	1	PRL_CitizenC100_190_MIAMUploadSubmit	PRL_CitizenC100_190_005_MIAMUploadSubmit Redirect 2	1673380395867	1673380395914	OK	 
GROUP	1	PRL_CitizenC100_190_MIAMUploadSubmit	1673380395400	1673380396011	594	OK
REQUEST	1	PRL_CitizenC100_200_MIAMUploadContinue	PRL_CitizenC100_200_005_MIAMUploadContinue	1673380396013	1673380396044	OK	 
REQUEST	1	PRL_CitizenC100_200_MIAMUploadContinue	PRL_CitizenC100_200_005_MIAMUploadContinue Redirect 1	1673380396045	1673380396095	OK	 
GROUP	1	PRL_CitizenC100_200_MIAMUploadContinue	1673380396012	1673380396145	125	OK
REQUEST	1	PRL_CitizenC100_210_AskingCourtToDo	PRL_CitizenC100_210_005_AskingCourtToDo	1673380396146	1673380396176	OK	 
REQUEST	1	PRL_CitizenC100_210_AskingCourtToDo	PRL_CitizenC100_210_005_AskingCourtToDo Redirect 1	1673380396177	1673380396217	OK	 
GROUP	1	PRL_CitizenC100_210_AskingCourtToDo	1673380396145	1673380396258	105	OK
REQUEST	1	PRL_CitizenC100_220_WouldLikeCourtTo	PRL_CitizenC100_220_005_WouldLikeCourtTo	1673380396259	1673380396299	OK	 
REQUEST	1	PRL_CitizenC100_220_WouldLikeCourtTo	PRL_CitizenC100_220_005_WouldLikeCourtTo Redirect 1	1673380396300	1673380396337	OK	 
GROUP	1	PRL_CitizenC100_220_WouldLikeCourtTo	1673380396258	1673380396378	113	OK
REQUEST	1	PRL_CitizenC100_230_DescribeWhatCourt	PRL_CitizenC100_230_005_DescribeWhatCourt	1673380396379	1673380396408	OK	 
REQUEST	1	PRL_CitizenC100_230_DescribeWhatCourt	PRL_CitizenC100_230_005_DescribeWhatCourt Redirect 1	1673380396408	1673380396452	OK	 
GROUP	1	PRL_CitizenC100_230_DescribeWhatCourt	1673380396378	1673380396494	109	OK
REQUEST	1	PRL_CitizenC100_240_UrgentFirstHearing	PRL_CitizenC100_240_005_UrgentFirstHearing	1673380396494	1673380396523	OK	 
REQUEST	1	PRL_CitizenC100_240_UrgentFirstHearing	PRL_CitizenC100_240_005_UrgentFirstHearing Redirect 1	1673380396524	1673380396565	OK	 
GROUP	1	PRL_CitizenC100_240_UrgentFirstHearing	1673380396494	1673380396604	103	OK
REQUEST	1	PRL_CitizenC100_250_UrgentHearingDetails	PRL_CitizenC100_250_005_UrgentHearingDetails	1673380396606	1673380396642	OK	 
REQUEST	1	PRL_CitizenC100_250_UrgentHearingDetails	PRL_CitizenC100_250_005_UrgentHearingDetails Redirect 1	1673380396643	1673380396704	OK	 
GROUP	1	PRL_CitizenC100_250_UrgentHearingDetails	1673380396604	1673380396741	131	OK
REQUEST	1	PRL_CitizenC100_260_AskingForWithoutNotice	PRL_CitizenC100_260_005_AskingForWithoutNotice	1673380396744	1673380396774	OK	 
REQUEST	1	PRL_CitizenC100_260_AskingForWithoutNotice	PRL_CitizenC100_260_005_AskingForWithoutNotice Redirect 1	1673380396775	1673380396813	OK	 
GROUP	1	PRL_CitizenC100_260_AskingForWithoutNotice	1673380396741	1673380396849	101	OK
REQUEST	1	PRL_CitizenC100_270_WithoutNoticeDetails	PRL_CitizenC100_270_005_WithoutNoticeDetails	1673380396850	1673380396886	OK	 
REQUEST	1	PRL_CitizenC100_270_WithoutNoticeDetails	PRL_CitizenC100_270_005_WithoutNoticeDetails Redirect 1	1673380396887	1673380396936	OK	 
GROUP	1	PRL_CitizenC100_270_WithoutNoticeDetails	1673380396850	1673380396970	117	OK
REQUEST	1	PRL_CitizenC100_280_ChildrenName	PRL_CitizenC100_280_005_ChildrenName	1673380396970	1673380396999	OK	 
GROUP	1	PRL_CitizenC100_280_ChildrenName	1673380396970	1673380397008	29	OK
REQUEST	1	PRL_CitizenC100_290_ChildDetails	PRL_CitizenC100_290_005_ChildDetails	1673380397009	1673380397044	OK	 
REQUEST	1	PRL_CitizenC100_290_ChildDetails	PRL_CitizenC100_290_005_ChildDetails Redirect 1	1673380397045	1673380397087	OK	 
GROUP	1	PRL_CitizenC100_290_ChildDetails	1673380397008	1673380397123	109	OK
REQUEST	1	PRL_CitizenC100_300_WhichDecision	PRL_CitizenC100_300_005_WhichDecision	1673380397124	1673380397159	OK	 
REQUEST	1	PRL_CitizenC100_300_WhichDecision	PRL_CitizenC100_300_005_WhichDecision Redirect 1	1673380397160	1673380397195	OK	 
GROUP	1	PRL_CitizenC100_300_WhichDecision	1673380397123	1673380397231	102	OK
REQUEST	1	PRL_CitizenC100_310_ParentalResponsibility	PRL_CitizenC100_310_005_ParentalResponsibility	1673380397232	1673380397266	OK	 
REQUEST	1	PRL_CitizenC100_310_ParentalResponsibility	PRL_CitizenC100_310_005_ParentalResponsibility Redirect 1	1673380397268	1673380397306	OK	 
GROUP	1	PRL_CitizenC100_310_ParentalResponsibility	1673380397231	1673380397337	100	OK
REQUEST	1	PRL_CitizenC100_320_FurtherInformation	PRL_CitizenC100_320_005_FurtherInformation	1673380397338	1673380397374	OK	 
REQUEST	1	PRL_CitizenC100_320_FurtherInformation	PRL_CitizenC100_320_005_FurtherInformation Redirect 1	1673380397375	1673380397412	OK	 
GROUP	1	PRL_CitizenC100_320_FurtherInformation	1673380397337	1673380397459	115	OK
REQUEST	1	PRL_CitizenC100_330_OtherChildren	PRL_CitizenC100_330_005_OtherChildren	1673380397460	1673380397491	OK	 
REQUEST	1	PRL_CitizenC100_330_OtherChildren	PRL_CitizenC100_330_005_OtherChildren Redirect 1	1673380397492	1673380397529	OK	 
GROUP	1	PRL_CitizenC100_330_OtherChildren	1673380397459	1673380397578	106	OK
REQUEST	1	PRL_CitizenC100_340_EnterYourName	PRL_CitizenC100_340_005_EnterYourName	1673380397582	1673380397613	OK	 
GROUP	1	PRL_CitizenC100_340_EnterYourName	1673380397579	1673380397614	31	OK
REQUEST	1	PRL_CitizenC100_350_KnowContactDetails	PRL_CitizenC100_350_005_KnowContactDetails	1673380397616	1673380397650	OK	 
REQUEST	1	PRL_CitizenC100_350_KnowContactDetails	PRL_CitizenC100_350_005_KnowContactDetails Redirect 1	1673380397651	1673380397726	OK	 
GROUP	1	PRL_CitizenC100_350_KnowContactDetails	1673380397614	1673380397766	143	OK
REQUEST	1	PRL_CitizenC100_360_KeepDetailsPrivate	PRL_CitizenC100_360_005_KeepDetailsPrivate	1673380397767	1673380397802	OK	 
REQUEST	1	PRL_CitizenC100_360_KeepDetailsPrivate	PRL_CitizenC100_360_005_KeepDetailsPrivate Redirect 1	1673380397803	1673380397857	OK	 
GROUP	1	PRL_CitizenC100_360_KeepDetailsPrivate	1673380397766	1673380397891	121	OK
REQUEST	1	PRL_CitizenC100_370_KeepDetailsPrivateContinue	PRL_CitizenC100_370_005_KeepDetailsPrivateContinue	1673380397893	1673380397924	OK	 
REQUEST	1	PRL_CitizenC100_370_KeepDetailsPrivateContinue	PRL_CitizenC100_370_005_KeepDetailsPrivateContinue Redirect 1	1673380397926	1673380397967	OK	 
GROUP	1	PRL_CitizenC100_370_KeepDetailsPrivateContinue	1673380397891	1673380398009	111	OK
REQUEST	1	PRL_CitizenC100_380_ApplicantDetails	PRL_CitizenC100_380_005_ApplicantDetails	1673380398010	1673380398043	OK	 
REQUEST	1	PRL_CitizenC100_380_ApplicantDetails	PRL_CitizenC100_380_005_ApplicantDetails Redirect 1	1673380398044	1673380398084	OK	 
GROUP	1	PRL_CitizenC100_380_ApplicantDetails	1673380398010	1673380398126	110	OK
REQUEST	1	PRL_CitizenC100_390_ApplicantRelationship	PRL_CitizenC100_390_005_ApplicantRelationship	1673380398129	1673380398160	OK	 
REQUEST	1	PRL_CitizenC100_390_ApplicantRelationship	PRL_CitizenC100_390_005_ApplicantRelationship Redirect 1	1673380398161	1673380398199	OK	 
GROUP	1	PRL_CitizenC100_390_ApplicantRelationship	1673380398126	1673380398243	109	OK
REQUEST	1	PRL_CitizenC100_400_ApplicantPostcode	PRL_CitizenC100_400_005_ApplicantPostcode	1673380398245	1673380398883	OK	 
REQUEST	1	PRL_CitizenC100_400_ApplicantPostcode	PRL_CitizenC100_400_005_ApplicantPostcode Redirect 1	1673380398885	1673380398940	OK	 
GROUP	1	PRL_CitizenC100_400_ApplicantPostcode	1673380398243	1673380399001	747	OK
REQUEST	1	PRL_CitizenC100_410_ApplicantSelectAddress	PRL_CitizenC100_410_005_ApplicantSelectAddress	1673380399005	1673380399043	OK	 
REQUEST	1	PRL_CitizenC100_410_ApplicantSelectAddress	PRL_CitizenC100_410_005_ApplicantSelectAddress Redirect 1	1673380399044	1673380399086	OK	 
GROUP	1	PRL_CitizenC100_410_ApplicantSelectAddress	1673380399001	1673380399126	113	OK
REQUEST	1	PRL_CitizenC100_420_ApplicantAddress	PRL_CitizenC100_420_005_ApplicantAddress	1673380399127	1673380399166	OK	 
REQUEST	1	PRL_CitizenC100_420_ApplicantAddress	PRL_CitizenC100_420_005_ApplicantAddress Redirect 1	1673380399167	1673380399203	OK	 
GROUP	1	PRL_CitizenC100_420_ApplicantAddress	1673380399126	1673380399249	118	OK
REQUEST	1	PRL_CitizenC100_430_ApplicantContact	PRL_CitizenC100_430_005_ApplicantContact	1673380399251	1673380399290	OK	 
REQUEST	1	PRL_CitizenC100_430_ApplicantContact	PRL_CitizenC100_430_005_ApplicantContact Redirect 1	1673380399294	1673380399345	OK	 
GROUP	1	PRL_CitizenC100_430_ApplicantContact	1673380399249	1673380399396	137	OK
REQUEST	1	PRL_CitizenC100_440_ApplicantContactPreference	PRL_CitizenC100_440_005_ApplicantContactPreference	1673380399396	1673380399429	OK	 
REQUEST	1	PRL_CitizenC100_440_ApplicantContactPreference	PRL_CitizenC100_440_005_ApplicantContactPreference Redirect 1	1673380399430	1673380399471	OK	 
GROUP	1	PRL_CitizenC100_440_ApplicantContactPreference	1673380399396	1673380399545	145	OK
REQUEST	1	PRL_CitizenC100_450_RespondentName	PRL_CitizenC100_450_005_RespondentName	1673380399547	1673380399577	OK	 
GROUP	1	PRL_CitizenC100_450_RespondentName	1673380399545	1673380399578	30	OK
REQUEST	1	PRL_CitizenC100_460_RespondentNameRedirect	PRL_CitizenC100_460_005_RespondentNameRedirect	1673380399579	1673380399621	OK	 
GROUP	1	PRL_CitizenC100_460_RespondentNameRedirect	1673380399579	1673380399668	86	OK
REQUEST	1	PRL_CitizenC100_470_RespondentDetails	PRL_CitizenC100_470_005_RespondentDetails	1673380399669	1673380399702	OK	 
REQUEST	1	PRL_CitizenC100_470_RespondentDetails	PRL_CitizenC100_470_005_RespondentDetails Redirect 1	1673380399703	1673380399743	OK	 
GROUP	1	PRL_CitizenC100_470_RespondentDetails	1673380399668	1673380399787	112	OK
REQUEST	1	PRL_CitizenC100_480_RespondentRelationship	PRL_CitizenC100_480_005_RespondentRelationship	1673380399787	1673380399820	OK	 
REQUEST	1	PRL_CitizenC100_480_RespondentRelationship	PRL_CitizenC100_480_005_RespondentRelationship Redirect 1	1673380399820	1673380399859	OK	 
GROUP	1	PRL_CitizenC100_480_RespondentRelationship	1673380399787	1673380399902	111	OK
REQUEST	1	PRL_CitizenC100_490_RespondentPostcode	PRL_CitizenC100_490_005_RespondentPostcode	1673380399903	1673380400407	OK	 
REQUEST	1	PRL_CitizenC100_490_RespondentPostcode	PRL_CitizenC100_490_005_RespondentPostcode Redirect 1	1673380400408	1673380400452	OK	 
GROUP	1	PRL_CitizenC100_490_RespondentPostcode	1673380399902	1673380400494	587	OK
REQUEST	1	PRL_CitizenC100_500_RespondentSelectAddress	PRL_CitizenC100_500_005_RespondentSelectAddress	1673380400495	1673380400535	OK	 
REQUEST	1	PRL_CitizenC100_500_RespondentSelectAddress	PRL_CitizenC100_500_005_RespondentSelectAddress Redirect 1	1673380400536	1673380400590	OK	 
GROUP	1	PRL_CitizenC100_500_RespondentSelectAddress	1673380400494	1673380400669	166	OK
REQUEST	1	PRL_CitizenC100_510_RespondentAddress	PRL_CitizenC100_510_005_RespondentAddress	1673380400670	1673380400704	OK	 
REQUEST	1	PRL_CitizenC100_510_RespondentAddress	PRL_CitizenC100_510_005_RespondentAddress Redirect 1	1673380400705	1673380400742	OK	 
GROUP	1	PRL_CitizenC100_510_RespondentAddress	1673380400669	1673380400789	114	OK
REQUEST	1	PRL_CitizenC100_520_RespondentContact	PRL_CitizenC100_520_005_RespondentContact	1673380400791	1673380400823	OK	 
REQUEST	1	PRL_CitizenC100_520_RespondentContact	PRL_CitizenC100_520_005_RespondentContact Redirect 1	1673380400824	1673380400865	OK	 
GROUP	1	PRL_CitizenC100_520_RespondentContact	1673380400791	1673380400931	134	OK
REQUEST	1	PRL_CitizenC100_530_AnyoneElse	PRL_CitizenC100_530_005_AnyoneElse	1673380400932	1673380400969	OK	 
REQUEST	1	PRL_CitizenC100_530_AnyoneElse	PRL_CitizenC100_530_005_AnyoneElse Redirect 1	1673380400970	1673380401009	OK	 
GROUP	1	PRL_CitizenC100_530_AnyoneElse	1673380400931	1673380401077	139	OK
REQUEST	1	PRL_CitizenC100_540_ChildLiveWith	PRL_CitizenC100_540_005_ChildLiveWith	1673380401078	1673380401114	OK	 
REQUEST	1	PRL_CitizenC100_540_ChildLiveWith	PRL_CitizenC100_540_005_ChildLiveWith Redirect 1	1673380401115	1673380401158	OK	 
GROUP	1	PRL_CitizenC100_540_ChildLiveWith	1673380401077	1673380401220	137	OK
REQUEST	1	PRL_CitizenC100_550_InvolvedInCourt	PRL_CitizenC100_550_005_InvolvedInCourt	1673380401221	1673380401251	OK	 
REQUEST	1	PRL_CitizenC100_550_InvolvedInCourt	PRL_CitizenC100_550_005_InvolvedInCourt Redirect 1	1673380401251	1673380401287	OK	 
GROUP	1	PRL_CitizenC100_550_InvolvedInCourt	1673380401221	1673380401328	105	OK
REQUEST	1	PRL_CitizenC100_560_CourtCasesInfo	PRL_CitizenC100_560_005_CourtCasesInfo	1673380401335	1673380401366	OK	 
REQUEST	1	PRL_CitizenC100_560_CourtCasesInfo	PRL_CitizenC100_560_005_CourtCasesInfo Redirect 1	1673380401368	1673380401406	OK	 
GROUP	1	PRL_CitizenC100_560_CourtCasesInfo	1673380401328	1673380401449	108	OK
REQUEST	1	PRL_CitizenC100_570_DetailsOfCourtCases	PRL_CitizenC100_570_005_DetailsOfCourtCases	1673380401450	1673380401509	OK	 
REQUEST	1	PRL_CitizenC100_570_DetailsOfCourtCases	PRL_CitizenC100_570_005_DetailsOfCourtCases Redirect 1	1673380401510	1673380401568	OK	 
GROUP	1	PRL_CitizenC100_570_DetailsOfCourtCases	1673380401449	1673380401606	153	OK
REQUEST	1	PRL_CitizenC100_580_SafetyInfo	PRL_CitizenC100_580_005_SafetyInfo	1673380401608	1673380401644	OK	 
REQUEST	1	PRL_CitizenC100_580_SafetyInfo	PRL_CitizenC100_580_005_SafetyInfo Redirect 1	1673380401645	1673380401684	OK	 
GROUP	1	PRL_CitizenC100_580_SafetyInfo	1673380401606	1673380401741	130	OK
REQUEST	1	PRL_CitizenC100_590_SafetyConcerns	PRL_CitizenC100_590_005_SafetyConcerns	1673380401741	1673380401807	OK	 
REQUEST	1	PRL_CitizenC100_590_SafetyConcerns	PRL_CitizenC100_590_005_SafetyConcerns Redirect 1	1673380401808	1673380401854	OK	 
GROUP	1	PRL_CitizenC100_590_SafetyConcerns	1673380401741	1673380401892	148	OK
REQUEST	1	PRL_CitizenC100_600_ConcernedAbout	PRL_CitizenC100_600_005_ConcernedAbout	1673380401892	1673380401940	OK	 
REQUEST	1	PRL_CitizenC100_600_ConcernedAbout	PRL_CitizenC100_600_005_ConcernedAbout Redirect 1	1673380401941	1673380401975	OK	 
GROUP	1	PRL_CitizenC100_600_ConcernedAbout	1673380401892	1673380402011	114	OK
REQUEST	1	PRL_CitizenC100_610_TypeOfBehaviour	PRL_CitizenC100_610_005_TypeOfBehaviour	1673380402013	1673380402042	OK	 
REQUEST	1	PRL_CitizenC100_610_TypeOfBehaviour	PRL_CitizenC100_610_005_TypeOfBehaviour Redirect 1	1673380402043	1673380402101	OK	 
GROUP	1	PRL_CitizenC100_610_TypeOfBehaviour	1673380402011	1673380402142	124	OK
REQUEST	1	PRL_CitizenC100_620_DescribePyshicalAbuse	PRL_CitizenC100_620_005_DescribePyshicalAbuse	1673380402143	1673380402184	OK	 
REQUEST	1	PRL_CitizenC100_620_DescribePyshicalAbuse	PRL_CitizenC100_620_005_DescribePyshicalAbuse Redirect 1	1673380402185	1673380402221	OK	 
GROUP	1	PRL_CitizenC100_620_DescribePyshicalAbuse	1673380402142	1673380402263	115	OK
REQUEST	1	PRL_CitizenC100_630_ImpactedByDrug	PRL_CitizenC100_630_005_ImpactedByDrug	1673380402264	1673380402296	OK	 
REQUEST	1	PRL_CitizenC100_630_ImpactedByDrug	PRL_CitizenC100_630_005_ImpactedByDrug Redirect 1	1673380402297	1673380402332	OK	 
GROUP	1	PRL_CitizenC100_630_ImpactedByDrug	1673380402263	1673380402370	101	OK
REQUEST	1	PRL_CitizenC100_640_OtherConcerns	PRL_CitizenC100_640_005_OtherConcerns	1673380402373	1673380402406	OK	 
REQUEST	1	PRL_CitizenC100_640_OtherConcerns	PRL_CitizenC100_640_005_OtherConcerns Redirect 1	1673380402409	1673380402469	OK	 
GROUP	1	PRL_CitizenC100_640_OtherConcerns	1673380402370	1673380402542	161	OK
REQUEST	1	PRL_CitizenC100_650_KeepChildrenSafe	PRL_CitizenC100_650_005_KeepChildrenSafe	1673380402544	1673380402583	OK	 
REQUEST	1	PRL_CitizenC100_650_KeepChildrenSafe	PRL_CitizenC100_650_005_KeepChildrenSafe Redirect 1	1673380402585	1673380402621	OK	 
GROUP	1	PRL_CitizenC100_650_KeepChildrenSafe	1673380402542	1673380402669	116	OK
REQUEST	1	PRL_CitizenC100_660_ContactBetweenChildren	PRL_CitizenC100_660_005_ContactBetweenChildren	1673380402669	1673380402707	OK	 
REQUEST	1	PRL_CitizenC100_660_ContactBetweenChildren	PRL_CitizenC100_660_005_ContactBetweenChildren Redirect 1	1673380402708	1673380402744	OK	 
GROUP	1	PRL_CitizenC100_660_ContactBetweenChildren	1673380402669	1673380402784	112	OK
REQUEST	1	PRL_CitizenC100_670_ChildrenBasedOutsideEngland	PRL_CitizenC100_670_005_ChildrenBasedOutsideEngland	1673380402785	1673380402833	OK	 
REQUEST	1	PRL_CitizenC100_670_ChildrenBasedOutsideEngland	PRL_CitizenC100_670_005_ChildrenBasedOutsideEngland Redirect 1	1673380402833	1673380402873	OK	 
GROUP	1	PRL_CitizenC100_670_ChildrenBasedOutsideEngland	1673380402784	1673380402910	123	OK
REQUEST	1	PRL_CitizenC100_680_ParentsBasedOutsideEngland	PRL_CitizenC100_680_005_ParentsBasedOutsideEngland	1673380402910	1673380402942	OK	 
REQUEST	1	PRL_CitizenC100_680_ParentsBasedOutsideEngland	PRL_CitizenC100_680_005_ParentsBasedOutsideEngland Redirect 1	1673380402944	1673380402982	OK	 
GROUP	1	PRL_CitizenC100_680_ParentsBasedOutsideEngland	1673380402910	1673380403024	110	OK
REQUEST	1	PRL_CitizenC100_690_AnotherPersonApply	PRL_CitizenC100_690_005_AnotherPersonApply	1673380403024	1673380403058	OK	 
REQUEST	1	PRL_CitizenC100_690_AnotherPersonApply	PRL_CitizenC100_690_005_AnotherPersonApply Redirect 1	1673380403058	1673380403092	OK	 
GROUP	1	PRL_CitizenC100_690_AnotherPersonApply	1673380403024	1673380403126	100	OK
REQUEST	1	PRL_CitizenC100_700_AnotherCountryAsked	PRL_CitizenC100_700_005_AnotherCountryAsked	1673380403127	1673380403157	OK	 
REQUEST	1	PRL_CitizenC100_700_AnotherCountryAsked	PRL_CitizenC100_700_005_AnotherCountryAsked Redirect 1	1673380403159	1673380403196	OK	 
GROUP	1	PRL_CitizenC100_700_AnotherCountryAsked	1673380403126	1673380403231	101	OK
REQUEST	1	PRL_CitizenC100_710_TakePartInHearings	PRL_CitizenC100_710_005_TakePartInHearings	1673380403232	1673380403265	OK	 
REQUEST	1	PRL_CitizenC100_710_TakePartInHearings	PRL_CitizenC100_710_005_TakePartInHearings Redirect 1	1673380403266	1673380403301	OK	 
GROUP	1	PRL_CitizenC100_710_TakePartInHearings	1673380403232	1673380403345	109	OK
REQUEST	1	PRL_CitizenC100_720_LanguageRequirements	PRL_CitizenC100_720_005_LanguageRequirements	1673380403346	1673380403375	OK	 
REQUEST	1	PRL_CitizenC100_720_LanguageRequirements	PRL_CitizenC100_720_005_LanguageRequirements Redirect 1	1673380403376	1673380403412	OK	 
GROUP	1	PRL_CitizenC100_720_LanguageRequirements	1673380403345	1673380403445	95	OK
REQUEST	1	PRL_CitizenC100_730_SpecialArrangements	PRL_CitizenC100_730_005_SpecialArrangements	1673380403446	1673380403481	OK	 
REQUEST	1	PRL_CitizenC100_730_SpecialArrangements	PRL_CitizenC100_730_005_SpecialArrangements Redirect 1	1673380403482	1673380403517	OK	 
GROUP	1	PRL_CitizenC100_730_SpecialArrangements	1673380403445	1673380403551	102	OK
REQUEST	1	PRL_CitizenC100_740_NeedSupport	PRL_CitizenC100_740_005_NeedSupport	1673380403552	1673380403601	OK	 
REQUEST	1	PRL_CitizenC100_740_NeedSupport	PRL_CitizenC100_740_005_NeedSupport Redirect 1	1673380403603	1673380403638	OK	 
GROUP	1	PRL_CitizenC100_740_NeedSupport	1673380403551	1673380403684	119	OK
REQUEST	1	PRL_CitizenC100_750_DocumentsAlternativeFormat	PRL_CitizenC100_750_005_DocumentsAlternativeFormat	1673380403686	1673380403718	OK	 
REQUEST	1	PRL_CitizenC100_750_DocumentsAlternativeFormat	PRL_CitizenC100_750_005_DocumentsAlternativeFormat Redirect 1	1673380403719	1673380404085	OK	 
GROUP	1	PRL_CitizenC100_750_DocumentsAlternativeFormat	1673380403684	1673380404170	477	OK
REQUEST	1	PRL_CitizenC100_760_HelpWithPaying	PRL_CitizenC100_760_005_HelpWithPaying	1673380404172	1673380404206	OK	 
REQUEST	1	PRL_CitizenC100_760_HelpWithPaying	PRL_CitizenC100_760_005_HelpWithPaying Redirect 1	1673380404208	1673380407075	OK	 
GROUP	1	PRL_CitizenC100_760_HelpWithPaying	1673380404171	1673380407121	2941	OK
REQUEST	1	PRL_CitizenC100_770_CheckYourAnswers	PRL_CitizenC100_770_005_CheckYourAnswers	1673380407121	1673380414650	OK	 
GROUP	1	PRL_CitizenC100_770_CheckYourAnswers	1673380407121	1673380414657	7529	OK
REQUEST	1	PRL_CitizenC100_780_CheckYourAnswersRedirect	PRL_CitizenC100_780_005_CheckYourAnswersRedirect	1673380414659	1673380414795	OK	 
GROUP	1	PRL_CitizenC100_780_CheckYourAnswersRedirect	1673380414657	1673380414799	136	OK
REQUEST	1	PRL_CitizenC100_790_CheckYourAnswersFinal	PRL_CitizenC100_790_005_CheckYourAnswersFinal	1673380414801	1673380414986	OK	 
GROUP	1	PRL_CitizenC100_790_CheckYourAnswersFinal	1673380414799	1673380415144	334	OK
REQUEST	1	PRL_CitizenC100_800_EnterCardDetails	PRL_CitizenC100_800_005_EnterCardDetails	1673380415145	1673380415174	KO	substring(Confirm your payment).find.exists, found nothing
GROUP	1	PRL_CitizenC100_800_EnterCardDetails	1673380415144	1673380415183	29	KO
USER	***** Private Law Create Case *****	1	END	1673380370380	1673380415200
