ASSERTION	AAECAAIFAAAAAAAAAFlA
RUN	simulations.PRL_Simulation	prl-simulation	1702997388225	 	3.9.5
USER	***** PRL Case Flags 2.1 Journey *****	START	1702997388760
REQUEST	XUI_010_Homepage	XUI_010_005_Homepage	1702997388769	1702997388907	OK	 
REQUEST	XUI_010_Homepage	XUI_Common_000_ConfigurationUI	1702997403587	1702997403767	OK	 
REQUEST	XUI_010_Homepage	XUI_Common_000_ConfigJson	1702997403772	1702997403822	OK	 
REQUEST	XUI_010_Homepage	XUI_Common_000_TsAndCs	1702997403823	1702997403874	OK	 
REQUEST	XUI_010_Homepage	XUI_Common_000_ConfigUI	1702997403875	1702997403924	OK	 
REQUEST	XUI_010_Homepage	XUI_Common_000_UserDetails	1702997403925	1702997403959	OK	 
REQUEST	XUI_010_Homepage	XUI_Common_000_IsAuthenticated	1702997403960	1702997403991	OK	 
REQUEST	XUI_010_Homepage	XUI_010_010_AuthLogin	1702997403995	1702997404082	OK	 
REQUEST	XUI_010_Homepage	XUI_010_010_AuthLogin Redirect 1	1702997404086	1702997404224	OK	 
REQUEST	XUI_010_Homepage	XUI_010_010_AuthLogin Redirect 2	1702997404225	1702997404292	OK	 
GROUP	XUI_010_Homepage	1702997388761	1702997416658	27799	OK
REQUEST	XUI_020_Login	XUI_020_005_Login	1702997416661	1702997417027	OK	 
REQUEST	XUI_020_Login	XUI_020_005_Login Redirect 1	1702997417029	1702997418716	OK	 
REQUEST	XUI_020_Login	XUI_020_005_Login Redirect 2	1702997418720	1702997418880	OK	 
REQUEST	XUI_020_Login	XUI_Common_000_ConfigurationUI	1702997431773	1702997431855	OK	 
REQUEST	XUI_020_Login	XUI_Common_000_ConfigJson	1702997431857	1702997431892	OK	 
REQUEST	XUI_020_Login	XUI_Common_000_TsAndCs	1702997431893	1702997431927	OK	 
REQUEST	XUI_020_Login	XUI_Common_000_ConfigUI	1702997431928	1702997431972	OK	 
REQUEST	XUI_020_Login	XUI_Common_000_UserDetails	1702997431974	1702997432646	OK	 
REQUEST	XUI_020_Login	XUI_Common_000_IsAuthenticated	1702997432648	1702997432695	OK	 
REQUEST	XUI_020_Login	XUI_Common_000_MonitoringTools	1702997432696	1702997432876	OK	 
GROUP	XUI_020_Login	1702997416658	1702997432904	16195	OK
GROUP	XUI_PRL_030_CreateCaseStart	1702997432906	1702997432908	0	OK
REQUEST	XUI_PRL_040_RequestSupport	XUI_PRL_040_005_RequestSupport	1702997432908	1702997433651	OK	 
REQUEST	XUI_PRL_040_RequestSupport	XUI_PRL_040_010_RequestSupport	1702997433653	1702997436484	OK	 
GROUP	XUI_PRL_040_RequestSupport	1702997432908	1702997436531	3574	OK
REQUEST	XUI_PRL_050_WhereFlagAdded	XUI_PRL_050_005_WhereFlagAdded	1702997436532	1702997436901	OK	 
REQUEST	XUI_PRL_050_WhereFlagAdded	XUI_PRL_050_010_WhereFlagAdded	1702997436902	1702997437794	OK	 
GROUP	XUI_PRL_050_WhereFlagAdded	1702997436531	1702997437796	1261	OK
REQUEST	XUI_PRL_070_RequestSupportSubmit	XUI_PRL_070_005_RequestSupportSubmit	1702997437800	1702997440066	OK	 
GROUP	XUI_PRL_070_RequestSupportSubmit	1702997437796	1702997440069	2266	OK
REQUEST	XUI_PRL_080_RequestSupport2	XUI_PRL_080_005_RequestSupport2	1702997440070	1702997441092	OK	 
REQUEST	XUI_PRL_080_RequestSupport2	XUI_PRL_080_010_RequestSupport2	1702997441095	1702997444407	OK	 
GROUP	XUI_PRL_080_RequestSupport2	1702997440069	1702997444431	4334	OK
REQUEST	XUI_PRL_090_WhereFlagAdded2	XUI_PRL_090_005_WhereFlagAdded2	1702997444431	1702997444924	OK	 
REQUEST	XUI_PRL_090_WhereFlagAdded2	XUI_PRL_090_010_WhereFlagAdded2	1702997444926	1702997447343	OK	 
GROUP	XUI_PRL_090_WhereFlagAdded2	1702997444431	1702997447344	2910	OK
REQUEST	XUI_PRL_100_RequestSupportSubmit2	XUI_PRL_100_005_RequestSupportSubmit2	1702997447345	1702997450208	OK	 
GROUP	XUI_PRL_100_RequestSupportSubmit2	1702997447344	1702997450213	2863	OK
REQUEST	XUI_PRL_080_RequestSupport3	XUI_PRL_080_005_RequestSupport3	1702997450213	1702997452134	OK	 
REQUEST	XUI_PRL_080_RequestSupport3	XUI_PRL_080_010_RequestSupport3	1702997452136	1702997454266	OK	 
GROUP	XUI_PRL_080_RequestSupport3	1702997450213	1702997454283	4051	OK
REQUEST	XUI_PRL_090_WhereFlagAdded3	XUI_PRL_090_005_WhereFlagAdded3	1702997454283	1702997454836	OK	 
REQUEST	XUI_PRL_090_WhereFlagAdded3	XUI_PRL_090_010_WhereFlagAdded3	1702997454837	1702997455750	OK	 
GROUP	XUI_PRL_090_WhereFlagAdded3	1702997454283	1702997455750	1466	OK
REQUEST	XUI_PRL_100_RequestSupportSubmit3	XUI_PRL_100_005_RequestSupportSubmit2	1702997455751	1702997458090	OK	 
GROUP	XUI_PRL_100_RequestSupportSubmit3	1702997455750	1702997458093	2339	OK
REQUEST	XUI_PRL_080_RequestSupport4	XUI_PRL_080_005_RequestSupport4	1702997458094	1702997459937	OK	 
REQUEST	XUI_PRL_080_RequestSupport4	XUI_PRL_080_010_RequestSupport4	1702997459938	1702997463769	OK	 
GROUP	XUI_PRL_080_RequestSupport4	1702997458093	1702997463781	5674	OK
REQUEST	XUI_PRL_090_WhereFlagAdded4	XUI_PRL_090_005_WhereFlagAdded4	1702997463781	1702997464383	OK	 
REQUEST	XUI_PRL_090_WhereFlagAdded4	XUI_PRL_090_010_WhereFlagAdded4	1702997464385	1702997464702	OK	 
GROUP	XUI_PRL_090_WhereFlagAdded4	1702997463781	1702997464703	919	OK
REQUEST	XUI_PRL_100_RequestSupportSubmit4	XUI_PRL_100_005_RequestSupportSubmit4	1702997464704	1702997466835	OK	 
GROUP	XUI_PRL_100_RequestSupportSubmit4	1702997464703	1702997466837	2131	OK
REQUEST	XUI_PRL_080_RequestSupport5	XUI_PRL_080_005_RequestSupport5	1702997466838	1702997467819	OK	 
REQUEST	XUI_PRL_080_RequestSupport5	XUI_PRL_080_010_RequestSupport5	1702997467821	1702997470189	OK	 
GROUP	XUI_PRL_080_RequestSupport5	1702997466837	1702997470203	3349	OK
REQUEST	XUI_PRL_090_WhereFlagAdded5	XUI_PRL_090_005_WhereFlagAdded5	1702997470203	1702997470423	OK	 
REQUEST	XUI_PRL_090_WhereFlagAdded5	XUI_PRL_090_010_WhereFlagAdded5	1702997470424	1702997470832	OK	 
GROUP	XUI_PRL_090_WhereFlagAdded5	1702997470203	1702997470833	628	OK
REQUEST	XUI_PRL_100_RequestSupportSubmit5	XUI_PRL_100_005_RequestSupportSubmit4	1702997470834	1702997472892	OK	 
GROUP	XUI_PRL_100_RequestSupportSubmit5	1702997470833	1702997472895	2058	OK
GROUP	XUI_PRL_030_CreateCaseStart	1702997472895	1702997472895	0	OK
REQUEST	XUI_PRL_040_ManageSupport	XUI_PRL_040_005_RequestSupport	1702997472896	1702997473314	OK	 
REQUEST	XUI_PRL_040_ManageSupport	XUI_PRL_040_010_RequestSupport	1702997473315	1702997476817	OK	 
GROUP	XUI_PRL_040_ManageSupport	1702997472895	1702997476830	3920	OK
REQUEST	XUI_PRL_070_ManageSupportSubmitSol	XUI_PRL_070_005_ManageSupportSubmitSol	1702997476830	1702997478985	OK	 
GROUP	XUI_PRL_070_ManageSupportSubmitSol	1702997476830	1702997478988	2155	OK
REQUEST	XUI_010_Homepage	XUI_010_005_Homepage	1702997478989	1702997479023	OK	 
REQUEST	XUI_010_Homepage	XUI_Common_000_ConfigurationUI	1702997494055	1702997494085	OK	 
REQUEST	XUI_010_Homepage	XUI_Common_000_ConfigJson	1702997494087	1702997494126	OK	 
REQUEST	XUI_010_Homepage	XUI_Common_000_TsAndCs	1702997494129	1702997494159	OK	 
REQUEST	XUI_010_Homepage	XUI_Common_000_ConfigUI	1702997494160	1702997494256	OK	 
REQUEST	XUI_010_Homepage	XUI_Common_000_UserDetails	1702997494258	1702997494326	OK	 
REQUEST	XUI_010_Homepage	XUI_Common_000_IsAuthenticated	1702997494326	1702997494352	OK	 
REQUEST	XUI_010_Homepage	XUI_010_010_AuthLogin	1702997494354	1702997494384	OK	 
REQUEST	XUI_010_Homepage	XUI_010_010_AuthLogin Redirect 1	1702997494385	1702997494844	OK	 
REQUEST	XUI_010_Homepage	XUI_010_010_AuthLogin Redirect 2	1702997494845	1702997494913	OK	 
GROUP	XUI_010_Homepage	1702997478989	1702997496458	17449	OK
REQUEST	XUI_020_LoginCa	XUI_020_005_LoginCa	1702997496459	1702997496797	OK	 
REQUEST	XUI_020_LoginCa	XUI_020_005_LoginCa Redirect 1	1702997496799	1702997497517	OK	 
REQUEST	XUI_020_LoginCa	XUI_020_005_LoginCa Redirect 2	1702997497519	1702997497573	OK	 
REQUEST	XUI_020_LoginCa	XUI_Common_000_ConfigurationUI	1702997512713	1702997512746	OK	 
REQUEST	XUI_020_LoginCa	XUI_Common_000_ConfigJson	1702997512748	1702997512833	OK	 
REQUEST	XUI_020_LoginCa	XUI_Common_000_TsAndCs	1702997512835	1702997512893	OK	 
REQUEST	XUI_020_LoginCa	XUI_Common_000_ConfigUI	1702997512895	1702997512977	OK	 
REQUEST	XUI_020_LoginCa	XUI_Common_000_UserDetails	1702997512979	1702997513628	OK	 
REQUEST	XUI_020_LoginCa	XUI_Common_000_IsAuthenticated	1702997513630	1702997513664	OK	 
REQUEST	XUI_020_LoginCa	XUI_Common_000_MonitoringTools	1702997513665	1702997513709	OK	 
GROUP	XUI_020_LoginCa	1702997496458	1702997513709	17232	OK
GROUP	XUI_PRL_030_CreateCaseStart	1702997513710	1702997513710	0	OK
REQUEST	XUI_PRL_040_ManageSupportFlags	XUI_PRL_040_005_ManageSupportFlags	1702997513713	1702997515583	OK	 
REQUEST	XUI_PRL_040_ManageSupportFlags	XUI_PRL_040_010_RequestSupport	1702997515585	1702997522271	OK	 
GROUP	XUI_PRL_040_ManageSupportFlags	1702997513710	1702997522380	8556	OK
REQUEST	XUI_PRL_050_SubmitSupportChange	XUI_PRL_050_005_SubmitSupportChange	1702997522381	1702997524600	OK	 
GROUP	XUI_PRL_050_SubmitSupportChange	1702997522380	1702997524600	2219	OK
GROUP	XUI_PRL_030_CreateCaseStart	1702997524600	1702997524601	0	OK
REQUEST	XUI_PRL_040_CreateFlag	XUI_PRL_040_005_CreateFlag	1702997524602	1702997525777	OK	 
REQUEST	XUI_PRL_040_CreateFlag	XUI_PRL_040_010_CreateFlag	1702997525778	1702997529795	OK	 
GROUP	XUI_PRL_040_CreateFlag	1702997524601	1702997529812	5192	OK
REQUEST	XUI_PRL_050_CreateFlag	XUI_PRL_050_005_CreateFlag	1702997529812	1702997530155	OK	 
REQUEST	XUI_PRL_050_CreateFlag	XUI_PRL_050_010_CreateFlag	1702997530157	1702997530893	OK	 
GROUP	XUI_PRL_050_CreateFlag	1702997529812	1702997530894	1079	OK
REQUEST	XUI_PRL_060_CreateFlag	XUI_PRL_060_005_CreateFlag	1702997530894	1702997533342	OK	 
GROUP	XUI_PRL_060_CreateFlag	1702997530894	1702997533345	2448	OK
USER	***** PRL Case Flags 2.1 Journey *****	END	1702997533349
