ASSERTION	AAECAAIFAAAAAAAAAFlA
RUN	simulations.PRL_Simulation	prl-simulation	1697543356418	 	3.9.5
USER	***** Private Law Create Case *****	START	1697543356800
REQUEST	XUI_010_Homepage	XUI_010_005_Homepage	1697543356819	1697543356928	OK	 
REQUEST	XUI_010_Homepage	XUI_Common_000_ConfigurationUI	1697543359397	1697543359457	OK	 
REQUEST	XUI_010_Homepage	XUI_Common_000_ConfigJson	1697543359459	1697543359471	OK	 
REQUEST	XUI_010_Homepage	XUI_Common_000_TsAndCs	1697543359471	1697543359509	OK	 
REQUEST	XUI_010_Homepage	XUI_Common_000_ConfigUI	1697543359510	1697543359562	OK	 
REQUEST	XUI_010_Homepage	XUI_Common_000_UserDetails	1697543359563	1697543359872	OK	 
REQUEST	XUI_010_Homepage	XUI_Common_000_IsAuthenticated	1697543359873	1697543360028	OK	 
REQUEST	XUI_010_Homepage	XUI_010_010_AuthLogin	1697543360033	1697543360099	OK	 
REQUEST	XUI_010_Homepage	XUI_010_010_AuthLogin Redirect 1	1697543360104	1697543360219	OK	 
REQUEST	XUI_010_Homepage	XUI_010_010_AuthLogin Redirect 2	1697543360222	1697543360276	OK	 
GROUP	XUI_010_Homepage	1697543356801	1697543360463	3565	OK
REQUEST	XUI_020_Login	XUI_020_005_Login	1697543360465	1697543360982	OK	 
REQUEST	XUI_020_Login	XUI_020_005_Login Redirect 1	1697543360983	1697543362930	OK	 
REQUEST	XUI_020_Login	XUI_020_005_Login Redirect 2	1697543362935	1697543362963	OK	 
REQUEST	XUI_020_Login	XUI_Common_000_ConfigurationUI	1697543363461	1697543363620	OK	 
REQUEST	XUI_020_Login	XUI_Common_000_ConfigJson	1697543363622	1697543363633	OK	 
REQUEST	XUI_020_Login	XUI_Common_000_TsAndCs	1697543363634	1697543363673	OK	 
REQUEST	XUI_020_Login	XUI_Common_000_ConfigUI	1697543363675	1697543363850	OK	 
REQUEST	XUI_020_Login	XUI_Common_000_UserDetails	1697543363851	1697543364453	OK	 
REQUEST	XUI_020_Login	XUI_Common_000_IsAuthenticated	1697543364456	1697543364487	OK	 
REQUEST	XUI_020_Login	XUI_Common_000_MonitoringTools	1697543364493	1697543364577	OK	 
GROUP	XUI_020_Login	1697543360463	1697543364600	4089	OK
REQUEST	XUI_PRL_030_CreateCaseStart	XUI_PRL_030_005_CreateCaseStart	1697543364604	1697543367544	OK	 
GROUP	XUI_PRL_030_CreateCaseStart	1697543364601	1697543367552	2940	OK
REQUEST	XUI_PRL_031_Type_Of_Application	XUI_PRL_031_005_Type_Of_Application	1697543367555	1697543368903	OK	 
GROUP	XUI_PRL_031_Type_Of_Application	1697543367552	1697543368904	1348	OK
REQUEST	XUI_PRL_032_ApplicationCheckYourAnswers	XUI_PRL_032_005_ApplicationCheckYourAnswers	1697543368904	1697543379647	OK	 
GROUP	XUI_PRL_032_ApplicationCheckYourAnswers	1697543368904	1697543379669	10743	OK
REQUEST	XUI_PRL_033_ApplicationDetails	XUI_PRL_033_005_ApplicationDetails	1697543379669	1697543381004	OK	 
GROUP	XUI_PRL_033_ApplicationDetails	1697543379669	1697543381059	1335	OK
REQUEST	XUI_PRL_034_EnterApplicationDetails	XUI_PRL_034_005_EnterApplicationDetails	1697543381059	1697543381714	OK	 
GROUP	XUI_PRL_034_EnterApplicationDetails	1697543381059	1697543381715	655	OK
REQUEST	XUI_PRL_035_SubmitApplicationDetails	XUI_PRL_035_005_SubmitApplicationDetails	1697543381718	1697543390201	OK	 
GROUP	XUI_PRL_035_SubmitApplicationDetails	1697543381715	1697543390203	8483	OK
REQUEST	XUI_PRL_036_SubmitAndPay	XUI_PRL_036_005_SubmitAndPay	1697543390205	1697543402877	OK	 
GROUP	XUI_PRL_036_SubmitAndPay	1697543390203	1697543402884	12672	OK
REQUEST	XUI_PRL_037_ConfidentialityStatement	XUI_PRL_037_005_ConfidentialityStatement	1697543402885	1697543403798	OK	 
GROUP	XUI_PRL_037_ConfidentialityStatement	1697543402884	1697543403800	913	OK
REQUEST	XUI_PRL_038_Declaration	XUI_PRL_038_005_Declaration	1697543403801	1697543405625	OK	 
GROUP	XUI_PRL_038_Declaration	1697543403800	1697543405627	1824	OK
REQUEST	XUI_PRL_039_Continue	XUI_PRL_039_005_Continue	1697543405630	1697543406416	OK	 
GROUP	XUI_PRL_039_Continue	1697543405627	1697543406417	786	OK
REQUEST	XUI_PRL_040_DummyPaymentConfirmation 	XUI_PRL_040_005_DummyPaymentConfirmation 	1697543406418	1697543407739	KO	status.find.in([200, 209], 304), found 422
GROUP	XUI_PRL_040_DummyPaymentConfirmation 	1697543406417	1697543407748	1321	KO
USER	***** Private Law Create Case *****	END	1697543407761
