ASSERTION	AAECAAIFAAAAAAAAAFlA
RUN	simulations.PRL_Simulation	prl-simulation	1713461897462	 	3.9.5
USER	***** PRL CUI RA Journey *****	START	1713461898222
REQUEST	PRL_CitizenC100_010_PRLHome	PRL_CitizenC100_010_005_PRLHome	1713461898232	1713461898414	OK	 
REQUEST	PRL_CitizenC100_010_PRLHome	PRL_CitizenC100_010_005_PRLHome Redirect 1	1713461898421	1713461898488	OK	 
REQUEST	PRL_CitizenC100_010_PRLHome	PRL_CitizenC100_010_005_PRLHome Redirect 2	1713461898488	1713461898552	OK	 
REQUEST	PRL_CitizenC100_010_PRLHome	PRL_CitizenC100_010_005_PRLHome Redirect 3	1713461898553	1713461898723	OK	 
GROUP	PRL_CitizenC100_010_PRLHome	1713461898222	1713461899029	742	OK
REQUEST	PRL_CitizenC100_020_Login	PRL_CitizenC100_020_005_Login	1713461899031	1713461899133	OK	 
REQUEST	PRL_CitizenC100_020_Login	PRL_CitizenC100_020_005_Login Redirect 1	1713461899134	1713461899567	OK	 
REQUEST	PRL_CitizenC100_020_Login	PRL_CitizenC100_020_005_Login Redirect 2	1713461899569	1713461901608	OK	 
GROUP	PRL_CitizenC100_020_Login	1713461899030	1713461901874	2832	OK
REQUEST	PRL_CitizenC100_CUIRA_030_SelectCase	PRL_CitizenC100_CUIRA_030_SelectCase	1713461901875	1713461905897	OK	 
REQUEST	PRL_CitizenC100_CUIRA_030_SelectCase	PRL_CitizenC100_CUIRA_030_SelectCase Redirect 1	1713461905898	1713461906031	OK	 
GROUP	PRL_CitizenC100_CUIRA_030_SelectCase	1713461901874	1713461906181	4298	OK
REQUEST	PRL_CitizenC100_CUIRA_030_005_SelectCase	PRL_CitizenC100_CUIRA_030_005_SelectCase	1713461906182	1713461906294	OK	 
GROUP	PRL_CitizenC100_CUIRA_030_005_SelectCase	1713461906181	1713461906403	219	OK
REQUEST	PRL_CitizenC100_CUIRA_040_RAIntro	PRL_CitizenC100_CUIRA_040_RAIntro	1713461906404	1713461907319	OK	 
GROUP	PRL_CitizenC100_CUIRA_040_RAIntro	1713461906403	1713461907462	1055	OK
REQUEST	PRL_CitizenC100_CUIRA_050_RAIntro	PRL_CitizenC100_CUIRA_050_RAIntro	1713461907463	1713461907526	OK	 
REQUEST	PRL_CitizenC100_CUIRA_050_RAIntro	PRL_CitizenC100_CUIRA_050_RAIntro Redirect 1	1713461907528	1713461907596	OK	 
REQUEST	PRL_CitizenC100_CUIRA_050_RAIntro	PRL_CitizenC100_CUIRA_050_RAIntro Redirect 2	1713461907597	1713461908523	KO	substring(language-requirements-and-special-arrangements).find.exists, found nothing
GROUP	PRL_CitizenC100_CUIRA_050_RAIntro	1713461907462	1713461908534	1057	KO
USER	***** PRL CUI RA Journey *****	END	1713461908537
