ASSERTION	AAECAAIFAAAAAAAAAFlA
RUN	simulations.PRL_Simulation	prl-simulation	1711639486019	 	3.9.5
USER	***** PRL Citizen Journey *****	START	1711639486595
REQUEST	PRL_CitizenC100_010_PRLHome	PRL_CitizenC100_010_005_PRLHome	1711639486615	1711639486822	OK	 
REQUEST	PRL_CitizenC100_010_PRLHome	PRL_CitizenC100_010_005_PRLHome Redirect 1	1711639486830	1711639486974	OK	 
REQUEST	PRL_CitizenC100_010_PRLHome	PRL_CitizenC100_010_005_PRLHome Redirect 2	1711639486974	1711639487092	OK	 
REQUEST	PRL_CitizenC100_010_PRLHome	PRL_CitizenC100_010_005_PRLHome Redirect 3	1711639487093	1711639487236	OK	 
GROUP	PRL_CitizenC100_010_PRLHome	1711639486596	1711639487484	806	OK
REQUEST	PRL_CitizenC100_020_Login	PRL_CitizenC100_020_005_Login	1711639487486	1711639487653	OK	 
REQUEST	PRL_CitizenC100_020_Login	PRL_CitizenC100_020_005_Login Redirect 1	1711639487654	1711639488158	OK	 
REQUEST	PRL_CitizenC100_020_Login	PRL_CitizenC100_020_005_Login Redirect 2	1711639488158	1711639505932	OK	 
GROUP	PRL_CitizenC100_020_Login	1711639487484	1711639506245	18753	OK
REQUEST	PRL_CitizenC100_025_ChildArrangementsApplication	PRL_CitizenC100_025_005_ChildArrangementsApplication	1711639506245	1711639506978	OK	 
GROUP	PRL_CitizenC100_025_ChildArrangementsApplication	1711639506245	1711639507135	887	OK
REQUEST	PRL_CitizenC100_030_StartApplication	PRL_CitizenC100_030_005_StartApplication	1711639507135	1711639507614	OK	 
GROUP	PRL_CitizenC100_030_StartApplication	1711639507135	1711639507745	608	OK
REQUEST	PRL_CitizenC100_040_WhatYouWillNeed	PRL_CitizenC100_040_005_WhatYouWillNeed	1711639507746	1711639519698	OK	 
REQUEST	PRL_CitizenC100_040_WhatYouWillNeed	PRL_CitizenC100_040_005_WhatYouWillNeed Redirect 1	1711639519698	1711639519907	OK	 
GROUP	PRL_CitizenC100_040_WhatYouWillNeed	1711639507745	1711639520074	12324	OK
REQUEST	PRL_CitizenC100_060_ChildrenPostCode	PRL_CitizenC100_060_005_ChildrenPostCode	1711639520075	1711639520163	OK	 
REQUEST	PRL_CitizenC100_060_ChildrenPostCode	PRL_CitizenC100_060_005_ChildrenPostCode Redirect 1	1711639520163	1711639520512	OK	 
GROUP	PRL_CitizenC100_060_ChildrenPostCode	1711639520074	1711639520650	574	OK
REQUEST	PRL_CitizenC100_070_WrittenAgreement	PRL_CitizenC100_070_005_WrittenAgreement	1711639520651	1711639520735	OK	 
REQUEST	PRL_CitizenC100_070_WrittenAgreement	PRL_CitizenC100_070_005_WrittenAgreement Redirect 1	1711639520735	1711639520792	OK	 
GROUP	PRL_CitizenC100_070_WrittenAgreement	1711639520650	1711639520925	272	OK
REQUEST	PRL_CitizenC100_080_BeforeCourt	PRL_CitizenC100_080_005_BeforeCourt	1711639520925	1711639520967	OK	 
REQUEST	PRL_CitizenC100_080_BeforeCourt	PRL_CitizenC100_080_005_BeforeCourt Redirect 1	1711639520968	1711639521135	OK	 
GROUP	PRL_CitizenC100_080_BeforeCourt	1711639520925	1711639521262	334	OK
REQUEST	PRL_CitizenC100_090_ReachAgreement	PRL_CitizenC100_090_005_ReachAgreement	1711639521263	1711639521335	OK	 
REQUEST	PRL_CitizenC100_090_ReachAgreement	PRL_CitizenC100_090_005_ReachAgreement Redirect 1	1711639521336	1711639521494	OK	 
GROUP	PRL_CitizenC100_090_ReachAgreement	1711639521262	1711639521615	350	OK
REQUEST	PRL_CitizenC100_100_LegalRep	PRL_CitizenC100_100_005_LegalRep	1711639521615	1711639521681	OK	 
REQUEST	PRL_CitizenC100_100_LegalRep	PRL_CitizenC100_100_005_LegalRep Redirect 1	1711639521682	1711639521878	OK	 
GROUP	PRL_CitizenC100_100_LegalRep	1711639521615	1711639522000	382	OK
REQUEST	PRL_CitizenC100_110_PermissionFromCourt	PRL_CitizenC100_110_005_PermissionFromCourt	1711639522000	1711639522043	OK	 
REQUEST	PRL_CitizenC100_110_PermissionFromCourt	PRL_CitizenC100_110_005_PermissionFromCourt Redirect 1	1711639522043	1711639522122	OK	 
GROUP	PRL_CitizenC100_110_PermissionFromCourt	1711639522000	1711639522238	236	OK
REQUEST	PRL_CitizenC100_120_WhyPermissionFromCourt	PRL_CitizenC100_120_005_WhyPermissionFromCourt	1711639522239	1711639522296	OK	 
REQUEST	PRL_CitizenC100_120_WhyPermissionFromCourt	PRL_CitizenC100_120_005_WhyPermissionFromCourt Redirect 1	1711639522297	1711639522463	OK	 
GROUP	PRL_CitizenC100_120_WhyPermissionFromCourt	1711639522238	1711639522585	343	OK
REQUEST	PRL_CitizenC100_130_WhyCourtShouldGrant	PRL_CitizenC100_130_005_WhyCourtShouldGrant	1711639522586	1711639522624	OK	 
REQUEST	PRL_CitizenC100_130_WhyCourtShouldGrant	PRL_CitizenC100_130_005_WhyCourtShouldGrant Redirect 1	1711639522625	1711639522763	OK	 
GROUP	PRL_CitizenC100_130_WhyCourtShouldGrant	1711639522585	1711639522883	294	OK
REQUEST	PRL_CitizenC100_140_InvolvedInEmergencyProtection	PRL_CitizenC100_140_005_InvolvedInEmergencyProtection	1711639522884	1711639522928	OK	 
REQUEST	PRL_CitizenC100_140_InvolvedInEmergencyProtection	PRL_CitizenC100_140_005_InvolvedInEmergencyProtection Redirect 1	1711639522928	1711639523047	OK	 
GROUP	PRL_CitizenC100_140_InvolvedInEmergencyProtection	1711639522883	1711639523163	277	OK
REQUEST	PRL_CitizenC100_150_AttendingMIAM	PRL_CitizenC100_150_005_AttendingMIAM	1711639523163	1711639523222	OK	 
REQUEST	PRL_CitizenC100_150_AttendingMIAM	PRL_CitizenC100_150_005_AttendingMIAM Redirect 1	1711639523223	1711639523278	OK	 
GROUP	PRL_CitizenC100_150_AttendingMIAM	1711639523163	1711639523392	227	OK
REQUEST	PRL_CitizenC100_160_AttendedMIAM	PRL_CitizenC100_160_005_AttendedMIAM	1711639523392	1711639523434	OK	 
REQUEST	PRL_CitizenC100_160_AttendedMIAM	PRL_CitizenC100_160_005_AttendedMIAM Redirect 1	1711639523435	1711639523487	OK	 
GROUP	PRL_CitizenC100_160_AttendedMIAM	1711639523392	1711639523603	209	OK
REQUEST	PRL_CitizenC100_170_DocumentSigned	PRL_CitizenC100_170_005_DocumentSigned	1711639523605	1711639523650	OK	 
REQUEST	PRL_CitizenC100_170_DocumentSigned	PRL_CitizenC100_170_005_DocumentSigned Redirect 1	1711639523650	1711639523802	OK	 
GROUP	PRL_CitizenC100_170_DocumentSigned	1711639523603	1711639523919	311	OK
REQUEST	PRL_CitizenC100_180_MIAMUpload	PRL_CitizenC100_180_005_MIAMUpload	1711639523932	1711639527684	OK	 
REQUEST	PRL_CitizenC100_180_MIAMUpload	PRL_CitizenC100_180_005_MIAMUpload Redirect 1	1711639527685	1711639527858	OK	 
GROUP	PRL_CitizenC100_180_MIAMUpload	1711639523920	1711639528026	4090	OK
REQUEST	PRL_CitizenC100_190_MIAMUploadSubmit	PRL_CitizenC100_190_005_MIAMUploadSubmit	1711639528027	1711639528073	OK	 
REQUEST	PRL_CitizenC100_190_MIAMUploadSubmit	PRL_CitizenC100_190_005_MIAMUploadSubmit Redirect 1	1711639528074	1711639528233	OK	 
GROUP	PRL_CitizenC100_190_MIAMUploadSubmit	1711639528026	1711639528355	325	OK
REQUEST	PRL_CitizenC100_200_MIAMUploadContinue	PRL_CitizenC100_200_005_MIAMUploadContinue	1711639528355	1711639528398	OK	 
REQUEST	PRL_CitizenC100_200_MIAMUploadContinue	PRL_CitizenC100_200_005_MIAMUploadContinue Redirect 1	1711639528399	1711639528536	OK	 
GROUP	PRL_CitizenC100_200_MIAMUploadContinue	1711639528355	1711639528670	312	OK
REQUEST	PRL_CitizenC100_210_AskingCourtToDo	PRL_CitizenC100_210_005_AskingCourtToDo	1711639528670	1711639528713	OK	 
REQUEST	PRL_CitizenC100_210_AskingCourtToDo	PRL_CitizenC100_210_005_AskingCourtToDo Redirect 1	1711639528714	1711639528825	OK	 
GROUP	PRL_CitizenC100_210_AskingCourtToDo	1711639528670	1711639528940	267	OK
REQUEST	PRL_CitizenC100_220_WouldLikeCourtTo	PRL_CitizenC100_220_005_WouldLikeCourtTo	1711639528940	1711639528981	OK	 
REQUEST	PRL_CitizenC100_220_WouldLikeCourtTo	PRL_CitizenC100_220_005_WouldLikeCourtTo Redirect 1	1711639528981	1711639529128	OK	 
GROUP	PRL_CitizenC100_220_WouldLikeCourtTo	1711639528940	1711639529259	315	OK
REQUEST	PRL_CitizenC100_230_DescribeWhatCourt	PRL_CitizenC100_230_005_DescribeWhatCourt	1711639529259	1711639529312	OK	 
REQUEST	PRL_CitizenC100_230_DescribeWhatCourt	PRL_CitizenC100_230_005_DescribeWhatCourt Redirect 1	1711639529312	1711639529430	OK	 
GROUP	PRL_CitizenC100_230_DescribeWhatCourt	1711639529259	1711639529558	297	OK
REQUEST	PRL_CitizenC100_240_UrgentFirstHearing	PRL_CitizenC100_240_005_UrgentFirstHearing	1711639529558	1711639529599	OK	 
REQUEST	PRL_CitizenC100_240_UrgentFirstHearing	PRL_CitizenC100_240_005_UrgentFirstHearing Redirect 1	1711639529600	1711639529668	OK	 
GROUP	PRL_CitizenC100_240_UrgentFirstHearing	1711639529558	1711639529789	228	OK
REQUEST	PRL_CitizenC100_250_UrgentHearingDetails	PRL_CitizenC100_250_005_UrgentHearingDetails	1711639529789	1711639529835	OK	 
REQUEST	PRL_CitizenC100_250_UrgentHearingDetails	PRL_CitizenC100_250_005_UrgentHearingDetails Redirect 1	1711639529835	1711639529981	OK	 
GROUP	PRL_CitizenC100_250_UrgentHearingDetails	1711639529789	1711639530112	321	OK
REQUEST	PRL_CitizenC100_260_AskingForWithoutNotice	PRL_CitizenC100_260_005_AskingForWithoutNotice	1711639530113	1711639530153	OK	 
REQUEST	PRL_CitizenC100_260_AskingForWithoutNotice	PRL_CitizenC100_260_005_AskingForWithoutNotice Redirect 1	1711639530153	1711639530270	OK	 
GROUP	PRL_CitizenC100_260_AskingForWithoutNotice	1711639530113	1711639530403	289	OK
REQUEST	PRL_CitizenC100_270_WithoutNoticeDetails	PRL_CitizenC100_270_005_WithoutNoticeDetails	1711639530403	1711639530445	OK	 
REQUEST	PRL_CitizenC100_270_WithoutNoticeDetails	PRL_CitizenC100_270_005_WithoutNoticeDetails Redirect 1	1711639530445	1711639530558	OK	 
GROUP	PRL_CitizenC100_270_WithoutNoticeDetails	1711639530403	1711639530686	282	OK
REQUEST	PRL_CitizenC100_280_ChildrenName	PRL_CitizenC100_280_005_ChildrenName	1711639530687	1711639530726	OK	 
GROUP	PRL_CitizenC100_280_ChildrenName	1711639530686	1711639530728	39	OK
REQUEST	PRL_CitizenC100_285_ChildrenNameRedirect	PRL_CitizenC100_280_005_ChildrenName	1711639530728	1711639530864	OK	 
GROUP	PRL_CitizenC100_285_ChildrenNameRedirect	1711639530728	1711639530991	261	OK
REQUEST	PRL_CitizenC100_290_ChildDetails	PRL_CitizenC100_290_005_ChildDetails	1711639530991	1711639531038	OK	 
REQUEST	PRL_CitizenC100_290_ChildDetails	PRL_CitizenC100_290_005_ChildDetails Redirect 1	1711639531039	1711639531151	OK	 
GROUP	PRL_CitizenC100_290_ChildDetails	1711639530991	1711639531285	291	OK
REQUEST	PRL_CitizenC100_300_WhichDecision	PRL_CitizenC100_300_005_WhichDecision	1711639531286	1711639531329	OK	 
REQUEST	PRL_CitizenC100_300_WhichDecision	PRL_CitizenC100_300_005_WhichDecision Redirect 1	1711639531329	1711639531478	OK	 
GROUP	PRL_CitizenC100_300_WhichDecision	1711639531285	1711639531607	320	OK
REQUEST	PRL_CitizenC100_310_ParentalResponsibility	PRL_CitizenC100_310_005_ParentalResponsibility	1711639531608	1711639531652	OK	 
REQUEST	PRL_CitizenC100_310_ParentalResponsibility	PRL_CitizenC100_310_005_ParentalResponsibility Redirect 1	1711639531653	1711639531770	OK	 
GROUP	PRL_CitizenC100_310_ParentalResponsibility	1711639531607	1711639531913	303	OK
REQUEST	PRL_CitizenC100_320_FurtherInformation	PRL_CitizenC100_320_005_FurtherInformation	1711639531914	1711639531954	OK	 
REQUEST	PRL_CitizenC100_320_FurtherInformation	PRL_CitizenC100_320_005_FurtherInformation Redirect 1	1711639531955	1711639532087	OK	 
GROUP	PRL_CitizenC100_320_FurtherInformation	1711639531913	1711639532215	298	OK
REQUEST	PRL_CitizenC100_330_OtherChildren	PRL_CitizenC100_330_005_OtherChildren	1711639532216	1711639532271	OK	 
REQUEST	PRL_CitizenC100_330_OtherChildren	PRL_CitizenC100_330_005_OtherChildren Redirect 1	1711639532272	1711639532388	OK	 
GROUP	PRL_CitizenC100_330_OtherChildren	1711639532216	1711639532509	291	OK
REQUEST	PRL_CitizenC100_340_EnterYourName	PRL_CitizenC100_340_005_EnterYourName	1711639532510	1711639532551	OK	 
GROUP	PRL_CitizenC100_340_EnterYourName	1711639532509	1711639532551	41	OK
REQUEST	PRL_CitizenC100_345_EnterYourNameRedirect	PRL_CitizenC100_340_005_EnterYourName	1711639532552	1711639532672	OK	 
GROUP	PRL_CitizenC100_345_EnterYourNameRedirect	1711639532551	1711639532806	253	OK
REQUEST	PRL_CitizenC100_350_KnowContactDetails	PRL_CitizenC100_350_005_KnowContactDetails	1711639532806	1711639532851	OK	 
REQUEST	PRL_CitizenC100_350_KnowContactDetails	PRL_CitizenC100_350_005_KnowContactDetails Redirect 1	1711639532852	1711639533004	OK	 
GROUP	PRL_CitizenC100_350_KnowContactDetails	1711639532806	1711639533135	326	OK
REQUEST	PRL_CitizenC100_360_KeepDetailsPrivate	PRL_CitizenC100_360_005_KeepDetailsPrivate	1711639533136	1711639533181	OK	 
REQUEST	PRL_CitizenC100_360_KeepDetailsPrivate	PRL_CitizenC100_360_005_KeepDetailsPrivate Redirect 1	1711639533181	1711639533294	OK	 
GROUP	PRL_CitizenC100_360_KeepDetailsPrivate	1711639533136	1711639533422	285	OK
REQUEST	PRL_CitizenC100_370_KeepDetailsPrivateContinue	PRL_CitizenC100_370_005_KeepDetailsPrivateContinue	1711639533422	1711639533462	OK	 
REQUEST	PRL_CitizenC100_370_KeepDetailsPrivateContinue	PRL_CitizenC100_370_005_KeepDetailsPrivateContinue Redirect 1	1711639533462	1711639533598	OK	 
GROUP	PRL_CitizenC100_370_KeepDetailsPrivateContinue	1711639533422	1711639533727	304	OK
REQUEST	PRL_CitizenC100_380_ApplicantDetails	PRL_CitizenC100_380_005_ApplicantDetails	1711639533728	1711639533776	OK	 
REQUEST	PRL_CitizenC100_380_ApplicantDetails	PRL_CitizenC100_380_005_ApplicantDetails Redirect 1	1711639533776	1711639533936	OK	 
GROUP	PRL_CitizenC100_380_ApplicantDetails	1711639533727	1711639534066	336	OK
REQUEST	PRL_CitizenC100_390_ApplicantRelationship	PRL_CitizenC100_390_005_ApplicantRelationship	1711639534067	1711639534114	OK	 
REQUEST	PRL_CitizenC100_390_ApplicantRelationship	PRL_CitizenC100_390_005_ApplicantRelationship Redirect 1	1711639534114	1711639534268	OK	 
GROUP	PRL_CitizenC100_390_ApplicantRelationship	1711639534066	1711639534391	322	OK
REQUEST	PRL_CitizenC100_400_ApplicantPostcode	PRL_CitizenC100_400_005_ApplicantPostcode	1711639534392	1711639534954	OK	 
REQUEST	PRL_CitizenC100_400_ApplicantPostcode	PRL_CitizenC100_400_005_ApplicantPostcode Redirect 1	1711639534955	1711639535078	OK	 
GROUP	PRL_CitizenC100_400_ApplicantPostcode	1711639534391	1711639535219	823	OK
REQUEST	PRL_CitizenC100_410_ApplicantSelectAddress	PRL_CitizenC100_410_005_ApplicantSelectAddress	1711639535220	1711639535278	OK	 
REQUEST	PRL_CitizenC100_410_ApplicantSelectAddress	PRL_CitizenC100_410_005_ApplicantSelectAddress Redirect 1	1711639535279	1711639535403	OK	 
GROUP	PRL_CitizenC100_410_ApplicantSelectAddress	1711639535220	1711639535535	312	OK
REQUEST	PRL_CitizenC100_420_ApplicantAddress	PRL_CitizenC100_420_005_ApplicantAddress	1711639535535	1711639535576	OK	 
REQUEST	PRL_CitizenC100_420_ApplicantAddress	PRL_CitizenC100_420_005_ApplicantAddress Redirect 1	1711639535577	1711639535694	OK	 
GROUP	PRL_CitizenC100_420_ApplicantAddress	1711639535535	1711639535827	289	OK
REQUEST	PRL_CitizenC100_430_ApplicantContact	PRL_CitizenC100_430_005_ApplicantContact	1711639535828	1711639535870	OK	 
REQUEST	PRL_CitizenC100_430_ApplicantContact	PRL_CitizenC100_430_005_ApplicantContact Redirect 1	1711639535870	1711639536022	OK	 
GROUP	PRL_CitizenC100_430_ApplicantContact	1711639535827	1711639536148	319	OK
REQUEST	PRL_CitizenC100_440_ApplicantContactPreference	PRL_CitizenC100_440_005_ApplicantContactPreference	1711639536148	1711639536194	OK	 
REQUEST	PRL_CitizenC100_440_ApplicantContactPreference	PRL_CitizenC100_440_005_ApplicantContactPreference Redirect 1	1711639536194	1711639536312	OK	 
GROUP	PRL_CitizenC100_440_ApplicantContactPreference	1711639536148	1711639536440	291	OK
REQUEST	PRL_CitizenC100_450_RespondentName	PRL_CitizenC100_450_005_RespondentName	1711639536441	1711639536482	OK	 
GROUP	PRL_CitizenC100_450_RespondentName	1711639536441	1711639536483	41	OK
REQUEST	PRL_CitizenC100_460_RespondentNameRedirect	PRL_CitizenC100_460_005_RespondentNameRedirect	1711639536483	1711639536595	OK	 
GROUP	PRL_CitizenC100_460_RespondentNameRedirect	1711639536483	1711639536729	245	OK
REQUEST	PRL_CitizenC100_470_RespondentDetails	PRL_CitizenC100_470_005_RespondentDetails	1711639536730	1711639536776	OK	 
REQUEST	PRL_CitizenC100_470_RespondentDetails	PRL_CitizenC100_470_005_RespondentDetails Redirect 1	1711639536776	1711639536891	OK	 
GROUP	PRL_CitizenC100_470_RespondentDetails	1711639536729	1711639537021	290	OK
REQUEST	PRL_CitizenC100_480_RespondentRelationship	PRL_CitizenC100_480_005_RespondentRelationship	1711639537021	1711639537065	OK	 
REQUEST	PRL_CitizenC100_480_RespondentRelationship	PRL_CitizenC100_480_005_RespondentRelationship Redirect 1	1711639537066	1711639537179	OK	 
GROUP	PRL_CitizenC100_480_RespondentRelationship	1711639537021	1711639537305	279	OK
REQUEST	PRL_CitizenC100_490_RespondentPostcode	PRL_CitizenC100_490_005_RespondentPostcode	1711639537305	1711639537925	OK	 
REQUEST	PRL_CitizenC100_490_RespondentPostcode	PRL_CitizenC100_490_005_RespondentPostcode Redirect 1	1711639537926	1711639538041	OK	 
GROUP	PRL_CitizenC100_490_RespondentPostcode	1711639537305	1711639538182	874	OK
REQUEST	PRL_CitizenC100_500_RespondentSelectAddress	PRL_CitizenC100_500_005_RespondentSelectAddress	1711639538182	1711639538243	OK	 
REQUEST	PRL_CitizenC100_500_RespondentSelectAddress	PRL_CitizenC100_500_005_RespondentSelectAddress Redirect 1	1711639538243	1711639538364	OK	 
GROUP	PRL_CitizenC100_500_RespondentSelectAddress	1711639538182	1711639538493	309	OK
REQUEST	PRL_CitizenC100_510_RespondentAddress	PRL_CitizenC100_510_005_RespondentAddress	1711639538494	1711639538539	OK	 
REQUEST	PRL_CitizenC100_510_RespondentAddress	PRL_CitizenC100_510_005_RespondentAddress Redirect 1	1711639538539	1711639538714	OK	 
GROUP	PRL_CitizenC100_510_RespondentAddress	1711639538493	1711639538842	346	OK
REQUEST	PRL_CitizenC100_520_RespondentContact	PRL_CitizenC100_520_005_RespondentContact	1711639538843	1711639538888	OK	 
REQUEST	PRL_CitizenC100_520_RespondentContact	PRL_CitizenC100_520_005_RespondentContact Redirect 1	1711639538888	1711639539045	OK	 
GROUP	PRL_CitizenC100_520_RespondentContact	1711639538842	1711639539166	322	OK
REQUEST	PRL_CitizenC100_530_AnyoneElse	PRL_CitizenC100_530_005_AnyoneElse	1711639539167	1711639539216	OK	 
REQUEST	PRL_CitizenC100_530_AnyoneElse	PRL_CitizenC100_530_005_AnyoneElse Redirect 1	1711639539217	1711639539336	OK	 
GROUP	PRL_CitizenC100_530_AnyoneElse	1711639539167	1711639539460	291	OK
REQUEST	PRL_CitizenC100_540_ChildLiveWith	PRL_CitizenC100_540_005_ChildLiveWith	1711639539460	1711639539504	OK	 
REQUEST	PRL_CitizenC100_540_ChildLiveWith	PRL_CitizenC100_540_005_ChildLiveWith Redirect 1	1711639539505	1711639539649	OK	 
GROUP	PRL_CitizenC100_540_ChildLiveWith	1711639539460	1711639539778	315	OK
REQUEST	PRL_CitizenC100_550_InvolvedInCourt	PRL_CitizenC100_550_005_InvolvedInCourt	1711639539779	1711639539822	OK	 
REQUEST	PRL_CitizenC100_550_InvolvedInCourt	PRL_CitizenC100_550_005_InvolvedInCourt Redirect 1	1711639539822	1711639539940	OK	 
GROUP	PRL_CitizenC100_550_InvolvedInCourt	1711639539778	1711639540069	289	OK
REQUEST	PRL_CitizenC100_560_CourtCasesInfo	PRL_CitizenC100_560_005_CourtCasesInfo	1711639540069	1711639540115	OK	 
REQUEST	PRL_CitizenC100_560_CourtCasesInfo	PRL_CitizenC100_560_005_CourtCasesInfo Redirect 1	1711639540115	1711639540230	OK	 
GROUP	PRL_CitizenC100_560_CourtCasesInfo	1711639540069	1711639540359	289	OK
REQUEST	PRL_CitizenC100_570_DetailsOfCourtCases	PRL_CitizenC100_570_005_DetailsOfCourtCases	1711639540359	1711639540406	OK	 
REQUEST	PRL_CitizenC100_570_DetailsOfCourtCases	PRL_CitizenC100_570_005_DetailsOfCourtCases Redirect 1	1711639540406	1711639540510	OK	 
GROUP	PRL_CitizenC100_570_DetailsOfCourtCases	1711639540359	1711639540638	277	OK
REQUEST	PRL_CitizenC100_580_SafetyInfo	PRL_CitizenC100_580_005_SafetyInfo	1711639540638	1711639540681	OK	 
REQUEST	PRL_CitizenC100_580_SafetyInfo	PRL_CitizenC100_580_005_SafetyInfo Redirect 1	1711639540681	1711639540799	OK	 
GROUP	PRL_CitizenC100_580_SafetyInfo	1711639540638	1711639540929	289	OK
REQUEST	PRL_CitizenC100_590_SafetyConcerns	PRL_CitizenC100_590_005_SafetyConcerns	1711639540930	1711639540968	OK	 
REQUEST	PRL_CitizenC100_590_SafetyConcerns	PRL_CitizenC100_590_005_SafetyConcerns Redirect 1	1711639540968	1711639541081	OK	 
GROUP	PRL_CitizenC100_590_SafetyConcerns	1711639540929	1711639541208	277	OK
REQUEST	PRL_CitizenC100_600_ConcernedAbout	PRL_CitizenC100_600_005_ConcernedAbout	1711639541209	1711639541263	OK	 
REQUEST	PRL_CitizenC100_600_ConcernedAbout	PRL_CitizenC100_600_005_ConcernedAbout Redirect 1	1711639541264	1711639541369	OK	 
GROUP	PRL_CitizenC100_600_ConcernedAbout	1711639541209	1711639541486	274	OK
REQUEST	PRL_CitizenC100_610_TypeOfBehaviour	PRL_CitizenC100_610_005_TypeOfBehaviour	1711639541486	1711639541530	OK	 
REQUEST	PRL_CitizenC100_610_TypeOfBehaviour	PRL_CitizenC100_610_005_TypeOfBehaviour Redirect 1	1711639541530	1711639541653	OK	 
GROUP	PRL_CitizenC100_610_TypeOfBehaviour	1711639541486	1711639541780	293	OK
REQUEST	PRL_CitizenC100_620_DescribePyshicalAbuse	PRL_CitizenC100_620_005_DescribePyshicalAbuse	1711639541781	1711639541824	OK	 
REQUEST	PRL_CitizenC100_620_DescribePyshicalAbuse	PRL_CitizenC100_620_005_DescribePyshicalAbuse Redirect 1	1711639541824	1711639541986	OK	 
GROUP	PRL_CitizenC100_620_DescribePyshicalAbuse	1711639541780	1711639542105	323	OK
REQUEST	PRL_CitizenC100_630_ImpactedByDrug	PRL_CitizenC100_630_005_ImpactedByDrug	1711639542105	1711639542149	OK	 
REQUEST	PRL_CitizenC100_630_ImpactedByDrug	PRL_CitizenC100_630_005_ImpactedByDrug Redirect 1	1711639542149	1711639542262	OK	 
GROUP	PRL_CitizenC100_630_ImpactedByDrug	1711639542105	1711639542384	278	OK
REQUEST	PRL_CitizenC100_640_OtherConcerns	PRL_CitizenC100_640_005_OtherConcerns	1711639542384	1711639542427	OK	 
REQUEST	PRL_CitizenC100_640_OtherConcerns	PRL_CitizenC100_640_005_OtherConcerns Redirect 1	1711639542427	1711639542578	OK	 
GROUP	PRL_CitizenC100_640_OtherConcerns	1711639542384	1711639542712	327	OK
REQUEST	PRL_CitizenC100_650_KeepChildrenSafe	PRL_CitizenC100_650_005_KeepChildrenSafe	1711639542712	1711639542755	OK	 
REQUEST	PRL_CitizenC100_650_KeepChildrenSafe	PRL_CitizenC100_650_005_KeepChildrenSafe Redirect 1	1711639542755	1711639542885	OK	 
GROUP	PRL_CitizenC100_650_KeepChildrenSafe	1711639542712	1711639543012	299	OK
REQUEST	PRL_CitizenC100_660_ContactBetweenChildren	PRL_CitizenC100_660_005_ContactBetweenChildren	1711639543012	1711639543054	OK	 
REQUEST	PRL_CitizenC100_660_ContactBetweenChildren	PRL_CitizenC100_660_005_ContactBetweenChildren Redirect 1	1711639543054	1711639543175	OK	 
GROUP	PRL_CitizenC100_660_ContactBetweenChildren	1711639543012	1711639543302	289	OK
REQUEST	PRL_CitizenC100_670_ChildrenBasedOutsideEngland	PRL_CitizenC100_670_005_ChildrenBasedOutsideEngland	1711639543302	1711639543345	OK	 
REQUEST	PRL_CitizenC100_670_ChildrenBasedOutsideEngland	PRL_CitizenC100_670_005_ChildrenBasedOutsideEngland Redirect 1	1711639543346	1711639543458	OK	 
GROUP	PRL_CitizenC100_670_ChildrenBasedOutsideEngland	1711639543302	1711639543580	276	OK
REQUEST	PRL_CitizenC100_680_ParentsBasedOutsideEngland	PRL_CitizenC100_680_005_ParentsBasedOutsideEngland	1711639543580	1711639543619	OK	 
REQUEST	PRL_CitizenC100_680_ParentsBasedOutsideEngland	PRL_CitizenC100_680_005_ParentsBasedOutsideEngland Redirect 1	1711639543620	1711639543730	OK	 
GROUP	PRL_CitizenC100_680_ParentsBasedOutsideEngland	1711639543580	1711639543864	282	OK
REQUEST	PRL_CitizenC100_690_AnotherPersonApply	PRL_CitizenC100_690_005_AnotherPersonApply	1711639543864	1711639543908	OK	 
REQUEST	PRL_CitizenC100_690_AnotherPersonApply	PRL_CitizenC100_690_005_AnotherPersonApply Redirect 1	1711639543908	1711639544023	OK	 
GROUP	PRL_CitizenC100_690_AnotherPersonApply	1711639543864	1711639544155	290	OK
REQUEST	PRL_CitizenC100_700_AnotherCountryAsked	PRL_CitizenC100_700_005_AnotherCountryAsked	1711639544156	1711639544212	OK	 
REQUEST	PRL_CitizenC100_700_AnotherCountryAsked	PRL_CitizenC100_700_005_AnotherCountryAsked Redirect 1	1711639544212	1711639544332	OK	 
GROUP	PRL_CitizenC100_700_AnotherCountryAsked	1711639544155	1711639544460	303	OK
REQUEST	PRL_CitizenC100_710_TakePartInHearings	PRL_CitizenC100_710_005_TakePartInHearings	1711639544460	1711639544502	OK	 
REQUEST	PRL_CitizenC100_710_TakePartInHearings	PRL_CitizenC100_710_005_TakePartInHearings Redirect 1	1711639544503	1711639544650	OK	 
GROUP	PRL_CitizenC100_710_TakePartInHearings	1711639544460	1711639544780	317	OK
REQUEST	PRL_CitizenC100_720_LanguageRequirements	PRL_CitizenC100_720_005_LanguageRequirements	1711639544780	1711639544824	OK	 
REQUEST	PRL_CitizenC100_720_LanguageRequirements	PRL_CitizenC100_720_005_LanguageRequirements Redirect 1	1711639544824	1711639544938	OK	 
GROUP	PRL_CitizenC100_720_LanguageRequirements	1711639544780	1711639545070	289	OK
REQUEST	PRL_CitizenC100_730_SpecialArrangements	PRL_CitizenC100_730_005_SpecialArrangements	1711639545070	1711639545113	OK	 
REQUEST	PRL_CitizenC100_730_SpecialArrangements	PRL_CitizenC100_730_005_SpecialArrangements Redirect 1	1711639545114	1711639545228	OK	 
GROUP	PRL_CitizenC100_730_SpecialArrangements	1711639545070	1711639545356	284	OK
REQUEST	PRL_CitizenC100_740_NeedSupport	PRL_CitizenC100_740_005_NeedSupport	1711639545356	1711639545401	OK	 
REQUEST	PRL_CitizenC100_740_NeedSupport	PRL_CitizenC100_740_005_NeedSupport Redirect 1	1711639545401	1711639545519	OK	 
GROUP	PRL_CitizenC100_740_NeedSupport	1711639545356	1711639545649	292	OK
REQUEST	PRL_CitizenC100_750_DocumentsAlternativeFormat	PRL_CitizenC100_750_005_DocumentsAlternativeFormat	1711639545650	1711639545690	OK	 
REQUEST	PRL_CitizenC100_750_DocumentsAlternativeFormat	PRL_CitizenC100_750_005_DocumentsAlternativeFormat Redirect 1	1711639545690	1711639546323	OK	 
GROUP	PRL_CitizenC100_750_DocumentsAlternativeFormat	1711639545649	1711639546470	819	OK
REQUEST	PRL_CitizenC100_760_HelpWithPaying	PRL_CitizenC100_760_005_HelpWithPaying	1711639546471	1711639546514	OK	 
REQUEST	PRL_CitizenC100_760_HelpWithPaying	PRL_CitizenC100_760_005_HelpWithPaying Redirect 1	1711639546514	1711639547043	OK	 
GROUP	PRL_CitizenC100_760_HelpWithPaying	1711639546470	1711639547193	720	OK
REQUEST	PRL_CitizenC100_770_CheckYourAnswers	PRL_CitizenC100_770_005_CheckYourAnswers	1711639547194	1711639549710	KO	headerRegex((Location,https:\/\/card.payments.service.gov.uk\/secure\/(.{8}-.{4}-.{4}-.{4}-.{12}))).find.exists, found nothing
GROUP	PRL_CitizenC100_770_CheckYourAnswers	1711639547193	1711639549722	2516	KO
USER	***** PRL Citizen Journey *****	END	1711639549724
