ASSERTION	AAECAAIFAAAAAAAAAFlA
RUN	simulations.PRL_Simulation	prl-simulation	1697621003383	 	3.9.5
USER	***** Private Law Create Case *****	START	1697621003938
REQUEST	XUI_010_Homepage	XUI_010_005_Homepage	1697621003971	1697621004291	OK	 
REQUEST	XUI_010_Homepage	XUI_Common_000_ConfigurationUI	1697621004782	1697621005874	OK	 
REQUEST	XUI_010_Homepage	XUI_Common_000_ConfigJson	1697621005876	1697621005888	OK	 
REQUEST	XUI_010_Homepage	XUI_Common_000_TsAndCs	1697621005888	1697621005975	OK	 
REQUEST	XUI_010_Homepage	XUI_Common_000_ConfigUI	1697621005975	1697621007014	OK	 
REQUEST	XUI_010_Homepage	XUI_Common_000_UserDetails	1697621007015	1697621007319	OK	 
REQUEST	XUI_010_Homepage	XUI_Common_000_IsAuthenticated	1697621007320	1697621007585	OK	 
REQUEST	XUI_010_Homepage	XUI_010_010_AuthLogin	1697621007586	1697621007809	OK	 
REQUEST	XUI_010_Homepage	XUI_010_010_AuthLogin Redirect 1	1697621007810	1697621007986	OK	 
REQUEST	XUI_010_Homepage	XUI_010_010_AuthLogin Redirect 2	1697621007987	1697621008048	OK	 
GROUP	XUI_010_Homepage	1697621003945	1697621008311	4249	OK
REQUEST	XUI_020_Login	XUI_020_005_Login	1697621008314	1697621008993	OK	 
REQUEST	XUI_020_Login	XUI_020_005_Login Redirect 1	1697621008994	1697621010871	OK	 
REQUEST	XUI_020_Login	XUI_020_005_Login Redirect 2	1697621010872	1697621011074	OK	 
REQUEST	XUI_020_Login	XUI_Common_000_ConfigurationUI	1697621013030	1697621013968	OK	 
REQUEST	XUI_020_Login	XUI_Common_000_ConfigJson	1697621013969	1697621014007	OK	 
REQUEST	XUI_020_Login	XUI_Common_000_TsAndCs	1697621014008	1697621014295	OK	 
REQUEST	XUI_020_Login	XUI_Common_000_ConfigUI	1697621014295	1697621014358	OK	 
REQUEST	XUI_020_Login	XUI_Common_000_UserDetails	1697621014359	1697621015086	OK	 
REQUEST	XUI_020_Login	XUI_Common_000_IsAuthenticated	1697621015087	1697621015259	OK	 
REQUEST	XUI_020_Login	XUI_Common_000_MonitoringTools	1697621015260	1697621015336	OK	 
GROUP	XUI_020_Login	1697621008311	1697621015357	7013	OK
REQUEST	XUI_PRL_030_CreateCaseStart	XUI_PRL_030_005_CreateCaseStart	1697621015360	1697621017432	OK	 
GROUP	XUI_PRL_030_CreateCaseStart	1697621015358	1697621017439	2072	OK
REQUEST	XUI_PRL_031_Type_Of_Application	XUI_PRL_031_005_Type_Of_Application	1697621017440	1697621018552	OK	 
GROUP	XUI_PRL_031_Type_Of_Application	1697621017439	1697621018552	1112	OK
REQUEST	XUI_PRL_032_ApplicationCheckYourAnswers	XUI_PRL_032_005_ApplicationCheckYourAnswers	1697621018553	1697621029541	OK	 
GROUP	XUI_PRL_032_ApplicationCheckYourAnswers	1697621018553	1697621029565	10988	OK
REQUEST	XUI_PRL_033_ApplicationDetails	XUI_PRL_033_005_ApplicationDetails	1697621029565	1697621031783	OK	 
GROUP	XUI_PRL_033_ApplicationDetails	1697621029565	1697621031842	2218	OK
REQUEST	XUI_PRL_034_EnterApplicationDetails	XUI_PRL_034_005_EnterApplicationDetails	1697621031843	1697621032794	OK	 
GROUP	XUI_PRL_034_EnterApplicationDetails	1697621031842	1697621032794	951	OK
REQUEST	XUI_PRL_035_SubmitApplicationDetails	XUI_PRL_035_005_SubmitApplicationDetails	1697621032795	1697621040685	OK	 
GROUP	XUI_PRL_035_SubmitApplicationDetails	1697621032794	1697621040686	7890	OK
REQUEST	XUI_PRL_036_SubmitAndPay	XUI_PRL_036_005_SubmitAndPay	1697621040686	1697621049593	OK	 
GROUP	XUI_PRL_036_SubmitAndPay	1697621040686	1697621049610	8907	OK
REQUEST	XUI_PRL_037_ConfidentialityStatement	XUI_PRL_037_005_ConfidentialityStatement	1697621049612	1697621050597	OK	 
GROUP	XUI_PRL_037_ConfidentialityStatement	1697621049610	1697621050598	985	OK
REQUEST	XUI_PRL_038_Declaration	XUI_PRL_038_005_Declaration	1697621050598	1697621051116	OK	 
GROUP	XUI_PRL_038_Declaration	1697621050598	1697621051117	518	OK
REQUEST	XUI_PRL_039_Continue	XUI_PRL_039_005_Continue	1697621051117	1697621052056	OK	 
GROUP	XUI_PRL_039_Continue	1697621051117	1697621052056	939	OK
REQUEST	XUI_PRL_040_Continue	XUI_PRL_040_005_Continue	1697621052056	1697621053206	KO	status.find.in([200, 209], 304), found 404
GROUP	XUI_PRL_040_Continue	1697621052056	1697621053216	1150	KO
USER	***** Private Law Create Case *****	END	1697621053223
