ASSERTION	AAECAAIFAAAAAAAAAFlA
RUN	simulations.PRL_Simulation	prl-simulation	1713461193033	 	3.9.5
USER	***** PRL CUI RA Journey *****	START	1713461193753
REQUEST	PRL_CitizenC100_010_PRLHome	PRL_CitizenC100_010_005_PRLHome	1713461193764	1713461193976	OK	 
REQUEST	PRL_CitizenC100_010_PRLHome	PRL_CitizenC100_010_005_PRLHome Redirect 1	1713461193984	1713461194063	OK	 
REQUEST	PRL_CitizenC100_010_PRLHome	PRL_CitizenC100_010_005_PRLHome Redirect 2	1713461194063	1713461194145	OK	 
REQUEST	PRL_CitizenC100_010_PRLHome	PRL_CitizenC100_010_005_PRLHome Redirect 3	1713461194148	1713461194555	OK	 
GROUP	PRL_CitizenC100_010_PRLHome	1713461193754	1713461194870	1045	OK
REQUEST	PRL_CitizenC100_020_Login	PRL_CitizenC100_020_005_Login	1713461194872	1713461195007	OK	 
REQUEST	PRL_CitizenC100_020_Login	PRL_CitizenC100_020_005_Login Redirect 1	1713461195008	1713461195435	OK	 
REQUEST	PRL_CitizenC100_020_Login	PRL_CitizenC100_020_005_Login Redirect 2	1713461195435	1713461197505	OK	 
GROUP	PRL_CitizenC100_020_Login	1713461194870	1713461197743	2864	OK
REQUEST	PRL_CitizenC100_CUIRA_030_SelectCase	PRL_CitizenC100_CUIRA_030_SelectCase	1713461197744	1713461201271	OK	 
REQUEST	PRL_CitizenC100_CUIRA_030_SelectCase	PRL_CitizenC100_CUIRA_030_SelectCase Redirect 1	1713461201272	1713461201384	OK	 
GROUP	PRL_CitizenC100_CUIRA_030_SelectCase	1713461197743	1713461201552	3801	OK
REQUEST	PRL_CitizenC100_CUIRA_030_005_SelectCase	PRL_CitizenC100_CUIRA_030_005_SelectCase	1713461201553	1713461201657	OK	 
GROUP	PRL_CitizenC100_CUIRA_030_005_SelectCase	1713461201552	1713461201758	202	OK
REQUEST	PRL_CitizenC100_CUIRA_040_RAIntro	PRL_CitizenC100_CUIRA_040_RAIntro	1713461201759	1713461202695	OK	 
GROUP	PRL_CitizenC100_CUIRA_040_RAIntro	1713461201758	1713461202859	1092	OK
REQUEST	PRL_CitizenC100_CUIRA_050_RAIntro	PRL_CitizenC100_CUIRA_050_RAIntro	1713461202861	1713461202931	OK	 
REQUEST	PRL_CitizenC100_CUIRA_050_RAIntro	PRL_CitizenC100_CUIRA_050_RAIntro Redirect 1	1713461202935	1713461203005	OK	 
REQUEST	PRL_CitizenC100_CUIRA_050_RAIntro	PRL_CitizenC100_CUIRA_050_RAIntro Redirect 2	1713461203006	1713461204043	KO	substring(Child arrangements - Tell us if you need support - Private law - GOV.UK).find.exists, found nothing
GROUP	PRL_CitizenC100_CUIRA_050_RAIntro	1713461202859	1713461204063	1177	KO
USER	***** PRL CUI RA Journey *****	END	1713461204067
