ASSERTION	AAECAAIFAAAAAAAAAFlA
RUN	simulations.PRL_Simulation	prl-simulation	1706791136359	 	3.9.5
USER	***** PRL Citizen Journey *****	START	1706791137011
REQUEST	XUI_010_Homepage	XUI_010_005_Homepage	1706791137020	1706791137115	OK	 
REQUEST	XUI_010_Homepage	XUI_Common_000_ConfigurationUI	1706791138276	1706791138308	OK	 
REQUEST	XUI_010_Homepage	XUI_Common_000_ConfigJson	1706791138310	1706791138339	OK	 
REQUEST	XUI_010_Homepage	XUI_Common_000_TsAndCs	1706791138339	1706791138369	OK	 
REQUEST	XUI_010_Homepage	XUI_Common_000_ConfigUI	1706791138369	1706791138416	OK	 
REQUEST	XUI_010_Homepage	XUI_Common_000_UserDetails	1706791138416	1706791138458	OK	 
REQUEST	XUI_010_Homepage	XUI_Common_000_IsAuthenticated	1706791138476	1706791138500	OK	 
REQUEST	XUI_010_Homepage	XUI_010_010_AuthLogin	1706791138502	1706791138529	OK	 
REQUEST	XUI_010_Homepage	XUI_010_010_AuthLogin Redirect 1	1706791138531	1706791138622	OK	 
REQUEST	XUI_010_Homepage	XUI_010_010_AuthLogin Redirect 2	1706791138622	1706791138657	OK	 
GROUP	XUI_010_Homepage	1706791137012	1706791148773	11654	OK
REQUEST	XUI_020_Login	XUI_020_005_Login	1706791148777	1706791148929	OK	 
REQUEST	XUI_020_Login	XUI_020_005_Login Redirect 1	1706791148929	1706791149536	OK	 
REQUEST	XUI_020_Login	XUI_020_005_Login Redirect 2	1706791149537	1706791149572	OK	 
REQUEST	XUI_020_Login	XUI_Common_000_ConfigurationUI	1706791150605	1706791150637	OK	 
REQUEST	XUI_020_Login	XUI_Common_000_ConfigJson	1706791150638	1706791150675	OK	 
REQUEST	XUI_020_Login	XUI_Common_000_TsAndCs	1706791150676	1706791150717	OK	 
REQUEST	XUI_020_Login	XUI_Common_000_ConfigUI	1706791150717	1706791150750	OK	 
REQUEST	XUI_020_Login	XUI_Common_000_UserDetails	1706791150751	1706791151548	OK	 
REQUEST	XUI_020_Login	XUI_Common_000_IsAuthenticated	1706791151549	1706791151643	OK	 
REQUEST	XUI_020_Login	XUI_Common_000_MonitoringTools	1706791151644	1706791151702	OK	 
GROUP	XUI_020_Login	1706791148773	1706791151727	2917	OK
REQUEST	XUI_PRL_030_CreateCaseStart	XUI_PRL_030_005_CreateCaseStart	1706791151729	1706791172323	OK	 
GROUP	XUI_PRL_030_CreateCaseStart	1706791151728	1706791172361	20594	OK
REQUEST	XUI_PRL_031_Type_Of_Application	XUI_PRL_031_005_Type_Of_Application	1706791172365	1706791173414	OK	 
GROUP	XUI_PRL_031_Type_Of_Application	1706791172361	1706791173430	1049	OK
REQUEST	XUI_PRL_032_ApplicationCheckYourAnswers	XUI_PRL_032_005_ApplicationCheckYourAnswers	1706791173432	1706791187487	OK	 
GROUP	XUI_PRL_032_ApplicationCheckYourAnswers	1706791173431	1706791187527	14055	OK
REQUEST	XUI_PRL_033_ApplicationDetails	XUI_PRL_033_005_ApplicationDetails	1706791187528	1706791188726	OK	 
GROUP	XUI_PRL_033_ApplicationDetails	1706791187527	1706791188797	1198	OK
REQUEST	XUI_PRL_034_EnterApplicationDetails	XUI_PRL_034_005_EnterApplicationDetails	1706791188797	1706791189680	OK	 
GROUP	XUI_PRL_034_EnterApplicationDetails	1706791188797	1706791189682	883	OK
REQUEST	XUI_PRL_035_SubmitApplicationDetails	XUI_PRL_035_005_SubmitApplicationDetails	1706791189688	1706791195047	OK	 
GROUP	XUI_PRL_035_SubmitApplicationDetails	1706791189683	1706791195054	5359	OK
REQUEST	XUI_PRL_036_SubmitAndPay	XUI_PRL_036_005_SubmitAndPay	1706791195056	1706791202279	OK	 
GROUP	XUI_PRL_036_SubmitAndPay	1706791195055	1706791202288	7223	OK
REQUEST	XUI_PRL_037_ConfidentialityStatement	XUI_PRL_037_005_ConfidentialityStatement	1706791202289	1706791203350	OK	 
GROUP	XUI_PRL_037_ConfidentialityStatement	1706791202288	1706791203351	1061	OK
REQUEST	XUI_PRL_038_Declaration	XUI_PRL_038_005_Declaration	1706791203352	1706791204620	OK	 
GROUP	XUI_PRL_038_Declaration	1706791203351	1706791204623	1268	OK
REQUEST	XUI_PRL_039_Continue	XUI_PRL_039_005_Continue	1706791204626	1706791206247	OK	 
GROUP	XUI_PRL_039_Continue	1706791204623	1706791206248	1621	OK
REQUEST	XUI_PRL_040_Continue	XUI_PRL_039_005_Continue	1706791206249	1706791215813	OK	 
GROUP	XUI_PRL_040_Continue	1706791206248	1706791215834	9564	OK
REQUEST	XUI_PRL_041_DummyPaymentConfirmation 	XUI_PRL_041_005_DummyPaymentConfirmation 	1706791215835	1706791216668	OK	 
GROUP	XUI_PRL_041_DummyPaymentConfirmation 	1706791215834	1706791216672	833	OK
REQUEST	XUI_PRL_042_PaymentOption	XUI_PRL_042_005_PaymentOption	1706791216680	1706791217826	OK	 
GROUP	XUI_PRL_042_PaymentOption	1706791216672	1706791217839	1146	OK
REQUEST	XUI_PRL_043_PaymentOption	XUI_PRL_043_005_PaymentOption	1706791217839	1706791217986	OK	 
REQUEST	XUI_PRL_043_PaymentOption	XUI_PRL_043_005_PaymentOption Redirect 1	1706791217990	1706791218104	OK	 
GROUP	XUI_PRL_043_PaymentOption	1706791217839	1706791218275	421	OK
REQUEST	XUI_PRL_044_CardDetails	XUI_PRL_044_005_CardDetails	1706791218276	1706791218404	OK	 
REQUEST	XUI_PRL_044_CardDetails	XUI_PRL_044_005_CardDetails Redirect 1	1706791218404	1706791218459	OK	 
GROUP	XUI_PRL_044_CardDetails	1706791218275	1706791218466	184	OK
REQUEST	XUI_PRL_045_ConfirmPayment	XUI_PRL_045_005_ConfirmPayment	1706791218466	1706791218585	OK	 
REQUEST	XUI_PRL_045_ConfirmPayment	XUI_PRL_045_005_ConfirmPayment Redirect 1	1706791218587	1706791218630	OK	 
REQUEST	XUI_PRL_045_ConfirmPayment	XUI_PRL_045_005_ConfirmPayment Redirect 2	1706791218646	1706791221373	OK	 
GROUP	XUI_PRL_045_ConfirmPayment	1706791218466	1706791221563	3067	OK
USER	***** PRL Citizen Journey *****	END	1706791221573
