ASSERTION	AAECAAIFAAAAAAAAAFlA
RUN	simulations.PRL_Simulation	prl-simulation	1702998236202	 	3.9.5
USER	***** PRL Case Flags 2.1 Journey *****	START	1702998236601
REQUEST	XUI_010_Homepage	XUI_010_005_Homepage	1702998236612	1702998236771	OK	 
REQUEST	XUI_010_Homepage	XUI_Common_000_ConfigurationUI	1702998249256	1702998249316	OK	 
REQUEST	XUI_010_Homepage	XUI_Common_000_ConfigJson	1702998249319	1702998249414	OK	 
REQUEST	XUI_010_Homepage	XUI_Common_000_TsAndCs	1702998249418	1702998249462	OK	 
REQUEST	XUI_010_Homepage	XUI_Common_000_ConfigUI	1702998249463	1702998249503	OK	 
REQUEST	XUI_010_Homepage	XUI_Common_000_UserDetails	1702998249504	1702998249555	OK	 
REQUEST	XUI_010_Homepage	XUI_Common_000_IsAuthenticated	1702998249557	1702998249591	OK	 
REQUEST	XUI_010_Homepage	XUI_010_010_AuthLogin	1702998249594	1702998249967	OK	 
REQUEST	XUI_010_Homepage	XUI_010_010_AuthLogin Redirect 1	1702998249970	1702998250446	OK	 
REQUEST	XUI_010_Homepage	XUI_010_010_AuthLogin Redirect 2	1702998250448	1702998250591	OK	 
GROUP	XUI_010_Homepage	1702998236603	1702998252114	15414	OK
REQUEST	XUI_020_Login	XUI_020_005_Login	1702998252122	1702998252292	OK	 
REQUEST	XUI_020_Login	XUI_020_005_Login Redirect 1	1702998252294	1702998252901	OK	 
REQUEST	XUI_020_Login	XUI_020_005_Login Redirect 2	1702998252905	1702998253208	OK	 
REQUEST	XUI_020_Login	XUI_Common_000_ConfigurationUI	1702998264562	1702998264676	OK	 
REQUEST	XUI_020_Login	XUI_Common_000_ConfigJson	1702998264679	1702998264718	OK	 
REQUEST	XUI_020_Login	XUI_Common_000_TsAndCs	1702998264719	1702998264802	OK	 
REQUEST	XUI_020_Login	XUI_Common_000_ConfigUI	1702998264804	1702998264905	OK	 
REQUEST	XUI_020_Login	XUI_Common_000_UserDetails	1702998264908	1702998265274	OK	 
REQUEST	XUI_020_Login	XUI_Common_000_IsAuthenticated	1702998265276	1702998265314	OK	 
REQUEST	XUI_020_Login	XUI_Common_000_MonitoringTools	1702998265318	1702998265380	OK	 
GROUP	XUI_020_Login	1702998252114	1702998265404	13231	OK
GROUP	XUI_PRL_030_CreateCaseStart	1702998265405	1702998265407	0	OK
REQUEST	XUI_PRL_040_RequestSupport	XUI_PRL_040_005_RequestSupport	1702998265407	1702998266758	OK	 
REQUEST	XUI_PRL_040_RequestSupport	XUI_PRL_040_010_RequestSupport	1702998266758	1702998267743	KO	status.find.in([200, 209], 304), found 404
GROUP	XUI_PRL_040_RequestSupport	1702998265407	1702998267757	2336	KO
USER	***** PRL Case Flags 2.1 Journey *****	END	1702998267760
