ASSERTION	AAECAAIFAAAAAAAAAFlA
RUN	simulations.PRL_Simulation	prl-simulation	1697629260815	 	3.9.5
USER	***** Private Law Create Case *****	START	1697629261208
REQUEST	XUI_010_Homepage	XUI_010_005_Homepage	1697629261231	1697629264756	OK	 
REQUEST	XUI_010_Homepage	XUI_Common_000_ConfigurationUI	1697629282749	1697629283723	OK	 
REQUEST	XUI_010_Homepage	XUI_Common_000_ConfigJson	1697629283725	1697629283745	OK	 
REQUEST	XUI_010_Homepage	XUI_Common_000_TsAndCs	1697629283746	1697629284066	OK	 
REQUEST	XUI_010_Homepage	XUI_Common_000_ConfigUI	1697629284067	1697629285716	OK	 
REQUEST	XUI_010_Homepage	XUI_Common_000_UserDetails	1697629285716	1697629286131	OK	 
REQUEST	XUI_010_Homepage	XUI_Common_000_IsAuthenticated	1697629286132	1697629286638	OK	 
REQUEST	XUI_010_Homepage	XUI_010_010_AuthLogin	1697629286639	1697629288005	OK	 
REQUEST	XUI_010_Homepage	XUI_010_010_AuthLogin Redirect 1	1697629288007	1697629293340	OK	 
REQUEST	XUI_010_Homepage	XUI_010_010_AuthLogin Redirect 2	1697629293341	1697629294693	OK	 
GROUP	XUI_010_Homepage	1697629261209	1697629299061	37744	OK
REQUEST	XUI_020_Login	XUI_020_005_Login	1697629299063	1697629299460	OK	 
REQUEST	XUI_020_Login	XUI_020_005_Login Redirect 1	1697629299461	1697629300143	OK	 
REQUEST	XUI_020_Login	XUI_020_005_Login Redirect 2	1697629300145	1697629300265	OK	 
REQUEST	XUI_020_Login	XUI_Common_000_ConfigurationUI	1697629331773	1697629331841	OK	 
REQUEST	XUI_020_Login	XUI_Common_000_ConfigJson	1697629331842	1697629331875	OK	 
REQUEST	XUI_020_Login	XUI_Common_000_TsAndCs	1697629331876	1697629332386	OK	 
REQUEST	XUI_020_Login	XUI_Common_000_ConfigUI	1697629332386	1697629333326	OK	 
REQUEST	XUI_020_Login	XUI_Common_000_UserDetails	1697629333327	1697629334115	OK	 
REQUEST	XUI_020_Login	XUI_Common_000_IsAuthenticated	1697629334116	1697629334249	OK	 
REQUEST	XUI_020_Login	XUI_Common_000_MonitoringTools	1697629334250	1697629334301	OK	 
GROUP	XUI_020_Login	1697629299061	1697629334322	35227	OK
REQUEST	XUI_PRL_030_CreateCaseStart	XUI_PRL_030_005_CreateCaseStart	1697629334326	1697629336162	OK	 
GROUP	XUI_PRL_030_CreateCaseStart	1697629334324	1697629336169	1836	OK
REQUEST	XUI_PRL_031_Type_Of_Application	XUI_PRL_031_005_Type_Of_Application	1697629336171	1697629336892	OK	 
GROUP	XUI_PRL_031_Type_Of_Application	1697629336169	1697629336892	721	OK
REQUEST	XUI_PRL_032_ApplicationCheckYourAnswers	XUI_PRL_032_005_ApplicationCheckYourAnswers	1697629336893	1697629347051	OK	 
GROUP	XUI_PRL_032_ApplicationCheckYourAnswers	1697629336893	1697629347060	10158	OK
REQUEST	XUI_PRL_033_ApplicationDetails	XUI_PRL_033_005_ApplicationDetails	1697629347060	1697629375400	OK	 
GROUP	XUI_PRL_033_ApplicationDetails	1697629347060	1697629375437	28340	OK
REQUEST	XUI_PRL_034_EnterApplicationDetails	XUI_PRL_034_005_EnterApplicationDetails	1697629375437	1697629376249	OK	 
GROUP	XUI_PRL_034_EnterApplicationDetails	1697629375437	1697629376250	812	OK
REQUEST	XUI_PRL_035_SubmitApplicationDetails	XUI_PRL_035_005_SubmitApplicationDetails	1697629376250	1697629389529	OK	 
GROUP	XUI_PRL_035_SubmitApplicationDetails	1697629376250	1697629389530	13279	OK
REQUEST	XUI_PRL_036_SubmitAndPay	XUI_PRL_036_005_SubmitAndPay	1697629389530	1697629405830	OK	 
GROUP	XUI_PRL_036_SubmitAndPay	1697629389530	1697629405839	16300	OK
REQUEST	XUI_PRL_037_ConfidentialityStatement	XUI_PRL_037_005_ConfidentialityStatement	1697629405840	1697629408611	OK	 
GROUP	XUI_PRL_037_ConfidentialityStatement	1697629405839	1697629408611	2771	OK
REQUEST	XUI_PRL_038_Declaration	XUI_PRL_038_005_Declaration	1697629408612	1697629409721	OK	 
GROUP	XUI_PRL_038_Declaration	1697629408611	1697629409722	1109	OK
REQUEST	XUI_PRL_039_Continue	XUI_PRL_039_005_Continue	1697629409722	1697629411180	OK	 
GROUP	XUI_PRL_039_Continue	1697629409722	1697629411180	1458	OK
REQUEST	XUI_PRL_040_Continue	XUI_PRL_039_005_Continue	1697629411181	1697629427346	OK	 
GROUP	XUI_PRL_040_Continue	1697629411180	1697629427348	16165	OK
USER	***** Private Law Create Case *****	END	1697629427354
