ASSERTION	AAECAAIFAAAAAAAAAFlA
RUN	simulations.PRL_Simulation	prl-simulation	1702986381366	 	3.9.5
USER	***** PRL Case Flags 2.1 Journey *****	START	1702986381877
REQUEST	XUI_010_Homepage	XUI_010_005_Homepage	1702986381886	1702986382056	OK	 
REQUEST	XUI_010_Homepage	XUI_Common_000_ConfigurationUI	1702986384128	1702986384153	OK	 
REQUEST	XUI_010_Homepage	XUI_Common_000_ConfigJson	1702986384155	1702986384179	OK	 
REQUEST	XUI_010_Homepage	XUI_Common_000_TsAndCs	1702986384180	1702986384212	OK	 
REQUEST	XUI_010_Homepage	XUI_Common_000_ConfigUI	1702986384213	1702986384244	OK	 
REQUEST	XUI_010_Homepage	XUI_Common_000_UserDetails	1702986384245	1702986384280	OK	 
REQUEST	XUI_010_Homepage	XUI_Common_000_IsAuthenticated	1702986384281	1702986384331	OK	 
REQUEST	XUI_010_Homepage	XUI_010_010_AuthLogin	1702986384332	1702986384357	OK	 
REQUEST	XUI_010_Homepage	XUI_010_010_AuthLogin Redirect 1	1702986384359	1702986384456	OK	 
REQUEST	XUI_010_Homepage	XUI_010_010_AuthLogin Redirect 2	1702986384456	1702986384570	OK	 
GROUP	XUI_010_Homepage	1702986381877	1702986385035	3076	OK
REQUEST	XUI_020_Login	XUI_020_005_Login	1702986385038	1702986385174	OK	 
REQUEST	XUI_020_Login	XUI_020_005_Login Redirect 1	1702986385174	1702986385912	OK	 
REQUEST	XUI_020_Login	XUI_020_005_Login Redirect 2	1702986385915	1702986385938	OK	 
REQUEST	XUI_020_Login	XUI_Common_000_ConfigurationUI	1702986386184	1702986386214	OK	 
REQUEST	XUI_020_Login	XUI_Common_000_ConfigJson	1702986386215	1702986386306	OK	 
REQUEST	XUI_020_Login	XUI_Common_000_TsAndCs	1702986386307	1702986386347	OK	 
REQUEST	XUI_020_Login	XUI_Common_000_ConfigUI	1702986386348	1702986386370	OK	 
REQUEST	XUI_020_Login	XUI_Common_000_UserDetails	1702986386371	1702986387058	OK	 
REQUEST	XUI_020_Login	XUI_Common_000_IsAuthenticated	1702986387058	1702986387096	OK	 
REQUEST	XUI_020_Login	XUI_Common_000_MonitoringTools	1702986387097	1702986387170	OK	 
GROUP	XUI_020_Login	1702986385035	1702986387188	2122	OK
REQUEST	XUI_PRL_030_CreateCaseStart	XUI_PRL_030_005_CreateCaseStart	1702986387190	1702986389508	OK	 
GROUP	XUI_PRL_030_CreateCaseStart	1702986387188	1702986389514	2318	OK
REQUEST	XUI_PRL_031_Type_Of_Application	XUI_PRL_031_005_Type_Of_Application	1702986389517	1702986390726	OK	 
GROUP	XUI_PRL_031_Type_Of_Application	1702986389514	1702986390727	1209	OK
REQUEST	XUI_PRL_032_ApplicationCheckYourAnswers	XUI_PRL_032_005_ApplicationCheckYourAnswers	1702986390727	1702986402010	OK	 
GROUP	XUI_PRL_032_ApplicationCheckYourAnswers	1702986390727	1702986402022	11283	OK
REQUEST	XUI_PRL_033_ApplicationDetails	XUI_PRL_033_005_ApplicationDetails	1702986402023	1702986403580	OK	 
GROUP	XUI_PRL_033_ApplicationDetails	1702986402022	1702986403614	1557	OK
REQUEST	XUI_PRL_034_EnterApplicationDetails	XUI_PRL_034_005_EnterApplicationDetails	1702986403615	1702986405019	OK	 
GROUP	XUI_PRL_034_EnterApplicationDetails	1702986403614	1702986405019	1404	OK
REQUEST	XUI_PRL_035_SubmitApplicationDetails	XUI_PRL_035_005_SubmitApplicationDetails	1702986405020	1702986412816	OK	 
GROUP	XUI_PRL_035_SubmitApplicationDetails	1702986405019	1702986412817	7796	OK
REQUEST	XUI_PRL_036_SubmitAndPay	XUI_PRL_036_005_SubmitAndPay	1702986412817	1702986423414	OK	 
GROUP	XUI_PRL_036_SubmitAndPay	1702986412817	1702986423420	10597	OK
REQUEST	XUI_PRL_037_ConfidentialityStatement	XUI_PRL_037_005_ConfidentialityStatement	1702986423421	1702986424854	OK	 
GROUP	XUI_PRL_037_ConfidentialityStatement	1702986423420	1702986424855	1433	OK
REQUEST	XUI_PRL_038_Declaration	XUI_PRL_038_005_Declaration	1702986424855	1702986426049	OK	 
GROUP	XUI_PRL_038_Declaration	1702986424855	1702986426049	1194	OK
REQUEST	XUI_PRL_039_Continue	XUI_PRL_039_005_Continue	1702986426050	1702986427435	OK	 
GROUP	XUI_PRL_039_Continue	1702986426049	1702986427436	1385	OK
REQUEST	XUI_PRL_040_Continue	XUI_PRL_039_005_Continue	1702986427437	1702986438860	OK	 
GROUP	XUI_PRL_040_Continue	1702986427436	1702986438863	11423	OK
REQUEST	XUI_PRL_041_DummyPaymentConfirmation 	XUI_PRL_041_005_DummyPaymentConfirmation 	1702986438863	1702986441051	OK	 
GROUP	XUI_PRL_041_DummyPaymentConfirmation 	1702986438863	1702986441051	2188	OK
REQUEST	XUI_PRL_042_PaymentOption	XUI_PRL_042_005_PaymentOption	1702986441052	1702986442031	OK	 
GROUP	XUI_PRL_042_PaymentOption	1702986441051	1702986442032	979	OK
REQUEST	XUI_PRL_043_PaymentOption	XUI_PRL_043_005_PaymentOption	1702986442033	1702986442151	OK	 
REQUEST	XUI_PRL_043_PaymentOption	XUI_PRL_043_005_PaymentOption Redirect 1	1702986442152	1702986442247	OK	 
GROUP	XUI_PRL_043_PaymentOption	1702986442032	1702986442393	349	OK
REQUEST	XUI_PRL_044_CardDetails	XUI_PRL_044_005_CardDetails	1702986442393	1702986442521	OK	 
REQUEST	XUI_PRL_044_CardDetails	XUI_PRL_044_005_CardDetails Redirect 1	1702986442522	1702986442574	OK	 
GROUP	XUI_PRL_044_CardDetails	1702986442393	1702986442578	181	OK
REQUEST	XUI_PRL_045_ConfirmPayment	XUI_PRL_045_005_ConfirmPayment	1702986442579	1702986442654	OK	 
REQUEST	XUI_PRL_045_ConfirmPayment	XUI_PRL_045_005_ConfirmPayment Redirect 1	1702986442654	1702986442697	OK	 
REQUEST	XUI_PRL_045_ConfirmPayment	XUI_PRL_045_005_ConfirmPayment Redirect 2	1702986442704	1702986445353	OK	 
GROUP	XUI_PRL_045_ConfirmPayment	1702986442578	1702986446154	3566	OK
REQUEST	XUI_PRL_030_CreateCaseStart	XUI_PRL_030_005_CreateCaseStart	1702986446155	1702986447387	OK	 
GROUP	XUI_PRL_030_CreateCaseStart	1702986446155	1702986447388	1232	OK
REQUEST	XUI_PRL_031_Type_Of_Application	XUI_PRL_031_005_Type_Of_Application	1702986447388	1702986448058	OK	 
GROUP	XUI_PRL_031_Type_Of_Application	1702986447388	1702986448059	670	OK
REQUEST	XUI_PRL_032_ApplicationCheckYourAnswers	XUI_PRL_032_005_ApplicationCheckYourAnswers	1702986448059	1702986457118	OK	 
GROUP	XUI_PRL_032_ApplicationCheckYourAnswers	1702986448059	1702986457121	9059	OK
REQUEST	XUI_PRL_033_ApplicationDetails	XUI_PRL_033_005_ApplicationDetails	1702986457122	1702986458502	OK	 
GROUP	XUI_PRL_033_ApplicationDetails	1702986457121	1702986458522	1380	OK
REQUEST	XUI_PRL_034_EnterApplicationDetails	XUI_PRL_034_005_EnterApplicationDetails	1702986458522	1702986459577	OK	 
GROUP	XUI_PRL_034_EnterApplicationDetails	1702986458522	1702986459577	1055	OK
REQUEST	XUI_PRL_035_SubmitApplicationDetails	XUI_PRL_035_005_SubmitApplicationDetails	1702986459578	1702986465799	OK	 
GROUP	XUI_PRL_035_SubmitApplicationDetails	1702986459577	1702986465800	6221	OK
REQUEST	XUI_PRL_036_SubmitAndPay	XUI_PRL_036_005_SubmitAndPay	1702986465800	1702986474622	OK	 
GROUP	XUI_PRL_036_SubmitAndPay	1702986465800	1702986474624	8822	OK
REQUEST	XUI_PRL_037_ConfidentialityStatement	XUI_PRL_037_005_ConfidentialityStatement	1702986474624	1702986475130	OK	 
GROUP	XUI_PRL_037_ConfidentialityStatement	1702986474624	1702986475131	506	OK
REQUEST	XUI_PRL_038_Declaration	XUI_PRL_038_005_Declaration	1702986475131	1702986475685	OK	 
GROUP	XUI_PRL_038_Declaration	1702986475131	1702986475686	554	OK
REQUEST	XUI_PRL_039_Continue	XUI_PRL_039_005_Continue	1702986475686	1702986476772	OK	 
GROUP	XUI_PRL_039_Continue	1702986475686	1702986476773	1086	OK
REQUEST	XUI_PRL_040_Continue	XUI_PRL_039_005_Continue	1702986476773	1702986486329	OK	 
GROUP	XUI_PRL_040_Continue	1702986476773	1702986486331	9556	OK
REQUEST	XUI_PRL_041_DummyPaymentConfirmation 	XUI_PRL_041_005_DummyPaymentConfirmation 	1702986486331	1702986487394	OK	 
GROUP	XUI_PRL_041_DummyPaymentConfirmation 	1702986486331	1702986487394	1063	OK
REQUEST	XUI_PRL_042_PaymentOption	XUI_PRL_042_005_PaymentOption	1702986487394	1702986488007	OK	 
GROUP	XUI_PRL_042_PaymentOption	1702986487394	1702986488008	613	OK
REQUEST	XUI_PRL_043_PaymentOption	XUI_PRL_043_005_PaymentOption	1702986488008	1702986488052	OK	 
REQUEST	XUI_PRL_043_PaymentOption	XUI_PRL_043_005_PaymentOption Redirect 1	1702986488053	1702986488124	OK	 
GROUP	XUI_PRL_043_PaymentOption	1702986488008	1702986488129	116	OK
REQUEST	XUI_PRL_044_CardDetails	XUI_PRL_044_005_CardDetails	1702986488129	1702986488243	OK	 
REQUEST	XUI_PRL_044_CardDetails	XUI_PRL_044_005_CardDetails Redirect 1	1702986488243	1702986488298	OK	 
GROUP	XUI_PRL_044_CardDetails	1702986488129	1702986488301	170	OK
REQUEST	XUI_PRL_045_ConfirmPayment	XUI_PRL_045_005_ConfirmPayment	1702986488301	1702986488379	OK	 
REQUEST	XUI_PRL_045_ConfirmPayment	XUI_PRL_045_005_ConfirmPayment Redirect 1	1702986488379	1702986488417	OK	 
REQUEST	XUI_PRL_045_ConfirmPayment	XUI_PRL_045_005_ConfirmPayment Redirect 2	1702986488418	1702986490567	OK	 
GROUP	XUI_PRL_045_ConfirmPayment	1702986488301	1702986490695	2391	OK
REQUEST	XUI_PRL_030_CreateCaseStart	XUI_PRL_030_005_CreateCaseStart	1702986490696	1702986491667	OK	 
GROUP	XUI_PRL_030_CreateCaseStart	1702986490696	1702986491668	971	OK
REQUEST	XUI_PRL_031_Type_Of_Application	XUI_PRL_031_005_Type_Of_Application	1702986491669	1702986492514	OK	 
GROUP	XUI_PRL_031_Type_Of_Application	1702986491668	1702986492514	845	OK
REQUEST	XUI_PRL_032_ApplicationCheckYourAnswers	XUI_PRL_032_005_ApplicationCheckYourAnswers	1702986492514	1702986502451	OK	 
GROUP	XUI_PRL_032_ApplicationCheckYourAnswers	1702986492514	1702986502453	9937	OK
REQUEST	XUI_PRL_033_ApplicationDetails	XUI_PRL_033_005_ApplicationDetails	1702986502453	1702986503270	OK	 
GROUP	XUI_PRL_033_ApplicationDetails	1702986502453	1702986503282	817	OK
REQUEST	XUI_PRL_034_EnterApplicationDetails	XUI_PRL_034_005_EnterApplicationDetails	1702986503282	1702986504202	OK	 
GROUP	XUI_PRL_034_EnterApplicationDetails	1702986503282	1702986504202	920	OK
REQUEST	XUI_PRL_035_SubmitApplicationDetails	XUI_PRL_035_005_SubmitApplicationDetails	1702986504203	1702986509375	OK	 
GROUP	XUI_PRL_035_SubmitApplicationDetails	1702986504202	1702986509376	5172	OK
REQUEST	XUI_PRL_036_SubmitAndPay	XUI_PRL_036_005_SubmitAndPay	1702986509376	1702986515868	OK	 
GROUP	XUI_PRL_036_SubmitAndPay	1702986509376	1702986515869	6492	OK
REQUEST	XUI_PRL_037_ConfidentialityStatement	XUI_PRL_037_005_ConfidentialityStatement	1702986515869	1702986516490	OK	 
GROUP	XUI_PRL_037_ConfidentialityStatement	1702986515869	1702986516491	621	OK
REQUEST	XUI_PRL_038_Declaration	XUI_PRL_038_005_Declaration	1702986516491	1702986517499	OK	 
GROUP	XUI_PRL_038_Declaration	1702986516491	1702986517499	1008	OK
REQUEST	XUI_PRL_039_Continue	XUI_PRL_039_005_Continue	1702986517500	1702986518524	OK	 
GROUP	XUI_PRL_039_Continue	1702986517499	1702986518525	1024	OK
REQUEST	XUI_PRL_040_Continue	XUI_PRL_039_005_Continue	1702986518525	1702986526620	OK	 
GROUP	XUI_PRL_040_Continue	1702986518525	1702986526621	8095	OK
REQUEST	XUI_PRL_041_DummyPaymentConfirmation 	XUI_PRL_041_005_DummyPaymentConfirmation 	1702986526622	1702986527431	OK	 
GROUP	XUI_PRL_041_DummyPaymentConfirmation 	1702986526621	1702986527431	809	OK
REQUEST	XUI_PRL_042_PaymentOption	XUI_PRL_042_005_PaymentOption	1702986527431	1702986528021	OK	 
GROUP	XUI_PRL_042_PaymentOption	1702986527431	1702986528022	590	OK
REQUEST	XUI_PRL_043_PaymentOption	XUI_PRL_043_005_PaymentOption	1702986528022	1702986528070	OK	 
REQUEST	XUI_PRL_043_PaymentOption	XUI_PRL_043_005_PaymentOption Redirect 1	1702986528071	1702986528137	OK	 
GROUP	XUI_PRL_043_PaymentOption	1702986528022	1702986528141	115	OK
REQUEST	XUI_PRL_044_CardDetails	XUI_PRL_044_005_CardDetails	1702986528141	1702986528294	OK	 
REQUEST	XUI_PRL_044_CardDetails	XUI_PRL_044_005_CardDetails Redirect 1	1702986528294	1702986528340	OK	 
GROUP	XUI_PRL_044_CardDetails	1702986528141	1702986528342	200	OK
REQUEST	XUI_PRL_045_ConfirmPayment	XUI_PRL_045_005_ConfirmPayment	1702986528342	1702986528429	OK	 
REQUEST	XUI_PRL_045_ConfirmPayment	XUI_PRL_045_005_ConfirmPayment Redirect 1	1702986528430	1702986528470	OK	 
REQUEST	XUI_PRL_045_ConfirmPayment	XUI_PRL_045_005_ConfirmPayment Redirect 2	1702986528471	1702986530508	OK	 
GROUP	XUI_PRL_045_ConfirmPayment	1702986528342	1702986530619	2272	OK
REQUEST	XUI_PRL_030_CreateCaseStart	XUI_PRL_030_005_CreateCaseStart	1702986530620	1702986532347	OK	 
GROUP	XUI_PRL_030_CreateCaseStart	1702986530619	1702986532348	1727	OK
REQUEST	XUI_PRL_031_Type_Of_Application	XUI_PRL_031_005_Type_Of_Application	1702986532349	1702986532938	OK	 
GROUP	XUI_PRL_031_Type_Of_Application	1702986532348	1702986532939	589	OK
REQUEST	XUI_PRL_032_ApplicationCheckYourAnswers	XUI_PRL_032_005_ApplicationCheckYourAnswers	1702986532939	1702986543820	OK	 
GROUP	XUI_PRL_032_ApplicationCheckYourAnswers	1702986532939	1702986543822	10881	OK
REQUEST	XUI_PRL_033_ApplicationDetails	XUI_PRL_033_005_ApplicationDetails	1702986543822	1702986544732	OK	 
GROUP	XUI_PRL_033_ApplicationDetails	1702986543822	1702986544745	910	OK
REQUEST	XUI_PRL_034_EnterApplicationDetails	XUI_PRL_034_005_EnterApplicationDetails	1702986544745	1702986545557	OK	 
GROUP	XUI_PRL_034_EnterApplicationDetails	1702986544745	1702986545557	812	OK
REQUEST	XUI_PRL_035_SubmitApplicationDetails	XUI_PRL_035_005_SubmitApplicationDetails	1702986545558	1702986550298	OK	 
GROUP	XUI_PRL_035_SubmitApplicationDetails	1702986545557	1702986550299	4740	OK
REQUEST	XUI_PRL_036_SubmitAndPay	XUI_PRL_036_005_SubmitAndPay	1702986550300	1702986556002	OK	 
GROUP	XUI_PRL_036_SubmitAndPay	1702986550299	1702986556003	5702	OK
REQUEST	XUI_PRL_037_ConfidentialityStatement	XUI_PRL_037_005_ConfidentialityStatement	1702986556003	1702986556617	OK	 
GROUP	XUI_PRL_037_ConfidentialityStatement	1702986556003	1702986556617	614	OK
REQUEST	XUI_PRL_038_Declaration	XUI_PRL_038_005_Declaration	1702986556618	1702986557153	OK	 
GROUP	XUI_PRL_038_Declaration	1702986556617	1702986557153	535	OK
REQUEST	XUI_PRL_039_Continue	XUI_PRL_039_005_Continue	1702986557154	1702986557848	OK	 
GROUP	XUI_PRL_039_Continue	1702986557153	1702986557849	694	OK
REQUEST	XUI_PRL_040_Continue	XUI_PRL_039_005_Continue	1702986557849	1702986565442	OK	 
GROUP	XUI_PRL_040_Continue	1702986557849	1702986565444	7593	OK
REQUEST	XUI_PRL_041_DummyPaymentConfirmation 	XUI_PRL_041_005_DummyPaymentConfirmation 	1702986565445	1702986566754	OK	 
GROUP	XUI_PRL_041_DummyPaymentConfirmation 	1702986565444	1702986566754	1309	OK
REQUEST	XUI_PRL_042_PaymentOption	XUI_PRL_042_005_PaymentOption	1702986566755	1702986567778	OK	 
GROUP	XUI_PRL_042_PaymentOption	1702986566754	1702986567779	1023	OK
REQUEST	XUI_PRL_043_PaymentOption	XUI_PRL_043_005_PaymentOption	1702986567779	1702986567821	OK	 
REQUEST	XUI_PRL_043_PaymentOption	XUI_PRL_043_005_PaymentOption Redirect 1	1702986567822	1702986567908	OK	 
GROUP	XUI_PRL_043_PaymentOption	1702986567779	1702986567912	129	OK
REQUEST	XUI_PRL_044_CardDetails	XUI_PRL_044_005_CardDetails	1702986567912	1702986568031	OK	 
REQUEST	XUI_PRL_044_CardDetails	XUI_PRL_044_005_CardDetails Redirect 1	1702986568031	1702986568088	OK	 
GROUP	XUI_PRL_044_CardDetails	1702986567912	1702986568090	177	OK
REQUEST	XUI_PRL_045_ConfirmPayment	XUI_PRL_045_005_ConfirmPayment	1702986568090	1702986568162	OK	 
REQUEST	XUI_PRL_045_ConfirmPayment	XUI_PRL_045_005_ConfirmPayment Redirect 1	1702986568163	1702986568202	OK	 
REQUEST	XUI_PRL_045_ConfirmPayment	XUI_PRL_045_005_ConfirmPayment Redirect 2	1702986568202	1702986569787	OK	 
GROUP	XUI_PRL_045_ConfirmPayment	1702986568090	1702986569867	1772	OK
REQUEST	XUI_PRL_030_CreateCaseStart	XUI_PRL_030_005_CreateCaseStart	1702986569868	1702986572489	OK	 
GROUP	XUI_PRL_030_CreateCaseStart	1702986569867	1702986572489	2621	OK
REQUEST	XUI_PRL_031_Type_Of_Application	XUI_PRL_031_005_Type_Of_Application	1702986572490	1702986573210	OK	 
GROUP	XUI_PRL_031_Type_Of_Application	1702986572489	1702986573210	720	OK
REQUEST	XUI_PRL_032_ApplicationCheckYourAnswers	XUI_PRL_032_005_ApplicationCheckYourAnswers	1702986573210	1702986584269	OK	 
GROUP	XUI_PRL_032_ApplicationCheckYourAnswers	1702986573210	1702986584270	11059	OK
REQUEST	XUI_PRL_033_ApplicationDetails	XUI_PRL_033_005_ApplicationDetails	1702986584270	1702986585957	OK	 
GROUP	XUI_PRL_033_ApplicationDetails	1702986584270	1702986585971	1687	OK
REQUEST	XUI_PRL_034_EnterApplicationDetails	XUI_PRL_034_005_EnterApplicationDetails	1702986585972	1702986587387	OK	 
GROUP	XUI_PRL_034_EnterApplicationDetails	1702986585971	1702986587387	1415	OK
REQUEST	XUI_PRL_035_SubmitApplicationDetails	XUI_PRL_035_005_SubmitApplicationDetails	1702986587388	1702986592641	OK	 
GROUP	XUI_PRL_035_SubmitApplicationDetails	1702986587387	1702986592641	5253	OK
REQUEST	XUI_PRL_036_SubmitAndPay	XUI_PRL_036_005_SubmitAndPay	1702986592642	1702986597376	OK	 
GROUP	XUI_PRL_036_SubmitAndPay	1702986592641	1702986597377	4734	OK
REQUEST	XUI_PRL_037_ConfidentialityStatement	XUI_PRL_037_005_ConfidentialityStatement	1702986597377	1702986598355	OK	 
GROUP	XUI_PRL_037_ConfidentialityStatement	1702986597377	1702986598356	978	OK
REQUEST	XUI_PRL_038_Declaration	XUI_PRL_038_005_Declaration	1702986598356	1702986598908	OK	 
GROUP	XUI_PRL_038_Declaration	1702986598356	1702986598908	552	OK
REQUEST	XUI_PRL_039_Continue	XUI_PRL_039_005_Continue	1702986598909	1702986599525	OK	 
GROUP	XUI_PRL_039_Continue	1702986598908	1702986599526	616	OK
REQUEST	XUI_PRL_040_Continue	XUI_PRL_039_005_Continue	1702986599526	1702986606238	OK	 
GROUP	XUI_PRL_040_Continue	1702986599526	1702986606239	6712	OK
REQUEST	XUI_PRL_041_DummyPaymentConfirmation 	XUI_PRL_041_005_DummyPaymentConfirmation 	1702986606239	1702986607305	OK	 
GROUP	XUI_PRL_041_DummyPaymentConfirmation 	1702986606239	1702986607305	1066	OK
REQUEST	XUI_PRL_042_PaymentOption	XUI_PRL_042_005_PaymentOption	1702986607305	1702986607907	OK	 
GROUP	XUI_PRL_042_PaymentOption	1702986607305	1702986607907	602	OK
REQUEST	XUI_PRL_043_PaymentOption	XUI_PRL_043_005_PaymentOption	1702986607907	1702986607950	OK	 
REQUEST	XUI_PRL_043_PaymentOption	XUI_PRL_043_005_PaymentOption Redirect 1	1702986607951	1702986608043	OK	 
GROUP	XUI_PRL_043_PaymentOption	1702986607907	1702986608046	136	OK
REQUEST	XUI_PRL_044_CardDetails	XUI_PRL_044_005_CardDetails	1702986608046	1702986608189	OK	 
REQUEST	XUI_PRL_044_CardDetails	XUI_PRL_044_005_CardDetails Redirect 1	1702986608189	1702986608231	OK	 
GROUP	XUI_PRL_044_CardDetails	1702986608046	1702986608233	186	OK
REQUEST	XUI_PRL_045_ConfirmPayment	XUI_PRL_045_005_ConfirmPayment	1702986608233	1702986608294	OK	 
REQUEST	XUI_PRL_045_ConfirmPayment	XUI_PRL_045_005_ConfirmPayment Redirect 1	1702986608295	1702986608332	OK	 
REQUEST	XUI_PRL_045_ConfirmPayment	XUI_PRL_045_005_ConfirmPayment Redirect 2	1702986608332	1702986610469	OK	 
GROUP	XUI_PRL_045_ConfirmPayment	1702986608233	1702986610688	2452	OK
REQUEST	XUI_PRL_030_CreateCaseStart	XUI_PRL_030_005_CreateCaseStart	1702986610688	1702986612097	OK	 
GROUP	XUI_PRL_030_CreateCaseStart	1702986610688	1702986612097	1409	OK
REQUEST	XUI_PRL_031_Type_Of_Application	XUI_PRL_031_005_Type_Of_Application	1702986612098	1702986612528	OK	 
GROUP	XUI_PRL_031_Type_Of_Application	1702986612097	1702986612528	430	OK
REQUEST	XUI_PRL_032_ApplicationCheckYourAnswers	XUI_PRL_032_005_ApplicationCheckYourAnswers	1702986612529	1702986619724	OK	 
GROUP	XUI_PRL_032_ApplicationCheckYourAnswers	1702986612528	1702986619726	7195	OK
REQUEST	XUI_PRL_033_ApplicationDetails	XUI_PRL_033_005_ApplicationDetails	1702986619726	1702986620631	OK	 
GROUP	XUI_PRL_033_ApplicationDetails	1702986619726	1702986620645	905	OK
REQUEST	XUI_PRL_034_EnterApplicationDetails	XUI_PRL_034_005_EnterApplicationDetails	1702986620645	1702986621118	OK	 
GROUP	XUI_PRL_034_EnterApplicationDetails	1702986620645	1702986621119	473	OK
REQUEST	XUI_PRL_035_SubmitApplicationDetails	XUI_PRL_035_005_SubmitApplicationDetails	1702986621119	1702986625327	OK	 
GROUP	XUI_PRL_035_SubmitApplicationDetails	1702986621119	1702986625328	4208	OK
REQUEST	XUI_PRL_036_SubmitAndPay	XUI_PRL_036_005_SubmitAndPay	1702986625328	1702986630036	OK	 
GROUP	XUI_PRL_036_SubmitAndPay	1702986625328	1702986630037	4708	OK
REQUEST	XUI_PRL_037_ConfidentialityStatement	XUI_PRL_037_005_ConfidentialityStatement	1702986630037	1702986631003	OK	 
GROUP	XUI_PRL_037_ConfidentialityStatement	1702986630037	1702986631003	966	OK
REQUEST	XUI_PRL_038_Declaration	XUI_PRL_038_005_Declaration	1702986631003	1702986631575	OK	 
GROUP	XUI_PRL_038_Declaration	1702986631003	1702986631575	572	OK
REQUEST	XUI_PRL_039_Continue	XUI_PRL_039_005_Continue	1702986631576	1702986632290	OK	 
GROUP	XUI_PRL_039_Continue	1702986631575	1702986632291	714	OK
REQUEST	XUI_PRL_040_Continue	XUI_PRL_039_005_Continue	1702986632291	1702986638132	OK	 
GROUP	XUI_PRL_040_Continue	1702986632291	1702986638134	5841	OK
REQUEST	XUI_PRL_041_DummyPaymentConfirmation 	XUI_PRL_041_005_DummyPaymentConfirmation 	1702986638134	1702986639246	OK	 
GROUP	XUI_PRL_041_DummyPaymentConfirmation 	1702986638134	1702986639246	1112	OK
REQUEST	XUI_PRL_042_PaymentOption	XUI_PRL_042_005_PaymentOption	1702986639246	1702986640379	OK	 
GROUP	XUI_PRL_042_PaymentOption	1702986639246	1702986640380	1133	OK
REQUEST	XUI_PRL_043_PaymentOption	XUI_PRL_043_005_PaymentOption	1702986640380	1702986640426	OK	 
REQUEST	XUI_PRL_043_PaymentOption	XUI_PRL_043_005_PaymentOption Redirect 1	1702986640427	1702986640489	OK	 
GROUP	XUI_PRL_043_PaymentOption	1702986640380	1702986640492	109	OK
REQUEST	XUI_PRL_044_CardDetails	XUI_PRL_044_005_CardDetails	1702986640492	1702986640627	OK	 
REQUEST	XUI_PRL_044_CardDetails	XUI_PRL_044_005_CardDetails Redirect 1	1702986640628	1702986640672	OK	 
GROUP	XUI_PRL_044_CardDetails	1702986640492	1702986640674	180	OK
REQUEST	XUI_PRL_045_ConfirmPayment	XUI_PRL_045_005_ConfirmPayment	1702986640674	1702986640772	OK	 
REQUEST	XUI_PRL_045_ConfirmPayment	XUI_PRL_045_005_ConfirmPayment Redirect 1	1702986640772	1702986640812	OK	 
REQUEST	XUI_PRL_045_ConfirmPayment	XUI_PRL_045_005_ConfirmPayment Redirect 2	1702986640812	1702986642686	OK	 
GROUP	XUI_PRL_045_ConfirmPayment	1702986640674	1702986643114	2438	OK
REQUEST	XUI_PRL_030_CreateCaseStart	XUI_PRL_030_005_CreateCaseStart	1702986643115	1702986644042	OK	 
GROUP	XUI_PRL_030_CreateCaseStart	1702986643115	1702986644043	927	OK
REQUEST	XUI_PRL_031_Type_Of_Application	XUI_PRL_031_005_Type_Of_Application	1702986644043	1702986644734	OK	 
GROUP	XUI_PRL_031_Type_Of_Application	1702986644043	1702986644735	691	OK
REQUEST	XUI_PRL_032_ApplicationCheckYourAnswers	XUI_PRL_032_005_ApplicationCheckYourAnswers	1702986644735	1702986654004	OK	 
GROUP	XUI_PRL_032_ApplicationCheckYourAnswers	1702986644735	1702986654005	9269	OK
REQUEST	XUI_PRL_033_ApplicationDetails	XUI_PRL_033_005_ApplicationDetails	1702986654006	1702986654911	OK	 
GROUP	XUI_PRL_033_ApplicationDetails	1702986654005	1702986654923	905	OK
REQUEST	XUI_PRL_034_EnterApplicationDetails	XUI_PRL_034_005_EnterApplicationDetails	1702986654923	1702986655419	OK	 
GROUP	XUI_PRL_034_EnterApplicationDetails	1702986654923	1702986655419	496	OK
REQUEST	XUI_PRL_035_SubmitApplicationDetails	XUI_PRL_035_005_SubmitApplicationDetails	1702986655420	1702986660161	OK	 
GROUP	XUI_PRL_035_SubmitApplicationDetails	1702986655419	1702986660162	4741	OK
REQUEST	XUI_PRL_036_SubmitAndPay	XUI_PRL_036_005_SubmitAndPay	1702986660162	1702986664861	OK	 
GROUP	XUI_PRL_036_SubmitAndPay	1702986660162	1702986664862	4699	OK
REQUEST	XUI_PRL_037_ConfidentialityStatement	XUI_PRL_037_005_ConfidentialityStatement	1702986664863	1702986665381	OK	 
GROUP	XUI_PRL_037_ConfidentialityStatement	1702986664862	1702986665381	518	OK
REQUEST	XUI_PRL_038_Declaration	XUI_PRL_038_005_Declaration	1702986665381	1702986665982	OK	 
GROUP	XUI_PRL_038_Declaration	1702986665381	1702986665982	601	OK
REQUEST	XUI_PRL_039_Continue	XUI_PRL_039_005_Continue	1702986665982	1702986666604	OK	 
GROUP	XUI_PRL_039_Continue	1702986665982	1702986666605	622	OK
REQUEST	XUI_PRL_040_Continue	XUI_PRL_039_005_Continue	1702986666605	1702986672136	OK	 
GROUP	XUI_PRL_040_Continue	1702986666605	1702986672138	5531	OK
REQUEST	XUI_PRL_041_DummyPaymentConfirmation 	XUI_PRL_041_005_DummyPaymentConfirmation 	1702986672138	1702986672535	OK	 
GROUP	XUI_PRL_041_DummyPaymentConfirmation 	1702986672138	1702986672535	397	OK
REQUEST	XUI_PRL_042_PaymentOption	XUI_PRL_042_005_PaymentOption	1702986672536	1702986673015	OK	 
GROUP	XUI_PRL_042_PaymentOption	1702986672535	1702986673015	479	OK
REQUEST	XUI_PRL_043_PaymentOption	XUI_PRL_043_005_PaymentOption	1702986673015	1702986673071	OK	 
REQUEST	XUI_PRL_043_PaymentOption	XUI_PRL_043_005_PaymentOption Redirect 1	1702986673071	1702986673143	OK	 
GROUP	XUI_PRL_043_PaymentOption	1702986673015	1702986673146	129	OK
REQUEST	XUI_PRL_044_CardDetails	XUI_PRL_044_005_CardDetails	1702986673146	1702986673258	OK	 
REQUEST	XUI_PRL_044_CardDetails	XUI_PRL_044_005_CardDetails Redirect 1	1702986673258	1702986673321	OK	 
GROUP	XUI_PRL_044_CardDetails	1702986673146	1702986673322	176	OK
REQUEST	XUI_PRL_045_ConfirmPayment	XUI_PRL_045_005_ConfirmPayment	1702986673323	1702986673410	OK	 
REQUEST	XUI_PRL_045_ConfirmPayment	XUI_PRL_045_005_ConfirmPayment Redirect 1	1702986673411	1702986673458	OK	 
REQUEST	XUI_PRL_045_ConfirmPayment	XUI_PRL_045_005_ConfirmPayment Redirect 2	1702986673458	1702986675425	OK	 
GROUP	XUI_PRL_045_ConfirmPayment	1702986673322	1702986675614	2288	OK
REQUEST	XUI_PRL_030_CreateCaseStart	XUI_PRL_030_005_CreateCaseStart	1702986675615	1702986676073	OK	 
GROUP	XUI_PRL_030_CreateCaseStart	1702986675614	1702986676073	458	OK
REQUEST	XUI_PRL_031_Type_Of_Application	XUI_PRL_031_005_Type_Of_Application	1702986676074	1702986676630	OK	 
GROUP	XUI_PRL_031_Type_Of_Application	1702986676073	1702986676630	556	OK
REQUEST	XUI_PRL_032_ApplicationCheckYourAnswers	XUI_PRL_032_005_ApplicationCheckYourAnswers	1702986676630	1702986684482	OK	 
GROUP	XUI_PRL_032_ApplicationCheckYourAnswers	1702986676630	1702986684483	7852	OK
REQUEST	XUI_PRL_033_ApplicationDetails	XUI_PRL_033_005_ApplicationDetails	1702986684483	1702986685352	OK	 
GROUP	XUI_PRL_033_ApplicationDetails	1702986684483	1702986685375	869	OK
REQUEST	XUI_PRL_034_EnterApplicationDetails	XUI_PRL_034_005_EnterApplicationDetails	1702986685376	1702986685964	OK	 
GROUP	XUI_PRL_034_EnterApplicationDetails	1702986685375	1702986685964	588	OK
REQUEST	XUI_PRL_035_SubmitApplicationDetails	XUI_PRL_035_005_SubmitApplicationDetails	1702986685965	1702986691484	OK	 
GROUP	XUI_PRL_035_SubmitApplicationDetails	1702986685964	1702986691485	5519	OK
REQUEST	XUI_PRL_036_SubmitAndPay	XUI_PRL_036_005_SubmitAndPay	1702986691485	1702986695986	OK	 
GROUP	XUI_PRL_036_SubmitAndPay	1702986691485	1702986695987	4501	OK
REQUEST	XUI_PRL_037_ConfidentialityStatement	XUI_PRL_037_005_ConfidentialityStatement	1702986695988	1702986696600	OK	 
GROUP	XUI_PRL_037_ConfidentialityStatement	1702986695987	1702986696600	612	OK
REQUEST	XUI_PRL_038_Declaration	XUI_PRL_038_005_Declaration	1702986696600	1702986698034	OK	 
GROUP	XUI_PRL_038_Declaration	1702986696600	1702986698034	1434	OK
REQUEST	XUI_PRL_039_Continue	XUI_PRL_039_005_Continue	1702986698035	1702986698644	OK	 
GROUP	XUI_PRL_039_Continue	1702986698034	1702986698644	609	OK
REQUEST	XUI_PRL_040_Continue	XUI_PRL_039_005_Continue	1702986698645	1702986704799	OK	 
GROUP	XUI_PRL_040_Continue	1702986698644	1702986704800	6154	OK
REQUEST	XUI_PRL_041_DummyPaymentConfirmation 	XUI_PRL_041_005_DummyPaymentConfirmation 	1702986704800	1702986705673	OK	 
GROUP	XUI_PRL_041_DummyPaymentConfirmation 	1702986704800	1702986705673	873	OK
REQUEST	XUI_PRL_042_PaymentOption	XUI_PRL_042_005_PaymentOption	1702986705674	1702986706276	OK	 
GROUP	XUI_PRL_042_PaymentOption	1702986705673	1702986706276	602	OK
REQUEST	XUI_PRL_043_PaymentOption	XUI_PRL_043_005_PaymentOption	1702986706277	1702986706329	OK	 
REQUEST	XUI_PRL_043_PaymentOption	XUI_PRL_043_005_PaymentOption Redirect 1	1702986706330	1702986706394	OK	 
GROUP	XUI_PRL_043_PaymentOption	1702986706277	1702986706397	117	OK
REQUEST	XUI_PRL_044_CardDetails	XUI_PRL_044_005_CardDetails	1702986706397	1702986706499	OK	 
REQUEST	XUI_PRL_044_CardDetails	XUI_PRL_044_005_CardDetails Redirect 1	1702986706499	1702986706539	OK	 
GROUP	XUI_PRL_044_CardDetails	1702986706397	1702986706541	143	OK
REQUEST	XUI_PRL_045_ConfirmPayment	XUI_PRL_045_005_ConfirmPayment	1702986706541	1702986706604	OK	 
REQUEST	XUI_PRL_045_ConfirmPayment	XUI_PRL_045_005_ConfirmPayment Redirect 1	1702986706604	1702986706640	OK	 
REQUEST	XUI_PRL_045_ConfirmPayment	XUI_PRL_045_005_ConfirmPayment Redirect 2	1702986706641	1702986708482	OK	 
GROUP	XUI_PRL_045_ConfirmPayment	1702986706541	1702986708945	2401	OK
REQUEST	XUI_PRL_030_CreateCaseStart	XUI_PRL_030_005_CreateCaseStart	1702986708945	1702986709827	OK	 
GROUP	XUI_PRL_030_CreateCaseStart	1702986708945	1702986709828	882	OK
REQUEST	XUI_PRL_031_Type_Of_Application	XUI_PRL_031_005_Type_Of_Application	1702986709828	1702986710424	OK	 
GROUP	XUI_PRL_031_Type_Of_Application	1702986709828	1702986710424	596	OK
REQUEST	XUI_PRL_032_ApplicationCheckYourAnswers	XUI_PRL_032_005_ApplicationCheckYourAnswers	1702986710424	1702986717705	OK	 
GROUP	XUI_PRL_032_ApplicationCheckYourAnswers	1702986710424	1702986717707	7281	OK
REQUEST	XUI_PRL_033_ApplicationDetails	XUI_PRL_033_005_ApplicationDetails	1702986717707	1702986718402	OK	 
GROUP	XUI_PRL_033_ApplicationDetails	1702986717707	1702986718417	695	OK
REQUEST	XUI_PRL_034_EnterApplicationDetails	XUI_PRL_034_005_EnterApplicationDetails	1702986718417	1702986719026	OK	 
GROUP	XUI_PRL_034_EnterApplicationDetails	1702986718417	1702986719026	609	OK
REQUEST	XUI_PRL_035_SubmitApplicationDetails	XUI_PRL_035_005_SubmitApplicationDetails	1702986719027	1702986723842	OK	 
GROUP	XUI_PRL_035_SubmitApplicationDetails	1702986719026	1702986723843	4815	OK
REQUEST	XUI_PRL_036_SubmitAndPay	XUI_PRL_036_005_SubmitAndPay	1702986723843	1702986727907	OK	 
GROUP	XUI_PRL_036_SubmitAndPay	1702986723843	1702986727908	4064	OK
REQUEST	XUI_PRL_037_ConfidentialityStatement	XUI_PRL_037_005_ConfidentialityStatement	1702986727908	1702986728602	OK	 
GROUP	XUI_PRL_037_ConfidentialityStatement	1702986727908	1702986728603	694	OK
REQUEST	XUI_PRL_038_Declaration	XUI_PRL_038_005_Declaration	1702986728603	1702986730904	OK	 
GROUP	XUI_PRL_038_Declaration	1702986728603	1702986730904	2301	OK
REQUEST	XUI_PRL_039_Continue	XUI_PRL_039_005_Continue	1702986730904	1702986731510	OK	 
GROUP	XUI_PRL_039_Continue	1702986730904	1702986731511	606	OK
REQUEST	XUI_PRL_040_Continue	XUI_PRL_039_005_Continue	1702986731511	1702986737435	OK	 
GROUP	XUI_PRL_040_Continue	1702986731511	1702986737437	5924	OK
REQUEST	XUI_PRL_041_DummyPaymentConfirmation 	XUI_PRL_041_005_DummyPaymentConfirmation 	1702986737437	1702986738568	OK	 
GROUP	XUI_PRL_041_DummyPaymentConfirmation 	1702986737437	1702986738568	1131	OK
REQUEST	XUI_PRL_042_PaymentOption	XUI_PRL_042_005_PaymentOption	1702986738569	1702986739206	OK	 
GROUP	XUI_PRL_042_PaymentOption	1702986738568	1702986739206	637	OK
REQUEST	XUI_PRL_043_PaymentOption	XUI_PRL_043_005_PaymentOption	1702986739206	1702986739258	OK	 
REQUEST	XUI_PRL_043_PaymentOption	XUI_PRL_043_005_PaymentOption Redirect 1	1702986739258	1702986739330	OK	 
GROUP	XUI_PRL_043_PaymentOption	1702986739206	1702986739333	125	OK
REQUEST	XUI_PRL_044_CardDetails	XUI_PRL_044_005_CardDetails	1702986739333	1702986739439	OK	 
REQUEST	XUI_PRL_044_CardDetails	XUI_PRL_044_005_CardDetails Redirect 1	1702986739440	1702986739474	OK	 
GROUP	XUI_PRL_044_CardDetails	1702986739333	1702986739476	141	OK
REQUEST	XUI_PRL_045_ConfirmPayment	XUI_PRL_045_005_ConfirmPayment	1702986739476	1702986739574	OK	 
REQUEST	XUI_PRL_045_ConfirmPayment	XUI_PRL_045_005_ConfirmPayment Redirect 1	1702986739574	1702986739611	OK	 
REQUEST	XUI_PRL_045_ConfirmPayment	XUI_PRL_045_005_ConfirmPayment Redirect 2	1702986739611	1702986741766	OK	 
GROUP	XUI_PRL_045_ConfirmPayment	1702986739476	1702986742219	2741	OK
REQUEST	XUI_PRL_030_CreateCaseStart	XUI_PRL_030_005_CreateCaseStart	1702986742220	1702986742592	OK	 
GROUP	XUI_PRL_030_CreateCaseStart	1702986742220	1702986742593	372	OK
REQUEST	XUI_PRL_031_Type_Of_Application	XUI_PRL_031_005_Type_Of_Application	1702986742594	1702986743216	OK	 
GROUP	XUI_PRL_031_Type_Of_Application	1702986742593	1702986743216	622	OK
REQUEST	XUI_PRL_032_ApplicationCheckYourAnswers	XUI_PRL_032_005_ApplicationCheckYourAnswers	1702986743216	1702986749981	OK	 
GROUP	XUI_PRL_032_ApplicationCheckYourAnswers	1702986743216	1702986749983	6765	OK
REQUEST	XUI_PRL_033_ApplicationDetails	XUI_PRL_033_005_ApplicationDetails	1702986749983	1702986750593	OK	 
GROUP	XUI_PRL_033_ApplicationDetails	1702986749983	1702986750606	610	OK
REQUEST	XUI_PRL_034_EnterApplicationDetails	XUI_PRL_034_005_EnterApplicationDetails	1702986750606	1702986751044	OK	 
GROUP	XUI_PRL_034_EnterApplicationDetails	1702986750606	1702986751044	438	OK
REQUEST	XUI_PRL_035_SubmitApplicationDetails	XUI_PRL_035_005_SubmitApplicationDetails	1702986751044	1702986754728	OK	 
GROUP	XUI_PRL_035_SubmitApplicationDetails	1702986751044	1702986754729	3684	OK
REQUEST	XUI_PRL_036_SubmitAndPay	XUI_PRL_036_005_SubmitAndPay	1702986754729	1702986759667	OK	 
GROUP	XUI_PRL_036_SubmitAndPay	1702986754729	1702986759668	4938	OK
REQUEST	XUI_PRL_037_ConfidentialityStatement	XUI_PRL_037_005_ConfidentialityStatement	1702986759669	1702986760324	OK	 
GROUP	XUI_PRL_037_ConfidentialityStatement	1702986759668	1702986760324	655	OK
REQUEST	XUI_PRL_038_Declaration	XUI_PRL_038_005_Declaration	1702986760324	1702986760770	OK	 
GROUP	XUI_PRL_038_Declaration	1702986760324	1702986760770	446	OK
REQUEST	XUI_PRL_039_Continue	XUI_PRL_039_005_Continue	1702986760771	1702986761263	OK	 
GROUP	XUI_PRL_039_Continue	1702986760770	1702986761264	492	OK
REQUEST	XUI_PRL_040_Continue	XUI_PRL_039_005_Continue	1702986761264	1702986767062	OK	 
GROUP	XUI_PRL_040_Continue	1702986761264	1702986767063	5798	OK
REQUEST	XUI_PRL_041_DummyPaymentConfirmation 	XUI_PRL_041_005_DummyPaymentConfirmation 	1702986767063	1702986768485	OK	 
GROUP	XUI_PRL_041_DummyPaymentConfirmation 	1702986767063	1702986768485	1422	OK
REQUEST	XUI_PRL_042_PaymentOption	XUI_PRL_042_005_PaymentOption	1702986768485	1702986768978	OK	 
GROUP	XUI_PRL_042_PaymentOption	1702986768485	1702986768978	493	OK
REQUEST	XUI_PRL_043_PaymentOption	XUI_PRL_043_005_PaymentOption	1702986768979	1702986769031	OK	 
REQUEST	XUI_PRL_043_PaymentOption	XUI_PRL_043_005_PaymentOption Redirect 1	1702986769031	1702986769093	OK	 
GROUP	XUI_PRL_043_PaymentOption	1702986768978	1702986769096	115	OK
REQUEST	XUI_PRL_044_CardDetails	XUI_PRL_044_005_CardDetails	1702986769096	1702986769211	OK	 
REQUEST	XUI_PRL_044_CardDetails	XUI_PRL_044_005_CardDetails Redirect 1	1702986769212	1702986769257	OK	 
GROUP	XUI_PRL_044_CardDetails	1702986769096	1702986769258	161	OK
REQUEST	XUI_PRL_045_ConfirmPayment	XUI_PRL_045_005_ConfirmPayment	1702986769258	1702986769349	OK	 
REQUEST	XUI_PRL_045_ConfirmPayment	XUI_PRL_045_005_ConfirmPayment Redirect 1	1702986769349	1702986769388	OK	 
REQUEST	XUI_PRL_045_ConfirmPayment	XUI_PRL_045_005_ConfirmPayment Redirect 2	1702986769388	1702986772212	OK	 
GROUP	XUI_PRL_045_ConfirmPayment	1702986769258	1702986772717	3457	OK
REQUEST	XUI_PRL_030_CreateCaseStart	XUI_PRL_030_005_CreateCaseStart	1702986772718	1702986773417	OK	 
GROUP	XUI_PRL_030_CreateCaseStart	1702986772717	1702986773417	699	OK
REQUEST	XUI_PRL_031_Type_Of_Application	XUI_PRL_031_005_Type_Of_Application	1702986773418	1702986773891	OK	 
GROUP	XUI_PRL_031_Type_Of_Application	1702986773418	1702986773892	473	OK
REQUEST	XUI_PRL_032_ApplicationCheckYourAnswers	XUI_PRL_032_005_ApplicationCheckYourAnswers	1702986773892	1702986780231	OK	 
GROUP	XUI_PRL_032_ApplicationCheckYourAnswers	1702986773892	1702986780232	6339	OK
REQUEST	XUI_PRL_033_ApplicationDetails	XUI_PRL_033_005_ApplicationDetails	1702986780232	1702986780984	OK	 
GROUP	XUI_PRL_033_ApplicationDetails	1702986780232	1702986780999	752	OK
REQUEST	XUI_PRL_034_EnterApplicationDetails	XUI_PRL_034_005_EnterApplicationDetails	1702986781000	1702986781440	OK	 
GROUP	XUI_PRL_034_EnterApplicationDetails	1702986780999	1702986781441	440	OK
REQUEST	XUI_PRL_035_SubmitApplicationDetails	XUI_PRL_035_005_SubmitApplicationDetails	1702986781441	1702986785896	OK	 
GROUP	XUI_PRL_035_SubmitApplicationDetails	1702986781441	1702986785897	4455	OK
REQUEST	XUI_PRL_036_SubmitAndPay	XUI_PRL_036_005_SubmitAndPay	1702986785897	1702986790092	OK	 
GROUP	XUI_PRL_036_SubmitAndPay	1702986785897	1702986790093	4195	OK
REQUEST	XUI_PRL_037_ConfidentialityStatement	XUI_PRL_037_005_ConfidentialityStatement	1702986790093	1702986790657	OK	 
GROUP	XUI_PRL_037_ConfidentialityStatement	1702986790093	1702986790657	564	OK
REQUEST	XUI_PRL_038_Declaration	XUI_PRL_038_005_Declaration	1702986790657	1702986791183	OK	 
GROUP	XUI_PRL_038_Declaration	1702986790657	1702986791184	526	OK
REQUEST	XUI_PRL_039_Continue	XUI_PRL_039_005_Continue	1702986791184	1702986791840	OK	 
GROUP	XUI_PRL_039_Continue	1702986791184	1702986791840	656	OK
REQUEST	XUI_PRL_040_Continue	XUI_PRL_039_005_Continue	1702986791841	1702986798159	OK	 
GROUP	XUI_PRL_040_Continue	1702986791840	1702986798160	6318	OK
REQUEST	XUI_PRL_041_DummyPaymentConfirmation 	XUI_PRL_041_005_DummyPaymentConfirmation 	1702986798160	1702986798693	OK	 
GROUP	XUI_PRL_041_DummyPaymentConfirmation 	1702986798160	1702986798693	533	OK
REQUEST	XUI_PRL_042_PaymentOption	XUI_PRL_042_005_PaymentOption	1702986798694	1702986799224	OK	 
GROUP	XUI_PRL_042_PaymentOption	1702986798693	1702986799225	530	OK
REQUEST	XUI_PRL_043_PaymentOption	XUI_PRL_043_005_PaymentOption	1702986799225	1702986799270	OK	 
REQUEST	XUI_PRL_043_PaymentOption	XUI_PRL_043_005_PaymentOption Redirect 1	1702986799270	1702986799370	OK	 
GROUP	XUI_PRL_043_PaymentOption	1702986799225	1702986799372	146	OK
REQUEST	XUI_PRL_044_CardDetails	XUI_PRL_044_005_CardDetails	1702986799373	1702986799496	OK	 
REQUEST	XUI_PRL_044_CardDetails	XUI_PRL_044_005_CardDetails Redirect 1	1702986799496	1702986799541	OK	 
GROUP	XUI_PRL_044_CardDetails	1702986799372	1702986799543	169	OK
REQUEST	XUI_PRL_045_ConfirmPayment	XUI_PRL_045_005_ConfirmPayment	1702986799543	1702986799607	OK	 
REQUEST	XUI_PRL_045_ConfirmPayment	XUI_PRL_045_005_ConfirmPayment Redirect 1	1702986799607	1702986799649	OK	 
REQUEST	XUI_PRL_045_ConfirmPayment	XUI_PRL_045_005_ConfirmPayment Redirect 2	1702986799649	1702986801530	OK	 
GROUP	XUI_PRL_045_ConfirmPayment	1702986799543	1702986802144	2600	OK
REQUEST	XUI_PRL_030_CreateCaseStart	XUI_PRL_030_005_CreateCaseStart	1702986802145	1702986803586	OK	 
GROUP	XUI_PRL_030_CreateCaseStart	1702986802144	1702986803587	1441	OK
REQUEST	XUI_PRL_031_Type_Of_Application	XUI_PRL_031_005_Type_Of_Application	1702986803587	1702986804249	OK	 
GROUP	XUI_PRL_031_Type_Of_Application	1702986803587	1702986804250	662	OK
REQUEST	XUI_PRL_032_ApplicationCheckYourAnswers	XUI_PRL_032_005_ApplicationCheckYourAnswers	1702986804250	1702986811698	OK	 
GROUP	XUI_PRL_032_ApplicationCheckYourAnswers	1702986804250	1702986811699	7448	OK
REQUEST	XUI_PRL_033_ApplicationDetails	XUI_PRL_033_005_ApplicationDetails	1702986811700	1702986812452	OK	 
GROUP	XUI_PRL_033_ApplicationDetails	1702986811699	1702986812499	752	OK
REQUEST	XUI_PRL_034_EnterApplicationDetails	XUI_PRL_034_005_EnterApplicationDetails	1702986812499	1702986813644	OK	 
GROUP	XUI_PRL_034_EnterApplicationDetails	1702986812499	1702986813644	1145	OK
REQUEST	XUI_PRL_035_SubmitApplicationDetails	XUI_PRL_035_005_SubmitApplicationDetails	1702986813645	1702986817729	OK	 
GROUP	XUI_PRL_035_SubmitApplicationDetails	1702986813644	1702986817730	4084	OK
REQUEST	XUI_PRL_036_SubmitAndPay	XUI_PRL_036_005_SubmitAndPay	1702986817730	1702986822535	OK	 
GROUP	XUI_PRL_036_SubmitAndPay	1702986817730	1702986822536	4805	OK
REQUEST	XUI_PRL_037_ConfidentialityStatement	XUI_PRL_037_005_ConfidentialityStatement	1702986822536	1702986823167	OK	 
GROUP	XUI_PRL_037_ConfidentialityStatement	1702986822536	1702986823167	631	OK
REQUEST	XUI_PRL_038_Declaration	XUI_PRL_038_005_Declaration	1702986823168	1702986823475	OK	 
GROUP	XUI_PRL_038_Declaration	1702986823167	1702986823476	307	OK
REQUEST	XUI_PRL_039_Continue	XUI_PRL_039_005_Continue	1702986823476	1702986823994	OK	 
GROUP	XUI_PRL_039_Continue	1702986823476	1702986823995	518	OK
REQUEST	XUI_PRL_040_Continue	XUI_PRL_039_005_Continue	1702986823995	1702986830539	OK	 
GROUP	XUI_PRL_040_Continue	1702986823995	1702986830541	6544	OK
REQUEST	XUI_PRL_041_DummyPaymentConfirmation 	XUI_PRL_041_005_DummyPaymentConfirmation 	1702986830541	1702986831359	OK	 
GROUP	XUI_PRL_041_DummyPaymentConfirmation 	1702986830541	1702986831359	818	OK
REQUEST	XUI_PRL_042_PaymentOption	XUI_PRL_042_005_PaymentOption	1702986831359	1702986832037	OK	 
GROUP	XUI_PRL_042_PaymentOption	1702986831359	1702986832037	678	OK
REQUEST	XUI_PRL_043_PaymentOption	XUI_PRL_043_005_PaymentOption	1702986832038	1702986832085	OK	 
REQUEST	XUI_PRL_043_PaymentOption	XUI_PRL_043_005_PaymentOption Redirect 1	1702986832085	1702986832156	OK	 
GROUP	XUI_PRL_043_PaymentOption	1702986832037	1702986832159	119	OK
REQUEST	XUI_PRL_044_CardDetails	XUI_PRL_044_005_CardDetails	1702986832160	1702986832267	OK	 
REQUEST	XUI_PRL_044_CardDetails	XUI_PRL_044_005_CardDetails Redirect 1	1702986832267	1702986832305	OK	 
GROUP	XUI_PRL_044_CardDetails	1702986832159	1702986832307	146	OK
REQUEST	XUI_PRL_045_ConfirmPayment	XUI_PRL_045_005_ConfirmPayment	1702986832307	1702986832371	OK	 
REQUEST	XUI_PRL_045_ConfirmPayment	XUI_PRL_045_005_ConfirmPayment Redirect 1	1702986832371	1702986832407	OK	 
REQUEST	XUI_PRL_045_ConfirmPayment	XUI_PRL_045_005_ConfirmPayment Redirect 2	1702986832407	1702986834198	OK	 
GROUP	XUI_PRL_045_ConfirmPayment	1702986832307	1702986835607	3298	OK
REQUEST	XUI_PRL_030_CreateCaseStart	XUI_PRL_030_005_CreateCaseStart	1702986835608	1702986836358	OK	 
GROUP	XUI_PRL_030_CreateCaseStart	1702986835607	1702986836359	750	OK
REQUEST	XUI_PRL_031_Type_Of_Application	XUI_PRL_031_005_Type_Of_Application	1702986836359	1702986836889	OK	 
GROUP	XUI_PRL_031_Type_Of_Application	1702986836359	1702986836889	530	OK
REQUEST	XUI_PRL_032_ApplicationCheckYourAnswers	XUI_PRL_032_005_ApplicationCheckYourAnswers	1702986836889	1702986844346	OK	 
GROUP	XUI_PRL_032_ApplicationCheckYourAnswers	1702986836889	1702986844348	7457	OK
REQUEST	XUI_PRL_033_ApplicationDetails	XUI_PRL_033_005_ApplicationDetails	1702986844348	1702986845166	OK	 
GROUP	XUI_PRL_033_ApplicationDetails	1702986844348	1702986845181	818	OK
REQUEST	XUI_PRL_034_EnterApplicationDetails	XUI_PRL_034_005_EnterApplicationDetails	1702986845181	1702986845744	OK	 
GROUP	XUI_PRL_034_EnterApplicationDetails	1702986845181	1702986845745	563	OK
REQUEST	XUI_PRL_035_SubmitApplicationDetails	XUI_PRL_035_005_SubmitApplicationDetails	1702986845745	1702986849593	OK	 
GROUP	XUI_PRL_035_SubmitApplicationDetails	1702986845745	1702986849594	3848	OK
REQUEST	XUI_PRL_036_SubmitAndPay	XUI_PRL_036_005_SubmitAndPay	1702986849594	1702986853283	OK	 
GROUP	XUI_PRL_036_SubmitAndPay	1702986849594	1702986853284	3689	OK
REQUEST	XUI_PRL_037_ConfidentialityStatement	XUI_PRL_037_005_ConfidentialityStatement	1702986853284	1702986853785	OK	 
GROUP	XUI_PRL_037_ConfidentialityStatement	1702986853284	1702986853785	501	OK
REQUEST	XUI_PRL_038_Declaration	XUI_PRL_038_005_Declaration	1702986853785	1702986854185	OK	 
GROUP	XUI_PRL_038_Declaration	1702986853785	1702986854185	400	OK
REQUEST	XUI_PRL_039_Continue	XUI_PRL_039_005_Continue	1702986854185	1702986854730	OK	 
GROUP	XUI_PRL_039_Continue	1702986854185	1702986854731	545	OK
REQUEST	XUI_PRL_040_Continue	XUI_PRL_039_005_Continue	1702986854731	1702986860779	OK	 
GROUP	XUI_PRL_040_Continue	1702986854731	1702986860780	6048	OK
REQUEST	XUI_PRL_041_DummyPaymentConfirmation 	XUI_PRL_041_005_DummyPaymentConfirmation 	1702986860780	1702986863318	OK	 
GROUP	XUI_PRL_041_DummyPaymentConfirmation 	1702986860780	1702986863319	2538	OK
REQUEST	XUI_PRL_042_PaymentOption	XUI_PRL_042_005_PaymentOption	1702986863319	1702986864229	OK	 
GROUP	XUI_PRL_042_PaymentOption	1702986863319	1702986864229	910	OK
REQUEST	XUI_PRL_043_PaymentOption	XUI_PRL_043_005_PaymentOption	1702986864229	1702986864275	OK	 
REQUEST	XUI_PRL_043_PaymentOption	XUI_PRL_043_005_PaymentOption Redirect 1	1702986864275	1702986864337	OK	 
GROUP	XUI_PRL_043_PaymentOption	1702986864229	1702986864340	109	OK
REQUEST	XUI_PRL_044_CardDetails	XUI_PRL_044_005_CardDetails	1702986864340	1702986864457	OK	 
REQUEST	XUI_PRL_044_CardDetails	XUI_PRL_044_005_CardDetails Redirect 1	1702986864458	1702986864501	OK	 
GROUP	XUI_PRL_044_CardDetails	1702986864340	1702986864503	161	OK
REQUEST	XUI_PRL_045_ConfirmPayment	XUI_PRL_045_005_ConfirmPayment	1702986864503	1702986864571	OK	 
REQUEST	XUI_PRL_045_ConfirmPayment	XUI_PRL_045_005_ConfirmPayment Redirect 1	1702986864571	1702986864613	OK	 
REQUEST	XUI_PRL_045_ConfirmPayment	XUI_PRL_045_005_ConfirmPayment Redirect 2	1702986864613	1702986866773	OK	 
GROUP	XUI_PRL_045_ConfirmPayment	1702986864503	1702986867820	3315	OK
REQUEST	XUI_PRL_030_CreateCaseStart	XUI_PRL_030_005_CreateCaseStart	1702986867820	1702986868248	OK	 
GROUP	XUI_PRL_030_CreateCaseStart	1702986867820	1702986868248	428	OK
REQUEST	XUI_PRL_031_Type_Of_Application	XUI_PRL_031_005_Type_Of_Application	1702986868249	1702986868667	OK	 
GROUP	XUI_PRL_031_Type_Of_Application	1702986868248	1702986868668	418	OK
REQUEST	XUI_PRL_032_ApplicationCheckYourAnswers	XUI_PRL_032_005_ApplicationCheckYourAnswers	1702986868668	1702986876732	OK	 
GROUP	XUI_PRL_032_ApplicationCheckYourAnswers	1702986868668	1702986876733	8064	OK
REQUEST	XUI_PRL_033_ApplicationDetails	XUI_PRL_033_005_ApplicationDetails	1702986876734	1702986877408	OK	 
GROUP	XUI_PRL_033_ApplicationDetails	1702986876733	1702986877432	674	OK
REQUEST	XUI_PRL_034_EnterApplicationDetails	XUI_PRL_034_005_EnterApplicationDetails	1702986877432	1702986877973	OK	 
GROUP	XUI_PRL_034_EnterApplicationDetails	1702986877432	1702986877974	541	OK
REQUEST	XUI_PRL_035_SubmitApplicationDetails	XUI_PRL_035_005_SubmitApplicationDetails	1702986877974	1702986881848	OK	 
GROUP	XUI_PRL_035_SubmitApplicationDetails	1702986877974	1702986881848	3874	OK
REQUEST	XUI_PRL_036_SubmitAndPay	XUI_PRL_036_005_SubmitAndPay	1702986881848	1702986887270	OK	 
GROUP	XUI_PRL_036_SubmitAndPay	1702986881848	1702986887271	5422	OK
REQUEST	XUI_PRL_037_ConfidentialityStatement	XUI_PRL_037_005_ConfidentialityStatement	1702986887271	1702986887783	OK	 
GROUP	XUI_PRL_037_ConfidentialityStatement	1702986887271	1702986887783	512	OK
REQUEST	XUI_PRL_038_Declaration	XUI_PRL_038_005_Declaration	1702986887783	1702986888294	OK	 
GROUP	XUI_PRL_038_Declaration	1702986887783	1702986888294	511	OK
REQUEST	XUI_PRL_039_Continue	XUI_PRL_039_005_Continue	1702986888294	1702986889398	OK	 
GROUP	XUI_PRL_039_Continue	1702986888294	1702986889399	1104	OK
REQUEST	XUI_PRL_040_Continue	XUI_PRL_039_005_Continue	1702986889399	1702986896159	OK	 
GROUP	XUI_PRL_040_Continue	1702986889399	1702986896161	6760	OK
REQUEST	XUI_PRL_041_DummyPaymentConfirmation 	XUI_PRL_041_005_DummyPaymentConfirmation 	1702986896161	1702986896999	OK	 
GROUP	XUI_PRL_041_DummyPaymentConfirmation 	1702986896161	1702986896999	838	OK
REQUEST	XUI_PRL_042_PaymentOption	XUI_PRL_042_005_PaymentOption	1702986896999	1702986897553	OK	 
GROUP	XUI_PRL_042_PaymentOption	1702986896999	1702986897553	554	OK
REQUEST	XUI_PRL_043_PaymentOption	XUI_PRL_043_005_PaymentOption	1702986897553	1702986897598	OK	 
REQUEST	XUI_PRL_043_PaymentOption	XUI_PRL_043_005_PaymentOption Redirect 1	1702986897599	1702986897666	OK	 
GROUP	XUI_PRL_043_PaymentOption	1702986897553	1702986897669	113	OK
REQUEST	XUI_PRL_044_CardDetails	XUI_PRL_044_005_CardDetails	1702986897669	1702986897838	OK	 
REQUEST	XUI_PRL_044_CardDetails	XUI_PRL_044_005_CardDetails Redirect 1	1702986897838	1702986897891	OK	 
GROUP	XUI_PRL_044_CardDetails	1702986897669	1702986897893	223	OK
REQUEST	XUI_PRL_045_ConfirmPayment	XUI_PRL_045_005_ConfirmPayment	1702986897893	1702986898045	OK	 
REQUEST	XUI_PRL_045_ConfirmPayment	XUI_PRL_045_005_ConfirmPayment Redirect 1	1702986898045	1702986898221	OK	 
REQUEST	XUI_PRL_045_ConfirmPayment	XUI_PRL_045_005_ConfirmPayment Redirect 2	1702986898222	1702986900128	OK	 
GROUP	XUI_PRL_045_ConfirmPayment	1702986897893	1702986901055	3158	OK
REQUEST	XUI_PRL_030_CreateCaseStart	XUI_PRL_030_005_CreateCaseStart	1702986901056	1702986902100	OK	 
GROUP	XUI_PRL_030_CreateCaseStart	1702986901055	1702986902100	1044	OK
REQUEST	XUI_PRL_031_Type_Of_Application	XUI_PRL_031_005_Type_Of_Application	1702986902101	1702986902965	OK	 
GROUP	XUI_PRL_031_Type_Of_Application	1702986902100	1702986902965	864	OK
REQUEST	XUI_PRL_032_ApplicationCheckYourAnswers	XUI_PRL_032_005_ApplicationCheckYourAnswers	1702986902965	1702986910991	OK	 
GROUP	XUI_PRL_032_ApplicationCheckYourAnswers	1702986902965	1702986910992	8026	OK
REQUEST	XUI_PRL_033_ApplicationDetails	XUI_PRL_033_005_ApplicationDetails	1702986910992	1702986912484	OK	 
GROUP	XUI_PRL_033_ApplicationDetails	1702986910992	1702986912498	1492	OK
REQUEST	XUI_PRL_034_EnterApplicationDetails	XUI_PRL_034_005_EnterApplicationDetails	1702986912498	1702986912976	OK	 
GROUP	XUI_PRL_034_EnterApplicationDetails	1702986912498	1702986912977	478	OK
REQUEST	XUI_PRL_035_SubmitApplicationDetails	XUI_PRL_035_005_SubmitApplicationDetails	1702986912977	1702986916808	OK	 
GROUP	XUI_PRL_035_SubmitApplicationDetails	1702986912977	1702986916809	3831	OK
REQUEST	XUI_PRL_036_SubmitAndPay	XUI_PRL_036_005_SubmitAndPay	1702986916809	1702986920388	OK	 
GROUP	XUI_PRL_036_SubmitAndPay	1702986916809	1702986920389	3579	OK
REQUEST	XUI_PRL_037_ConfidentialityStatement	XUI_PRL_037_005_ConfidentialityStatement	1702986920389	1702986920827	OK	 
GROUP	XUI_PRL_037_ConfidentialityStatement	1702986920389	1702986920827	438	OK
REQUEST	XUI_PRL_038_Declaration	XUI_PRL_038_005_Declaration	1702986920828	1702986921292	OK	 
GROUP	XUI_PRL_038_Declaration	1702986920827	1702986921292	464	OK
REQUEST	XUI_PRL_039_Continue	XUI_PRL_039_005_Continue	1702986921292	1702986921901	OK	 
GROUP	XUI_PRL_039_Continue	1702986921292	1702986921901	609	OK
REQUEST	XUI_PRL_040_Continue	XUI_PRL_039_005_Continue	1702986921901	1702986928918	OK	 
GROUP	XUI_PRL_040_Continue	1702986921901	1702986928919	7017	OK
REQUEST	XUI_PRL_041_DummyPaymentConfirmation 	XUI_PRL_041_005_DummyPaymentConfirmation 	1702986928919	1702986929644	OK	 
GROUP	XUI_PRL_041_DummyPaymentConfirmation 	1702986928919	1702986929644	725	OK
REQUEST	XUI_PRL_042_PaymentOption	XUI_PRL_042_005_PaymentOption	1702986929644	1702986930409	OK	 
GROUP	XUI_PRL_042_PaymentOption	1702986929644	1702986930409	765	OK
REQUEST	XUI_PRL_043_PaymentOption	XUI_PRL_043_005_PaymentOption	1702986930409	1702986930460	OK	 
REQUEST	XUI_PRL_043_PaymentOption	XUI_PRL_043_005_PaymentOption Redirect 1	1702986930460	1702986930534	OK	 
GROUP	XUI_PRL_043_PaymentOption	1702986930409	1702986930537	126	OK
REQUEST	XUI_PRL_044_CardDetails	XUI_PRL_044_005_CardDetails	1702986930537	1702986930639	OK	 
REQUEST	XUI_PRL_044_CardDetails	XUI_PRL_044_005_CardDetails Redirect 1	1702986930639	1702986930685	OK	 
GROUP	XUI_PRL_044_CardDetails	1702986930537	1702986930687	149	OK
REQUEST	XUI_PRL_045_ConfirmPayment	XUI_PRL_045_005_ConfirmPayment	1702986930687	1702986930759	OK	 
REQUEST	XUI_PRL_045_ConfirmPayment	XUI_PRL_045_005_ConfirmPayment Redirect 1	1702986930759	1702986930802	OK	 
REQUEST	XUI_PRL_045_ConfirmPayment	XUI_PRL_045_005_ConfirmPayment Redirect 2	1702986930802	1702986932455	OK	 
GROUP	XUI_PRL_045_ConfirmPayment	1702986930687	1702986932706	2017	OK
REQUEST	XUI_PRL_030_CreateCaseStart	XUI_PRL_030_005_CreateCaseStart	1702986932706	1702986933256	OK	 
GROUP	XUI_PRL_030_CreateCaseStart	1702986932706	1702986933257	550	OK
REQUEST	XUI_PRL_031_Type_Of_Application	XUI_PRL_031_005_Type_Of_Application	1702986933257	1702986933913	OK	 
GROUP	XUI_PRL_031_Type_Of_Application	1702986933257	1702986933913	656	OK
REQUEST	XUI_PRL_032_ApplicationCheckYourAnswers	XUI_PRL_032_005_ApplicationCheckYourAnswers	1702986933913	1702986940791	OK	 
GROUP	XUI_PRL_032_ApplicationCheckYourAnswers	1702986933913	1702986940792	6878	OK
REQUEST	XUI_PRL_033_ApplicationDetails	XUI_PRL_033_005_ApplicationDetails	1702986940793	1702986942768	OK	 
GROUP	XUI_PRL_033_ApplicationDetails	1702986940792	1702986942781	1975	OK
REQUEST	XUI_PRL_034_EnterApplicationDetails	XUI_PRL_034_005_EnterApplicationDetails	1702986942782	1702986943157	OK	 
GROUP	XUI_PRL_034_EnterApplicationDetails	1702986942781	1702986943157	375	OK
REQUEST	XUI_PRL_035_SubmitApplicationDetails	XUI_PRL_035_005_SubmitApplicationDetails	1702986943157	1702986948506	OK	 
GROUP	XUI_PRL_035_SubmitApplicationDetails	1702986943157	1702986948506	5349	OK
REQUEST	XUI_PRL_036_SubmitAndPay	XUI_PRL_036_005_SubmitAndPay	1702986948506	1702986953422	OK	 
GROUP	XUI_PRL_036_SubmitAndPay	1702986948506	1702986953423	4916	OK
REQUEST	XUI_PRL_037_ConfidentialityStatement	XUI_PRL_037_005_ConfidentialityStatement	1702986953423	1702986953852	OK	 
GROUP	XUI_PRL_037_ConfidentialityStatement	1702986953423	1702986953852	429	OK
REQUEST	XUI_PRL_038_Declaration	XUI_PRL_038_005_Declaration	1702986953853	1702986954264	OK	 
GROUP	XUI_PRL_038_Declaration	1702986953852	1702986954264	411	OK
REQUEST	XUI_PRL_039_Continue	XUI_PRL_039_005_Continue	1702986954264	1702986954908	OK	 
GROUP	XUI_PRL_039_Continue	1702986954264	1702986954908	644	OK
REQUEST	XUI_PRL_040_Continue	XUI_PRL_039_005_Continue	1702986954909	1702986962172	OK	 
GROUP	XUI_PRL_040_Continue	1702986954908	1702986962173	7263	OK
REQUEST	XUI_PRL_041_DummyPaymentConfirmation 	XUI_PRL_041_005_DummyPaymentConfirmation 	1702986962173	1702986963826	OK	 
GROUP	XUI_PRL_041_DummyPaymentConfirmation 	1702986962173	1702986963826	1653	OK
REQUEST	XUI_PRL_042_PaymentOption	XUI_PRL_042_005_PaymentOption	1702986963826	1702986964496	OK	 
GROUP	XUI_PRL_042_PaymentOption	1702986963826	1702986964496	670	OK
REQUEST	XUI_PRL_043_PaymentOption	XUI_PRL_043_005_PaymentOption	1702986964497	1702986964550	OK	 
REQUEST	XUI_PRL_043_PaymentOption	XUI_PRL_043_005_PaymentOption Redirect 1	1702986964551	1702986964616	OK	 
GROUP	XUI_PRL_043_PaymentOption	1702986964496	1702986964619	119	OK
REQUEST	XUI_PRL_044_CardDetails	XUI_PRL_044_005_CardDetails	1702986964619	1702986964720	OK	 
REQUEST	XUI_PRL_044_CardDetails	XUI_PRL_044_005_CardDetails Redirect 1	1702986964720	1702986964763	OK	 
GROUP	XUI_PRL_044_CardDetails	1702986964619	1702986964765	145	OK
REQUEST	XUI_PRL_045_ConfirmPayment	XUI_PRL_045_005_ConfirmPayment	1702986964765	1702986964829	OK	 
REQUEST	XUI_PRL_045_ConfirmPayment	XUI_PRL_045_005_ConfirmPayment Redirect 1	1702986964829	1702986964868	OK	 
REQUEST	XUI_PRL_045_ConfirmPayment	XUI_PRL_045_005_ConfirmPayment Redirect 2	1702986964868	1702986967132	OK	 
GROUP	XUI_PRL_045_ConfirmPayment	1702986964765	1702986969449	4681	OK
REQUEST	XUI_PRL_030_CreateCaseStart	XUI_PRL_030_005_CreateCaseStart	1702986969450	1702986970560	OK	 
GROUP	XUI_PRL_030_CreateCaseStart	1702986969449	1702986970560	1110	OK
REQUEST	XUI_PRL_031_Type_Of_Application	XUI_PRL_031_005_Type_Of_Application	1702986970561	1702986971146	OK	 
GROUP	XUI_PRL_031_Type_Of_Application	1702986970560	1702986971146	585	OK
REQUEST	XUI_PRL_032_ApplicationCheckYourAnswers	XUI_PRL_032_005_ApplicationCheckYourAnswers	1702986971146	1702986977852	OK	 
GROUP	XUI_PRL_032_ApplicationCheckYourAnswers	1702986971146	1702986977854	6706	OK
REQUEST	XUI_PRL_033_ApplicationDetails	XUI_PRL_033_005_ApplicationDetails	1702986977854	1702986978866	OK	 
GROUP	XUI_PRL_033_ApplicationDetails	1702986977854	1702986978881	1012	OK
REQUEST	XUI_PRL_034_EnterApplicationDetails	XUI_PRL_034_005_EnterApplicationDetails	1702986978881	1702986979170	OK	 
GROUP	XUI_PRL_034_EnterApplicationDetails	1702986978881	1702986979170	289	OK
REQUEST	XUI_PRL_035_SubmitApplicationDetails	XUI_PRL_035_005_SubmitApplicationDetails	1702986979171	1702986983046	OK	 
GROUP	XUI_PRL_035_SubmitApplicationDetails	1702986979170	1702986983047	3875	OK
REQUEST	XUI_PRL_036_SubmitAndPay	XUI_PRL_036_005_SubmitAndPay	1702986983047	1702986987017	OK	 
GROUP	XUI_PRL_036_SubmitAndPay	1702986983047	1702986987018	3970	OK
REQUEST	XUI_PRL_037_ConfidentialityStatement	XUI_PRL_037_005_ConfidentialityStatement	1702986987018	1702986987464	OK	 
GROUP	XUI_PRL_037_ConfidentialityStatement	1702986987018	1702986987464	446	OK
REQUEST	XUI_PRL_038_Declaration	XUI_PRL_038_005_Declaration	1702986987465	1702986987780	OK	 
GROUP	XUI_PRL_038_Declaration	1702986987464	1702986987780	315	OK
REQUEST	XUI_PRL_039_Continue	XUI_PRL_039_005_Continue	1702986987780	1702986988773	OK	 
GROUP	XUI_PRL_039_Continue	1702986987780	1702986988773	993	OK
REQUEST	XUI_PRL_040_Continue	XUI_PRL_039_005_Continue	1702986988774	1702986996164	OK	 
GROUP	XUI_PRL_040_Continue	1702986988773	1702986996166	7390	OK
REQUEST	XUI_PRL_041_DummyPaymentConfirmation 	XUI_PRL_041_005_DummyPaymentConfirmation 	1702986996166	1702986996648	OK	 
GROUP	XUI_PRL_041_DummyPaymentConfirmation 	1702986996166	1702986996648	482	OK
REQUEST	XUI_PRL_042_PaymentOption	XUI_PRL_042_005_PaymentOption	1702986996649	1702986997477	OK	 
GROUP	XUI_PRL_042_PaymentOption	1702986996648	1702986997477	828	OK
REQUEST	XUI_PRL_043_PaymentOption	XUI_PRL_043_005_PaymentOption	1702986997477	1702986997648	OK	 
REQUEST	XUI_PRL_043_PaymentOption	XUI_PRL_043_005_PaymentOption Redirect 1	1702986997648	1702986997769	OK	 
GROUP	XUI_PRL_043_PaymentOption	1702986997477	1702986997772	293	OK
REQUEST	XUI_PRL_044_CardDetails	XUI_PRL_044_005_CardDetails	1702986997772	1702986997945	OK	 
REQUEST	XUI_PRL_044_CardDetails	XUI_PRL_044_005_CardDetails Redirect 1	1702986997946	1702986997987	OK	 
GROUP	XUI_PRL_044_CardDetails	1702986997772	1702986997989	215	OK
REQUEST	XUI_PRL_045_ConfirmPayment	XUI_PRL_045_005_ConfirmPayment	1702986997989	1702986998301	OK	 
REQUEST	XUI_PRL_045_ConfirmPayment	XUI_PRL_045_005_ConfirmPayment Redirect 1	1702986998301	1702986998454	OK	 
REQUEST	XUI_PRL_045_ConfirmPayment	XUI_PRL_045_005_ConfirmPayment Redirect 2	1702986998454	1702987000352	OK	 
GROUP	XUI_PRL_045_ConfirmPayment	1702986997989	1702987000926	2936	OK
REQUEST	XUI_PRL_030_CreateCaseStart	XUI_PRL_030_005_CreateCaseStart	1702987000927	1702987001760	OK	 
GROUP	XUI_PRL_030_CreateCaseStart	1702987000927	1702987001761	833	OK
REQUEST	XUI_PRL_031_Type_Of_Application	XUI_PRL_031_005_Type_Of_Application	1702987001761	1702987002093	OK	 
GROUP	XUI_PRL_031_Type_Of_Application	1702987001761	1702987002094	332	OK
REQUEST	XUI_PRL_032_ApplicationCheckYourAnswers	XUI_PRL_032_005_ApplicationCheckYourAnswers	1702987002094	1702987010186	OK	 
GROUP	XUI_PRL_032_ApplicationCheckYourAnswers	1702987002094	1702987010188	8092	OK
REQUEST	XUI_PRL_033_ApplicationDetails	XUI_PRL_033_005_ApplicationDetails	1702987010188	1702987012772	OK	 
GROUP	XUI_PRL_033_ApplicationDetails	1702987010188	1702987012786	2584	OK
REQUEST	XUI_PRL_034_EnterApplicationDetails	XUI_PRL_034_005_EnterApplicationDetails	1702987012786	1702987013225	OK	 
GROUP	XUI_PRL_034_EnterApplicationDetails	1702987012786	1702987013225	439	OK
REQUEST	XUI_PRL_035_SubmitApplicationDetails	XUI_PRL_035_005_SubmitApplicationDetails	1702987013225	1702987016876	OK	 
GROUP	XUI_PRL_035_SubmitApplicationDetails	1702987013225	1702987016876	3651	OK
REQUEST	XUI_PRL_036_SubmitAndPay	XUI_PRL_036_005_SubmitAndPay	1702987016876	1702987021784	OK	 
GROUP	XUI_PRL_036_SubmitAndPay	1702987016876	1702987021785	4908	OK
REQUEST	XUI_PRL_037_ConfidentialityStatement	XUI_PRL_037_005_ConfidentialityStatement	1702987021785	1702987022404	OK	 
GROUP	XUI_PRL_037_ConfidentialityStatement	1702987021785	1702987022405	619	OK
REQUEST	XUI_PRL_038_Declaration	XUI_PRL_038_005_Declaration	1702987022405	1702987024113	OK	 
GROUP	XUI_PRL_038_Declaration	1702987022405	1702987024113	1708	OK
REQUEST	XUI_PRL_039_Continue	XUI_PRL_039_005_Continue	1702987024114	1702987024752	OK	 
GROUP	XUI_PRL_039_Continue	1702987024113	1702987024752	638	OK
REQUEST	XUI_PRL_040_Continue	XUI_PRL_039_005_Continue	1702987024753	1702987029929	OK	 
GROUP	XUI_PRL_040_Continue	1702987024752	1702987029930	5176	OK
REQUEST	XUI_PRL_041_DummyPaymentConfirmation 	XUI_PRL_041_005_DummyPaymentConfirmation 	1702987029930	1702987030755	OK	 
GROUP	XUI_PRL_041_DummyPaymentConfirmation 	1702987029930	1702987030755	825	OK
REQUEST	XUI_PRL_042_PaymentOption	XUI_PRL_042_005_PaymentOption	1702987030756	1702987031349	OK	 
GROUP	XUI_PRL_042_PaymentOption	1702987030755	1702987031349	593	OK
REQUEST	XUI_PRL_043_PaymentOption	XUI_PRL_043_005_PaymentOption	1702987031349	1702987031394	OK	 
REQUEST	XUI_PRL_043_PaymentOption	XUI_PRL_043_005_PaymentOption Redirect 1	1702987031394	1702987031455	OK	 
GROUP	XUI_PRL_043_PaymentOption	1702987031349	1702987031457	107	OK
REQUEST	XUI_PRL_044_CardDetails	XUI_PRL_044_005_CardDetails	1702987031457	1702987031591	OK	 
REQUEST	XUI_PRL_044_CardDetails	XUI_PRL_044_005_CardDetails Redirect 1	1702987031591	1702987031634	OK	 
GROUP	XUI_PRL_044_CardDetails	1702987031457	1702987031635	178	OK
REQUEST	XUI_PRL_045_ConfirmPayment	XUI_PRL_045_005_ConfirmPayment	1702987031636	1702987031695	OK	 
REQUEST	XUI_PRL_045_ConfirmPayment	XUI_PRL_045_005_ConfirmPayment Redirect 1	1702987031696	1702987031730	OK	 
REQUEST	XUI_PRL_045_ConfirmPayment	XUI_PRL_045_005_ConfirmPayment Redirect 2	1702987031730	1702987033910	OK	 
GROUP	XUI_PRL_045_ConfirmPayment	1702987031635	1702987034958	3320	OK
REQUEST	XUI_PRL_030_CreateCaseStart	XUI_PRL_030_005_CreateCaseStart	1702987034959	1702987035741	OK	 
GROUP	XUI_PRL_030_CreateCaseStart	1702987034958	1702987035742	782	OK
REQUEST	XUI_PRL_031_Type_Of_Application	XUI_PRL_031_005_Type_Of_Application	1702987035742	1702987036367	OK	 
GROUP	XUI_PRL_031_Type_Of_Application	1702987035742	1702987036368	625	OK
REQUEST	XUI_PRL_032_ApplicationCheckYourAnswers	XUI_PRL_032_005_ApplicationCheckYourAnswers	1702987036368	1702987041720	OK	 
GROUP	XUI_PRL_032_ApplicationCheckYourAnswers	1702987036368	1702987041722	5352	OK
REQUEST	XUI_PRL_033_ApplicationDetails	XUI_PRL_033_005_ApplicationDetails	1702987041722	1702987042756	OK	 
GROUP	XUI_PRL_033_ApplicationDetails	1702987041722	1702987042776	1034	OK
REQUEST	XUI_PRL_034_EnterApplicationDetails	XUI_PRL_034_005_EnterApplicationDetails	1702987042776	1702987043230	OK	 
GROUP	XUI_PRL_034_EnterApplicationDetails	1702987042776	1702987043231	454	OK
REQUEST	XUI_PRL_035_SubmitApplicationDetails	XUI_PRL_035_005_SubmitApplicationDetails	1702987043231	1702987048354	OK	 
GROUP	XUI_PRL_035_SubmitApplicationDetails	1702987043231	1702987048355	5123	OK
REQUEST	XUI_PRL_036_SubmitAndPay	XUI_PRL_036_005_SubmitAndPay	1702987048355	1702987053238	OK	 
GROUP	XUI_PRL_036_SubmitAndPay	1702987048355	1702987053239	4883	OK
REQUEST	XUI_PRL_037_ConfidentialityStatement	XUI_PRL_037_005_ConfidentialityStatement	1702987053239	1702987053579	OK	 
GROUP	XUI_PRL_037_ConfidentialityStatement	1702987053239	1702987053579	340	OK
REQUEST	XUI_PRL_038_Declaration	XUI_PRL_038_005_Declaration	1702987053579	1702987054091	OK	 
GROUP	XUI_PRL_038_Declaration	1702987053579	1702987054092	512	OK
REQUEST	XUI_PRL_039_Continue	XUI_PRL_039_005_Continue	1702987054092	1702987055741	OK	 
GROUP	XUI_PRL_039_Continue	1702987054092	1702987055742	1649	OK
REQUEST	XUI_PRL_040_Continue	XUI_PRL_039_005_Continue	1702987055742	1702987062464	OK	 
GROUP	XUI_PRL_040_Continue	1702987055742	1702987062465	6722	OK
REQUEST	XUI_PRL_041_DummyPaymentConfirmation 	XUI_PRL_041_005_DummyPaymentConfirmation 	1702987062465	1702987063646	OK	 
GROUP	XUI_PRL_041_DummyPaymentConfirmation 	1702987062465	1702987063647	1181	OK
REQUEST	XUI_PRL_042_PaymentOption	XUI_PRL_042_005_PaymentOption	1702987063647	1702987064390	OK	 
GROUP	XUI_PRL_042_PaymentOption	1702987063647	1702987064390	743	OK
REQUEST	XUI_PRL_043_PaymentOption	XUI_PRL_043_005_PaymentOption	1702987064390	1702987064436	OK	 
REQUEST	XUI_PRL_043_PaymentOption	XUI_PRL_043_005_PaymentOption Redirect 1	1702987064436	1702987064492	OK	 
GROUP	XUI_PRL_043_PaymentOption	1702987064390	1702987064495	103	OK
REQUEST	XUI_PRL_044_CardDetails	XUI_PRL_044_005_CardDetails	1702987064495	1702987064601	OK	 
REQUEST	XUI_PRL_044_CardDetails	XUI_PRL_044_005_CardDetails Redirect 1	1702987064602	1702987064642	OK	 
GROUP	XUI_PRL_044_CardDetails	1702987064495	1702987064643	147	OK
REQUEST	XUI_PRL_045_ConfirmPayment	XUI_PRL_045_005_ConfirmPayment	1702987064644	1702987064720	OK	 
REQUEST	XUI_PRL_045_ConfirmPayment	XUI_PRL_045_005_ConfirmPayment Redirect 1	1702987064720	1702987064760	OK	 
REQUEST	XUI_PRL_045_ConfirmPayment	XUI_PRL_045_005_ConfirmPayment Redirect 2	1702987064761	1702987066828	OK	 
GROUP	XUI_PRL_045_ConfirmPayment	1702987064643	1702987067813	3167	OK
REQUEST	XUI_PRL_030_CreateCaseStart	XUI_PRL_030_005_CreateCaseStart	1702987067814	1702987068734	OK	 
GROUP	XUI_PRL_030_CreateCaseStart	1702987067813	1702987068735	920	OK
REQUEST	XUI_PRL_031_Type_Of_Application	XUI_PRL_031_005_Type_Of_Application	1702987068735	1702987069324	OK	 
GROUP	XUI_PRL_031_Type_Of_Application	1702987068735	1702987069324	589	OK
REQUEST	XUI_PRL_032_ApplicationCheckYourAnswers	XUI_PRL_032_005_ApplicationCheckYourAnswers	1702987069325	1702987076187	OK	 
GROUP	XUI_PRL_032_ApplicationCheckYourAnswers	1702987069324	1702987076188	6862	OK
REQUEST	XUI_PRL_033_ApplicationDetails	XUI_PRL_033_005_ApplicationDetails	1702987076189	1702987077776	OK	 
GROUP	XUI_PRL_033_ApplicationDetails	1702987076188	1702987077789	1587	OK
REQUEST	XUI_PRL_034_EnterApplicationDetails	XUI_PRL_034_005_EnterApplicationDetails	1702987077789	1702987078485	OK	 
GROUP	XUI_PRL_034_EnterApplicationDetails	1702987077789	1702987078485	696	OK
REQUEST	XUI_PRL_035_SubmitApplicationDetails	XUI_PRL_035_005_SubmitApplicationDetails	1702987078485	1702987084082	OK	 
GROUP	XUI_PRL_035_SubmitApplicationDetails	1702987078485	1702987084082	5597	OK
REQUEST	XUI_PRL_036_SubmitAndPay	XUI_PRL_036_005_SubmitAndPay	1702987084082	1702987087827	OK	 
GROUP	XUI_PRL_036_SubmitAndPay	1702987084082	1702987087828	3745	OK
REQUEST	XUI_PRL_037_ConfidentialityStatement	XUI_PRL_037_005_ConfidentialityStatement	1702987087828	1702987088288	OK	 
GROUP	XUI_PRL_037_ConfidentialityStatement	1702987087828	1702987088288	460	OK
REQUEST	XUI_PRL_038_Declaration	XUI_PRL_038_005_Declaration	1702987088288	1702987088898	OK	 
GROUP	XUI_PRL_038_Declaration	1702987088288	1702987088899	610	OK
REQUEST	XUI_PRL_039_Continue	XUI_PRL_039_005_Continue	1702987088899	1702987089891	OK	 
GROUP	XUI_PRL_039_Continue	1702987088899	1702987089892	992	OK
REQUEST	XUI_PRL_040_Continue	XUI_PRL_039_005_Continue	1702987089892	1702987095470	OK	 
GROUP	XUI_PRL_040_Continue	1702987089892	1702987095471	5578	OK
REQUEST	XUI_PRL_041_DummyPaymentConfirmation 	XUI_PRL_041_005_DummyPaymentConfirmation 	1702987095471	1702987096452	OK	 
GROUP	XUI_PRL_041_DummyPaymentConfirmation 	1702987095471	1702987096452	981	OK
REQUEST	XUI_PRL_042_PaymentOption	XUI_PRL_042_005_PaymentOption	1702987096452	1702987097091	OK	 
GROUP	XUI_PRL_042_PaymentOption	1702987096452	1702987097092	639	OK
REQUEST	XUI_PRL_043_PaymentOption	XUI_PRL_043_005_PaymentOption	1702987097092	1702987097143	OK	 
REQUEST	XUI_PRL_043_PaymentOption	XUI_PRL_043_005_PaymentOption Redirect 1	1702987097143	1702987097211	OK	 
GROUP	XUI_PRL_043_PaymentOption	1702987097092	1702987097214	120	OK
REQUEST	XUI_PRL_044_CardDetails	XUI_PRL_044_005_CardDetails	1702987097214	1702987097337	OK	 
REQUEST	XUI_PRL_044_CardDetails	XUI_PRL_044_005_CardDetails Redirect 1	1702987097337	1702987097371	OK	 
GROUP	XUI_PRL_044_CardDetails	1702987097214	1702987097372	158	OK
REQUEST	XUI_PRL_045_ConfirmPayment	XUI_PRL_045_005_ConfirmPayment	1702987097373	1702987097506	OK	 
REQUEST	XUI_PRL_045_ConfirmPayment	XUI_PRL_045_005_ConfirmPayment Redirect 1	1702987097506	1702987097539	OK	 
REQUEST	XUI_PRL_045_ConfirmPayment	XUI_PRL_045_005_ConfirmPayment Redirect 2	1702987097540	1702987099417	OK	 
GROUP	XUI_PRL_045_ConfirmPayment	1702987097372	1702987099716	2340	OK
REQUEST	XUI_PRL_030_CreateCaseStart	XUI_PRL_030_005_CreateCaseStart	1702987099716	1702987100574	OK	 
GROUP	XUI_PRL_030_CreateCaseStart	1702987099716	1702987100575	858	OK
REQUEST	XUI_PRL_031_Type_Of_Application	XUI_PRL_031_005_Type_Of_Application	1702987100575	1702987100972	OK	 
GROUP	XUI_PRL_031_Type_Of_Application	1702987100575	1702987100972	397	OK
REQUEST	XUI_PRL_032_ApplicationCheckYourAnswers	XUI_PRL_032_005_ApplicationCheckYourAnswers	1702987100972	1702987107510	OK	 
GROUP	XUI_PRL_032_ApplicationCheckYourAnswers	1702987100972	1702987107511	6538	OK
REQUEST	XUI_PRL_033_ApplicationDetails	XUI_PRL_033_005_ApplicationDetails	1702987107511	1702987110632	OK	 
GROUP	XUI_PRL_033_ApplicationDetails	1702987107511	1702987110645	3121	OK
REQUEST	XUI_PRL_034_EnterApplicationDetails	XUI_PRL_034_005_EnterApplicationDetails	1702987110645	1702987111008	OK	 
GROUP	XUI_PRL_034_EnterApplicationDetails	1702987110645	1702987111008	363	OK
REQUEST	XUI_PRL_035_SubmitApplicationDetails	XUI_PRL_035_005_SubmitApplicationDetails	1702987111008	1702987115888	OK	 
GROUP	XUI_PRL_035_SubmitApplicationDetails	1702987111008	1702987115889	4880	OK
REQUEST	XUI_PRL_036_SubmitAndPay	XUI_PRL_036_005_SubmitAndPay	1702987115889	1702987120948	OK	 
GROUP	XUI_PRL_036_SubmitAndPay	1702987115889	1702987120949	5059	OK
REQUEST	XUI_PRL_037_ConfidentialityStatement	XUI_PRL_037_005_ConfidentialityStatement	1702987120949	1702987121738	OK	 
GROUP	XUI_PRL_037_ConfidentialityStatement	1702987120949	1702987121738	789	OK
REQUEST	XUI_PRL_038_Declaration	XUI_PRL_038_005_Declaration	1702987121738	1702987122344	OK	 
GROUP	XUI_PRL_038_Declaration	1702987121738	1702987122344	606	OK
REQUEST	XUI_PRL_039_Continue	XUI_PRL_039_005_Continue	1702987122344	1702987123230	OK	 
GROUP	XUI_PRL_039_Continue	1702987122344	1702987123230	886	OK
REQUEST	XUI_PRL_040_Continue	XUI_PRL_039_005_Continue	1702987123231	1702987129012	OK	 
GROUP	XUI_PRL_040_Continue	1702987123230	1702987129013	5781	OK
REQUEST	XUI_PRL_041_DummyPaymentConfirmation 	XUI_PRL_041_005_DummyPaymentConfirmation 	1702987129013	1702987130145	OK	 
GROUP	XUI_PRL_041_DummyPaymentConfirmation 	1702987129013	1702987130145	1132	OK
REQUEST	XUI_PRL_042_PaymentOption	XUI_PRL_042_005_PaymentOption	1702987130146	1702987130840	OK	 
GROUP	XUI_PRL_042_PaymentOption	1702987130145	1702987130840	694	OK
REQUEST	XUI_PRL_043_PaymentOption	XUI_PRL_043_005_PaymentOption	1702987130840	1702987130888	OK	 
REQUEST	XUI_PRL_043_PaymentOption	XUI_PRL_043_005_PaymentOption Redirect 1	1702987130888	1702987130952	OK	 
GROUP	XUI_PRL_043_PaymentOption	1702987130840	1702987130955	113	OK
REQUEST	XUI_PRL_044_CardDetails	XUI_PRL_044_005_CardDetails	1702987130955	1702987131069	OK	 
REQUEST	XUI_PRL_044_CardDetails	XUI_PRL_044_005_CardDetails Redirect 1	1702987131069	1702987131110	OK	 
GROUP	XUI_PRL_044_CardDetails	1702987130955	1702987131111	156	OK
REQUEST	XUI_PRL_045_ConfirmPayment	XUI_PRL_045_005_ConfirmPayment	1702987131111	1702987131181	OK	 
REQUEST	XUI_PRL_045_ConfirmPayment	XUI_PRL_045_005_ConfirmPayment Redirect 1	1702987131181	1702987131221	OK	 
REQUEST	XUI_PRL_045_ConfirmPayment	XUI_PRL_045_005_ConfirmPayment Redirect 2	1702987131221	1702987132830	OK	 
GROUP	XUI_PRL_045_ConfirmPayment	1702987131111	1702987133293	2181	OK
REQUEST	XUI_PRL_030_CreateCaseStart	XUI_PRL_030_005_CreateCaseStart	1702987133294	1702987133850	OK	 
GROUP	XUI_PRL_030_CreateCaseStart	1702987133294	1702987133850	556	OK
REQUEST	XUI_PRL_031_Type_Of_Application	XUI_PRL_031_005_Type_Of_Application	1702987133850	1702987134551	OK	 
GROUP	XUI_PRL_031_Type_Of_Application	1702987133850	1702987134552	701	OK
REQUEST	XUI_PRL_032_ApplicationCheckYourAnswers	XUI_PRL_032_005_ApplicationCheckYourAnswers	1702987134552	1702987141744	OK	 
GROUP	XUI_PRL_032_ApplicationCheckYourAnswers	1702987134552	1702987141745	7192	OK
REQUEST	XUI_PRL_033_ApplicationDetails	XUI_PRL_033_005_ApplicationDetails	1702987141745	1702987142864	OK	 
GROUP	XUI_PRL_033_ApplicationDetails	1702987141745	1702987142876	1119	OK
REQUEST	XUI_PRL_034_EnterApplicationDetails	XUI_PRL_034_005_EnterApplicationDetails	1702987142876	1702987143274	OK	 
GROUP	XUI_PRL_034_EnterApplicationDetails	1702987142876	1702987143274	398	OK
REQUEST	XUI_PRL_035_SubmitApplicationDetails	XUI_PRL_035_005_SubmitApplicationDetails	1702987143275	1702987146986	OK	 
GROUP	XUI_PRL_035_SubmitApplicationDetails	1702987143274	1702987146987	3711	OK
REQUEST	XUI_PRL_036_SubmitAndPay	XUI_PRL_036_005_SubmitAndPay	1702987146987	1702987152416	OK	 
GROUP	XUI_PRL_036_SubmitAndPay	1702987146987	1702987152417	5429	OK
REQUEST	XUI_PRL_037_ConfidentialityStatement	XUI_PRL_037_005_ConfidentialityStatement	1702987152417	1702987152877	OK	 
GROUP	XUI_PRL_037_ConfidentialityStatement	1702987152417	1702987152877	460	OK
REQUEST	XUI_PRL_038_Declaration	XUI_PRL_038_005_Declaration	1702987152878	1702987153720	OK	 
GROUP	XUI_PRL_038_Declaration	1702987152877	1702987153720	842	OK
REQUEST	XUI_PRL_039_Continue	XUI_PRL_039_005_Continue	1702987153720	1702987154639	OK	 
GROUP	XUI_PRL_039_Continue	1702987153720	1702987154640	919	OK
REQUEST	XUI_PRL_040_Continue	XUI_PRL_039_005_Continue	1702987154640	1702987160229	OK	 
GROUP	XUI_PRL_040_Continue	1702987154640	1702987160231	5589	OK
REQUEST	XUI_PRL_041_DummyPaymentConfirmation 	XUI_PRL_041_005_DummyPaymentConfirmation 	1702987160231	1702987160405	OK	 
GROUP	XUI_PRL_041_DummyPaymentConfirmation 	1702987160231	1702987160406	174	OK
REQUEST	XUI_PRL_042_PaymentOption	XUI_PRL_042_005_PaymentOption	1702987160406	1702987161057	OK	 
GROUP	XUI_PRL_042_PaymentOption	1702987160406	1702987161057	651	OK
REQUEST	XUI_PRL_043_PaymentOption	XUI_PRL_043_005_PaymentOption	1702987161057	1702987161104	OK	 
REQUEST	XUI_PRL_043_PaymentOption	XUI_PRL_043_005_PaymentOption Redirect 1	1702987161104	1702987161194	OK	 
GROUP	XUI_PRL_043_PaymentOption	1702987161057	1702987161196	138	OK
REQUEST	XUI_PRL_044_CardDetails	XUI_PRL_044_005_CardDetails	1702987161196	1702987161386	OK	 
REQUEST	XUI_PRL_044_CardDetails	XUI_PRL_044_005_CardDetails Redirect 1	1702987161387	1702987161430	OK	 
GROUP	XUI_PRL_044_CardDetails	1702987161196	1702987161431	234	OK
REQUEST	XUI_PRL_045_ConfirmPayment	XUI_PRL_045_005_ConfirmPayment	1702987161431	1702987161497	OK	 
REQUEST	XUI_PRL_045_ConfirmPayment	XUI_PRL_045_005_ConfirmPayment Redirect 1	1702987161497	1702987161529	OK	 
REQUEST	XUI_PRL_045_ConfirmPayment	XUI_PRL_045_005_ConfirmPayment Redirect 2	1702987161529	1702987163096	OK	 
GROUP	XUI_PRL_045_ConfirmPayment	1702987161431	1702987163563	2131	OK
REQUEST	XUI_PRL_030_CreateCaseStart	XUI_PRL_030_005_CreateCaseStart	1702987163563	1702987164099	OK	 
GROUP	XUI_PRL_030_CreateCaseStart	1702987163563	1702987164100	536	OK
REQUEST	XUI_PRL_031_Type_Of_Application	XUI_PRL_031_005_Type_Of_Application	1702987164100	1702987164907	OK	 
GROUP	XUI_PRL_031_Type_Of_Application	1702987164100	1702987164907	807	OK
REQUEST	XUI_PRL_032_ApplicationCheckYourAnswers	XUI_PRL_032_005_ApplicationCheckYourAnswers	1702987164907	1702987172168	OK	 
GROUP	XUI_PRL_032_ApplicationCheckYourAnswers	1702987164907	1702987172172	7261	OK
REQUEST	XUI_PRL_033_ApplicationDetails	XUI_PRL_033_005_ApplicationDetails	1702987172174	1702987173313	OK	 
GROUP	XUI_PRL_033_ApplicationDetails	1702987172173	1702987173326	1139	OK
REQUEST	XUI_PRL_034_EnterApplicationDetails	XUI_PRL_034_005_EnterApplicationDetails	1702987173326	1702987173897	OK	 
GROUP	XUI_PRL_034_EnterApplicationDetails	1702987173326	1702987173897	571	OK
REQUEST	XUI_PRL_035_SubmitApplicationDetails	XUI_PRL_035_005_SubmitApplicationDetails	1702987173897	1702987180038	OK	 
GROUP	XUI_PRL_035_SubmitApplicationDetails	1702987173897	1702987180039	6141	OK
REQUEST	XUI_PRL_036_SubmitAndPay	XUI_PRL_036_005_SubmitAndPay	1702987180039	1702987184754	OK	 
GROUP	XUI_PRL_036_SubmitAndPay	1702987180039	1702987184755	4715	OK
REQUEST	XUI_PRL_037_ConfidentialityStatement	XUI_PRL_037_005_ConfidentialityStatement	1702987184755	1702987185361	OK	 
GROUP	XUI_PRL_037_ConfidentialityStatement	1702987184755	1702987185362	606	OK
REQUEST	XUI_PRL_038_Declaration	XUI_PRL_038_005_Declaration	1702987185362	1702987185863	OK	 
GROUP	XUI_PRL_038_Declaration	1702987185362	1702987185864	501	OK
REQUEST	XUI_PRL_039_Continue	XUI_PRL_039_005_Continue	1702987185864	1702987186784	OK	 
GROUP	XUI_PRL_039_Continue	1702987185864	1702987186785	920	OK
REQUEST	XUI_PRL_040_Continue	XUI_PRL_039_005_Continue	1702987186785	1702987193040	OK	 
GROUP	XUI_PRL_040_Continue	1702987186785	1702987193042	6255	OK
REQUEST	XUI_PRL_041_DummyPaymentConfirmation 	XUI_PRL_041_005_DummyPaymentConfirmation 	1702987193042	1702987193460	OK	 
GROUP	XUI_PRL_041_DummyPaymentConfirmation 	1702987193042	1702987193460	418	OK
REQUEST	XUI_PRL_042_PaymentOption	XUI_PRL_042_005_PaymentOption	1702987193460	1702987194119	OK	 
GROUP	XUI_PRL_042_PaymentOption	1702987193460	1702987194120	659	OK
REQUEST	XUI_PRL_043_PaymentOption	XUI_PRL_043_005_PaymentOption	1702987194120	1702987194296	OK	 
REQUEST	XUI_PRL_043_PaymentOption	XUI_PRL_043_005_PaymentOption Redirect 1	1702987194296	1702987194453	OK	 
GROUP	XUI_PRL_043_PaymentOption	1702987194120	1702987194457	334	OK
REQUEST	XUI_PRL_044_CardDetails	XUI_PRL_044_005_CardDetails	1702987194457	1702987194575	OK	 
REQUEST	XUI_PRL_044_CardDetails	XUI_PRL_044_005_CardDetails Redirect 1	1702987194575	1702987194619	OK	 
GROUP	XUI_PRL_044_CardDetails	1702987194457	1702987194620	163	OK
REQUEST	XUI_PRL_045_ConfirmPayment	XUI_PRL_045_005_ConfirmPayment	1702987194620	1702987194713	OK	 
REQUEST	XUI_PRL_045_ConfirmPayment	XUI_PRL_045_005_ConfirmPayment Redirect 1	1702987194713	1702987194755	OK	 
REQUEST	XUI_PRL_045_ConfirmPayment	XUI_PRL_045_005_ConfirmPayment Redirect 2	1702987194756	1702987196165	OK	 
GROUP	XUI_PRL_045_ConfirmPayment	1702987194620	1702987196614	1991	OK
REQUEST	XUI_PRL_030_CreateCaseStart	XUI_PRL_030_005_CreateCaseStart	1702987196614	1702987197342	OK	 
GROUP	XUI_PRL_030_CreateCaseStart	1702987196614	1702987197342	728	OK
REQUEST	XUI_PRL_031_Type_Of_Application	XUI_PRL_031_005_Type_Of_Application	1702987197342	1702987198059	OK	 
GROUP	XUI_PRL_031_Type_Of_Application	1702987197342	1702987198059	717	OK
REQUEST	XUI_PRL_032_ApplicationCheckYourAnswers	XUI_PRL_032_005_ApplicationCheckYourAnswers	1702987198060	1702987207184	OK	 
GROUP	XUI_PRL_032_ApplicationCheckYourAnswers	1702987198059	1702987207186	9124	OK
REQUEST	XUI_PRL_033_ApplicationDetails	XUI_PRL_033_005_ApplicationDetails	1702987207186	1702987208953	OK	 
GROUP	XUI_PRL_033_ApplicationDetails	1702987207186	1702987208967	1767	OK
REQUEST	XUI_PRL_034_EnterApplicationDetails	XUI_PRL_034_005_EnterApplicationDetails	1702987208967	1702987209391	OK	 
GROUP	XUI_PRL_034_EnterApplicationDetails	1702987208967	1702987209391	424	OK
REQUEST	XUI_PRL_035_SubmitApplicationDetails	XUI_PRL_035_005_SubmitApplicationDetails	1702987209391	1702987214449	OK	 
GROUP	XUI_PRL_035_SubmitApplicationDetails	1702987209391	1702987214450	5058	OK
REQUEST	XUI_PRL_036_SubmitAndPay	XUI_PRL_036_005_SubmitAndPay	1702987214450	1702987218539	OK	 
GROUP	XUI_PRL_036_SubmitAndPay	1702987214450	1702987218540	4089	OK
REQUEST	XUI_PRL_037_ConfidentialityStatement	XUI_PRL_037_005_ConfidentialityStatement	1702987218540	1702987219053	OK	 
GROUP	XUI_PRL_037_ConfidentialityStatement	1702987218540	1702987219053	513	OK
REQUEST	XUI_PRL_038_Declaration	XUI_PRL_038_005_Declaration	1702987219053	1702987219517	OK	 
GROUP	XUI_PRL_038_Declaration	1702987219053	1702987219517	464	OK
REQUEST	XUI_PRL_039_Continue	XUI_PRL_039_005_Continue	1702987219518	1702987220310	OK	 
GROUP	XUI_PRL_039_Continue	1702987219517	1702987220310	792	OK
REQUEST	XUI_PRL_040_Continue	XUI_PRL_039_005_Continue	1702987220311	1702987226280	OK	 
GROUP	XUI_PRL_040_Continue	1702987220310	1702987226281	5969	OK
REQUEST	XUI_PRL_041_DummyPaymentConfirmation 	XUI_PRL_041_005_DummyPaymentConfirmation 	1702987226281	1702987226955	OK	 
GROUP	XUI_PRL_041_DummyPaymentConfirmation 	1702987226281	1702987226955	674	OK
REQUEST	XUI_PRL_042_PaymentOption	XUI_PRL_042_005_PaymentOption	1702987226956	1702987227519	OK	 
GROUP	XUI_PRL_042_PaymentOption	1702987226955	1702987227519	563	OK
REQUEST	XUI_PRL_043_PaymentOption	XUI_PRL_043_005_PaymentOption	1702987227520	1702987227569	OK	 
REQUEST	XUI_PRL_043_PaymentOption	XUI_PRL_043_005_PaymentOption Redirect 1	1702987227569	1702987227648	OK	 
GROUP	XUI_PRL_043_PaymentOption	1702987227519	1702987227649	129	OK
REQUEST	XUI_PRL_044_CardDetails	XUI_PRL_044_005_CardDetails	1702987227650	1702987227767	OK	 
REQUEST	XUI_PRL_044_CardDetails	XUI_PRL_044_005_CardDetails Redirect 1	1702987227767	1702987227822	OK	 
GROUP	XUI_PRL_044_CardDetails	1702987227649	1702987227824	173	OK
REQUEST	XUI_PRL_045_ConfirmPayment	XUI_PRL_045_005_ConfirmPayment	1702987227824	1702987227925	OK	 
REQUEST	XUI_PRL_045_ConfirmPayment	XUI_PRL_045_005_ConfirmPayment Redirect 1	1702987227925	1702987227965	OK	 
REQUEST	XUI_PRL_045_ConfirmPayment	XUI_PRL_045_005_ConfirmPayment Redirect 2	1702987227965	1702987229700	OK	 
GROUP	XUI_PRL_045_ConfirmPayment	1702987227824	1702987230137	2311	OK
REQUEST	XUI_PRL_030_CreateCaseStart	XUI_PRL_030_005_CreateCaseStart	1702987230138	1702987230827	OK	 
GROUP	XUI_PRL_030_CreateCaseStart	1702987230137	1702987230828	689	OK
REQUEST	XUI_PRL_031_Type_Of_Application	XUI_PRL_031_005_Type_Of_Application	1702987230828	1702987231327	OK	 
GROUP	XUI_PRL_031_Type_Of_Application	1702987230828	1702987231327	499	OK
REQUEST	XUI_PRL_032_ApplicationCheckYourAnswers	XUI_PRL_032_005_ApplicationCheckYourAnswers	1702987231327	1702987238098	OK	 
GROUP	XUI_PRL_032_ApplicationCheckYourAnswers	1702987231327	1702987238101	6771	OK
REQUEST	XUI_PRL_033_ApplicationDetails	XUI_PRL_033_005_ApplicationDetails	1702987238101	1702987238930	OK	 
GROUP	XUI_PRL_033_ApplicationDetails	1702987238101	1702987238952	829	OK
REQUEST	XUI_PRL_034_EnterApplicationDetails	XUI_PRL_034_005_EnterApplicationDetails	1702987238952	1702987239074	OK	 
GROUP	XUI_PRL_034_EnterApplicationDetails	1702987238952	1702987239074	122	OK
REQUEST	XUI_PRL_035_SubmitApplicationDetails	XUI_PRL_035_005_SubmitApplicationDetails	1702987239075	1702987243775	OK	 
GROUP	XUI_PRL_035_SubmitApplicationDetails	1702987239074	1702987243778	4700	OK
REQUEST	XUI_PRL_036_SubmitAndPay	XUI_PRL_036_005_SubmitAndPay	1702987243778	1702987248534	OK	 
GROUP	XUI_PRL_036_SubmitAndPay	1702987243778	1702987248535	4756	OK
REQUEST	XUI_PRL_037_ConfidentialityStatement	XUI_PRL_037_005_ConfidentialityStatement	1702987248535	1702987249085	OK	 
GROUP	XUI_PRL_037_ConfidentialityStatement	1702987248535	1702987249085	550	OK
REQUEST	XUI_PRL_038_Declaration	XUI_PRL_038_005_Declaration	1702987249086	1702987249581	OK	 
GROUP	XUI_PRL_038_Declaration	1702987249086	1702987249582	495	OK
REQUEST	XUI_PRL_039_Continue	XUI_PRL_039_005_Continue	1702987249582	1702987250433	OK	 
GROUP	XUI_PRL_039_Continue	1702987249582	1702987250433	851	OK
REQUEST	XUI_PRL_040_Continue	XUI_PRL_039_005_Continue	1702987250434	1702987256887	OK	 
GROUP	XUI_PRL_040_Continue	1702987250433	1702987256889	6453	OK
REQUEST	XUI_PRL_041_DummyPaymentConfirmation 	XUI_PRL_041_005_DummyPaymentConfirmation 	1702987256889	1702987258226	OK	 
GROUP	XUI_PRL_041_DummyPaymentConfirmation 	1702987256889	1702987258226	1337	OK
REQUEST	XUI_PRL_042_PaymentOption	XUI_PRL_042_005_PaymentOption	1702987258226	1702987259090	OK	 
GROUP	XUI_PRL_042_PaymentOption	1702987258226	1702987259090	864	OK
REQUEST	XUI_PRL_043_PaymentOption	XUI_PRL_043_005_PaymentOption	1702987259091	1702987259136	OK	 
REQUEST	XUI_PRL_043_PaymentOption	XUI_PRL_043_005_PaymentOption Redirect 1	1702987259136	1702987259205	OK	 
GROUP	XUI_PRL_043_PaymentOption	1702987259090	1702987259207	115	OK
REQUEST	XUI_PRL_044_CardDetails	XUI_PRL_044_005_CardDetails	1702987259207	1702987259346	OK	 
REQUEST	XUI_PRL_044_CardDetails	XUI_PRL_044_005_CardDetails Redirect 1	1702987259346	1702987259386	OK	 
GROUP	XUI_PRL_044_CardDetails	1702987259207	1702987259387	180	OK
REQUEST	XUI_PRL_045_ConfirmPayment	XUI_PRL_045_005_ConfirmPayment	1702987259388	1702987259453	OK	 
REQUEST	XUI_PRL_045_ConfirmPayment	XUI_PRL_045_005_ConfirmPayment Redirect 1	1702987259453	1702987259494	OK	 
REQUEST	XUI_PRL_045_ConfirmPayment	XUI_PRL_045_005_ConfirmPayment Redirect 2	1702987259494	1702987261497	OK	 
GROUP	XUI_PRL_045_ConfirmPayment	1702987259387	1702987261629	2239	OK
REQUEST	XUI_PRL_030_CreateCaseStart	XUI_PRL_030_005_CreateCaseStart	1702987261630	1702987262509	OK	 
GROUP	XUI_PRL_030_CreateCaseStart	1702987261629	1702987262510	879	OK
REQUEST	XUI_PRL_031_Type_Of_Application	XUI_PRL_031_005_Type_Of_Application	1702987262510	1702987263349	OK	 
GROUP	XUI_PRL_031_Type_Of_Application	1702987262510	1702987263349	839	OK
REQUEST	XUI_PRL_032_ApplicationCheckYourAnswers	XUI_PRL_032_005_ApplicationCheckYourAnswers	1702987263350	1702987269767	OK	 
GROUP	XUI_PRL_032_ApplicationCheckYourAnswers	1702987263349	1702987269768	6417	OK
REQUEST	XUI_PRL_033_ApplicationDetails	XUI_PRL_033_005_ApplicationDetails	1702987269769	1702987270848	OK	 
GROUP	XUI_PRL_033_ApplicationDetails	1702987269768	1702987270863	1079	OK
REQUEST	XUI_PRL_034_EnterApplicationDetails	XUI_PRL_034_005_EnterApplicationDetails	1702987270863	1702987271688	OK	 
GROUP	XUI_PRL_034_EnterApplicationDetails	1702987270863	1702987271688	825	OK
REQUEST	XUI_PRL_035_SubmitApplicationDetails	XUI_PRL_035_005_SubmitApplicationDetails	1702987271688	1702987276330	OK	 
GROUP	XUI_PRL_035_SubmitApplicationDetails	1702987271688	1702987276331	4642	OK
REQUEST	XUI_PRL_036_SubmitAndPay	XUI_PRL_036_005_SubmitAndPay	1702987276331	1702987279444	OK	 
GROUP	XUI_PRL_036_SubmitAndPay	1702987276331	1702987279446	3113	OK
REQUEST	XUI_PRL_037_ConfidentialityStatement	XUI_PRL_037_005_ConfidentialityStatement	1702987279446	1702987280047	OK	 
GROUP	XUI_PRL_037_ConfidentialityStatement	1702987279446	1702987280048	601	OK
REQUEST	XUI_PRL_038_Declaration	XUI_PRL_038_005_Declaration	1702987280048	1702987280638	OK	 
GROUP	XUI_PRL_038_Declaration	1702987280048	1702987280638	590	OK
REQUEST	XUI_PRL_039_Continue	XUI_PRL_039_005_Continue	1702987280638	1702987281326	OK	 
GROUP	XUI_PRL_039_Continue	1702987280638	1702987281326	688	OK
REQUEST	XUI_PRL_040_Continue	XUI_PRL_039_005_Continue	1702987281327	1702987287833	OK	 
GROUP	XUI_PRL_040_Continue	1702987281327	1702987287835	6506	OK
REQUEST	XUI_PRL_041_DummyPaymentConfirmation 	XUI_PRL_041_005_DummyPaymentConfirmation 	1702987287835	1702987289176	OK	 
GROUP	XUI_PRL_041_DummyPaymentConfirmation 	1702987287835	1702987289176	1341	OK
REQUEST	XUI_PRL_042_PaymentOption	XUI_PRL_042_005_PaymentOption	1702987289176	1702987290018	OK	 
GROUP	XUI_PRL_042_PaymentOption	1702987289176	1702987290018	842	OK
REQUEST	XUI_PRL_043_PaymentOption	XUI_PRL_043_005_PaymentOption	1702987290019	1702987290103	OK	 
REQUEST	XUI_PRL_043_PaymentOption	XUI_PRL_043_005_PaymentOption Redirect 1	1702987290103	1702987290242	OK	 
GROUP	XUI_PRL_043_PaymentOption	1702987290018	1702987290245	224	OK
REQUEST	XUI_PRL_044_CardDetails	XUI_PRL_044_005_CardDetails	1702987290245	1702987290419	OK	 
REQUEST	XUI_PRL_044_CardDetails	XUI_PRL_044_005_CardDetails Redirect 1	1702987290420	1702987290578	OK	 
GROUP	XUI_PRL_044_CardDetails	1702987290245	1702987290579	333	OK
REQUEST	XUI_PRL_045_ConfirmPayment	XUI_PRL_045_005_ConfirmPayment	1702987290579	1702987290753	OK	 
REQUEST	XUI_PRL_045_ConfirmPayment	XUI_PRL_045_005_ConfirmPayment Redirect 1	1702987290754	1702987290787	OK	 
REQUEST	XUI_PRL_045_ConfirmPayment	XUI_PRL_045_005_ConfirmPayment Redirect 2	1702987290787	1702987292562	OK	 
GROUP	XUI_PRL_045_ConfirmPayment	1702987290579	1702987293046	2464	OK
REQUEST	XUI_PRL_030_CreateCaseStart	XUI_PRL_030_005_CreateCaseStart	1702987293046	1702987293600	OK	 
GROUP	XUI_PRL_030_CreateCaseStart	1702987293046	1702987293600	554	OK
REQUEST	XUI_PRL_031_Type_Of_Application	XUI_PRL_031_005_Type_Of_Application	1702987293601	1702987294021	OK	 
GROUP	XUI_PRL_031_Type_Of_Application	1702987293600	1702987294022	420	OK
REQUEST	XUI_PRL_032_ApplicationCheckYourAnswers	XUI_PRL_032_005_ApplicationCheckYourAnswers	1702987294022	1702987300606	OK	 
GROUP	XUI_PRL_032_ApplicationCheckYourAnswers	1702987294022	1702987300607	6584	OK
REQUEST	XUI_PRL_033_ApplicationDetails	XUI_PRL_033_005_ApplicationDetails	1702987300607	1702987301667	OK	 
GROUP	XUI_PRL_033_ApplicationDetails	1702987300607	1702987301682	1060	OK
REQUEST	XUI_PRL_034_EnterApplicationDetails	XUI_PRL_034_005_EnterApplicationDetails	1702987301682	1702987302202	OK	 
GROUP	XUI_PRL_034_EnterApplicationDetails	1702987301682	1702987302202	520	OK
REQUEST	XUI_PRL_035_SubmitApplicationDetails	XUI_PRL_035_005_SubmitApplicationDetails	1702987302202	1702987306900	OK	 
GROUP	XUI_PRL_035_SubmitApplicationDetails	1702987302202	1702987306901	4698	OK
REQUEST	XUI_PRL_036_SubmitAndPay	XUI_PRL_036_005_SubmitAndPay	1702987306901	1702987311038	OK	 
GROUP	XUI_PRL_036_SubmitAndPay	1702987306901	1702987311039	4137	OK
REQUEST	XUI_PRL_037_ConfidentialityStatement	XUI_PRL_037_005_ConfidentialityStatement	1702987311039	1702987311624	OK	 
GROUP	XUI_PRL_037_ConfidentialityStatement	1702987311039	1702987311624	585	OK
REQUEST	XUI_PRL_038_Declaration	XUI_PRL_038_005_Declaration	1702987311624	1702987312047	OK	 
GROUP	XUI_PRL_038_Declaration	1702987311624	1702987312048	423	OK
REQUEST	XUI_PRL_039_Continue	XUI_PRL_039_005_Continue	1702987312048	1702987313090	OK	 
GROUP	XUI_PRL_039_Continue	1702987312048	1702987313091	1042	OK
REQUEST	XUI_PRL_040_Continue	XUI_PRL_039_005_Continue	1702987313091	1702987319051	OK	 
GROUP	XUI_PRL_040_Continue	1702987313091	1702987319053	5960	OK
REQUEST	XUI_PRL_041_DummyPaymentConfirmation 	XUI_PRL_041_005_DummyPaymentConfirmation 	1702987319053	1702987319513	OK	 
GROUP	XUI_PRL_041_DummyPaymentConfirmation 	1702987319053	1702987319513	460	OK
REQUEST	XUI_PRL_042_PaymentOption	XUI_PRL_042_005_PaymentOption	1702987319513	1702987320353	OK	 
GROUP	XUI_PRL_042_PaymentOption	1702987319513	1702987320354	840	OK
REQUEST	XUI_PRL_043_PaymentOption	XUI_PRL_043_005_PaymentOption	1702987320354	1702987320508	OK	 
REQUEST	XUI_PRL_043_PaymentOption	XUI_PRL_043_005_PaymentOption Redirect 1	1702987320509	1702987320585	OK	 
GROUP	XUI_PRL_043_PaymentOption	1702987320354	1702987320588	231	OK
REQUEST	XUI_PRL_044_CardDetails	XUI_PRL_044_005_CardDetails	1702987320588	1702987320689	OK	 
REQUEST	XUI_PRL_044_CardDetails	XUI_PRL_044_005_CardDetails Redirect 1	1702987320689	1702987320730	OK	 
GROUP	XUI_PRL_044_CardDetails	1702987320588	1702987320731	143	OK
REQUEST	XUI_PRL_045_ConfirmPayment	XUI_PRL_045_005_ConfirmPayment	1702987320731	1702987320805	OK	 
REQUEST	XUI_PRL_045_ConfirmPayment	XUI_PRL_045_005_ConfirmPayment Redirect 1	1702987320805	1702987320843	OK	 
REQUEST	XUI_PRL_045_ConfirmPayment	XUI_PRL_045_005_ConfirmPayment Redirect 2	1702987320843	1702987322647	OK	 
GROUP	XUI_PRL_045_ConfirmPayment	1702987320731	1702987323303	2570	OK
REQUEST	XUI_PRL_030_CreateCaseStart	XUI_PRL_030_005_CreateCaseStart	1702987323303	1702987323701	OK	 
GROUP	XUI_PRL_030_CreateCaseStart	1702987323303	1702987323702	398	OK
REQUEST	XUI_PRL_031_Type_Of_Application	XUI_PRL_031_005_Type_Of_Application	1702987323702	1702987324320	OK	 
GROUP	XUI_PRL_031_Type_Of_Application	1702987323702	1702987324321	618	OK
REQUEST	XUI_PRL_032_ApplicationCheckYourAnswers	XUI_PRL_032_005_ApplicationCheckYourAnswers	1702987324321	1702987331032	OK	 
GROUP	XUI_PRL_032_ApplicationCheckYourAnswers	1702987324321	1702987331033	6711	OK
REQUEST	XUI_PRL_033_ApplicationDetails	XUI_PRL_033_005_ApplicationDetails	1702987331033	1702987334915	OK	 
GROUP	XUI_PRL_033_ApplicationDetails	1702987331033	1702987334940	3882	OK
REQUEST	XUI_PRL_034_EnterApplicationDetails	XUI_PRL_034_005_EnterApplicationDetails	1702987334940	1702987335470	OK	 
GROUP	XUI_PRL_034_EnterApplicationDetails	1702987334940	1702987335470	530	OK
REQUEST	XUI_PRL_035_SubmitApplicationDetails	XUI_PRL_035_005_SubmitApplicationDetails	1702987335470	1702987339796	OK	 
GROUP	XUI_PRL_035_SubmitApplicationDetails	1702987335470	1702987339797	4326	OK
REQUEST	XUI_PRL_036_SubmitAndPay	XUI_PRL_036_005_SubmitAndPay	1702987339797	1702987343525	OK	 
GROUP	XUI_PRL_036_SubmitAndPay	1702987339797	1702987343526	3728	OK
REQUEST	XUI_PRL_037_ConfidentialityStatement	XUI_PRL_037_005_ConfidentialityStatement	1702987343526	1702987343939	OK	 
GROUP	XUI_PRL_037_ConfidentialityStatement	1702987343526	1702987343939	413	OK
REQUEST	XUI_PRL_038_Declaration	XUI_PRL_038_005_Declaration	1702987343939	1702987344250	OK	 
GROUP	XUI_PRL_038_Declaration	1702987343939	1702987344251	311	OK
REQUEST	XUI_PRL_039_Continue	XUI_PRL_039_005_Continue	1702987344251	1702987344917	OK	 
GROUP	XUI_PRL_039_Continue	1702987344251	1702987344918	666	OK
REQUEST	XUI_PRL_040_Continue	XUI_PRL_039_005_Continue	1702987344918	1702987350445	OK	 
GROUP	XUI_PRL_040_Continue	1702987344918	1702987350447	5527	OK
REQUEST	XUI_PRL_041_DummyPaymentConfirmation 	XUI_PRL_041_005_DummyPaymentConfirmation 	1702987350447	1702987351565	OK	 
GROUP	XUI_PRL_041_DummyPaymentConfirmation 	1702987350447	1702987351565	1118	OK
REQUEST	XUI_PRL_042_PaymentOption	XUI_PRL_042_005_PaymentOption	1702987351565	1702987352312	OK	 
GROUP	XUI_PRL_042_PaymentOption	1702987351565	1702987352313	747	OK
REQUEST	XUI_PRL_043_PaymentOption	XUI_PRL_043_005_PaymentOption	1702987352313	1702987352363	OK	 
REQUEST	XUI_PRL_043_PaymentOption	XUI_PRL_043_005_PaymentOption Redirect 1	1702987352363	1702987352432	OK	 
GROUP	XUI_PRL_043_PaymentOption	1702987352313	1702987352434	120	OK
REQUEST	XUI_PRL_044_CardDetails	XUI_PRL_044_005_CardDetails	1702987352434	1702987352553	OK	 
REQUEST	XUI_PRL_044_CardDetails	XUI_PRL_044_005_CardDetails Redirect 1	1702987352553	1702987352600	OK	 
GROUP	XUI_PRL_044_CardDetails	1702987352434	1702987352601	167	OK
REQUEST	XUI_PRL_045_ConfirmPayment	XUI_PRL_045_005_ConfirmPayment	1702987352601	1702987352656	OK	 
REQUEST	XUI_PRL_045_ConfirmPayment	XUI_PRL_045_005_ConfirmPayment Redirect 1	1702987352656	1702987352693	OK	 
REQUEST	XUI_PRL_045_ConfirmPayment	XUI_PRL_045_005_ConfirmPayment Redirect 2	1702987352693	1702987355295	OK	 
GROUP	XUI_PRL_045_ConfirmPayment	1702987352601	1702987355784	3181	OK
REQUEST	XUI_PRL_030_CreateCaseStart	XUI_PRL_030_005_CreateCaseStart	1702987355785	1702987356294	OK	 
GROUP	XUI_PRL_030_CreateCaseStart	1702987355784	1702987356295	509	OK
REQUEST	XUI_PRL_031_Type_Of_Application	XUI_PRL_031_005_Type_Of_Application	1702987356295	1702987356923	OK	 
GROUP	XUI_PRL_031_Type_Of_Application	1702987356295	1702987356923	628	OK
REQUEST	XUI_PRL_032_ApplicationCheckYourAnswers	XUI_PRL_032_005_ApplicationCheckYourAnswers	1702987356923	1702987365457	OK	 
GROUP	XUI_PRL_032_ApplicationCheckYourAnswers	1702987356923	1702987365458	8534	OK
REQUEST	XUI_PRL_033_ApplicationDetails	XUI_PRL_033_005_ApplicationDetails	1702987365458	1702987366380	OK	 
GROUP	XUI_PRL_033_ApplicationDetails	1702987365458	1702987366395	922	OK
REQUEST	XUI_PRL_034_EnterApplicationDetails	XUI_PRL_034_005_EnterApplicationDetails	1702987366395	1702987366862	OK	 
GROUP	XUI_PRL_034_EnterApplicationDetails	1702987366395	1702987366862	467	OK
REQUEST	XUI_PRL_035_SubmitApplicationDetails	XUI_PRL_035_005_SubmitApplicationDetails	1702987366863	1702987370333	OK	 
GROUP	XUI_PRL_035_SubmitApplicationDetails	1702987366862	1702987370334	3470	OK
REQUEST	XUI_PRL_036_SubmitAndPay	XUI_PRL_036_005_SubmitAndPay	1702987370334	1702987375514	OK	 
GROUP	XUI_PRL_036_SubmitAndPay	1702987370334	1702987375515	5180	OK
REQUEST	XUI_PRL_037_ConfidentialityStatement	XUI_PRL_037_005_ConfidentialityStatement	1702987375515	1702987376188	OK	 
GROUP	XUI_PRL_037_ConfidentialityStatement	1702987375515	1702987376189	673	OK
REQUEST	XUI_PRL_038_Declaration	XUI_PRL_038_005_Declaration	1702987376189	1702987376656	OK	 
GROUP	XUI_PRL_038_Declaration	1702987376189	1702987376657	467	OK
REQUEST	XUI_PRL_039_Continue	XUI_PRL_039_005_Continue	1702987376657	1702987377147	OK	 
GROUP	XUI_PRL_039_Continue	1702987376657	1702987377148	490	OK
REQUEST	XUI_PRL_040_Continue	XUI_PRL_039_005_Continue	1702987377148	1702987382821	OK	 
GROUP	XUI_PRL_040_Continue	1702987377148	1702987382822	5673	OK
REQUEST	XUI_PRL_041_DummyPaymentConfirmation 	XUI_PRL_041_005_DummyPaymentConfirmation 	1702987382823	1702987383611	OK	 
GROUP	XUI_PRL_041_DummyPaymentConfirmation 	1702987382822	1702987383611	788	OK
REQUEST	XUI_PRL_042_PaymentOption	XUI_PRL_042_005_PaymentOption	1702987383611	1702987384143	OK	 
GROUP	XUI_PRL_042_PaymentOption	1702987383611	1702987384144	532	OK
REQUEST	XUI_PRL_043_PaymentOption	XUI_PRL_043_005_PaymentOption	1702987384144	1702987384196	OK	 
REQUEST	XUI_PRL_043_PaymentOption	XUI_PRL_043_005_PaymentOption Redirect 1	1702987384196	1702987384268	OK	 
GROUP	XUI_PRL_043_PaymentOption	1702987384144	1702987384271	125	OK
REQUEST	XUI_PRL_044_CardDetails	XUI_PRL_044_005_CardDetails	1702987384271	1702987384392	OK	 
REQUEST	XUI_PRL_044_CardDetails	XUI_PRL_044_005_CardDetails Redirect 1	1702987384392	1702987384452	OK	 
GROUP	XUI_PRL_044_CardDetails	1702987384271	1702987384453	182	OK
REQUEST	XUI_PRL_045_ConfirmPayment	XUI_PRL_045_005_ConfirmPayment	1702987384453	1702987384534	OK	 
REQUEST	XUI_PRL_045_ConfirmPayment	XUI_PRL_045_005_ConfirmPayment Redirect 1	1702987384534	1702987384577	OK	 
REQUEST	XUI_PRL_045_ConfirmPayment	XUI_PRL_045_005_ConfirmPayment Redirect 2	1702987384577	1702987386833	OK	 
GROUP	XUI_PRL_045_ConfirmPayment	1702987384453	1702987387274	2819	OK
REQUEST	XUI_PRL_030_CreateCaseStart	XUI_PRL_030_005_CreateCaseStart	1702987387275	1702987388531	OK	 
GROUP	XUI_PRL_030_CreateCaseStart	1702987387275	1702987388531	1256	OK
REQUEST	XUI_PRL_031_Type_Of_Application	XUI_PRL_031_005_Type_Of_Application	1702987388531	1702987389065	OK	 
GROUP	XUI_PRL_031_Type_Of_Application	1702987388531	1702987389066	534	OK
REQUEST	XUI_PRL_032_ApplicationCheckYourAnswers	XUI_PRL_032_005_ApplicationCheckYourAnswers	1702987389066	1702987394344	OK	 
GROUP	XUI_PRL_032_ApplicationCheckYourAnswers	1702987389066	1702987394345	5278	OK
REQUEST	XUI_PRL_033_ApplicationDetails	XUI_PRL_033_005_ApplicationDetails	1702987394345	1702987395287	OK	 
GROUP	XUI_PRL_033_ApplicationDetails	1702987394345	1702987395303	942	OK
REQUEST	XUI_PRL_034_EnterApplicationDetails	XUI_PRL_034_005_EnterApplicationDetails	1702987395304	1702987395797	OK	 
GROUP	XUI_PRL_034_EnterApplicationDetails	1702987395303	1702987395798	493	OK
REQUEST	XUI_PRL_035_SubmitApplicationDetails	XUI_PRL_035_005_SubmitApplicationDetails	1702987395798	1702987399646	OK	 
GROUP	XUI_PRL_035_SubmitApplicationDetails	1702987395798	1702987399646	3848	OK
REQUEST	XUI_PRL_036_SubmitAndPay	XUI_PRL_036_005_SubmitAndPay	1702987399647	1702987403967	OK	 
GROUP	XUI_PRL_036_SubmitAndPay	1702987399646	1702987403968	4320	OK
REQUEST	XUI_PRL_037_ConfidentialityStatement	XUI_PRL_037_005_ConfidentialityStatement	1702987403968	1702987404474	OK	 
GROUP	XUI_PRL_037_ConfidentialityStatement	1702987403968	1702987404475	506	OK
REQUEST	XUI_PRL_038_Declaration	XUI_PRL_038_005_Declaration	1702987404475	1702987405014	OK	 
GROUP	XUI_PRL_038_Declaration	1702987404475	1702987405014	539	OK
REQUEST	XUI_PRL_039_Continue	XUI_PRL_039_005_Continue	1702987405015	1702987405617	OK	 
GROUP	XUI_PRL_039_Continue	1702987405014	1702987405617	602	OK
REQUEST	XUI_PRL_040_Continue	XUI_PRL_039_005_Continue	1702987405618	1702987410064	OK	 
GROUP	XUI_PRL_040_Continue	1702987405618	1702987410065	4446	OK
REQUEST	XUI_PRL_041_DummyPaymentConfirmation 	XUI_PRL_041_005_DummyPaymentConfirmation 	1702987410065	1702987411068	OK	 
GROUP	XUI_PRL_041_DummyPaymentConfirmation 	1702987410065	1702987411068	1003	OK
REQUEST	XUI_PRL_042_PaymentOption	XUI_PRL_042_005_PaymentOption	1702987411068	1702987411773	OK	 
GROUP	XUI_PRL_042_PaymentOption	1702987411068	1702987411774	705	OK
REQUEST	XUI_PRL_043_PaymentOption	XUI_PRL_043_005_PaymentOption	1702987411774	1702987411827	OK	 
REQUEST	XUI_PRL_043_PaymentOption	XUI_PRL_043_005_PaymentOption Redirect 1	1702987411827	1702987411908	OK	 
GROUP	XUI_PRL_043_PaymentOption	1702987411774	1702987411910	135	OK
REQUEST	XUI_PRL_044_CardDetails	XUI_PRL_044_005_CardDetails	1702987411910	1702987412058	OK	 
REQUEST	XUI_PRL_044_CardDetails	XUI_PRL_044_005_CardDetails Redirect 1	1702987412058	1702987412099	OK	 
GROUP	XUI_PRL_044_CardDetails	1702987411910	1702987412100	190	OK
REQUEST	XUI_PRL_045_ConfirmPayment	XUI_PRL_045_005_ConfirmPayment	1702987412100	1702987412167	OK	 
REQUEST	XUI_PRL_045_ConfirmPayment	XUI_PRL_045_005_ConfirmPayment Redirect 1	1702987412168	1702987412215	OK	 
REQUEST	XUI_PRL_045_ConfirmPayment	XUI_PRL_045_005_ConfirmPayment Redirect 2	1702987412215	1702987414023	OK	 
GROUP	XUI_PRL_045_ConfirmPayment	1702987412100	1702987415152	3049	OK
USER	***** PRL Case Flags 2.1 Journey *****	END	1702987415157
