ASSERTION	AAECAAIFAAAAAAAAAFlA
RUN	simulations.PRL_Simulation	prl-simulation	1706632838468	 	3.9.5
USER	***** PRL Citizen Journey *****	START	1706632838913
REQUEST	XUI_010_Homepage	XUI_010_005_Homepage	1706632838921	1706632838999	OK	 
REQUEST	XUI_010_Homepage	XUI_Common_000_ConfigurationUI	1706632840053	1706632840088	OK	 
REQUEST	XUI_010_Homepage	XUI_Common_000_ConfigJson	1706632840089	1706632840116	OK	 
REQUEST	XUI_010_Homepage	XUI_Common_000_TsAndCs	1706632840117	1706632840142	OK	 
REQUEST	XUI_010_Homepage	XUI_Common_000_ConfigUI	1706632840142	1706632840167	OK	 
REQUEST	XUI_010_Homepage	XUI_Common_000_UserDetails	1706632840168	1706632840195	OK	 
REQUEST	XUI_010_Homepage	XUI_Common_000_IsAuthenticated	1706632840195	1706632840220	OK	 
REQUEST	XUI_010_Homepage	XUI_010_010_AuthLogin	1706632840222	1706632840380	OK	 
REQUEST	XUI_010_Homepage	XUI_010_010_AuthLogin Redirect 1	1706632840386	1706632840472	OK	 
REQUEST	XUI_010_Homepage	XUI_010_010_AuthLogin Redirect 2	1706632840473	1706632840540	OK	 
GROUP	XUI_010_Homepage	1706632838914	1706632840785	1788	OK
REQUEST	XUI_020_Login	XUI_020_005_Login	1706632840788	1706632840865	OK	 
REQUEST	XUI_020_Login	XUI_020_005_Login Redirect 1	1706632840865	1706632841622	OK	 
REQUEST	XUI_020_Login	XUI_020_005_Login Redirect 2	1706632841626	1706632841679	OK	 
REQUEST	XUI_020_Login	XUI_Common_000_ConfigurationUI	1706632842740	1706632842769	OK	 
REQUEST	XUI_020_Login	XUI_Common_000_ConfigJson	1706632842770	1706632842817	OK	 
REQUEST	XUI_020_Login	XUI_Common_000_TsAndCs	1706632842818	1706632842847	OK	 
REQUEST	XUI_020_Login	XUI_Common_000_ConfigUI	1706632842848	1706632842875	OK	 
REQUEST	XUI_020_Login	XUI_Common_000_UserDetails	1706632842876	1706632843251	OK	 
REQUEST	XUI_020_Login	XUI_Common_000_IsAuthenticated	1706632843254	1706632843327	OK	 
REQUEST	XUI_020_Login	XUI_Common_000_MonitoringTools	1706632843330	1706632843379	OK	 
GROUP	XUI_020_Login	1706632840785	1706632843414	2568	OK
REQUEST	XUI_PRL_030_CreateCaseStart	XUI_PRL_030_005_CreateCaseStart	1706632843417	1706632843745	OK	 
GROUP	XUI_PRL_030_CreateCaseStart	1706632843415	1706632843759	328	OK
REQUEST	XUI_PRL_031_Type_Of_Application	XUI_PRL_031_005_Type_Of_Application	1706632843761	1706632844307	OK	 
GROUP	XUI_PRL_031_Type_Of_Application	1706632843759	1706632844309	546	OK
REQUEST	XUI_PRL_032_ApplicationCheckYourAnswers	XUI_PRL_032_005_ApplicationCheckYourAnswers	1706632844310	1706632848973	OK	 
GROUP	XUI_PRL_032_ApplicationCheckYourAnswers	1706632844309	1706632848982	4663	OK
REQUEST	XUI_PRL_033_ApplicationDetails	XUI_PRL_033_005_ApplicationDetails	1706632848983	1706632849862	OK	 
GROUP	XUI_PRL_033_ApplicationDetails	1706632848982	1706632849893	879	OK
REQUEST	XUI_PRL_034_EnterApplicationDetails	XUI_PRL_034_005_EnterApplicationDetails	1706632849895	1706632850038	OK	 
GROUP	XUI_PRL_034_EnterApplicationDetails	1706632849893	1706632850039	143	OK
REQUEST	XUI_PRL_035_SubmitApplicationDetails	XUI_PRL_035_005_SubmitApplicationDetails	1706632850039	1706632852906	OK	 
GROUP	XUI_PRL_035_SubmitApplicationDetails	1706632850039	1706632852907	2867	OK
REQUEST	XUI_PRL_036_SubmitAndPay	XUI_PRL_036_005_SubmitAndPay	1706632852908	1706632858930	OK	 
GROUP	XUI_PRL_036_SubmitAndPay	1706632852907	1706632858940	6022	OK
REQUEST	XUI_PRL_037_ConfidentialityStatement	XUI_PRL_037_005_ConfidentialityStatement	1706632858940	1706632859077	OK	 
GROUP	XUI_PRL_037_ConfidentialityStatement	1706632858940	1706632859077	137	OK
REQUEST	XUI_PRL_038_Declaration	XUI_PRL_038_005_Declaration	1706632859078	1706632859392	OK	 
GROUP	XUI_PRL_038_Declaration	1706632859077	1706632859394	314	OK
REQUEST	XUI_PRL_039_Continue	XUI_PRL_039_005_Continue	1706632859397	1706632859875	OK	 
GROUP	XUI_PRL_039_Continue	1706632859395	1706632859878	478	OK
REQUEST	XUI_PRL_040_Continue	XUI_PRL_039_005_Continue	1706632859879	1706632866851	OK	 
GROUP	XUI_PRL_040_Continue	1706632859878	1706632866853	6972	OK
REQUEST	XUI_PRL_041_DummyPaymentConfirmation 	XUI_PRL_041_005_DummyPaymentConfirmation 	1706632866853	1706632867425	OK	 
GROUP	XUI_PRL_041_DummyPaymentConfirmation 	1706632866853	1706632867426	572	OK
REQUEST	XUI_PRL_042_PaymentOption	XUI_PRL_042_005_PaymentOption	1706632867427	1706632868248	OK	 
GROUP	XUI_PRL_042_PaymentOption	1706632867426	1706632868253	821	OK
REQUEST	XUI_PRL_043_PaymentOption	XUI_PRL_043_005_PaymentOption	1706632868254	1706632868390	OK	 
REQUEST	XUI_PRL_043_PaymentOption	XUI_PRL_043_005_PaymentOption Redirect 1	1706632868392	1706632868488	OK	 
GROUP	XUI_PRL_043_PaymentOption	1706632868253	1706632868646	380	OK
REQUEST	XUI_PRL_044_CardDetails	XUI_PRL_044_005_CardDetails	1706632868646	1706632868770	OK	 
REQUEST	XUI_PRL_044_CardDetails	XUI_PRL_044_005_CardDetails Redirect 1	1706632868771	1706632868812	OK	 
GROUP	XUI_PRL_044_CardDetails	1706632868646	1706632868820	166	OK
REQUEST	XUI_PRL_045_ConfirmPayment	XUI_PRL_045_005_ConfirmPayment	1706632868820	1706632868907	OK	 
REQUEST	XUI_PRL_045_ConfirmPayment	XUI_PRL_045_005_ConfirmPayment Redirect 1	1706632868908	1706632868951	OK	 
REQUEST	XUI_PRL_045_ConfirmPayment	XUI_PRL_045_005_ConfirmPayment Redirect 2	1706632868955	1706632870808	OK	 
GROUP	XUI_PRL_045_ConfirmPayment	1706632868820	1706632870970	2137	OK
USER	***** PRL Citizen Journey *****	END	1706632870973
