ASSERTION	AAECAAMFAAAAAAAAAFlA
RUN	simulations.PRL_Simulation	prl-simulation	1686582238279	 	3.3.1
USER	***** Private Law Create Case *****	1	START	1686582238565	1686582238565
REQUEST	1	XUI_010_Homepage	XUI_010_005_Homepage	1686582238576	1686582238684	OK	 
REQUEST	1	XUI_010_Homepage	XUI_Common_000_ConfigurationUI	1686582238708	1686582239521	OK	 
REQUEST	1	XUI_010_Homepage	XUI_Common_000_ConfigJson	1686582239528	1686582239630	OK	 
REQUEST	1	XUI_010_Homepage	XUI_Common_000_TsAndCs	1686582239634	1686582239871	OK	 
REQUEST	1	XUI_010_Homepage	XUI_Common_000_ConfigUI	1686582239873	1686582240183	OK	 
REQUEST	1	XUI_010_Homepage	XUI_Common_000_UserDetails	1686582240187	1686582240405	OK	 
REQUEST	1	XUI_010_Homepage	XUI_Common_000_IsAuthenticated	1686582240407	1686582240583	OK	 
REQUEST	1	XUI_010_Homepage	XUI_010_010_AuthLogin	1686582240587	1686582240669	OK	 
REQUEST	1	XUI_010_Homepage	XUI_010_010_AuthLogin Redirect 1	1686582240672	1686582240876	OK	 
REQUEST	1	XUI_010_Homepage	XUI_010_010_AuthLogin Redirect 2	1686582240879	1686582241353	OK	 
GROUP	1	XUI_010_Homepage	1686582238569	1686582244213	5528	OK
REQUEST	1	XUI_020_Login	XUI_020_005_Login	1686582244216	1686582244646	OK	 
REQUEST	1	XUI_020_Login	XUI_020_005_Login Redirect 1	1686582244647	1686582245250	OK	 
REQUEST	1	XUI_020_Login	XUI_020_005_Login Redirect 2	1686582245251	1686582245336	OK	 
REQUEST	1	XUI_020_Login	XUI_Common_000_ConfigurationUI	1686582271041	1686582271131	OK	 
REQUEST	1	XUI_020_Login	XUI_Common_000_ConfigJson	1686582271132	1686582271149	OK	 
REQUEST	1	XUI_020_Login	XUI_Common_000_TsAndCs	1686582271149	1686582271194	OK	 
REQUEST	1	XUI_020_Login	XUI_Common_000_ConfigUI	1686582271195	1686582271241	OK	 
REQUEST	1	XUI_020_Login	XUI_Common_000_UserDetails	1686582271242	1686582271356	OK	 
REQUEST	1	XUI_020_Login	XUI_Common_000_IsAuthenticated	1686582271357	1686582271426	OK	 
REQUEST	1	XUI_020_Login	XUI_Common_000_MonitoringTools	1686582271427	1686582271490	OK	 
GROUP	1	XUI_020_Login	1686582244214	1686582271510	27264	OK
REQUEST	1	XUI_PRL_030_SelectCase	XUI_PRL_030_005_SelectCase	1686582271518	1686582271988	KO	status.find.in(200,201,202,203,204,205,206,207,208,209,304), found 406
GROUP	1	XUI_PRL_030_SelectCase	1686582271510	1686582271991	470	KO
USER	***** Private Law Create Case *****	1	END	1686582238565	1686582271996
