ASSERTION	AAECAAIFAAAAAAAAAFlA
RUN	simulations.PRL_Simulation	prl-simulation	1704890298928	 	3.9.5
USER	***** PRL Citizen Journey *****	START	1704890306970
REQUEST	XUI_010_Homepage	XUI_010_005_Homepage	1704890306981	1704890307356	OK	 
REQUEST	XUI_010_Homepage	XUI_Common_000_ConfigurationUI	1704890312627	1704890312718	OK	 
REQUEST	XUI_010_Homepage	XUI_Common_000_ConfigJson	1704890312721	1704890312814	OK	 
REQUEST	XUI_010_Homepage	XUI_Common_000_TsAndCs	1704890312817	1704890312909	OK	 
REQUEST	XUI_010_Homepage	XUI_Common_000_ConfigUI	1704890312911	1704890312994	OK	 
REQUEST	XUI_010_Homepage	XUI_Common_000_UserDetails	1704890312996	1704890313108	OK	 
REQUEST	XUI_010_Homepage	XUI_Common_000_IsAuthenticated	1704890313111	1704890313183	OK	 
REQUEST	XUI_010_Homepage	XUI_010_010_AuthLogin	1704890313186	1704890313255	OK	 
REQUEST	XUI_010_Homepage	XUI_010_010_AuthLogin Redirect 1	1704890313258	1704890313634	OK	 
REQUEST	XUI_010_Homepage	XUI_010_010_AuthLogin Redirect 2	1704890313638	1704890313782	OK	 
GROUP	XUI_010_Homepage	1704890306974	1704890314801	7717	OK
REQUEST	XUI_020_Login	XUI_020_005_Login	1704890314808	1704890315008	OK	 
REQUEST	XUI_020_Login	XUI_020_005_Login Redirect 1	1704890315011	1704890315889	OK	 
REQUEST	XUI_020_Login	XUI_020_005_Login Redirect 2	1704890315896	1704890315995	OK	 
REQUEST	XUI_020_Login	XUI_Common_000_ConfigurationUI	1704890319549	1704890319667	OK	 
REQUEST	XUI_020_Login	XUI_Common_000_ConfigJson	1704890319669	1704890319757	OK	 
REQUEST	XUI_020_Login	XUI_Common_000_TsAndCs	1704890319760	1704890319852	OK	 
REQUEST	XUI_020_Login	XUI_Common_000_ConfigUI	1704890319857	1704890319965	OK	 
REQUEST	XUI_020_Login	XUI_Common_000_UserDetails	1704890319969	1704890320312	OK	 
REQUEST	XUI_020_Login	XUI_Common_000_IsAuthenticated	1704890320316	1704890320385	OK	 
REQUEST	XUI_020_Login	XUI_Common_000_MonitoringTools	1704890320388	1704890320478	OK	 
GROUP	XUI_020_Login	1704890314802	1704890320516	5635	OK
REQUEST	XUI_PRL_030_TaskTab	XUI_PRL_030_005_SelectIssue	1704890320516	1704890326947	OK	 
GROUP	XUI_PRL_030_TaskTab	1704890320516	1704890326962	6431	OK
REQUEST	XUI_PRL_031_AssignToMe	XUI_PRL_031_005_AssignToMe	1704890326964	1704890327018	KO	j.n.UnknownHostException: manage-case.perftest.platform.hmcts.networkallocation: nodename nor servname provided, or not known
GROUP	XUI_PRL_031_AssignToMe	1704890326962	1704890327023	54	KO
USER	***** PRL Citizen Journey *****	END	1704890327027
