ASSERTION	AAECAAIFAAAAAAAAAFlA
RUN	simulations.PRL_Simulation	prl-simulation	1704813988461	 	3.9.5
USER	***** PRL Citizen Journey *****	START	1704813989275
REQUEST	XUI_010_Homepage	XUI_010_005_Homepage	1704813989289	1704813989656	OK	 
REQUEST	XUI_010_Homepage	XUI_Common_000_ConfigurationUI	1704813991738	1704813991815	OK	 
REQUEST	XUI_010_Homepage	XUI_Common_000_ConfigJson	1704813991816	1704813991937	OK	 
REQUEST	XUI_010_Homepage	XUI_Common_000_TsAndCs	1704813991939	1704813992032	OK	 
REQUEST	XUI_010_Homepage	XUI_Common_000_ConfigUI	1704813992033	1704813992142	OK	 
REQUEST	XUI_010_Homepage	XUI_Common_000_UserDetails	1704813992143	1704813992226	OK	 
REQUEST	XUI_010_Homepage	XUI_Common_000_IsAuthenticated	1704813992227	1704813992311	OK	 
REQUEST	XUI_010_Homepage	XUI_010_010_AuthLogin	1704813992316	1704813992410	OK	 
REQUEST	XUI_010_Homepage	XUI_010_010_AuthLogin Redirect 1	1704813992413	1704813992677	OK	 
REQUEST	XUI_010_Homepage	XUI_010_010_AuthLogin Redirect 2	1704813992678	1704813992887	OK	 
GROUP	XUI_010_Homepage	1704813989278	1704813993534	4135	OK
REQUEST	XUI_020_Login	XUI_020_005_Login	1704813993541	1704813993787	OK	 
REQUEST	XUI_020_Login	XUI_020_005_Login Redirect 1	1704813993789	1704813994559	OK	 
REQUEST	XUI_020_Login	XUI_020_005_Login Redirect 2	1704813994563	1704813994678	OK	 
REQUEST	XUI_020_Login	XUI_Common_000_ConfigurationUI	1704813996692	1704813996786	OK	 
REQUEST	XUI_020_Login	XUI_Common_000_ConfigJson	1704813996788	1704813996927	OK	 
REQUEST	XUI_020_Login	XUI_Common_000_TsAndCs	1704813996929	1704813997039	OK	 
REQUEST	XUI_020_Login	XUI_Common_000_ConfigUI	1704813997041	1704813997137	OK	 
REQUEST	XUI_020_Login	XUI_Common_000_UserDetails	1704813997139	1704813998039	OK	 
REQUEST	XUI_020_Login	XUI_Common_000_IsAuthenticated	1704813998041	1704813998154	OK	 
REQUEST	XUI_020_Login	XUI_Common_000_MonitoringTools	1704813998156	1704813998269	OK	 
GROUP	XUI_020_Login	1704813993534	1704813998308	4706	OK
REQUEST	XUI_PRL_030_SelectCase	XUI_PRL_040_005_SelectIssue	1704813998311	1704814004597	OK	 
REQUEST	XUI_PRL_030_SelectCase	XUI_Common_000_UserDetails	1704814004609	1704814004712	OK	 
GROUP	XUI_PRL_030_SelectCase	1704813998309	1704814004715	6389	OK
REQUEST	XUI_PRL_050_LocalCourt	XUI_PRL_050_005_LocalCourt	1704814004717	1704814006235	OK	 
REQUEST	XUI_PRL_050_LocalCourt	XUI_Common_000_UserDetails	1704814006236	1704814006330	OK	 
GROUP	XUI_PRL_050_LocalCourt	1704814004715	1704814006332	1612	OK
REQUEST	XUI_PRL_060_LocalCourtSubmit	XUI_PRL_060_005_LocalCourtSubmit	1704814006333	1704814034053	OK	 
REQUEST	XUI_PRL_060_LocalCourtSubmit	XUI_Common_000_UserDetails	1704814034058	1704814034190	OK	 
GROUP	XUI_PRL_060_LocalCourtSubmit	1704814006332	1704814034191	27852	OK
REQUEST	XUI_PRL_070_SendToGateKeeper	XUI_PRL_070_005_SendToGateKeeper	1704814034192	1704814037672	OK	 
REQUEST	XUI_PRL_070_SendToGateKeeper	XUI_Common_000_UserDetails	1704814037687	1704814037788	OK	 
GROUP	XUI_PRL_070_SendToGateKeeper	1704814034191	1704814037789	3581	OK
REQUEST	XUI_PRL_080_AddGateKeeper	XUI_PRL_080_005_AddGateKeeper	1704814037790	1704814038972	OK	 
GROUP	XUI_PRL_080_AddGateKeeper	1704814037789	1704814038973	1182	OK
REQUEST	XUI_PRL_090_GateKeeperSubmit	XUI_PRL_090_005_GateKeeperSubmit	1704814038974	1704814043548	OK	 
GROUP	XUI_PRL_090_GateKeeperSubmit	1704814038973	1704814043550	4574	OK
REQUEST	XUI_PRL_180_ServiceOfApplication	XUI_PRL_180_005_ServiceOfApplication	1704814043551	1704814045764	KO	jsonPath($.case_fields[9].formatted_value.list_items[0].code).find.exists, found nothing
GROUP	XUI_PRL_180_ServiceOfApplication	1704814043550	1704814045801	2213	KO
USER	***** PRL Citizen Journey *****	END	1704814045803
