ASSERTION	AAECAAIFAAAAAAAAAFlA
RUN	simulations.PRL_Simulation	prl-simulation	1706787893641	 	3.9.5
USER	***** PRL Citizen Journey *****	START	1706787894546
REQUEST	XUI_010_Homepage	XUI_010_005_Homepage	1706787894553	1706787894714	OK	 
REQUEST	XUI_010_Homepage	XUI_Common_000_ConfigurationUI	1706787895824	1706787895863	OK	 
REQUEST	XUI_010_Homepage	XUI_Common_000_ConfigJson	1706787895865	1706787895893	OK	 
REQUEST	XUI_010_Homepage	XUI_Common_000_TsAndCs	1706787895894	1706787895927	OK	 
REQUEST	XUI_010_Homepage	XUI_Common_000_ConfigUI	1706787895928	1706787895962	OK	 
REQUEST	XUI_010_Homepage	XUI_Common_000_UserDetails	1706787895963	1706787895992	OK	 
REQUEST	XUI_010_Homepage	XUI_Common_000_IsAuthenticated	1706787895993	1706787896026	OK	 
REQUEST	XUI_010_Homepage	XUI_010_010_AuthLogin	1706787896028	1706787896056	OK	 
REQUEST	XUI_010_Homepage	XUI_010_010_AuthLogin Redirect 1	1706787896058	1706787896294	OK	 
REQUEST	XUI_010_Homepage	XUI_010_010_AuthLogin Redirect 2	1706787896295	1706787896369	OK	 
GROUP	XUI_010_Homepage	1706787894547	1706787896605	1977	OK
REQUEST	XUI_020_Login	XUI_020_005_Login	1706787896608	1706787896758	OK	 
REQUEST	XUI_020_Login	XUI_020_005_Login Redirect 1	1706787896759	1706787897546	OK	 
REQUEST	XUI_020_Login	XUI_020_005_Login Redirect 2	1706787897548	1706787897603	OK	 
REQUEST	XUI_020_Login	XUI_Common_000_ConfigurationUI	1706787899007	1706787899036	OK	 
REQUEST	XUI_020_Login	XUI_Common_000_ConfigJson	1706787899037	1706787899074	OK	 
REQUEST	XUI_020_Login	XUI_Common_000_TsAndCs	1706787899075	1706787899105	OK	 
REQUEST	XUI_020_Login	XUI_Common_000_ConfigUI	1706787899106	1706787899139	OK	 
REQUEST	XUI_020_Login	XUI_Common_000_UserDetails	1706787899140	1706787900327	OK	 
REQUEST	XUI_020_Login	XUI_Common_000_IsAuthenticated	1706787900328	1706787900384	OK	 
REQUEST	XUI_020_Login	XUI_Common_000_MonitoringTools	1706787900385	1706787900456	OK	 
GROUP	XUI_020_Login	1706787896605	1706787900478	3835	OK
REQUEST	XUI_PRL_030_CreateCaseStart	XUI_PRL_030_005_CreateCaseStart	1706787900481	1706787907172	OK	 
GROUP	XUI_PRL_030_CreateCaseStart	1706787900479	1706787907180	6691	OK
REQUEST	XUI_PRL_031_Type_Of_Application	XUI_PRL_031_005_Type_Of_Application	1706787907182	1706787908297	OK	 
GROUP	XUI_PRL_031_Type_Of_Application	1706787907180	1706787908297	1115	OK
REQUEST	XUI_PRL_032_ApplicationCheckYourAnswers	XUI_PRL_032_005_ApplicationCheckYourAnswers	1706787908297	1706787924696	OK	 
GROUP	XUI_PRL_032_ApplicationCheckYourAnswers	1706787908297	1706787924707	16399	OK
REQUEST	XUI_PRL_033_ApplicationDetails	XUI_PRL_033_005_ApplicationDetails	1706787924707	1706787926431	OK	 
GROUP	XUI_PRL_033_ApplicationDetails	1706787924707	1706787926459	1724	OK
REQUEST	XUI_PRL_034_EnterApplicationDetails	XUI_PRL_034_005_EnterApplicationDetails	1706787926460	1706787927653	OK	 
GROUP	XUI_PRL_034_EnterApplicationDetails	1706787926459	1706787927655	1193	OK
REQUEST	XUI_PRL_035_SubmitApplicationDetails	XUI_PRL_035_005_SubmitApplicationDetails	1706787927656	1706787936050	OK	 
GROUP	XUI_PRL_035_SubmitApplicationDetails	1706787927655	1706787936052	8394	OK
REQUEST	XUI_PRL_036_SubmitAndPay	XUI_PRL_036_005_SubmitAndPay	1706787936053	1706787946393	OK	 
GROUP	XUI_PRL_036_SubmitAndPay	1706787936052	1706787946403	10340	OK
REQUEST	XUI_PRL_037_ConfidentialityStatement	XUI_PRL_037_005_ConfidentialityStatement	1706787946404	1706787947009	OK	 
GROUP	XUI_PRL_037_ConfidentialityStatement	1706787946403	1706787947011	605	OK
REQUEST	XUI_PRL_038_Declaration	XUI_PRL_038_005_Declaration	1706787947012	1706787947515	OK	 
GROUP	XUI_PRL_038_Declaration	1706787947011	1706787947515	503	OK
REQUEST	XUI_PRL_039_Continue	XUI_PRL_039_005_Continue	1706787947516	1706787948249	OK	 
GROUP	XUI_PRL_039_Continue	1706787947515	1706787948252	733	OK
REQUEST	XUI_PRL_040_Continue	XUI_PRL_039_005_Continue	1706787948253	1706787959342	OK	 
GROUP	XUI_PRL_040_Continue	1706787948252	1706787959350	11089	OK
REQUEST	XUI_PRL_041_DummyPaymentConfirmation 	XUI_PRL_041_005_DummyPaymentConfirmation 	1706787959351	1706787960226	OK	 
GROUP	XUI_PRL_041_DummyPaymentConfirmation 	1706787959350	1706787960228	875	OK
REQUEST	XUI_PRL_042_PaymentOption	XUI_PRL_042_005_PaymentOption	1706787960230	1706787961141	OK	 
GROUP	XUI_PRL_042_PaymentOption	1706787960228	1706787961145	911	OK
REQUEST	XUI_PRL_043_PaymentOption	XUI_PRL_043_005_PaymentOption	1706787961146	1706787961296	OK	 
REQUEST	XUI_PRL_043_PaymentOption	XUI_PRL_043_005_PaymentOption Redirect 1	1706787961298	1706787961396	OK	 
GROUP	XUI_PRL_043_PaymentOption	1706787961145	1706787961573	416	OK
REQUEST	XUI_PRL_044_CardDetails	XUI_PRL_044_005_CardDetails	1706787961573	1706787961709	OK	 
REQUEST	XUI_PRL_044_CardDetails	XUI_PRL_044_005_CardDetails Redirect 1	1706787961710	1706787961775	OK	 
GROUP	XUI_PRL_044_CardDetails	1706787961573	1706787961781	202	OK
REQUEST	XUI_PRL_045_ConfirmPayment	XUI_PRL_045_005_ConfirmPayment	1706787961781	1706787961866	OK	 
REQUEST	XUI_PRL_045_ConfirmPayment	XUI_PRL_045_005_ConfirmPayment Redirect 1	1706787961867	1706787961913	OK	 
REQUEST	XUI_PRL_045_ConfirmPayment	XUI_PRL_045_005_ConfirmPayment Redirect 2	1706787961918	1706787964505	OK	 
GROUP	XUI_PRL_045_ConfirmPayment	1706787961781	1706787964682	2888	OK
USER	***** PRL Citizen Journey *****	END	1706787964685
