ASSERTION	AAECAAIFAAAAAAAAAFlA
RUN	simulations.PRL_Simulation	prl-simulation	1697628062087	 	3.9.5
USER	***** Private Law Create Case *****	START	1697628062501
REQUEST	XUI_010_Homepage	XUI_010_005_Homepage	1697628062524	1697628063922	OK	 
REQUEST	XUI_010_Homepage	XUI_Common_000_ConfigurationUI	1697628115631	1697628115732	OK	 
REQUEST	XUI_010_Homepage	XUI_Common_000_ConfigJson	1697628115736	1697628115856	OK	 
REQUEST	XUI_010_Homepage	XUI_Common_000_TsAndCs	1697628115857	1697628115907	OK	 
REQUEST	XUI_010_Homepage	XUI_Common_000_ConfigUI	1697628115908	1697628116046	OK	 
REQUEST	XUI_010_Homepage	XUI_Common_000_UserDetails	1697628116047	1697628116156	OK	 
REQUEST	XUI_010_Homepage	XUI_Common_000_IsAuthenticated	1697628116157	1697628116231	OK	 
REQUEST	XUI_010_Homepage	XUI_010_010_AuthLogin	1697628116233	1697628116432	OK	 
REQUEST	XUI_010_Homepage	XUI_010_010_AuthLogin Redirect 1	1697628116435	1697628116563	OK	 
REQUEST	XUI_010_Homepage	XUI_010_010_AuthLogin Redirect 2	1697628116564	1697628116727	OK	 
GROUP	XUI_010_Homepage	1697628062502	1697628131410	68804	OK
REQUEST	XUI_020_Login	XUI_020_005_Login	1697628131412	1697628132954	OK	 
REQUEST	XUI_020_Login	XUI_020_005_Login Redirect 1	1697628132954	1697628134087	OK	 
REQUEST	XUI_020_Login	XUI_020_005_Login Redirect 2	1697628134089	1697628134397	OK	 
REQUEST	XUI_020_Login	XUI_Common_000_ConfigurationUI	1697628161432	1697628161565	OK	 
REQUEST	XUI_020_Login	XUI_Common_000_ConfigJson	1697628161566	1697628161726	OK	 
REQUEST	XUI_020_Login	XUI_Common_000_TsAndCs	1697628161727	1697628161878	OK	 
REQUEST	XUI_020_Login	XUI_Common_000_ConfigUI	1697628161878	1697628162084	OK	 
REQUEST	XUI_020_Login	XUI_Common_000_UserDetails	1697628162085	1697628162902	OK	 
REQUEST	XUI_020_Login	XUI_Common_000_IsAuthenticated	1697628162903	1697628163056	OK	 
REQUEST	XUI_020_Login	XUI_Common_000_MonitoringTools	1697628163060	1697628163235	OK	 
GROUP	XUI_020_Login	1697628131410	1697628163260	31809	OK
REQUEST	XUI_PRL_030_CreateCaseStart	XUI_PRL_030_005_CreateCaseStart	1697628163263	1697628164743	OK	 
GROUP	XUI_PRL_030_CreateCaseStart	1697628163261	1697628164751	1480	OK
REQUEST	XUI_PRL_031_Type_Of_Application	XUI_PRL_031_005_Type_Of_Application	1697628164753	1697628166483	OK	 
GROUP	XUI_PRL_031_Type_Of_Application	1697628164751	1697628166484	1730	OK
REQUEST	XUI_PRL_032_ApplicationCheckYourAnswers	XUI_PRL_032_005_ApplicationCheckYourAnswers	1697628166484	1697628179987	OK	 
GROUP	XUI_PRL_032_ApplicationCheckYourAnswers	1697628166484	1697628179998	13503	OK
REQUEST	XUI_PRL_033_ApplicationDetails	XUI_PRL_033_005_ApplicationDetails	1697628179999	1697628187425	OK	 
GROUP	XUI_PRL_033_ApplicationDetails	1697628179998	1697628187465	7426	OK
REQUEST	XUI_PRL_034_EnterApplicationDetails	XUI_PRL_034_005_EnterApplicationDetails	1697628187466	1697628188395	OK	 
GROUP	XUI_PRL_034_EnterApplicationDetails	1697628187465	1697628188395	929	OK
REQUEST	XUI_PRL_035_SubmitApplicationDetails	XUI_PRL_035_005_SubmitApplicationDetails	1697628188396	1697628195528	OK	 
GROUP	XUI_PRL_035_SubmitApplicationDetails	1697628188396	1697628195529	7132	OK
REQUEST	XUI_PRL_036_SubmitAndPay	XUI_PRL_036_005_SubmitAndPay	1697628195530	1697628204812	OK	 
GROUP	XUI_PRL_036_SubmitAndPay	1697628195529	1697628204827	9282	OK
REQUEST	XUI_PRL_037_ConfidentialityStatement	XUI_PRL_037_005_ConfidentialityStatement	1697628204828	1697628205938	OK	 
GROUP	XUI_PRL_037_ConfidentialityStatement	1697628204827	1697628205939	1110	OK
REQUEST	XUI_PRL_038_Declaration	XUI_PRL_038_005_Declaration	1697628205939	1697628207092	OK	 
GROUP	XUI_PRL_038_Declaration	1697628205939	1697628207092	1153	OK
REQUEST	XUI_PRL_039_Continue	XUI_PRL_039_005_Continue	1697628207093	1697628208326	OK	 
GROUP	XUI_PRL_039_Continue	1697628207092	1697628208326	1233	OK
USER	***** Private Law Create Case *****	END	1697628208331
