ASSERTION	AAECAAMFAAAAAAAAAFlA
RUN	simulations.XUI_Simulation	xui-simulation	1672917869861	 	3.3.1
USER	***** Private Law Create Case *****	1	START	1672917871512	1672917871512
REQUEST	1	PRL_CitizenC100_010_PRLHome	PRL_CitizenC100_010_005_PRLHome	1672917871564	1672917871695	OK	 
REQUEST	1	PRL_CitizenC100_010_PRLHome	PRL_CitizenC100_010_005_PRLHome Redirect 1	1672917871709	1672917871756	OK	 
REQUEST	1	PRL_CitizenC100_010_PRLHome	PRL_CitizenC100_010_005_PRLHome Redirect 2	1672917871757	1672917871854	OK	 
GROUP	1	PRL_CitizenC100_010_PRLHome	1672917871522	1672917873510	1817	OK
REQUEST	1	PRL_CitizenC100_020_Login	PRL_CitizenC100_020_005_Login	1672917873515	1672917874286	OK	 
REQUEST	1	PRL_CitizenC100_020_Login	PRL_CitizenC100_020_005_Login Redirect 1	1672917874290	1672917874791	OK	 
REQUEST	1	PRL_CitizenC100_020_Login	PRL_CitizenC100_020_005_Login Redirect 2	1672917874795	1672917878655	OK	 
GROUP	1	PRL_CitizenC100_020_Login	1672917873510	1672917878828	5288	OK
REQUEST	1	PRL_CitizenC100_030_StartApplication	PRL_CitizenC100_030_005_StartApplication	1672917878830	1672917878935	OK	 
GROUP	1	PRL_CitizenC100_030_StartApplication	1672917878829	1672917879002	152	OK
REQUEST	1	PRL_CitizenC100_040_WhatYouWillNeed	PRL_CitizenC100_040_005_WhatYouWillNeed	1672917879003	1672917891763	OK	 
REQUEST	1	PRL_CitizenC100_040_WhatYouWillNeed	PRL_CitizenC100_040_005_WhatYouWillNeed Redirect 1	1672917891766	1672917891814	OK	 
GROUP	1	PRL_CitizenC100_040_WhatYouWillNeed	1672917879002	1672917891891	12864	OK
REQUEST	1	PRL_CitizenC100_050_CaseName	PRL_CitizenC100_050_005_CaseName	1672917891892	1672917891929	OK	 
REQUEST	1	PRL_CitizenC100_050_CaseName	PRL_CitizenC100_050_005_CaseName Redirect 1	1672917891930	1672917891999	OK	 
GROUP	1	PRL_CitizenC100_050_CaseName	1672917891891	1672917892056	159	OK
REQUEST	1	PRL_CitizenC100_060_ChildrenPostCode	PRL_CitizenC100_060_005_ChildrenPostCode	1672917892058	1672917892098	OK	 
REQUEST	1	PRL_CitizenC100_060_ChildrenPostCode	PRL_CitizenC100_060_005_ChildrenPostCode Redirect 1	1672917892098	1672917892155	OK	 
GROUP	1	PRL_CitizenC100_060_ChildrenPostCode	1672917892056	1672917892223	157	OK
REQUEST	1	PRL_CitizenC100_070_WrittenAgreement	PRL_CitizenC100_070_005_WrittenAgreement	1672917892225	1672917892266	OK	 
REQUEST	1	PRL_CitizenC100_070_WrittenAgreement	PRL_CitizenC100_070_005_WrittenAgreement Redirect 1	1672917892267	1672917892314	OK	 
GROUP	1	PRL_CitizenC100_070_WrittenAgreement	1672917892223	1672917892374	144	OK
REQUEST	1	PRL_CitizenC100_080_BeforeCourt	PRL_CitizenC100_080_005_BeforeCourt	1672917892375	1672917892406	OK	 
REQUEST	1	PRL_CitizenC100_080_BeforeCourt	PRL_CitizenC100_080_005_BeforeCourt Redirect 1	1672917892407	1672917892456	OK	 
GROUP	1	PRL_CitizenC100_080_BeforeCourt	1672917892374	1672917892525	142	OK
REQUEST	1	PRL_CitizenC100_090_ReachAgreement	PRL_CitizenC100_090_005_ReachAgreement	1672917892526	1672917892559	OK	 
REQUEST	1	PRL_CitizenC100_090_ReachAgreement	PRL_CitizenC100_090_005_ReachAgreement Redirect 1	1672917892559	1672917892603	OK	 
GROUP	1	PRL_CitizenC100_090_ReachAgreement	1672917892525	1672917892700	171	OK
REQUEST	1	PRL_CitizenC100_100_LegalRep	PRL_CitizenC100_100_005_LegalRep	1672917892703	1672917892731	OK	 
REQUEST	1	PRL_CitizenC100_100_LegalRep	PRL_CitizenC100_100_005_LegalRep Redirect 1	1672917892732	1672917892784	OK	 
GROUP	1	PRL_CitizenC100_100_LegalRep	1672917892700	1672917892845	137	OK
REQUEST	1	PRL_CitizenC100_110_PermissionFromCourt	PRL_CitizenC100_110_005_PermissionFromCourt	1672917892846	1672917892879	OK	 
REQUEST	1	PRL_CitizenC100_110_PermissionFromCourt	PRL_CitizenC100_110_005_PermissionFromCourt Redirect 1	1672917892880	1672917892920	OK	 
GROUP	1	PRL_CitizenC100_110_PermissionFromCourt	1672917892845	1672917892982	131	OK
REQUEST	1	PRL_CitizenC100_120_WhyPermissionFromCourt	PRL_CitizenC100_120_005_WhyPermissionFromCourt	1672917892983	1672917893015	OK	 
REQUEST	1	PRL_CitizenC100_120_WhyPermissionFromCourt	PRL_CitizenC100_120_005_WhyPermissionFromCourt Redirect 1	1672917893017	1672917893054	OK	 
GROUP	1	PRL_CitizenC100_120_WhyPermissionFromCourt	1672917892982	1672917893127	135	OK
REQUEST	1	PRL_CitizenC100_130_WhyCourtShouldGrant	PRL_CitizenC100_130_005_WhyCourtShouldGrant	1672917893128	1672917893162	OK	 
REQUEST	1	PRL_CitizenC100_130_WhyCourtShouldGrant	PRL_CitizenC100_130_005_WhyCourtShouldGrant Redirect 1	1672917893163	1672917893216	OK	 
GROUP	1	PRL_CitizenC100_130_WhyCourtShouldGrant	1672917893127	1672917893352	220	OK
REQUEST	1	PRL_CitizenC100_140_InvolvedInEmergencyProtection	PRL_CitizenC100_140_005_InvolvedInEmergencyProtection	1672917893353	1672917893383	OK	 
REQUEST	1	PRL_CitizenC100_140_InvolvedInEmergencyProtection	PRL_CitizenC100_140_005_InvolvedInEmergencyProtection Redirect 1	1672917893386	1672917893430	OK	 
GROUP	1	PRL_CitizenC100_140_InvolvedInEmergencyProtection	1672917893352	1672917893488	129	OK
REQUEST	1	PRL_CitizenC100_150_AttendingMIAM	PRL_CitizenC100_150_005_AttendingMIAM	1672917893489	1672917893517	OK	 
REQUEST	1	PRL_CitizenC100_150_AttendingMIAM	PRL_CitizenC100_150_005_AttendingMIAM Redirect 1	1672917893518	1672917893571	OK	 
GROUP	1	PRL_CitizenC100_150_AttendingMIAM	1672917893488	1672917893631	138	OK
REQUEST	1	PRL_CitizenC100_160_AttendedMIAM	PRL_CitizenC100_160_005_AttendedMIAM	1672917893631	1672917893662	OK	 
REQUEST	1	PRL_CitizenC100_160_AttendedMIAM	PRL_CitizenC100_160_005_AttendedMIAM Redirect 1	1672917893663	1672917893704	OK	 
GROUP	1	PRL_CitizenC100_160_AttendedMIAM	1672917893631	1672917893808	173	OK
REQUEST	1	PRL_CitizenC100_170_DocumentSigned	PRL_CitizenC100_170_005_DocumentSigned	1672917893808	1672917893844	OK	 
REQUEST	1	PRL_CitizenC100_170_DocumentSigned	PRL_CitizenC100_170_005_DocumentSigned Redirect 1	1672917893844	1672917893893	OK	 
GROUP	1	PRL_CitizenC100_170_DocumentSigned	1672917893808	1672917894017	189	OK
REQUEST	1	PRL_CitizenC100_180_MIAMUpload	PRL_CitizenC100_180_005_MIAMUpload	1672917894067	1672917895854	OK	 
REQUEST	1	PRL_CitizenC100_180_MIAMUpload	PRL_CitizenC100_180_005_MIAMUpload Redirect 1	1672917895858	1672917895903	OK	 
GROUP	1	PRL_CitizenC100_180_MIAMUpload	1672917894017	1672917895972	1893	OK
REQUEST	1	PRL_CitizenC100_200_MIAMUploadContinue	PRL_CitizenC100_200_005_MIAMUploadContinue	1672917895973	1672917896004	OK	 
REQUEST	1	PRL_CitizenC100_200_MIAMUploadContinue	PRL_CitizenC100_200_005_MIAMUploadContinue Redirect 1	1672917896005	1672917896047	OK	 
GROUP	1	PRL_CitizenC100_200_MIAMUploadContinue	1672917895972	1672917896110	128	OK
REQUEST	1	PRL_CitizenC100_210_AskingCourtToDo	PRL_CitizenC100_210_005_AskingCourtToDo	1672917896110	1672917896150	OK	 
REQUEST	1	PRL_CitizenC100_210_AskingCourtToDo	PRL_CitizenC100_210_005_AskingCourtToDo Redirect 1	1672917896150	1672917896195	OK	 
GROUP	1	PRL_CitizenC100_210_AskingCourtToDo	1672917896110	1672917896255	142	OK
REQUEST	1	PRL_CitizenC100_220_WouldLikeCourtTo	PRL_CitizenC100_220_005_WouldLikeCourtTo	1672917896257	1672917896308	OK	 
REQUEST	1	PRL_CitizenC100_220_WouldLikeCourtTo	PRL_CitizenC100_220_005_WouldLikeCourtTo Redirect 1	1672917896309	1672917896346	OK	 
GROUP	1	PRL_CitizenC100_220_WouldLikeCourtTo	1672917896255	1672917896405	142	OK
REQUEST	1	PRL_CitizenC100_230_DescribeWhatCourt	PRL_CitizenC100_230_005_DescribeWhatCourt	1672917896406	1672917896446	OK	 
REQUEST	1	PRL_CitizenC100_230_DescribeWhatCourt	PRL_CitizenC100_230_005_DescribeWhatCourt Redirect 1	1672917896446	1672917896487	OK	 
GROUP	1	PRL_CitizenC100_230_DescribeWhatCourt	1672917896406	1672917896549	140	OK
REQUEST	1	PRL_CitizenC100_240_UrgentFirstHearing	PRL_CitizenC100_240_005_UrgentFirstHearing	1672917896550	1672917896583	OK	 
REQUEST	1	PRL_CitizenC100_240_UrgentFirstHearing	PRL_CitizenC100_240_005_UrgentFirstHearing Redirect 1	1672917896584	1672917896622	OK	 
GROUP	1	PRL_CitizenC100_240_UrgentFirstHearing	1672917896549	1672917896685	127	OK
REQUEST	1	PRL_CitizenC100_250_UrgentHearingDetails	PRL_CitizenC100_250_005_UrgentHearingDetails	1672917896685	1672917896717	OK	 
REQUEST	1	PRL_CitizenC100_250_UrgentHearingDetails	PRL_CitizenC100_250_005_UrgentHearingDetails Redirect 1	1672917896717	1672917896770	OK	 
GROUP	1	PRL_CitizenC100_250_UrgentHearingDetails	1672917896685	1672917896826	137	OK
REQUEST	1	PRL_CitizenC100_260_AskingForWithoutNotice	PRL_CitizenC100_260_005_AskingForWithoutNotice	1672917896826	1672917896862	OK	 
REQUEST	1	PRL_CitizenC100_260_AskingForWithoutNotice	PRL_CitizenC100_260_005_AskingForWithoutNotice Redirect 1	1672917896862	1672917896909	OK	 
GROUP	1	PRL_CitizenC100_260_AskingForWithoutNotice	1672917896826	1672917896973	144	OK
REQUEST	1	PRL_CitizenC100_270_WithoutNoticeDetails	PRL_CitizenC100_270_005_WithoutNoticeDetails	1672917896976	1672917897023	OK	 
REQUEST	1	PRL_CitizenC100_270_WithoutNoticeDetails	PRL_CitizenC100_270_005_WithoutNoticeDetails Redirect 1	1672917897024	1672917897066	OK	 
GROUP	1	PRL_CitizenC100_270_WithoutNoticeDetails	1672917896973	1672917897122	140	OK
REQUEST	1	PRL_CitizenC100_280_ChildrenName	PRL_CitizenC100_280_005_ChildrenName	1672917897123	1672917897156	OK	 
GROUP	1	PRL_CitizenC100_280_ChildrenName	1672917897122	1672917897165	33	OK
REQUEST	1	PRL_CitizenC100_290_ChildDetails	PRL_CitizenC100_290_005_ChildDetails	1672917897166	1672917897201	KO	substring(Which of the decisions you’re asking the court to resolve relate to).find.exists, found nothing
GROUP	1	PRL_CitizenC100_290_ChildDetails	1672917897165	1672917897209	35	KO
USER	***** Private Law Create Case *****	1	END	1672917871512	1672917897231
