ASSERTION	AAECAAIFAAAAAAAAAFlA
RUN	simulations.PRL_Simulation	prl-simulation	1713459896128	 	3.9.5
USER	***** PRL CUI RA Journey *****	START	1713459896904
REQUEST	PRL_CitizenC100_010_PRLHome	PRL_CitizenC100_010_005_PRLHome	1713459896915	1713459897147	OK	 
REQUEST	PRL_CitizenC100_010_PRLHome	PRL_CitizenC100_010_005_PRLHome Redirect 1	1713459897154	1713459897221	OK	 
REQUEST	PRL_CitizenC100_010_PRLHome	PRL_CitizenC100_010_005_PRLHome Redirect 2	1713459897221	1713459897299	OK	 
REQUEST	PRL_CitizenC100_010_PRLHome	PRL_CitizenC100_010_005_PRLHome Redirect 3	1713459897300	1713459897474	OK	 
GROUP	PRL_CitizenC100_010_PRLHome	1713459896905	1713459897809	837	OK
REQUEST	PRL_CitizenC100_020_Login	PRL_CitizenC100_020_005_Login	1713459897810	1713459897946	OK	 
REQUEST	PRL_CitizenC100_020_Login	PRL_CitizenC100_020_005_Login Redirect 1	1713459897947	1713459898208	OK	 
REQUEST	PRL_CitizenC100_020_Login	PRL_CitizenC100_020_005_Login Redirect 2	1713459898210	1713459899371	OK	 
GROUP	PRL_CitizenC100_020_Login	1713459897809	1713459899597	1778	OK
REQUEST	PRL_CitizenC100_CUIRA_030_SelectCase	PRL_CitizenC100_CUIRA_030_SelectCase	1713459899598	1713459903159	OK	 
REQUEST	PRL_CitizenC100_CUIRA_030_SelectCase	PRL_CitizenC100_CUIRA_030_SelectCase Redirect 1	1713459903160	1713459903274	OK	 
GROUP	PRL_CitizenC100_CUIRA_030_SelectCase	1713459899597	1713459903432	3830	OK
REQUEST	PRL_CitizenC100_CUIRA_030_005_SelectCase	PRL_CitizenC100_CUIRA_030_005_SelectCase	1713459903433	1713459903539	OK	 
GROUP	PRL_CitizenC100_CUIRA_030_005_SelectCase	1713459903432	1713459903691	257	OK
REQUEST	PRL_CitizenC100_CUIRA_040_RAIntro	PRL_CitizenC100_CUIRA_040_RAIntro	1713459903692	1713459904755	OK	 
GROUP	PRL_CitizenC100_CUIRA_040_RAIntro	1713459903691	1713459904922	1226	OK
REQUEST	PRL_CitizenC100_CUIRA_050_RAIntro	PRL_CitizenC100_CUIRA_050_RAIntro	1713459904924	1713459904981	OK	 
REQUEST	PRL_CitizenC100_CUIRA_050_RAIntro	PRL_CitizenC100_CUIRA_050_RAIntro Redirect 1	1713459904982	1713459905062	OK	 
REQUEST	PRL_CitizenC100_CUIRA_050_RAIntro	PRL_CitizenC100_CUIRA_050_RAIntro Redirect 2	1713459905062	1713459905992	KO	substring(Language requirements and special arrangements).find.exists, found nothing
GROUP	PRL_CitizenC100_CUIRA_050_RAIntro	1713459904922	1713459906006	1067	KO
USER	***** PRL CUI RA Journey *****	END	1713459906009
