ASSERTION	AAECAAIFAAAAAAAAAFlA
RUN	simulations.PRL_Simulation	prl-simulation	1706796296139	 	3.9.5
USER	***** PRL Citizen Journey *****	START	1706796296587
REQUEST	XUI_010_Homepage	XUI_010_005_Homepage	1706796296595	1706796296700	OK	 
REQUEST	XUI_010_Homepage	XUI_Common_000_ConfigurationUI	1706796297767	1706796297794	OK	 
REQUEST	XUI_010_Homepage	XUI_Common_000_ConfigJson	1706796297796	1706796297819	OK	 
REQUEST	XUI_010_Homepage	XUI_Common_000_TsAndCs	1706796297820	1706796297853	OK	 
REQUEST	XUI_010_Homepage	XUI_Common_000_ConfigUI	1706796297853	1706796297881	OK	 
REQUEST	XUI_010_Homepage	XUI_Common_000_UserDetails	1706796297881	1706796297912	OK	 
REQUEST	XUI_010_Homepage	XUI_Common_000_IsAuthenticated	1706796297913	1706796297940	OK	 
REQUEST	XUI_010_Homepage	XUI_010_010_AuthLogin	1706796297942	1706796297974	OK	 
REQUEST	XUI_010_Homepage	XUI_010_010_AuthLogin Redirect 1	1706796297976	1706796298064	OK	 
REQUEST	XUI_010_Homepage	XUI_010_010_AuthLogin Redirect 2	1706796298065	1706796298107	OK	 
GROUP	XUI_010_Homepage	1706796296587	1706796298511	1829	OK
REQUEST	XUI_020_Login	XUI_020_005_Login	1706796298518	1706796298604	OK	 
REQUEST	XUI_020_Login	XUI_020_005_Login Redirect 1	1706796298604	1706796299101	OK	 
REQUEST	XUI_020_Login	XUI_020_005_Login Redirect 2	1706796299107	1706796299134	OK	 
REQUEST	XUI_020_Login	XUI_Common_000_ConfigurationUI	1706796300220	1706796300252	OK	 
REQUEST	XUI_020_Login	XUI_Common_000_ConfigJson	1706796300253	1706796300280	OK	 
REQUEST	XUI_020_Login	XUI_Common_000_TsAndCs	1706796300281	1706796300317	OK	 
REQUEST	XUI_020_Login	XUI_Common_000_ConfigUI	1706796300318	1706796300351	OK	 
REQUEST	XUI_020_Login	XUI_Common_000_UserDetails	1706796300351	1706796300870	OK	 
REQUEST	XUI_020_Login	XUI_Common_000_IsAuthenticated	1706796300871	1706796300946	OK	 
REQUEST	XUI_020_Login	XUI_Common_000_MonitoringTools	1706796300948	1706796301006	OK	 
GROUP	XUI_020_Login	1706796298512	1706796301043	2469	OK
REQUEST	XUI_PRL_030_CreateCaseStart	XUI_PRL_030_005_CreateCaseStart	1706796301046	1706796303234	OK	 
GROUP	XUI_PRL_030_CreateCaseStart	1706796301044	1706796303251	2188	OK
REQUEST	XUI_PRL_031_Type_Of_Application	XUI_PRL_031_005_Type_Of_Application	1706796303254	1706796304032	OK	 
GROUP	XUI_PRL_031_Type_Of_Application	1706796303251	1706796304035	778	OK
REQUEST	XUI_PRL_032_ApplicationCheckYourAnswers	XUI_PRL_032_005_ApplicationCheckYourAnswers	1706796304037	1706796317052	OK	 
GROUP	XUI_PRL_032_ApplicationCheckYourAnswers	1706796304035	1706796317069	13015	OK
REQUEST	XUI_PRL_033_ApplicationDetails	XUI_PRL_033_005_ApplicationDetails	1706796317069	1706796318267	OK	 
GROUP	XUI_PRL_033_ApplicationDetails	1706796317069	1706796318301	1198	OK
REQUEST	XUI_PRL_034_EnterApplicationDetails	XUI_PRL_034_005_EnterApplicationDetails	1706796318301	1706796320716	OK	 
GROUP	XUI_PRL_034_EnterApplicationDetails	1706796318301	1706796320719	2415	OK
REQUEST	XUI_PRL_035_SubmitApplicationDetails	XUI_PRL_035_005_SubmitApplicationDetails	1706796320721	1706796325851	OK	 
GROUP	XUI_PRL_035_SubmitApplicationDetails	1706796320719	1706796325852	5130	OK
REQUEST	XUI_PRL_036_SubmitAndPay	XUI_PRL_036_005_SubmitAndPay	1706796325852	1706796331570	OK	 
GROUP	XUI_PRL_036_SubmitAndPay	1706796325852	1706796331582	5718	OK
REQUEST	XUI_PRL_037_ConfidentialityStatement	XUI_PRL_037_005_ConfidentialityStatement	1706796331582	1706796332285	OK	 
GROUP	XUI_PRL_037_ConfidentialityStatement	1706796331582	1706796332287	703	OK
REQUEST	XUI_PRL_038_Declaration	XUI_PRL_038_005_Declaration	1706796332289	1706796333005	OK	 
GROUP	XUI_PRL_038_Declaration	1706796332288	1706796333007	716	OK
REQUEST	XUI_PRL_039_Continue	XUI_PRL_039_005_Continue	1706796333009	1706796334338	OK	 
GROUP	XUI_PRL_039_Continue	1706796333007	1706796334339	1329	OK
REQUEST	XUI_PRL_040_Continue	XUI_PRL_039_005_Continue	1706796334340	1706796343503	OK	 
GROUP	XUI_PRL_040_Continue	1706796334339	1706796343506	9163	OK
REQUEST	XUI_PRL_041_DummyPaymentConfirmation 	XUI_PRL_041_005_DummyPaymentConfirmation 	1706796343507	1706796344472	OK	 
GROUP	XUI_PRL_041_DummyPaymentConfirmation 	1706796343506	1706796344473	965	OK
REQUEST	XUI_PRL_042_PaymentOption	XUI_PRL_042_005_PaymentOption	1706796344474	1706796345495	OK	 
GROUP	XUI_PRL_042_PaymentOption	1706796344473	1706796345500	1021	OK
REQUEST	XUI_PRL_043_PaymentOption	XUI_PRL_043_005_PaymentOption	1706796345501	1706796345644	OK	 
REQUEST	XUI_PRL_043_PaymentOption	XUI_PRL_043_005_PaymentOption Redirect 1	1706796345645	1706796345738	OK	 
GROUP	XUI_PRL_043_PaymentOption	1706796345500	1706796345914	402	OK
REQUEST	XUI_PRL_044_CardDetails	XUI_PRL_044_005_CardDetails	1706796345914	1706796346039	OK	 
REQUEST	XUI_PRL_044_CardDetails	XUI_PRL_044_005_CardDetails Redirect 1	1706796346040	1706796346088	OK	 
GROUP	XUI_PRL_044_CardDetails	1706796345914	1706796346095	174	OK
REQUEST	XUI_PRL_045_ConfirmPayment	XUI_PRL_045_005_ConfirmPayment	1706796346096	1706796346182	OK	 
REQUEST	XUI_PRL_045_ConfirmPayment	XUI_PRL_045_005_ConfirmPayment Redirect 1	1706796346183	1706796346227	OK	 
REQUEST	XUI_PRL_045_ConfirmPayment	XUI_PRL_045_005_ConfirmPayment Redirect 2	1706796346240	1706796348875	OK	 
GROUP	XUI_PRL_045_ConfirmPayment	1706796346095	1706796349087	2973	OK
USER	***** PRL Citizen Journey *****	END	1706796349091
