ASSERTION	AAECAAIFAAAAAAAAAFlA
RUN	simulations.PRL_Simulation	prl-simulation	1706628678636	 	3.9.5
USER	***** PRL Citizen Journey *****	START	1706628679180
REQUEST	PRL_CitizenC100_010_PRLHome	PRL_CitizenC100_010_005_PRLHome	1706628679200	1706628679351	OK	 
REQUEST	PRL_CitizenC100_010_PRLHome	PRL_CitizenC100_010_005_PRLHome Redirect 1	1706628679358	1706628679435	OK	 
REQUEST	PRL_CitizenC100_010_PRLHome	PRL_CitizenC100_010_005_PRLHome Redirect 2	1706628679436	1706628679509	OK	 
REQUEST	PRL_CitizenC100_010_PRLHome	PRL_CitizenC100_010_005_PRLHome Redirect 3	1706628679511	1706628679637	OK	 
GROUP	PRL_CitizenC100_010_PRLHome	1706628679181	1706628679999	725	OK
REQUEST	PRL_CitizenC100_020_Login	PRL_CitizenC100_020_005_Login	1706628680001	1706628680113	OK	 
REQUEST	PRL_CitizenC100_020_Login	PRL_CitizenC100_020_005_Login Redirect 1	1706628680114	1706628680599	OK	 
REQUEST	PRL_CitizenC100_020_Login	PRL_CitizenC100_020_005_Login Redirect 2	1706628680601	1706628683886	OK	 
GROUP	PRL_CitizenC100_020_Login	1706628679999	1706628684068	4055	OK
REQUEST	PRL_CitizenC100_025_ChildArrangementsApplication	PRL_CitizenC100_025_005_ChildArrangementsApplication	1706628684069	1706628684500	OK	 
GROUP	PRL_CitizenC100_025_ChildArrangementsApplication	1706628684068	1706628684585	508	OK
REQUEST	PRL_CitizenC100_030_StartApplication	PRL_CitizenC100_030_005_StartApplication	1706628684585	1706628685008	OK	 
GROUP	PRL_CitizenC100_030_StartApplication	1706628684585	1706628685069	480	OK
REQUEST	PRL_CitizenC100_040_WhatYouWillNeed	PRL_CitizenC100_040_005_WhatYouWillNeed	1706628685070	1706628694705	OK	 
REQUEST	PRL_CitizenC100_040_WhatYouWillNeed	PRL_CitizenC100_040_005_WhatYouWillNeed Redirect 1	1706628694708	1706628694836	OK	 
GROUP	PRL_CitizenC100_040_WhatYouWillNeed	1706628685069	1706628694918	9842	OK
REQUEST	PRL_CitizenC100_050_CaseName	PRL_CitizenC100_050_005_CaseName	1706628694920	1706628694971	OK	 
REQUEST	PRL_CitizenC100_050_CaseName	PRL_CitizenC100_050_005_CaseName Redirect 1	1706628694973	1706628695087	OK	 
GROUP	PRL_CitizenC100_050_CaseName	1706628694918	1706628695152	222	OK
REQUEST	PRL_CitizenC100_060_ChildrenPostCode	PRL_CitizenC100_060_005_ChildrenPostCode	1706628695153	1706628695226	OK	 
REQUEST	PRL_CitizenC100_060_ChildrenPostCode	PRL_CitizenC100_060_005_ChildrenPostCode Redirect 1	1706628695228	1706628695349	OK	 
GROUP	PRL_CitizenC100_060_ChildrenPostCode	1706628695152	1706628695407	248	OK
REQUEST	PRL_CitizenC100_070_WrittenAgreement	PRL_CitizenC100_070_005_WrittenAgreement	1706628695408	1706628695443	OK	 
REQUEST	PRL_CitizenC100_070_WrittenAgreement	PRL_CitizenC100_070_005_WrittenAgreement Redirect 1	1706628695444	1706628695516	OK	 
GROUP	PRL_CitizenC100_070_WrittenAgreement	1706628695408	1706628695577	163	OK
REQUEST	PRL_CitizenC100_080_BeforeCourt	PRL_CitizenC100_080_005_BeforeCourt	1706628695578	1706628695613	OK	 
REQUEST	PRL_CitizenC100_080_BeforeCourt	PRL_CitizenC100_080_005_BeforeCourt Redirect 1	1706628695614	1706628695738	OK	 
GROUP	PRL_CitizenC100_080_BeforeCourt	1706628695577	1706628695819	237	OK
REQUEST	PRL_CitizenC100_090_ReachAgreement	PRL_CitizenC100_090_005_ReachAgreement	1706628695819	1706628695853	OK	 
REQUEST	PRL_CitizenC100_090_ReachAgreement	PRL_CitizenC100_090_005_ReachAgreement Redirect 1	1706628695854	1706628695937	OK	 
GROUP	PRL_CitizenC100_090_ReachAgreement	1706628695819	1706628696009	184	OK
REQUEST	PRL_CitizenC100_100_LegalRep	PRL_CitizenC100_100_005_LegalRep	1706628696011	1706628696050	OK	 
REQUEST	PRL_CitizenC100_100_LegalRep	PRL_CitizenC100_100_005_LegalRep Redirect 1	1706628696052	1706628696139	OK	 
GROUP	PRL_CitizenC100_100_LegalRep	1706628696009	1706628696196	177	OK
REQUEST	PRL_CitizenC100_110_PermissionFromCourt	PRL_CitizenC100_110_005_PermissionFromCourt	1706628696198	1706628696232	OK	 
REQUEST	PRL_CitizenC100_110_PermissionFromCourt	PRL_CitizenC100_110_005_PermissionFromCourt Redirect 1	1706628696232	1706628696320	OK	 
GROUP	PRL_CitizenC100_110_PermissionFromCourt	1706628696197	1706628696391	191	OK
REQUEST	PRL_CitizenC100_120_WhyPermissionFromCourt	PRL_CitizenC100_120_005_WhyPermissionFromCourt	1706628696392	1706628696428	OK	 
REQUEST	PRL_CitizenC100_120_WhyPermissionFromCourt	PRL_CitizenC100_120_005_WhyPermissionFromCourt Redirect 1	1706628696429	1706628696508	OK	 
GROUP	PRL_CitizenC100_120_WhyPermissionFromCourt	1706628696391	1706628696567	169	OK
REQUEST	PRL_CitizenC100_130_WhyCourtShouldGrant	PRL_CitizenC100_130_005_WhyCourtShouldGrant	1706628696568	1706628696600	OK	 
REQUEST	PRL_CitizenC100_130_WhyCourtShouldGrant	PRL_CitizenC100_130_005_WhyCourtShouldGrant Redirect 1	1706628696601	1706628696674	OK	 
GROUP	PRL_CitizenC100_130_WhyCourtShouldGrant	1706628696567	1706628696730	157	OK
REQUEST	PRL_CitizenC100_140_InvolvedInEmergencyProtection	PRL_CitizenC100_140_005_InvolvedInEmergencyProtection	1706628696731	1706628696760	OK	 
REQUEST	PRL_CitizenC100_140_InvolvedInEmergencyProtection	PRL_CitizenC100_140_005_InvolvedInEmergencyProtection Redirect 1	1706628696761	1706628696824	OK	 
GROUP	PRL_CitizenC100_140_InvolvedInEmergencyProtection	1706628696730	1706628696879	145	OK
REQUEST	PRL_CitizenC100_150_AttendingMIAM	PRL_CitizenC100_150_005_AttendingMIAM	1706628696879	1706628696910	OK	 
REQUEST	PRL_CitizenC100_150_AttendingMIAM	PRL_CitizenC100_150_005_AttendingMIAM Redirect 1	1706628696911	1706628696989	OK	 
GROUP	PRL_CitizenC100_150_AttendingMIAM	1706628696879	1706628697051	166	OK
REQUEST	PRL_CitizenC100_160_AttendedMIAM	PRL_CitizenC100_160_005_AttendedMIAM	1706628697052	1706628697090	OK	 
REQUEST	PRL_CitizenC100_160_AttendedMIAM	PRL_CitizenC100_160_005_AttendedMIAM Redirect 1	1706628697091	1706628697173	OK	 
GROUP	PRL_CitizenC100_160_AttendedMIAM	1706628697051	1706628697228	170	OK
REQUEST	PRL_CitizenC100_170_DocumentSigned	PRL_CitizenC100_170_005_DocumentSigned	1706628697228	1706628697261	OK	 
REQUEST	PRL_CitizenC100_170_DocumentSigned	PRL_CitizenC100_170_005_DocumentSigned Redirect 1	1706628697261	1706628697325	OK	 
GROUP	PRL_CitizenC100_170_DocumentSigned	1706628697228	1706628697415	183	OK
REQUEST	PRL_CitizenC100_180_MIAMUpload	PRL_CitizenC100_180_005_MIAMUpload	1706628697427	1706628697440	KO	j.n.UnknownHostException: privatelaw.${env}.platform.hmcts.net: nodename nor servname provided, or not known
GROUP	PRL_CitizenC100_180_MIAMUpload	1706628697415	1706628697444	13	KO
USER	***** PRL Citizen Journey *****	END	1706628697447
