ASSERTION	AAECAAIFAAAAAAAAAFlA
RUN	simulations.PRL_Simulation	prl-simulation	1697547580075	 	3.9.5
USER	***** Private Law Create Case *****	START	1697547580520
REQUEST	XUI_010_Homepage	XUI_010_005_Homepage	1697547580541	1697547580713	OK	 
REQUEST	XUI_010_Homepage	XUI_Common_000_ConfigurationUI	1697547584007	1697547584052	OK	 
REQUEST	XUI_010_Homepage	XUI_Common_000_ConfigJson	1697547584053	1697547584074	OK	 
REQUEST	XUI_010_Homepage	XUI_Common_000_TsAndCs	1697547584075	1697547584121	OK	 
REQUEST	XUI_010_Homepage	XUI_Common_000_ConfigUI	1697547584122	1697547584187	OK	 
REQUEST	XUI_010_Homepage	XUI_Common_000_UserDetails	1697547584188	1697547584382	OK	 
REQUEST	XUI_010_Homepage	XUI_Common_000_IsAuthenticated	1697547584383	1697547584440	OK	 
REQUEST	XUI_010_Homepage	XUI_010_010_AuthLogin	1697547584442	1697547584475	OK	 
REQUEST	XUI_010_Homepage	XUI_010_010_AuthLogin Redirect 1	1697547584478	1697547586220	OK	 
REQUEST	XUI_010_Homepage	XUI_010_010_AuthLogin Redirect 2	1697547586222	1697547586503	OK	 
GROUP	XUI_010_Homepage	1697547580521	1697547586776	6148	OK
REQUEST	XUI_020_Login	XUI_020_005_Login	1697547586779	1697547587467	OK	 
REQUEST	XUI_020_Login	XUI_020_005_Login Redirect 1	1697547587473	1697547589142	OK	 
REQUEST	XUI_020_Login	XUI_020_005_Login Redirect 2	1697547589144	1697547589208	OK	 
REQUEST	XUI_020_Login	XUI_Common_000_ConfigurationUI	1697547590572	1697547590613	OK	 
REQUEST	XUI_020_Login	XUI_Common_000_ConfigJson	1697547590614	1697547591098	OK	 
REQUEST	XUI_020_Login	XUI_Common_000_TsAndCs	1697547591099	1697547591280	OK	 
REQUEST	XUI_020_Login	XUI_Common_000_ConfigUI	1697547591281	1697547591307	OK	 
REQUEST	XUI_020_Login	XUI_Common_000_UserDetails	1697547591309	1697547591830	OK	 
REQUEST	XUI_020_Login	XUI_Common_000_IsAuthenticated	1697547591831	1697547591884	OK	 
REQUEST	XUI_020_Login	XUI_Common_000_MonitoringTools	1697547591885	1697547591932	OK	 
GROUP	XUI_020_Login	1697547586777	1697547591957	5136	OK
REQUEST	XUI_PRL_030_CreateCaseStart	XUI_PRL_030_005_CreateCaseStart	1697547591960	1697547597294	OK	 
GROUP	XUI_PRL_030_CreateCaseStart	1697547591958	1697547597307	5334	OK
REQUEST	XUI_PRL_031_Type_Of_Application	XUI_PRL_031_005_Type_Of_Application	1697547597310	1697547598532	OK	 
GROUP	XUI_PRL_031_Type_Of_Application	1697547597307	1697547598533	1222	OK
REQUEST	XUI_PRL_032_ApplicationCheckYourAnswers	XUI_PRL_032_005_ApplicationCheckYourAnswers	1697547598534	1697547607807	OK	 
GROUP	XUI_PRL_032_ApplicationCheckYourAnswers	1697547598533	1697547607821	9273	OK
REQUEST	XUI_PRL_033_ApplicationDetails	XUI_PRL_033_005_ApplicationDetails	1697547607821	1697547609225	OK	 
GROUP	XUI_PRL_033_ApplicationDetails	1697547607821	1697547609274	1404	OK
REQUEST	XUI_PRL_034_EnterApplicationDetails	XUI_PRL_034_005_EnterApplicationDetails	1697547609274	1697547610833	OK	 
GROUP	XUI_PRL_034_EnterApplicationDetails	1697547609274	1697547610837	1559	OK
REQUEST	XUI_PRL_035_SubmitApplicationDetails	XUI_PRL_035_005_SubmitApplicationDetails	1697547610838	1697547625989	OK	 
GROUP	XUI_PRL_035_SubmitApplicationDetails	1697547610837	1697547625992	15151	OK
REQUEST	XUI_PRL_036_SubmitAndPay	XUI_PRL_036_005_SubmitAndPay	1697547625994	1697547635312	OK	 
GROUP	XUI_PRL_036_SubmitAndPay	1697547625992	1697547635331	9318	OK
REQUEST	XUI_PRL_037_ConfidentialityStatement	XUI_PRL_037_005_ConfidentialityStatement	1697547635331	1697547636892	OK	 
GROUP	XUI_PRL_037_ConfidentialityStatement	1697547635331	1697547636892	1561	OK
REQUEST	XUI_PRL_038_Declaration	XUI_PRL_038_005_Declaration	1697547636893	1697547638400	OK	 
GROUP	XUI_PRL_038_Declaration	1697547636892	1697547638401	1507	OK
REQUEST	XUI_PRL_039_Continue	XUI_PRL_039_005_Continue	1697547638402	1697547638955	KO	regex("newAgreeChildSupervisedTime": "No",         "paymentServiceRequestReferenceNumber": "(.{4}-.{13})").find.exists, found nothing
GROUP	XUI_PRL_039_Continue	1697547638401	1697547638978	553	KO
USER	***** Private Law Create Case *****	END	1697547638982
