ASSERTION	AAECAAIFAAAAAAAAAFlA
RUN	simulations.PRL_Simulation	prl-simulation	1704803888398	 	3.9.5
USER	***** PRL Citizen Journey *****	START	1704803889120
REQUEST	XUI_010_Homepage	XUI_010_005_Homepage	1704803889129	1704803889455	OK	 
REQUEST	XUI_010_Homepage	XUI_Common_000_ConfigurationUI	1704803891903	1704803892017	OK	 
REQUEST	XUI_010_Homepage	XUI_Common_000_ConfigJson	1704803892023	1704803892142	OK	 
REQUEST	XUI_010_Homepage	XUI_Common_000_TsAndCs	1704803892145	1704803892224	OK	 
REQUEST	XUI_010_Homepage	XUI_Common_000_ConfigUI	1704803892225	1704803892300	OK	 
REQUEST	XUI_010_Homepage	XUI_Common_000_UserDetails	1704803892302	1704803892370	OK	 
REQUEST	XUI_010_Homepage	XUI_Common_000_IsAuthenticated	1704803892372	1704803892468	OK	 
REQUEST	XUI_010_Homepage	XUI_010_010_AuthLogin	1704803892474	1704803892562	OK	 
REQUEST	XUI_010_Homepage	XUI_010_010_AuthLogin Redirect 1	1704803892568	1704803893087	OK	 
REQUEST	XUI_010_Homepage	XUI_010_010_AuthLogin Redirect 2	1704803893089	1704803893385	OK	 
GROUP	XUI_010_Homepage	1704803889121	1704803894359	5108	OK
REQUEST	XUI_020_Login	XUI_020_005_Login	1704803894369	1704803894597	OK	 
REQUEST	XUI_020_Login	XUI_020_005_Login Redirect 1	1704803894598	1704803895290	OK	 
REQUEST	XUI_020_Login	XUI_020_005_Login Redirect 2	1704803895296	1704803895379	OK	 
REQUEST	XUI_020_Login	XUI_Common_000_ConfigurationUI	1704803897938	1704803898075	OK	 
REQUEST	XUI_020_Login	XUI_Common_000_ConfigJson	1704803898076	1704803898138	OK	 
REQUEST	XUI_020_Login	XUI_Common_000_TsAndCs	1704803898140	1704803898235	OK	 
REQUEST	XUI_020_Login	XUI_Common_000_ConfigUI	1704803898237	1704803898354	OK	 
REQUEST	XUI_020_Login	XUI_Common_000_UserDetails	1704803898357	1704803899033	OK	 
REQUEST	XUI_020_Login	XUI_Common_000_IsAuthenticated	1704803899034	1704803899121	OK	 
REQUEST	XUI_020_Login	XUI_Common_000_MonitoringTools	1704803899123	1704803899196	OK	 
GROUP	XUI_020_Login	1704803894359	1704803899231	4802	OK
REQUEST	XUI_PRL_030_CreateCaseStart	XUI_PRL_030_005_CreateCaseStart	1704803899234	1704803902962	KO	substring(TS-Solicitor application).find.exists, found nothing
GROUP	XUI_PRL_030_CreateCaseStart	1704803899232	1704803902984	3728	KO
USER	***** PRL Citizen Journey *****	END	1704803902988
