ASSERTION	AAECAAIFAAAAAAAAAFlA
RUN	simulations.PRL_Simulation	prl-simulation	1702988741465	 	3.9.5
USER	***** PRL Case Flags 2.1 Journey *****	START	1702988741931
REQUEST	XUI_010_Homepage	XUI_010_005_Homepage	1702988741944	1702988742113	OK	 
REQUEST	XUI_010_Homepage	XUI_Common_000_ConfigurationUI	1702988757757	1702988757789	OK	 
REQUEST	XUI_010_Homepage	XUI_Common_000_ConfigJson	1702988757792	1702988757825	OK	 
REQUEST	XUI_010_Homepage	XUI_Common_000_TsAndCs	1702988757828	1702988757857	OK	 
REQUEST	XUI_010_Homepage	XUI_Common_000_ConfigUI	1702988757858	1702988757890	OK	 
REQUEST	XUI_010_Homepage	XUI_Common_000_UserDetails	1702988757891	1702988757923	OK	 
REQUEST	XUI_010_Homepage	XUI_Common_000_IsAuthenticated	1702988757924	1702988757952	OK	 
REQUEST	XUI_010_Homepage	XUI_010_010_AuthLogin	1702988757955	1702988758036	OK	 
REQUEST	XUI_010_Homepage	XUI_010_010_AuthLogin Redirect 1	1702988758040	1702988758186	OK	 
REQUEST	XUI_010_Homepage	XUI_010_010_AuthLogin Redirect 2	1702988758187	1702988758358	OK	 
GROUP	XUI_010_Homepage	1702988741932	1702988759377	17343	OK
REQUEST	XUI_020_Login	XUI_020_005_Login	1702988759385	1702988759546	OK	 
REQUEST	XUI_020_Login	XUI_020_005_Login Redirect 1	1702988759548	1702988760186	OK	 
REQUEST	XUI_020_Login	XUI_020_005_Login Redirect 2	1702988760190	1702988760239	OK	 
REQUEST	XUI_020_Login	XUI_Common_000_ConfigurationUI	1702988771903	1702988771941	OK	 
REQUEST	XUI_020_Login	XUI_Common_000_ConfigJson	1702988771943	1702988771980	OK	 
REQUEST	XUI_020_Login	XUI_Common_000_TsAndCs	1702988771982	1702988772038	OK	 
REQUEST	XUI_020_Login	XUI_Common_000_ConfigUI	1702988772039	1702988772070	OK	 
REQUEST	XUI_020_Login	XUI_Common_000_UserDetails	1702988772071	1702988773373	OK	 
REQUEST	XUI_020_Login	XUI_Common_000_IsAuthenticated	1702988773376	1702988773438	OK	 
REQUEST	XUI_020_Login	XUI_Common_000_MonitoringTools	1702988773440	1702988773488	OK	 
GROUP	XUI_020_Login	1702988759378	1702988773510	14080	OK
GROUP	XUI_PRL_030_CreateCaseStart	1702988773511	1702988773512	0	OK
REQUEST	XUI_PRL_040_RequestSupport	XUI_PRL_040_005_RequestSupport	1702988773513	1702988774418	OK	 
REQUEST	XUI_PRL_040_RequestSupport	XUI_PRL_040_010_RequestSupport	1702988774420	1702988778168	OK	 
GROUP	XUI_PRL_040_RequestSupport	1702988773512	1702988778214	4653	OK
REQUEST	XUI_PRL_050_WhereFlagAdded	XUI_PRL_050_005_WhereFlagAdded	1702988778214	1702988778656	OK	 
REQUEST	XUI_PRL_050_WhereFlagAdded	XUI_PRL_050_010_WhereFlagAdded	1702988778657	1702988779373	OK	 
GROUP	XUI_PRL_050_WhereFlagAdded	1702988778214	1702988779374	1158	OK
REQUEST	XUI_PRL_070_RequestSupportSubmit	XUI_PRL_070_005_RequestSupportSubmit	1702988779378	1702988781343	OK	 
GROUP	XUI_PRL_070_RequestSupportSubmit	1702988779374	1702988781347	1965	OK
REQUEST	XUI_PRL_080_RequestSupport2	XUI_PRL_080_005_RequestSupport2	1702988781348	1702988781973	OK	 
REQUEST	XUI_PRL_080_RequestSupport2	XUI_PRL_080_010_RequestSupport2	1702988781976	1702988785231	OK	 
GROUP	XUI_PRL_080_RequestSupport2	1702988781347	1702988785254	3880	OK
REQUEST	XUI_PRL_090_WhereFlagAdded2	XUI_PRL_090_005_WhereFlagAdded2	1702988785254	1702988786092	OK	 
REQUEST	XUI_PRL_090_WhereFlagAdded2	XUI_PRL_090_010_WhereFlagAdded2	1702988786094	1702988786894	OK	 
GROUP	XUI_PRL_090_WhereFlagAdded2	1702988785254	1702988786895	1638	OK
REQUEST	XUI_PRL_100_RequestSupportSubmit2	XUI_PRL_100_005_RequestSupportSubmit2	1702988786897	1702988789461	OK	 
GROUP	XUI_PRL_100_RequestSupportSubmit2	1702988786896	1702988789464	2564	OK
REQUEST	XUI_PRL_080_RequestSupport3	XUI_PRL_080_005_RequestSupport3	1702988789465	1702988789838	OK	 
REQUEST	XUI_PRL_080_RequestSupport3	XUI_PRL_080_010_RequestSupport3	1702988789840	1702988793255	OK	 
GROUP	XUI_PRL_080_RequestSupport3	1702988789464	1702988793272	3788	OK
REQUEST	XUI_PRL_090_WhereFlagAdded3	XUI_PRL_090_005_WhereFlagAdded3	1702988793272	1702988793465	OK	 
REQUEST	XUI_PRL_090_WhereFlagAdded3	XUI_PRL_090_010_WhereFlagAdded3	1702988793466	1702988794138	OK	 
GROUP	XUI_PRL_090_WhereFlagAdded3	1702988793272	1702988794138	865	OK
REQUEST	XUI_PRL_100_RequestSupportSubmit3	XUI_PRL_100_005_RequestSupportSubmit2	1702988794139	1702988796080	OK	 
GROUP	XUI_PRL_100_RequestSupportSubmit3	1702988794138	1702988796082	1941	OK
REQUEST	XUI_PRL_080_RequestSupport4	XUI_PRL_080_005_RequestSupport4	1702988796083	1702988796537	OK	 
REQUEST	XUI_PRL_080_RequestSupport4	XUI_PRL_080_010_RequestSupport4	1702988796539	1702988799213	OK	 
GROUP	XUI_PRL_080_RequestSupport4	1702988796082	1702988799226	3128	OK
REQUEST	XUI_PRL_090_WhereFlagAdded4	XUI_PRL_090_005_WhereFlagAdded4	1702988799226	1702988799507	OK	 
REQUEST	XUI_PRL_090_WhereFlagAdded4	XUI_PRL_090_010_WhereFlagAdded4	1702988799509	1702988799876	OK	 
GROUP	XUI_PRL_090_WhereFlagAdded4	1702988799226	1702988799877	648	OK
REQUEST	XUI_PRL_100_RequestSupportSubmit4	XUI_PRL_100_005_RequestSupportSubmit4	1702988799878	1702988802456	OK	 
GROUP	XUI_PRL_100_RequestSupportSubmit4	1702988799877	1702988802459	2578	OK
REQUEST	XUI_PRL_080_RequestSupport5	XUI_PRL_080_005_RequestSupport5	1702988802460	1702988803144	OK	 
REQUEST	XUI_PRL_080_RequestSupport5	XUI_PRL_080_010_RequestSupport5	1702988803145	1702988806141	OK	 
GROUP	XUI_PRL_080_RequestSupport5	1702988802459	1702988806151	3680	OK
REQUEST	XUI_PRL_090_WhereFlagAdded5	XUI_PRL_090_005_WhereFlagAdded5	1702988806152	1702988806524	OK	 
REQUEST	XUI_PRL_090_WhereFlagAdded5	XUI_PRL_090_010_WhereFlagAdded5	1702988806526	1702988807519	OK	 
GROUP	XUI_PRL_090_WhereFlagAdded5	1702988806151	1702988807520	1365	OK
REQUEST	XUI_PRL_100_RequestSupportSubmit5	XUI_PRL_100_005_RequestSupportSubmit4	1702988807521	1702988810204	OK	 
GROUP	XUI_PRL_100_RequestSupportSubmit5	1702988807520	1702988810207	2683	OK
GROUP	XUI_PRL_030_CreateCaseStart	1702988810207	1702988810207	0	OK
REQUEST	XUI_PRL_040_ManageSupport	XUI_PRL_040_005_RequestSupport	1702988810207	1702988810873	OK	 
REQUEST	XUI_PRL_040_ManageSupport	XUI_PRL_040_010_RequestSupport	1702988810875	1702988813472	OK	 
GROUP	XUI_PRL_040_ManageSupport	1702988810207	1702988813484	3263	OK
REQUEST	XUI_PRL_070_ManageSupportSubmitSol	XUI_PRL_070_005_ManageSupportSubmitSol	1702988813485	1702988815728	OK	 
GROUP	XUI_PRL_070_ManageSupportSubmitSol	1702988813484	1702988815731	2243	OK
REQUEST	XUI_010_Homepage	XUI_010_005_Homepage	1702988815731	1702988815763	OK	 
REQUEST	XUI_010_Homepage	XUI_Common_000_ConfigurationUI	1702988827614	1702988827647	OK	 
REQUEST	XUI_010_Homepage	XUI_Common_000_ConfigJson	1702988827647	1702988827674	OK	 
REQUEST	XUI_010_Homepage	XUI_Common_000_TsAndCs	1702988827676	1702988827721	OK	 
REQUEST	XUI_010_Homepage	XUI_Common_000_ConfigUI	1702988827722	1702988827762	OK	 
REQUEST	XUI_010_Homepage	XUI_Common_000_UserDetails	1702988827763	1702988827871	OK	 
REQUEST	XUI_010_Homepage	XUI_Common_000_IsAuthenticated	1702988827872	1702988827904	OK	 
REQUEST	XUI_010_Homepage	XUI_010_010_AuthLogin	1702988827905	1702988827942	OK	 
REQUEST	XUI_010_Homepage	XUI_010_010_AuthLogin Redirect 1	1702988827943	1702988828457	OK	 
REQUEST	XUI_010_Homepage	XUI_010_010_AuthLogin Redirect 2	1702988828459	1702988828565	OK	 
GROUP	XUI_010_Homepage	1702988815731	1702988829822	14071	OK
REQUEST	XUI_020_LoginCa	XUI_020_005_LoginCa	1702988829823	1702988829978	OK	 
REQUEST	XUI_020_LoginCa	XUI_020_005_LoginCa Redirect 1	1702988829980	1702988831097	OK	 
REQUEST	XUI_020_LoginCa	XUI_020_005_LoginCa Redirect 2	1702988831098	1702988831143	OK	 
REQUEST	XUI_020_LoginCa	XUI_Common_000_ConfigurationUI	1702988843798	1702988843828	OK	 
REQUEST	XUI_020_LoginCa	XUI_Common_000_ConfigJson	1702988843828	1702988843875	OK	 
REQUEST	XUI_020_LoginCa	XUI_Common_000_TsAndCs	1702988843877	1702988843910	OK	 
REQUEST	XUI_020_LoginCa	XUI_Common_000_ConfigUI	1702988843911	1702988843944	OK	 
REQUEST	XUI_020_LoginCa	XUI_Common_000_UserDetails	1702988843945	1702988844153	OK	 
REQUEST	XUI_020_LoginCa	XUI_Common_000_IsAuthenticated	1702988844154	1702988844196	OK	 
REQUEST	XUI_020_LoginCa	XUI_Common_000_MonitoringTools	1702988844197	1702988844227	OK	 
GROUP	XUI_020_LoginCa	1702988829822	1702988844228	14392	OK
GROUP	XUI_PRL_030_CreateCaseStart	1702988844228	1702988844228	0	OK
REQUEST	XUI_PRL_040_ManageSupportFlags	XUI_PRL_040_005_ManageSupportFlags	1702988844229	1702988845679	OK	 
REQUEST	XUI_PRL_040_ManageSupportFlags	XUI_PRL_040_010_RequestSupport	1702988845680	1702988850596	OK	 
GROUP	XUI_PRL_040_ManageSupportFlags	1702988844228	1702988850686	6366	OK
REQUEST	XUI_PRL_050_SubmitSupportChange	XUI_PRL_050_005_SubmitSupportChange	1702988850686	1702988852736	OK	 
GROUP	XUI_PRL_050_SubmitSupportChange	1702988850686	1702988852737	2050	OK
GROUP	XUI_PRL_030_CreateCaseStart	1702988852737	1702988852737	0	OK
REQUEST	XUI_PRL_040_CreateFlag	XUI_PRL_040_005_CreateFlag	1702988852738	1702988853914	OK	 
REQUEST	XUI_PRL_040_CreateFlag	XUI_PRL_040_010_CreateFlag	1702988853916	1702988857979	OK	 
GROUP	XUI_PRL_040_CreateFlag	1702988852737	1702988858004	5239	OK
REQUEST	XUI_PRL_050_CreateFlag	XUI_PRL_050_005_CreateFlag	1702988858004	1702988858467	OK	 
REQUEST	XUI_PRL_050_CreateFlag	XUI_PRL_050_010_CreateFlag	1702988858469	1702988859049	OK	 
GROUP	XUI_PRL_050_CreateFlag	1702988858004	1702988859050	1043	OK
ERROR	XUI_PRL_060_005_CreateFlag: Failed to build request: Attribute partyName's value is null 	1702988859051
GROUP	XUI_PRL_060_CreateFlag	1702988859050	1702988859053	0	KO
USER	***** PRL Case Flags 2.1 Journey *****	END	1702988859057
