ASSERTION	AAECAAIFAAAAAAAAAFlA
RUN	simulations.PRL_Simulation	prl-simulation	1706620428599	 	3.9.5
USER	***** PRL Citizen Journey *****	START	1706620429291
REQUEST	XUI_010_Homepage	XUI_010_005_Homepage	1706620429299	1706620429391	OK	 
REQUEST	XUI_010_Homepage	XUI_Common_000_ConfigurationUI	1706620430534	1706620430567	OK	 
REQUEST	XUI_010_Homepage	XUI_Common_000_ConfigJson	1706620430568	1706620430600	OK	 
REQUEST	XUI_010_Homepage	XUI_Common_000_TsAndCs	1706620430601	1706620430627	OK	 
REQUEST	XUI_010_Homepage	XUI_Common_000_ConfigUI	1706620430627	1706620430652	OK	 
REQUEST	XUI_010_Homepage	XUI_Common_000_UserDetails	1706620430653	1706620430682	OK	 
REQUEST	XUI_010_Homepage	XUI_Common_000_IsAuthenticated	1706620430683	1706620430713	OK	 
REQUEST	XUI_010_Homepage	XUI_010_010_AuthLogin	1706620430715	1706620430739	OK	 
REQUEST	XUI_010_Homepage	XUI_010_010_AuthLogin Redirect 1	1706620430742	1706620431076	OK	 
REQUEST	XUI_010_Homepage	XUI_010_010_AuthLogin Redirect 2	1706620431077	1706620431121	OK	 
GROUP	XUI_010_Homepage	1706620429292	1706620431315	1946	OK
REQUEST	XUI_020_Login	XUI_020_005_Login	1706620431318	1706620431500	OK	 
REQUEST	XUI_020_Login	XUI_020_005_Login Redirect 1	1706620431503	1706620432412	OK	 
REQUEST	XUI_020_Login	XUI_020_005_Login Redirect 2	1706620432419	1706620432447	OK	 
REQUEST	XUI_020_Login	XUI_Common_000_ConfigurationUI	1706620433473	1706620433499	OK	 
REQUEST	XUI_020_Login	XUI_Common_000_ConfigJson	1706620433499	1706620433527	OK	 
REQUEST	XUI_020_Login	XUI_Common_000_TsAndCs	1706620433527	1706620433554	OK	 
REQUEST	XUI_020_Login	XUI_Common_000_ConfigUI	1706620433554	1706620433588	OK	 
REQUEST	XUI_020_Login	XUI_Common_000_UserDetails	1706620433589	1706620434517	OK	 
REQUEST	XUI_020_Login	XUI_Common_000_IsAuthenticated	1706620434518	1706620434608	OK	 
REQUEST	XUI_020_Login	XUI_Common_000_MonitoringTools	1706620434610	1706620434686	OK	 
GROUP	XUI_020_Login	1706620431315	1706620434719	3346	OK
REQUEST	XUI_PRL_030_CreateCaseStart	XUI_PRL_030_005_CreateCaseStart	1706620434721	1706620440518	OK	 
GROUP	XUI_PRL_030_CreateCaseStart	1706620434720	1706620440533	5797	OK
REQUEST	XUI_PRL_031_Type_Of_Application	XUI_PRL_031_005_Type_Of_Application	1706620440537	1706620441627	OK	 
GROUP	XUI_PRL_031_Type_Of_Application	1706620440533	1706620441628	1090	OK
REQUEST	XUI_PRL_032_ApplicationCheckYourAnswers	XUI_PRL_032_005_ApplicationCheckYourAnswers	1706620441629	1706620458740	OK	 
GROUP	XUI_PRL_032_ApplicationCheckYourAnswers	1706620441628	1706620458751	17111	OK
REQUEST	XUI_PRL_033_ApplicationDetails	XUI_PRL_033_005_ApplicationDetails	1706620458751	1706620460819	OK	 
GROUP	XUI_PRL_033_ApplicationDetails	1706620458751	1706620460852	2068	OK
REQUEST	XUI_PRL_034_EnterApplicationDetails	XUI_PRL_034_005_EnterApplicationDetails	1706620460852	1706620462211	OK	 
GROUP	XUI_PRL_034_EnterApplicationDetails	1706620460852	1706620462214	1359	OK
REQUEST	XUI_PRL_035_SubmitApplicationDetails	XUI_PRL_035_005_SubmitApplicationDetails	1706620462215	1706620471565	OK	 
GROUP	XUI_PRL_035_SubmitApplicationDetails	1706620462214	1706620471567	9350	OK
REQUEST	XUI_PRL_036_SubmitAndPay	XUI_PRL_036_005_SubmitAndPay	1706620471568	1706620481002	OK	 
GROUP	XUI_PRL_036_SubmitAndPay	1706620471567	1706620481018	9434	OK
REQUEST	XUI_PRL_037_ConfidentialityStatement	XUI_PRL_037_005_ConfidentialityStatement	1706620481019	1706620482487	OK	 
GROUP	XUI_PRL_037_ConfidentialityStatement	1706620481018	1706620482490	1468	OK
REQUEST	XUI_PRL_038_Declaration	XUI_PRL_038_005_Declaration	1706620482492	1706620483512	OK	 
GROUP	XUI_PRL_038_Declaration	1706620482490	1706620483514	1020	OK
REQUEST	XUI_PRL_039_Continue	XUI_PRL_039_005_Continue	1706620483516	1706620484251	OK	 
GROUP	XUI_PRL_039_Continue	1706620483514	1706620484253	735	OK
REQUEST	XUI_PRL_040_Continue	XUI_PRL_039_005_Continue	1706620484254	1706620495845	OK	 
GROUP	XUI_PRL_040_Continue	1706620484253	1706620495848	11591	OK
REQUEST	XUI_PRL_041_DummyPaymentConfirmation 	XUI_PRL_041_005_DummyPaymentConfirmation 	1706620495848	1706620496677	OK	 
GROUP	XUI_PRL_041_DummyPaymentConfirmation 	1706620495848	1706620496677	829	OK
REQUEST	XUI_PRL_042_PaymentOption	XUI_PRL_042_005_PaymentOption	1706620496678	1706620497948	OK	 
GROUP	XUI_PRL_042_PaymentOption	1706620496678	1706620497953	1270	OK
REQUEST	XUI_PRL_043_PaymentOption	XUI_PRL_043_005_PaymentOption	1706620497954	1706620498082	OK	 
REQUEST	XUI_PRL_043_PaymentOption	XUI_PRL_043_005_PaymentOption Redirect 1	1706620498083	1706620498178	OK	 
GROUP	XUI_PRL_043_PaymentOption	1706620497954	1706620498352	384	OK
REQUEST	XUI_PRL_044_CardDetails	XUI_PRL_044_005_CardDetails	1706620498353	1706620498492	OK	 
REQUEST	XUI_PRL_044_CardDetails	XUI_PRL_044_005_CardDetails Redirect 1	1706620498493	1706620498572	OK	 
GROUP	XUI_PRL_044_CardDetails	1706620498352	1706620498578	219	OK
REQUEST	XUI_PRL_045_ConfirmPayment	XUI_PRL_045_005_ConfirmPayment	1706620498579	1706620498694	OK	 
REQUEST	XUI_PRL_045_ConfirmPayment	XUI_PRL_045_005_ConfirmPayment Redirect 1	1706620498696	1706620498734	OK	 
REQUEST	XUI_PRL_045_ConfirmPayment	XUI_PRL_045_005_ConfirmPayment Redirect 2	1706620498746	1706620500611	OK	 
GROUP	XUI_PRL_045_ConfirmPayment	1706620498579	1706620500778	2181	OK
