ASSERTION	AAECAAIFAAAAAAAAAFlA
RUN	simulations.PRL_Simulation	prl-simulation	1697547474533	 	3.9.5
USER	***** Private Law Create Case *****	START	1697547474921
REQUEST	XUI_010_Homepage	XUI_010_005_Homepage	1697547474939	1697547475048	OK	 
REQUEST	XUI_010_Homepage	XUI_Common_000_ConfigurationUI	1697547480301	1697547480339	OK	 
REQUEST	XUI_010_Homepage	XUI_Common_000_ConfigJson	1697547480341	1697547480357	OK	 
REQUEST	XUI_010_Homepage	XUI_Common_000_TsAndCs	1697547480358	1697547480419	OK	 
REQUEST	XUI_010_Homepage	XUI_Common_000_ConfigUI	1697547480420	1697547480467	OK	 
REQUEST	XUI_010_Homepage	XUI_Common_000_UserDetails	1697547480468	1697547480511	OK	 
REQUEST	XUI_010_Homepage	XUI_Common_000_IsAuthenticated	1697547480511	1697547480597	OK	 
REQUEST	XUI_010_Homepage	XUI_010_010_AuthLogin	1697547480599	1697547480640	OK	 
REQUEST	XUI_010_Homepage	XUI_010_010_AuthLogin Redirect 1	1697547480642	1697547481071	OK	 
REQUEST	XUI_010_Homepage	XUI_010_010_AuthLogin Redirect 2	1697547481073	1697547481134	OK	 
GROUP	XUI_010_Homepage	1697547474922	1697547481815	6787	OK
REQUEST	XUI_020_Login	XUI_020_005_Login	1697547481820	1697547482186	OK	 
REQUEST	XUI_020_Login	XUI_020_005_Login Redirect 1	1697547482186	1697547483782	OK	 
REQUEST	XUI_020_Login	XUI_020_005_Login Redirect 2	1697547483784	1697547483827	OK	 
REQUEST	XUI_020_Login	XUI_Common_000_ConfigurationUI	1697547484480	1697547484542	OK	 
REQUEST	XUI_020_Login	XUI_Common_000_ConfigJson	1697547484543	1697547484564	OK	 
REQUEST	XUI_020_Login	XUI_Common_000_TsAndCs	1697547484566	1697547484619	OK	 
REQUEST	XUI_020_Login	XUI_Common_000_ConfigUI	1697547484620	1697547484662	OK	 
REQUEST	XUI_020_Login	XUI_Common_000_UserDetails	1697547484663	1697547485673	OK	 
REQUEST	XUI_020_Login	XUI_Common_000_IsAuthenticated	1697547485674	1697547485994	OK	 
REQUEST	XUI_020_Login	XUI_Common_000_MonitoringTools	1697547486002	1697547486063	OK	 
GROUP	XUI_020_Login	1697547481815	1697547486091	4222	OK
REQUEST	XUI_PRL_030_CreateCaseStart	XUI_PRL_030_005_CreateCaseStart	1697547486095	1697547488449	OK	 
GROUP	XUI_PRL_030_CreateCaseStart	1697547486092	1697547488472	2354	OK
REQUEST	XUI_PRL_031_Type_Of_Application	XUI_PRL_031_005_Type_Of_Application	1697547488474	1697547490758	OK	 
GROUP	XUI_PRL_031_Type_Of_Application	1697547488472	1697547490759	2284	OK
REQUEST	XUI_PRL_032_ApplicationCheckYourAnswers	XUI_PRL_032_005_ApplicationCheckYourAnswers	1697547490759	1697547504193	OK	 
GROUP	XUI_PRL_032_ApplicationCheckYourAnswers	1697547490759	1697547504202	13434	OK
REQUEST	XUI_PRL_033_ApplicationDetails	XUI_PRL_033_005_ApplicationDetails	1697547504202	1697547505274	OK	 
GROUP	XUI_PRL_033_ApplicationDetails	1697547504202	1697547505308	1072	OK
REQUEST	XUI_PRL_034_EnterApplicationDetails	XUI_PRL_034_005_EnterApplicationDetails	1697547505308	1697547506540	OK	 
GROUP	XUI_PRL_034_EnterApplicationDetails	1697547505308	1697547506541	1232	OK
REQUEST	XUI_PRL_035_SubmitApplicationDetails	XUI_PRL_035_005_SubmitApplicationDetails	1697547506542	1697547515980	OK	 
GROUP	XUI_PRL_035_SubmitApplicationDetails	1697547506541	1697547515981	9438	OK
REQUEST	XUI_PRL_036_SubmitAndPay	XUI_PRL_036_005_SubmitAndPay	1697547515981	1697547527580	OK	 
GROUP	XUI_PRL_036_SubmitAndPay	1697547515981	1697547527590	11599	OK
REQUEST	XUI_PRL_037_ConfidentialityStatement	XUI_PRL_037_005_ConfidentialityStatement	1697547527590	1697547528806	OK	 
GROUP	XUI_PRL_037_ConfidentialityStatement	1697547527590	1697547528806	1216	OK
REQUEST	XUI_PRL_038_Declaration	XUI_PRL_038_005_Declaration	1697547528807	1697547530171	OK	 
GROUP	XUI_PRL_038_Declaration	1697547528806	1697547530171	1364	OK
REQUEST	XUI_PRL_039_Continue	XUI_PRL_039_005_Continue	1697547530171	1697547531158	KO	regex("paymentServiceRequestReferenceNumber": "(.{4}-.{13})").find.exists, found nothing
GROUP	XUI_PRL_039_Continue	1697547530171	1697547531180	987	KO
USER	***** Private Law Create Case *****	END	1697547531183
