ASSERTION	AAECAAIFAAAAAAAAAFlA
RUN	simulations.PRL_Simulation	prl-simulation	1697619164056	 	3.9.5
USER	***** Private Law Create Case *****	START	1697619164506
REQUEST	XUI_010_Homepage	XUI_010_005_Homepage	1697619164527	1697619165193	OK	 
REQUEST	XUI_010_Homepage	XUI_Common_000_ConfigurationUI	1697619165779	1697619165877	OK	 
REQUEST	XUI_010_Homepage	XUI_Common_000_ConfigJson	1697619165879	1697619165898	OK	 
REQUEST	XUI_010_Homepage	XUI_Common_000_TsAndCs	1697619165898	1697619165946	OK	 
REQUEST	XUI_010_Homepage	XUI_Common_000_ConfigUI	1697619165946	1697619165983	OK	 
REQUEST	XUI_010_Homepage	XUI_Common_000_UserDetails	1697619165984	1697619166056	OK	 
REQUEST	XUI_010_Homepage	XUI_Common_000_IsAuthenticated	1697619166056	1697619166101	OK	 
REQUEST	XUI_010_Homepage	XUI_010_010_AuthLogin	1697619166102	1697619166149	OK	 
REQUEST	XUI_010_Homepage	XUI_010_010_AuthLogin Redirect 1	1697619166151	1697619166265	OK	 
REQUEST	XUI_010_Homepage	XUI_010_010_AuthLogin Redirect 2	1697619166267	1697619166330	OK	 
GROUP	XUI_010_Homepage	1697619164507	1697619166842	2247	OK
REQUEST	XUI_020_Login	XUI_020_005_Login	1697619166844	1697619167450	OK	 
REQUEST	XUI_020_Login	XUI_020_005_Login Redirect 1	1697619167451	1697619167948	OK	 
REQUEST	XUI_020_Login	XUI_020_005_Login Redirect 2	1697619167949	1697619167995	OK	 
REQUEST	XUI_020_Login	XUI_Common_000_ConfigurationUI	1697619168471	1697619168524	OK	 
REQUEST	XUI_020_Login	XUI_Common_000_ConfigJson	1697619168525	1697619168550	OK	 
REQUEST	XUI_020_Login	XUI_Common_000_TsAndCs	1697619168551	1697619168591	OK	 
REQUEST	XUI_020_Login	XUI_Common_000_ConfigUI	1697619168592	1697619168693	OK	 
REQUEST	XUI_020_Login	XUI_Common_000_UserDetails	1697619168694	1697619169199	OK	 
REQUEST	XUI_020_Login	XUI_Common_000_IsAuthenticated	1697619169200	1697619169253	OK	 
REQUEST	XUI_020_Login	XUI_Common_000_MonitoringTools	1697619169254	1697619169340	OK	 
GROUP	XUI_020_Login	1697619166842	1697619169360	2481	OK
REQUEST	XUI_PRL_030_CreateCaseStart	XUI_PRL_030_005_CreateCaseStart	1697619169362	1697619171292	OK	 
GROUP	XUI_PRL_030_CreateCaseStart	1697619169361	1697619171299	1930	OK
REQUEST	XUI_PRL_031_Type_Of_Application	XUI_PRL_031_005_Type_Of_Application	1697619171302	1697619172276	OK	 
GROUP	XUI_PRL_031_Type_Of_Application	1697619171299	1697619172276	974	OK
REQUEST	XUI_PRL_032_ApplicationCheckYourAnswers	XUI_PRL_032_005_ApplicationCheckYourAnswers	1697619172277	1697619178036	OK	 
GROUP	XUI_PRL_032_ApplicationCheckYourAnswers	1697619172276	1697619178058	5759	OK
REQUEST	XUI_PRL_033_ApplicationDetails	XUI_PRL_033_005_ApplicationDetails	1697619178059	1697619179086	OK	 
GROUP	XUI_PRL_033_ApplicationDetails	1697619178058	1697619179134	1027	OK
REQUEST	XUI_PRL_034_EnterApplicationDetails	XUI_PRL_034_005_EnterApplicationDetails	1697619179137	1697619180055	OK	 
GROUP	XUI_PRL_034_EnterApplicationDetails	1697619179134	1697619180056	918	OK
REQUEST	XUI_PRL_035_SubmitApplicationDetails	XUI_PRL_035_005_SubmitApplicationDetails	1697619180056	1697619185675	OK	 
GROUP	XUI_PRL_035_SubmitApplicationDetails	1697619180056	1697619185677	5619	OK
REQUEST	XUI_PRL_036_SubmitAndPay	XUI_PRL_036_005_SubmitAndPay	1697619185678	1697619196989	OK	 
GROUP	XUI_PRL_036_SubmitAndPay	1697619185677	1697619197001	11311	OK
REQUEST	XUI_PRL_037_ConfidentialityStatement	XUI_PRL_037_005_ConfidentialityStatement	1697619197002	1697619197832	OK	 
GROUP	XUI_PRL_037_ConfidentialityStatement	1697619197001	1697619197832	830	OK
REQUEST	XUI_PRL_038_Declaration	XUI_PRL_038_005_Declaration	1697619197833	1697619198261	OK	 
GROUP	XUI_PRL_038_Declaration	1697619197833	1697619198262	428	OK
REQUEST	XUI_PRL_039_Continue	XUI_PRL_039_005_Continue	1697619198263	1697619199125	OK	 
GROUP	XUI_PRL_039_Continue	1697619198262	1697619199125	862	OK
REQUEST	XUI_PRL_040_Continue	XUI_PRL_040_005_Continue	1697619199126	1697619199217	KO	jsonPath($.payment_groups[0].payment_group_reference).find.exists preparation crashed: Jackson failed to parse into a valid AST: c.f.j.c.JsonParseException: Unexpected character ('<' (code 60)): expected a valid value (JSON String, Number, Array, Object or token 'null', 'true' or 'false')  at [Source: (io.netty.buffer.ByteBufInputStream); line: 1, column: 2]
GROUP	XUI_PRL_040_Continue	1697619199126	1697619199229	91	KO
USER	***** Private Law Create Case *****	END	1697619199234
