ASSERTION	AAECAAIFAAAAAAAAAFlA
RUN	simulations.PRL_Simulation	prl-simulation	1713439811312	 	3.9.5
USER	***** PRL Citizen Journey *****	START	1713439812158
REQUEST	PRL_CitizenC100_010_PRLHome	PRL_CitizenC100_010_005_PRLHome	1713439812179	1713439812382	OK	 
REQUEST	PRL_CitizenC100_010_PRLHome	PRL_CitizenC100_010_005_PRLHome Redirect 1	1713439812388	1713439812453	OK	 
REQUEST	PRL_CitizenC100_010_PRLHome	PRL_CitizenC100_010_005_PRLHome Redirect 2	1713439812453	1713439812566	OK	 
REQUEST	PRL_CitizenC100_010_PRLHome	PRL_CitizenC100_010_005_PRLHome Redirect 3	1713439812567	1713439812777	OK	 
GROUP	PRL_CitizenC100_010_PRLHome	1713439812159	1713439813122	888	OK
REQUEST	PRL_CitizenC100_020_Login	PRL_CitizenC100_020_005_Login	1713439813124	1713439813299	OK	 
REQUEST	PRL_CitizenC100_020_Login	PRL_CitizenC100_020_005_Login Redirect 1	1713439813300	1713439813768	OK	 
REQUEST	PRL_CitizenC100_020_Login	PRL_CitizenC100_020_005_Login Redirect 2	1713439813769	1713439816854	OK	 
GROUP	PRL_CitizenC100_020_Login	1713439813122	1713439817079	3946	OK
REQUEST	PRL_CitizenC100_025_ChildArrangementsApplication	PRL_CitizenC100_025_005_ChildArrangementsApplication	1713439817079	1713439817217	OK	 
GROUP	PRL_CitizenC100_025_ChildArrangementsApplication	1713439817079	1713439817372	287	OK
REQUEST	PRL_CitizenC100_030_StartApplication	PRL_CitizenC100_030_005_StartApplication	1713439817373	1713439817441	OK	 
GROUP	PRL_CitizenC100_030_StartApplication	1713439817372	1713439817549	173	OK
REQUEST	PRL_CitizenC100_040_WhatYouWillNeed	PRL_CitizenC100_040_005_WhatYouWillNeed	1713439817549	1713439828983	OK	 
REQUEST	PRL_CitizenC100_040_WhatYouWillNeed	PRL_CitizenC100_040_005_WhatYouWillNeed Redirect 1	1713439828984	1713439829073	OK	 
GROUP	PRL_CitizenC100_040_WhatYouWillNeed	1713439817549	1713439829231	11656	OK
REQUEST	PRL_CitizenC100_060_ChildrenPostCode	PRL_CitizenC100_060_005_ChildrenPostCode	1713439829233	1713439829311	OK	 
REQUEST	PRL_CitizenC100_060_ChildrenPostCode	PRL_CitizenC100_060_005_ChildrenPostCode Redirect 1	1713439829312	1713439829383	OK	 
GROUP	PRL_CitizenC100_060_ChildrenPostCode	1713439829232	1713439829540	303	OK
REQUEST	PRL_CitizenC100_070_WrittenAgreement	PRL_CitizenC100_070_005_WrittenAgreement	1713439829541	1713439829597	OK	 
REQUEST	PRL_CitizenC100_070_WrittenAgreement	PRL_CitizenC100_070_005_WrittenAgreement Redirect 1	1713439829598	1713439829671	OK	 
GROUP	PRL_CitizenC100_070_WrittenAgreement	1713439829540	1713439829806	257	OK
REQUEST	PRL_CitizenC100_080_BeforeCourt	PRL_CitizenC100_080_005_BeforeCourt	1713439829807	1713439829865	OK	 
REQUEST	PRL_CitizenC100_080_BeforeCourt	PRL_CitizenC100_080_005_BeforeCourt Redirect 1	1713439829866	1713439829940	OK	 
GROUP	PRL_CitizenC100_080_BeforeCourt	1713439829806	1713439830085	270	OK
REQUEST	PRL_CitizenC100_090_ReachAgreement	PRL_CitizenC100_090_005_ReachAgreement	1713439830086	1713439830141	OK	 
REQUEST	PRL_CitizenC100_090_ReachAgreement	PRL_CitizenC100_090_005_ReachAgreement Redirect 1	1713439830142	1713439830230	OK	 
GROUP	PRL_CitizenC100_090_ReachAgreement	1713439830085	1713439830357	268	OK
REQUEST	PRL_CitizenC100_100_LegalRep	PRL_CitizenC100_100_005_LegalRep	1713439830358	1713439830418	OK	 
REQUEST	PRL_CitizenC100_100_LegalRep	PRL_CitizenC100_100_005_LegalRep Redirect 1	1713439830427	1713439830539	OK	 
GROUP	PRL_CitizenC100_100_LegalRep	1713439830357	1713439830653	277	OK
REQUEST	PRL_CitizenC100_110_PermissionFromCourt	PRL_CitizenC100_110_005_PermissionFromCourt	1713439830654	1713439830710	OK	 
REQUEST	PRL_CitizenC100_110_PermissionFromCourt	PRL_CitizenC100_110_005_PermissionFromCourt Redirect 1	1713439830714	1713439830816	OK	 
GROUP	PRL_CitizenC100_110_PermissionFromCourt	1713439830653	1713439830966	299	OK
REQUEST	PRL_CitizenC100_120_WhyPermissionFromCourt	PRL_CitizenC100_120_005_WhyPermissionFromCourt	1713439830968	1713439831034	OK	 
REQUEST	PRL_CitizenC100_120_WhyPermissionFromCourt	PRL_CitizenC100_120_005_WhyPermissionFromCourt Redirect 1	1713439831035	1713439831108	OK	 
GROUP	PRL_CitizenC100_120_WhyPermissionFromCourt	1713439830966	1713439831209	238	OK
REQUEST	PRL_CitizenC100_130_WhyCourtShouldGrant	PRL_CitizenC100_130_005_WhyCourtShouldGrant	1713439831210	1713439831284	OK	 
REQUEST	PRL_CitizenC100_130_WhyCourtShouldGrant	PRL_CitizenC100_130_005_WhyCourtShouldGrant Redirect 1	1713439831292	1713439831366	OK	 
GROUP	PRL_CitizenC100_130_WhyCourtShouldGrant	1713439831210	1713439831480	253	OK
REQUEST	PRL_CitizenC100_140_InvolvedInEmergencyProtection	PRL_CitizenC100_140_005_InvolvedInEmergencyProtection	1713439831482	1713439831553	OK	 
REQUEST	PRL_CitizenC100_140_InvolvedInEmergencyProtection	PRL_CitizenC100_140_005_InvolvedInEmergencyProtection Redirect 1	1713439831554	1713439831637	OK	 
GROUP	PRL_CitizenC100_140_InvolvedInEmergencyProtection	1713439831481	1713439831771	284	OK
REQUEST	PRL_CitizenC100_150_AttendingMIAM	PRL_CitizenC100_150_005_AttendingMIAM	1713439831772	1713439831841	OK	 
REQUEST	PRL_CitizenC100_150_AttendingMIAM	PRL_CitizenC100_150_005_AttendingMIAM Redirect 1	1713439831842	1713439831936	OK	 
GROUP	PRL_CitizenC100_150_AttendingMIAM	1713439831771	1713439832112	333	OK
REQUEST	PRL_CitizenC100_160_AttendedMIAM	PRL_CitizenC100_160_005_AttendedMIAM	1713439832112	1713439832160	OK	 
REQUEST	PRL_CitizenC100_160_AttendedMIAM	PRL_CitizenC100_160_005_AttendedMIAM Redirect 1	1713439832161	1713439832244	OK	 
GROUP	PRL_CitizenC100_160_AttendedMIAM	1713439832112	1713439832385	251	OK
REQUEST	PRL_CitizenC100_170_DocumentSigned	PRL_CitizenC100_170_005_DocumentSigned	1713439832386	1713439832462	OK	 
REQUEST	PRL_CitizenC100_170_DocumentSigned	PRL_CitizenC100_170_005_DocumentSigned Redirect 1	1713439832464	1713439832564	OK	 
GROUP	PRL_CitizenC100_170_DocumentSigned	1713439832385	1713439832694	293	OK
REQUEST	PRL_CitizenC100_180_MIAMUpload	PRL_CitizenC100_180_005_MIAMUpload	1713439832727	1713439835719	OK	 
REQUEST	PRL_CitizenC100_180_MIAMUpload	PRL_CitizenC100_180_005_MIAMUpload Redirect 1	1713439835720	1713439835815	OK	 
GROUP	PRL_CitizenC100_180_MIAMUpload	1713439832695	1713439835973	3238	OK
REQUEST	PRL_CitizenC100_190_MIAMUploadSubmit	PRL_CitizenC100_190_005_MIAMUploadSubmit	1713439835975	1713439836040	OK	 
REQUEST	PRL_CitizenC100_190_MIAMUploadSubmit	PRL_CitizenC100_190_005_MIAMUploadSubmit Redirect 1	1713439836042	1713439836123	OK	 
GROUP	PRL_CitizenC100_190_MIAMUploadSubmit	1713439835973	1713439836280	294	OK
REQUEST	PRL_CitizenC100_200_MIAMUploadContinue	PRL_CitizenC100_200_005_MIAMUploadContinue	1713439836280	1713439836356	OK	 
REQUEST	PRL_CitizenC100_200_MIAMUploadContinue	PRL_CitizenC100_200_005_MIAMUploadContinue Redirect 1	1713439836357	1713439836433	OK	 
GROUP	PRL_CitizenC100_200_MIAMUploadContinue	1713439836280	1713439836550	265	OK
REQUEST	PRL_CitizenC100_210_AskingCourtToDo	PRL_CitizenC100_210_005_AskingCourtToDo	1713439836556	1713439836656	OK	 
REQUEST	PRL_CitizenC100_210_AskingCourtToDo	PRL_CitizenC100_210_005_AskingCourtToDo Redirect 1	1713439836658	1713439836764	OK	 
GROUP	PRL_CitizenC100_210_AskingCourtToDo	1713439836550	1713439836875	309	OK
REQUEST	PRL_CitizenC100_220_WouldLikeCourtTo	PRL_CitizenC100_220_005_WouldLikeCourtTo	1713439836878	1713439836930	OK	 
REQUEST	PRL_CitizenC100_220_WouldLikeCourtTo	PRL_CitizenC100_220_005_WouldLikeCourtTo Redirect 1	1713439836932	1713439837021	OK	 
GROUP	PRL_CitizenC100_220_WouldLikeCourtTo	1713439836876	1713439837213	324	OK
REQUEST	PRL_CitizenC100_230_DescribeWhatCourt	PRL_CitizenC100_230_005_DescribeWhatCourt	1713439837214	1713439837302	OK	 
REQUEST	PRL_CitizenC100_230_DescribeWhatCourt	PRL_CitizenC100_230_005_DescribeWhatCourt Redirect 1	1713439837303	1713439837390	OK	 
GROUP	PRL_CitizenC100_230_DescribeWhatCourt	1713439837213	1713439837498	278	OK
REQUEST	PRL_CitizenC100_240_UrgentFirstHearing	PRL_CitizenC100_240_005_UrgentFirstHearing	1713439837499	1713439837575	OK	 
REQUEST	PRL_CitizenC100_240_UrgentFirstHearing	PRL_CitizenC100_240_005_UrgentFirstHearing Redirect 1	1713439837578	1713439837640	OK	 
GROUP	PRL_CitizenC100_240_UrgentFirstHearing	1713439837498	1713439837773	263	OK
REQUEST	PRL_CitizenC100_250_UrgentHearingDetails	PRL_CitizenC100_250_005_UrgentHearingDetails	1713439837776	1713439837859	OK	 
REQUEST	PRL_CitizenC100_250_UrgentHearingDetails	PRL_CitizenC100_250_005_UrgentHearingDetails Redirect 1	1713439837862	1713439837944	OK	 
GROUP	PRL_CitizenC100_250_UrgentHearingDetails	1713439837774	1713439838055	268	OK
REQUEST	PRL_CitizenC100_260_AskingForWithoutNotice	PRL_CitizenC100_260_005_AskingForWithoutNotice	1713439838057	1713439838114	OK	 
REQUEST	PRL_CitizenC100_260_AskingForWithoutNotice	PRL_CitizenC100_260_005_AskingForWithoutNotice Redirect 1	1713439838116	1713439838191	OK	 
GROUP	PRL_CitizenC100_260_AskingForWithoutNotice	1713439838055	1713439838288	221	OK
REQUEST	PRL_CitizenC100_270_WithoutNoticeDetails	PRL_CitizenC100_270_005_WithoutNoticeDetails	1713439838290	1713439838382	OK	 
REQUEST	PRL_CitizenC100_270_WithoutNoticeDetails	PRL_CitizenC100_270_005_WithoutNoticeDetails Redirect 1	1713439838384	1713439838460	OK	 
GROUP	PRL_CitizenC100_270_WithoutNoticeDetails	1713439838288	1713439838611	311	OK
REQUEST	PRL_CitizenC100_280_ChildrenName	PRL_CitizenC100_280_005_ChildrenName	1713439838614	1713439838673	OK	 
GROUP	PRL_CitizenC100_280_ChildrenName	1713439838612	1713439838680	59	OK
REQUEST	PRL_CitizenC100_285_ChildrenNameRedirect	PRL_CitizenC100_280_005_ChildrenName	1713439838681	1713439838750	OK	 
GROUP	PRL_CitizenC100_285_ChildrenNameRedirect	1713439838680	1713439838871	185	OK
REQUEST	PRL_CitizenC100_290_ChildDetails	PRL_CitizenC100_290_005_ChildDetails	1713439838873	1713439838944	OK	 
REQUEST	PRL_CitizenC100_290_ChildDetails	PRL_CitizenC100_290_005_ChildDetails Redirect 1	1713439838947	1713439839032	OK	 
GROUP	PRL_CitizenC100_290_ChildDetails	1713439838871	1713439839128	244	OK
REQUEST	PRL_CitizenC100_300_WhichDecision	PRL_CitizenC100_300_005_WhichDecision	1713439839130	1713439839189	OK	 
REQUEST	PRL_CitizenC100_300_WhichDecision	PRL_CitizenC100_300_005_WhichDecision Redirect 1	1713439839191	1713439839291	OK	 
GROUP	PRL_CitizenC100_300_WhichDecision	1713439839128	1713439839398	257	OK
REQUEST	PRL_CitizenC100_310_ParentalResponsibility	PRL_CitizenC100_310_005_ParentalResponsibility	1713439839400	1713439839454	OK	 
REQUEST	PRL_CitizenC100_310_ParentalResponsibility	PRL_CitizenC100_310_005_ParentalResponsibility Redirect 1	1713439839457	1713439839519	OK	 
GROUP	PRL_CitizenC100_310_ParentalResponsibility	1713439839398	1713439839632	218	OK
REQUEST	PRL_CitizenC100_320_FurtherInformation	PRL_CitizenC100_320_005_FurtherInformation	1713439839635	1713439839683	OK	 
REQUEST	PRL_CitizenC100_320_FurtherInformation	PRL_CitizenC100_320_005_FurtherInformation Redirect 1	1713439839685	1713439839754	OK	 
GROUP	PRL_CitizenC100_320_FurtherInformation	1713439839632	1713439839862	218	OK
REQUEST	PRL_CitizenC100_330_OtherChildren	PRL_CitizenC100_330_005_OtherChildren	1713439839864	1713439839935	OK	 
REQUEST	PRL_CitizenC100_330_OtherChildren	PRL_CitizenC100_330_005_OtherChildren Redirect 1	1713439839937	1713439840016	OK	 
GROUP	PRL_CitizenC100_330_OtherChildren	1713439839862	1713439840092	224	OK
REQUEST	PRL_CitizenC100_340_EnterYourName	PRL_CitizenC100_340_005_EnterYourName	1713439840092	1713439840181	OK	 
GROUP	PRL_CitizenC100_340_EnterYourName	1713439840092	1713439840181	89	OK
REQUEST	PRL_CitizenC100_345_EnterYourNameRedirect	PRL_CitizenC100_340_005_EnterYourName	1713439840181	1713439840258	OK	 
GROUP	PRL_CitizenC100_345_EnterYourNameRedirect	1713439840181	1713439840352	169	OK
REQUEST	PRL_CitizenC100_350_KnowContactDetails	PRL_CitizenC100_350_005_KnowContactDetails	1713439840354	1713439840414	OK	 
REQUEST	PRL_CitizenC100_350_KnowContactDetails	PRL_CitizenC100_350_005_KnowContactDetails Redirect 1	1713439840416	1713439840486	OK	 
GROUP	PRL_CitizenC100_350_KnowContactDetails	1713439840353	1713439840615	251	OK
REQUEST	PRL_CitizenC100_360_KeepDetailsPrivate	PRL_CitizenC100_360_005_KeepDetailsPrivate	1713439840617	1713439840672	OK	 
REQUEST	PRL_CitizenC100_360_KeepDetailsPrivate	PRL_CitizenC100_360_005_KeepDetailsPrivate Redirect 1	1713439840673	1713439840741	OK	 
GROUP	PRL_CitizenC100_360_KeepDetailsPrivate	1713439840615	1713439840843	221	OK
REQUEST	PRL_CitizenC100_370_KeepDetailsPrivateContinue	PRL_CitizenC100_370_005_KeepDetailsPrivateContinue	1713439840844	1713439840908	OK	 
REQUEST	PRL_CitizenC100_370_KeepDetailsPrivateContinue	PRL_CitizenC100_370_005_KeepDetailsPrivateContinue Redirect 1	1713439840909	1713439840976	OK	 
GROUP	PRL_CitizenC100_370_KeepDetailsPrivateContinue	1713439840844	1713439841065	213	OK
REQUEST	PRL_CitizenC100_380_ApplicantDetails	PRL_CitizenC100_380_005_ApplicantDetails	1713439841068	1713439841147	OK	 
REQUEST	PRL_CitizenC100_380_ApplicantDetails	PRL_CitizenC100_380_005_ApplicantDetails Redirect 1	1713439841148	1713439841219	OK	 
GROUP	PRL_CitizenC100_380_ApplicantDetails	1713439841066	1713439841304	231	OK
REQUEST	PRL_CitizenC100_390_ApplicantRelationship	PRL_CitizenC100_390_005_ApplicantRelationship	1713439841304	1713439841388	OK	 
REQUEST	PRL_CitizenC100_390_ApplicantRelationship	PRL_CitizenC100_390_005_ApplicantRelationship Redirect 1	1713439841391	1713439841454	OK	 
GROUP	PRL_CitizenC100_390_ApplicantRelationship	1713439841304	1713439841579	269	OK
REQUEST	PRL_CitizenC100_400_ApplicantPostcode	PRL_CitizenC100_400_005_ApplicantPostcode	1713439841580	1713439842235	OK	 
REQUEST	PRL_CitizenC100_400_ApplicantPostcode	PRL_CitizenC100_400_005_ApplicantPostcode Redirect 1	1713439842236	1713439842311	OK	 
GROUP	PRL_CitizenC100_400_ApplicantPostcode	1713439841579	1713439842432	835	OK
REQUEST	PRL_CitizenC100_410_ApplicantSelectAddress	PRL_CitizenC100_410_005_ApplicantSelectAddress	1713439842433	1713439842479	OK	 
REQUEST	PRL_CitizenC100_410_ApplicantSelectAddress	PRL_CitizenC100_410_005_ApplicantSelectAddress Redirect 1	1713439842481	1713439842549	OK	 
GROUP	PRL_CitizenC100_410_ApplicantSelectAddress	1713439842432	1713439842675	221	OK
REQUEST	PRL_CitizenC100_420_ApplicantAddress	PRL_CitizenC100_420_005_ApplicantAddress	1713439842677	1713439842741	OK	 
REQUEST	PRL_CitizenC100_420_ApplicantAddress	PRL_CitizenC100_420_005_ApplicantAddress Redirect 1	1713439842743	1713439842823	OK	 
GROUP	PRL_CitizenC100_420_ApplicantAddress	1713439842675	1713439842910	222	OK
REQUEST	PRL_CitizenC100_430_ApplicantContact	PRL_CitizenC100_430_005_ApplicantContact	1713439842911	1713439842973	OK	 
REQUEST	PRL_CitizenC100_430_ApplicantContact	PRL_CitizenC100_430_005_ApplicantContact Redirect 1	1713439842975	1713439843190	OK	 
GROUP	PRL_CitizenC100_430_ApplicantContact	1713439842910	1713439843307	387	OK
REQUEST	PRL_CitizenC100_440_ApplicantContactPreference	PRL_CitizenC100_440_005_ApplicantContactPreference	1713439843308	1713439843380	OK	 
REQUEST	PRL_CitizenC100_440_ApplicantContactPreference	PRL_CitizenC100_440_005_ApplicantContactPreference Redirect 1	1713439843382	1713439843463	OK	 
GROUP	PRL_CitizenC100_440_ApplicantContactPreference	1713439843307	1713439843602	285	OK
REQUEST	PRL_CitizenC100_450_RespondentName	PRL_CitizenC100_450_005_RespondentName	1713439843604	1713439843684	OK	 
GROUP	PRL_CitizenC100_450_RespondentName	1713439843603	1713439843687	80	OK
REQUEST	PRL_CitizenC100_460_RespondentNameRedirect	PRL_CitizenC100_460_005_RespondentNameRedirect	1713439843688	1713439843785	OK	 
GROUP	PRL_CitizenC100_460_RespondentNameRedirect	1713439843687	1713439843884	190	OK
REQUEST	PRL_CitizenC100_470_RespondentDetails	PRL_CitizenC100_470_005_RespondentDetails	1713439843888	1713439843944	OK	 
REQUEST	PRL_CitizenC100_470_RespondentDetails	PRL_CitizenC100_470_005_RespondentDetails Redirect 1	1713439843947	1713439844012	OK	 
GROUP	PRL_CitizenC100_470_RespondentDetails	1713439843884	1713439844119	221	OK
REQUEST	PRL_CitizenC100_480_RespondentRelationship	PRL_CitizenC100_480_005_RespondentRelationship	1713439844121	1713439844186	OK	 
REQUEST	PRL_CitizenC100_480_RespondentRelationship	PRL_CitizenC100_480_005_RespondentRelationship Redirect 1	1713439844188	1713439844270	OK	 
GROUP	PRL_CitizenC100_480_RespondentRelationship	1713439844119	1713439844380	248	OK
REQUEST	PRL_CitizenC100_490_RespondentPostcode	PRL_CitizenC100_490_005_RespondentPostcode	1713439844383	1713439844907	OK	 
REQUEST	PRL_CitizenC100_490_RespondentPostcode	PRL_CitizenC100_490_005_RespondentPostcode Redirect 1	1713439844910	1713439844991	OK	 
GROUP	PRL_CitizenC100_490_RespondentPostcode	1713439844380	1713439845116	723	OK
REQUEST	PRL_CitizenC100_500_RespondentSelectAddress	PRL_CitizenC100_500_005_RespondentSelectAddress	1713439845120	1713439845186	OK	 
REQUEST	PRL_CitizenC100_500_RespondentSelectAddress	PRL_CitizenC100_500_005_RespondentSelectAddress Redirect 1	1713439845188	1713439845267	OK	 
GROUP	PRL_CitizenC100_500_RespondentSelectAddress	1713439845116	1713439845370	243	OK
REQUEST	PRL_CitizenC100_510_RespondentAddress	PRL_CitizenC100_510_005_RespondentAddress	1713439845377	1713439845436	OK	 
REQUEST	PRL_CitizenC100_510_RespondentAddress	PRL_CitizenC100_510_005_RespondentAddress Redirect 1	1713439845438	1713439845513	OK	 
GROUP	PRL_CitizenC100_510_RespondentAddress	1713439845371	1713439845612	227	OK
REQUEST	PRL_CitizenC100_520_RespondentContact	PRL_CitizenC100_520_005_RespondentContact	1713439845614	1713439845669	OK	 
REQUEST	PRL_CitizenC100_520_RespondentContact	PRL_CitizenC100_520_005_RespondentContact Redirect 1	1713439845671	1713439845816	OK	 
GROUP	PRL_CitizenC100_520_RespondentContact	1713439845612	1713439845974	342	OK
REQUEST	PRL_CitizenC100_530_AnyoneElse	PRL_CitizenC100_530_005_AnyoneElse	1713439845975	1713439846044	OK	 
REQUEST	PRL_CitizenC100_530_AnyoneElse	PRL_CitizenC100_530_005_AnyoneElse Redirect 1	1713439846046	1713439846125	OK	 
GROUP	PRL_CitizenC100_530_AnyoneElse	1713439845974	1713439846252	268	OK
REQUEST	PRL_CitizenC100_540_ChildLiveWith	PRL_CitizenC100_540_005_ChildLiveWith	1713439846254	1713439846327	OK	 
REQUEST	PRL_CitizenC100_540_ChildLiveWith	PRL_CitizenC100_540_005_ChildLiveWith Redirect 1	1713439846329	1713439846390	OK	 
GROUP	PRL_CitizenC100_540_ChildLiveWith	1713439846253	1713439846529	260	OK
REQUEST	PRL_CitizenC100_550_InvolvedInCourt	PRL_CitizenC100_550_005_InvolvedInCourt	1713439846529	1713439846583	OK	 
REQUEST	PRL_CitizenC100_550_InvolvedInCourt	PRL_CitizenC100_550_005_InvolvedInCourt Redirect 1	1713439846585	1713439846645	OK	 
GROUP	PRL_CitizenC100_550_InvolvedInCourt	1713439846529	1713439846762	226	OK
REQUEST	PRL_CitizenC100_560_CourtCasesInfo	PRL_CitizenC100_560_005_CourtCasesInfo	1713439846764	1713439846820	OK	 
REQUEST	PRL_CitizenC100_560_CourtCasesInfo	PRL_CitizenC100_560_005_CourtCasesInfo Redirect 1	1713439846822	1713439846898	OK	 
GROUP	PRL_CitizenC100_560_CourtCasesInfo	1713439846762	1713439846999	226	OK
REQUEST	PRL_CitizenC100_570_DetailsOfCourtCases	PRL_CitizenC100_570_005_DetailsOfCourtCases	1713439847000	1713439847087	OK	 
REQUEST	PRL_CitizenC100_570_DetailsOfCourtCases	PRL_CitizenC100_570_005_DetailsOfCourtCases Redirect 1	1713439847089	1713439847166	OK	 
GROUP	PRL_CitizenC100_570_DetailsOfCourtCases	1713439846999	1713439847249	245	OK
REQUEST	PRL_CitizenC100_580_SafetyInfo	PRL_CitizenC100_580_005_SafetyInfo	1713439847250	1713439847305	OK	 
REQUEST	PRL_CitizenC100_580_SafetyInfo	PRL_CitizenC100_580_005_SafetyInfo Redirect 1	1713439847307	1713439847370	OK	 
GROUP	PRL_CitizenC100_580_SafetyInfo	1713439847250	1713439847497	237	OK
REQUEST	PRL_CitizenC100_590_SafetyConcerns	PRL_CitizenC100_590_005_SafetyConcerns	1713439847499	1713439847560	OK	 
REQUEST	PRL_CitizenC100_590_SafetyConcerns	PRL_CitizenC100_590_005_SafetyConcerns Redirect 1	1713439847564	1713439847626	OK	 
GROUP	PRL_CitizenC100_590_SafetyConcerns	1713439847497	1713439847765	240	OK
REQUEST	PRL_CitizenC100_600_ConcernedAbout	PRL_CitizenC100_600_005_ConcernedAbout	1713439847766	1713439847837	OK	 
REQUEST	PRL_CitizenC100_600_ConcernedAbout	PRL_CitizenC100_600_005_ConcernedAbout Redirect 1	1713439847838	1713439847924	OK	 
GROUP	PRL_CitizenC100_600_ConcernedAbout	1713439847765	1713439848144	365	OK
REQUEST	PRL_CitizenC100_610_TypeOfBehaviour	PRL_CitizenC100_610_005_TypeOfBehaviour	1713439848146	1713439848210	OK	 
REQUEST	PRL_CitizenC100_610_TypeOfBehaviour	PRL_CitizenC100_610_005_TypeOfBehaviour Redirect 1	1713439848212	1713439848302	OK	 
GROUP	PRL_CitizenC100_610_TypeOfBehaviour	1713439848145	1713439848430	274	OK
REQUEST	PRL_CitizenC100_620_DescribePyshicalAbuse	PRL_CitizenC100_620_005_DescribePyshicalAbuse	1713439848431	1713439848484	OK	 
REQUEST	PRL_CitizenC100_620_DescribePyshicalAbuse	PRL_CitizenC100_620_005_DescribePyshicalAbuse Redirect 1	1713439848485	1713439848571	OK	 
GROUP	PRL_CitizenC100_620_DescribePyshicalAbuse	1713439848430	1713439848663	227	OK
REQUEST	PRL_CitizenC100_630_ImpactedByDrug	PRL_CitizenC100_630_005_ImpactedByDrug	1713439848664	1713439848716	OK	 
REQUEST	PRL_CitizenC100_630_ImpactedByDrug	PRL_CitizenC100_630_005_ImpactedByDrug Redirect 1	1713439848718	1713439848779	OK	 
GROUP	PRL_CitizenC100_630_ImpactedByDrug	1713439848663	1713439848880	205	OK
REQUEST	PRL_CitizenC100_640_OtherConcerns	PRL_CitizenC100_640_005_OtherConcerns	1713439848882	1713439848957	OK	 
REQUEST	PRL_CitizenC100_640_OtherConcerns	PRL_CitizenC100_640_005_OtherConcerns Redirect 1	1713439848958	1713439849021	OK	 
GROUP	PRL_CitizenC100_640_OtherConcerns	1713439848881	1713439849118	234	OK
REQUEST	PRL_CitizenC100_650_KeepChildrenSafe	PRL_CitizenC100_650_005_KeepChildrenSafe	1713439849122	1713439849195	OK	 
REQUEST	PRL_CitizenC100_650_KeepChildrenSafe	PRL_CitizenC100_650_005_KeepChildrenSafe Redirect 1	1713439849324	1713439849422	OK	 
GROUP	PRL_CitizenC100_650_KeepChildrenSafe	1713439849119	1713439849539	280	OK
REQUEST	PRL_CitizenC100_660_ContactBetweenChildren	PRL_CitizenC100_660_005_ContactBetweenChildren	1713439849540	1713439849587	OK	 
REQUEST	PRL_CitizenC100_660_ContactBetweenChildren	PRL_CitizenC100_660_005_ContactBetweenChildren Redirect 1	1713439849588	1713439849669	OK	 
GROUP	PRL_CitizenC100_660_ContactBetweenChildren	1713439849539	1713439849754	212	OK
REQUEST	PRL_CitizenC100_670_ChildrenBasedOutsideEngland	PRL_CitizenC100_670_005_ChildrenBasedOutsideEngland	1713439849756	1713439849808	OK	 
REQUEST	PRL_CitizenC100_670_ChildrenBasedOutsideEngland	PRL_CitizenC100_670_005_ChildrenBasedOutsideEngland Redirect 1	1713439849809	1713439849885	OK	 
GROUP	PRL_CitizenC100_670_ChildrenBasedOutsideEngland	1713439849755	1713439849978	214	OK
REQUEST	PRL_CitizenC100_680_ParentsBasedOutsideEngland	PRL_CitizenC100_680_005_ParentsBasedOutsideEngland	1713439849979	1713439850047	OK	 
REQUEST	PRL_CitizenC100_680_ParentsBasedOutsideEngland	PRL_CitizenC100_680_005_ParentsBasedOutsideEngland Redirect 1	1713439850049	1713439850118	OK	 
GROUP	PRL_CitizenC100_680_ParentsBasedOutsideEngland	1713439849978	1713439850383	390	OK
REQUEST	PRL_CitizenC100_690_AnotherPersonApply	PRL_CitizenC100_690_005_AnotherPersonApply	1713439850385	1713439850590	OK	 
REQUEST	PRL_CitizenC100_690_AnotherPersonApply	PRL_CitizenC100_690_005_AnotherPersonApply Redirect 1	1713439850594	1713439850658	OK	 
GROUP	PRL_CitizenC100_690_AnotherPersonApply	1713439850383	1713439850756	361	OK
REQUEST	PRL_CitizenC100_700_AnotherCountryAsked	PRL_CitizenC100_700_005_AnotherCountryAsked	1713439850757	1713439850906	OK	 
REQUEST	PRL_CitizenC100_700_AnotherCountryAsked	PRL_CitizenC100_700_005_AnotherCountryAsked Redirect 1	1713439850908	1713439850993	OK	 
GROUP	PRL_CitizenC100_700_AnotherCountryAsked	1713439850756	1713439851120	352	OK
REQUEST	PRL_CitizenC100_710_TakePartInHearings	PRL_CitizenC100_710_005_TakePartInHearings	1713439851121	1713439851179	OK	 
REQUEST	PRL_CitizenC100_710_TakePartInHearings	PRL_CitizenC100_710_005_TakePartInHearings Redirect 1	1713439851180	1713439851264	OK	 
GROUP	PRL_CitizenC100_710_TakePartInHearings	1713439851120	1713439851355	229	OK
REQUEST	PRL_CitizenC100_720_LanguageRequirements	PRL_CitizenC100_720_005_LanguageRequirements	1713439851355	1713439851414	OK	 
REQUEST	PRL_CitizenC100_720_LanguageRequirements	PRL_CitizenC100_720_005_LanguageRequirements Redirect 1	1713439851415	1713439851492	OK	 
GROUP	PRL_CitizenC100_720_LanguageRequirements	1713439851355	1713439851581	223	OK
REQUEST	PRL_CitizenC100_730_SpecialArrangements	PRL_CitizenC100_730_005_SpecialArrangements	1713439851582	1713439851643	OK	 
REQUEST	PRL_CitizenC100_730_SpecialArrangements	PRL_CitizenC100_730_005_SpecialArrangements Redirect 1	1713439851644	1713439851724	OK	 
GROUP	PRL_CitizenC100_730_SpecialArrangements	1713439851581	1713439851825	236	OK
REQUEST	PRL_CitizenC100_730_010_SpecialArrangements	PRL_CitizenC100_730_010_support-during-your-case	1713439851826	1713439851886	OK	 
REQUEST	PRL_CitizenC100_730_010_SpecialArrangements	PRL_CitizenC100_730_010_support-during-your-case Redirect 1	1713439851886	1713439851971	OK	 
GROUP	PRL_CitizenC100_730_010_SpecialArrangements	1713439851825	1713439852090	263	OK
REQUEST	PRL_CitizenC100_730_015_SpecialArrangements	PRL_CitizenC100_730_015_documents-support	1713439852091	1713439852164	OK	 
REQUEST	PRL_CitizenC100_730_015_SpecialArrangements	PRL_CitizenC100_730_015_documents-support Redirect 1	1713439852165	1713439853718	OK	 
GROUP	PRL_CitizenC100_730_015_SpecialArrangements	1713439852090	1713439853863	1769	OK
REQUEST	PRL_CitizenC100_760_HelpWithPaying	PRL_CitizenC100_760_005_HelpWithPaying	1713439853863	1713439853919	OK	 
REQUEST	PRL_CitizenC100_760_HelpWithPaying	PRL_CitizenC100_760_005_HelpWithPaying Redirect 1	1713439853920	1713439855875	OK	 
GROUP	PRL_CitizenC100_760_HelpWithPaying	1713439853863	1713439856016	2148	OK
REQUEST	PRL_CitizenC100_770_CheckYourAnswers	PRL_CitizenC100_770_005_CheckYourAnswers	1713439856017	1713439857714	KO	headerRegex((Location,https:\/\/card.payments.service.gov.uk\/secure\/(.{8}-.{4}-.{4}-.{4}-.{12}))).find.exists, found nothing
GROUP	PRL_CitizenC100_770_CheckYourAnswers	1713439856017	1713439857736	1697	KO
USER	***** PRL Citizen Journey *****	END	1713439857740
