ASSERTION	AAECAAIFAAAAAAAAAFlA
RUN	simulations.PRL_Simulation	prl-simulation	1713517898295	 	3.9.5
USER	***** PRL CUI RA Journey *****	START	1713517899176
REQUEST	PRL_CitizenC100_010_PRLHome	PRL_CitizenC100_010_005_PRLHome	1713517899186	1713517899376	OK	 
REQUEST	PRL_CitizenC100_010_PRLHome	PRL_CitizenC100_010_005_PRLHome Redirect 1	1713517899385	1713517899469	OK	 
REQUEST	PRL_CitizenC100_010_PRLHome	PRL_CitizenC100_010_005_PRLHome Redirect 2	1713517899469	1713517899553	OK	 
REQUEST	PRL_CitizenC100_010_PRLHome	PRL_CitizenC100_010_005_PRLHome Redirect 3	1713517899555	1713517899718	OK	 
GROUP	PRL_CitizenC100_010_PRLHome	1713517899176	1713517900047	788	OK
REQUEST	PRL_CitizenC100_020_Login	PRL_CitizenC100_020_005_Login	1713517900049	1713517900220	OK	 
REQUEST	PRL_CitizenC100_020_Login	PRL_CitizenC100_020_005_Login Redirect 1	1713517900224	1713517900668	OK	 
REQUEST	PRL_CitizenC100_020_Login	PRL_CitizenC100_020_005_Login Redirect 2	1713517900671	1713517902972	OK	 
GROUP	PRL_CitizenC100_020_Login	1713517900047	1713517903228	3164	OK
REQUEST	PRL_CitizenC100_CUIRA_030_SelectCase	PRL_CitizenC100_CUIRA_030_SelectCase	1713517903228	1713517907748	OK	 
REQUEST	PRL_CitizenC100_CUIRA_030_SelectCase	PRL_CitizenC100_CUIRA_030_SelectCase Redirect 1	1713517907767	1713517907917	OK	 
GROUP	PRL_CitizenC100_CUIRA_030_SelectCase	1713517903228	1713517908062	4803	OK
REQUEST	PRL_CitizenC100_CUIRA_030_005_SelectCase	PRL_CitizenC100_CUIRA_030_005_SelectCase	1713517908063	1713517908214	OK	 
GROUP	PRL_CitizenC100_CUIRA_030_005_SelectCase	1713517908062	1713517908329	265	OK
REQUEST	PRL_CitizenC100_CUIRA_040_RAIntro	PRL_CitizenC100_CUIRA_040_RAIntro	1713517908329	1713517908821	OK	 
GROUP	PRL_CitizenC100_CUIRA_040_RAIntro	1713517908329	1713517909085	751	OK
REQUEST	PRL_CitizenC100_CUIRA_050_RAIntro	PRL_CitizenC100_CUIRA_050_RAIntro	1713517909086	1713517909159	OK	 
REQUEST	PRL_CitizenC100_CUIRA_050_RAIntro	PRL_CitizenC100_CUIRA_050_RAIntro Redirect 1	1713517909160	1713517909281	OK	 
GROUP	PRL_CitizenC100_CUIRA_050_RAIntro	1713517909085	1713517909458	367	OK
REQUEST	PRL_CitizenC100_CUIRA_060_RAIntro	PRL_CitizenC100_CUIRA_060_RAIntro	1713517909461	1713517909547	OK	 
REQUEST	PRL_CitizenC100_CUIRA_060_RAIntro	PRL_CitizenC100_CUIRA_060_RAIntro Redirect 1	1713517909547	1713517909659	OK	 
GROUP	PRL_CitizenC100_CUIRA_060_RAIntro	1713517909458	1713517909754	291	OK
REQUEST	PRL_CitizenC100_CUIRA_070_RAIntro	PRL_CitizenC100_CUIRA_070_RAIntro	1713517909754	1713517911866	OK	 
REQUEST	PRL_CitizenC100_CUIRA_070_RAIntro	PRL_CitizenC100_CUIRA_070_RAIntro Redirect 1	1713517911868	1713517913733	OK	 
REQUEST	PRL_CitizenC100_CUIRA_070_RAIntro	PRL_CitizenC100_CUIRA_070_RAIntro Redirect 2	1713517913736	1713517916086	OK	 
REQUEST	PRL_CitizenC100_CUIRA_070_RAIntro	PRL_CitizenC100_CUIRA_070_RAIntro Redirect 3	1713517916088	1713517917442	OK	 
GROUP	PRL_CitizenC100_CUIRA_070_RAIntro	1713517909754	1713517917704	7932	OK
REQUEST	PRL_CitizenC100_CUIRA_080_Launch_CUIRA	PRL_CitizenC100_CUIRA_080_Launch_CUIRA	1713517917705	1713517919261	OK	 
REQUEST	PRL_CitizenC100_CUIRA_080_Launch_CUIRA	PRL_CitizenC100_CUIRA_080_Launch_CUIRA Redirect 1	1713517919264	1713517920385	OK	 
REQUEST	PRL_CitizenC100_CUIRA_080_Launch_CUIRA	PRL_CitizenC100_CUIRA_080_Launch_CUIRA Redirect 2	1713517920388	1713517920923	OK	 
GROUP	PRL_CitizenC100_CUIRA_080_Launch_CUIRA	1713517917704	1713517921061	3344	OK
REQUEST	PRL_CitizenC100_CUIRA_090_Launch CUIRA	PRL_CitizenC100_CUIRA_090_Launch CUIRA	1713517921061	1713517921475	KO	status.find.in([200, 209], 304), found 404
GROUP	PRL_CitizenC100_CUIRA_090_Launch CUIRA	1713517921061	1713517921502	414	KO
USER	***** PRL CUI RA Journey *****	END	1713517921507
