ASSERTION	AAECAAIFAAAAAAAAAFlA
RUN	simulations.PRL_Simulation	prl-simulation	1706785216579	 	3.9.5
USER	***** PRL Citizen Journey *****	START	1706785217011
REQUEST	XUI_010_Homepage	XUI_010_005_Homepage	1706785217019	1706785217125	OK	 
REQUEST	XUI_010_Homepage	XUI_Common_000_ConfigurationUI	1706785218216	1706785218247	OK	 
REQUEST	XUI_010_Homepage	XUI_Common_000_ConfigJson	1706785218248	1706785218273	OK	 
REQUEST	XUI_010_Homepage	XUI_Common_000_TsAndCs	1706785218273	1706785218301	OK	 
REQUEST	XUI_010_Homepage	XUI_Common_000_ConfigUI	1706785218301	1706785218322	OK	 
REQUEST	XUI_010_Homepage	XUI_Common_000_UserDetails	1706785218323	1706785218371	OK	 
REQUEST	XUI_010_Homepage	XUI_Common_000_IsAuthenticated	1706785218371	1706785218399	OK	 
REQUEST	XUI_010_Homepage	XUI_010_010_AuthLogin	1706785218401	1706785218442	OK	 
REQUEST	XUI_010_Homepage	XUI_010_010_AuthLogin Redirect 1	1706785218444	1706785218557	OK	 
REQUEST	XUI_010_Homepage	XUI_010_010_AuthLogin Redirect 2	1706785218562	1706785218627	OK	 
GROUP	XUI_010_Homepage	1706785217012	1706785219270	2165	OK
REQUEST	XUI_020_Login	XUI_020_005_Login	1706785219278	1706785219433	OK	 
REQUEST	XUI_020_Login	XUI_020_005_Login Redirect 1	1706785219434	1706785219988	OK	 
REQUEST	XUI_020_Login	XUI_020_005_Login Redirect 2	1706785219992	1706785220028	OK	 
REQUEST	XUI_020_Login	XUI_Common_000_ConfigurationUI	1706785221059	1706785221084	OK	 
REQUEST	XUI_020_Login	XUI_Common_000_ConfigJson	1706785221085	1706785221127	OK	 
REQUEST	XUI_020_Login	XUI_Common_000_TsAndCs	1706785221128	1706785221154	OK	 
REQUEST	XUI_020_Login	XUI_Common_000_ConfigUI	1706785221155	1706785221194	OK	 
REQUEST	XUI_020_Login	XUI_Common_000_UserDetails	1706785221194	1706785221381	OK	 
REQUEST	XUI_020_Login	XUI_Common_000_IsAuthenticated	1706785221382	1706785221436	OK	 
REQUEST	XUI_020_Login	XUI_Common_000_MonitoringTools	1706785221437	1706785221515	OK	 
GROUP	XUI_020_Login	1706785219271	1706785221547	2222	OK
REQUEST	XUI_010_Homepage	XUI_010_005_Homepage	1706785221548	1706785221571	OK	 
REQUEST	XUI_010_Homepage	XUI_Common_000_ConfigurationUI	1706785222688	1706785222721	OK	 
REQUEST	XUI_010_Homepage	XUI_Common_000_ConfigJson	1706785222721	1706785222749	OK	 
REQUEST	XUI_010_Homepage	XUI_Common_000_TsAndCs	1706785222749	1706785222773	OK	 
REQUEST	XUI_010_Homepage	XUI_Common_000_ConfigUI	1706785222774	1706785222847	OK	 
REQUEST	XUI_010_Homepage	XUI_Common_000_UserDetails	1706785222850	1706785222885	OK	 
REQUEST	XUI_010_Homepage	XUI_Common_000_IsAuthenticated	1706785222886	1706785222932	OK	 
REQUEST	XUI_010_Homepage	XUI_010_010_AuthLogin	1706785222932	1706785222960	OK	 
REQUEST	XUI_010_Homepage	XUI_010_010_AuthLogin Redirect 1	1706785222960	1706785223013	OK	 
REQUEST	XUI_010_Homepage	XUI_010_010_AuthLogin Redirect 2	1706785223014	1706785223095	OK	 
GROUP	XUI_010_Homepage	1706785221548	1706785223304	1737	OK
REQUEST	XUI_020_Login	XUI_020_005_Login	1706785223305	1706785223455	OK	 
REQUEST	XUI_020_Login	XUI_020_005_Login Redirect 1	1706785223456	1706785224069	OK	 
REQUEST	XUI_020_Login	XUI_020_005_Login Redirect 2	1706785224072	1706785224100	OK	 
REQUEST	XUI_020_Login	XUI_Common_000_ConfigurationUI	1706785225138	1706785225183	OK	 
REQUEST	XUI_020_Login	XUI_Common_000_ConfigJson	1706785225186	1706785225214	OK	 
REQUEST	XUI_020_Login	XUI_Common_000_TsAndCs	1706785225217	1706785225259	OK	 
REQUEST	XUI_020_Login	XUI_Common_000_ConfigUI	1706785225261	1706785225291	OK	 
REQUEST	XUI_020_Login	XUI_Common_000_UserDetails	1706785225294	1706785225383	OK	 
REQUEST	XUI_020_Login	XUI_Common_000_IsAuthenticated	1706785225390	1706785225418	OK	 
REQUEST	XUI_020_Login	XUI_Common_000_MonitoringTools	1706785225421	1706785225447	OK	 
GROUP	XUI_020_Login	1706785223304	1706785225448	2115	OK
REQUEST	XUI_PRL_030_TaskTab	XUI_PRL_030_005_SelectIssue	1706785225448	1706785226526	OK	 
GROUP	XUI_PRL_030_TaskTab	1706785225448	1706785226539	1078	OK
REQUEST	XUI_PRL_031_AssignToMe	XUI_PRL_031_005_AssignToMe	1706785226543	1706785227756	OK	 
GROUP	XUI_PRL_031_AssignToMe	1706785226539	1706785227757	1213	OK
REQUEST	XUI_PRL_040_SelectCase	XUI_PRL_040_005_SelectIssue	1706785227764	1706785230222	OK	 
REQUEST	XUI_PRL_040_SelectCase	XUI_Common_000_UserDetails	1706785230234	1706785230272	OK	 
GROUP	XUI_PRL_040_SelectCase	1706785227757	1706785230275	2496	OK
REQUEST	XUI_PRL_050_LocalCourt	XUI_PRL_050_005_LocalCourt	1706785230276	1706785230875	OK	 
REQUEST	XUI_PRL_050_LocalCourt	XUI_Common_000_UserDetails	1706785230879	1706785230928	OK	 
GROUP	XUI_PRL_050_LocalCourt	1706785230275	1706785230930	648	OK
REQUEST	XUI_PRL_060_LocalCourtSubmit	XUI_PRL_060_005_LocalCourtSubmit	1706785230931	1706785249106	OK	 
REQUEST	XUI_PRL_060_LocalCourtSubmit	XUI_Common_000_UserDetails	1706785249113	1706785249145	OK	 
GROUP	XUI_PRL_060_LocalCourtSubmit	1706785230930	1706785249145	18207	OK
REQUEST	XUI_PRL_070_SendToGateKeeper	XUI_PRL_070_005_SendToGateKeeper	1706785249146	1706785251934	OK	 
REQUEST	XUI_PRL_070_SendToGateKeeper	XUI_Common_000_UserDetails	1706785251941	1706785251976	OK	 
GROUP	XUI_PRL_070_SendToGateKeeper	1706785249145	1706785251977	2823	OK
REQUEST	XUI_PRL_080_AddGateKeeper	XUI_PRL_080_005_AddGateKeeper	1706785251977	1706785252769	OK	 
GROUP	XUI_PRL_080_AddGateKeeper	1706785251977	1706785252770	792	OK
REQUEST	XUI_PRL_090_GateKeeperSubmit	XUI_PRL_090_005_GateKeeperSubmit	1706785252771	1706785254328	OK	 
GROUP	XUI_PRL_090_GateKeeperSubmit	1706785252770	1706785254334	1557	OK
REQUEST	XUI_PRL_180_ServiceOfApplication	XUI_PRL_180_005_ServiceOfApplication	1706785254335	1706785255458	OK	 
REQUEST	XUI_PRL_180_ServiceOfApplication	XUI_Common_000_UserDetails	1706785255465	1706785255496	OK	 
GROUP	XUI_PRL_180_ServiceOfApplication	1706785254334	1706785255497	1154	OK
REQUEST	XUI_PRL_190_PD36QUpload	XUI_PRL_190_005_PD36QUpload	1706785255504	1706785256326	OK	 
GROUP	XUI_PRL_190_PD36QUpload	1706785255497	1706785256331	822	OK
REQUEST	XUI_PRL_200_SpecialArrangementsUpload	XUI_PRL_200_005_SpecialArrangementsUpload	1706785256333	1706785256870	OK	 
GROUP	XUI_PRL_200_SpecialArrangementsUpload	1706785256331	1706785256873	537	OK
REQUEST	XUI_PRL_210_AdditionalDocumentsUpload	XUI_PRL_210_005_AdditionalDocumentsUpload	1706785256874	1706785257181	OK	 
GROUP	XUI_PRL_210_AdditionalDocumentsUpload	1706785256873	1706785257181	307	OK
REQUEST	XUI_PRL_220_DocumentUpload	XUI_PRL_220_005_DocumentUpload	1706785257182	1706785258169	OK	 
GROUP	XUI_PRL_220_DocumentUpload	1706785257181	1706785258172	987	OK
REQUEST	XUI_PRL_230_PersonallyServed	XUI_PRL_230_005_PersonallyServed	1706785258173	1706785259194	OK	 
GROUP	XUI_PRL_230_PersonallyServed	1706785258172	1706785259196	1021	OK
USER	***** PRL Citizen Journey *****	END	1706785259203
