ASSERTION	AAECAAIFAAAAAAAAAFlA
RUN	simulations.PRL_Simulation	prl-simulation	1706630654117	 	3.9.5
USER	***** PRL Citizen Journey *****	START	1706630654685
REQUEST	PRL_Citizen_010_PRLHome	PRL_Citizen_010_005_PRLHome	1706630654708	1706630654834	OK	 
REQUEST	PRL_Citizen_010_PRLHome	PRL_Citizen_010_005_PRLHome Redirect 1	1706630654842	1706630654892	OK	 
REQUEST	PRL_Citizen_010_PRLHome	PRL_Citizen_010_005_PRLHome Redirect 2	1706630654892	1706630654938	OK	 
REQUEST	PRL_Citizen_010_PRLHome	PRL_Citizen_010_005_PRLHome Redirect 3	1706630654939	1706630655047	OK	 
GROUP	PRL_Citizen_010_PRLHome	1706630654686	1706630655297	495	OK
REQUEST	PRL_Citizen_020_Login	PRL_Citizen_020_005_Login	1706630655299	1706630655425	OK	 
REQUEST	PRL_Citizen_020_Login	PRL_Citizen_020_005_Login Redirect 1	1706630655426	1706630655875	OK	 
REQUEST	PRL_Citizen_020_Login	PRL_Citizen_020_005_Login Redirect 2	1706630655876	1706630658239	OK	 
GROUP	PRL_Citizen_020_Login	1706630655297	1706630659405	4091	OK
REQUEST	PRL_Citizen_030_C100StartApplication	PRL_Citizen_030_005_C100StartApplication	1706630659406	1706630659877	OK	 
GROUP	PRL_Citizen_030_C100StartApplication	1706630659405	1706630660042	631	OK
REQUEST	PRL_Citizen_040_StartTheApplicationC100	PRL_Citizen_040_005_StartTheApplicationC100	1706630660043	1706630660391	OK	 
GROUP	PRL_Citizen_040_StartTheApplicationC100	1706630660042	1706630660509	460	OK
REQUEST	PRL_Citizen_041_Dashboard	PRL_Citizen_041_005_Dashboard	1706630660510	1706630660712	OK	 
REQUEST	PRL_Citizen_041_Dashboard	PRL_Citizen_041_005_Dashboard Redirect 1	1706630660714	1706630663083	OK	 
GROUP	PRL_Citizen_041_Dashboard	1706630660509	1706630663269	2755	OK
REQUEST	PRL_Citizen_042_ActivateAccessCode	PRL_Citizen_042_005_ActivateAccessCode	1706630663270	1706630663665	OK	 
GROUP	PRL_Citizen_042_ActivateAccessCode	1706630663269	1706630663770	495	OK
REQUEST	PRL_Citizen_043_CaseAdded	PRL_Citizen_043_005_AccessYourCase	1706630663771	1706630665807	OK	 
REQUEST	PRL_Citizen_043_CaseAdded	PRL_Citizen_043_005_AccessYourCase Redirect 1	1706630665810	1706630666122	KO	substring(Case added to your account).find.exists, found nothing
GROUP	PRL_Citizen_043_CaseAdded	1706630663770	1706630666133	2348	KO
USER	***** PRL Citizen Journey *****	END	1706630666137
