ASSERTION	AAECAAIFAAAAAAAAAFlA
RUN	simulations.PRL_Simulation	prl-simulation	1713525011411	 	3.9.5
USER	***** PRL CUI RA Journey *****	START	1713525012163
REQUEST	PRL_CitizenC100_010_PRLHome	PRL_CitizenC100_010_005_PRLHome	1713525012177	1713525012382	OK	 
REQUEST	PRL_CitizenC100_010_PRLHome	PRL_CitizenC100_010_005_PRLHome Redirect 1	1713525012391	1713525012443	OK	 
REQUEST	PRL_CitizenC100_010_PRLHome	PRL_CitizenC100_010_005_PRLHome Redirect 2	1713525012444	1713525012526	OK	 
REQUEST	PRL_CitizenC100_010_PRLHome	PRL_CitizenC100_010_005_PRLHome Redirect 3	1713525012526	1713525012695	OK	 
GROUP	PRL_CitizenC100_010_PRLHome	1713525012164	1713525013035	788	OK
REQUEST	PRL_CitizenC100_020_Login	PRL_CitizenC100_020_005_Login	1713525013038	1713525013287	OK	 
REQUEST	PRL_CitizenC100_020_Login	PRL_CitizenC100_020_005_Login Redirect 1	1713525013288	1713525013710	OK	 
REQUEST	PRL_CitizenC100_020_Login	PRL_CitizenC100_020_005_Login Redirect 2	1713525013714	1713525015494	OK	 
GROUP	PRL_CitizenC100_020_Login	1713525013035	1713525015717	2666	OK
REQUEST	PRL_CitizenC100_CUIRA_030_SelectCase	PRL_CitizenC100_CUIRA_030_SelectCase	1713525015718	1713525021958	OK	 
REQUEST	PRL_CitizenC100_CUIRA_030_SelectCase	PRL_CitizenC100_CUIRA_030_SelectCase Redirect 1	1713525021959	1713525022129	OK	 
GROUP	PRL_CitizenC100_CUIRA_030_SelectCase	1713525015717	1713525022274	6546	OK
REQUEST	PRL_CitizenC100_CUIRA_030_005_SelectCase	PRL_CitizenC100_CUIRA_030_005_SelectCase	1713525022274	1713525022407	OK	 
GROUP	PRL_CitizenC100_CUIRA_030_005_SelectCase	1713525022274	1713525022571	294	OK
REQUEST	PRL_CitizenC100_CUIRA_040_RAIntro	PRL_CitizenC100_CUIRA_040_RAIntro	1713525022571	1713525022966	OK	 
GROUP	PRL_CitizenC100_CUIRA_040_RAIntro	1713525022571	1713525023144	565	OK
REQUEST	PRL_CitizenC100_CUIRA_050_RAIntro	PRL_CitizenC100_CUIRA_050_RAIntro	1713525023144	1713525023241	OK	 
REQUEST	PRL_CitizenC100_CUIRA_050_RAIntro	PRL_CitizenC100_CUIRA_050_RAIntro Redirect 1	1713525023243	1713525023350	OK	 
GROUP	PRL_CitizenC100_CUIRA_050_RAIntro	1713525023144	1713525023691	540	OK
REQUEST	PRL_CitizenC100_CUIRA_060_RAIntro	PRL_CitizenC100_CUIRA_060_RAIntro	1713525023693	1713525023788	OK	 
REQUEST	PRL_CitizenC100_CUIRA_060_RAIntro	PRL_CitizenC100_CUIRA_060_RAIntro Redirect 1	1713525023791	1713525023890	OK	 
GROUP	PRL_CitizenC100_CUIRA_060_RAIntro	1713525023691	1713525024031	332	OK
REQUEST	PRL_CitizenC100_CUIRA_070_RAIntro	PRL_CitizenC100_CUIRA_070_RAIntro	1713525024032	1713525025033	OK	 
REQUEST	PRL_CitizenC100_CUIRA_070_RAIntro	PRL_CitizenC100_CUIRA_070_RAIntro Redirect 1	1713525025035	1713525027157	OK	 
REQUEST	PRL_CitizenC100_CUIRA_070_RAIntro	PRL_CitizenC100_CUIRA_070_RAIntro Redirect 2	1713525027158	1713525027933	OK	 
REQUEST	PRL_CitizenC100_CUIRA_070_RAIntro	PRL_CitizenC100_CUIRA_070_RAIntro Redirect 3	1713525027935	1713525028227	OK	 
GROUP	PRL_CitizenC100_CUIRA_070_RAIntro	1713525024032	1713525028490	4447	OK
REQUEST	PRL_CitizenC100_CUIRA_080_Launch_CUIRA	PRL_CitizenC100_CUIRA_080_Launch_CUIRA	1713525028491	1713525029934	OK	 
REQUEST	PRL_CitizenC100_CUIRA_080_Launch_CUIRA	PRL_CitizenC100_CUIRA_080_Launch_CUIRA Redirect 1	1713525029935	1713525031018	OK	 
REQUEST	PRL_CitizenC100_CUIRA_080_Launch_CUIRA	PRL_CitizenC100_CUIRA_080_Launch_CUIRA Redirect 2	1713525031021	1713525031207	KO	currentLocationRegex(https://cui-ra.perftest.platform.hmcts.net/dc/p/([a-z0-9-]+)).find.exists, found nothing
GROUP	PRL_CitizenC100_CUIRA_080_Launch_CUIRA	1713525028490	1713525031223	2712	KO
USER	***** PRL CUI RA Journey *****	END	1713525031227
