ASSERTION	AAECAAIFAAAAAAAAAFlA
RUN	simulations.PRL_Simulation	prl-simulation	1706633838115	 	3.9.5
USER	***** PRL Citizen Journey *****	START	1706633838856
REQUEST	XUI_010_Homepage	XUI_010_005_Homepage	1706633838865	1706633838976	OK	 
REQUEST	XUI_010_Homepage	XUI_Common_000_ConfigurationUI	1706633840083	1706633840105	OK	 
REQUEST	XUI_010_Homepage	XUI_Common_000_ConfigJson	1706633840106	1706633840150	OK	 
REQUEST	XUI_010_Homepage	XUI_Common_000_TsAndCs	1706633840151	1706633840184	OK	 
REQUEST	XUI_010_Homepage	XUI_Common_000_ConfigUI	1706633840185	1706633840205	OK	 
REQUEST	XUI_010_Homepage	XUI_Common_000_UserDetails	1706633840205	1706633840227	OK	 
REQUEST	XUI_010_Homepage	XUI_Common_000_IsAuthenticated	1706633840228	1706633840253	OK	 
REQUEST	XUI_010_Homepage	XUI_010_010_AuthLogin	1706633840256	1706633840289	OK	 
REQUEST	XUI_010_Homepage	XUI_010_010_AuthLogin Redirect 1	1706633840306	1706633840379	OK	 
REQUEST	XUI_010_Homepage	XUI_010_010_AuthLogin Redirect 2	1706633840381	1706633840512	OK	 
GROUP	XUI_010_Homepage	1706633838857	1706633840764	1787	OK
REQUEST	XUI_020_Login	XUI_020_005_Login	1706633840767	1706633840860	OK	 
REQUEST	XUI_020_Login	XUI_020_005_Login Redirect 1	1706633840860	1706633841208	OK	 
REQUEST	XUI_020_Login	XUI_020_005_Login Redirect 2	1706633841220	1706633841245	OK	 
REQUEST	XUI_020_Login	XUI_Common_000_ConfigurationUI	1706633842323	1706633842346	OK	 
REQUEST	XUI_020_Login	XUI_Common_000_ConfigJson	1706633842346	1706633842374	OK	 
REQUEST	XUI_020_Login	XUI_Common_000_TsAndCs	1706633842376	1706633842400	OK	 
REQUEST	XUI_020_Login	XUI_Common_000_ConfigUI	1706633842401	1706633842432	OK	 
REQUEST	XUI_020_Login	XUI_Common_000_UserDetails	1706633842434	1706633842611	OK	 
REQUEST	XUI_020_Login	XUI_Common_000_IsAuthenticated	1706633842613	1706633842658	OK	 
REQUEST	XUI_020_Login	XUI_Common_000_MonitoringTools	1706633842659	1706633842706	OK	 
GROUP	XUI_020_Login	1706633840764	1706633842752	1907	OK
REQUEST	XUI_010_Homepage	XUI_010_005_Homepage	1706633842754	1706633842776	OK	 
REQUEST	XUI_010_Homepage	XUI_Common_000_ConfigurationUI	1706633843810	1706633843835	OK	 
REQUEST	XUI_010_Homepage	XUI_Common_000_ConfigJson	1706633843836	1706633843890	OK	 
REQUEST	XUI_010_Homepage	XUI_Common_000_TsAndCs	1706633843891	1706633843917	OK	 
REQUEST	XUI_010_Homepage	XUI_Common_000_ConfigUI	1706633843918	1706633843943	OK	 
REQUEST	XUI_010_Homepage	XUI_Common_000_UserDetails	1706633843943	1706633843966	OK	 
REQUEST	XUI_010_Homepage	XUI_Common_000_IsAuthenticated	1706633843967	1706633843990	OK	 
REQUEST	XUI_010_Homepage	XUI_010_010_AuthLogin	1706633843991	1706633844015	OK	 
REQUEST	XUI_010_Homepage	XUI_010_010_AuthLogin Redirect 1	1706633844015	1706633844053	OK	 
REQUEST	XUI_010_Homepage	XUI_010_010_AuthLogin Redirect 2	1706633844053	1706633844084	OK	 
GROUP	XUI_010_Homepage	1706633842754	1706633844277	1512	OK
REQUEST	XUI_020_Login	XUI_020_005_Login	1706633844278	1706633844374	OK	 
REQUEST	XUI_020_Login	XUI_020_005_Login Redirect 1	1706633844375	1706633844957	OK	 
REQUEST	XUI_020_Login	XUI_020_005_Login Redirect 2	1706633844960	1706633845003	OK	 
REQUEST	XUI_020_Login	XUI_Common_000_ConfigurationUI	1706633846053	1706633846079	OK	 
REQUEST	XUI_020_Login	XUI_Common_000_ConfigJson	1706633846082	1706633846119	OK	 
REQUEST	XUI_020_Login	XUI_Common_000_TsAndCs	1706633846123	1706633846189	OK	 
REQUEST	XUI_020_Login	XUI_Common_000_ConfigUI	1706633846190	1706633846216	OK	 
REQUEST	XUI_020_Login	XUI_Common_000_UserDetails	1706633846217	1706633846586	OK	 
REQUEST	XUI_020_Login	XUI_Common_000_IsAuthenticated	1706633846587	1706633846613	OK	 
REQUEST	XUI_020_Login	XUI_Common_000_MonitoringTools	1706633846614	1706633846641	OK	 
GROUP	XUI_020_Login	1706633844277	1706633846643	2342	OK
REQUEST	XUI_PRL_030_TaskTab	XUI_PRL_030_005_SelectIssue	1706633846645	1706633846753	OK	 
GROUP	XUI_PRL_030_TaskTab	1706633846644	1706633846780	108	OK
REQUEST	XUI_PRL_031_AssignToMe	XUI_PRL_031_005_AssignToMe	1706633846785	1706633846963	OK	 
GROUP	XUI_PRL_031_AssignToMe	1706633846780	1706633846965	178	OK
REQUEST	XUI_PRL_040_SelectCase	XUI_PRL_040_005_SelectIssue	1706633846973	1706633847406	KO	status.find.in([200, 209], 304), found 422
GROUP	XUI_PRL_040_SelectCase	1706633846965	1706633847437	433	KO
USER	***** PRL Citizen Journey *****	END	1706633847444
