ASSERTION	AAECAAIFAAAAAAAAAFlA
RUN	simulations.PRL_Simulation	prl-simulation	1706631098723	 	3.9.5
USER	***** PRL Citizen Journey *****	START	1706631099249
REQUEST	XUI_010_Homepage	XUI_010_005_Homepage	1706631099258	1706631099348	OK	 
REQUEST	XUI_010_Homepage	XUI_Common_000_ConfigurationUI	1706631100552	1706631100576	OK	 
REQUEST	XUI_010_Homepage	XUI_Common_000_ConfigJson	1706631100578	1706631100602	OK	 
REQUEST	XUI_010_Homepage	XUI_Common_000_TsAndCs	1706631100603	1706631100631	OK	 
REQUEST	XUI_010_Homepage	XUI_Common_000_ConfigUI	1706631100632	1706631100655	OK	 
REQUEST	XUI_010_Homepage	XUI_Common_000_UserDetails	1706631100656	1706631100677	OK	 
REQUEST	XUI_010_Homepage	XUI_Common_000_IsAuthenticated	1706631100678	1706631100699	OK	 
REQUEST	XUI_010_Homepage	XUI_010_010_AuthLogin	1706631100700	1706631100725	OK	 
REQUEST	XUI_010_Homepage	XUI_010_010_AuthLogin Redirect 1	1706631100726	1706631100798	OK	 
REQUEST	XUI_010_Homepage	XUI_010_010_AuthLogin Redirect 2	1706631100799	1706631100851	OK	 
GROUP	XUI_010_Homepage	1706631099250	1706631101086	1743	OK
REQUEST	XUI_020_Login	XUI_020_005_Login	1706631101089	1706631101219	OK	 
REQUEST	XUI_020_Login	XUI_020_005_Login Redirect 1	1706631101219	1706631102163	OK	 
REQUEST	XUI_020_Login	XUI_020_005_Login Redirect 2	1706631102164	1706631102195	OK	 
REQUEST	XUI_020_Login	XUI_Common_000_ConfigurationUI	1706631103224	1706631103253	OK	 
REQUEST	XUI_020_Login	XUI_Common_000_ConfigJson	1706631103254	1706631103279	OK	 
REQUEST	XUI_020_Login	XUI_Common_000_TsAndCs	1706631103280	1706631103303	OK	 
REQUEST	XUI_020_Login	XUI_Common_000_ConfigUI	1706631103304	1706631103338	OK	 
REQUEST	XUI_020_Login	XUI_Common_000_UserDetails	1706631103342	1706631103493	OK	 
REQUEST	XUI_020_Login	XUI_Common_000_IsAuthenticated	1706631103497	1706631103541	OK	 
REQUEST	XUI_020_Login	XUI_Common_000_MonitoringTools	1706631103543	1706631103589	OK	 
GROUP	XUI_020_Login	1706631101086	1706631103613	2483	OK
REQUEST	XUI_010_Homepage	XUI_010_005_Homepage	1706631103614	1706631103634	OK	 
REQUEST	XUI_010_Homepage	XUI_Common_000_ConfigurationUI	1706631104666	1706631104695	OK	 
REQUEST	XUI_010_Homepage	XUI_Common_000_ConfigJson	1706631104695	1706631104727	OK	 
REQUEST	XUI_010_Homepage	XUI_Common_000_TsAndCs	1706631104728	1706631104750	OK	 
REQUEST	XUI_010_Homepage	XUI_Common_000_ConfigUI	1706631104750	1706631104771	OK	 
REQUEST	XUI_010_Homepage	XUI_Common_000_UserDetails	1706631104771	1706631104793	OK	 
REQUEST	XUI_010_Homepage	XUI_Common_000_IsAuthenticated	1706631104794	1706631104815	OK	 
REQUEST	XUI_010_Homepage	XUI_010_010_AuthLogin	1706631104815	1706631104841	OK	 
REQUEST	XUI_010_Homepage	XUI_010_010_AuthLogin Redirect 1	1706631104842	1706631104903	OK	 
REQUEST	XUI_010_Homepage	XUI_010_010_AuthLogin Redirect 2	1706631104903	1706631104949	OK	 
GROUP	XUI_010_Homepage	1706631103614	1706631105097	1469	OK
REQUEST	XUI_020_Login	XUI_020_005_Login	1706631105098	1706631105186	OK	 
REQUEST	XUI_020_Login	XUI_020_005_Login Redirect 1	1706631105186	1706631105623	OK	 
REQUEST	XUI_020_Login	XUI_020_005_Login Redirect 2	1706631105623	1706631105650	OK	 
REQUEST	XUI_020_Login	XUI_Common_000_ConfigurationUI	1706631106683	1706631106710	OK	 
REQUEST	XUI_020_Login	XUI_Common_000_ConfigJson	1706631106711	1706631106747	OK	 
REQUEST	XUI_020_Login	XUI_Common_000_TsAndCs	1706631106747	1706631106771	OK	 
REQUEST	XUI_020_Login	XUI_Common_000_ConfigUI	1706631106771	1706631106793	OK	 
REQUEST	XUI_020_Login	XUI_Common_000_UserDetails	1706631106794	1706631106860	OK	 
REQUEST	XUI_020_Login	XUI_Common_000_IsAuthenticated	1706631106861	1706631106885	OK	 
REQUEST	XUI_020_Login	XUI_Common_000_MonitoringTools	1706631106886	1706631106911	OK	 
GROUP	XUI_020_Login	1706631105097	1706631106914	1808	OK
REQUEST	XUI_PRL_030_TaskTab	XUI_PRL_030_005_SelectIssue	1706631106916	1706631107038	OK	 
GROUP	XUI_PRL_030_TaskTab	1706631106915	1706631107053	122	OK
REQUEST	XUI_PRL_031_AssignToMe	XUI_PRL_031_005_AssignToMe	1706631107057	1706631107260	OK	 
GROUP	XUI_PRL_031_AssignToMe	1706631107053	1706631107262	203	OK
REQUEST	XUI_PRL_040_SelectCase	XUI_PRL_040_005_SelectIssue	1706631107268	1706631108433	OK	 
REQUEST	XUI_PRL_040_SelectCase	XUI_Common_000_UserDetails	1706631108441	1706631108465	OK	 
GROUP	XUI_PRL_040_SelectCase	1706631107263	1706631108466	1189	OK
REQUEST	XUI_PRL_050_LocalCourt	XUI_PRL_050_005_LocalCourt	1706631108467	1706631109207	OK	 
REQUEST	XUI_PRL_050_LocalCourt	XUI_Common_000_UserDetails	1706631109211	1706631109237	OK	 
GROUP	XUI_PRL_050_LocalCourt	1706631108466	1706631109240	766	OK
REQUEST	XUI_PRL_060_LocalCourtSubmit	XUI_PRL_060_005_LocalCourtSubmit	1706631109242	1706631124438	OK	 
REQUEST	XUI_PRL_060_LocalCourtSubmit	XUI_Common_000_UserDetails	1706631124441	1706631124465	OK	 
GROUP	XUI_PRL_060_LocalCourtSubmit	1706631109241	1706631124466	15220	OK
REQUEST	XUI_PRL_070_SendToGateKeeper	XUI_PRL_070_005_SendToGateKeeper	1706631124466	1706631126016	OK	 
REQUEST	XUI_PRL_070_SendToGateKeeper	XUI_Common_000_UserDetails	1706631126030	1706631126057	OK	 
GROUP	XUI_PRL_070_SendToGateKeeper	1706631124466	1706631126058	1577	OK
REQUEST	XUI_PRL_080_AddGateKeeper	XUI_PRL_080_005_AddGateKeeper	1706631126058	1706631126411	OK	 
GROUP	XUI_PRL_080_AddGateKeeper	1706631126058	1706631126413	353	OK
REQUEST	XUI_PRL_090_GateKeeperSubmit	XUI_PRL_090_005_GateKeeperSubmit	1706631126415	1706631127170	OK	 
GROUP	XUI_PRL_090_GateKeeperSubmit	1706631126414	1706631127172	755	OK
REQUEST	XUI_PRL_180_ServiceOfApplication	XUI_PRL_180_005_ServiceOfApplication	1706631127172	1706631127637	OK	 
REQUEST	XUI_PRL_180_ServiceOfApplication	XUI_Common_000_UserDetails	1706631127643	1706631127667	OK	 
GROUP	XUI_PRL_180_ServiceOfApplication	1706631127172	1706631127667	489	OK
REQUEST	XUI_PRL_190_PD36QUpload	XUI_PRL_190_005_PD36QUpload	1706631127674	1706631128052	OK	 
GROUP	XUI_PRL_190_PD36QUpload	1706631127667	1706631128058	378	OK
REQUEST	XUI_PRL_200_SpecialArrangementsUpload	XUI_PRL_200_005_SpecialArrangementsUpload	1706631128060	1706631128406	OK	 
GROUP	XUI_PRL_200_SpecialArrangementsUpload	1706631128058	1706631128408	346	OK
REQUEST	XUI_PRL_210_AdditionalDocumentsUpload	XUI_PRL_210_005_AdditionalDocumentsUpload	1706631128410	1706631128766	OK	 
GROUP	XUI_PRL_210_AdditionalDocumentsUpload	1706631128409	1706631128769	356	OK
REQUEST	XUI_PRL_220_DocumentUpload	XUI_PRL_220_005_DocumentUpload	1706631128771	1706631129409	OK	 
GROUP	XUI_PRL_220_DocumentUpload	1706631128769	1706631129409	638	OK
REQUEST	XUI_PRL_230_PersonallyServed	XUI_PRL_230_005_PersonallyServed	1706631129410	1706631129731	OK	 
GROUP	XUI_PRL_230_PersonallyServed	1706631129409	1706631129734	321	OK
REQUEST	XUI_PRL_240_ServiceSubmit	XUI_PRL_240_005_ServiceSubmit	1706631129735	1706631132194	OK	 
GROUP	XUI_PRL_240_ServiceSubmit	1706631129734	1706631132197	2459	OK
USER	***** PRL Citizen Journey *****	END	1706631132200
