ASSERTION	AAECAAIFAAAAAAAAAFlA
RUN	simulations.PRL_Simulation	prl-simulation	1706619293562	 	3.9.5
USER	***** PRL Citizen Journey *****	START	1706619294389
REQUEST	XUI_010_Homepage	XUI_010_005_Homepage	1706619294398	1706619294507	OK	 
REQUEST	XUI_010_Homepage	XUI_Common_000_ConfigurationUI	1706619295761	1706619295822	OK	 
REQUEST	XUI_010_Homepage	XUI_Common_000_ConfigJson	1706619295824	1706619295849	OK	 
REQUEST	XUI_010_Homepage	XUI_Common_000_TsAndCs	1706619295850	1706619295942	OK	 
REQUEST	XUI_010_Homepage	XUI_Common_000_ConfigUI	1706619295943	1706619295982	OK	 
REQUEST	XUI_010_Homepage	XUI_Common_000_UserDetails	1706619295983	1706619296009	OK	 
REQUEST	XUI_010_Homepage	XUI_Common_000_IsAuthenticated	1706619296009	1706619296035	OK	 
REQUEST	XUI_010_Homepage	XUI_010_010_AuthLogin	1706619296036	1706619296073	OK	 
REQUEST	XUI_010_Homepage	XUI_010_010_AuthLogin Redirect 1	1706619296075	1706619296350	OK	 
REQUEST	XUI_010_Homepage	XUI_010_010_AuthLogin Redirect 2	1706619296351	1706619298110	OK	 
GROUP	XUI_010_Homepage	1706619294391	1706619298355	3842	OK
REQUEST	XUI_020_Login	XUI_020_005_Login	1706619298364	1706619299842	OK	 
REQUEST	XUI_020_Login	XUI_020_005_Login Redirect 1	1706619299843	1706619300793	OK	 
REQUEST	XUI_020_Login	XUI_020_005_Login Redirect 2	1706619300797	1706619300832	OK	 
REQUEST	XUI_020_Login	XUI_Common_000_ConfigurationUI	1706619301847	1706619301889	OK	 
REQUEST	XUI_020_Login	XUI_Common_000_ConfigJson	1706619301890	1706619301919	OK	 
REQUEST	XUI_020_Login	XUI_Common_000_TsAndCs	1706619301919	1706619301948	OK	 
REQUEST	XUI_020_Login	XUI_Common_000_ConfigUI	1706619301949	1706619301980	OK	 
REQUEST	XUI_020_Login	XUI_Common_000_UserDetails	1706619301980	1706619303199	OK	 
REQUEST	XUI_020_Login	XUI_Common_000_IsAuthenticated	1706619303201	1706619303272	OK	 
REQUEST	XUI_020_Login	XUI_Common_000_MonitoringTools	1706619303274	1706619303331	OK	 
GROUP	XUI_020_Login	1706619298359	1706619303368	4951	OK
REQUEST	XUI_PRL_030_CreateCaseStart	XUI_PRL_030_005_CreateCaseStart	1706619303371	1706619309163	OK	 
GROUP	XUI_PRL_030_CreateCaseStart	1706619303369	1706619309179	5792	OK
REQUEST	XUI_PRL_031_Type_Of_Application	XUI_PRL_031_005_Type_Of_Application	1706619309183	1706619310696	OK	 
GROUP	XUI_PRL_031_Type_Of_Application	1706619309179	1706619310698	1513	OK
REQUEST	XUI_PRL_032_ApplicationCheckYourAnswers	XUI_PRL_032_005_ApplicationCheckYourAnswers	1706619310699	1706619330568	OK	 
GROUP	XUI_PRL_032_ApplicationCheckYourAnswers	1706619310698	1706619330577	19869	OK
REQUEST	XUI_PRL_033_ApplicationDetails	XUI_PRL_033_005_ApplicationDetails	1706619330577	1706619333232	OK	 
GROUP	XUI_PRL_033_ApplicationDetails	1706619330577	1706619333262	2655	OK
REQUEST	XUI_PRL_034_EnterApplicationDetails	XUI_PRL_034_005_EnterApplicationDetails	1706619333262	1706619333942	OK	 
GROUP	XUI_PRL_034_EnterApplicationDetails	1706619333262	1706619333942	680	OK
REQUEST	XUI_PRL_035_SubmitApplicationDetails	XUI_PRL_035_005_SubmitApplicationDetails	1706619333943	1706619342787	OK	 
GROUP	XUI_PRL_035_SubmitApplicationDetails	1706619333942	1706619342790	8844	OK
REQUEST	XUI_PRL_036_SubmitAndPay	XUI_PRL_036_005_SubmitAndPay	1706619342792	1706619354513	OK	 
GROUP	XUI_PRL_036_SubmitAndPay	1706619342791	1706619354520	11721	OK
REQUEST	XUI_PRL_037_ConfidentialityStatement	XUI_PRL_037_005_ConfidentialityStatement	1706619354521	1706619355817	OK	 
GROUP	XUI_PRL_037_ConfidentialityStatement	1706619354520	1706619355820	1296	OK
REQUEST	XUI_PRL_038_Declaration	XUI_PRL_038_005_Declaration	1706619355822	1706619356804	OK	 
GROUP	XUI_PRL_038_Declaration	1706619355821	1706619356807	982	OK
REQUEST	XUI_PRL_039_Continue	XUI_PRL_039_005_Continue	1706619356809	1706619358129	OK	 
GROUP	XUI_PRL_039_Continue	1706619356807	1706619358135	1320	OK
REQUEST	XUI_PRL_040_Continue	XUI_PRL_039_005_Continue	1706619358136	1706619368455	OK	 
GROUP	XUI_PRL_040_Continue	1706619358135	1706619368457	10319	OK
REQUEST	XUI_PRL_041_DummyPaymentConfirmation 	XUI_PRL_041_005_DummyPaymentConfirmation 	1706619368457	1706619368987	OK	 
GROUP	XUI_PRL_041_DummyPaymentConfirmation 	1706619368457	1706619368989	530	OK
REQUEST	XUI_PRL_042_PaymentOption	XUI_PRL_042_005_PaymentOption	1706619368991	1706619369988	OK	 
GROUP	XUI_PRL_042_PaymentOption	1706619368989	1706619369993	997	OK
REQUEST	XUI_PRL_043_PaymentOption	XUI_PRL_043_005_PaymentOption	1706619369993	1706619370133	OK	 
REQUEST	XUI_PRL_043_PaymentOption	XUI_PRL_043_005_PaymentOption Redirect 1	1706619370136	1706619370235	OK	 
GROUP	XUI_PRL_043_PaymentOption	1706619369993	1706619370425	416	OK
REQUEST	XUI_PRL_044_CardDetails	XUI_PRL_044_005_CardDetails	1706619370425	1706619370560	OK	 
REQUEST	XUI_PRL_044_CardDetails	XUI_PRL_044_005_CardDetails Redirect 1	1706619370560	1706619370636	OK	 
GROUP	XUI_PRL_044_CardDetails	1706619370425	1706619370645	212	OK
REQUEST	XUI_PRL_045_ConfirmPayment	XUI_PRL_045_005_ConfirmPayment	1706619370646	1706619370734	OK	 
REQUEST	XUI_PRL_045_ConfirmPayment	XUI_PRL_045_005_ConfirmPayment Redirect 1	1706619370736	1706619370776	OK	 
REQUEST	XUI_PRL_045_ConfirmPayment	XUI_PRL_045_005_ConfirmPayment Redirect 2	1706619370788	1706619372650	OK	 
GROUP	XUI_PRL_045_ConfirmPayment	1706619370646	1706619372797	2130	OK
