ASSERTION	AAECAAIFAAAAAAAAAFlA
RUN	simulations.PRL_Simulation	prl-simulation	1709034736642	 	3.9.5
USER	***** PRL Case Flags 2.1 Journey *****	START	1709034737532
REQUEST	XUI_010_Homepage	XUI_010_005_Homepage	1709034737541	1709034737680	OK	 
REQUEST	XUI_010_Homepage	XUI_Common_000_ConfigurationUI	1709034738775	1709034738800	OK	 
REQUEST	XUI_010_Homepage	XUI_Common_000_ConfigJson	1709034738802	1709034738833	OK	 
REQUEST	XUI_010_Homepage	XUI_Common_000_TsAndCs	1709034738834	1709034738859	OK	 
REQUEST	XUI_010_Homepage	XUI_Common_000_ConfigUI	1709034738860	1709034738886	OK	 
REQUEST	XUI_010_Homepage	XUI_Common_000_UserDetails	1709034738887	1709034738914	OK	 
REQUEST	XUI_010_Homepage	XUI_Common_000_IsAuthenticated	1709034738915	1709034738947	OK	 
REQUEST	XUI_010_Homepage	XUI_010_010_AuthLogin	1709034738952	1709034738998	OK	 
REQUEST	XUI_010_Homepage	XUI_010_010_AuthLogin Redirect 1	1709034738999	1709034739109	OK	 
REQUEST	XUI_010_Homepage	XUI_010_010_AuthLogin Redirect 2	1709034739110	1709034739149	OK	 
GROUP	XUI_010_Homepage	1709034737533	1709034739520	1901	OK
REQUEST	XUI_020_Login	XUI_020_005_Login	1709034739537	1709034739672	OK	 
REQUEST	XUI_020_Login	XUI_020_005_Login Redirect 1	1709034739673	1709034740251	OK	 
REQUEST	XUI_020_Login	XUI_020_005_Login Redirect 2	1709034740254	1709034740283	OK	 
REQUEST	XUI_020_Login	XUI_Common_000_ConfigurationUI	1709034741328	1709034741359	OK	 
REQUEST	XUI_020_Login	XUI_Common_000_ConfigJson	1709034741360	1709034741394	OK	 
REQUEST	XUI_020_Login	XUI_Common_000_TsAndCs	1709034741394	1709034741425	OK	 
REQUEST	XUI_020_Login	XUI_Common_000_ConfigUI	1709034741426	1709034741458	OK	 
REQUEST	XUI_020_Login	XUI_Common_000_UserDetails	1709034741459	1709034741855	OK	 
REQUEST	XUI_020_Login	XUI_Common_000_IsAuthenticated	1709034741856	1709034741920	OK	 
REQUEST	XUI_020_Login	XUI_Common_000_MonitoringTools	1709034741920	1709034742048	OK	 
GROUP	XUI_020_Login	1709034739521	1709034742078	2499	OK
REQUEST	XUI_PRL_031_SelectCase	XUI_PRL_031_005_SelectCase	1709034742082	1709034744762	OK	 
GROUP	XUI_PRL_031_SelectCase	1709034742081	1709034744762	2680	OK
REQUEST	XUI_PRL_032_SelectApplication	XUI_PRL_032_005_SelectApplication	1709034744762	1709034744884	OK	 
REQUEST	XUI_PRL_032_SelectApplication	XUI_PRL_032_010_SelectApplication	1709034744885	1709034746686	OK	 
GROUP	XUI_PRL_032_SelectApplication	1709034744762	1709034746691	1923	OK
REQUEST	XUI_PRL_033_SelectSupport	XUI_PRL_033_005_SelectSupport	1709034746692	1709034746776	OK	 
GROUP	XUI_PRL_033_SelectSupport	1709034746691	1709034746777	84	OK
REQUEST	XUI_PRL_034_SelectCaseDocuments	XUI_PRL_034_005_SelectCaseDocuments	1709034746777	1709034746862	OK	 
GROUP	XUI_PRL_034_SelectCaseDocuments	1709034746777	1709034746862	85	OK
REQUEST	XUI_PRL_035_SelectHistory	XUI_PRL_035_005_SelectHistory	1709034746862	1709034746940	OK	 
GROUP	XUI_PRL_035_SelectHistory	1709034746862	1709034746940	78	OK
REQUEST	XUI_PRL_036_SelectServiceRequest	XUI_PRL_036_005_SelectServiceRequest	1709034746940	1709034747024	OK	 
REQUEST	XUI_PRL_036_SelectServiceRequest	XUI_PRL_036_010_SelectServiceRequest	1709034747024	1709034751688	OK	 
GROUP	XUI_PRL_036_SelectServiceRequest	1709034746940	1709034751689	4748	OK
REQUEST	XUI_PRL_037_SelectParties	XUI_PRL_037_005_SelectParties	1709034751690	1709034751755	OK	 
REQUEST	XUI_PRL_037_SelectParties	XUI_PRL_037_010_SelectParties	1709034751756	1709034752627	OK	 
GROUP	XUI_PRL_037_SelectParties	1709034751689	1709034752627	936	OK
GROUP	XUI_PRL_070_CreateCaseStart	1709034752627	1709034752629	0	OK
REQUEST	XUI_PRL_070_RequestSupport	XUI_PRL_070_005_RequestSupport	1709034752629	1709034753917	OK	 
REQUEST	XUI_PRL_070_RequestSupport	XUI_PRL_070_010_RequestSupport	1709034753919	1709034754968	OK	 
GROUP	XUI_PRL_070_RequestSupport	1709034752629	1709034755059	2337	OK
REQUEST	XUI_PRL_033_SelectSupport	XUI_PRL_033_005_SelectSupport	1709034755060	1709034755140	OK	 
GROUP	XUI_PRL_033_SelectSupport	1709034755060	1709034755141	80	OK
REQUEST	XUI_PRL_080_WhereFlagAdded	XUI_PRL_080_005_WhereFlagAdded	1709034755141	1709034755950	OK	 
REQUEST	XUI_PRL_080_WhereFlagAdded	XUI_PRL_080_010_WhereFlagAdded	1709034755950	1709034757238	OK	 
GROUP	XUI_PRL_080_WhereFlagAdded	1709034755141	1709034757239	2097	OK
REQUEST	XUI_PRL_080_RequestSupportSubmit	XUI_PRL_080_005_RequestSupportSubmit	1709034757243	1709034758305	OK	 
GROUP	XUI_PRL_080_RequestSupportSubmit	1709034757239	1709034758310	1062	OK
REQUEST	XUI_PRL_033_SelectSupport	XUI_PRL_033_005_SelectSupport	1709034758310	1709034758393	OK	 
GROUP	XUI_PRL_033_SelectSupport	1709034758310	1709034758393	83	OK
REQUEST	XUI_PRL_090_RequestSupport2	XUI_PRL_090_005_RequestSupport2	1709034758394	1709034759178	OK	 
REQUEST	XUI_PRL_090_RequestSupport2	XUI_PRL_090_010_RequestSupport2	1709034759180	1709034760600	OK	 
GROUP	XUI_PRL_090_RequestSupport2	1709034758394	1709034760630	2204	OK
REQUEST	XUI_PRL_100_WhereFlagAdded2	XUI_PRL_100_005_WhereFlagAdded2	1709034760631	1709034761401	OK	 
REQUEST	XUI_PRL_100_WhereFlagAdded2	XUI_PRL_100_010_WhereFlagAdded2	1709034761401	1709034762417	OK	 
GROUP	XUI_PRL_100_WhereFlagAdded2	1709034760630	1709034762417	1786	OK
REQUEST	XUI_PRL_110_RequestSupportSubmit2	XUI_PRL_110_005_RequestSupportSubmit2	1709034762417	1709034764423	OK	 
GROUP	XUI_PRL_110_RequestSupportSubmit2	1709034762417	1709034764424	2006	OK
REQUEST	XUI_PRL_033_SelectSupport	XUI_PRL_033_005_SelectSupport	1709034764424	1709034764500	OK	 
GROUP	XUI_PRL_033_SelectSupport	1709034764424	1709034764500	76	OK
REQUEST	XUI_PRL_120_RequestSupport3	XUI_PRL_120_005_RequestSupport3	1709034764501	1709034765774	OK	 
REQUEST	XUI_PRL_120_RequestSupport3	XUI_PRL_120_010_RequestSupport3	1709034765775	1709034767354	OK	 
GROUP	XUI_PRL_120_RequestSupport3	1709034764500	1709034767367	2852	OK
REQUEST	XUI_PRL_130_WhereFlagAdded3	XUI_PRL_130_005_WhereFlagAdded3	1709034767367	1709034767607	OK	 
REQUEST	XUI_PRL_130_WhereFlagAdded3	XUI_PRL_130_010_WhereFlagAdded3	1709034767610	1709034768454	OK	 
GROUP	XUI_PRL_130_WhereFlagAdded3	1709034767367	1709034768455	1084	OK
REQUEST	XUI_PRL_140_RequestSupportSubmit3	XUI_PRL_140_005_RequestSupportSubmit2	1709034768456	1709034770354	OK	 
GROUP	XUI_PRL_140_RequestSupportSubmit3	1709034768455	1709034770355	1898	OK
REQUEST	XUI_PRL_033_SelectSupport	XUI_PRL_033_005_SelectSupport	1709034770355	1709034770458	OK	 
GROUP	XUI_PRL_033_SelectSupport	1709034770355	1709034770459	103	OK
REQUEST	XUI_PRL_150_RequestSupport4	XUI_PRL_150_005_RequestSupport4	1709034770459	1709034771054	OK	 
REQUEST	XUI_PRL_150_RequestSupport4	XUI_PRL_150_010_RequestSupport4	1709034771054	1709034772572	OK	 
GROUP	XUI_PRL_150_RequestSupport4	1709034770459	1709034772584	2113	OK
REQUEST	XUI_PRL_160_WhereFlagAdded4	XUI_PRL_160_005_WhereFlagAdded4	1709034772584	1709034773297	OK	 
REQUEST	XUI_PRL_160_WhereFlagAdded4	XUI_PRL_160_010_WhereFlagAdded4	1709034773298	1709034773570	OK	 
GROUP	XUI_PRL_160_WhereFlagAdded4	1709034772584	1709034773572	985	OK
REQUEST	XUI_PRL_170_RequestSupportSubmit4	XUI_PRL_170_005_RequestSupportSubmit4	1709034773573	1709034775031	OK	 
GROUP	XUI_PRL_170_RequestSupportSubmit4	1709034773572	1709034775033	1458	OK
REQUEST	XUI_PRL_033_SelectSupport	XUI_PRL_033_005_SelectSupport	1709034775033	1709034775113	OK	 
GROUP	XUI_PRL_033_SelectSupport	1709034775033	1709034775113	80	OK
REQUEST	XUI_PRL_180_RequestSupport5	XUI_PRL_180_005_RequestSupport5	1709034775113	1709034775571	OK	 
REQUEST	XUI_PRL_180_RequestSupport5	XUI_PRL_180_010_RequestSupport5	1709034775572	1709034776928	OK	 
GROUP	XUI_PRL_180_RequestSupport5	1709034775113	1709034776944	1814	OK
REQUEST	XUI_PRL_190_WhereFlagAdded5	XUI_PRL_190_005_WhereFlagAdded5	1709034776944	1709034777282	OK	 
REQUEST	XUI_PRL_190_WhereFlagAdded5	XUI_PRL_190_010_WhereFlagAdded5	1709034777284	1709034777400	OK	 
GROUP	XUI_PRL_190_WhereFlagAdded5	1709034776944	1709034777400	454	OK
REQUEST	XUI_PRL_200_RequestSupportSubmit5	XUI_PRL_200_005_RequestSupportSubmit4	1709034777401	1709034779142	OK	 
GROUP	XUI_PRL_200_RequestSupportSubmit5	1709034777400	1709034779144	1741	OK
GROUP	XUI_PRL_030_CreateCaseStart	1709034779144	1709034779144	0	OK
REQUEST	XUI_PRL_210_ManageSupport	XUI_PRL_210_005_RequestSupport	1709034779144	1709034780098	OK	 
REQUEST	XUI_PRL_210_ManageSupport	XUI_PRL_210_010_RequestSupport	1709034780099	1709034781047	OK	 
GROUP	XUI_PRL_210_ManageSupport	1709034779144	1709034781055	1902	OK
REQUEST	XUI_PRL_220_ManageSupportSubmitSol	XUI_PRL_220_005_ManageSupportSubmitSol	1709034781055	1709034782400	OK	 
GROUP	XUI_PRL_220_ManageSupportSubmitSol	1709034781055	1709034782404	1345	OK
REQUEST	XUI_PRL_031_SelectCase	XUI_PRL_031_005_SelectCase	1709034782405	1709034784653	OK	 
GROUP	XUI_PRL_031_SelectCase	1709034782404	1709034784653	2248	OK
REQUEST	XUI_PRL_032_SelectApplication	XUI_PRL_032_005_SelectApplication	1709034784653	1709034784748	OK	 
REQUEST	XUI_PRL_032_SelectApplication	XUI_PRL_032_010_SelectApplication	1709034784748	1709034785951	OK	 
GROUP	XUI_PRL_032_SelectApplication	1709034784653	1709034785951	1298	OK
REQUEST	XUI_PRL_033_SelectSupport	XUI_PRL_033_005_SelectSupport	1709034785951	1709034786038	OK	 
GROUP	XUI_PRL_033_SelectSupport	1709034785951	1709034786039	87	OK
REQUEST	XUI_PRL_034_SelectCaseDocuments	XUI_PRL_034_005_SelectCaseDocuments	1709034786039	1709034786113	OK	 
GROUP	XUI_PRL_034_SelectCaseDocuments	1709034786039	1709034786114	74	OK
REQUEST	XUI_PRL_035_SelectHistory	XUI_PRL_035_005_SelectHistory	1709034786114	1709034786191	OK	 
GROUP	XUI_PRL_035_SelectHistory	1709034786114	1709034786192	77	OK
REQUEST	XUI_PRL_036_SelectServiceRequest	XUI_PRL_036_005_SelectServiceRequest	1709034786192	1709034786267	OK	 
REQUEST	XUI_PRL_036_SelectServiceRequest	XUI_PRL_036_010_SelectServiceRequest	1709034786269	1709034787166	OK	 
GROUP	XUI_PRL_036_SelectServiceRequest	1709034786192	1709034787167	972	OK
REQUEST	XUI_PRL_037_SelectParties	XUI_PRL_037_005_SelectParties	1709034787167	1709034787249	OK	 
REQUEST	XUI_PRL_037_SelectParties	XUI_PRL_037_010_SelectParties	1709034787249	1709034788133	OK	 
GROUP	XUI_PRL_037_SelectParties	1709034787167	1709034788133	966	OK
REQUEST	XUI_010_Homepage	XUI_010_005_Homepage	1709034788133	1709034788159	OK	 
REQUEST	XUI_010_Homepage	XUI_Common_000_ConfigurationUI	1709034789180	1709034789211	OK	 
REQUEST	XUI_010_Homepage	XUI_Common_000_ConfigJson	1709034789212	1709034789246	OK	 
REQUEST	XUI_010_Homepage	XUI_Common_000_TsAndCs	1709034789247	1709034789314	OK	 
REQUEST	XUI_010_Homepage	XUI_Common_000_ConfigUI	1709034789320	1709034789347	OK	 
REQUEST	XUI_010_Homepage	XUI_Common_000_UserDetails	1709034789347	1709034789372	OK	 
REQUEST	XUI_010_Homepage	XUI_Common_000_IsAuthenticated	1709034789373	1709034789397	OK	 
REQUEST	XUI_010_Homepage	XUI_010_010_AuthLogin	1709034789398	1709034789427	OK	 
REQUEST	XUI_010_Homepage	XUI_010_010_AuthLogin Redirect 1	1709034789427	1709034789460	OK	 
REQUEST	XUI_010_Homepage	XUI_010_010_AuthLogin Redirect 2	1709034789460	1709034789501	OK	 
GROUP	XUI_010_Homepage	1709034788133	1709034789613	1460	OK
REQUEST	XUI_020_LoginCa	XUI_020_005_LoginCa	1709034789614	1709034789704	OK	 
REQUEST	XUI_020_LoginCa	XUI_020_005_LoginCa Redirect 1	1709034789704	1709034791622	OK	 
REQUEST	XUI_020_LoginCa	XUI_020_005_LoginCa Redirect 2	1709034791623	1709034791652	OK	 
REQUEST	XUI_020_LoginCa	XUI_Common_000_ConfigurationUI	1709034792702	1709034792730	OK	 
REQUEST	XUI_020_LoginCa	XUI_Common_000_ConfigJson	1709034792731	1709034792770	OK	 
REQUEST	XUI_020_LoginCa	XUI_Common_000_TsAndCs	1709034792770	1709034792805	OK	 
REQUEST	XUI_020_LoginCa	XUI_Common_000_ConfigUI	1709034792806	1709034792835	OK	 
REQUEST	XUI_020_LoginCa	XUI_Common_000_UserDetails	1709034792845	1709034793098	OK	 
REQUEST	XUI_020_LoginCa	XUI_Common_000_IsAuthenticated	1709034793098	1709034793149	OK	 
REQUEST	XUI_020_LoginCa	XUI_Common_000_MonitoringTools	1709034793151	1709034793179	OK	 
GROUP	XUI_020_LoginCa	1709034789613	1709034793180	3549	OK
REQUEST	XUI_PRL_041_SelectCase	XUI_PRL_041_005_SelectCase	1709034793180	1709034795335	OK	 
GROUP	XUI_PRL_041_SelectCase	1709034793180	1709034795335	2155	OK
REQUEST	XUI_PRL_042_SelectApplication	XUI_PRL_042_005_SelectApplication	1709034795335	1709034795372	OK	 
REQUEST	XUI_PRL_042_SelectApplication	XUI_PRL_032_010_SelectApplication	1709034795373	1709034796750	OK	 
GROUP	XUI_PRL_042_SelectApplication	1709034795335	1709034796755	1414	OK
REQUEST	XUI_PRL_043_SelectSupport	XUI_PRL_043_005_SelectSupport	1709034796755	1709034796791	OK	 
GROUP	XUI_PRL_043_SelectSupport	1709034796755	1709034796791	36	OK
REQUEST	XUI_PRL_044_SelectCaseDocuments	XUI_PRL_044_005_SelectCaseDocuments	1709034796791	1709034796830	OK	 
GROUP	XUI_PRL_044_SelectCaseDocuments	1709034796791	1709034796830	39	OK
REQUEST	XUI_PRL_045_SelectHistory	XUI_PRL_045_005_SelectHistory	1709034796831	1709034796875	OK	 
GROUP	XUI_PRL_045_SelectHistory	1709034796831	1709034796875	44	OK
REQUEST	XUI_PRL_046_SelectServiceRequest	XUI_PRL_046_005_SelectServiceRequest	1709034796875	1709034796906	OK	 
REQUEST	XUI_PRL_046_SelectServiceRequest	XUI_PRL_046_010_SelectServiceRequest	1709034796911	1709034797722	OK	 
GROUP	XUI_PRL_046_SelectServiceRequest	1709034796875	1709034797722	842	OK
REQUEST	XUI_PRL_047_SelectParties	XUI_PRL_047_005_SelectParties	1709034797722	1709034797752	OK	 
REQUEST	XUI_PRL_047_SelectParties	XUI_PRL_047_010_SelectParties	1709034797752	1709034798418	OK	 
GROUP	XUI_PRL_047_SelectParties	1709034797722	1709034798418	696	OK
REQUEST	XUI_PRL_048_LinkedCases	XUI_PRL_048_005_LinkedCases	1709034798419	1709034798449	OK	 
REQUEST	XUI_PRL_048_LinkedCases	XUI_PRL_048_010_LinkedCases	1709034798450	1709034799871	OK	 
REQUEST	XUI_PRL_048_LinkedCases	XUI_PRL_048_015_LinkedCases	1709034799872	1709034799927	OK	 
GROUP	XUI_PRL_048_LinkedCases	1709034798419	1709034800011	1588	OK
REQUEST	XUI_PRL_049_CaseFileView	XUI_PRL_049_005_CaseFileView	1709034800011	1709034800063	OK	 
REQUEST	XUI_PRL_049_CaseFileView	XUI_PRL_049_010_CaseFileView	1709034800063	1709034801019	OK	 
GROUP	XUI_PRL_049_CaseFileView	1709034800011	1709034801020	1008	OK
GROUP	XUI_PRL_030_CreateCaseStart	1709034801020	1709034801020	0	OK
REQUEST	XUI_PRL_230_ManageSupportFlags	XUI_PRL_230_005_ManageSupportFlags	1709034801020	1709034802902	OK	 
REQUEST	XUI_PRL_230_ManageSupportFlags	XUI_PRL_230_010_ManageSupportFlags	1709034802902	1709034804332	OK	 
GROUP	XUI_PRL_230_ManageSupportFlags	1709034801020	1709034804448	3312	OK
REQUEST	XUI_PRL_240_SubmitSupportChange	XUI_PRL_240_005_SubmitSupportChange	1709034804448	1709034806081	OK	 
GROUP	XUI_PRL_240_SubmitSupportChange	1709034804448	1709034806081	1633	OK
GROUP	XUI_PRL_030_CreateCaseStart	1709034806081	1709034806081	0	OK
REQUEST	XUI_PRL_240_CreateFlag	XUI_PRL_240_005_CreateFlag	1709034806082	1709034806641	OK	 
REQUEST	XUI_PRL_240_CreateFlag	XUI_PRL_240_010_CreateFlag	1709034806642	1709034808142	OK	 
GROUP	XUI_PRL_240_CreateFlag	1709034806081	1709034808153	2059	OK
REQUEST	XUI_PRL_250_CreateFlag	XUI_PRL_250_005_CreateFlag	1709034808153	1709034808439	OK	 
REQUEST	XUI_PRL_250_CreateFlag	XUI_PRL_250_010_CreateFlag	1709034808440	1709034808766	OK	 
GROUP	XUI_PRL_250_CreateFlag	1709034808153	1709034808767	612	OK
REQUEST	XUI_PRL_260_CreateFlag	XUI_PRL_260_005_CreateFlag	1709034808767	1709034810245	OK	 
GROUP	XUI_PRL_260_CreateFlag	1709034808767	1709034810246	1478	OK
REQUEST	XUI_PRL_041_SelectCase	XUI_PRL_041_005_SelectCase	1709034810247	1709034813842	OK	 
GROUP	XUI_PRL_041_SelectCase	1709034810246	1709034813842	3595	OK
REQUEST	XUI_PRL_042_SelectApplication	XUI_PRL_042_005_SelectApplication	1709034813843	1709034813891	OK	 
REQUEST	XUI_PRL_042_SelectApplication	XUI_PRL_032_010_SelectApplication	1709034813898	1709034815130	OK	 
GROUP	XUI_PRL_042_SelectApplication	1709034813842	1709034815131	1280	OK
REQUEST	XUI_PRL_043_SelectSupport	XUI_PRL_043_005_SelectSupport	1709034815131	1709034815179	OK	 
GROUP	XUI_PRL_043_SelectSupport	1709034815131	1709034815179	48	OK
REQUEST	XUI_PRL_044_SelectCaseDocuments	XUI_PRL_044_005_SelectCaseDocuments	1709034815179	1709034815245	OK	 
GROUP	XUI_PRL_044_SelectCaseDocuments	1709034815179	1709034815245	66	OK
REQUEST	XUI_PRL_045_SelectHistory	XUI_PRL_045_005_SelectHistory	1709034815245	1709034815293	OK	 
GROUP	XUI_PRL_045_SelectHistory	1709034815245	1709034815293	48	OK
REQUEST	XUI_PRL_046_SelectServiceRequest	XUI_PRL_046_005_SelectServiceRequest	1709034815296	1709034815343	OK	 
REQUEST	XUI_PRL_046_SelectServiceRequest	XUI_PRL_046_010_SelectServiceRequest	1709034815344	1709034815567	OK	 
GROUP	XUI_PRL_046_SelectServiceRequest	1709034815293	1709034815568	270	OK
REQUEST	XUI_PRL_047_SelectParties	XUI_PRL_047_005_SelectParties	1709034815568	1709034815623	OK	 
REQUEST	XUI_PRL_047_SelectParties	XUI_PRL_047_010_SelectParties	1709034815624	1709034816278	OK	 
GROUP	XUI_PRL_047_SelectParties	1709034815568	1709034816278	709	OK
REQUEST	XUI_PRL_048_LinkedCases	XUI_PRL_048_005_LinkedCases	1709034816279	1709034816344	OK	 
REQUEST	XUI_PRL_048_LinkedCases	XUI_PRL_048_010_LinkedCases	1709034816345	1709034816437	OK	 
REQUEST	XUI_PRL_048_LinkedCases	XUI_PRL_048_015_LinkedCases	1709034816440	1709034816515	OK	 
GROUP	XUI_PRL_048_LinkedCases	1709034816278	1709034816515	232	OK
REQUEST	XUI_PRL_049_CaseFileView	XUI_PRL_049_005_CaseFileView	1709034816516	1709034816561	OK	 
REQUEST	XUI_PRL_049_CaseFileView	XUI_PRL_049_010_CaseFileView	1709034816561	1709034817013	OK	 
GROUP	XUI_PRL_049_CaseFileView	1709034816515	1709034817013	497	OK
USER	***** PRL Case Flags 2.1 Journey *****	END	1709034817018
