ASSERTION	AAECAAIFAAAAAAAAAFlA
RUN	simulations.PRL_Simulation	prl-simulation	1706054799380	 	3.9.5
USER	***** PRL Case Flags 2.1 Journey *****	START	1706054799910
REQUEST	XUI_010_Homepage	XUI_010_005_Homepage	1706054799918	1706054800105	OK	 
REQUEST	XUI_010_Homepage	XUI_Common_000_ConfigurationUI	1706054803154	1706054803182	OK	 
REQUEST	XUI_010_Homepage	XUI_Common_000_ConfigJson	1706054803184	1706054803215	OK	 
REQUEST	XUI_010_Homepage	XUI_Common_000_TsAndCs	1706054803216	1706054803249	OK	 
REQUEST	XUI_010_Homepage	XUI_Common_000_ConfigUI	1706054803249	1706054803279	OK	 
REQUEST	XUI_010_Homepage	XUI_Common_000_UserDetails	1706054803280	1706054803312	OK	 
REQUEST	XUI_010_Homepage	XUI_Common_000_IsAuthenticated	1706054803314	1706054803355	OK	 
REQUEST	XUI_010_Homepage	XUI_010_010_AuthLogin	1706054803360	1706054803400	OK	 
REQUEST	XUI_010_Homepage	XUI_010_010_AuthLogin Redirect 1	1706054803412	1706054803533	OK	 
REQUEST	XUI_010_Homepage	XUI_010_010_AuthLogin Redirect 2	1706054803537	1706054803601	OK	 
GROUP	XUI_010_Homepage	1706054799911	1706054803878	3849	OK
REQUEST	XUI_020_LoginCa	XUI_020_005_LoginCa	1706054803881	1706054804087	OK	 
REQUEST	XUI_020_LoginCa	XUI_020_005_LoginCa Redirect 1	1706054804089	1706054804775	OK	 
REQUEST	XUI_020_LoginCa	XUI_020_005_LoginCa Redirect 2	1706054804780	1706054804809	OK	 
REQUEST	XUI_020_LoginCa	XUI_Common_000_ConfigurationUI	1706054810044	1706054810075	OK	 
REQUEST	XUI_020_LoginCa	XUI_Common_000_ConfigJson	1706054810075	1706054810106	OK	 
REQUEST	XUI_020_LoginCa	XUI_Common_000_TsAndCs	1706054810108	1706054810151	OK	 
REQUEST	XUI_020_LoginCa	XUI_Common_000_ConfigUI	1706054810153	1706054810190	OK	 
REQUEST	XUI_020_LoginCa	XUI_Common_000_UserDetails	1706054810193	1706054810839	OK	 
REQUEST	XUI_020_LoginCa	XUI_Common_000_IsAuthenticated	1706054810841	1706054810873	OK	 
REQUEST	XUI_020_LoginCa	XUI_Common_000_MonitoringTools	1706054810873	1706054810911	OK	 
GROUP	XUI_020_LoginCa	1706054803878	1706054810943	7007	OK
REQUEST	XUI_PRL_041_SelectCase	XUI_PRL_041_005_SelectCase	1706054810944	1706054813524	OK	 
GROUP	XUI_PRL_041_SelectCase	1706054810943	1706054813527	2580	OK
REQUEST	XUI_PRL_042_SelectApplication	XUI_PRL_042_005_SelectApplication	1706054813530	1706054813569	OK	 
REQUEST	XUI_PRL_042_SelectApplication	XUI_PRL_032_010_SelectApplication	1706054813570	1706054817017	OK	 
GROUP	XUI_PRL_042_SelectApplication	1706054813528	1706054817036	3486	OK
REQUEST	XUI_PRL_043_SelectSupport	XUI_PRL_043_005_SelectSupport	1706054817038	1706054817073	OK	 
GROUP	XUI_PRL_043_SelectSupport	1706054817036	1706054817074	35	OK
REQUEST	XUI_PRL_044_SelectCaseDocuments	XUI_PRL_044_005_SelectCaseDocuments	1706054817074	1706054817108	OK	 
GROUP	XUI_PRL_044_SelectCaseDocuments	1706054817074	1706054817108	34	OK
REQUEST	XUI_PRL_045_SelectHistory	XUI_PRL_045_005_SelectHistory	1706054817108	1706054817141	OK	 
GROUP	XUI_PRL_045_SelectHistory	1706054817108	1706054817141	33	OK
REQUEST	XUI_PRL_046_SelectServiceRequest	XUI_PRL_046_005_SelectServiceRequest	1706054817142	1706054817178	OK	 
REQUEST	XUI_PRL_046_SelectServiceRequest	XUI_PRL_046_010_SelectServiceRequest	1706054817184	1706054817453	OK	 
GROUP	XUI_PRL_046_SelectServiceRequest	1706054817141	1706054817456	305	OK
REQUEST	XUI_PRL_047_SelectParties	XUI_PRL_047_005_SelectParties	1706054817459	1706054817493	OK	 
REQUEST	XUI_PRL_047_SelectParties	XUI_PRL_047_010_SelectParties	1706054817495	1706054818896	OK	 
GROUP	XUI_PRL_047_SelectParties	1706054817456	1706054818899	1435	OK
REQUEST	XUI_PRL_048_LinkedCases	XUI_PRL_048_005_LinkedCases	1706054818901	1706054818953	OK	 
REQUEST	XUI_PRL_048_LinkedCases	XUI_PRL_048_005_LinkedCases	1706054818955	1706054820972	OK	 
REQUEST	XUI_PRL_048_LinkedCases	XUI_PRL_048_005_LinkedCases	1706054820975	1706054821291	KO	substring(list_of_values).find.exists, found nothing
GROUP	XUI_PRL_048_LinkedCases	1706054818899	1706054821318	2385	KO
USER	***** PRL Case Flags 2.1 Journey *****	END	1706054821324
