ASSERTION	AAECAAIFAAAAAAAAAFlA
RUN	simulations.PRL_Simulation	prl-simulation	1704889774725	 	3.9.5
USER	***** PRL Citizen Journey *****	START	1704889775310
REQUEST	XUI_010_Homepage	XUI_010_005_Homepage	1704889775319	1704889775472	OK	 
REQUEST	XUI_010_Homepage	XUI_Common_000_ConfigurationUI	1704889809922	1704889809957	OK	 
REQUEST	XUI_010_Homepage	XUI_Common_000_ConfigJson	1704889809961	1704889810008	OK	 
REQUEST	XUI_010_Homepage	XUI_Common_000_TsAndCs	1704889810010	1704889810060	OK	 
REQUEST	XUI_010_Homepage	XUI_Common_000_ConfigUI	1704889810061	1704889810125	OK	 
REQUEST	XUI_010_Homepage	XUI_Common_000_UserDetails	1704889810128	1704889810184	OK	 
REQUEST	XUI_010_Homepage	XUI_Common_000_IsAuthenticated	1704889810186	1704889810224	OK	 
REQUEST	XUI_010_Homepage	XUI_010_010_AuthLogin	1704889810230	1704889810267	OK	 
REQUEST	XUI_010_Homepage	XUI_010_010_AuthLogin Redirect 1	1704889810273	1704889810438	OK	 
REQUEST	XUI_010_Homepage	XUI_010_010_AuthLogin Redirect 2	1704889810440	1704889810540	OK	 
GROUP	XUI_010_Homepage	1704889775312	1704889811496	36076	OK
REQUEST	XUI_020_Login	XUI_020_005_Login	1704889811503	1704889811588	OK	 
REQUEST	XUI_020_Login	XUI_020_005_Login Redirect 1	1704889811589	1704889812376	OK	 
REQUEST	XUI_020_Login	XUI_020_005_Login Redirect 2	1704889812380	1704889812418	OK	 
REQUEST	XUI_020_Login	XUI_Common_000_ConfigurationUI	1704889852395	1704889852450	OK	 
REQUEST	XUI_020_Login	XUI_Common_000_ConfigJson	1704889852453	1704889852527	OK	 
REQUEST	XUI_020_Login	XUI_Common_000_TsAndCs	1704889852528	1704889853678	OK	 
REQUEST	XUI_020_Login	XUI_Common_000_ConfigUI	1704889853682	1704889854791	OK	 
REQUEST	XUI_020_Login	XUI_Common_000_UserDetails	1704889854794	1704889854881	OK	 
REQUEST	XUI_020_Login	XUI_Common_000_IsAuthenticated	1704889854884	1704889854922	OK	 
REQUEST	XUI_020_Login	XUI_Common_000_MonitoringTools	1704889854925	1704889854970	OK	 
GROUP	XUI_020_Login	1704889811497	1704889855010	43430	OK
REQUEST	XUI_PRL_030_TaskTab	XUI_PRL_030_005_SelectIssue	1704889855010	1704889856892	OK	 
GROUP	XUI_PRL_030_TaskTab	1704889855010	1704889856913	1882	OK
ERROR	XUI_PRL_031_005_AssignToMe: Failed to build request: No attribute named 'id' is defined 	1704889856914
GROUP	XUI_PRL_031_AssignToMe	1704889856913	1704889856915	0	KO
USER	***** PRL Citizen Journey *****	END	1704889856919
