ASSERTION	AAECAAMFAAAAAAAAAFlA
RUN	simulations.PRL_Simulation	prl-simulation	1686565727169	 	3.3.1
USER	***** Private Law Create Case *****	1	START	1686565727431	1686565727431
REQUEST	1	XUI_010_Homepage	XUI_010_005_Homepage	1686565727441	1686565728076	OK	 
REQUEST	1	XUI_010_Homepage	XUI_Common_000_ConfigurationUI	1686565728106	1686565733783	OK	 
REQUEST	1	XUI_010_Homepage	XUI_Common_000_ConfigJson	1686565733800	1686565734428	OK	 
REQUEST	1	XUI_010_Homepage	XUI_Common_000_TsAndCs	1686565734431	1686565735183	OK	 
REQUEST	1	XUI_010_Homepage	XUI_Common_000_ConfigUI	1686565735186	1686565735946	OK	 
REQUEST	1	XUI_010_Homepage	XUI_Common_000_UserDetails	1686565735950	1686565736631	OK	 
REQUEST	1	XUI_010_Homepage	XUI_Common_000_IsAuthenticated	1686565736633	1686565737129	OK	 
REQUEST	1	XUI_010_Homepage	XUI_010_010_AuthLogin	1686565737133	1686565737454	OK	 
REQUEST	1	XUI_010_Homepage	XUI_010_010_AuthLogin Redirect 1	1686565737460	1686565741151	OK	 
REQUEST	1	XUI_010_Homepage	XUI_010_010_AuthLogin Redirect 2	1686565741156	1686565742584	OK	 
GROUP	1	XUI_010_Homepage	1686565727435	1686565747381	19824	OK
REQUEST	1	XUI_020_Login	XUI_020_005_Login	1686565747383	1686565747675	OK	 
REQUEST	1	XUI_020_Login	XUI_020_005_Login Redirect 1	1686565747676	1686565748805	OK	 
REQUEST	1	XUI_020_Login	XUI_020_005_Login Redirect 2	1686565748806	1686565748983	OK	 
REQUEST	1	XUI_020_Login	XUI_Common_000_ConfigurationUI	1686565799554	1686565799663	OK	 
REQUEST	1	XUI_020_Login	XUI_Common_000_ConfigJson	1686565799664	1686565799800	OK	 
REQUEST	1	XUI_020_Login	XUI_Common_000_TsAndCs	1686565799801	1686565799887	OK	 
REQUEST	1	XUI_020_Login	XUI_Common_000_ConfigUI	1686565799888	1686565799984	OK	 
REQUEST	1	XUI_020_Login	XUI_Common_000_UserDetails	1686565799985	1686565800437	OK	 
REQUEST	1	XUI_020_Login	XUI_Common_000_IsAuthenticated	1686565800438	1686565800646	OK	 
REQUEST	1	XUI_020_Login	XUI_Common_000_MonitoringTools	1686565800650	1686565800853	OK	 
REQUEST	1	XUI_020_Login	XUI_Common_000_ActivityOptions	1686565800873	1686565800992	KO	status.find.in(200,304,403), but actually found 404
GROUP	1	XUI_020_Login	1686565747381	1686565800995	53573	KO
USER	***** Private Law Create Case *****	1	END	1686565727431	1686565800998
