ASSERTION	AAECAAIFAAAAAAAAAFlA
RUN	simulations.PRL_Simulation	prl-simulation	1709032512076	 	3.9.5
USER	***** PRL Citizen Journey *****	START	1709032512632
REQUEST	XUI_010_Homepage	XUI_010_005_Homepage	1709032512648	1709032512881	OK	 
REQUEST	XUI_010_Homepage	XUI_Common_000_ConfigurationUI	1709032514022	1709032514090	OK	 
REQUEST	XUI_010_Homepage	XUI_Common_000_ConfigJson	1709032514091	1709032514161	OK	 
REQUEST	XUI_010_Homepage	XUI_Common_000_TsAndCs	1709032514162	1709032514198	OK	 
REQUEST	XUI_010_Homepage	XUI_Common_000_ConfigUI	1709032514200	1709032514261	OK	 
REQUEST	XUI_010_Homepage	XUI_Common_000_UserDetails	1709032514264	1709032514293	OK	 
REQUEST	XUI_010_Homepage	XUI_Common_000_IsAuthenticated	1709032514294	1709032514332	OK	 
REQUEST	XUI_010_Homepage	XUI_010_010_AuthLogin	1709032514333	1709032514378	OK	 
REQUEST	XUI_010_Homepage	XUI_010_010_AuthLogin Redirect 1	1709032514380	1709032514609	OK	 
REQUEST	XUI_010_Homepage	XUI_010_010_AuthLogin Redirect 2	1709032514611	1709032514720	OK	 
GROUP	XUI_010_Homepage	1709032512633	1709032515214	2477	OK
REQUEST	XUI_020_Login	XUI_020_005_Login	1709032515273	1709032515380	OK	 
REQUEST	XUI_020_Login	XUI_020_005_Login Redirect 1	1709032515381	1709032516921	OK	 
REQUEST	XUI_020_Login	XUI_020_005_Login Redirect 2	1709032516922	1709032516979	OK	 
REQUEST	XUI_020_Login	XUI_Common_000_ConfigurationUI	1709032518179	1709032518567	OK	 
REQUEST	XUI_020_Login	XUI_Common_000_ConfigJson	1709032518568	1709032518616	OK	 
REQUEST	XUI_020_Login	XUI_Common_000_TsAndCs	1709032518617	1709032518655	OK	 
REQUEST	XUI_020_Login	XUI_Common_000_ConfigUI	1709032518655	1709032518684	OK	 
REQUEST	XUI_020_Login	XUI_Common_000_UserDetails	1709032518685	1709032519256	OK	 
REQUEST	XUI_020_Login	XUI_Common_000_IsAuthenticated	1709032519257	1709032519356	OK	 
REQUEST	XUI_020_Login	XUI_Common_000_MonitoringTools	1709032519357	1709032519529	OK	 
GROUP	XUI_020_Login	1709032515214	1709032519558	4247	OK
REQUEST	XUI_PRL_030_CreateCaseStart	XUI_PRL_030_005_CreateCaseStart	1709032519576	1709032522365	OK	 
GROUP	XUI_PRL_030_CreateCaseStart	1709032519567	1709032522373	2789	OK
REQUEST	XUI_PRL_031_Type_Of_Application	XUI_PRL_031_005_Type_Of_Application	1709032522380	1709032523432	OK	 
GROUP	XUI_PRL_031_Type_Of_Application	1709032522373	1709032523432	1052	OK
REQUEST	XUI_PRL_032_ApplicationCheckYourAnswers	XUI_PRL_032_005_ApplicationCheckYourAnswers	1709032523433	1709032533116	OK	 
GROUP	XUI_PRL_032_ApplicationCheckYourAnswers	1709032523432	1709032533140	9683	OK
REQUEST	XUI_PRL_033_ApplicationDetails	XUI_PRL_033_005_ApplicationDetails	1709032533140	1709032534404	OK	 
GROUP	XUI_PRL_033_ApplicationDetails	1709032533140	1709032534495	1264	OK
REQUEST	XUI_PRL_034_EnterApplicationDetails	XUI_PRL_034_005_EnterApplicationDetails	1709032534495	1709032535047	OK	 
GROUP	XUI_PRL_034_EnterApplicationDetails	1709032534495	1709032535047	552	OK
REQUEST	XUI_PRL_035_SubmitApplicationDetails	XUI_PRL_035_005_SubmitApplicationDetails	1709032535048	1709032548205	OK	 
GROUP	XUI_PRL_035_SubmitApplicationDetails	1709032535048	1709032548207	13157	OK
REQUEST	XUI_PRL_036_SubmitAndPay	XUI_PRL_036_005_SubmitAndPay	1709032548208	1709032556984	OK	 
GROUP	XUI_PRL_036_SubmitAndPay	1709032548207	1709032556995	8776	OK
REQUEST	XUI_PRL_037_ConfidentialityStatement	XUI_PRL_037_005_ConfidentialityStatement	1709032556996	1709032557781	OK	 
GROUP	XUI_PRL_037_ConfidentialityStatement	1709032556995	1709032557782	785	OK
REQUEST	XUI_PRL_038_Declaration	XUI_PRL_038_005_Declaration	1709032557782	1709032558657	OK	 
GROUP	XUI_PRL_038_Declaration	1709032557782	1709032558658	875	OK
REQUEST	XUI_PRL_039_Continue	XUI_PRL_039_005_Continue	1709032558658	1709032559669	OK	 
GROUP	XUI_PRL_039_Continue	1709032558658	1709032559671	1011	OK
REQUEST	XUI_PRL_040_Continue	XUI_PRL_039_005_Continue	1709032559672	1709032568147	OK	 
GROUP	XUI_PRL_040_Continue	1709032559671	1709032568154	8475	OK
REQUEST	XUI_PRL_041_DummyPaymentConfirmation 	XUI_PRL_041_005_DummyPaymentConfirmation 	1709032568155	1709032569046	OK	 
GROUP	XUI_PRL_041_DummyPaymentConfirmation 	1709032568154	1709032569046	891	OK
REQUEST	XUI_PRL_042_PaymentOption	XUI_PRL_042_005_PaymentOption	1709032569047	1709032569865	OK	 
GROUP	XUI_PRL_042_PaymentOption	1709032569046	1709032569868	818	OK
REQUEST	XUI_PRL_043_PaymentOption	XUI_PRL_043_005_PaymentOption	1709032569869	1709032569976	OK	 
REQUEST	XUI_PRL_043_PaymentOption	XUI_PRL_043_005_PaymentOption Redirect 1	1709032569977	1709032570051	OK	 
GROUP	XUI_PRL_043_PaymentOption	1709032569868	1709032570225	341	OK
REQUEST	XUI_PRL_044_CardDetails	XUI_PRL_044_005_CardDetails	1709032570225	1709032570339	OK	 
REQUEST	XUI_PRL_044_CardDetails	XUI_PRL_044_005_CardDetails Redirect 1	1709032570357	1709032570432	OK	 
GROUP	XUI_PRL_044_CardDetails	1709032570225	1709032570436	190	OK
REQUEST	XUI_PRL_045_ConfirmPayment	XUI_PRL_045_005_ConfirmPayment	1709032570436	1709032570520	OK	 
REQUEST	XUI_PRL_045_ConfirmPayment	XUI_PRL_045_005_ConfirmPayment Redirect 1	1709032570521	1709032570566	OK	 
REQUEST	XUI_PRL_045_ConfirmPayment	XUI_PRL_045_005_ConfirmPayment Redirect 2	1709032570571	1709032573430	OK	 
GROUP	XUI_PRL_045_ConfirmPayment	1709032570436	1709032573738	3293	OK
USER	***** PRL Citizen Journey *****	END	1709032573747
