ASSERTION	AAECAAIFAAAAAAAAAFlA
RUN	simulations.PRL_Simulation	prl-simulation	1697630258338	 	3.9.5
USER	***** Private Law Create Case *****	START	1697630258724
REQUEST	XUI_010_Homepage	XUI_010_005_Homepage	1697630258746	1697630258988	OK	 
REQUEST	XUI_010_Homepage	XUI_Common_000_ConfigurationUI	1697630282629	1697630282746	OK	 
REQUEST	XUI_010_Homepage	XUI_Common_000_ConfigJson	1697630282760	1697630282817	OK	 
REQUEST	XUI_010_Homepage	XUI_Common_000_TsAndCs	1697630282819	1697630282980	OK	 
REQUEST	XUI_010_Homepage	XUI_Common_000_ConfigUI	1697630282982	1697630283090	OK	 
REQUEST	XUI_010_Homepage	XUI_Common_000_UserDetails	1697630283092	1697630283160	OK	 
REQUEST	XUI_010_Homepage	XUI_Common_000_IsAuthenticated	1697630283161	1697630283212	OK	 
REQUEST	XUI_010_Homepage	XUI_010_010_AuthLogin	1697630283218	1697630283269	OK	 
REQUEST	XUI_010_Homepage	XUI_010_010_AuthLogin Redirect 1	1697630283271	1697630283818	OK	 
REQUEST	XUI_010_Homepage	XUI_010_010_AuthLogin Redirect 2	1697630283819	1697630284028	OK	 
GROUP	XUI_010_Homepage	1697630258725	1697630286453	27597	OK
REQUEST	XUI_020_Login	XUI_020_005_Login	1697630286465	1697630287359	OK	 
REQUEST	XUI_020_Login	XUI_020_005_Login Redirect 1	1697630287361	1697630289887	OK	 
REQUEST	XUI_020_Login	XUI_020_005_Login Redirect 2	1697630289892	1697630290043	OK	 
REQUEST	XUI_020_Login	XUI_Common_000_ConfigurationUI	1697630308379	1697630308468	OK	 
REQUEST	XUI_020_Login	XUI_Common_000_ConfigJson	1697630308469	1697630308498	OK	 
REQUEST	XUI_020_Login	XUI_Common_000_TsAndCs	1697630308499	1697630308565	OK	 
REQUEST	XUI_020_Login	XUI_Common_000_ConfigUI	1697630308566	1697630309469	OK	 
REQUEST	XUI_020_Login	XUI_Common_000_UserDetails	1697630309470	1697630310945	OK	 
REQUEST	XUI_020_Login	XUI_Common_000_IsAuthenticated	1697630310946	1697630311495	OK	 
REQUEST	XUI_020_Login	XUI_Common_000_MonitoringTools	1697630311497	1697630311820	OK	 
GROUP	XUI_020_Login	1697630286454	1697630311850	25333	OK
REQUEST	XUI_PRL_030_CreateCaseStart	XUI_PRL_030_005_CreateCaseStart	1697630311853	1697630314934	OK	 
GROUP	XUI_PRL_030_CreateCaseStart	1697630311851	1697630314955	3081	OK
REQUEST	XUI_PRL_031_Type_Of_Application	XUI_PRL_031_005_Type_Of_Application	1697630314957	1697630317790	OK	 
GROUP	XUI_PRL_031_Type_Of_Application	1697630314955	1697630317790	2833	OK
REQUEST	XUI_PRL_032_ApplicationCheckYourAnswers	XUI_PRL_032_005_ApplicationCheckYourAnswers	1697630317791	1697630335700	OK	 
GROUP	XUI_PRL_032_ApplicationCheckYourAnswers	1697630317790	1697630335714	17909	OK
REQUEST	XUI_PRL_033_ApplicationDetails	XUI_PRL_033_005_ApplicationDetails	1697630335714	1697630340520	OK	 
GROUP	XUI_PRL_033_ApplicationDetails	1697630335714	1697630340553	4806	OK
REQUEST	XUI_PRL_034_EnterApplicationDetails	XUI_PRL_034_005_EnterApplicationDetails	1697630340553	1697630341858	OK	 
GROUP	XUI_PRL_034_EnterApplicationDetails	1697630340553	1697630341859	1305	OK
REQUEST	XUI_PRL_035_SubmitApplicationDetails	XUI_PRL_035_005_SubmitApplicationDetails	1697630341861	1697630353785	OK	 
GROUP	XUI_PRL_035_SubmitApplicationDetails	1697630341860	1697630353786	11924	OK
REQUEST	XUI_PRL_036_SubmitAndPay	XUI_PRL_036_005_SubmitAndPay	1697630353786	1697630363699	OK	 
GROUP	XUI_PRL_036_SubmitAndPay	1697630353786	1697630363710	9913	OK
REQUEST	XUI_PRL_037_ConfidentialityStatement	XUI_PRL_037_005_ConfidentialityStatement	1697630363710	1697630366039	OK	 
GROUP	XUI_PRL_037_ConfidentialityStatement	1697630363710	1697630366040	2329	OK
REQUEST	XUI_PRL_038_Declaration	XUI_PRL_038_005_Declaration	1697630366041	1697630366894	OK	 
GROUP	XUI_PRL_038_Declaration	1697630366040	1697630366894	853	OK
REQUEST	XUI_PRL_039_Continue	XUI_PRL_039_005_Continue	1697630366895	1697630368211	OK	 
GROUP	XUI_PRL_039_Continue	1697630366894	1697630368212	1316	OK
REQUEST	XUI_PRL_040_Continue	XUI_PRL_039_005_Continue	1697630368215	1697630382920	OK	 
GROUP	XUI_PRL_040_Continue	1697630368212	1697630382928	14705	OK
REQUEST	XUI_PRL_042_DummyPaymentConfirmation 	XUI_PRL_040_005_DummyPaymentConfirmation 	1697630382930	1697630385016	OK	 
GROUP	XUI_PRL_042_DummyPaymentConfirmation 	1697630382930	1697630385017	2086	OK
REQUEST	XUI_PRL_041_PaymentOption	XUI_PRL_041_005_PaymentOption	1697630385018	1697630390101	KO	substring(Enter card details).find.exists, found nothing
GROUP	XUI_PRL_041_PaymentOption	1697630385017	1697630390113	5083	KO
USER	***** Private Law Create Case *****	END	1697630390116
