ASSERTION	AAECAAIFAAAAAAAAAFlA
RUN	simulations.PRL_Simulation	prl-simulation	1713526028599	 	3.9.5
USER	***** PRL CUI RA Journey *****	START	1713526029407
REQUEST	PRL_CitizenC100_010_PRLHome	PRL_CitizenC100_010_005_PRLHome	1713526029418	1713526029598	OK	 
REQUEST	PRL_CitizenC100_010_PRLHome	PRL_CitizenC100_010_005_PRLHome Redirect 1	1713526029607	1713526029662	OK	 
REQUEST	PRL_CitizenC100_010_PRLHome	PRL_CitizenC100_010_005_PRLHome Redirect 2	1713526029662	1713526029739	OK	 
REQUEST	PRL_CitizenC100_010_PRLHome	PRL_CitizenC100_010_005_PRLHome Redirect 3	1713526029739	1713526029918	OK	 
GROUP	PRL_CitizenC100_010_PRLHome	1713526029408	1713526030689	1204	OK
REQUEST	PRL_CitizenC100_020_Login	PRL_CitizenC100_020_005_Login	1713526030692	1713526030819	OK	 
REQUEST	PRL_CitizenC100_020_Login	PRL_CitizenC100_020_005_Login Redirect 1	1713526030823	1713526031254	OK	 
REQUEST	PRL_CitizenC100_020_Login	PRL_CitizenC100_020_005_Login Redirect 2	1713526031255	1713526032568	OK	 
GROUP	PRL_CitizenC100_020_Login	1713526030690	1713526032868	2161	OK
REQUEST	PRL_CitizenC100_CUIRA_030_SelectCase	PRL_CitizenC100_CUIRA_030_SelectCase	1713526032868	1713526035129	OK	 
REQUEST	PRL_CitizenC100_CUIRA_030_SelectCase	PRL_CitizenC100_CUIRA_030_SelectCase Redirect 1	1713526035130	1713526035321	OK	 
GROUP	PRL_CitizenC100_CUIRA_030_SelectCase	1713526032868	1713526035497	2621	OK
REQUEST	PRL_CitizenC100_CUIRA_030_005_SelectCase	PRL_CitizenC100_CUIRA_030_005_SelectCase	1713526035499	1713526035626	OK	 
GROUP	PRL_CitizenC100_CUIRA_030_005_SelectCase	1713526035497	1713526035722	219	OK
REQUEST	PRL_CitizenC100_CUIRA_040_RAIntro	PRL_CitizenC100_CUIRA_040_RAIntro	1713526035723	1713526036614	OK	 
GROUP	PRL_CitizenC100_CUIRA_040_RAIntro	1713526035722	1713526036760	1030	OK
REQUEST	PRL_CitizenC100_CUIRA_050_RAIntro	PRL_CitizenC100_CUIRA_050_RAIntro	1713526036761	1713526036836	OK	 
REQUEST	PRL_CitizenC100_CUIRA_050_RAIntro	PRL_CitizenC100_CUIRA_050_RAIntro Redirect 1	1713526036838	1713526036923	OK	 
GROUP	PRL_CitizenC100_CUIRA_050_RAIntro	1713526036761	1713526037099	331	OK
REQUEST	PRL_CitizenC100_CUIRA_060_RAIntro	PRL_CitizenC100_CUIRA_060_RAIntro	1713526037100	1713526037217	OK	 
REQUEST	PRL_CitizenC100_CUIRA_060_RAIntro	PRL_CitizenC100_CUIRA_060_RAIntro Redirect 1	1713526037219	1713526037310	OK	 
GROUP	PRL_CitizenC100_CUIRA_060_RAIntro	1713526037099	1713526037483	374	OK
REQUEST	PRL_CitizenC100_CUIRA_070_RAIntro	PRL_CitizenC100_CUIRA_070_RAIntro	1713526037484	1713526038989	OK	 
REQUEST	PRL_CitizenC100_CUIRA_070_RAIntro	PRL_CitizenC100_CUIRA_070_RAIntro Redirect 1	1713526038992	1713526039903	OK	 
REQUEST	PRL_CitizenC100_CUIRA_070_RAIntro	PRL_CitizenC100_CUIRA_070_RAIntro Redirect 2	1713526039904	1713526041690	OK	 
REQUEST	PRL_CitizenC100_CUIRA_070_RAIntro	PRL_CitizenC100_CUIRA_070_RAIntro Redirect 3	1713526041694	1713526041959	OK	 
GROUP	PRL_CitizenC100_CUIRA_070_RAIntro	1713526037483	1713526042232	4733	OK
REQUEST	PRL_CitizenC100_CUIRA_110_SupportRequired	PRL_CitizenC100_CUIRA_110_SupportRequired	1713526042234	1713526042430	OK	 
REQUEST	PRL_CitizenC100_CUIRA_110_SupportRequired	PRL_CitizenC100_CUIRA_110_SupportRequired Redirect 1	1713526042432	1713526042699	OK	 
GROUP	PRL_CitizenC100_CUIRA_110_SupportRequired	1713526042233	1713526042918	676	OK
REQUEST	PRL_CitizenC100_CUIRA_120_BuildingAdjustment	PRL_CitizenC100_CUIRA_120_BuildingAdjustment	1713526042919	1713526043174	OK	 
REQUEST	PRL_CitizenC100_CUIRA_120_BuildingAdjustment	PRL_CitizenC100_CUIRA_120_BuildingAdjustment Redirect 1	1713526043177	1713526043383	OK	 
GROUP	PRL_CitizenC100_CUIRA_120_BuildingAdjustment	1713526042918	1713526043605	677	OK
REQUEST	PRL_CitizenC100_CUIRA_130_CommunicatingandUnderstanding	PRL_CitizenC100_CUIRA_130_CommunicatingandUnderstanding	1713526043606	1713526043823	OK	 
REQUEST	PRL_CitizenC100_CUIRA_130_CommunicatingandUnderstanding	PRL_CitizenC100_CUIRA_130_CommunicatingandUnderstanding Redirect 1	1713526043825	1713526044189	OK	 
GROUP	PRL_CitizenC100_CUIRA_130_CommunicatingandUnderstanding	1713526043605	1713526044346	731	OK
REQUEST	PRL_CitizenC100_CUIRA_140_CommunicatingandUnderstanding	PRL_CitizenC100_CUIRA_140_CommunicatingandUnderstanding	1713526044347	1713526044569	OK	 
REQUEST	PRL_CitizenC100_CUIRA_140_CommunicatingandUnderstanding	PRL_CitizenC100_CUIRA_140_CommunicatingandUnderstanding Redirect 1	1713526044571	1713526044871	OK	 
GROUP	PRL_CitizenC100_CUIRA_140_CommunicatingandUnderstanding	1713526044347	1713526045008	653	OK
REQUEST	PRL_CitizenC100_CUIRA_150_ComfortableDuringHearing	PRL_CitizenC100_CUIRA_150_CommunicatingandUnderstanding	1713526045010	1713526045133	OK	 
REQUEST	PRL_CitizenC100_CUIRA_150_ComfortableDuringHearing	PRL_CitizenC100_CUIRA_150_CommunicatingandUnderstanding Redirect 1	1713526045136	1713526045291	KO	substring(Review the support you've requested).find.exists, found nothing
GROUP	PRL_CitizenC100_CUIRA_150_ComfortableDuringHearing	1713526045008	1713526045311	278	KO
USER	***** PRL CUI RA Journey *****	END	1713526045315
