ASSERTION	AAECAAIFAAAAAAAAAFlA
RUN	simulations.PRL_Simulation	prl-simulation	1706628770157	 	3.9.5
USER	***** PRL Citizen Journey *****	START	1706628770574
REQUEST	PRL_CitizenC100_010_PRLHome	PRL_CitizenC100_010_005_PRLHome	1706628770593	1706628770759	OK	 
REQUEST	PRL_CitizenC100_010_PRLHome	PRL_CitizenC100_010_005_PRLHome Redirect 1	1706628770767	1706628770886	OK	 
REQUEST	PRL_CitizenC100_010_PRLHome	PRL_CitizenC100_010_005_PRLHome Redirect 2	1706628770886	1706628770968	OK	 
REQUEST	PRL_CitizenC100_010_PRLHome	PRL_CitizenC100_010_005_PRLHome Redirect 3	1706628770970	1706628771091	OK	 
GROUP	PRL_CitizenC100_010_PRLHome	1706628770575	1706628771437	771	OK
REQUEST	PRL_CitizenC100_020_Login	PRL_CitizenC100_020_005_Login	1706628771439	1706628771547	OK	 
REQUEST	PRL_CitizenC100_020_Login	PRL_CitizenC100_020_005_Login Redirect 1	1706628771549	1706628772264	OK	 
REQUEST	PRL_CitizenC100_020_Login	PRL_CitizenC100_020_005_Login Redirect 2	1706628772267	1706628774823	OK	 
GROUP	PRL_CitizenC100_020_Login	1706628771437	1706628774979	3530	OK
REQUEST	PRL_CitizenC100_025_ChildArrangementsApplication	PRL_CitizenC100_025_005_ChildArrangementsApplication	1706628774980	1706628775542	OK	 
GROUP	PRL_CitizenC100_025_ChildArrangementsApplication	1706628774979	1706628775734	751	OK
REQUEST	PRL_CitizenC100_030_StartApplication	PRL_CitizenC100_030_005_StartApplication	1706628775735	1706628775996	OK	 
GROUP	PRL_CitizenC100_030_StartApplication	1706628775734	1706628776078	338	OK
REQUEST	PRL_CitizenC100_040_WhatYouWillNeed	PRL_CitizenC100_040_005_WhatYouWillNeed	1706628776078	1706628783529	OK	 
REQUEST	PRL_CitizenC100_040_WhatYouWillNeed	PRL_CitizenC100_040_005_WhatYouWillNeed Redirect 1	1706628783531	1706628783625	OK	 
GROUP	PRL_CitizenC100_040_WhatYouWillNeed	1706628776078	1706628783704	7609	OK
REQUEST	PRL_CitizenC100_050_CaseName	PRL_CitizenC100_050_005_CaseName	1706628783705	1706628783743	OK	 
REQUEST	PRL_CitizenC100_050_CaseName	PRL_CitizenC100_050_005_CaseName Redirect 1	1706628783744	1706628783790	OK	 
GROUP	PRL_CitizenC100_050_CaseName	1706628783704	1706628783867	153	OK
REQUEST	PRL_CitizenC100_060_ChildrenPostCode	PRL_CitizenC100_060_005_ChildrenPostCode	1706628783870	1706628783902	OK	 
REQUEST	PRL_CitizenC100_060_ChildrenPostCode	PRL_CitizenC100_060_005_ChildrenPostCode Redirect 1	1706628783905	1706628783986	OK	 
GROUP	PRL_CitizenC100_060_ChildrenPostCode	1706628783868	1706628784054	175	OK
REQUEST	PRL_CitizenC100_070_WrittenAgreement	PRL_CitizenC100_070_005_WrittenAgreement	1706628784056	1706628784095	OK	 
REQUEST	PRL_CitizenC100_070_WrittenAgreement	PRL_CitizenC100_070_005_WrittenAgreement Redirect 1	1706628784096	1706628784160	OK	 
GROUP	PRL_CitizenC100_070_WrittenAgreement	1706628784055	1706628784230	166	OK
REQUEST	PRL_CitizenC100_080_BeforeCourt	PRL_CitizenC100_080_005_BeforeCourt	1706628784231	1706628784267	OK	 
REQUEST	PRL_CitizenC100_080_BeforeCourt	PRL_CitizenC100_080_005_BeforeCourt Redirect 1	1706628784272	1706628784350	OK	 
GROUP	PRL_CitizenC100_080_BeforeCourt	1706628784230	1706628784416	171	OK
REQUEST	PRL_CitizenC100_090_ReachAgreement	PRL_CitizenC100_090_005_ReachAgreement	1706628784418	1706628784462	OK	 
REQUEST	PRL_CitizenC100_090_ReachAgreement	PRL_CitizenC100_090_005_ReachAgreement Redirect 1	1706628784464	1706628784531	OK	 
GROUP	PRL_CitizenC100_090_ReachAgreement	1706628784416	1706628784611	183	OK
REQUEST	PRL_CitizenC100_100_LegalRep	PRL_CitizenC100_100_005_LegalRep	1706628784612	1706628784644	OK	 
REQUEST	PRL_CitizenC100_100_LegalRep	PRL_CitizenC100_100_005_LegalRep Redirect 1	1706628784646	1706628784724	OK	 
GROUP	PRL_CitizenC100_100_LegalRep	1706628784611	1706628784809	185	OK
REQUEST	PRL_CitizenC100_110_PermissionFromCourt	PRL_CitizenC100_110_005_PermissionFromCourt	1706628784810	1706628784847	OK	 
REQUEST	PRL_CitizenC100_110_PermissionFromCourt	PRL_CitizenC100_110_005_PermissionFromCourt Redirect 1	1706628784848	1706628784960	OK	 
GROUP	PRL_CitizenC100_110_PermissionFromCourt	1706628784809	1706628785055	236	OK
REQUEST	PRL_CitizenC100_120_WhyPermissionFromCourt	PRL_CitizenC100_120_005_WhyPermissionFromCourt	1706628785055	1706628785090	OK	 
REQUEST	PRL_CitizenC100_120_WhyPermissionFromCourt	PRL_CitizenC100_120_005_WhyPermissionFromCourt Redirect 1	1706628785090	1706628785167	OK	 
GROUP	PRL_CitizenC100_120_WhyPermissionFromCourt	1706628785055	1706628785233	174	OK
REQUEST	PRL_CitizenC100_130_WhyCourtShouldGrant	PRL_CitizenC100_130_005_WhyCourtShouldGrant	1706628785234	1706628785267	OK	 
REQUEST	PRL_CitizenC100_130_WhyCourtShouldGrant	PRL_CitizenC100_130_005_WhyCourtShouldGrant Redirect 1	1706628785268	1706628785338	OK	 
GROUP	PRL_CitizenC100_130_WhyCourtShouldGrant	1706628785233	1706628785414	173	OK
REQUEST	PRL_CitizenC100_140_InvolvedInEmergencyProtection	PRL_CitizenC100_140_005_InvolvedInEmergencyProtection	1706628785417	1706628785450	OK	 
REQUEST	PRL_CitizenC100_140_InvolvedInEmergencyProtection	PRL_CitizenC100_140_005_InvolvedInEmergencyProtection Redirect 1	1706628785452	1706628785533	OK	 
GROUP	PRL_CitizenC100_140_InvolvedInEmergencyProtection	1706628785415	1706628785612	184	OK
REQUEST	PRL_CitizenC100_150_AttendingMIAM	PRL_CitizenC100_150_005_AttendingMIAM	1706628785613	1706628785649	OK	 
REQUEST	PRL_CitizenC100_150_AttendingMIAM	PRL_CitizenC100_150_005_AttendingMIAM Redirect 1	1706628785651	1706628785729	OK	 
GROUP	PRL_CitizenC100_150_AttendingMIAM	1706628785612	1706628785787	171	OK
REQUEST	PRL_CitizenC100_160_AttendedMIAM	PRL_CitizenC100_160_005_AttendedMIAM	1706628785787	1706628785829	OK	 
REQUEST	PRL_CitizenC100_160_AttendedMIAM	PRL_CitizenC100_160_005_AttendedMIAM Redirect 1	1706628785829	1706628785916	OK	 
GROUP	PRL_CitizenC100_160_AttendedMIAM	1706628785787	1706628785986	192	OK
REQUEST	PRL_CitizenC100_170_DocumentSigned	PRL_CitizenC100_170_005_DocumentSigned	1706628785987	1706628786016	OK	 
REQUEST	PRL_CitizenC100_170_DocumentSigned	PRL_CitizenC100_170_005_DocumentSigned Redirect 1	1706628786016	1706628786131	OK	 
GROUP	PRL_CitizenC100_170_DocumentSigned	1706628785986	1706628786442	439	OK
REQUEST	PRL_CitizenC100_180_MIAMUpload	PRL_CitizenC100_180_005_MIAMUpload	1706628786471	1706628789551	OK	 
REQUEST	PRL_CitizenC100_180_MIAMUpload	PRL_CitizenC100_180_005_MIAMUpload Redirect 1	1706628789552	1706628789617	OK	 
GROUP	PRL_CitizenC100_180_MIAMUpload	1706628786442	1706628789683	3205	OK
REQUEST	PRL_CitizenC100_190_MIAMUploadSubmit	PRL_CitizenC100_190_005_MIAMUploadSubmit	1706628789684	1706628789716	OK	 
REQUEST	PRL_CitizenC100_190_MIAMUploadSubmit	PRL_CitizenC100_190_005_MIAMUploadSubmit Redirect 1	1706628789717	1706628789880	OK	 
GROUP	PRL_CitizenC100_190_MIAMUploadSubmit	1706628789683	1706628789941	251	OK
REQUEST	PRL_CitizenC100_200_MIAMUploadContinue	PRL_CitizenC100_200_005_MIAMUploadContinue	1706628789942	1706628789977	OK	 
REQUEST	PRL_CitizenC100_200_MIAMUploadContinue	PRL_CitizenC100_200_005_MIAMUploadContinue Redirect 1	1706628789978	1706628790076	OK	 
GROUP	PRL_CitizenC100_200_MIAMUploadContinue	1706628789941	1706628790167	221	OK
REQUEST	PRL_CitizenC100_210_AskingCourtToDo	PRL_CitizenC100_210_005_AskingCourtToDo	1706628790167	1706628790202	OK	 
REQUEST	PRL_CitizenC100_210_AskingCourtToDo	PRL_CitizenC100_210_005_AskingCourtToDo Redirect 1	1706628790203	1706628790288	OK	 
GROUP	PRL_CitizenC100_210_AskingCourtToDo	1706628790167	1706628790494	320	OK
REQUEST	PRL_CitizenC100_220_WouldLikeCourtTo	PRL_CitizenC100_220_005_WouldLikeCourtTo	1706628790494	1706628790524	OK	 
REQUEST	PRL_CitizenC100_220_WouldLikeCourtTo	PRL_CitizenC100_220_005_WouldLikeCourtTo Redirect 1	1706628790525	1706628790587	OK	 
GROUP	PRL_CitizenC100_220_WouldLikeCourtTo	1706628790494	1706628790648	148	OK
REQUEST	PRL_CitizenC100_230_DescribeWhatCourt	PRL_CitizenC100_230_005_DescribeWhatCourt	1706628790649	1706628790681	OK	 
REQUEST	PRL_CitizenC100_230_DescribeWhatCourt	PRL_CitizenC100_230_005_DescribeWhatCourt Redirect 1	1706628790681	1706628790751	OK	 
GROUP	PRL_CitizenC100_230_DescribeWhatCourt	1706628790648	1706628790820	169	OK
REQUEST	PRL_CitizenC100_240_UrgentFirstHearing	PRL_CitizenC100_240_005_UrgentFirstHearing	1706628790820	1706628790856	OK	 
REQUEST	PRL_CitizenC100_240_UrgentFirstHearing	PRL_CitizenC100_240_005_UrgentFirstHearing Redirect 1	1706628790856	1706628790925	OK	 
GROUP	PRL_CitizenC100_240_UrgentFirstHearing	1706628790820	1706628790983	159	OK
REQUEST	PRL_CitizenC100_250_UrgentHearingDetails	PRL_CitizenC100_250_005_UrgentHearingDetails	1706628790983	1706628791018	OK	 
REQUEST	PRL_CitizenC100_250_UrgentHearingDetails	PRL_CitizenC100_250_005_UrgentHearingDetails Redirect 1	1706628791019	1706628791101	OK	 
GROUP	PRL_CitizenC100_250_UrgentHearingDetails	1706628790983	1706628791159	173	OK
REQUEST	PRL_CitizenC100_260_AskingForWithoutNotice	PRL_CitizenC100_260_005_AskingForWithoutNotice	1706628791161	1706628791198	OK	 
REQUEST	PRL_CitizenC100_260_AskingForWithoutNotice	PRL_CitizenC100_260_005_AskingForWithoutNotice Redirect 1	1706628791199	1706628791360	OK	 
GROUP	PRL_CitizenC100_260_AskingForWithoutNotice	1706628791160	1706628791432	265	OK
REQUEST	PRL_CitizenC100_270_WithoutNoticeDetails	PRL_CitizenC100_270_005_WithoutNoticeDetails	1706628791434	1706628791467	OK	 
REQUEST	PRL_CitizenC100_270_WithoutNoticeDetails	PRL_CitizenC100_270_005_WithoutNoticeDetails Redirect 1	1706628791468	1706628791532	OK	 
GROUP	PRL_CitizenC100_270_WithoutNoticeDetails	1706628791432	1706628791587	151	OK
REQUEST	PRL_CitizenC100_280_ChildrenName	PRL_CitizenC100_280_005_ChildrenName	1706628791587	1706628791619	OK	 
GROUP	PRL_CitizenC100_280_ChildrenName	1706628791587	1706628791626	32	OK
REQUEST	PRL_CitizenC100_285_ChildrenNameRedirect	PRL_CitizenC100_280_005_ChildrenName	1706628791627	1706628791748	OK	 
REQUEST	PRL_CitizenC100_285_ChildrenNameRedirect	PRL_CitizenC100_280_005_ChildrenName Redirect 1	1706628791750	1706628791836	OK	 
REQUEST	PRL_CitizenC100_285_ChildrenNameRedirect	PRL_CitizenC100_280_005_ChildrenName Redirect 2	1706628791838	1706628793977	KO	substring(Provide details for).find.exists, found nothing
GROUP	PRL_CitizenC100_285_ChildrenNameRedirect	1706628791626	1706628793995	2346	KO
USER	***** PRL Citizen Journey *****	END	1706628793999
