ASSERTION	AAECAAMFAAAAAAAAAFlA
RUN	simulations.PRL_Simulation	prl-simulation	1686668068516	 	3.3.1
USER	***** Private Law Create Case *****	1	START	1686668068807	1686668068807
REQUEST	1	XUI_010_Homepage	XUI_010_005_Homepage	1686668068823	1686668069840	OK	 
REQUEST	1	XUI_010_Homepage	XUI_Common_000_ConfigurationUI	1686668069873	1686668078926	OK	 
REQUEST	1	XUI_010_Homepage	XUI_Common_000_ConfigJson	1686668078934	1686668080057	OK	 
REQUEST	1	XUI_010_Homepage	XUI_Common_000_TsAndCs	1686668080061	1686668080539	OK	 
REQUEST	1	XUI_010_Homepage	XUI_Common_000_ConfigUI	1686668080542	1686668080954	OK	 
REQUEST	1	XUI_010_Homepage	XUI_Common_000_UserDetails	1686668080957	1686668081582	OK	 
REQUEST	1	XUI_010_Homepage	XUI_Common_000_IsAuthenticated	1686668081584	1686668081766	OK	 
REQUEST	1	XUI_010_Homepage	XUI_010_010_AuthLogin	1686668081770	1686668082719	OK	 
REQUEST	1	XUI_010_Homepage	XUI_010_010_AuthLogin Redirect 1	1686668082727	1686668083800	OK	 
REQUEST	1	XUI_010_Homepage	XUI_010_010_AuthLogin Redirect 2	1686668083805	1686668085546	OK	 
GROUP	1	XUI_010_Homepage	1686668068816	1686668087826	18880	OK
REQUEST	1	XUI_020_Login	XUI_020_005_Login	1686668087828	1686668088136	OK	 
REQUEST	1	XUI_020_Login	XUI_020_005_Login Redirect 1	1686668088138	1686668090845	OK	 
REQUEST	1	XUI_020_Login	XUI_020_005_Login Redirect 2	1686668090846	1686668091107	OK	 
REQUEST	1	XUI_020_Login	XUI_Common_000_ConfigurationUI	1686668127487	1686668127532	OK	 
REQUEST	1	XUI_020_Login	XUI_Common_000_ConfigJson	1686668127533	1686668127736	OK	 
REQUEST	1	XUI_020_Login	XUI_Common_000_TsAndCs	1686668127737	1686668127817	OK	 
REQUEST	1	XUI_020_Login	XUI_Common_000_ConfigUI	1686668127818	1686668127864	OK	 
REQUEST	1	XUI_020_Login	XUI_Common_000_UserDetails	1686668127864	1686668128336	OK	 
REQUEST	1	XUI_020_Login	XUI_Common_000_IsAuthenticated	1686668128338	1686668128393	OK	 
REQUEST	1	XUI_020_Login	XUI_Common_000_MonitoringTools	1686668128394	1686668128628	OK	 
GROUP	1	XUI_020_Login	1686668087826	1686668128645	40787	OK
REQUEST	1	XUI_PRL_030_SelectCase	XUI_PRL_040_005_SelectIssue	1686668128653	1686668129537	KO	jsonPath($.event_token).find.exists, found nothing
GROUP	1	XUI_PRL_030_SelectCase	1686668128645	1686668129541	884	KO
USER	***** Private Law Create Case *****	1	END	1686668068807	1686668129544
