ASSERTION	AAECAAIFAAAAAAAAAFlA
RUN	simulations.PRL_Simulation	prl-simulation	1704890612155	 	3.9.5
USER	***** PRL Citizen Journey *****	START	1704890612967
REQUEST	XUI_010_Homepage	XUI_010_005_Homepage	1704890612974	1704890613331	OK	 
REQUEST	XUI_010_Homepage	XUI_Common_000_ConfigurationUI	1704890616907	1704890617031	OK	 
REQUEST	XUI_010_Homepage	XUI_Common_000_ConfigJson	1704890617033	1704890617147	OK	 
REQUEST	XUI_010_Homepage	XUI_Common_000_TsAndCs	1704890617148	1704890617263	OK	 
REQUEST	XUI_010_Homepage	XUI_Common_000_ConfigUI	1704890617264	1704890617384	OK	 
REQUEST	XUI_010_Homepage	XUI_Common_000_UserDetails	1704890617385	1704890617456	OK	 
REQUEST	XUI_010_Homepage	XUI_Common_000_IsAuthenticated	1704890617456	1704890617539	OK	 
REQUEST	XUI_010_Homepage	XUI_010_010_AuthLogin	1704890617541	1704890617627	OK	 
REQUEST	XUI_010_Homepage	XUI_010_010_AuthLogin Redirect 1	1704890617629	1704890617934	OK	 
REQUEST	XUI_010_Homepage	XUI_010_010_AuthLogin Redirect 2	1704890617935	1704890618074	OK	 
GROUP	XUI_010_Homepage	1704890612968	1704890618691	5649	OK
REQUEST	XUI_020_Login	XUI_020_005_Login	1704890618694	1704890618965	OK	 
REQUEST	XUI_020_Login	XUI_020_005_Login Redirect 1	1704890618965	1704890619590	OK	 
REQUEST	XUI_020_Login	XUI_020_005_Login Redirect 2	1704890619593	1704890619705	OK	 
REQUEST	XUI_020_Login	XUI_Common_000_ConfigurationUI	1704890626138	1704890626223	OK	 
REQUEST	XUI_020_Login	XUI_Common_000_ConfigJson	1704890626224	1704890626305	OK	 
REQUEST	XUI_020_Login	XUI_Common_000_TsAndCs	1704890626305	1704890626405	OK	 
REQUEST	XUI_020_Login	XUI_Common_000_ConfigUI	1704890626406	1704890626499	OK	 
REQUEST	XUI_020_Login	XUI_Common_000_UserDetails	1704890626501	1704890627391	OK	 
REQUEST	XUI_020_Login	XUI_Common_000_IsAuthenticated	1704890627393	1704890627526	OK	 
REQUEST	XUI_020_Login	XUI_Common_000_MonitoringTools	1704890627528	1704890627616	OK	 
GROUP	XUI_020_Login	1704890618691	1704890627661	8909	OK
REQUEST	XUI_PRL_030_CreateCaseStart	XUI_PRL_030_005_CreateCaseStart	1704890627664	1704890629680	OK	 
GROUP	XUI_PRL_030_CreateCaseStart	1704890627662	1704890629697	2016	OK
REQUEST	XUI_PRL_031_Type_Of_Application	XUI_PRL_031_005_Type_Of_Application	1704890629701	1704890630978	OK	 
GROUP	XUI_PRL_031_Type_Of_Application	1704890629697	1704890630978	1277	OK
REQUEST	XUI_PRL_032_ApplicationCheckYourAnswers	XUI_PRL_032_005_ApplicationCheckYourAnswers	1704890630979	1704890642275	OK	 
GROUP	XUI_PRL_032_ApplicationCheckYourAnswers	1704890630978	1704890642288	11296	OK
REQUEST	XUI_PRL_033_ApplicationDetails	XUI_PRL_033_005_ApplicationDetails	1704890642288	1704890644629	OK	 
GROUP	XUI_PRL_033_ApplicationDetails	1704890642288	1704890644671	2341	OK
REQUEST	XUI_PRL_034_EnterApplicationDetails	XUI_PRL_034_005_EnterApplicationDetails	1704890644672	1704890645443	OK	 
GROUP	XUI_PRL_034_EnterApplicationDetails	1704890644671	1704890645444	771	OK
REQUEST	XUI_PRL_035_SubmitApplicationDetails	XUI_PRL_035_005_SubmitApplicationDetails	1704890645445	1704890652675	OK	 
GROUP	XUI_PRL_035_SubmitApplicationDetails	1704890645444	1704890652676	7230	OK
REQUEST	XUI_PRL_036_SubmitAndPay	XUI_PRL_036_005_SubmitAndPay	1704890652676	1704890661331	OK	 
GROUP	XUI_PRL_036_SubmitAndPay	1704890652676	1704890661338	8655	OK
REQUEST	XUI_PRL_037_ConfidentialityStatement	XUI_PRL_037_005_ConfidentialityStatement	1704890661339	1704890662029	OK	 
GROUP	XUI_PRL_037_ConfidentialityStatement	1704890661338	1704890662029	690	OK
REQUEST	XUI_PRL_038_Declaration	XUI_PRL_038_005_Declaration	1704890662029	1704890663294	OK	 
GROUP	XUI_PRL_038_Declaration	1704890662029	1704890663295	1265	OK
REQUEST	XUI_PRL_039_Continue	XUI_PRL_039_005_Continue	1704890663296	1704890666514	OK	 
GROUP	XUI_PRL_039_Continue	1704890663295	1704890666517	3218	OK
REQUEST	XUI_PRL_040_Continue	XUI_PRL_039_005_Continue	1704890666517	1704890677294	OK	 
GROUP	XUI_PRL_040_Continue	1704890666517	1704890677296	10777	OK
REQUEST	XUI_PRL_041_DummyPaymentConfirmation 	XUI_PRL_041_005_DummyPaymentConfirmation 	1704890677296	1704890678772	OK	 
GROUP	XUI_PRL_041_DummyPaymentConfirmation 	1704890677296	1704890678773	1476	OK
REQUEST	XUI_PRL_042_PaymentOption	XUI_PRL_042_005_PaymentOption	1704890678773	1704890679590	OK	 
GROUP	XUI_PRL_042_PaymentOption	1704890678773	1704890679592	817	OK
REQUEST	XUI_PRL_043_PaymentOption	XUI_PRL_043_005_PaymentOption	1704890679592	1704890679995	OK	 
REQUEST	XUI_PRL_043_PaymentOption	XUI_PRL_043_005_PaymentOption Redirect 1	1704890679996	1704890680175	OK	 
GROUP	XUI_PRL_043_PaymentOption	1704890679592	1704890680752	1149	OK
REQUEST	XUI_PRL_044_CardDetails	XUI_PRL_044_005_CardDetails	1704890680753	1704890680937	OK	 
REQUEST	XUI_PRL_044_CardDetails	XUI_PRL_044_005_CardDetails Redirect 1	1704890680939	1704890681073	OK	 
GROUP	XUI_PRL_044_CardDetails	1704890680752	1704890681076	319	OK
REQUEST	XUI_PRL_045_ConfirmPayment	XUI_PRL_045_005_ConfirmPayment	1704890681077	1704890681212	OK	 
REQUEST	XUI_PRL_045_ConfirmPayment	XUI_PRL_045_005_ConfirmPayment Redirect 1	1704890681214	1704890681300	OK	 
REQUEST	XUI_PRL_045_ConfirmPayment	XUI_PRL_045_005_ConfirmPayment Redirect 2	1704890681304	1704890684158	OK	 
GROUP	XUI_PRL_045_ConfirmPayment	1704890681076	1704890684576	3480	OK
REQUEST	XUI_010_Homepage	XUI_010_005_Homepage	1704890684576	1704890684648	OK	 
REQUEST	XUI_010_Homepage	XUI_Common_000_ConfigurationUI	1704890688480	1704890688571	OK	 
REQUEST	XUI_010_Homepage	XUI_Common_000_ConfigJson	1704890688572	1704890688660	OK	 
REQUEST	XUI_010_Homepage	XUI_Common_000_TsAndCs	1704890688661	1704890688759	OK	 
REQUEST	XUI_010_Homepage	XUI_Common_000_ConfigUI	1704890688759	1704890689177	OK	 
REQUEST	XUI_010_Homepage	XUI_Common_000_UserDetails	1704890689177	1704890689266	OK	 
REQUEST	XUI_010_Homepage	XUI_Common_000_IsAuthenticated	1704890689267	1704890689351	OK	 
REQUEST	XUI_010_Homepage	XUI_010_010_AuthLogin	1704890689352	1704890689429	OK	 
REQUEST	XUI_010_Homepage	XUI_010_010_AuthLogin Redirect 1	1704890689430	1704890689659	OK	 
REQUEST	XUI_010_Homepage	XUI_010_010_AuthLogin Redirect 2	1704890689660	1704890689823	OK	 
GROUP	XUI_010_Homepage	1704890684576	1704890690479	5891	OK
REQUEST	XUI_020_Login	XUI_020_005_Login	1704890690479	1704890690705	OK	 
REQUEST	XUI_020_Login	XUI_020_005_Login Redirect 1	1704890690706	1704890692387	OK	 
REQUEST	XUI_020_Login	XUI_020_005_Login Redirect 2	1704890692387	1704890692494	OK	 
REQUEST	XUI_020_Login	XUI_Common_000_ConfigurationUI	1704890696277	1704890696355	OK	 
REQUEST	XUI_020_Login	XUI_Common_000_ConfigJson	1704890696357	1704890696455	OK	 
REQUEST	XUI_020_Login	XUI_Common_000_TsAndCs	1704890696456	1704890696557	OK	 
REQUEST	XUI_020_Login	XUI_Common_000_ConfigUI	1704890696558	1704890696649	OK	 
REQUEST	XUI_020_Login	XUI_Common_000_UserDetails	1704890696650	1704890697141	OK	 
REQUEST	XUI_020_Login	XUI_Common_000_IsAuthenticated	1704890697143	1704890697211	OK	 
REQUEST	XUI_020_Login	XUI_Common_000_MonitoringTools	1704890697213	1704890697304	OK	 
GROUP	XUI_020_Login	1704890690479	1704890697305	6815	OK
REQUEST	XUI_PRL_030_TaskTab	XUI_PRL_030_005_SelectIssue	1704890697305	1704890729210	KO	status.find.in([200, 209], 304), found 504
GROUP	XUI_PRL_030_TaskTab	1704890697305	1704890729214	31905	KO
USER	***** PRL Citizen Journey *****	END	1704890729219
