ASSERTION	AAECAAIFAAAAAAAAAFlA
RUN	simulations.PRL_Simulation	prl-simulation	1711461018609	 	3.9.5
USER	***** PRL Citizen Journey *****	START	1711461019198
REQUEST	PRL_CitizenC100_010_PRLHome	PRL_CitizenC100_010_005_PRLHome	1711461019219	1711461019431	OK	 
REQUEST	PRL_CitizenC100_010_PRLHome	PRL_CitizenC100_010_005_PRLHome Redirect 1	1711461019439	1711461019565	OK	 
REQUEST	PRL_CitizenC100_010_PRLHome	PRL_CitizenC100_010_005_PRLHome Redirect 2	1711461019565	1711461019690	OK	 
REQUEST	PRL_CitizenC100_010_PRLHome	PRL_CitizenC100_010_005_PRLHome Redirect 3	1711461019691	1711461019821	OK	 
GROUP	PRL_CitizenC100_010_PRLHome	1711461019199	1711461020155	866	OK
REQUEST	PRL_CitizenC100_020_Login	PRL_CitizenC100_020_005_Login	1711461020156	1711461020258	OK	 
REQUEST	PRL_CitizenC100_020_Login	PRL_CitizenC100_020_005_Login Redirect 1	1711461020259	1711461020695	OK	 
REQUEST	PRL_CitizenC100_020_Login	PRL_CitizenC100_020_005_Login Redirect 2	1711461020696	1711461023373	OK	 
GROUP	PRL_CitizenC100_020_Login	1711461020155	1711461023668	3498	OK
REQUEST	PRL_CitizenC100_025_ChildArrangementsApplication	PRL_CitizenC100_025_005_ChildArrangementsApplication	1711461023669	1711461024160	OK	 
GROUP	PRL_CitizenC100_025_ChildArrangementsApplication	1711461023668	1711461024315	637	OK
REQUEST	PRL_CitizenC100_030_StartApplication	PRL_CitizenC100_030_005_StartApplication	1711461024315	1711461024669	OK	 
GROUP	PRL_CitizenC100_030_StartApplication	1711461024315	1711461024806	489	OK
REQUEST	PRL_CitizenC100_040_WhatYouWillNeed	PRL_CitizenC100_040_005_WhatYouWillNeed	1711461024807	1711461032355	OK	 
REQUEST	PRL_CitizenC100_040_WhatYouWillNeed	PRL_CitizenC100_040_005_WhatYouWillNeed Redirect 1	1711461032357	1711461032521	OK	 
GROUP	PRL_CitizenC100_040_WhatYouWillNeed	1711461024806	1711461032701	7874	OK
REQUEST	PRL_CitizenC100_060_ChildrenPostCode	PRL_CitizenC100_060_005_ChildrenPostCode	1711461032703	1711461032751	OK	 
REQUEST	PRL_CitizenC100_060_ChildrenPostCode	PRL_CitizenC100_060_005_ChildrenPostCode Redirect 1	1711461032752	1711461032909	OK	 
GROUP	PRL_CitizenC100_060_ChildrenPostCode	1711461032702	1711461033040	331	OK
REQUEST	PRL_CitizenC100_070_WrittenAgreement	PRL_CitizenC100_070_005_WrittenAgreement	1711461033041	1711461033120	OK	 
REQUEST	PRL_CitizenC100_070_WrittenAgreement	PRL_CitizenC100_070_005_WrittenAgreement Redirect 1	1711461033121	1711461033279	OK	 
GROUP	PRL_CitizenC100_070_WrittenAgreement	1711461033041	1711461033416	366	OK
REQUEST	PRL_CitizenC100_080_BeforeCourt	PRL_CitizenC100_080_005_BeforeCourt	1711461033418	1711461033470	OK	 
REQUEST	PRL_CitizenC100_080_BeforeCourt	PRL_CitizenC100_080_005_BeforeCourt Redirect 1	1711461033471	1711461033611	OK	 
GROUP	PRL_CitizenC100_080_BeforeCourt	1711461033417	1711461033743	317	OK
REQUEST	PRL_CitizenC100_090_ReachAgreement	PRL_CitizenC100_090_005_ReachAgreement	1711461033744	1711461033786	OK	 
REQUEST	PRL_CitizenC100_090_ReachAgreement	PRL_CitizenC100_090_005_ReachAgreement Redirect 1	1711461033787	1711461033937	OK	 
GROUP	PRL_CitizenC100_090_ReachAgreement	1711461033743	1711461034053	304	OK
REQUEST	PRL_CitizenC100_100_LegalRep	PRL_CitizenC100_100_005_LegalRep	1711461034054	1711461034094	OK	 
REQUEST	PRL_CitizenC100_100_LegalRep	PRL_CitizenC100_100_005_LegalRep Redirect 1	1711461034095	1711461034253	OK	 
GROUP	PRL_CitizenC100_100_LegalRep	1711461034053	1711461034367	310	OK
REQUEST	PRL_CitizenC100_110_PermissionFromCourt	PRL_CitizenC100_110_005_PermissionFromCourt	1711461034368	1711461034409	OK	 
REQUEST	PRL_CitizenC100_110_PermissionFromCourt	PRL_CitizenC100_110_005_PermissionFromCourt Redirect 1	1711461034411	1711461034568	OK	 
GROUP	PRL_CitizenC100_110_PermissionFromCourt	1711461034367	1711461034683	308	OK
REQUEST	PRL_CitizenC100_120_WhyPermissionFromCourt	PRL_CitizenC100_120_005_WhyPermissionFromCourt	1711461034684	1711461034757	OK	 
REQUEST	PRL_CitizenC100_120_WhyPermissionFromCourt	PRL_CitizenC100_120_005_WhyPermissionFromCourt Redirect 1	1711461034761	1711461034876	OK	 
GROUP	PRL_CitizenC100_120_WhyPermissionFromCourt	1711461034683	1711461034995	299	OK
REQUEST	PRL_CitizenC100_130_WhyCourtShouldGrant	PRL_CitizenC100_130_005_WhyCourtShouldGrant	1711461034997	1711461035037	OK	 
REQUEST	PRL_CitizenC100_130_WhyCourtShouldGrant	PRL_CitizenC100_130_005_WhyCourtShouldGrant Redirect 1	1711461035039	1711461035200	OK	 
GROUP	PRL_CitizenC100_130_WhyCourtShouldGrant	1711461034995	1711461035322	315	OK
REQUEST	PRL_CitizenC100_140_InvolvedInEmergencyProtection	PRL_CitizenC100_140_005_InvolvedInEmergencyProtection	1711461035324	1711461035362	OK	 
REQUEST	PRL_CitizenC100_140_InvolvedInEmergencyProtection	PRL_CitizenC100_140_005_InvolvedInEmergencyProtection Redirect 1	1711461035363	1711461035478	OK	 
GROUP	PRL_CitizenC100_140_InvolvedInEmergencyProtection	1711461035322	1711461035593	261	OK
REQUEST	PRL_CitizenC100_150_AttendingMIAM	PRL_CitizenC100_150_005_AttendingMIAM	1711461035595	1711461035637	OK	 
REQUEST	PRL_CitizenC100_150_AttendingMIAM	PRL_CitizenC100_150_005_AttendingMIAM Redirect 1	1711461035639	1711461035744	OK	 
GROUP	PRL_CitizenC100_150_AttendingMIAM	1711461035593	1711461035864	262	OK
REQUEST	PRL_CitizenC100_160_AttendedMIAM	PRL_CitizenC100_160_005_AttendedMIAM	1711461035865	1711461035903	OK	 
REQUEST	PRL_CitizenC100_160_AttendedMIAM	PRL_CitizenC100_160_005_AttendedMIAM Redirect 1	1711461035904	1711461036061	OK	 
GROUP	PRL_CitizenC100_160_AttendedMIAM	1711461035864	1711461036182	312	OK
REQUEST	PRL_CitizenC100_170_DocumentSigned	PRL_CitizenC100_170_005_DocumentSigned	1711461036183	1711461036221	OK	 
REQUEST	PRL_CitizenC100_170_DocumentSigned	PRL_CitizenC100_170_005_DocumentSigned Redirect 1	1711461036222	1711461036350	OK	 
GROUP	PRL_CitizenC100_170_DocumentSigned	1711461036182	1711461036466	273	OK
REQUEST	PRL_CitizenC100_180_MIAMUpload	PRL_CitizenC100_180_005_MIAMUpload	1711461036488	1711461038905	OK	 
REQUEST	PRL_CitizenC100_180_MIAMUpload	PRL_CitizenC100_180_005_MIAMUpload Redirect 1	1711461038906	1711461038966	OK	 
GROUP	PRL_CitizenC100_180_MIAMUpload	1711461036466	1711461039135	2640	OK
REQUEST	PRL_CitizenC100_190_MIAMUploadSubmit	PRL_CitizenC100_190_005_MIAMUploadSubmit	1711461039136	1711461039179	OK	 
REQUEST	PRL_CitizenC100_190_MIAMUploadSubmit	PRL_CitizenC100_190_005_MIAMUploadSubmit Redirect 1	1711461039180	1711461039355	OK	 
GROUP	PRL_CitizenC100_190_MIAMUploadSubmit	1711461039135	1711461039485	344	OK
REQUEST	PRL_CitizenC100_200_MIAMUploadContinue	PRL_CitizenC100_200_005_MIAMUploadContinue	1711461039486	1711461039522	OK	 
REQUEST	PRL_CitizenC100_200_MIAMUploadContinue	PRL_CitizenC100_200_005_MIAMUploadContinue Redirect 1	1711461039522	1711461039633	OK	 
GROUP	PRL_CitizenC100_200_MIAMUploadContinue	1711461039485	1711461039760	271	OK
REQUEST	PRL_CitizenC100_210_AskingCourtToDo	PRL_CitizenC100_210_005_AskingCourtToDo	1711461039762	1711461039801	OK	 
REQUEST	PRL_CitizenC100_210_AskingCourtToDo	PRL_CitizenC100_210_005_AskingCourtToDo Redirect 1	1711461039802	1711461039922	OK	 
GROUP	PRL_CitizenC100_210_AskingCourtToDo	1711461039761	1711461040036	268	OK
REQUEST	PRL_CitizenC100_220_WouldLikeCourtTo	PRL_CitizenC100_220_005_WouldLikeCourtTo	1711461040037	1711461040077	OK	 
REQUEST	PRL_CitizenC100_220_WouldLikeCourtTo	PRL_CitizenC100_220_005_WouldLikeCourtTo Redirect 1	1711461040078	1711461040195	OK	 
GROUP	PRL_CitizenC100_220_WouldLikeCourtTo	1711461040036	1711461040311	269	OK
REQUEST	PRL_CitizenC100_230_DescribeWhatCourt	PRL_CitizenC100_230_005_DescribeWhatCourt	1711461040313	1711461040352	OK	 
REQUEST	PRL_CitizenC100_230_DescribeWhatCourt	PRL_CitizenC100_230_005_DescribeWhatCourt Redirect 1	1711461040354	1711461040464	OK	 
GROUP	PRL_CitizenC100_230_DescribeWhatCourt	1711461040311	1711461040577	256	OK
REQUEST	PRL_CitizenC100_240_UrgentFirstHearing	PRL_CitizenC100_240_005_UrgentFirstHearing	1711461040578	1711461040620	OK	 
REQUEST	PRL_CitizenC100_240_UrgentFirstHearing	PRL_CitizenC100_240_005_UrgentFirstHearing Redirect 1	1711461040621	1711461040730	OK	 
GROUP	PRL_CitizenC100_240_UrgentFirstHearing	1711461040577	1711461040847	262	OK
REQUEST	PRL_CitizenC100_250_UrgentHearingDetails	PRL_CitizenC100_250_005_UrgentHearingDetails	1711461040848	1711461040887	OK	 
REQUEST	PRL_CitizenC100_250_UrgentHearingDetails	PRL_CitizenC100_250_005_UrgentHearingDetails Redirect 1	1711461040888	1711461040995	OK	 
GROUP	PRL_CitizenC100_250_UrgentHearingDetails	1711461040847	1711461041112	259	OK
REQUEST	PRL_CitizenC100_260_AskingForWithoutNotice	PRL_CitizenC100_260_005_AskingForWithoutNotice	1711461041113	1711461041153	OK	 
REQUEST	PRL_CitizenC100_260_AskingForWithoutNotice	PRL_CitizenC100_260_005_AskingForWithoutNotice Redirect 1	1711461041154	1711461041303	OK	 
GROUP	PRL_CitizenC100_260_AskingForWithoutNotice	1711461041112	1711461041423	302	OK
REQUEST	PRL_CitizenC100_270_WithoutNoticeDetails	PRL_CitizenC100_270_005_WithoutNoticeDetails	1711461041426	1711461041468	OK	 
REQUEST	PRL_CitizenC100_270_WithoutNoticeDetails	PRL_CitizenC100_270_005_WithoutNoticeDetails Redirect 1	1711461041470	1711461041582	OK	 
GROUP	PRL_CitizenC100_270_WithoutNoticeDetails	1711461041424	1711461041698	264	OK
REQUEST	PRL_CitizenC100_280_ChildrenName	PRL_CitizenC100_280_005_ChildrenName	1711461041699	1711461041741	OK	 
GROUP	PRL_CitizenC100_280_ChildrenName	1711461041699	1711461041747	42	OK
REQUEST	PRL_CitizenC100_285_ChildrenNameRedirect	PRL_CitizenC100_280_005_ChildrenName	1711461041748	1711461041891	OK	 
GROUP	PRL_CitizenC100_285_ChildrenNameRedirect	1711461041747	1711461042005	251	OK
REQUEST	PRL_CitizenC100_290_ChildDetails	PRL_CitizenC100_290_005_ChildDetails	1711461042007	1711461042069	OK	 
REQUEST	PRL_CitizenC100_290_ChildDetails	PRL_CitizenC100_290_005_ChildDetails Redirect 1	1711461042071	1711461042258	OK	 
GROUP	PRL_CitizenC100_290_ChildDetails	1711461042006	1711461042377	358	OK
REQUEST	PRL_CitizenC100_300_WhichDecision	PRL_CitizenC100_300_005_WhichDecision	1711461042378	1711461042421	OK	 
REQUEST	PRL_CitizenC100_300_WhichDecision	PRL_CitizenC100_300_005_WhichDecision Redirect 1	1711461042423	1711461042533	OK	 
GROUP	PRL_CitizenC100_300_WhichDecision	1711461042377	1711461042642	258	OK
REQUEST	PRL_CitizenC100_310_ParentalResponsibility	PRL_CitizenC100_310_005_ParentalResponsibility	1711461042643	1711461042684	OK	 
REQUEST	PRL_CitizenC100_310_ParentalResponsibility	PRL_CitizenC100_310_005_ParentalResponsibility Redirect 1	1711461042685	1711461042802	OK	 
GROUP	PRL_CitizenC100_310_ParentalResponsibility	1711461042643	1711461042914	264	OK
REQUEST	PRL_CitizenC100_320_FurtherInformation	PRL_CitizenC100_320_005_FurtherInformation	1711461042915	1711461042956	OK	 
REQUEST	PRL_CitizenC100_320_FurtherInformation	PRL_CitizenC100_320_005_FurtherInformation Redirect 1	1711461042957	1711461043067	OK	 
GROUP	PRL_CitizenC100_320_FurtherInformation	1711461042914	1711461043184	263	OK
REQUEST	PRL_CitizenC100_330_OtherChildren	PRL_CitizenC100_330_005_OtherChildren	1711461043185	1711461043227	OK	 
REQUEST	PRL_CitizenC100_330_OtherChildren	PRL_CitizenC100_330_005_OtherChildren Redirect 1	1711461043229	1711461043326	OK	 
GROUP	PRL_CitizenC100_330_OtherChildren	1711461043184	1711461043442	251	OK
REQUEST	PRL_CitizenC100_340_EnterYourName	PRL_CitizenC100_340_005_EnterYourName	1711461043443	1711461043485	OK	 
GROUP	PRL_CitizenC100_340_EnterYourName	1711461043442	1711461043487	42	OK
REQUEST	PRL_CitizenC100_345_EnterYourNameRedirect	PRL_CitizenC100_340_005_EnterYourName	1711461043487	1711461043647	OK	 
GROUP	PRL_CitizenC100_345_EnterYourNameRedirect	1711461043487	1711461043764	275	OK
REQUEST	PRL_CitizenC100_350_KnowContactDetails	PRL_CitizenC100_350_005_KnowContactDetails	1711461043765	1711461043808	OK	 
REQUEST	PRL_CitizenC100_350_KnowContactDetails	PRL_CitizenC100_350_005_KnowContactDetails Redirect 1	1711461043809	1711461043945	OK	 
GROUP	PRL_CitizenC100_350_KnowContactDetails	1711461043765	1711461044061	290	OK
REQUEST	PRL_CitizenC100_360_KeepDetailsPrivate	PRL_CitizenC100_360_005_KeepDetailsPrivate	1711461044063	1711461044105	OK	 
REQUEST	PRL_CitizenC100_360_KeepDetailsPrivate	PRL_CitizenC100_360_005_KeepDetailsPrivate Redirect 1	1711461044106	1711461044216	OK	 
GROUP	PRL_CitizenC100_360_KeepDetailsPrivate	1711461044061	1711461044330	263	OK
REQUEST	PRL_CitizenC100_370_KeepDetailsPrivateContinue	PRL_CitizenC100_370_005_KeepDetailsPrivateContinue	1711461044331	1711461044368	OK	 
REQUEST	PRL_CitizenC100_370_KeepDetailsPrivateContinue	PRL_CitizenC100_370_005_KeepDetailsPrivateContinue Redirect 1	1711461044370	1711461044477	OK	 
GROUP	PRL_CitizenC100_370_KeepDetailsPrivateContinue	1711461044330	1711461044590	255	OK
REQUEST	PRL_CitizenC100_380_ApplicantDetails	PRL_CitizenC100_380_005_ApplicantDetails	1711461044591	1711461044639	OK	 
REQUEST	PRL_CitizenC100_380_ApplicantDetails	PRL_CitizenC100_380_005_ApplicantDetails Redirect 1	1711461044640	1711461044785	OK	 
GROUP	PRL_CitizenC100_380_ApplicantDetails	1711461044591	1711461044904	309	OK
REQUEST	PRL_CitizenC100_390_ApplicantRelationship	PRL_CitizenC100_390_005_ApplicantRelationship	1711461044905	1711461044942	OK	 
REQUEST	PRL_CitizenC100_390_ApplicantRelationship	PRL_CitizenC100_390_005_ApplicantRelationship Redirect 1	1711461044943	1711461045056	OK	 
GROUP	PRL_CitizenC100_390_ApplicantRelationship	1711461044905	1711461045173	265	OK
REQUEST	PRL_CitizenC100_400_ApplicantPostcode	PRL_CitizenC100_400_005_ApplicantPostcode	1711461045177	1711461045763	OK	 
REQUEST	PRL_CitizenC100_400_ApplicantPostcode	PRL_CitizenC100_400_005_ApplicantPostcode Redirect 1	1711461045764	1711461045891	OK	 
GROUP	PRL_CitizenC100_400_ApplicantPostcode	1711461045173	1711461046051	864	OK
REQUEST	PRL_CitizenC100_410_ApplicantSelectAddress	PRL_CitizenC100_410_005_ApplicantSelectAddress	1711461046052	1711461046088	OK	 
REQUEST	PRL_CitizenC100_410_ApplicantSelectAddress	PRL_CitizenC100_410_005_ApplicantSelectAddress Redirect 1	1711461046089	1711461046226	OK	 
GROUP	PRL_CitizenC100_410_ApplicantSelectAddress	1711461046051	1711461046348	287	OK
REQUEST	PRL_CitizenC100_420_ApplicantAddress	PRL_CitizenC100_420_005_ApplicantAddress	1711461046349	1711461046391	OK	 
REQUEST	PRL_CitizenC100_420_ApplicantAddress	PRL_CitizenC100_420_005_ApplicantAddress Redirect 1	1711461046392	1711461046508	OK	 
GROUP	PRL_CitizenC100_420_ApplicantAddress	1711461046348	1711461046624	270	OK
REQUEST	PRL_CitizenC100_430_ApplicantContact	PRL_CitizenC100_430_005_ApplicantContact	1711461046624	1711461046664	OK	 
REQUEST	PRL_CitizenC100_430_ApplicantContact	PRL_CitizenC100_430_005_ApplicantContact Redirect 1	1711461046665	1711461046778	OK	 
GROUP	PRL_CitizenC100_430_ApplicantContact	1711461046624	1711461046889	261	OK
REQUEST	PRL_CitizenC100_440_ApplicantContactPreference	PRL_CitizenC100_440_005_ApplicantContactPreference	1711461046890	1711461046932	OK	 
REQUEST	PRL_CitizenC100_440_ApplicantContactPreference	PRL_CitizenC100_440_005_ApplicantContactPreference Redirect 1	1711461046932	1711461047088	OK	 
GROUP	PRL_CitizenC100_440_ApplicantContactPreference	1711461046889	1711461047203	309	OK
REQUEST	PRL_CitizenC100_450_RespondentName	PRL_CitizenC100_450_005_RespondentName	1711461047204	1711461047247	OK	 
GROUP	PRL_CitizenC100_450_RespondentName	1711461047203	1711461047249	43	OK
REQUEST	PRL_CitizenC100_460_RespondentNameRedirect	PRL_CitizenC100_460_005_RespondentNameRedirect	1711461047250	1711461047404	OK	 
GROUP	PRL_CitizenC100_460_RespondentNameRedirect	1711461047249	1711461047526	272	OK
REQUEST	PRL_CitizenC100_470_RespondentDetails	PRL_CitizenC100_470_005_RespondentDetails	1711461047528	1711461047570	OK	 
REQUEST	PRL_CitizenC100_470_RespondentDetails	PRL_CitizenC100_470_005_RespondentDetails Redirect 1	1711461047571	1711461047679	OK	 
GROUP	PRL_CitizenC100_470_RespondentDetails	1711461047526	1711461047792	260	OK
REQUEST	PRL_CitizenC100_480_RespondentRelationship	PRL_CitizenC100_480_005_RespondentRelationship	1711461047793	1711461047833	OK	 
REQUEST	PRL_CitizenC100_480_RespondentRelationship	PRL_CitizenC100_480_005_RespondentRelationship Redirect 1	1711461047834	1711461047938	OK	 
GROUP	PRL_CitizenC100_480_RespondentRelationship	1711461047792	1711461048056	257	OK
REQUEST	PRL_CitizenC100_490_RespondentPostcode	PRL_CitizenC100_490_005_RespondentPostcode	1711461048058	1711461048630	OK	 
REQUEST	PRL_CitizenC100_490_RespondentPostcode	PRL_CitizenC100_490_005_RespondentPostcode Redirect 1	1711461048631	1711461048740	OK	 
GROUP	PRL_CitizenC100_490_RespondentPostcode	1711461048056	1711461048882	819	OK
REQUEST	PRL_CitizenC100_500_RespondentSelectAddress	PRL_CitizenC100_500_005_RespondentSelectAddress	1711461048883	1711461048922	OK	 
REQUEST	PRL_CitizenC100_500_RespondentSelectAddress	PRL_CitizenC100_500_005_RespondentSelectAddress Redirect 1	1711461048923	1711461049032	OK	 
GROUP	PRL_CitizenC100_500_RespondentSelectAddress	1711461048882	1711461049155	266	OK
REQUEST	PRL_CitizenC100_510_RespondentAddress	PRL_CitizenC100_510_005_RespondentAddress	1711461049155	1711461049205	OK	 
REQUEST	PRL_CitizenC100_510_RespondentAddress	PRL_CitizenC100_510_005_RespondentAddress Redirect 1	1711461049205	1711461049310	OK	 
GROUP	PRL_CitizenC100_510_RespondentAddress	1711461049155	1711461049424	268	OK
REQUEST	PRL_CitizenC100_520_RespondentContact	PRL_CitizenC100_520_005_RespondentContact	1711461049425	1711461049463	OK	 
REQUEST	PRL_CitizenC100_520_RespondentContact	PRL_CitizenC100_520_005_RespondentContact Redirect 1	1711461049463	1711461049607	OK	 
GROUP	PRL_CitizenC100_520_RespondentContact	1711461049424	1711461049722	295	OK
REQUEST	PRL_CitizenC100_530_AnyoneElse	PRL_CitizenC100_530_005_AnyoneElse	1711461049723	1711461049762	OK	 
REQUEST	PRL_CitizenC100_530_AnyoneElse	PRL_CitizenC100_530_005_AnyoneElse Redirect 1	1711461049763	1711461049923	OK	 
GROUP	PRL_CitizenC100_530_AnyoneElse	1711461049723	1711461050034	307	OK
REQUEST	PRL_CitizenC100_540_ChildLiveWith	PRL_CitizenC100_540_005_ChildLiveWith	1711461050035	1711461050075	OK	 
REQUEST	PRL_CitizenC100_540_ChildLiveWith	PRL_CitizenC100_540_005_ChildLiveWith Redirect 1	1711461050075	1711461050209	OK	 
GROUP	PRL_CitizenC100_540_ChildLiveWith	1711461050034	1711461050323	285	OK
REQUEST	PRL_CitizenC100_550_InvolvedInCourt	PRL_CitizenC100_550_005_InvolvedInCourt	1711461050324	1711461050379	OK	 
REQUEST	PRL_CitizenC100_550_InvolvedInCourt	PRL_CitizenC100_550_005_InvolvedInCourt Redirect 1	1711461050380	1711461050486	OK	 
GROUP	PRL_CitizenC100_550_InvolvedInCourt	1711461050323	1711461050598	269	OK
REQUEST	PRL_CitizenC100_560_CourtCasesInfo	PRL_CitizenC100_560_005_CourtCasesInfo	1711461050599	1711461050638	OK	 
REQUEST	PRL_CitizenC100_560_CourtCasesInfo	PRL_CitizenC100_560_005_CourtCasesInfo Redirect 1	1711461050638	1711461050755	OK	 
GROUP	PRL_CitizenC100_560_CourtCasesInfo	1711461050598	1711461050872	270	OK
REQUEST	PRL_CitizenC100_570_DetailsOfCourtCases	PRL_CitizenC100_570_005_DetailsOfCourtCases	1711461050873	1711461050917	OK	 
REQUEST	PRL_CitizenC100_570_DetailsOfCourtCases	PRL_CitizenC100_570_005_DetailsOfCourtCases Redirect 1	1711461050918	1711461051010	OK	 
GROUP	PRL_CitizenC100_570_DetailsOfCourtCases	1711461050872	1711461051124	247	OK
REQUEST	PRL_CitizenC100_580_SafetyInfo	PRL_CitizenC100_580_005_SafetyInfo	1711461051124	1711461051163	OK	 
REQUEST	PRL_CitizenC100_580_SafetyInfo	PRL_CitizenC100_580_005_SafetyInfo Redirect 1	1711461051164	1711461051274	OK	 
GROUP	PRL_CitizenC100_580_SafetyInfo	1711461051124	1711461051396	268	OK
REQUEST	PRL_CitizenC100_590_SafetyConcerns	PRL_CitizenC100_590_005_SafetyConcerns	1711461051396	1711461051437	OK	 
REQUEST	PRL_CitizenC100_590_SafetyConcerns	PRL_CitizenC100_590_005_SafetyConcerns Redirect 1	1711461051438	1711461051551	OK	 
GROUP	PRL_CitizenC100_590_SafetyConcerns	1711461051396	1711461051663	262	OK
REQUEST	PRL_CitizenC100_600_ConcernedAbout	PRL_CitizenC100_600_005_ConcernedAbout	1711461051664	1711461051702	OK	 
REQUEST	PRL_CitizenC100_600_ConcernedAbout	PRL_CitizenC100_600_005_ConcernedAbout Redirect 1	1711461051703	1711461051805	OK	 
GROUP	PRL_CitizenC100_600_ConcernedAbout	1711461051663	1711461051919	251	OK
REQUEST	PRL_CitizenC100_610_TypeOfBehaviour	PRL_CitizenC100_610_005_TypeOfBehaviour	1711461051920	1711461051961	OK	 
REQUEST	PRL_CitizenC100_610_TypeOfBehaviour	PRL_CitizenC100_610_005_TypeOfBehaviour Redirect 1	1711461051962	1711461052073	OK	 
GROUP	PRL_CitizenC100_610_TypeOfBehaviour	1711461051919	1711461052178	252	OK
REQUEST	PRL_CitizenC100_620_DescribePyshicalAbuse	PRL_CitizenC100_620_005_DescribePyshicalAbuse	1711461052179	1711461052227	OK	 
REQUEST	PRL_CitizenC100_620_DescribePyshicalAbuse	PRL_CitizenC100_620_005_DescribePyshicalAbuse Redirect 1	1711461052228	1711461052334	OK	 
GROUP	PRL_CitizenC100_620_DescribePyshicalAbuse	1711461052178	1711461052447	263	OK
REQUEST	PRL_CitizenC100_630_ImpactedByDrug	PRL_CitizenC100_630_005_ImpactedByDrug	1711461052447	1711461052489	OK	 
REQUEST	PRL_CitizenC100_630_ImpactedByDrug	PRL_CitizenC100_630_005_ImpactedByDrug Redirect 1	1711461052490	1711461052604	OK	 
GROUP	PRL_CitizenC100_630_ImpactedByDrug	1711461052447	1711461052718	265	OK
REQUEST	PRL_CitizenC100_640_OtherConcerns	PRL_CitizenC100_640_005_OtherConcerns	1711461052719	1711461052756	OK	 
REQUEST	PRL_CitizenC100_640_OtherConcerns	PRL_CitizenC100_640_005_OtherConcerns Redirect 1	1711461052757	1711461052864	OK	 
GROUP	PRL_CitizenC100_640_OtherConcerns	1711461052718	1711461052978	253	OK
REQUEST	PRL_CitizenC100_650_KeepChildrenSafe	PRL_CitizenC100_650_005_KeepChildrenSafe	1711461052979	1711461053018	OK	 
REQUEST	PRL_CitizenC100_650_KeepChildrenSafe	PRL_CitizenC100_650_005_KeepChildrenSafe Redirect 1	1711461053019	1711461053124	OK	 
GROUP	PRL_CitizenC100_650_KeepChildrenSafe	1711461052978	1711461053242	258	OK
REQUEST	PRL_CitizenC100_660_ContactBetweenChildren	PRL_CitizenC100_660_005_ContactBetweenChildren	1711461053242	1711461053284	OK	 
REQUEST	PRL_CitizenC100_660_ContactBetweenChildren	PRL_CitizenC100_660_005_ContactBetweenChildren Redirect 1	1711461053284	1711461053392	OK	 
GROUP	PRL_CitizenC100_660_ContactBetweenChildren	1711461053242	1711461053501	255	OK
REQUEST	PRL_CitizenC100_670_ChildrenBasedOutsideEngland	PRL_CitizenC100_670_005_ChildrenBasedOutsideEngland	1711461053501	1711461053539	OK	 
REQUEST	PRL_CitizenC100_670_ChildrenBasedOutsideEngland	PRL_CitizenC100_670_005_ChildrenBasedOutsideEngland Redirect 1	1711461053540	1711461053693	OK	 
GROUP	PRL_CitizenC100_670_ChildrenBasedOutsideEngland	1711461053501	1711461053806	302	OK
REQUEST	PRL_CitizenC100_680_ParentsBasedOutsideEngland	PRL_CitizenC100_680_005_ParentsBasedOutsideEngland	1711461053806	1711461053848	OK	 
REQUEST	PRL_CitizenC100_680_ParentsBasedOutsideEngland	PRL_CitizenC100_680_005_ParentsBasedOutsideEngland Redirect 1	1711461053849	1711461054007	OK	 
GROUP	PRL_CitizenC100_680_ParentsBasedOutsideEngland	1711461053806	1711461054122	312	OK
REQUEST	PRL_CitizenC100_690_AnotherPersonApply	PRL_CitizenC100_690_005_AnotherPersonApply	1711461054123	1711461054163	OK	 
REQUEST	PRL_CitizenC100_690_AnotherPersonApply	PRL_CitizenC100_690_005_AnotherPersonApply Redirect 1	1711461054163	1711461054262	OK	 
GROUP	PRL_CitizenC100_690_AnotherPersonApply	1711461054122	1711461054373	249	OK
REQUEST	PRL_CitizenC100_700_AnotherCountryAsked	PRL_CitizenC100_700_005_AnotherCountryAsked	1711461054373	1711461054415	OK	 
REQUEST	PRL_CitizenC100_700_AnotherCountryAsked	PRL_CitizenC100_700_005_AnotherCountryAsked Redirect 1	1711461054415	1711461054522	OK	 
GROUP	PRL_CitizenC100_700_AnotherCountryAsked	1711461054373	1711461054631	255	OK
REQUEST	PRL_CitizenC100_710_TakePartInHearings	PRL_CitizenC100_710_005_TakePartInHearings	1711461054632	1711461054671	OK	 
REQUEST	PRL_CitizenC100_710_TakePartInHearings	PRL_CitizenC100_710_005_TakePartInHearings Redirect 1	1711461054672	1711461054780	OK	 
GROUP	PRL_CitizenC100_710_TakePartInHearings	1711461054632	1711461054892	255	OK
REQUEST	PRL_CitizenC100_720_LanguageRequirements	PRL_CitizenC100_720_005_LanguageRequirements	1711461054893	1711461054934	OK	 
REQUEST	PRL_CitizenC100_720_LanguageRequirements	PRL_CitizenC100_720_005_LanguageRequirements Redirect 1	1711461054935	1711461055046	OK	 
GROUP	PRL_CitizenC100_720_LanguageRequirements	1711461054892	1711461055156	258	OK
REQUEST	PRL_CitizenC100_730_SpecialArrangements	PRL_CitizenC100_730_005_SpecialArrangements	1711461055157	1711461055206	OK	 
REQUEST	PRL_CitizenC100_730_SpecialArrangements	PRL_CitizenC100_730_005_SpecialArrangements Redirect 1	1711461055206	1711461055316	OK	 
GROUP	PRL_CitizenC100_730_SpecialArrangements	1711461055157	1711461055430	270	OK
REQUEST	PRL_CitizenC100_740_NeedSupport	PRL_CitizenC100_740_005_NeedSupport	1711461055432	1711461055474	OK	 
REQUEST	PRL_CitizenC100_740_NeedSupport	PRL_CitizenC100_740_005_NeedSupport Redirect 1	1711461055475	1711461055524	OK	 
GROUP	PRL_CitizenC100_740_NeedSupport	1711461055430	1711461055637	201	OK
REQUEST	PRL_CitizenC100_750_DocumentsAlternativeFormat	PRL_CitizenC100_750_005_DocumentsAlternativeFormat	1711461055638	1711461055680	OK	 
REQUEST	PRL_CitizenC100_750_DocumentsAlternativeFormat	PRL_CitizenC100_750_005_DocumentsAlternativeFormat Redirect 1	1711461055681	1711461056518	OK	 
GROUP	PRL_CitizenC100_750_DocumentsAlternativeFormat	1711461055637	1711461056659	1016	OK
REQUEST	PRL_CitizenC100_760_HelpWithPaying	PRL_CitizenC100_760_005_HelpWithPaying	1711461056659	1711461056698	OK	 
REQUEST	PRL_CitizenC100_760_HelpWithPaying	PRL_CitizenC100_760_005_HelpWithPaying Redirect 1	1711461056698	1711461057236	OK	 
GROUP	PRL_CitizenC100_760_HelpWithPaying	1711461056659	1711461057378	717	OK
REQUEST	PRL_CitizenC100_770_CheckYourAnswers	PRL_CitizenC100_770_005_CheckYourAnswers	1711461057379	1711461059075	KO	headerRegex((location,https://card.payments.service.gov.uk\/secure\/(.{8}-.{4}-.{4}-.{4}-.{12}))).find.exists, found nothing
GROUP	PRL_CitizenC100_770_CheckYourAnswers	1711461057378	1711461059091	1696	KO
USER	***** PRL Citizen Journey *****	END	1711461059094
