ASSERTION	AAECAAIFAAAAAAAAAFlA
RUN	simulations.PRL_Simulation	prl-simulation	1697617972157	 	3.9.5
USER	***** Private Law Create Case *****	START	1697617972963
REQUEST	XUI_010_Homepage	XUI_010_005_Homepage	1697617973023	1697617973161	OK	 
REQUEST	XUI_010_Homepage	XUI_Common_000_ConfigurationUI	1697617974046	1697617974276	OK	 
REQUEST	XUI_010_Homepage	XUI_Common_000_ConfigJson	1697617974279	1697617974574	OK	 
REQUEST	XUI_010_Homepage	XUI_Common_000_TsAndCs	1697617974575	1697617974827	OK	 
REQUEST	XUI_010_Homepage	XUI_Common_000_ConfigUI	1697617974828	1697617975111	OK	 
REQUEST	XUI_010_Homepage	XUI_Common_000_UserDetails	1697617975112	1697617975316	OK	 
REQUEST	XUI_010_Homepage	XUI_Common_000_IsAuthenticated	1697617975316	1697617975569	OK	 
REQUEST	XUI_010_Homepage	XUI_010_010_AuthLogin	1697617975571	1697617975901	OK	 
REQUEST	XUI_010_Homepage	XUI_010_010_AuthLogin Redirect 1	1697617975902	1697617976609	OK	 
REQUEST	XUI_010_Homepage	XUI_010_010_AuthLogin Redirect 2	1697617976610	1697617976789	OK	 
GROUP	XUI_010_Homepage	1697617972969	1697617977345	4231	OK
REQUEST	XUI_020_Login	XUI_020_005_Login	1697617977415	1697617978195	OK	 
REQUEST	XUI_020_Login	XUI_020_005_Login Redirect 1	1697617978196	1697617979957	OK	 
REQUEST	XUI_020_Login	XUI_020_005_Login Redirect 2	1697617979957	1697617980193	OK	 
REQUEST	XUI_020_Login	XUI_Common_000_ConfigurationUI	1697617981048	1697617981115	OK	 
REQUEST	XUI_020_Login	XUI_Common_000_ConfigJson	1697617981117	1697617981163	OK	 
REQUEST	XUI_020_Login	XUI_Common_000_TsAndCs	1697617981165	1697617981229	OK	 
REQUEST	XUI_020_Login	XUI_Common_000_ConfigUI	1697617981231	1697617982204	OK	 
REQUEST	XUI_020_Login	XUI_Common_000_UserDetails	1697617982205	1697617983412	OK	 
REQUEST	XUI_020_Login	XUI_Common_000_IsAuthenticated	1697617983413	1697617983497	OK	 
REQUEST	XUI_020_Login	XUI_Common_000_MonitoringTools	1697617983498	1697617983765	OK	 
GROUP	XUI_020_Login	1697617977345	1697617983784	6338	OK
REQUEST	XUI_PRL_030_CreateCaseStart	XUI_PRL_030_005_CreateCaseStart	1697617983787	1697617994516	OK	 
GROUP	XUI_PRL_030_CreateCaseStart	1697617983785	1697617994523	10729	OK
REQUEST	XUI_PRL_031_Type_Of_Application	XUI_PRL_031_005_Type_Of_Application	1697617994527	1697617999619	OK	 
GROUP	XUI_PRL_031_Type_Of_Application	1697617994523	1697617999622	5092	OK
REQUEST	XUI_PRL_032_ApplicationCheckYourAnswers	XUI_PRL_032_005_ApplicationCheckYourAnswers	1697617999622	1697618029666	KO	status.find.in([200, 209], 304), found 504
GROUP	XUI_PRL_032_ApplicationCheckYourAnswers	1697617999622	1697618029698	30044	KO
USER	***** Private Law Create Case *****	END	1697618029717
