ASSERTION	AAECAAIFAAAAAAAAAFlA
RUN	simulations.PRL_Simulation	prl-simulation	1706628039469	 	3.9.5
USER	***** PRL Citizen Journey *****	START	1706628039965
REQUEST	PRL_CitizenC100_010_PRLHome	PRL_CitizenC100_010_005_PRLHome	1706628039985	1706628040160	OK	 
REQUEST	PRL_CitizenC100_010_PRLHome	PRL_CitizenC100_010_005_PRLHome Redirect 1	1706628040169	1706628040223	OK	 
REQUEST	PRL_CitizenC100_010_PRLHome	PRL_CitizenC100_010_005_PRLHome Redirect 2	1706628040224	1706628040300	OK	 
REQUEST	PRL_CitizenC100_010_PRLHome	PRL_CitizenC100_010_005_PRLHome Redirect 3	1706628040300	1706628040399	OK	 
GROUP	PRL_CitizenC100_010_PRLHome	1706628039966	1706628040642	598	OK
REQUEST	PRL_CitizenC100_020_Login	PRL_CitizenC100_020_005_Login	1706628040644	1706628040829	OK	 
REQUEST	PRL_CitizenC100_020_Login	PRL_CitizenC100_020_005_Login Redirect 1	1706628040831	1706628041418	OK	 
REQUEST	PRL_CitizenC100_020_Login	PRL_CitizenC100_020_005_Login Redirect 2	1706628041419	1706628043266	OK	 
GROUP	PRL_CitizenC100_020_Login	1706628040643	1706628043459	2802	OK
REQUEST	PRL_CitizenC100_025_ChildArrangementsApplication	PRL_CitizenC100_025_005_ChildArrangementsApplication	1706628043460	1706628044085	OK	 
GROUP	PRL_CitizenC100_025_ChildArrangementsApplication	1706628043459	1706628044162	692	OK
REQUEST	PRL_CitizenC100_030_StartApplication	PRL_CitizenC100_030_005_StartApplication	1706628044163	1706628044492	OK	 
GROUP	PRL_CitizenC100_030_StartApplication	1706628044163	1706628044556	391	OK
REQUEST	PRL_CitizenC100_040_WhatYouWillNeed	PRL_CitizenC100_040_005_WhatYouWillNeed	1706628044556	1706628048408	OK	 
REQUEST	PRL_CitizenC100_040_WhatYouWillNeed	PRL_CitizenC100_040_005_WhatYouWillNeed Redirect 1	1706628048410	1706628048489	OK	 
GROUP	PRL_CitizenC100_040_WhatYouWillNeed	1706628044556	1706628048562	4000	OK
REQUEST	PRL_CitizenC100_050_CaseName	PRL_CitizenC100_050_005_CaseName	1706628048563	1706628048620	OK	 
REQUEST	PRL_CitizenC100_050_CaseName	PRL_CitizenC100_050_005_CaseName Redirect 1	1706628048622	1706628048725	OK	 
GROUP	PRL_CitizenC100_050_CaseName	1706628048563	1706628048801	230	OK
REQUEST	PRL_CitizenC100_060_ChildrenPostCode	PRL_CitizenC100_060_005_ChildrenPostCode	1706628048802	1706628048835	OK	 
REQUEST	PRL_CitizenC100_060_ChildrenPostCode	PRL_CitizenC100_060_005_ChildrenPostCode Redirect 1	1706628048836	1706628048930	OK	 
GROUP	PRL_CitizenC100_060_ChildrenPostCode	1706628048801	1706628048995	187	OK
REQUEST	PRL_CitizenC100_070_WrittenAgreement	PRL_CitizenC100_070_005_WrittenAgreement	1706628048996	1706628049030	OK	 
REQUEST	PRL_CitizenC100_070_WrittenAgreement	PRL_CitizenC100_070_005_WrittenAgreement Redirect 1	1706628049032	1706628049097	OK	 
GROUP	PRL_CitizenC100_070_WrittenAgreement	1706628048995	1706628049157	154	OK
REQUEST	PRL_CitizenC100_080_BeforeCourt	PRL_CitizenC100_080_005_BeforeCourt	1706628049158	1706628049191	OK	 
REQUEST	PRL_CitizenC100_080_BeforeCourt	PRL_CitizenC100_080_005_BeforeCourt Redirect 1	1706628049192	1706628049311	OK	 
GROUP	PRL_CitizenC100_080_BeforeCourt	1706628049157	1706628049382	216	OK
REQUEST	PRL_CitizenC100_090_ReachAgreement	PRL_CitizenC100_090_005_ReachAgreement	1706628049384	1706628049418	OK	 
REQUEST	PRL_CitizenC100_090_ReachAgreement	PRL_CitizenC100_090_005_ReachAgreement Redirect 1	1706628049421	1706628049506	OK	 
GROUP	PRL_CitizenC100_090_ReachAgreement	1706628049382	1706628049564	173	OK
REQUEST	PRL_CitizenC100_100_LegalRep	PRL_CitizenC100_100_005_LegalRep	1706628049564	1706628049596	OK	 
REQUEST	PRL_CitizenC100_100_LegalRep	PRL_CitizenC100_100_005_LegalRep Redirect 1	1706628049597	1706628049679	OK	 
GROUP	PRL_CitizenC100_100_LegalRep	1706628049564	1706628049739	169	OK
REQUEST	PRL_CitizenC100_110_PermissionFromCourt	PRL_CitizenC100_110_005_PermissionFromCourt	1706628049740	1706628049775	OK	 
REQUEST	PRL_CitizenC100_110_PermissionFromCourt	PRL_CitizenC100_110_005_PermissionFromCourt Redirect 1	1706628049777	1706628049864	OK	 
GROUP	PRL_CitizenC100_110_PermissionFromCourt	1706628049740	1706628049925	179	OK
REQUEST	PRL_CitizenC100_120_WhyPermissionFromCourt	PRL_CitizenC100_120_005_WhyPermissionFromCourt	1706628049926	1706628049958	OK	 
REQUEST	PRL_CitizenC100_120_WhyPermissionFromCourt	PRL_CitizenC100_120_005_WhyPermissionFromCourt Redirect 1	1706628049958	1706628050037	OK	 
GROUP	PRL_CitizenC100_120_WhyPermissionFromCourt	1706628049925	1706628050093	165	OK
REQUEST	PRL_CitizenC100_130_WhyCourtShouldGrant	PRL_CitizenC100_130_005_WhyCourtShouldGrant	1706628050093	1706628050124	OK	 
REQUEST	PRL_CitizenC100_130_WhyCourtShouldGrant	PRL_CitizenC100_130_005_WhyCourtShouldGrant Redirect 1	1706628050124	1706628050186	OK	 
GROUP	PRL_CitizenC100_130_WhyCourtShouldGrant	1706628050093	1706628050251	154	OK
REQUEST	PRL_CitizenC100_140_InvolvedInEmergencyProtection	PRL_CitizenC100_140_005_InvolvedInEmergencyProtection	1706628050253	1706628050324	OK	 
REQUEST	PRL_CitizenC100_140_InvolvedInEmergencyProtection	PRL_CitizenC100_140_005_InvolvedInEmergencyProtection Redirect 1	1706628050326	1706628050428	OK	 
GROUP	PRL_CitizenC100_140_InvolvedInEmergencyProtection	1706628050252	1706628050491	228	OK
REQUEST	PRL_CitizenC100_150_AttendingMIAM	PRL_CitizenC100_150_005_AttendingMIAM	1706628050492	1706628050527	OK	 
REQUEST	PRL_CitizenC100_150_AttendingMIAM	PRL_CitizenC100_150_005_AttendingMIAM Redirect 1	1706628050529	1706628050596	OK	 
GROUP	PRL_CitizenC100_150_AttendingMIAM	1706628050491	1706628050650	154	OK
REQUEST	PRL_CitizenC100_160_AttendedMIAM	PRL_CitizenC100_160_005_AttendedMIAM	1706628050651	1706628050685	OK	 
REQUEST	PRL_CitizenC100_160_AttendedMIAM	PRL_CitizenC100_160_005_AttendedMIAM Redirect 1	1706628050687	1706628050781	OK	 
GROUP	PRL_CitizenC100_160_AttendedMIAM	1706628050650	1706628050842	184	OK
REQUEST	PRL_CitizenC100_170_DocumentSigned	PRL_CitizenC100_170_005_DocumentSigned	1706628050842	1706628050870	OK	 
REQUEST	PRL_CitizenC100_170_DocumentSigned	PRL_CitizenC100_170_005_DocumentSigned Redirect 1	1706628050871	1706628050983	OK	 
GROUP	PRL_CitizenC100_170_DocumentSigned	1706628050842	1706628051068	223	OK
REQUEST	PRL_CitizenC100_180_MIAMUpload	PRL_CitizenC100_180_005_MIAMUpload	1706628051082	1706628052787	OK	 
REQUEST	PRL_CitizenC100_180_MIAMUpload	PRL_CitizenC100_180_005_MIAMUpload Redirect 1	1706628052789	1706628052827	OK	 
GROUP	PRL_CitizenC100_180_MIAMUpload	1706628051068	1706628052895	1805	OK
REQUEST	PRL_CitizenC100_190_MIAMUploadSubmit	PRL_CitizenC100_190_005_MIAMUploadSubmit	1706628052895	1706628084429	KO	status.find.in([200, 209], 304), found 504
GROUP	PRL_CitizenC100_190_MIAMUploadSubmit	1706628052895	1706628084442	31534	KO
USER	***** PRL Citizen Journey *****	END	1706628084445
