ASSERTION	AAECAAIFAAAAAAAAAFlA
RUN	simulations.PRL_Simulation	prl-simulation	1713525234966	 	3.9.5
USER	***** PRL CUI RA Journey *****	START	1713525235784
REQUEST	PRL_CitizenC100_010_PRLHome	PRL_CitizenC100_010_005_PRLHome	1713525235796	1713525235968	OK	 
REQUEST	PRL_CitizenC100_010_PRLHome	PRL_CitizenC100_010_005_PRLHome Redirect 1	1713525235977	1713525236047	OK	 
REQUEST	PRL_CitizenC100_010_PRLHome	PRL_CitizenC100_010_005_PRLHome Redirect 2	1713525236048	1713525236112	OK	 
REQUEST	PRL_CitizenC100_010_PRLHome	PRL_CitizenC100_010_005_PRLHome Redirect 3	1713525236112	1713525236315	OK	 
GROUP	PRL_CitizenC100_010_PRLHome	1713525235785	1713525236736	865	OK
REQUEST	PRL_CitizenC100_020_Login	PRL_CitizenC100_020_005_Login	1713525236738	1713525236942	OK	 
REQUEST	PRL_CitizenC100_020_Login	PRL_CitizenC100_020_005_Login Redirect 1	1713525236946	1713525237359	OK	 
REQUEST	PRL_CitizenC100_020_Login	PRL_CitizenC100_020_005_Login Redirect 2	1713525237360	1713525239620	OK	 
GROUP	PRL_CitizenC100_020_Login	1713525236736	1713525239859	3105	OK
REQUEST	PRL_CitizenC100_CUIRA_030_SelectCase	PRL_CitizenC100_CUIRA_030_SelectCase	1713525239861	1713525244095	OK	 
REQUEST	PRL_CitizenC100_CUIRA_030_SelectCase	PRL_CitizenC100_CUIRA_030_SelectCase Redirect 1	1713525244096	1713525244199	OK	 
GROUP	PRL_CitizenC100_CUIRA_030_SelectCase	1713525239860	1713525244347	4479	OK
REQUEST	PRL_CitizenC100_CUIRA_030_005_SelectCase	PRL_CitizenC100_CUIRA_030_005_SelectCase	1713525244348	1713525244460	OK	 
GROUP	PRL_CitizenC100_CUIRA_030_005_SelectCase	1713525244347	1713525244594	243	OK
REQUEST	PRL_CitizenC100_CUIRA_040_RAIntro	PRL_CitizenC100_CUIRA_040_RAIntro	1713525244594	1713525245706	OK	 
GROUP	PRL_CitizenC100_CUIRA_040_RAIntro	1713525244594	1713525245904	1305	OK
REQUEST	PRL_CitizenC100_CUIRA_050_RAIntro	PRL_CitizenC100_CUIRA_050_RAIntro	1713525245905	1713525245991	OK	 
REQUEST	PRL_CitizenC100_CUIRA_050_RAIntro	PRL_CitizenC100_CUIRA_050_RAIntro Redirect 1	1713525245992	1713525246142	OK	 
GROUP	PRL_CitizenC100_CUIRA_050_RAIntro	1713525245904	1713525246285	374	OK
REQUEST	PRL_CitizenC100_CUIRA_060_RAIntro	PRL_CitizenC100_CUIRA_060_RAIntro	1713525246286	1713525246370	OK	 
REQUEST	PRL_CitizenC100_CUIRA_060_RAIntro	PRL_CitizenC100_CUIRA_060_RAIntro Redirect 1	1713525246371	1713525246468	OK	 
GROUP	PRL_CitizenC100_CUIRA_060_RAIntro	1713525246285	1713525246597	306	OK
REQUEST	PRL_CitizenC100_CUIRA_070_RAIntro	PRL_CitizenC100_CUIRA_070_RAIntro	1713525246598	1713525248373	OK	 
REQUEST	PRL_CitizenC100_CUIRA_070_RAIntro	PRL_CitizenC100_CUIRA_070_RAIntro Redirect 1	1713525248376	1713525249097	OK	 
REQUEST	PRL_CitizenC100_CUIRA_070_RAIntro	PRL_CitizenC100_CUIRA_070_RAIntro Redirect 2	1713525249100	1713525252617	OK	 
REQUEST	PRL_CitizenC100_CUIRA_070_RAIntro	PRL_CitizenC100_CUIRA_070_RAIntro Redirect 3	1713525252622	1713525253074	OK	 
GROUP	PRL_CitizenC100_CUIRA_070_RAIntro	1713525246598	1713525253288	6673	OK
REQUEST	PRL_CitizenC100_CUIRA_080_Launch_CUIRA	PRL_CitizenC100_CUIRA_080_Launch_CUIRA	1713525253289	1713525253775	OK	 
REQUEST	PRL_CitizenC100_CUIRA_080_Launch_CUIRA	PRL_CitizenC100_CUIRA_080_Launch_CUIRA Redirect 1	1713525253776	1713525254133	OK	 
REQUEST	PRL_CitizenC100_CUIRA_080_Launch_CUIRA	PRL_CitizenC100_CUIRA_080_Launch_CUIRA Redirect 2	1713525254134	1713525254292	OK	 
GROUP	PRL_CitizenC100_CUIRA_080_Launch_CUIRA	1713525253288	1713525254448	1153	OK
REQUEST	PRL_CitizenC100_CUIRA_090_Launch CUIRA	PRL_CitizenC100_CUIRA_090_Launch CUIRA	1713525254452	1713525254966	KO	status.find.in([200, 209], 304), found 404
GROUP	PRL_CitizenC100_CUIRA_090_Launch CUIRA	1713525254449	1713525254985	514	KO
USER	***** PRL CUI RA Journey *****	END	1713525254989
