ASSERTION	AAECAAIFAAAAAAAAAFlA
RUN	simulations.PRL_Simulation	prl-simulation	1706054383042	 	3.9.5
USER	***** PRL Case Flags 2.1 Journey *****	START	1706054383527
REQUEST	XUI_010_Homepage	XUI_010_005_Homepage	1706054383537	1706054383681	OK	 
REQUEST	XUI_010_Homepage	XUI_Common_000_ConfigurationUI	1706054386105	1706054386140	OK	 
REQUEST	XUI_010_Homepage	XUI_Common_000_ConfigJson	1706054386142	1706054386168	OK	 
REQUEST	XUI_010_Homepage	XUI_Common_000_TsAndCs	1706054386169	1706054386204	OK	 
REQUEST	XUI_010_Homepage	XUI_Common_000_ConfigUI	1706054386204	1706054386252	OK	 
REQUEST	XUI_010_Homepage	XUI_Common_000_UserDetails	1706054386256	1706054386290	OK	 
REQUEST	XUI_010_Homepage	XUI_Common_000_IsAuthenticated	1706054386291	1706054386323	OK	 
REQUEST	XUI_010_Homepage	XUI_010_010_AuthLogin	1706054386324	1706054386361	OK	 
REQUEST	XUI_010_Homepage	XUI_010_010_AuthLogin Redirect 1	1706054386363	1706054386550	OK	 
REQUEST	XUI_010_Homepage	XUI_010_010_AuthLogin Redirect 2	1706054386550	1706054386595	OK	 
GROUP	XUI_010_Homepage	1706054383530	1706054386885	3239	OK
REQUEST	XUI_020_LoginCa	XUI_020_005_LoginCa	1706054386887	1706054387001	OK	 
REQUEST	XUI_020_LoginCa	XUI_020_005_LoginCa Redirect 1	1706054387002	1706054387696	OK	 
REQUEST	XUI_020_LoginCa	XUI_020_005_LoginCa Redirect 2	1706054387699	1706054387737	OK	 
REQUEST	XUI_020_LoginCa	XUI_Common_000_ConfigurationUI	1706054390404	1706054390439	OK	 
REQUEST	XUI_020_LoginCa	XUI_Common_000_ConfigJson	1706054390441	1706054390471	OK	 
REQUEST	XUI_020_LoginCa	XUI_Common_000_TsAndCs	1706054390478	1706054390510	OK	 
REQUEST	XUI_020_LoginCa	XUI_Common_000_ConfigUI	1706054390510	1706054390543	OK	 
REQUEST	XUI_020_LoginCa	XUI_Common_000_UserDetails	1706054390544	1706054391481	OK	 
REQUEST	XUI_020_LoginCa	XUI_Common_000_IsAuthenticated	1706054391482	1706054391515	OK	 
REQUEST	XUI_020_LoginCa	XUI_Common_000_MonitoringTools	1706054391519	1706054391552	OK	 
GROUP	XUI_020_LoginCa	1706054386885	1706054391572	4641	OK
REQUEST	XUI_PRL_041_SelectCase	XUI_PRL_041_005_SelectCase	1706054391573	1706054394946	OK	 
GROUP	XUI_PRL_041_SelectCase	1706054391572	1706054394948	3373	OK
REQUEST	XUI_PRL_042_SelectApplication	XUI_PRL_042_005_SelectApplication	1706054394948	1706054395092	OK	 
REQUEST	XUI_PRL_042_SelectApplication	XUI_PRL_032_010_SelectApplication	1706054395094	1706054399008	OK	 
GROUP	XUI_PRL_042_SelectApplication	1706054394948	1706054399076	4058	OK
REQUEST	XUI_PRL_043_SelectSupport	XUI_PRL_043_005_SelectSupport	1706054399076	1706054399114	OK	 
GROUP	XUI_PRL_043_SelectSupport	1706054399076	1706054399114	38	OK
REQUEST	XUI_PRL_044_SelectCaseDocuments	XUI_PRL_044_005_SelectCaseDocuments	1706054399115	1706054399159	OK	 
GROUP	XUI_PRL_044_SelectCaseDocuments	1706054399115	1706054399159	44	OK
REQUEST	XUI_PRL_045_SelectHistory	XUI_PRL_045_005_SelectHistory	1706054399160	1706054399197	OK	 
GROUP	XUI_PRL_045_SelectHistory	1706054399159	1706054399197	37	OK
REQUEST	XUI_PRL_046_SelectServiceRequest	XUI_PRL_046_010_SelectServiceRequest	1706054399201	1706054399237	OK	 
GROUP	XUI_PRL_046_SelectServiceRequest	1706054399197	1706054399283	80	OK
USER	***** PRL Case Flags 2.1 Journey *****	END	1706054399286
