ASSERTION	AAECAAMFAAAAAAAAAFlA
RUN	simulations.PRL_Simulation	prl-simulation	1686668725902	 	3.3.1
USER	***** Private Law Create Case *****	1	START	1686668726327	1686668726327
REQUEST	1	XUI_010_Homepage	XUI_010_005_Homepage	1686668726337	1686668726473	OK	 
REQUEST	1	XUI_010_Homepage	XUI_Common_000_ConfigurationUI	1686668726495	1686668726672	OK	 
REQUEST	1	XUI_010_Homepage	XUI_Common_000_ConfigJson	1686668726676	1686668726786	OK	 
REQUEST	1	XUI_010_Homepage	XUI_Common_000_TsAndCs	1686668726787	1686668726919	OK	 
REQUEST	1	XUI_010_Homepage	XUI_Common_000_ConfigUI	1686668726920	1686668727071	OK	 
REQUEST	1	XUI_010_Homepage	XUI_Common_000_UserDetails	1686668727072	1686668727479	OK	 
REQUEST	1	XUI_010_Homepage	XUI_Common_000_IsAuthenticated	1686668727480	1686668727841	OK	 
REQUEST	1	XUI_010_Homepage	XUI_010_010_AuthLogin	1686668727842	1686668728241	OK	 
REQUEST	1	XUI_010_Homepage	XUI_010_010_AuthLogin Redirect 1	1686668728244	1686668729059	OK	 
REQUEST	1	XUI_010_Homepage	XUI_010_010_AuthLogin Redirect 2	1686668729060	1686668729221	OK	 
GROUP	1	XUI_010_Homepage	1686668726331	1686668734363	7956	OK
REQUEST	1	XUI_020_Login	XUI_020_005_Login	1686668734366	1686668734778	OK	 
REQUEST	1	XUI_020_Login	XUI_020_005_Login Redirect 1	1686668734779	1686668736040	OK	 
REQUEST	1	XUI_020_Login	XUI_020_005_Login Redirect 2	1686668736041	1686668736145	OK	 
REQUEST	1	XUI_020_Login	XUI_Common_000_ConfigurationUI	1686668760430	1686668760563	OK	 
REQUEST	1	XUI_020_Login	XUI_Common_000_ConfigJson	1686668760564	1686668760581	OK	 
REQUEST	1	XUI_020_Login	XUI_Common_000_TsAndCs	1686668760582	1686668760643	OK	 
REQUEST	1	XUI_020_Login	XUI_Common_000_ConfigUI	1686668760644	1686668760704	OK	 
REQUEST	1	XUI_020_Login	XUI_Common_000_UserDetails	1686668760705	1686668761141	OK	 
REQUEST	1	XUI_020_Login	XUI_Common_000_IsAuthenticated	1686668761144	1686668761221	OK	 
REQUEST	1	XUI_020_Login	XUI_Common_000_MonitoringTools	1686668761223	1686668761288	OK	 
GROUP	1	XUI_020_Login	1686668734363	1686668761318	26905	OK
REQUEST	1	XUI_PRL_030_CreateCaseStart	XUI_PRL_030_005_CreateCaseStart	1686668761327	1686668791429	KO	jsonPath($.event_token).find.exists preparation crashed: Jackson failed to parse into a valid AST: c.f.j.c.JsonParseException: Unexpected character ('<' (code 60)): expected a valid value (JSON String, Number, Array, Object or token 'null', 'true' or 'false')  at [Source: (io.netty.buffer.ByteBufInputStream); line: 1, column: 2]
GROUP	1	XUI_PRL_030_CreateCaseStart	1686668761318	1686668791435	30102	KO
USER	***** Private Law Create Case *****	1	END	1686668726327	1686668791439
