ASSERTION	AAECAAIFAAAAAAAAAFlA
RUN	simulations.PRL_Simulation	prl-simulation	1704889896094	 	3.9.5
USER	***** PRL Citizen Journey *****	START	1704889899917
REQUEST	XUI_010_Homepage	XUI_010_005_Homepage	1704889899926	1704889905263	OK	 
REQUEST	XUI_010_Homepage	XUI_Common_000_ConfigurationUI	1704889965307	1704889965929	OK	 
REQUEST	XUI_010_Homepage	XUI_Common_000_ConfigJson	1704889965933	1704889966827	OK	 
REQUEST	XUI_010_Homepage	XUI_Common_000_TsAndCs	1704889966830	1704889966929	OK	 
REQUEST	XUI_010_Homepage	XUI_Common_000_ConfigUI	1704889966932	1704889967074	OK	 
REQUEST	XUI_010_Homepage	XUI_Common_000_UserDetails	1704889967077	1704889968294	OK	 
REQUEST	XUI_010_Homepage	XUI_Common_000_IsAuthenticated	1704889968297	1704889968421	OK	 
REQUEST	XUI_010_Homepage	XUI_010_010_AuthLogin	1704889968427	1704889968712	OK	 
REQUEST	XUI_010_Homepage	XUI_010_010_AuthLogin Redirect 1	1704889968719	1704889976508	OK	 
REQUEST	XUI_010_Homepage	XUI_010_010_AuthLogin Redirect 2	1704889976513	1704889981677	OK	 
GROUP	XUI_010_Homepage	1704889899919	1704890026566	126509	OK
REQUEST	XUI_020_Login	XUI_020_005_Login	1704890026576	1704890026981	OK	 
REQUEST	XUI_020_Login	XUI_020_005_Login Redirect 1	1704890026984	1704890027391	OK	 
REQUEST	XUI_020_Login	XUI_020_005_Login Redirect 2	1704890027401	1704890027666	OK	 
REQUEST	XUI_020_Login	XUI_Common_000_ConfigurationUI	1704890088005	1704890088007	KO	j.n.UnknownHostException: manage-case.perftest.platform.hmcts.net: nodename nor servname provided, or not known
GROUP	XUI_020_Login	1704890026567	1704890088009	61398	KO
USER	***** PRL Citizen Journey *****	END	1704890088011
