ASSERTION	AAECAAIFAAAAAAAAAFlA
RUN	simulations.PRL_Simulation	prl-simulation	1704887888002	 	3.9.5
USER	***** PRL Citizen Journey *****	START	1704887888595
REQUEST	XUI_010_Homepage	XUI_010_005_Homepage	1704887888602	1704887888829	OK	 
REQUEST	XUI_010_Homepage	XUI_Common_000_ConfigurationUI	1704887902183	1704887902237	OK	 
REQUEST	XUI_010_Homepage	XUI_Common_000_ConfigJson	1704887902243	1704887902292	OK	 
REQUEST	XUI_010_Homepage	XUI_Common_000_TsAndCs	1704887902297	1704887902358	OK	 
REQUEST	XUI_010_Homepage	XUI_Common_000_ConfigUI	1704887902361	1704887902405	OK	 
REQUEST	XUI_010_Homepage	XUI_Common_000_UserDetails	1704887902409	1704887902449	OK	 
REQUEST	XUI_010_Homepage	XUI_Common_000_IsAuthenticated	1704887902452	1704887902506	OK	 
REQUEST	XUI_010_Homepage	XUI_010_010_AuthLogin	1704887902514	1704887902562	OK	 
REQUEST	XUI_010_Homepage	XUI_010_010_AuthLogin Redirect 1	1704887902572	1704887902702	OK	 
REQUEST	XUI_010_Homepage	XUI_010_010_AuthLogin Redirect 2	1704887902706	1704887902801	OK	 
GROUP	XUI_010_Homepage	1704887888596	1704887903731	15001	OK
REQUEST	XUI_020_Login	XUI_020_005_Login	1704887903735	1704887903877	OK	 
REQUEST	XUI_020_Login	XUI_020_005_Login Redirect 1	1704887903878	1704887904686	OK	 
REQUEST	XUI_020_Login	XUI_020_005_Login Redirect 2	1704887904693	1704887904757	OK	 
REQUEST	XUI_020_Login	XUI_Common_000_ConfigurationUI	1704887927213	1704887927290	OK	 
REQUEST	XUI_020_Login	XUI_Common_000_ConfigJson	1704887927293	1704887927355	OK	 
REQUEST	XUI_020_Login	XUI_Common_000_TsAndCs	1704887927359	1704887927400	OK	 
REQUEST	XUI_020_Login	XUI_Common_000_ConfigUI	1704887927404	1704887927463	OK	 
REQUEST	XUI_020_Login	XUI_Common_000_UserDetails	1704887927466	1704887928006	OK	 
REQUEST	XUI_020_Login	XUI_Common_000_IsAuthenticated	1704887928014	1704887928135	OK	 
REQUEST	XUI_020_Login	XUI_Common_000_MonitoringTools	1704887928142	1704887928197	OK	 
GROUP	XUI_020_Login	1704887903732	1704887928247	24414	OK
REQUEST	XUI_PRL_030_CreateCaseStart	XUI_PRL_030_005_CreateCaseStart	1704887928253	1704887929263	OK	 
GROUP	XUI_PRL_030_CreateCaseStart	1704887928250	1704887929287	1010	OK
REQUEST	XUI_PRL_031_Type_Of_Application	XUI_PRL_031_005_Type_Of_Application	1704887929289	1704887930090	OK	 
GROUP	XUI_PRL_031_Type_Of_Application	1704887929287	1704887930092	801	OK
REQUEST	XUI_PRL_032_ApplicationCheckYourAnswers	XUI_PRL_032_005_ApplicationCheckYourAnswers	1704887930094	1704887935802	OK	 
GROUP	XUI_PRL_032_ApplicationCheckYourAnswers	1704887930092	1704887935834	5708	OK
REQUEST	XUI_PRL_033_ApplicationDetails	XUI_PRL_033_005_ApplicationDetails	1704887935834	1704887939929	OK	 
GROUP	XUI_PRL_033_ApplicationDetails	1704887935834	1704887939990	4095	OK
REQUEST	XUI_PRL_034_EnterApplicationDetails	XUI_PRL_034_005_EnterApplicationDetails	1704887939991	1704887940533	OK	 
GROUP	XUI_PRL_034_EnterApplicationDetails	1704887939990	1704887940535	542	OK
REQUEST	XUI_PRL_035_SubmitApplicationDetails	XUI_PRL_035_005_SubmitApplicationDetails	1704887940539	1704887944051	OK	 
GROUP	XUI_PRL_035_SubmitApplicationDetails	1704887940536	1704887944056	3512	OK
REQUEST	XUI_PRL_036_SubmitAndPay	XUI_PRL_036_005_SubmitAndPay	1704887944058	1704887948478	OK	 
GROUP	XUI_PRL_036_SubmitAndPay	1704887944056	1704887948494	4420	OK
REQUEST	XUI_PRL_037_ConfidentialityStatement	XUI_PRL_037_005_ConfidentialityStatement	1704887948495	1704887948960	OK	 
GROUP	XUI_PRL_037_ConfidentialityStatement	1704887948494	1704887948961	465	OK
REQUEST	XUI_PRL_038_Declaration	XUI_PRL_038_005_Declaration	1704887948962	1704887949520	OK	 
GROUP	XUI_PRL_038_Declaration	1704887948961	1704887949522	558	OK
REQUEST	XUI_PRL_039_Continue	XUI_PRL_039_005_Continue	1704887949524	1704887950287	OK	 
GROUP	XUI_PRL_039_Continue	1704887949522	1704887950289	763	OK
REQUEST	XUI_PRL_040_Continue	XUI_PRL_039_005_Continue	1704887950291	1704887955189	OK	 
GROUP	XUI_PRL_040_Continue	1704887950290	1704887955206	4898	OK
REQUEST	XUI_PRL_041_DummyPaymentConfirmation 	XUI_PRL_041_005_DummyPaymentConfirmation 	1704887955209	1704887955593	OK	 
GROUP	XUI_PRL_041_DummyPaymentConfirmation 	1704887955206	1704887955595	384	OK
REQUEST	XUI_PRL_042_PaymentOption	XUI_PRL_042_005_PaymentOption	1704887955596	1704887956431	OK	 
GROUP	XUI_PRL_042_PaymentOption	1704887955595	1704887956438	835	OK
REQUEST	XUI_PRL_043_PaymentOption	XUI_PRL_043_005_PaymentOption	1704887956440	1704887956668	OK	 
REQUEST	XUI_PRL_043_PaymentOption	XUI_PRL_043_005_PaymentOption Redirect 1	1704887956670	1704887956838	OK	 
GROUP	XUI_PRL_043_PaymentOption	1704887956439	1704887958637	2180	OK
REQUEST	XUI_PRL_044_CardDetails	XUI_PRL_044_005_CardDetails	1704887958638	1704887958813	OK	 
REQUEST	XUI_PRL_044_CardDetails	XUI_PRL_044_005_CardDetails Redirect 1	1704887958814	1704887958903	OK	 
GROUP	XUI_PRL_044_CardDetails	1704887958637	1704887958921	265	OK
REQUEST	XUI_PRL_045_ConfirmPayment	XUI_PRL_045_005_ConfirmPayment	1704887958922	1704887959016	OK	 
REQUEST	XUI_PRL_045_ConfirmPayment	XUI_PRL_045_005_ConfirmPayment Redirect 1	1704887959019	1704887959070	OK	 
REQUEST	XUI_PRL_045_ConfirmPayment	XUI_PRL_045_005_ConfirmPayment Redirect 2	1704887959087	1704887960940	OK	 
GROUP	XUI_PRL_045_ConfirmPayment	1704887958921	1704887961377	2428	OK
REQUEST	XUI_010_Homepage	XUI_010_005_Homepage	1704887961377	1704887961423	OK	 
REQUEST	XUI_010_Homepage	XUI_Common_000_ConfigurationUI	1704887983174	1704887983231	OK	 
REQUEST	XUI_010_Homepage	XUI_Common_000_ConfigJson	1704887983233	1704887983271	OK	 
REQUEST	XUI_010_Homepage	XUI_Common_000_TsAndCs	1704887983272	1704887983377	OK	 
REQUEST	XUI_010_Homepage	XUI_Common_000_ConfigUI	1704887983378	1704887983419	OK	 
REQUEST	XUI_010_Homepage	XUI_Common_000_UserDetails	1704887983420	1704887983648	OK	 
REQUEST	XUI_010_Homepage	XUI_Common_000_IsAuthenticated	1704887983649	1704887983708	OK	 
REQUEST	XUI_010_Homepage	XUI_010_010_AuthLogin	1704887983709	1704887983748	OK	 
REQUEST	XUI_010_Homepage	XUI_010_010_AuthLogin Redirect 1	1704887983749	1704887983907	OK	 
REQUEST	XUI_010_Homepage	XUI_010_010_AuthLogin Redirect 2	1704887983910	1704887984135	OK	 
GROUP	XUI_010_Homepage	1704887961377	1704887985923	24520	OK
REQUEST	XUI_020_Login	XUI_020_005_Login	1704887985925	1704887986039	OK	 
REQUEST	XUI_020_Login	XUI_020_005_Login Redirect 1	1704887986041	1704887986674	OK	 
REQUEST	XUI_020_Login	XUI_020_005_Login Redirect 2	1704887986675	1704887986794	OK	 
REQUEST	XUI_020_Login	XUI_Common_000_ConfigurationUI	1704888000872	1704888000942	OK	 
REQUEST	XUI_020_Login	XUI_Common_000_ConfigJson	1704888000944	1704888001092	OK	 
REQUEST	XUI_020_Login	XUI_Common_000_TsAndCs	1704888001094	1704888001131	OK	 
REQUEST	XUI_020_Login	XUI_Common_000_ConfigUI	1704888001132	1704888001178	OK	 
REQUEST	XUI_020_Login	XUI_Common_000_UserDetails	1704888001180	1704888001458	OK	 
REQUEST	XUI_020_Login	XUI_Common_000_IsAuthenticated	1704888001460	1704888001496	OK	 
REQUEST	XUI_020_Login	XUI_Common_000_MonitoringTools	1704888001498	1704888001557	OK	 
GROUP	XUI_020_Login	1704887985924	1704888001560	15611	OK
REQUEST	XUI_PRL_030_TaskTab	XUI_PRL_040_005_SelectIssue	1704888001561	1704888025519	KO	regex("id": "(\w{8})-(\w{4})-(\w{4})-(\w{4})-(\w{12})").find.exists, found nothing
GROUP	XUI_PRL_030_TaskTab	1704888001560	1704888025527	23958	KO
USER	***** PRL Citizen Journey *****	END	1704888025535
