ASSERTION	AAECAAIFAAAAAAAAAFlA
RUN	simulations.PRL_Simulation	prl-simulation	1702991566652	 	3.9.5
USER	***** PRL Case Flags 2.1 Journey *****	START	1702991567387
REQUEST	XUI_010_Homepage	XUI_010_005_Homepage	1702991567396	1702991567637	OK	 
REQUEST	XUI_010_Homepage	XUI_Common_000_ConfigurationUI	1702991579919	1702991580052	OK	 
REQUEST	XUI_010_Homepage	XUI_Common_000_ConfigJson	1702991580054	1702991580145	OK	 
REQUEST	XUI_010_Homepage	XUI_Common_000_TsAndCs	1702991580146	1702991580175	OK	 
REQUEST	XUI_010_Homepage	XUI_Common_000_ConfigUI	1702991580177	1702991580215	OK	 
REQUEST	XUI_010_Homepage	XUI_Common_000_UserDetails	1702991580216	1702991580277	OK	 
REQUEST	XUI_010_Homepage	XUI_Common_000_IsAuthenticated	1702991580279	1702991580332	OK	 
REQUEST	XUI_010_Homepage	XUI_010_010_AuthLogin	1702991580337	1702991580366	OK	 
REQUEST	XUI_010_Homepage	XUI_010_010_AuthLogin Redirect 1	1702991580372	1702991580653	OK	 
REQUEST	XUI_010_Homepage	XUI_010_010_AuthLogin Redirect 2	1702991580654	1702991580740	OK	 
GROUP	XUI_010_Homepage	1702991567388	1702991582780	15253	OK
REQUEST	XUI_020_Login	XUI_020_005_Login	1702991582789	1702991583154	OK	 
REQUEST	XUI_020_Login	XUI_020_005_Login Redirect 1	1702991583155	1702991583958	OK	 
REQUEST	XUI_020_Login	XUI_020_005_Login Redirect 2	1702991583960	1702991584126	OK	 
REQUEST	XUI_020_Login	XUI_Common_000_ConfigurationUI	1702991602846	1702991602906	OK	 
REQUEST	XUI_020_Login	XUI_Common_000_ConfigJson	1702991602907	1702991602941	OK	 
REQUEST	XUI_020_Login	XUI_Common_000_TsAndCs	1702991602943	1702991602986	OK	 
REQUEST	XUI_020_Login	XUI_Common_000_ConfigUI	1702991602987	1702991603089	OK	 
REQUEST	XUI_020_Login	XUI_Common_000_UserDetails	1702991603090	1702991603757	OK	 
REQUEST	XUI_020_Login	XUI_Common_000_IsAuthenticated	1702991603759	1702991603806	OK	 
REQUEST	XUI_020_Login	XUI_Common_000_MonitoringTools	1702991603807	1702991603872	OK	 
GROUP	XUI_020_Login	1702991582781	1702991603894	21070	OK
REQUEST	XUI_PRL_030_CreateCaseStart	XUI_PRL_030_005_CreateCaseStart	1702991603897	1702991604969	OK	 
GROUP	XUI_PRL_030_CreateCaseStart	1702991603895	1702991604978	1072	OK
REQUEST	XUI_PRL_031_Type_Of_Application	XUI_PRL_031_005_Type_Of_Application	1702991604981	1702991605901	OK	 
GROUP	XUI_PRL_031_Type_Of_Application	1702991604978	1702991605901	920	OK
REQUEST	XUI_PRL_032_ApplicationCheckYourAnswers	XUI_PRL_032_005_ApplicationCheckYourAnswers	1702991605902	1702991619730	OK	 
GROUP	XUI_PRL_032_ApplicationCheckYourAnswers	1702991605901	1702991619741	13828	OK
REQUEST	XUI_PRL_033_ApplicationDetails	XUI_PRL_033_005_ApplicationDetails	1702991619742	1702991627291	OK	 
GROUP	XUI_PRL_033_ApplicationDetails	1702991619741	1702991627324	7549	OK
REQUEST	XUI_PRL_034_EnterApplicationDetails	XUI_PRL_034_005_EnterApplicationDetails	1702991627324	1702991629000	OK	 
GROUP	XUI_PRL_034_EnterApplicationDetails	1702991627324	1702991629000	1676	OK
REQUEST	XUI_PRL_035_SubmitApplicationDetails	XUI_PRL_035_005_SubmitApplicationDetails	1702991629001	1702991638650	OK	 
GROUP	XUI_PRL_035_SubmitApplicationDetails	1702991629000	1702991638651	9649	OK
REQUEST	XUI_PRL_036_SubmitAndPay	XUI_PRL_036_005_SubmitAndPay	1702991638651	1702991652200	OK	 
GROUP	XUI_PRL_036_SubmitAndPay	1702991638651	1702991652210	13549	OK
REQUEST	XUI_PRL_037_ConfidentialityStatement	XUI_PRL_037_005_ConfidentialityStatement	1702991652211	1702991653453	OK	 
GROUP	XUI_PRL_037_ConfidentialityStatement	1702991652210	1702991653454	1242	OK
REQUEST	XUI_PRL_038_Declaration	XUI_PRL_038_005_Declaration	1702991653455	1702991654284	OK	 
GROUP	XUI_PRL_038_Declaration	1702991653454	1702991654284	829	OK
REQUEST	XUI_PRL_039_Continue	XUI_PRL_039_005_Continue	1702991654285	1702991656156	OK	 
GROUP	XUI_PRL_039_Continue	1702991654285	1702991656157	1871	OK
REQUEST	XUI_PRL_040_Continue	XUI_PRL_039_005_Continue	1702991656157	1702991667314	OK	 
GROUP	XUI_PRL_040_Continue	1702991656157	1702991667322	11157	OK
REQUEST	XUI_PRL_041_DummyPaymentConfirmation 	XUI_PRL_041_005_DummyPaymentConfirmation 	1702991667323	1702991668382	OK	 
GROUP	XUI_PRL_041_DummyPaymentConfirmation 	1702991667322	1702991668383	1059	OK
REQUEST	XUI_PRL_042_PaymentOption	XUI_PRL_042_005_PaymentOption	1702991668385	1702991669249	OK	 
GROUP	XUI_PRL_042_PaymentOption	1702991668383	1702991669250	864	OK
REQUEST	XUI_PRL_043_PaymentOption	XUI_PRL_043_005_PaymentOption	1702991669251	1702991669369	OK	 
REQUEST	XUI_PRL_043_PaymentOption	XUI_PRL_043_005_PaymentOption Redirect 1	1702991669370	1702991669453	OK	 
GROUP	XUI_PRL_043_PaymentOption	1702991669251	1702991669602	342	OK
REQUEST	XUI_PRL_044_CardDetails	XUI_PRL_044_005_CardDetails	1702991669602	1702991669755	OK	 
REQUEST	XUI_PRL_044_CardDetails	XUI_PRL_044_005_CardDetails Redirect 1	1702991669756	1702991669816	OK	 
GROUP	XUI_PRL_044_CardDetails	1702991669602	1702991669826	214	OK
REQUEST	XUI_PRL_045_ConfirmPayment	XUI_PRL_045_005_ConfirmPayment	1702991669828	1702991669895	OK	 
REQUEST	XUI_PRL_045_ConfirmPayment	XUI_PRL_045_005_ConfirmPayment Redirect 1	1702991669896	1702991669930	OK	 
REQUEST	XUI_PRL_045_ConfirmPayment	XUI_PRL_045_005_ConfirmPayment Redirect 2	1702991669938	1702991672271	OK	 
GROUP	XUI_PRL_045_ConfirmPayment	1702991669827	1702991673630	3788	OK
REQUEST	XUI_PRL_030_CreateCaseStart	XUI_PRL_030_005_CreateCaseStart	1702991673631	1702991675159	OK	 
GROUP	XUI_PRL_030_CreateCaseStart	1702991673631	1702991675160	1528	OK
REQUEST	XUI_PRL_031_Type_Of_Application	XUI_PRL_031_005_Type_Of_Application	1702991675160	1702991676063	OK	 
GROUP	XUI_PRL_031_Type_Of_Application	1702991675160	1702991676064	903	OK
REQUEST	XUI_PRL_032_ApplicationCheckYourAnswers	XUI_PRL_032_005_ApplicationCheckYourAnswers	1702991676064	1702991690767	OK	 
GROUP	XUI_PRL_032_ApplicationCheckYourAnswers	1702991676064	1702991690769	14703	OK
REQUEST	XUI_PRL_033_ApplicationDetails	XUI_PRL_033_005_ApplicationDetails	1702991690769	1702991695396	OK	 
GROUP	XUI_PRL_033_ApplicationDetails	1702991690769	1702991695407	4627	OK
REQUEST	XUI_PRL_034_EnterApplicationDetails	XUI_PRL_034_005_EnterApplicationDetails	1702991695407	1702991696280	OK	 
GROUP	XUI_PRL_034_EnterApplicationDetails	1702991695407	1702991696280	873	OK
REQUEST	XUI_PRL_035_SubmitApplicationDetails	XUI_PRL_035_005_SubmitApplicationDetails	1702991696281	1702991703544	OK	 
GROUP	XUI_PRL_035_SubmitApplicationDetails	1702991696280	1702991703545	7263	OK
REQUEST	XUI_PRL_036_SubmitAndPay	XUI_PRL_036_005_SubmitAndPay	1702991703545	1702991713307	OK	 
GROUP	XUI_PRL_036_SubmitAndPay	1702991703545	1702991713308	9762	OK
REQUEST	XUI_PRL_037_ConfidentialityStatement	XUI_PRL_037_005_ConfidentialityStatement	1702991713308	1702991713578	OK	 
GROUP	XUI_PRL_037_ConfidentialityStatement	1702991713308	1702991713579	270	OK
REQUEST	XUI_PRL_038_Declaration	XUI_PRL_038_005_Declaration	1702991713579	1702991714312	OK	 
GROUP	XUI_PRL_038_Declaration	1702991713579	1702991714312	733	OK
REQUEST	XUI_PRL_039_Continue	XUI_PRL_039_005_Continue	1702991714313	1702991715820	OK	 
GROUP	XUI_PRL_039_Continue	1702991714312	1702991715821	1507	OK
REQUEST	XUI_PRL_040_Continue	XUI_PRL_039_005_Continue	1702991715821	1702991745981	KO	status.find.in([200, 209], 304), found 504
GROUP	XUI_PRL_040_Continue	1702991715821	1702991745986	30160	KO
USER	***** PRL Case Flags 2.1 Journey *****	END	1702991745996
