ASSERTION	AAECAAIFAAAAAAAAAFlA
RUN	simulations.PRL_Simulation	prl-simulation	1711467996047	 	3.9.5
USER	***** PRL Citizen Journey *****	START	1711467996504
REQUEST	PRL_CitizenC100_010_PRLHome	PRL_CitizenC100_010_005_PRLHome	1711467996524	1711467996697	OK	 
REQUEST	PRL_CitizenC100_010_PRLHome	PRL_CitizenC100_010_005_PRLHome Redirect 1	1711467996704	1711467996793	OK	 
REQUEST	PRL_CitizenC100_010_PRLHome	PRL_CitizenC100_010_005_PRLHome Redirect 2	1711467996793	1711467996864	OK	 
REQUEST	PRL_CitizenC100_010_PRLHome	PRL_CitizenC100_010_005_PRLHome Redirect 3	1711467996865	1711467996995	OK	 
GROUP	PRL_CitizenC100_010_PRLHome	1711467996505	1711467997168	589	OK
REQUEST	PRL_CitizenC100_020_Login	PRL_CitizenC100_020_005_Login	1711467997170	1711467997342	OK	 
REQUEST	PRL_CitizenC100_020_Login	PRL_CitizenC100_020_005_Login Redirect 1	1711467997342	1711468001913	OK	 
REQUEST	PRL_CitizenC100_020_Login	PRL_CitizenC100_020_005_Login Redirect 2	1711468001914	1711468004595	OK	 
GROUP	PRL_CitizenC100_020_Login	1711467997169	1711468004791	7616	OK
REQUEST	PRL_CitizenC100_025_ChildArrangementsApplication	PRL_CitizenC100_025_005_ChildArrangementsApplication	1711468004792	1711468005206	OK	 
GROUP	PRL_CitizenC100_025_ChildArrangementsApplication	1711468004792	1711468005316	518	OK
REQUEST	PRL_CitizenC100_030_StartApplication	PRL_CitizenC100_030_005_StartApplication	1711468005316	1711468005617	OK	 
GROUP	PRL_CitizenC100_030_StartApplication	1711468005316	1711468005833	512	OK
REQUEST	PRL_CitizenC100_040_WhatYouWillNeed	PRL_CitizenC100_040_005_WhatYouWillNeed	1711468005835	1711468014626	OK	 
REQUEST	PRL_CitizenC100_040_WhatYouWillNeed	PRL_CitizenC100_040_005_WhatYouWillNeed Redirect 1	1711468014627	1711468014733	OK	 
GROUP	PRL_CitizenC100_040_WhatYouWillNeed	1711468005833	1711468014931	9076	OK
REQUEST	PRL_CitizenC100_060_ChildrenPostCode	PRL_CitizenC100_060_005_ChildrenPostCode	1711468014932	1711468014973	OK	 
REQUEST	PRL_CitizenC100_060_ChildrenPostCode	PRL_CitizenC100_060_005_ChildrenPostCode Redirect 1	1711468014973	1711468015030	OK	 
GROUP	PRL_CitizenC100_060_ChildrenPostCode	1711468014931	1711468015158	215	OK
REQUEST	PRL_CitizenC100_070_WrittenAgreement	PRL_CitizenC100_070_005_WrittenAgreement	1711468015159	1711468015214	OK	 
REQUEST	PRL_CitizenC100_070_WrittenAgreement	PRL_CitizenC100_070_005_WrittenAgreement Redirect 1	1711468015215	1711468015320	OK	 
GROUP	PRL_CitizenC100_070_WrittenAgreement	1711468015158	1711468015427	251	OK
REQUEST	PRL_CitizenC100_080_BeforeCourt	PRL_CitizenC100_080_005_BeforeCourt	1711468015428	1711468015468	OK	 
REQUEST	PRL_CitizenC100_080_BeforeCourt	PRL_CitizenC100_080_005_BeforeCourt Redirect 1	1711468015470	1711468015571	OK	 
GROUP	PRL_CitizenC100_080_BeforeCourt	1711468015427	1711468015668	232	OK
REQUEST	PRL_CitizenC100_090_ReachAgreement	PRL_CitizenC100_090_005_ReachAgreement	1711468015669	1711468015732	OK	 
REQUEST	PRL_CitizenC100_090_ReachAgreement	PRL_CitizenC100_090_005_ReachAgreement Redirect 1	1711468015733	1711468015829	OK	 
GROUP	PRL_CitizenC100_090_ReachAgreement	1711468015668	1711468015937	256	OK
REQUEST	PRL_CitizenC100_100_LegalRep	PRL_CitizenC100_100_005_LegalRep	1711468015938	1711468016006	OK	 
REQUEST	PRL_CitizenC100_100_LegalRep	PRL_CitizenC100_100_005_LegalRep Redirect 1	1711468016007	1711468016148	OK	 
GROUP	PRL_CitizenC100_100_LegalRep	1711468015937	1711468016247	303	OK
REQUEST	PRL_CitizenC100_110_PermissionFromCourt	PRL_CitizenC100_110_005_PermissionFromCourt	1711468016247	1711468016288	OK	 
REQUEST	PRL_CitizenC100_110_PermissionFromCourt	PRL_CitizenC100_110_005_PermissionFromCourt Redirect 1	1711468016288	1711468016379	OK	 
GROUP	PRL_CitizenC100_110_PermissionFromCourt	1711468016247	1711468016473	222	OK
REQUEST	PRL_CitizenC100_120_WhyPermissionFromCourt	PRL_CitizenC100_120_005_WhyPermissionFromCourt	1711468016474	1711468016516	OK	 
REQUEST	PRL_CitizenC100_120_WhyPermissionFromCourt	PRL_CitizenC100_120_005_WhyPermissionFromCourt Redirect 1	1711468016517	1711468016597	OK	 
GROUP	PRL_CitizenC100_120_WhyPermissionFromCourt	1711468016473	1711468016688	211	OK
REQUEST	PRL_CitizenC100_130_WhyCourtShouldGrant	PRL_CitizenC100_130_005_WhyCourtShouldGrant	1711468016689	1711468016726	OK	 
REQUEST	PRL_CitizenC100_130_WhyCourtShouldGrant	PRL_CitizenC100_130_005_WhyCourtShouldGrant Redirect 1	1711468016727	1711468016808	OK	 
GROUP	PRL_CitizenC100_130_WhyCourtShouldGrant	1711468016688	1711468016934	240	OK
REQUEST	PRL_CitizenC100_140_InvolvedInEmergencyProtection	PRL_CitizenC100_140_005_InvolvedInEmergencyProtection	1711468016935	1711468016979	OK	 
REQUEST	PRL_CitizenC100_140_InvolvedInEmergencyProtection	PRL_CitizenC100_140_005_InvolvedInEmergencyProtection Redirect 1	1711468016980	1711468017061	OK	 
GROUP	PRL_CitizenC100_140_InvolvedInEmergencyProtection	1711468016934	1711468017172	232	OK
REQUEST	PRL_CitizenC100_150_AttendingMIAM	PRL_CitizenC100_150_005_AttendingMIAM	1711468017173	1711468017214	OK	 
REQUEST	PRL_CitizenC100_150_AttendingMIAM	PRL_CitizenC100_150_005_AttendingMIAM Redirect 1	1711468017215	1711468017298	OK	 
GROUP	PRL_CitizenC100_150_AttendingMIAM	1711468017172	1711468019823	2645	OK
REQUEST	PRL_CitizenC100_160_AttendedMIAM	PRL_CitizenC100_160_005_AttendedMIAM	1711468019824	1711468019865	OK	 
REQUEST	PRL_CitizenC100_160_AttendedMIAM	PRL_CitizenC100_160_005_AttendedMIAM Redirect 1	1711468019866	1711468020018	OK	 
GROUP	PRL_CitizenC100_160_AttendedMIAM	1711468019823	1711468020131	303	OK
REQUEST	PRL_CitizenC100_170_DocumentSigned	PRL_CitizenC100_170_005_DocumentSigned	1711468020132	1711468020169	OK	 
REQUEST	PRL_CitizenC100_170_DocumentSigned	PRL_CitizenC100_170_005_DocumentSigned Redirect 1	1711468020171	1711468020274	OK	 
GROUP	PRL_CitizenC100_170_DocumentSigned	1711468020131	1711468020400	256	OK
REQUEST	PRL_CitizenC100_180_MIAMUpload	PRL_CitizenC100_180_005_MIAMUpload	1711468020421	1711468022304	OK	 
REQUEST	PRL_CitizenC100_180_MIAMUpload	PRL_CitizenC100_180_005_MIAMUpload Redirect 1	1711468022305	1711468022373	OK	 
GROUP	PRL_CitizenC100_180_MIAMUpload	1711468020400	1711468022470	2046	OK
REQUEST	PRL_CitizenC100_190_MIAMUploadSubmit	PRL_CitizenC100_190_005_MIAMUploadSubmit	1711468022470	1711468022510	OK	 
REQUEST	PRL_CitizenC100_190_MIAMUploadSubmit	PRL_CitizenC100_190_005_MIAMUploadSubmit Redirect 1	1711468022510	1711468022619	OK	 
GROUP	PRL_CitizenC100_190_MIAMUploadSubmit	1711468022470	1711468022803	331	OK
REQUEST	PRL_CitizenC100_200_MIAMUploadContinue	PRL_CitizenC100_200_005_MIAMUploadContinue	1711468022803	1711468022839	OK	 
REQUEST	PRL_CitizenC100_200_MIAMUploadContinue	PRL_CitizenC100_200_005_MIAMUploadContinue Redirect 1	1711468022840	1711468022940	OK	 
GROUP	PRL_CitizenC100_200_MIAMUploadContinue	1711468022803	1711468023029	224	OK
REQUEST	PRL_CitizenC100_210_AskingCourtToDo	PRL_CitizenC100_210_005_AskingCourtToDo	1711468023030	1711468023068	OK	 
REQUEST	PRL_CitizenC100_210_AskingCourtToDo	PRL_CitizenC100_210_005_AskingCourtToDo Redirect 1	1711468023069	1711468023174	OK	 
GROUP	PRL_CitizenC100_210_AskingCourtToDo	1711468023029	1711468023334	302	OK
REQUEST	PRL_CitizenC100_220_WouldLikeCourtTo	PRL_CitizenC100_220_005_WouldLikeCourtTo	1711468023334	1711468023371	OK	 
REQUEST	PRL_CitizenC100_220_WouldLikeCourtTo	PRL_CitizenC100_220_005_WouldLikeCourtTo Redirect 1	1711468023371	1711468023533	OK	 
GROUP	PRL_CitizenC100_220_WouldLikeCourtTo	1711468023334	1711468023630	295	OK
REQUEST	PRL_CitizenC100_230_DescribeWhatCourt	PRL_CitizenC100_230_005_DescribeWhatCourt	1711468023630	1711468023671	OK	 
REQUEST	PRL_CitizenC100_230_DescribeWhatCourt	PRL_CitizenC100_230_005_DescribeWhatCourt Redirect 1	1711468023671	1711468023754	OK	 
GROUP	PRL_CitizenC100_230_DescribeWhatCourt	1711468023630	1711468023845	214	OK
REQUEST	PRL_CitizenC100_240_UrgentFirstHearing	PRL_CitizenC100_240_005_UrgentFirstHearing	1711468023846	1711468023888	OK	 
REQUEST	PRL_CitizenC100_240_UrgentFirstHearing	PRL_CitizenC100_240_005_UrgentFirstHearing Redirect 1	1711468023889	1711468023976	OK	 
GROUP	PRL_CitizenC100_240_UrgentFirstHearing	1711468023845	1711468024068	220	OK
REQUEST	PRL_CitizenC100_250_UrgentHearingDetails	PRL_CitizenC100_250_005_UrgentHearingDetails	1711468024068	1711468024129	OK	 
REQUEST	PRL_CitizenC100_250_UrgentHearingDetails	PRL_CitizenC100_250_005_UrgentHearingDetails Redirect 1	1711468024129	1711468024234	OK	 
GROUP	PRL_CitizenC100_250_UrgentHearingDetails	1711468024068	1711468024329	260	OK
REQUEST	PRL_CitizenC100_260_AskingForWithoutNotice	PRL_CitizenC100_260_005_AskingForWithoutNotice	1711468024329	1711468024369	OK	 
REQUEST	PRL_CitizenC100_260_AskingForWithoutNotice	PRL_CitizenC100_260_005_AskingForWithoutNotice Redirect 1	1711468024369	1711468024481	OK	 
GROUP	PRL_CitizenC100_260_AskingForWithoutNotice	1711468024329	1711468024645	315	OK
REQUEST	PRL_CitizenC100_270_WithoutNoticeDetails	PRL_CitizenC100_270_005_WithoutNoticeDetails	1711468024645	1711468024690	OK	 
REQUEST	PRL_CitizenC100_270_WithoutNoticeDetails	PRL_CitizenC100_270_005_WithoutNoticeDetails Redirect 1	1711468024691	1711468024832	OK	 
GROUP	PRL_CitizenC100_270_WithoutNoticeDetails	1711468024645	1711468024964	315	OK
REQUEST	PRL_CitizenC100_280_ChildrenName	PRL_CitizenC100_280_005_ChildrenName	1711468024966	1711468025006	OK	 
GROUP	PRL_CitizenC100_280_ChildrenName	1711468024964	1711468025010	40	OK
REQUEST	PRL_CitizenC100_285_ChildrenNameRedirect	PRL_CitizenC100_280_005_ChildrenName	1711468025011	1711468025098	OK	 
GROUP	PRL_CitizenC100_285_ChildrenNameRedirect	1711468025010	1711468025190	174	OK
REQUEST	PRL_CitizenC100_290_ChildDetails	PRL_CitizenC100_290_005_ChildDetails	1711468025191	1711468025230	OK	 
REQUEST	PRL_CitizenC100_290_ChildDetails	PRL_CitizenC100_290_005_ChildDetails Redirect 1	1711468025231	1711468025328	OK	 
GROUP	PRL_CitizenC100_290_ChildDetails	1711468025190	1711468025431	235	OK
REQUEST	PRL_CitizenC100_300_WhichDecision	PRL_CitizenC100_300_005_WhichDecision	1711468025433	1711468025471	OK	 
REQUEST	PRL_CitizenC100_300_WhichDecision	PRL_CitizenC100_300_005_WhichDecision Redirect 1	1711468025472	1711468025551	OK	 
GROUP	PRL_CitizenC100_300_WhichDecision	1711468025431	1711468025700	263	OK
REQUEST	PRL_CitizenC100_310_ParentalResponsibility	PRL_CitizenC100_310_005_ParentalResponsibility	1711468025701	1711468025745	OK	 
REQUEST	PRL_CitizenC100_310_ParentalResponsibility	PRL_CitizenC100_310_005_ParentalResponsibility Redirect 1	1711468025746	1711468025845	OK	 
GROUP	PRL_CitizenC100_310_ParentalResponsibility	1711468025700	1711468026030	324	OK
REQUEST	PRL_CitizenC100_320_FurtherInformation	PRL_CitizenC100_320_005_FurtherInformation	1711468026030	1711468026072	OK	 
REQUEST	PRL_CitizenC100_320_FurtherInformation	PRL_CitizenC100_320_005_FurtherInformation Redirect 1	1711468026072	1711468026172	OK	 
GROUP	PRL_CitizenC100_320_FurtherInformation	1711468026030	1711468026268	237	OK
REQUEST	PRL_CitizenC100_330_OtherChildren	PRL_CitizenC100_330_005_OtherChildren	1711468026268	1711468026310	OK	 
REQUEST	PRL_CitizenC100_330_OtherChildren	PRL_CitizenC100_330_005_OtherChildren Redirect 1	1711468026311	1711468026398	OK	 
GROUP	PRL_CitizenC100_330_OtherChildren	1711468026268	1711468026492	222	OK
REQUEST	PRL_CitizenC100_340_EnterYourName	PRL_CitizenC100_340_005_EnterYourName	1711468026492	1711468026534	OK	 
GROUP	PRL_CitizenC100_340_EnterYourName	1711468026492	1711468026534	42	OK
REQUEST	PRL_CitizenC100_345_EnterYourNameRedirect	PRL_CitizenC100_340_005_EnterYourName	1711468026535	1711468026622	OK	 
GROUP	PRL_CitizenC100_345_EnterYourNameRedirect	1711468026534	1711468026754	218	OK
REQUEST	PRL_CitizenC100_350_KnowContactDetails	PRL_CitizenC100_350_005_KnowContactDetails	1711468026754	1711468026793	OK	 
REQUEST	PRL_CitizenC100_350_KnowContactDetails	PRL_CitizenC100_350_005_KnowContactDetails Redirect 1	1711468026794	1711468026880	OK	 
GROUP	PRL_CitizenC100_350_KnowContactDetails	1711468026754	1711468027013	257	OK
REQUEST	PRL_CitizenC100_360_KeepDetailsPrivate	PRL_CitizenC100_360_005_KeepDetailsPrivate	1711468027013	1711468027064	OK	 
REQUEST	PRL_CitizenC100_360_KeepDetailsPrivate	PRL_CitizenC100_360_005_KeepDetailsPrivate Redirect 1	1711468027065	1711468027156	OK	 
GROUP	PRL_CitizenC100_360_KeepDetailsPrivate	1711468027013	1711468027258	243	OK
REQUEST	PRL_CitizenC100_370_KeepDetailsPrivateContinue	PRL_CitizenC100_370_005_KeepDetailsPrivateContinue	1711468027258	1711468027297	OK	 
REQUEST	PRL_CitizenC100_370_KeepDetailsPrivateContinue	PRL_CitizenC100_370_005_KeepDetailsPrivateContinue Redirect 1	1711468027297	1711468027381	OK	 
GROUP	PRL_CitizenC100_370_KeepDetailsPrivateContinue	1711468027258	1711468027472	213	OK
REQUEST	PRL_CitizenC100_380_ApplicantDetails	PRL_CitizenC100_380_005_ApplicantDetails	1711468027473	1711468027515	OK	 
REQUEST	PRL_CitizenC100_380_ApplicantDetails	PRL_CitizenC100_380_005_ApplicantDetails Redirect 1	1711468027516	1711468027601	OK	 
GROUP	PRL_CitizenC100_380_ApplicantDetails	1711468027472	1711468027768	293	OK
REQUEST	PRL_CitizenC100_390_ApplicantRelationship	PRL_CitizenC100_390_005_ApplicantRelationship	1711468027768	1711468027826	OK	 
REQUEST	PRL_CitizenC100_390_ApplicantRelationship	PRL_CitizenC100_390_005_ApplicantRelationship Redirect 1	1711468027826	1711468027906	OK	 
GROUP	PRL_CitizenC100_390_ApplicantRelationship	1711468027768	1711468027997	228	OK
REQUEST	PRL_CitizenC100_400_ApplicantPostcode	PRL_CitizenC100_400_005_ApplicantPostcode	1711468027998	1711468028517	OK	 
REQUEST	PRL_CitizenC100_400_ApplicantPostcode	PRL_CitizenC100_400_005_ApplicantPostcode Redirect 1	1711468028517	1711468028602	OK	 
GROUP	PRL_CitizenC100_400_ApplicantPostcode	1711468027998	1711468028709	708	OK
REQUEST	PRL_CitizenC100_410_ApplicantSelectAddress	PRL_CitizenC100_410_005_ApplicantSelectAddress	1711468028709	1711468028751	OK	 
REQUEST	PRL_CitizenC100_410_ApplicantSelectAddress	PRL_CitizenC100_410_005_ApplicantSelectAddress Redirect 1	1711468028751	1711468028837	OK	 
GROUP	PRL_CitizenC100_410_ApplicantSelectAddress	1711468028709	1711468028931	219	OK
REQUEST	PRL_CitizenC100_420_ApplicantAddress	PRL_CitizenC100_420_005_ApplicantAddress	1711468028931	1711468028966	OK	 
REQUEST	PRL_CitizenC100_420_ApplicantAddress	PRL_CitizenC100_420_005_ApplicantAddress Redirect 1	1711468028967	1711468029112	OK	 
GROUP	PRL_CitizenC100_420_ApplicantAddress	1711468028931	1711468029203	269	OK
REQUEST	PRL_CitizenC100_430_ApplicantContact	PRL_CitizenC100_430_005_ApplicantContact	1711468029203	1711468029245	OK	 
REQUEST	PRL_CitizenC100_430_ApplicantContact	PRL_CitizenC100_430_005_ApplicantContact Redirect 1	1711468029246	1711468029321	OK	 
GROUP	PRL_CitizenC100_430_ApplicantContact	1711468029203	1711468029410	204	OK
REQUEST	PRL_CitizenC100_440_ApplicantContactPreference	PRL_CitizenC100_440_005_ApplicantContactPreference	1711468029410	1711468029448	OK	 
REQUEST	PRL_CitizenC100_440_ApplicantContactPreference	PRL_CitizenC100_440_005_ApplicantContactPreference Redirect 1	1711468029449	1711468029537	OK	 
GROUP	PRL_CitizenC100_440_ApplicantContactPreference	1711468029410	1711468029628	216	OK
REQUEST	PRL_CitizenC100_450_RespondentName	PRL_CitizenC100_450_005_RespondentName	1711468029629	1711468029666	OK	 
GROUP	PRL_CitizenC100_450_RespondentName	1711468029628	1711468029666	37	OK
REQUEST	PRL_CitizenC100_460_RespondentNameRedirect	PRL_CitizenC100_460_005_RespondentNameRedirect	1711468029666	1711468029772	OK	 
GROUP	PRL_CitizenC100_460_RespondentNameRedirect	1711468029666	1711468029876	209	OK
REQUEST	PRL_CitizenC100_470_RespondentDetails	PRL_CitizenC100_470_005_RespondentDetails	1711468029876	1711468029918	OK	 
REQUEST	PRL_CitizenC100_470_RespondentDetails	PRL_CitizenC100_470_005_RespondentDetails Redirect 1	1711468029918	1711468030014	OK	 
GROUP	PRL_CitizenC100_470_RespondentDetails	1711468029876	1711468030100	223	OK
REQUEST	PRL_CitizenC100_480_RespondentRelationship	PRL_CitizenC100_480_005_RespondentRelationship	1711468030100	1711468030154	OK	 
REQUEST	PRL_CitizenC100_480_RespondentRelationship	PRL_CitizenC100_480_005_RespondentRelationship Redirect 1	1711468030154	1711468030237	OK	 
GROUP	PRL_CitizenC100_480_RespondentRelationship	1711468030100	1711468030334	232	OK
REQUEST	PRL_CitizenC100_490_RespondentPostcode	PRL_CitizenC100_490_005_RespondentPostcode	1711468030335	1711468031008	OK	 
REQUEST	PRL_CitizenC100_490_RespondentPostcode	PRL_CitizenC100_490_005_RespondentPostcode Redirect 1	1711468031009	1711468031088	OK	 
GROUP	PRL_CitizenC100_490_RespondentPostcode	1711468030334	1711468031190	852	OK
REQUEST	PRL_CitizenC100_500_RespondentSelectAddress	PRL_CitizenC100_500_005_RespondentSelectAddress	1711468031190	1711468031229	OK	 
REQUEST	PRL_CitizenC100_500_RespondentSelectAddress	PRL_CitizenC100_500_005_RespondentSelectAddress Redirect 1	1711468031229	1711468031314	OK	 
GROUP	PRL_CitizenC100_500_RespondentSelectAddress	1711468031190	1711468031407	216	OK
REQUEST	PRL_CitizenC100_510_RespondentAddress	PRL_CitizenC100_510_005_RespondentAddress	1711468031408	1711468031448	OK	 
REQUEST	PRL_CitizenC100_510_RespondentAddress	PRL_CitizenC100_510_005_RespondentAddress Redirect 1	1711468031449	1711468031525	OK	 
GROUP	PRL_CitizenC100_510_RespondentAddress	1711468031408	1711468031613	202	OK
REQUEST	PRL_CitizenC100_520_RespondentContact	PRL_CitizenC100_520_005_RespondentContact	1711468031613	1711468031656	OK	 
REQUEST	PRL_CitizenC100_520_RespondentContact	PRL_CitizenC100_520_005_RespondentContact Redirect 1	1711468031656	1711468031756	OK	 
GROUP	PRL_CitizenC100_520_RespondentContact	1711468031613	1711468031845	231	OK
REQUEST	PRL_CitizenC100_530_AnyoneElse	PRL_CitizenC100_530_005_AnyoneElse	1711468031846	1711468031891	OK	 
REQUEST	PRL_CitizenC100_530_AnyoneElse	PRL_CitizenC100_530_005_AnyoneElse Redirect 1	1711468031891	1711468031974	OK	 
GROUP	PRL_CitizenC100_530_AnyoneElse	1711468031845	1711468032062	215	OK
REQUEST	PRL_CitizenC100_540_ChildLiveWith	PRL_CitizenC100_540_005_ChildLiveWith	1711468032062	1711468032103	OK	 
REQUEST	PRL_CitizenC100_540_ChildLiveWith	PRL_CitizenC100_540_005_ChildLiveWith Redirect 1	1711468032103	1711468032214	OK	 
GROUP	PRL_CitizenC100_540_ChildLiveWith	1711468032062	1711468032441	378	OK
REQUEST	PRL_CitizenC100_550_InvolvedInCourt	PRL_CitizenC100_550_005_InvolvedInCourt	1711468032441	1711468032492	OK	 
REQUEST	PRL_CitizenC100_550_InvolvedInCourt	PRL_CitizenC100_550_005_InvolvedInCourt Redirect 1	1711468032492	1711468032577	OK	 
GROUP	PRL_CitizenC100_550_InvolvedInCourt	1711468032441	1711468032671	229	OK
REQUEST	PRL_CitizenC100_560_CourtCasesInfo	PRL_CitizenC100_560_005_CourtCasesInfo	1711468032671	1711468032715	OK	 
REQUEST	PRL_CitizenC100_560_CourtCasesInfo	PRL_CitizenC100_560_005_CourtCasesInfo Redirect 1	1711468032715	1711468032800	OK	 
GROUP	PRL_CitizenC100_560_CourtCasesInfo	1711468032671	1711468032902	228	OK
REQUEST	PRL_CitizenC100_570_DetailsOfCourtCases	PRL_CitizenC100_570_005_DetailsOfCourtCases	1711468032903	1711468032952	OK	 
REQUEST	PRL_CitizenC100_570_DetailsOfCourtCases	PRL_CitizenC100_570_005_DetailsOfCourtCases Redirect 1	1711468032953	1711468033035	OK	 
GROUP	PRL_CitizenC100_570_DetailsOfCourtCases	1711468032903	1711468033126	221	OK
REQUEST	PRL_CitizenC100_580_SafetyInfo	PRL_CitizenC100_580_005_SafetyInfo	1711468033126	1711468033186	OK	 
REQUEST	PRL_CitizenC100_580_SafetyInfo	PRL_CitizenC100_580_005_SafetyInfo Redirect 1	1711468033186	1711468033313	OK	 
GROUP	PRL_CitizenC100_580_SafetyInfo	1711468033126	1711468033412	283	OK
REQUEST	PRL_CitizenC100_590_SafetyConcerns	PRL_CitizenC100_590_005_SafetyConcerns	1711468033412	1711468033454	OK	 
REQUEST	PRL_CitizenC100_590_SafetyConcerns	PRL_CitizenC100_590_005_SafetyConcerns Redirect 1	1711468033455	1711468033567	OK	 
GROUP	PRL_CitizenC100_590_SafetyConcerns	1711468033412	1711468033668	251	OK
REQUEST	PRL_CitizenC100_600_ConcernedAbout	PRL_CitizenC100_600_005_ConcernedAbout	1711468033668	1711468033707	OK	 
REQUEST	PRL_CitizenC100_600_ConcernedAbout	PRL_CitizenC100_600_005_ConcernedAbout Redirect 1	1711468033708	1711468033812	OK	 
GROUP	PRL_CitizenC100_600_ConcernedAbout	1711468033668	1711468033911	237	OK
REQUEST	PRL_CitizenC100_610_TypeOfBehaviour	PRL_CitizenC100_610_005_TypeOfBehaviour	1711468033911	1711468033951	OK	 
REQUEST	PRL_CitizenC100_610_TypeOfBehaviour	PRL_CitizenC100_610_005_TypeOfBehaviour Redirect 1	1711468033951	1711468034070	OK	 
GROUP	PRL_CitizenC100_610_TypeOfBehaviour	1711468033911	1711468034162	249	OK
REQUEST	PRL_CitizenC100_620_DescribePyshicalAbuse	PRL_CitizenC100_620_005_DescribePyshicalAbuse	1711468034162	1711468034200	OK	 
REQUEST	PRL_CitizenC100_620_DescribePyshicalAbuse	PRL_CitizenC100_620_005_DescribePyshicalAbuse Redirect 1	1711468034200	1711468034292	OK	 
GROUP	PRL_CitizenC100_620_DescribePyshicalAbuse	1711468034162	1711468034384	219	OK
REQUEST	PRL_CitizenC100_630_ImpactedByDrug	PRL_CitizenC100_630_005_ImpactedByDrug	1711468034385	1711468034424	OK	 
REQUEST	PRL_CitizenC100_630_ImpactedByDrug	PRL_CitizenC100_630_005_ImpactedByDrug Redirect 1	1711468034424	1711468034510	OK	 
GROUP	PRL_CitizenC100_630_ImpactedByDrug	1711468034384	1711468034597	209	OK
REQUEST	PRL_CitizenC100_640_OtherConcerns	PRL_CitizenC100_640_005_OtherConcerns	1711468034598	1711468034640	OK	 
REQUEST	PRL_CitizenC100_640_OtherConcerns	PRL_CitizenC100_640_005_OtherConcerns Redirect 1	1711468034641	1711468034724	OK	 
GROUP	PRL_CitizenC100_640_OtherConcerns	1711468034597	1711468034929	325	OK
REQUEST	PRL_CitizenC100_650_KeepChildrenSafe	PRL_CitizenC100_650_005_KeepChildrenSafe	1711468034930	1711468034969	OK	 
REQUEST	PRL_CitizenC100_650_KeepChildrenSafe	PRL_CitizenC100_650_005_KeepChildrenSafe Redirect 1	1711468034970	1711468035056	OK	 
GROUP	PRL_CitizenC100_650_KeepChildrenSafe	1711468034929	1711468035150	216	OK
REQUEST	PRL_CitizenC100_660_ContactBetweenChildren	PRL_CitizenC100_660_005_ContactBetweenChildren	1711468035150	1711468035189	OK	 
REQUEST	PRL_CitizenC100_660_ContactBetweenChildren	PRL_CitizenC100_660_005_ContactBetweenChildren Redirect 1	1711468035190	1711468035324	OK	 
GROUP	PRL_CitizenC100_660_ContactBetweenChildren	1711468035150	1711468035425	269	OK
REQUEST	PRL_CitizenC100_670_ChildrenBasedOutsideEngland	PRL_CitizenC100_670_005_ChildrenBasedOutsideEngland	1711468035425	1711468035464	OK	 
REQUEST	PRL_CitizenC100_670_ChildrenBasedOutsideEngland	PRL_CitizenC100_670_005_ChildrenBasedOutsideEngland Redirect 1	1711468035465	1711468035551	OK	 
GROUP	PRL_CitizenC100_670_ChildrenBasedOutsideEngland	1711468035425	1711468035641	212	OK
REQUEST	PRL_CitizenC100_680_ParentsBasedOutsideEngland	PRL_CitizenC100_680_005_ParentsBasedOutsideEngland	1711468035641	1711468035679	OK	 
REQUEST	PRL_CitizenC100_680_ParentsBasedOutsideEngland	PRL_CitizenC100_680_005_ParentsBasedOutsideEngland Redirect 1	1711468035680	1711468035780	OK	 
GROUP	PRL_CitizenC100_680_ParentsBasedOutsideEngland	1711468035641	1711468035901	256	OK
REQUEST	PRL_CitizenC100_690_AnotherPersonApply	PRL_CitizenC100_690_005_AnotherPersonApply	1711468035901	1711468035941	OK	 
REQUEST	PRL_CitizenC100_690_AnotherPersonApply	PRL_CitizenC100_690_005_AnotherPersonApply Redirect 1	1711468035942	1711468036023	OK	 
GROUP	PRL_CitizenC100_690_AnotherPersonApply	1711468035901	1711468036123	218	OK
REQUEST	PRL_CitizenC100_700_AnotherCountryAsked	PRL_CitizenC100_700_005_AnotherCountryAsked	1711468036124	1711468036172	OK	 
REQUEST	PRL_CitizenC100_700_AnotherCountryAsked	PRL_CitizenC100_700_005_AnotherCountryAsked Redirect 1	1711468036172	1711468036262	OK	 
GROUP	PRL_CitizenC100_700_AnotherCountryAsked	1711468036123	1711468036375	248	OK
REQUEST	PRL_CitizenC100_710_TakePartInHearings	PRL_CitizenC100_710_005_TakePartInHearings	1711468036376	1711468036416	OK	 
REQUEST	PRL_CitizenC100_710_TakePartInHearings	PRL_CitizenC100_710_005_TakePartInHearings Redirect 1	1711468036417	1711468036505	OK	 
GROUP	PRL_CitizenC100_710_TakePartInHearings	1711468036375	1711468036603	222	OK
REQUEST	PRL_CitizenC100_720_LanguageRequirements	PRL_CitizenC100_720_005_LanguageRequirements	1711468036603	1711468036642	OK	 
REQUEST	PRL_CitizenC100_720_LanguageRequirements	PRL_CitizenC100_720_005_LanguageRequirements Redirect 1	1711468036642	1711468036724	OK	 
GROUP	PRL_CitizenC100_720_LanguageRequirements	1711468036603	1711468036816	209	OK
REQUEST	PRL_CitizenC100_730_SpecialArrangements	PRL_CitizenC100_730_005_SpecialArrangements	1711468036817	1711468036853	OK	 
REQUEST	PRL_CitizenC100_730_SpecialArrangements	PRL_CitizenC100_730_005_SpecialArrangements Redirect 1	1711468036854	1711468036933	OK	 
GROUP	PRL_CitizenC100_730_SpecialArrangements	1711468036816	1711468037030	208	OK
REQUEST	PRL_CitizenC100_740_NeedSupport	PRL_CitizenC100_740_005_NeedSupport	1711468037030	1711468037088	OK	 
REQUEST	PRL_CitizenC100_740_NeedSupport	PRL_CitizenC100_740_005_NeedSupport Redirect 1	1711468037089	1711468037139	OK	 
GROUP	PRL_CitizenC100_740_NeedSupport	1711468037030	1711468037228	193	OK
REQUEST	PRL_CitizenC100_750_DocumentsAlternativeFormat	PRL_CitizenC100_750_005_DocumentsAlternativeFormat	1711468037229	1711468037270	OK	 
REQUEST	PRL_CitizenC100_750_DocumentsAlternativeFormat	PRL_CitizenC100_750_005_DocumentsAlternativeFormat Redirect 1	1711468037271	1711468037974	OK	 
GROUP	PRL_CitizenC100_750_DocumentsAlternativeFormat	1711468037228	1711468038074	841	OK
REQUEST	PRL_CitizenC100_760_HelpWithPaying	PRL_CitizenC100_760_005_HelpWithPaying	1711468038074	1711468038113	OK	 
REQUEST	PRL_CitizenC100_760_HelpWithPaying	PRL_CitizenC100_760_005_HelpWithPaying Redirect 1	1711468038114	1711468038457	OK	 
GROUP	PRL_CitizenC100_760_HelpWithPaying	1711468038074	1711468038553	474	OK
REQUEST	PRL_CitizenC100_770_CheckYourAnswers	PRL_CitizenC100_770_005_CheckYourAnswers	1711468038553	1711468040532	KO	headerRegex((Location,https:\/\/card.payments.service.gov.uk\/secure\/(.{8}-.{4}-.{4}-.{4}-.{12}))).find.exists, found nothing
GROUP	PRL_CitizenC100_770_CheckYourAnswers	1711468038553	1711468040551	1979	KO
USER	***** PRL Citizen Journey *****	END	1711468040556
