ASSERTION	AAECAAIFAAAAAAAAAFlA
RUN	simulations.PRL_Simulation	prl-simulation	1704816376643	 	3.9.5
USER	***** PRL Citizen Journey *****	START	1704816377795
REQUEST	XUI_010_Homepage	XUI_010_005_Homepage	1704816377804	1704816378363	OK	 
REQUEST	XUI_010_Homepage	XUI_Common_000_ConfigurationUI	1704816393408	1704816393516	OK	 
REQUEST	XUI_010_Homepage	XUI_Common_000_ConfigJson	1704816393520	1704816393620	OK	 
REQUEST	XUI_010_Homepage	XUI_Common_000_TsAndCs	1704816393621	1704816393754	OK	 
REQUEST	XUI_010_Homepage	XUI_Common_000_ConfigUI	1704816393755	1704816393850	OK	 
REQUEST	XUI_010_Homepage	XUI_Common_000_UserDetails	1704816393852	1704816393938	OK	 
REQUEST	XUI_010_Homepage	XUI_Common_000_IsAuthenticated	1704816393940	1704816394106	OK	 
REQUEST	XUI_010_Homepage	XUI_010_010_AuthLogin	1704816394110	1704816394254	OK	 
REQUEST	XUI_010_Homepage	XUI_010_010_AuthLogin Redirect 1	1704816394259	1704816395786	OK	 
REQUEST	XUI_010_Homepage	XUI_010_010_AuthLogin Redirect 2	1704816395788	1704816396356	OK	 
GROUP	XUI_010_Homepage	1704816377796	1704816399142	21216	OK
REQUEST	XUI_020_Login	XUI_020_005_Login	1704816399146	1704816399465	OK	 
REQUEST	XUI_020_Login	XUI_020_005_Login Redirect 1	1704816399470	1704816411802	OK	 
REQUEST	XUI_020_Login	XUI_020_005_Login Redirect 2	1704816411804	1704816412062	OK	 
REQUEST	XUI_020_Login	XUI_020_005_Login Redirect 3	1704816412078	1704816412207	OK	 
REQUEST	XUI_020_Login	XUI_020_005_Login Redirect 4	1704816412208	1704816412641	KO	regex(Manage cases).find.exists, found nothing
GROUP	XUI_020_Login	1704816399142	1704816412665	13471	KO
USER	***** PRL Citizen Journey *****	END	1704816412668
