ASSERTION	AAECAAMFAAAAAAAAAFlA
RUN	simulations.PRL_Simulation	prl-simulation	1686756173186	 	3.3.1
USER	***** Private Law Create Case *****	1	START	1686756173535	1686756173535
REQUEST	1	XUI_010_Homepage	XUI_010_005_Homepage	1686756173548	1686756173648	OK	 
REQUEST	1	XUI_010_Homepage	XUI_Common_000_ConfigurationUI	1686756173671	1686756174834	OK	 
REQUEST	1	XUI_010_Homepage	XUI_Common_000_ConfigJson	1686756174839	1686756175056	OK	 
REQUEST	1	XUI_010_Homepage	XUI_Common_000_TsAndCs	1686756175058	1686756175324	OK	 
REQUEST	1	XUI_010_Homepage	XUI_Common_000_ConfigUI	1686756175325	1686756175481	OK	 
REQUEST	1	XUI_010_Homepage	XUI_Common_000_UserDetails	1686756175483	1686756175657	OK	 
REQUEST	1	XUI_010_Homepage	XUI_Common_000_IsAuthenticated	1686756175658	1686756176003	OK	 
REQUEST	1	XUI_010_Homepage	XUI_010_010_AuthLogin	1686756176005	1686756176513	OK	 
REQUEST	1	XUI_010_Homepage	XUI_010_010_AuthLogin Redirect 1	1686756176516	1686756177036	OK	 
REQUEST	1	XUI_010_Homepage	XUI_010_010_AuthLogin Redirect 2	1686756177037	1686756177207	OK	 
GROUP	1	XUI_010_Homepage	1686756173540	1686756179214	5586	OK
REQUEST	1	XUI_020_Login	XUI_020_005_Login	1686756179216	1686756179566	OK	 
REQUEST	1	XUI_020_Login	XUI_020_005_Login Redirect 1	1686756179568	1686756180487	OK	 
REQUEST	1	XUI_020_Login	XUI_020_005_Login Redirect 2	1686756180488	1686756180729	OK	 
REQUEST	1	XUI_020_Login	XUI_Common_000_ConfigurationUI	1686756208676	1686756208751	OK	 
REQUEST	1	XUI_020_Login	XUI_Common_000_ConfigJson	1686756208752	1686756208808	OK	 
REQUEST	1	XUI_020_Login	XUI_Common_000_TsAndCs	1686756208809	1686756208893	OK	 
REQUEST	1	XUI_020_Login	XUI_Common_000_ConfigUI	1686756208894	1686756208979	OK	 
REQUEST	1	XUI_020_Login	XUI_Common_000_UserDetails	1686756208980	1686756209634	OK	 
REQUEST	1	XUI_020_Login	XUI_Common_000_IsAuthenticated	1686756209636	1686756209767	OK	 
REQUEST	1	XUI_020_Login	XUI_Common_000_MonitoringTools	1686756209769	1686756209885	OK	 
GROUP	1	XUI_020_Login	1686756179214	1686756209903	30653	OK
REQUEST	1	XUI_PRL_030_SelectCase	XUI_PRL_040_005_SelectIssue	1686756209911	1686756211262	KO	jsonPath($.event_token).find.exists, found nothing
GROUP	1	XUI_PRL_030_SelectCase	1686756209904	1686756211267	1351	KO
REQUEST	1	XUI_PRL_030_SelectCase	XUI_PRL_040_005_SelectIssue	1686756211268	1686756212100	KO	jsonPath($.event_token).find.exists, found nothing
GROUP	1	XUI_PRL_030_SelectCase	1686756211268	1686756212102	832	KO
REQUEST	1	XUI_PRL_030_SelectCase	XUI_PRL_040_005_SelectIssue	1686756212103	1686756213275	KO	jsonPath($.event_token).find.exists, found nothing
GROUP	1	XUI_PRL_030_SelectCase	1686756212102	1686756213276	1172	KO
REQUEST	1	XUI_PRL_030_SelectCase	XUI_PRL_040_005_SelectIssue	1686756213277	1686756214483	KO	jsonPath($.event_token).find.exists, found nothing
GROUP	1	XUI_PRL_030_SelectCase	1686756213276	1686756214484	1206	KO
REQUEST	1	XUI_PRL_030_SelectCase	XUI_PRL_040_005_SelectIssue	1686756214485	1686756215633	KO	jsonPath($.event_token).find.exists, found nothing
GROUP	1	XUI_PRL_030_SelectCase	1686756214484	1686756215633	1148	KO
REQUEST	1	XUI_PRL_030_SelectCase	XUI_PRL_040_005_SelectIssue	1686756215634	1686756216507	KO	jsonPath($.event_token).find.exists, found nothing
GROUP	1	XUI_PRL_030_SelectCase	1686756215634	1686756216508	873	KO
REQUEST	1	XUI_PRL_030_SelectCase	XUI_PRL_040_005_SelectIssue	1686756216509	1686756217521	KO	jsonPath($.event_token).find.exists, found nothing
GROUP	1	XUI_PRL_030_SelectCase	1686756216509	1686756217522	1012	KO
REQUEST	1	XUI_PRL_030_SelectCase	XUI_PRL_040_005_SelectIssue	1686756217523	1686756219366	KO	jsonPath($.event_token).find.exists, found nothing
GROUP	1	XUI_PRL_030_SelectCase	1686756217522	1686756219367	1843	KO
REQUEST	1	XUI_PRL_030_SelectCase	XUI_PRL_040_005_SelectIssue	1686756219368	1686756221068	KO	jsonPath($.event_token).find.exists, found nothing
GROUP	1	XUI_PRL_030_SelectCase	1686756219367	1686756221069	1700	KO
REQUEST	1	XUI_PRL_030_SelectCase	XUI_PRL_040_005_SelectIssue	1686756221070	1686756221985	KO	jsonPath($.event_token).find.exists, found nothing
GROUP	1	XUI_PRL_030_SelectCase	1686756221069	1686756221986	915	KO
REQUEST	1	XUI_PRL_030_SelectCase	XUI_PRL_040_005_SelectIssue	1686756221987	1686756222998	KO	jsonPath($.event_token).find.exists, found nothing
GROUP	1	XUI_PRL_030_SelectCase	1686756221986	1686756222999	1011	KO
REQUEST	1	XUI_PRL_030_SelectCase	XUI_PRL_040_005_SelectIssue	1686756223000	1686756223799	KO	jsonPath($.event_token).find.exists, found nothing
GROUP	1	XUI_PRL_030_SelectCase	1686756222999	1686756223800	799	KO
REQUEST	1	XUI_PRL_030_SelectCase	XUI_PRL_040_005_SelectIssue	1686756223801	1686756224415	KO	jsonPath($.event_token).find.exists, found nothing
GROUP	1	XUI_PRL_030_SelectCase	1686756223800	1686756224416	614	KO
REQUEST	1	XUI_PRL_030_SelectCase	XUI_PRL_040_005_SelectIssue	1686756224417	1686756225527	KO	jsonPath($.event_token).find.exists, found nothing
GROUP	1	XUI_PRL_030_SelectCase	1686756224416	1686756225528	1110	KO
REQUEST	1	XUI_PRL_030_SelectCase	XUI_PRL_040_005_SelectIssue	1686756225529	1686756226362	KO	jsonPath($.event_token).find.exists, found nothing
GROUP	1	XUI_PRL_030_SelectCase	1686756225528	1686756226363	833	KO
REQUEST	1	XUI_PRL_030_SelectCase	XUI_PRL_040_005_SelectIssue	1686756226363	1686756228407	KO	jsonPath($.event_token).find.exists, found nothing
GROUP	1	XUI_PRL_030_SelectCase	1686756226363	1686756228408	2044	KO
REQUEST	1	XUI_PRL_030_SelectCase	XUI_PRL_040_005_SelectIssue	1686756228409	1686756229069	KO	jsonPath($.event_token).find.exists, found nothing
GROUP	1	XUI_PRL_030_SelectCase	1686756228408	1686756229070	660	KO
REQUEST	1	XUI_PRL_030_SelectCase	XUI_PRL_040_005_SelectIssue	1686756229071	1686756229824	KO	jsonPath($.event_token).find.exists, found nothing
GROUP	1	XUI_PRL_030_SelectCase	1686756229071	1686756229825	753	KO
REQUEST	1	XUI_PRL_030_SelectCase	XUI_PRL_040_005_SelectIssue	1686756229826	1686756230776	KO	jsonPath($.event_token).find.exists, found nothing
GROUP	1	XUI_PRL_030_SelectCase	1686756229825	1686756230777	950	KO
REQUEST	1	XUI_PRL_030_SelectCase	XUI_PRL_040_005_SelectIssue	1686756230778	1686756232109	KO	jsonPath($.event_token).find.exists, found nothing
GROUP	1	XUI_PRL_030_SelectCase	1686756230777	1686756232110	1331	KO
REQUEST	1	XUI_PRL_030_SelectCase	XUI_PRL_040_005_SelectIssue	1686756232111	1686756233470	KO	jsonPath($.event_token).find.exists, found nothing
GROUP	1	XUI_PRL_030_SelectCase	1686756232110	1686756233471	1359	KO
REQUEST	1	XUI_PRL_030_SelectCase	XUI_PRL_040_005_SelectIssue	1686756233472	1686756234024	KO	jsonPath($.event_token).find.exists, found nothing
GROUP	1	XUI_PRL_030_SelectCase	1686756233471	1686756234025	552	KO
REQUEST	1	XUI_PRL_030_SelectCase	XUI_PRL_040_005_SelectIssue	1686756234026	1686756234621	KO	jsonPath($.event_token).find.exists, found nothing
GROUP	1	XUI_PRL_030_SelectCase	1686756234025	1686756234622	595	KO
REQUEST	1	XUI_PRL_030_SelectCase	XUI_PRL_040_005_SelectIssue	1686756234623	1686756235211	KO	jsonPath($.event_token).find.exists, found nothing
GROUP	1	XUI_PRL_030_SelectCase	1686756234622	1686756235213	588	KO
REQUEST	1	XUI_PRL_030_SelectCase	XUI_PRL_040_005_SelectIssue	1686756235213	1686756235955	KO	jsonPath($.event_token).find.exists, found nothing
GROUP	1	XUI_PRL_030_SelectCase	1686756235213	1686756235956	742	KO
REQUEST	1	XUI_PRL_030_SelectCase	XUI_PRL_040_005_SelectIssue	1686756235957	1686756236827	KO	jsonPath($.event_token).find.exists, found nothing
GROUP	1	XUI_PRL_030_SelectCase	1686756235956	1686756236828	870	KO
REQUEST	1	XUI_PRL_030_SelectCase	XUI_PRL_040_005_SelectIssue	1686756236829	1686756237649	KO	jsonPath($.event_token).find.exists, found nothing
GROUP	1	XUI_PRL_030_SelectCase	1686756236828	1686756237650	820	KO
REQUEST	1	XUI_PRL_030_SelectCase	XUI_PRL_040_005_SelectIssue	1686756237650	1686756238240	KO	jsonPath($.event_token).find.exists, found nothing
GROUP	1	XUI_PRL_030_SelectCase	1686756237650	1686756238241	590	KO
REQUEST	1	XUI_PRL_030_SelectCase	XUI_PRL_040_005_SelectIssue	1686756238242	1686756239179	KO	jsonPath($.event_token).find.exists, found nothing
GROUP	1	XUI_PRL_030_SelectCase	1686756238241	1686756239180	937	KO
REQUEST	1	XUI_PRL_030_SelectCase	XUI_PRL_040_005_SelectIssue	1686756239181	1686756240084	KO	jsonPath($.event_token).find.exists, found nothing
GROUP	1	XUI_PRL_030_SelectCase	1686756239181	1686756240085	903	KO
REQUEST	1	XUI_PRL_030_SelectCase	XUI_PRL_040_005_SelectIssue	1686756240086	1686756240600	KO	jsonPath($.event_token).find.exists, found nothing
GROUP	1	XUI_PRL_030_SelectCase	1686756240085	1686756240601	514	KO
REQUEST	1	XUI_PRL_030_SelectCase	XUI_PRL_040_005_SelectIssue	1686756240601	1686756241254	KO	jsonPath($.event_token).find.exists, found nothing
GROUP	1	XUI_PRL_030_SelectCase	1686756240601	1686756241255	653	KO
REQUEST	1	XUI_PRL_030_SelectCase	XUI_PRL_040_005_SelectIssue	1686756241256	1686756242438	KO	jsonPath($.event_token).find.exists, found nothing
GROUP	1	XUI_PRL_030_SelectCase	1686756241255	1686756242439	1182	KO
REQUEST	1	XUI_PRL_030_SelectCase	XUI_PRL_040_005_SelectIssue	1686756242440	1686756243306	KO	jsonPath($.event_token).find.exists, found nothing
GROUP	1	XUI_PRL_030_SelectCase	1686756242439	1686756243307	866	KO
REQUEST	1	XUI_PRL_030_SelectCase	XUI_PRL_040_005_SelectIssue	1686756243308	1686756244070	KO	jsonPath($.event_token).find.exists, found nothing
GROUP	1	XUI_PRL_030_SelectCase	1686756243307	1686756244071	762	KO
REQUEST	1	XUI_PRL_030_SelectCase	XUI_PRL_040_005_SelectIssue	1686756244071	1686756245118	KO	jsonPath($.event_token).find.exists, found nothing
GROUP	1	XUI_PRL_030_SelectCase	1686756244071	1686756245119	1047	KO
REQUEST	1	XUI_PRL_030_SelectCase	XUI_PRL_040_005_SelectIssue	1686756245120	1686756245897	KO	jsonPath($.event_token).find.exists, found nothing
GROUP	1	XUI_PRL_030_SelectCase	1686756245120	1686756245898	777	KO
REQUEST	1	XUI_PRL_030_SelectCase	XUI_PRL_040_005_SelectIssue	1686756245899	1686756246685	KO	jsonPath($.event_token).find.exists, found nothing
GROUP	1	XUI_PRL_030_SelectCase	1686756245898	1686756246686	786	KO
REQUEST	1	XUI_PRL_030_SelectCase	XUI_PRL_040_005_SelectIssue	1686756246687	1686756247133	KO	jsonPath($.event_token).find.exists, found nothing
GROUP	1	XUI_PRL_030_SelectCase	1686756246686	1686756247134	446	KO
REQUEST	1	XUI_PRL_030_SelectCase	XUI_PRL_040_005_SelectIssue	1686756247134	1686756247967	KO	jsonPath($.event_token).find.exists, found nothing
GROUP	1	XUI_PRL_030_SelectCase	1686756247134	1686756247968	833	KO
REQUEST	1	XUI_PRL_030_SelectCase	XUI_PRL_040_005_SelectIssue	1686756247968	1686756248945	KO	jsonPath($.event_token).find.exists, found nothing
GROUP	1	XUI_PRL_030_SelectCase	1686756247968	1686756248946	977	KO
REQUEST	1	XUI_PRL_030_SelectCase	XUI_PRL_040_005_SelectIssue	1686756248947	1686756251285	KO	jsonPath($.event_token).find.exists, found nothing
GROUP	1	XUI_PRL_030_SelectCase	1686756248946	1686756251286	2338	KO
REQUEST	1	XUI_PRL_030_SelectCase	XUI_PRL_040_005_SelectIssue	1686756251287	1686756252372	KO	jsonPath($.event_token).find.exists, found nothing
GROUP	1	XUI_PRL_030_SelectCase	1686756251286	1686756252373	1085	KO
REQUEST	1	XUI_PRL_030_SelectCase	XUI_PRL_040_005_SelectIssue	1686756252374	1686756253162	KO	jsonPath($.event_token).find.exists, found nothing
GROUP	1	XUI_PRL_030_SelectCase	1686756252374	1686756253163	788	KO
REQUEST	1	XUI_PRL_030_SelectCase	XUI_PRL_040_005_SelectIssue	1686756253164	1686756254152	KO	jsonPath($.event_token).find.exists, found nothing
GROUP	1	XUI_PRL_030_SelectCase	1686756253163	1686756254153	988	KO
REQUEST	1	XUI_PRL_030_SelectCase	XUI_PRL_040_005_SelectIssue	1686756254154	1686756254667	KO	jsonPath($.event_token).find.exists, found nothing
GROUP	1	XUI_PRL_030_SelectCase	1686756254154	1686756254668	513	KO
REQUEST	1	XUI_PRL_030_SelectCase	XUI_PRL_040_005_SelectIssue	1686756254669	1686756255146	KO	jsonPath($.event_token).find.exists, found nothing
GROUP	1	XUI_PRL_030_SelectCase	1686756254668	1686756255147	477	KO
REQUEST	1	XUI_PRL_030_SelectCase	XUI_PRL_040_005_SelectIssue	1686756255148	1686756255651	KO	jsonPath($.event_token).find.exists, found nothing
GROUP	1	XUI_PRL_030_SelectCase	1686756255147	1686756255652	503	KO
REQUEST	1	XUI_PRL_030_SelectCase	XUI_PRL_040_005_SelectIssue	1686756255652	1686756256568	KO	jsonPath($.event_token).find.exists, found nothing
GROUP	1	XUI_PRL_030_SelectCase	1686756255652	1686756256569	916	KO
REQUEST	1	XUI_PRL_030_SelectCase	XUI_PRL_040_005_SelectIssue	1686756256570	1686756257334	KO	jsonPath($.event_token).find.exists, found nothing
GROUP	1	XUI_PRL_030_SelectCase	1686756256569	1686756257335	764	KO
REQUEST	1	XUI_PRL_030_SelectCase	XUI_PRL_040_005_SelectIssue	1686756257335	1686756258228	KO	jsonPath($.event_token).find.exists, found nothing
GROUP	1	XUI_PRL_030_SelectCase	1686756257335	1686756258229	893	KO
REQUEST	1	XUI_PRL_030_SelectCase	XUI_PRL_040_005_SelectIssue	1686756258230	1686756259584	KO	jsonPath($.event_token).find.exists, found nothing
GROUP	1	XUI_PRL_030_SelectCase	1686756258230	1686756259585	1354	KO
REQUEST	1	XUI_PRL_030_SelectCase	XUI_PRL_040_005_SelectIssue	1686756259586	1686756260435	KO	jsonPath($.event_token).find.exists, found nothing
GROUP	1	XUI_PRL_030_SelectCase	1686756259585	1686756260436	849	KO
REQUEST	1	XUI_PRL_030_SelectCase	XUI_PRL_040_005_SelectIssue	1686756260436	1686756260972	KO	jsonPath($.event_token).find.exists, found nothing
GROUP	1	XUI_PRL_030_SelectCase	1686756260436	1686756260973	536	KO
REQUEST	1	XUI_PRL_030_SelectCase	XUI_PRL_040_005_SelectIssue	1686756260975	1686756261406	KO	jsonPath($.event_token).find.exists, found nothing
GROUP	1	XUI_PRL_030_SelectCase	1686756260974	1686756261407	431	KO
REQUEST	1	XUI_PRL_030_SelectCase	XUI_PRL_040_005_SelectIssue	1686756261408	1686756261996	KO	jsonPath($.event_token).find.exists, found nothing
GROUP	1	XUI_PRL_030_SelectCase	1686756261407	1686756261997	588	KO
REQUEST	1	XUI_PRL_030_SelectCase	XUI_PRL_040_005_SelectIssue	1686756261998	1686756262508	KO	jsonPath($.event_token).find.exists, found nothing
GROUP	1	XUI_PRL_030_SelectCase	1686756261997	1686756262509	510	KO
REQUEST	1	XUI_PRL_030_SelectCase	XUI_PRL_040_005_SelectIssue	1686756262510	1686756263168	KO	jsonPath($.event_token).find.exists, found nothing
GROUP	1	XUI_PRL_030_SelectCase	1686756262509	1686756263169	658	KO
REQUEST	1	XUI_PRL_030_SelectCase	XUI_PRL_040_005_SelectIssue	1686756263169	1686756263605	KO	jsonPath($.event_token).find.exists, found nothing
GROUP	1	XUI_PRL_030_SelectCase	1686756263169	1686756263606	436	KO
REQUEST	1	XUI_PRL_030_SelectCase	XUI_PRL_040_005_SelectIssue	1686756263606	1686756264250	KO	jsonPath($.event_token).find.exists, found nothing
GROUP	1	XUI_PRL_030_SelectCase	1686756263606	1686756264251	644	KO
REQUEST	1	XUI_PRL_030_SelectCase	XUI_PRL_040_005_SelectIssue	1686756264251	1686756264965	KO	jsonPath($.event_token).find.exists, found nothing
GROUP	1	XUI_PRL_030_SelectCase	1686756264251	1686756264966	714	KO
REQUEST	1	XUI_PRL_030_SelectCase	XUI_PRL_040_005_SelectIssue	1686756264967	1686756265753	KO	jsonPath($.event_token).find.exists, found nothing
GROUP	1	XUI_PRL_030_SelectCase	1686756264966	1686756265754	786	KO
REQUEST	1	XUI_PRL_030_SelectCase	XUI_PRL_040_005_SelectIssue	1686756265754	1686756266727	KO	jsonPath($.event_token).find.exists, found nothing
GROUP	1	XUI_PRL_030_SelectCase	1686756265754	1686756266728	973	KO
REQUEST	1	XUI_PRL_030_SelectCase	XUI_PRL_040_005_SelectIssue	1686756266729	1686756267571	KO	jsonPath($.event_token).find.exists, found nothing
GROUP	1	XUI_PRL_030_SelectCase	1686756266729	1686756267572	842	KO
REQUEST	1	XUI_PRL_030_SelectCase	XUI_PRL_040_005_SelectIssue	1686756267573	1686756268141	KO	jsonPath($.event_token).find.exists, found nothing
GROUP	1	XUI_PRL_030_SelectCase	1686756267573	1686756268142	568	KO
REQUEST	1	XUI_PRL_030_SelectCase	XUI_PRL_040_005_SelectIssue	1686756268142	1686756268756	KO	jsonPath($.event_token).find.exists, found nothing
GROUP	1	XUI_PRL_030_SelectCase	1686756268142	1686756268757	614	KO
REQUEST	1	XUI_PRL_030_SelectCase	XUI_PRL_040_005_SelectIssue	1686756268758	1686756269412	KO	jsonPath($.event_token).find.exists, found nothing
GROUP	1	XUI_PRL_030_SelectCase	1686756268757	1686756269413	654	KO
REQUEST	1	XUI_PRL_030_SelectCase	XUI_PRL_040_005_SelectIssue	1686756269414	1686756269892	KO	jsonPath($.event_token).find.exists, found nothing
GROUP	1	XUI_PRL_030_SelectCase	1686756269413	1686756269893	478	KO
REQUEST	1	XUI_PRL_030_SelectCase	XUI_PRL_040_005_SelectIssue	1686756269893	1686756270598	KO	jsonPath($.event_token).find.exists, found nothing
GROUP	1	XUI_PRL_030_SelectCase	1686756269893	1686756270599	705	KO
REQUEST	1	XUI_PRL_030_SelectCase	XUI_PRL_040_005_SelectIssue	1686756270600	1686756271457	KO	jsonPath($.event_token).find.exists, found nothing
GROUP	1	XUI_PRL_030_SelectCase	1686756270599	1686756271458	857	KO
REQUEST	1	XUI_PRL_030_SelectCase	XUI_PRL_040_005_SelectIssue	1686756271459	1686756272546	KO	jsonPath($.event_token).find.exists, found nothing
GROUP	1	XUI_PRL_030_SelectCase	1686756271458	1686756272547	1087	KO
REQUEST	1	XUI_PRL_030_SelectCase	XUI_PRL_040_005_SelectIssue	1686756272547	1686756273253	KO	jsonPath($.event_token).find.exists, found nothing
GROUP	1	XUI_PRL_030_SelectCase	1686756272547	1686756273254	706	KO
REQUEST	1	XUI_PRL_030_SelectCase	XUI_PRL_040_005_SelectIssue	1686756273254	1686756274164	KO	jsonPath($.event_token).find.exists, found nothing
GROUP	1	XUI_PRL_030_SelectCase	1686756273254	1686756274165	910	KO
REQUEST	1	XUI_PRL_030_SelectCase	XUI_PRL_040_005_SelectIssue	1686756274165	1686756275064	KO	jsonPath($.event_token).find.exists, found nothing
GROUP	1	XUI_PRL_030_SelectCase	1686756274165	1686756275065	899	KO
REQUEST	1	XUI_PRL_030_SelectCase	XUI_PRL_040_005_SelectIssue	1686756275066	1686756276128	KO	jsonPath($.event_token).find.exists, found nothing
GROUP	1	XUI_PRL_030_SelectCase	1686756275065	1686756276129	1062	KO
REQUEST	1	XUI_999_Logout	XUI_999_005_Logout	1686756276129	1686756276718	OK	 
REQUEST	1	XUI_999_Logout	XUI_999_005_Logout Redirect 1	1686756276719	1686756277089	OK	 
REQUEST	1	XUI_999_Logout	XUI_999_005_Logout Redirect 2	1686756277089	1686756278436	OK	 
REQUEST	1	XUI_999_Logout	XUI_999_005_Logout Redirect 3	1686756278436	1686756278813	OK	 
GROUP	1	XUI_999_Logout	1686756276129	1686756280799	4665	OK
USER	***** Private Law Create Case *****	1	END	1686756173535	1686756280801
