ASSERTION	AAECAAIFAAAAAAAAAFlA
RUN	simulations.PRL_Simulation	prl-simulation	1697619738017	 	3.9.5
USER	***** Private Law Create Case *****	START	1697619738376
REQUEST	XUI_010_Homepage	XUI_010_005_Homepage	1697619738394	1697619738791	OK	 
REQUEST	XUI_010_Homepage	XUI_Common_000_ConfigurationUI	1697619739213	1697619739262	OK	 
REQUEST	XUI_010_Homepage	XUI_Common_000_ConfigJson	1697619739264	1697619739277	OK	 
REQUEST	XUI_010_Homepage	XUI_Common_000_TsAndCs	1697619739277	1697619739326	OK	 
REQUEST	XUI_010_Homepage	XUI_Common_000_ConfigUI	1697619739326	1697619739371	OK	 
REQUEST	XUI_010_Homepage	XUI_Common_000_UserDetails	1697619739372	1697619739422	OK	 
REQUEST	XUI_010_Homepage	XUI_Common_000_IsAuthenticated	1697619739422	1697619739468	OK	 
REQUEST	XUI_010_Homepage	XUI_010_010_AuthLogin	1697619739469	1697619739515	OK	 
REQUEST	XUI_010_Homepage	XUI_010_010_AuthLogin Redirect 1	1697619739517	1697619740402	OK	 
REQUEST	XUI_010_Homepage	XUI_010_010_AuthLogin Redirect 2	1697619740404	1697619740471	OK	 
GROUP	XUI_010_Homepage	1697619738376	1697619740941	2478	OK
REQUEST	XUI_020_Login	XUI_020_005_Login	1697619740947	1697619741157	OK	 
REQUEST	XUI_020_Login	XUI_020_005_Login Redirect 1	1697619741158	1697619741707	OK	 
REQUEST	XUI_020_Login	XUI_020_005_Login Redirect 2	1697619741709	1697619741743	OK	 
REQUEST	XUI_020_Login	XUI_Common_000_ConfigurationUI	1697619742740	1697619742772	OK	 
REQUEST	XUI_020_Login	XUI_Common_000_ConfigJson	1697619742774	1697619742834	OK	 
REQUEST	XUI_020_Login	XUI_Common_000_TsAndCs	1697619742835	1697619742885	OK	 
REQUEST	XUI_020_Login	XUI_Common_000_ConfigUI	1697619742887	1697619742927	OK	 
REQUEST	XUI_020_Login	XUI_Common_000_UserDetails	1697619742929	1697619743296	OK	 
REQUEST	XUI_020_Login	XUI_Common_000_IsAuthenticated	1697619743298	1697619743335	OK	 
REQUEST	XUI_020_Login	XUI_Common_000_MonitoringTools	1697619743339	1697619743401	OK	 
GROUP	XUI_020_Login	1697619740943	1697619743419	2432	OK
REQUEST	XUI_PRL_030_CreateCaseStart	XUI_PRL_030_005_CreateCaseStart	1697619743421	1697619745013	OK	 
GROUP	XUI_PRL_030_CreateCaseStart	1697619743420	1697619745021	1592	OK
REQUEST	XUI_PRL_031_Type_Of_Application	XUI_PRL_031_005_Type_Of_Application	1697619745024	1697619745817	OK	 
GROUP	XUI_PRL_031_Type_Of_Application	1697619745021	1697619745818	793	OK
REQUEST	XUI_PRL_032_ApplicationCheckYourAnswers	XUI_PRL_032_005_ApplicationCheckYourAnswers	1697619745819	1697619751428	OK	 
GROUP	XUI_PRL_032_ApplicationCheckYourAnswers	1697619745818	1697619751442	5609	OK
REQUEST	XUI_PRL_033_ApplicationDetails	XUI_PRL_033_005_ApplicationDetails	1697619751443	1697619752857	OK	 
GROUP	XUI_PRL_033_ApplicationDetails	1697619751442	1697619752894	1414	OK
REQUEST	XUI_PRL_034_EnterApplicationDetails	XUI_PRL_034_005_EnterApplicationDetails	1697619752895	1697619753710	OK	 
GROUP	XUI_PRL_034_EnterApplicationDetails	1697619752894	1697619753711	815	OK
REQUEST	XUI_PRL_035_SubmitApplicationDetails	XUI_PRL_035_005_SubmitApplicationDetails	1697619753713	1697619758644	OK	 
GROUP	XUI_PRL_035_SubmitApplicationDetails	1697619753711	1697619758645	4931	OK
REQUEST	XUI_PRL_036_SubmitAndPay	XUI_PRL_036_005_SubmitAndPay	1697619758645	1697619765137	OK	 
GROUP	XUI_PRL_036_SubmitAndPay	1697619758645	1697619765145	6492	OK
REQUEST	XUI_PRL_037_ConfidentialityStatement	XUI_PRL_037_005_ConfidentialityStatement	1697619765146	1697619765990	OK	 
GROUP	XUI_PRL_037_ConfidentialityStatement	1697619765145	1697619765992	844	OK
REQUEST	XUI_PRL_038_Declaration	XUI_PRL_038_005_Declaration	1697619765993	1697619766598	OK	 
GROUP	XUI_PRL_038_Declaration	1697619765992	1697619766598	605	OK
REQUEST	XUI_PRL_039_Continue	XUI_PRL_039_005_Continue	1697619766598	1697619767332	OK	 
GROUP	XUI_PRL_039_Continue	1697619766598	1697619767333	734	OK
REQUEST	XUI_PRL_040_Continue	XUI_PRL_040_005_Continue	1697619767334	1697619768553	KO	status.find.in([200, 209], 304), found 404
GROUP	XUI_PRL_040_Continue	1697619767333	1697619768561	1219	KO
USER	***** Private Law Create Case *****	END	1697619768566
