ASSERTION	AAECAAIFAAAAAAAAAFlA
RUN	simulations.PRL_Simulation	prl-simulation	1711468138023	 	3.9.5
USER	***** PRL Citizen Journey *****	START	1711468138509
REQUEST	PRL_CitizenC100_010_PRLHome	PRL_CitizenC100_010_005_PRLHome	1711468138529	1711468138690	OK	 
REQUEST	PRL_CitizenC100_010_PRLHome	PRL_CitizenC100_010_005_PRLHome Redirect 1	1711468138698	1711468139250	OK	 
REQUEST	PRL_CitizenC100_010_PRLHome	PRL_CitizenC100_010_005_PRLHome Redirect 2	1711468139251	1711468139331	OK	 
REQUEST	PRL_CitizenC100_010_PRLHome	PRL_CitizenC100_010_005_PRLHome Redirect 3	1711468139332	1711468139489	OK	 
GROUP	PRL_CitizenC100_010_PRLHome	1711468138510	1711468139707	1118	OK
REQUEST	PRL_CitizenC100_020_Login	PRL_CitizenC100_020_005_Login	1711468139709	1711468139795	OK	 
REQUEST	PRL_CitizenC100_020_Login	PRL_CitizenC100_020_005_Login Redirect 1	1711468139795	1711468140169	OK	 
REQUEST	PRL_CitizenC100_020_Login	PRL_CitizenC100_020_005_Login Redirect 2	1711468140171	1711468142838	OK	 
GROUP	PRL_CitizenC100_020_Login	1711468139707	1711468143044	3327	OK
REQUEST	PRL_CitizenC100_025_ChildArrangementsApplication	PRL_CitizenC100_025_005_ChildArrangementsApplication	1711468143044	1711468143345	OK	 
GROUP	PRL_CitizenC100_025_ChildArrangementsApplication	1711468143044	1711468143437	388	OK
REQUEST	PRL_CitizenC100_030_StartApplication	PRL_CitizenC100_030_005_StartApplication	1711468143437	1711468143754	OK	 
GROUP	PRL_CitizenC100_030_StartApplication	1711468143437	1711468143852	411	OK
REQUEST	PRL_CitizenC100_040_WhatYouWillNeed	PRL_CitizenC100_040_005_WhatYouWillNeed	1711468143853	1711468153790	OK	 
REQUEST	PRL_CitizenC100_040_WhatYouWillNeed	PRL_CitizenC100_040_005_WhatYouWillNeed Redirect 1	1711468153792	1711468153895	OK	 
GROUP	PRL_CitizenC100_040_WhatYouWillNeed	1711468143852	1711468154005	10143	OK
REQUEST	PRL_CitizenC100_060_ChildrenPostCode	PRL_CitizenC100_060_005_ChildrenPostCode	1711468154007	1711468154061	OK	 
REQUEST	PRL_CitizenC100_060_ChildrenPostCode	PRL_CitizenC100_060_005_ChildrenPostCode Redirect 1	1711468154062	1711468154172	OK	 
GROUP	PRL_CitizenC100_060_ChildrenPostCode	1711468154005	1711468154262	252	OK
REQUEST	PRL_CitizenC100_070_WrittenAgreement	PRL_CitizenC100_070_005_WrittenAgreement	1711468154263	1711468154306	OK	 
REQUEST	PRL_CitizenC100_070_WrittenAgreement	PRL_CitizenC100_070_005_WrittenAgreement Redirect 1	1711468154307	1711468154402	OK	 
GROUP	PRL_CitizenC100_070_WrittenAgreement	1711468154262	1711468154502	234	OK
REQUEST	PRL_CitizenC100_080_BeforeCourt	PRL_CitizenC100_080_005_BeforeCourt	1711468154503	1711468154543	OK	 
REQUEST	PRL_CitizenC100_080_BeforeCourt	PRL_CitizenC100_080_005_BeforeCourt Redirect 1	1711468154544	1711468154650	OK	 
GROUP	PRL_CitizenC100_080_BeforeCourt	1711468154502	1711468154738	232	OK
REQUEST	PRL_CitizenC100_090_ReachAgreement	PRL_CitizenC100_090_005_ReachAgreement	1711468154739	1711468154777	OK	 
REQUEST	PRL_CitizenC100_090_ReachAgreement	PRL_CitizenC100_090_005_ReachAgreement Redirect 1	1711468154778	1711468154894	OK	 
GROUP	PRL_CitizenC100_090_ReachAgreement	1711468154738	1711468155002	257	OK
REQUEST	PRL_CitizenC100_100_LegalRep	PRL_CitizenC100_100_005_LegalRep	1711468155004	1711468155049	OK	 
REQUEST	PRL_CitizenC100_100_LegalRep	PRL_CitizenC100_100_005_LegalRep Redirect 1	1711468155050	1711468155131	OK	 
GROUP	PRL_CitizenC100_100_LegalRep	1711468155002	1711468155235	226	OK
REQUEST	PRL_CitizenC100_110_PermissionFromCourt	PRL_CitizenC100_110_005_PermissionFromCourt	1711468155236	1711468155283	OK	 
REQUEST	PRL_CitizenC100_110_PermissionFromCourt	PRL_CitizenC100_110_005_PermissionFromCourt Redirect 1	1711468155284	1711468155369	OK	 
GROUP	PRL_CitizenC100_110_PermissionFromCourt	1711468155235	1711468155482	240	OK
REQUEST	PRL_CitizenC100_120_WhyPermissionFromCourt	PRL_CitizenC100_120_005_WhyPermissionFromCourt	1711468155485	1711468155543	OK	 
REQUEST	PRL_CitizenC100_120_WhyPermissionFromCourt	PRL_CitizenC100_120_005_WhyPermissionFromCourt Redirect 1	1711468155544	1711468155636	OK	 
GROUP	PRL_CitizenC100_120_WhyPermissionFromCourt	1711468155482	1711468155748	259	OK
REQUEST	PRL_CitizenC100_130_WhyCourtShouldGrant	PRL_CitizenC100_130_005_WhyCourtShouldGrant	1711468155749	1711468155788	OK	 
REQUEST	PRL_CitizenC100_130_WhyCourtShouldGrant	PRL_CitizenC100_130_005_WhyCourtShouldGrant Redirect 1	1711468155789	1711468155872	OK	 
GROUP	PRL_CitizenC100_130_WhyCourtShouldGrant	1711468155748	1711468155971	218	OK
REQUEST	PRL_CitizenC100_140_InvolvedInEmergencyProtection	PRL_CitizenC100_140_005_InvolvedInEmergencyProtection	1711468155972	1711468156010	OK	 
REQUEST	PRL_CitizenC100_140_InvolvedInEmergencyProtection	PRL_CitizenC100_140_005_InvolvedInEmergencyProtection Redirect 1	1711468156010	1711468156089	OK	 
GROUP	PRL_CitizenC100_140_InvolvedInEmergencyProtection	1711468155971	1711468156179	204	OK
REQUEST	PRL_CitizenC100_150_AttendingMIAM	PRL_CitizenC100_150_005_AttendingMIAM	1711468156180	1711468156223	OK	 
REQUEST	PRL_CitizenC100_150_AttendingMIAM	PRL_CitizenC100_150_005_AttendingMIAM Redirect 1	1711468156225	1711468156314	OK	 
GROUP	PRL_CitizenC100_150_AttendingMIAM	1711468156179	1711468156450	265	OK
REQUEST	PRL_CitizenC100_160_AttendedMIAM	PRL_CitizenC100_160_005_AttendedMIAM	1711468156451	1711468156493	OK	 
REQUEST	PRL_CitizenC100_160_AttendedMIAM	PRL_CitizenC100_160_005_AttendedMIAM Redirect 1	1711468156494	1711468156631	OK	 
GROUP	PRL_CitizenC100_160_AttendedMIAM	1711468156450	1711468156727	273	OK
REQUEST	PRL_CitizenC100_170_DocumentSigned	PRL_CitizenC100_170_005_DocumentSigned	1711468156728	1711468156773	OK	 
REQUEST	PRL_CitizenC100_170_DocumentSigned	PRL_CitizenC100_170_005_DocumentSigned Redirect 1	1711468156774	1711468156887	OK	 
GROUP	PRL_CitizenC100_170_DocumentSigned	1711468156727	1711468156981	248	OK
REQUEST	PRL_CitizenC100_180_MIAMUpload	PRL_CitizenC100_180_005_MIAMUpload	1711468156991	1711468159523	OK	 
REQUEST	PRL_CitizenC100_180_MIAMUpload	PRL_CitizenC100_180_005_MIAMUpload Redirect 1	1711468159524	1711468159576	OK	 
GROUP	PRL_CitizenC100_180_MIAMUpload	1711468156981	1711468159686	2690	OK
REQUEST	PRL_CitizenC100_190_MIAMUploadSubmit	PRL_CitizenC100_190_005_MIAMUploadSubmit	1711468159687	1711468159727	OK	 
REQUEST	PRL_CitizenC100_190_MIAMUploadSubmit	PRL_CitizenC100_190_005_MIAMUploadSubmit Redirect 1	1711468159728	1711468159828	OK	 
GROUP	PRL_CitizenC100_190_MIAMUploadSubmit	1711468159687	1711468159918	225	OK
REQUEST	PRL_CitizenC100_200_MIAMUploadContinue	PRL_CitizenC100_200_005_MIAMUploadContinue	1711468159920	1711468159957	OK	 
REQUEST	PRL_CitizenC100_200_MIAMUploadContinue	PRL_CitizenC100_200_005_MIAMUploadContinue Redirect 1	1711468159958	1711468160054	OK	 
GROUP	PRL_CitizenC100_200_MIAMUploadContinue	1711468159918	1711468160147	222	OK
REQUEST	PRL_CitizenC100_210_AskingCourtToDo	PRL_CitizenC100_210_005_AskingCourtToDo	1711468160148	1711468160187	OK	 
REQUEST	PRL_CitizenC100_210_AskingCourtToDo	PRL_CitizenC100_210_005_AskingCourtToDo Redirect 1	1711468160188	1711468160285	OK	 
GROUP	PRL_CitizenC100_210_AskingCourtToDo	1711468160147	1711468160380	227	OK
REQUEST	PRL_CitizenC100_220_WouldLikeCourtTo	PRL_CitizenC100_220_005_WouldLikeCourtTo	1711468160381	1711468160420	OK	 
REQUEST	PRL_CitizenC100_220_WouldLikeCourtTo	PRL_CitizenC100_220_005_WouldLikeCourtTo Redirect 1	1711468160420	1711468160522	OK	 
GROUP	PRL_CitizenC100_220_WouldLikeCourtTo	1711468160381	1711468160614	228	OK
REQUEST	PRL_CitizenC100_230_DescribeWhatCourt	PRL_CitizenC100_230_005_DescribeWhatCourt	1711468160615	1711468160661	OK	 
REQUEST	PRL_CitizenC100_230_DescribeWhatCourt	PRL_CitizenC100_230_005_DescribeWhatCourt Redirect 1	1711468160662	1711468160750	OK	 
GROUP	PRL_CitizenC100_230_DescribeWhatCourt	1711468160614	1711468160840	221	OK
REQUEST	PRL_CitizenC100_240_UrgentFirstHearing	PRL_CitizenC100_240_005_UrgentFirstHearing	1711468160841	1711468160882	OK	 
REQUEST	PRL_CitizenC100_240_UrgentFirstHearing	PRL_CitizenC100_240_005_UrgentFirstHearing Redirect 1	1711468160883	1711468160970	OK	 
GROUP	PRL_CitizenC100_240_UrgentFirstHearing	1711468160840	1711468161087	241	OK
REQUEST	PRL_CitizenC100_250_UrgentHearingDetails	PRL_CitizenC100_250_005_UrgentHearingDetails	1711468161088	1711468161126	OK	 
REQUEST	PRL_CitizenC100_250_UrgentHearingDetails	PRL_CitizenC100_250_005_UrgentHearingDetails Redirect 1	1711468161127	1711468161230	OK	 
GROUP	PRL_CitizenC100_250_UrgentHearingDetails	1711468161088	1711468161330	237	OK
REQUEST	PRL_CitizenC100_260_AskingForWithoutNotice	PRL_CitizenC100_260_005_AskingForWithoutNotice	1711468161331	1711468161373	OK	 
REQUEST	PRL_CitizenC100_260_AskingForWithoutNotice	PRL_CitizenC100_260_005_AskingForWithoutNotice Redirect 1	1711468161374	1711468161458	OK	 
GROUP	PRL_CitizenC100_260_AskingForWithoutNotice	1711468161330	1711468161553	218	OK
REQUEST	PRL_CitizenC100_270_WithoutNoticeDetails	PRL_CitizenC100_270_005_WithoutNoticeDetails	1711468161554	1711468161591	OK	 
REQUEST	PRL_CitizenC100_270_WithoutNoticeDetails	PRL_CitizenC100_270_005_WithoutNoticeDetails Redirect 1	1711468161592	1711468161688	OK	 
GROUP	PRL_CitizenC100_270_WithoutNoticeDetails	1711468161554	1711468161783	224	OK
REQUEST	PRL_CitizenC100_280_ChildrenName	PRL_CitizenC100_280_005_ChildrenName	1711468161784	1711468161824	OK	 
GROUP	PRL_CitizenC100_280_ChildrenName	1711468161783	1711468161828	40	OK
REQUEST	PRL_CitizenC100_285_ChildrenNameRedirect	PRL_CitizenC100_280_005_ChildrenName	1711468161828	1711468161918	OK	 
GROUP	PRL_CitizenC100_285_ChildrenNameRedirect	1711468161828	1711468162008	178	OK
REQUEST	PRL_CitizenC100_290_ChildDetails	PRL_CitizenC100_290_005_ChildDetails	1711468162009	1711468162071	OK	 
REQUEST	PRL_CitizenC100_290_ChildDetails	PRL_CitizenC100_290_005_ChildDetails Redirect 1	1711468162072	1711468162162	OK	 
GROUP	PRL_CitizenC100_290_ChildDetails	1711468162008	1711468162262	248	OK
REQUEST	PRL_CitizenC100_300_WhichDecision	PRL_CitizenC100_300_005_WhichDecision	1711468162263	1711468162301	OK	 
REQUEST	PRL_CitizenC100_300_WhichDecision	PRL_CitizenC100_300_005_WhichDecision Redirect 1	1711468162302	1711468162404	OK	 
GROUP	PRL_CitizenC100_300_WhichDecision	1711468162262	1711468162492	226	OK
REQUEST	PRL_CitizenC100_310_ParentalResponsibility	PRL_CitizenC100_310_005_ParentalResponsibility	1711468162493	1711468162536	OK	 
REQUEST	PRL_CitizenC100_310_ParentalResponsibility	PRL_CitizenC100_310_005_ParentalResponsibility Redirect 1	1711468162536	1711468162658	OK	 
GROUP	PRL_CitizenC100_310_ParentalResponsibility	1711468162493	1711468162748	254	OK
REQUEST	PRL_CitizenC100_320_FurtherInformation	PRL_CitizenC100_320_005_FurtherInformation	1711468162749	1711468162789	OK	 
REQUEST	PRL_CitizenC100_320_FurtherInformation	PRL_CitizenC100_320_005_FurtherInformation Redirect 1	1711468162790	1711468162904	OK	 
GROUP	PRL_CitizenC100_320_FurtherInformation	1711468162748	1711468163003	249	OK
REQUEST	PRL_CitizenC100_330_OtherChildren	PRL_CitizenC100_330_005_OtherChildren	1711468163003	1711468163043	OK	 
REQUEST	PRL_CitizenC100_330_OtherChildren	PRL_CitizenC100_330_005_OtherChildren Redirect 1	1711468163043	1711468163136	OK	 
GROUP	PRL_CitizenC100_330_OtherChildren	1711468163003	1711468163230	223	OK
REQUEST	PRL_CitizenC100_340_EnterYourName	PRL_CitizenC100_340_005_EnterYourName	1711468163230	1711468163268	OK	 
GROUP	PRL_CitizenC100_340_EnterYourName	1711468163230	1711468163269	38	OK
REQUEST	PRL_CitizenC100_345_EnterYourNameRedirect	PRL_CitizenC100_340_005_EnterYourName	1711468163270	1711468163352	OK	 
GROUP	PRL_CitizenC100_345_EnterYourNameRedirect	1711468163269	1711468163451	178	OK
REQUEST	PRL_CitizenC100_350_KnowContactDetails	PRL_CitizenC100_350_005_KnowContactDetails	1711468163452	1711468163488	OK	 
REQUEST	PRL_CitizenC100_350_KnowContactDetails	PRL_CitizenC100_350_005_KnowContactDetails Redirect 1	1711468163489	1711468163594	OK	 
GROUP	PRL_CitizenC100_350_KnowContactDetails	1711468163452	1711468163693	236	OK
REQUEST	PRL_CitizenC100_360_KeepDetailsPrivate	PRL_CitizenC100_360_005_KeepDetailsPrivate	1711468163694	1711468163735	OK	 
REQUEST	PRL_CitizenC100_360_KeepDetailsPrivate	PRL_CitizenC100_360_005_KeepDetailsPrivate Redirect 1	1711468163735	1711468163816	OK	 
GROUP	PRL_CitizenC100_360_KeepDetailsPrivate	1711468163694	1711468163934	237	OK
REQUEST	PRL_CitizenC100_370_KeepDetailsPrivateContinue	PRL_CitizenC100_370_005_KeepDetailsPrivateContinue	1711468163935	1711468163973	OK	 
REQUEST	PRL_CitizenC100_370_KeepDetailsPrivateContinue	PRL_CitizenC100_370_005_KeepDetailsPrivateContinue Redirect 1	1711468163974	1711468164075	OK	 
GROUP	PRL_CitizenC100_370_KeepDetailsPrivateContinue	1711468163934	1711468164187	247	OK
REQUEST	PRL_CitizenC100_380_ApplicantDetails	PRL_CitizenC100_380_005_ApplicantDetails	1711468164188	1711468164226	OK	 
REQUEST	PRL_CitizenC100_380_ApplicantDetails	PRL_CitizenC100_380_005_ApplicantDetails Redirect 1	1711468164227	1711468164319	OK	 
GROUP	PRL_CitizenC100_380_ApplicantDetails	1711468164188	1711468164409	216	OK
REQUEST	PRL_CitizenC100_390_ApplicantRelationship	PRL_CitizenC100_390_005_ApplicantRelationship	1711468164409	1711468164445	OK	 
REQUEST	PRL_CitizenC100_390_ApplicantRelationship	PRL_CitizenC100_390_005_ApplicantRelationship Redirect 1	1711468164445	1711468164531	OK	 
GROUP	PRL_CitizenC100_390_ApplicantRelationship	1711468164409	1711468164616	205	OK
REQUEST	PRL_CitizenC100_400_ApplicantPostcode	PRL_CitizenC100_400_005_ApplicantPostcode	1711468164617	1711468165257	OK	 
REQUEST	PRL_CitizenC100_400_ApplicantPostcode	PRL_CitizenC100_400_005_ApplicantPostcode Redirect 1	1711468165258	1711468165345	OK	 
GROUP	PRL_CitizenC100_400_ApplicantPostcode	1711468164616	1711468165445	824	OK
REQUEST	PRL_CitizenC100_410_ApplicantSelectAddress	PRL_CitizenC100_410_005_ApplicantSelectAddress	1711468165446	1711468165493	OK	 
REQUEST	PRL_CitizenC100_410_ApplicantSelectAddress	PRL_CitizenC100_410_005_ApplicantSelectAddress Redirect 1	1711468165494	1711468165576	OK	 
GROUP	PRL_CitizenC100_410_ApplicantSelectAddress	1711468165445	1711468165670	221	OK
REQUEST	PRL_CitizenC100_420_ApplicantAddress	PRL_CitizenC100_420_005_ApplicantAddress	1711468165671	1711468165709	OK	 
REQUEST	PRL_CitizenC100_420_ApplicantAddress	PRL_CitizenC100_420_005_ApplicantAddress Redirect 1	1711468165709	1711468165796	OK	 
GROUP	PRL_CitizenC100_420_ApplicantAddress	1711468165670	1711468165884	212	OK
REQUEST	PRL_CitizenC100_430_ApplicantContact	PRL_CitizenC100_430_005_ApplicantContact	1711468165884	1711468165943	OK	 
REQUEST	PRL_CitizenC100_430_ApplicantContact	PRL_CitizenC100_430_005_ApplicantContact Redirect 1	1711468165944	1711468166048	OK	 
GROUP	PRL_CitizenC100_430_ApplicantContact	1711468165884	1711468166148	259	OK
REQUEST	PRL_CitizenC100_440_ApplicantContactPreference	PRL_CitizenC100_440_005_ApplicantContactPreference	1711468166149	1711468166193	OK	 
REQUEST	PRL_CitizenC100_440_ApplicantContactPreference	PRL_CitizenC100_440_005_ApplicantContactPreference Redirect 1	1711468166193	1711468166298	OK	 
GROUP	PRL_CitizenC100_440_ApplicantContactPreference	1711468166148	1711468166392	242	OK
REQUEST	PRL_CitizenC100_450_RespondentName	PRL_CitizenC100_450_005_RespondentName	1711468166392	1711468166433	OK	 
GROUP	PRL_CitizenC100_450_RespondentName	1711468166392	1711468166434	41	OK
REQUEST	PRL_CitizenC100_460_RespondentNameRedirect	PRL_CitizenC100_460_005_RespondentNameRedirect	1711468166434	1711468166529	OK	 
GROUP	PRL_CitizenC100_460_RespondentNameRedirect	1711468166434	1711468166616	181	OK
REQUEST	PRL_CitizenC100_470_RespondentDetails	PRL_CitizenC100_470_005_RespondentDetails	1711468166617	1711468166661	OK	 
REQUEST	PRL_CitizenC100_470_RespondentDetails	PRL_CitizenC100_470_005_RespondentDetails Redirect 1	1711468166661	1711468166748	OK	 
GROUP	PRL_CitizenC100_470_RespondentDetails	1711468166616	1711468166860	240	OK
REQUEST	PRL_CitizenC100_480_RespondentRelationship	PRL_CitizenC100_480_005_RespondentRelationship	1711468166860	1711468166900	OK	 
REQUEST	PRL_CitizenC100_480_RespondentRelationship	PRL_CitizenC100_480_005_RespondentRelationship Redirect 1	1711468166901	1711468166981	OK	 
GROUP	PRL_CitizenC100_480_RespondentRelationship	1711468166860	1711468167102	238	OK
REQUEST	PRL_CitizenC100_490_RespondentPostcode	PRL_CitizenC100_490_005_RespondentPostcode	1711468167105	1711468167697	OK	 
REQUEST	PRL_CitizenC100_490_RespondentPostcode	PRL_CitizenC100_490_005_RespondentPostcode Redirect 1	1711468167698	1711468167782	OK	 
GROUP	PRL_CitizenC100_490_RespondentPostcode	1711468167102	1711468167903	793	OK
REQUEST	PRL_CitizenC100_500_RespondentSelectAddress	PRL_CitizenC100_500_005_RespondentSelectAddress	1711468167904	1711468167944	OK	 
REQUEST	PRL_CitizenC100_500_RespondentSelectAddress	PRL_CitizenC100_500_005_RespondentSelectAddress Redirect 1	1711468167945	1711468168057	OK	 
GROUP	PRL_CitizenC100_500_RespondentSelectAddress	1711468167904	1711468168199	290	OK
REQUEST	PRL_CitizenC100_510_RespondentAddress	PRL_CitizenC100_510_005_RespondentAddress	1711468168200	1711468168242	OK	 
REQUEST	PRL_CitizenC100_510_RespondentAddress	PRL_CitizenC100_510_005_RespondentAddress Redirect 1	1711468168243	1711468168328	OK	 
GROUP	PRL_CitizenC100_510_RespondentAddress	1711468168199	1711468168444	239	OK
REQUEST	PRL_CitizenC100_520_RespondentContact	PRL_CitizenC100_520_005_RespondentContact	1711468168444	1711468168484	OK	 
REQUEST	PRL_CitizenC100_520_RespondentContact	PRL_CitizenC100_520_005_RespondentContact Redirect 1	1711468168485	1711468168585	OK	 
GROUP	PRL_CitizenC100_520_RespondentContact	1711468168444	1711468168701	253	OK
REQUEST	PRL_CitizenC100_530_AnyoneElse	PRL_CitizenC100_530_005_AnyoneElse	1711468168702	1711468168739	OK	 
REQUEST	PRL_CitizenC100_530_AnyoneElse	PRL_CitizenC100_530_005_AnyoneElse Redirect 1	1711468168739	1711468168828	OK	 
GROUP	PRL_CitizenC100_530_AnyoneElse	1711468168701	1711468168938	233	OK
REQUEST	PRL_CitizenC100_540_ChildLiveWith	PRL_CitizenC100_540_005_ChildLiveWith	1711468168939	1711468168980	OK	 
REQUEST	PRL_CitizenC100_540_ChildLiveWith	PRL_CitizenC100_540_005_ChildLiveWith Redirect 1	1711468168981	1711468169084	OK	 
GROUP	PRL_CitizenC100_540_ChildLiveWith	1711468168938	1711468169271	329	OK
REQUEST	PRL_CitizenC100_550_InvolvedInCourt	PRL_CitizenC100_550_005_InvolvedInCourt	1711468169272	1711468169311	OK	 
REQUEST	PRL_CitizenC100_550_InvolvedInCourt	PRL_CitizenC100_550_005_InvolvedInCourt Redirect 1	1711468169312	1711468169408	OK	 
GROUP	PRL_CitizenC100_550_InvolvedInCourt	1711468169271	1711468169581	304	OK
REQUEST	PRL_CitizenC100_560_CourtCasesInfo	PRL_CitizenC100_560_005_CourtCasesInfo	1711468169582	1711468169647	OK	 
REQUEST	PRL_CitizenC100_560_CourtCasesInfo	PRL_CitizenC100_560_005_CourtCasesInfo Redirect 1	1711468169648	1711468169757	OK	 
GROUP	PRL_CitizenC100_560_CourtCasesInfo	1711468169581	1711468169862	276	OK
REQUEST	PRL_CitizenC100_570_DetailsOfCourtCases	PRL_CitizenC100_570_005_DetailsOfCourtCases	1711468169863	1711468169905	OK	 
REQUEST	PRL_CitizenC100_570_DetailsOfCourtCases	PRL_CitizenC100_570_005_DetailsOfCourtCases Redirect 1	1711468169906	1711468169988	OK	 
GROUP	PRL_CitizenC100_570_DetailsOfCourtCases	1711468169862	1711468170090	223	OK
REQUEST	PRL_CitizenC100_580_SafetyInfo	PRL_CitizenC100_580_005_SafetyInfo	1711468170091	1711468170132	OK	 
REQUEST	PRL_CitizenC100_580_SafetyInfo	PRL_CitizenC100_580_005_SafetyInfo Redirect 1	1711468170132	1711468170246	OK	 
GROUP	PRL_CitizenC100_580_SafetyInfo	1711468170090	1711468170353	259	OK
REQUEST	PRL_CitizenC100_590_SafetyConcerns	PRL_CitizenC100_590_005_SafetyConcerns	1711468170354	1711468170398	OK	 
REQUEST	PRL_CitizenC100_590_SafetyConcerns	PRL_CitizenC100_590_005_SafetyConcerns Redirect 1	1711468170399	1711468170512	OK	 
GROUP	PRL_CitizenC100_590_SafetyConcerns	1711468170354	1711468170615	258	OK
REQUEST	PRL_CitizenC100_600_ConcernedAbout	PRL_CitizenC100_600_005_ConcernedAbout	1711468170616	1711468170670	OK	 
REQUEST	PRL_CitizenC100_600_ConcernedAbout	PRL_CitizenC100_600_005_ConcernedAbout Redirect 1	1711468170671	1711468170771	OK	 
GROUP	PRL_CitizenC100_600_ConcernedAbout	1711468170615	1711468170863	243	OK
REQUEST	PRL_CitizenC100_610_TypeOfBehaviour	PRL_CitizenC100_610_005_TypeOfBehaviour	1711468170863	1711468170902	OK	 
REQUEST	PRL_CitizenC100_610_TypeOfBehaviour	PRL_CitizenC100_610_005_TypeOfBehaviour Redirect 1	1711468170903	1711468171007	OK	 
GROUP	PRL_CitizenC100_610_TypeOfBehaviour	1711468170863	1711468171104	237	OK
REQUEST	PRL_CitizenC100_620_DescribePyshicalAbuse	PRL_CitizenC100_620_005_DescribePyshicalAbuse	1711468171104	1711468171147	OK	 
REQUEST	PRL_CitizenC100_620_DescribePyshicalAbuse	PRL_CitizenC100_620_005_DescribePyshicalAbuse Redirect 1	1711468171148	1711468171234	OK	 
GROUP	PRL_CitizenC100_620_DescribePyshicalAbuse	1711468171104	1711468171326	216	OK
REQUEST	PRL_CitizenC100_630_ImpactedByDrug	PRL_CitizenC100_630_005_ImpactedByDrug	1711468171327	1711468171365	OK	 
REQUEST	PRL_CitizenC100_630_ImpactedByDrug	PRL_CitizenC100_630_005_ImpactedByDrug Redirect 1	1711468171365	1711468172837	OK	 
GROUP	PRL_CitizenC100_630_ImpactedByDrug	1711468171326	1711468172943	1611	OK
REQUEST	PRL_CitizenC100_640_OtherConcerns	PRL_CitizenC100_640_005_OtherConcerns	1711468172943	1711468172984	OK	 
REQUEST	PRL_CitizenC100_640_OtherConcerns	PRL_CitizenC100_640_005_OtherConcerns Redirect 1	1711468172985	1711468173089	OK	 
GROUP	PRL_CitizenC100_640_OtherConcerns	1711468172943	1711468173188	243	OK
REQUEST	PRL_CitizenC100_650_KeepChildrenSafe	PRL_CitizenC100_650_005_KeepChildrenSafe	1711468173189	1711468173239	OK	 
REQUEST	PRL_CitizenC100_650_KeepChildrenSafe	PRL_CitizenC100_650_005_KeepChildrenSafe Redirect 1	1711468173240	1711468173318	OK	 
GROUP	PRL_CitizenC100_650_KeepChildrenSafe	1711468173188	1711468173445	254	OK
REQUEST	PRL_CitizenC100_660_ContactBetweenChildren	PRL_CitizenC100_660_005_ContactBetweenChildren	1711468173446	1711468173486	OK	 
REQUEST	PRL_CitizenC100_660_ContactBetweenChildren	PRL_CitizenC100_660_005_ContactBetweenChildren Redirect 1	1711468173486	1711468173579	OK	 
GROUP	PRL_CitizenC100_660_ContactBetweenChildren	1711468173446	1711468173667	218	OK
REQUEST	PRL_CitizenC100_670_ChildrenBasedOutsideEngland	PRL_CitizenC100_670_005_ChildrenBasedOutsideEngland	1711468173667	1711468173709	OK	 
REQUEST	PRL_CitizenC100_670_ChildrenBasedOutsideEngland	PRL_CitizenC100_670_005_ChildrenBasedOutsideEngland Redirect 1	1711468173709	1711468173828	OK	 
GROUP	PRL_CitizenC100_670_ChildrenBasedOutsideEngland	1711468173667	1711468173930	251	OK
REQUEST	PRL_CitizenC100_680_ParentsBasedOutsideEngland	PRL_CitizenC100_680_005_ParentsBasedOutsideEngland	1711468173931	1711468173985	OK	 
REQUEST	PRL_CitizenC100_680_ParentsBasedOutsideEngland	PRL_CitizenC100_680_005_ParentsBasedOutsideEngland Redirect 1	1711468173986	1711468174096	OK	 
GROUP	PRL_CitizenC100_680_ParentsBasedOutsideEngland	1711468173930	1711468174187	251	OK
REQUEST	PRL_CitizenC100_690_AnotherPersonApply	PRL_CitizenC100_690_005_AnotherPersonApply	1711468174188	1711468174230	OK	 
REQUEST	PRL_CitizenC100_690_AnotherPersonApply	PRL_CitizenC100_690_005_AnotherPersonApply Redirect 1	1711468174231	1711468174315	OK	 
GROUP	PRL_CitizenC100_690_AnotherPersonApply	1711468174187	1711468174412	220	OK
REQUEST	PRL_CitizenC100_700_AnotherCountryAsked	PRL_CitizenC100_700_005_AnotherCountryAsked	1711468174413	1711468174453	OK	 
REQUEST	PRL_CitizenC100_700_AnotherCountryAsked	PRL_CitizenC100_700_005_AnotherCountryAsked Redirect 1	1711468174454	1711468174536	OK	 
GROUP	PRL_CitizenC100_700_AnotherCountryAsked	1711468174412	1711468174641	223	OK
REQUEST	PRL_CitizenC100_710_TakePartInHearings	PRL_CitizenC100_710_005_TakePartInHearings	1711468174642	1711468174681	OK	 
REQUEST	PRL_CitizenC100_710_TakePartInHearings	PRL_CitizenC100_710_005_TakePartInHearings Redirect 1	1711468174682	1711468174772	OK	 
GROUP	PRL_CitizenC100_710_TakePartInHearings	1711468174642	1711468174870	221	OK
REQUEST	PRL_CitizenC100_720_LanguageRequirements	PRL_CitizenC100_720_005_LanguageRequirements	1711468174870	1711468174911	OK	 
REQUEST	PRL_CitizenC100_720_LanguageRequirements	PRL_CitizenC100_720_005_LanguageRequirements Redirect 1	1711468174912	1711468174993	OK	 
GROUP	PRL_CitizenC100_720_LanguageRequirements	1711468174870	1711468175091	216	OK
REQUEST	PRL_CitizenC100_730_SpecialArrangements	PRL_CitizenC100_730_005_SpecialArrangements	1711468175092	1711468175133	OK	 
REQUEST	PRL_CitizenC100_730_SpecialArrangements	PRL_CitizenC100_730_005_SpecialArrangements Redirect 1	1711468175134	1711468175213	OK	 
GROUP	PRL_CitizenC100_730_SpecialArrangements	1711468175091	1711468175325	229	OK
REQUEST	PRL_CitizenC100_740_NeedSupport	PRL_CitizenC100_740_005_NeedSupport	1711468175326	1711468175367	OK	 
REQUEST	PRL_CitizenC100_740_NeedSupport	PRL_CitizenC100_740_005_NeedSupport Redirect 1	1711468175368	1711468175416	OK	 
GROUP	PRL_CitizenC100_740_NeedSupport	1711468175325	1711468175511	180	OK
REQUEST	PRL_CitizenC100_750_DocumentsAlternativeFormat	PRL_CitizenC100_750_005_DocumentsAlternativeFormat	1711468175511	1711468175549	OK	 
REQUEST	PRL_CitizenC100_750_DocumentsAlternativeFormat	PRL_CitizenC100_750_005_DocumentsAlternativeFormat Redirect 1	1711468175550	1711468176286	OK	 
GROUP	PRL_CitizenC100_750_DocumentsAlternativeFormat	1711468175511	1711468176383	867	OK
REQUEST	PRL_CitizenC100_760_HelpWithPaying	PRL_CitizenC100_760_005_HelpWithPaying	1711468176384	1711468176432	OK	 
REQUEST	PRL_CitizenC100_760_HelpWithPaying	PRL_CitizenC100_760_005_HelpWithPaying Redirect 1	1711468176433	1711468176576	OK	 
GROUP	PRL_CitizenC100_760_HelpWithPaying	1711468176383	1711468176683	292	OK
REQUEST	PRL_CitizenC100_770_CheckYourAnswers	PRL_CitizenC100_770_005_CheckYourAnswers	1711468176683	1711468177649	KO	headerRegex((Location,https://card.payments.service.gov.uk/secure/(.{8}-.{4}-.{4}-.{4}-.{12}))).find.exists, found nothing
GROUP	PRL_CitizenC100_770_CheckYourAnswers	1711468176683	1711468177669	966	KO
USER	***** PRL Citizen Journey *****	END	1711468177674
