ASSERTION	AAECAAIFAAAAAAAAAFlA
RUN	simulations.PRL_Simulation	prl-simulation	1704889545652	 	3.9.5
USER	***** PRL Citizen Journey *****	START	1704889546062
REQUEST	XUI_010_Homepage	XUI_010_005_Homepage	1704889546069	1704889546242	OK	 
REQUEST	XUI_010_Homepage	XUI_Common_000_ConfigurationUI	1704889597137	1704889597237	OK	 
REQUEST	XUI_010_Homepage	XUI_Common_000_ConfigJson	1704889597242	1704889597753	OK	 
REQUEST	XUI_010_Homepage	XUI_Common_000_TsAndCs	1704889597756	1704889597801	OK	 
REQUEST	XUI_010_Homepage	XUI_Common_000_ConfigUI	1704889597804	1704889597859	OK	 
REQUEST	XUI_010_Homepage	XUI_Common_000_UserDetails	1704889597863	1704889597927	OK	 
REQUEST	XUI_010_Homepage	XUI_Common_000_IsAuthenticated	1704889597930	1704889597972	OK	 
REQUEST	XUI_010_Homepage	XUI_010_010_AuthLogin	1704889597976	1704889598011	OK	 
REQUEST	XUI_010_Homepage	XUI_010_010_AuthLogin Redirect 1	1704889598015	1704889598193	OK	 
REQUEST	XUI_010_Homepage	XUI_010_010_AuthLogin Redirect 2	1704889598196	1704889598290	OK	 
GROUP	XUI_010_Homepage	1704889546063	1704889603391	57212	OK
REQUEST	XUI_020_Login	XUI_020_005_Login	1704889603399	1704889603506	OK	 
REQUEST	XUI_020_Login	XUI_020_005_Login Redirect 1	1704889603507	1704889604310	OK	 
REQUEST	XUI_020_Login	XUI_020_005_Login Redirect 2	1704889604316	1704889604406	OK	 
REQUEST	XUI_020_Login	XUI_Common_000_ConfigurationUI	1704889664429	1704889664773	OK	 
REQUEST	XUI_020_Login	XUI_Common_000_ConfigJson	1704889664777	1704889664936	OK	 
REQUEST	XUI_020_Login	XUI_Common_000_TsAndCs	1704889664939	1704889665117	OK	 
REQUEST	XUI_020_Login	XUI_Common_000_ConfigUI	1704889665119	1704889665362	OK	 
REQUEST	XUI_020_Login	XUI_Common_000_UserDetails	1704889665365	1704889665745	OK	 
REQUEST	XUI_020_Login	XUI_Common_000_IsAuthenticated	1704889665748	1704889667116	OK	 
REQUEST	XUI_020_Login	XUI_Common_000_MonitoringTools	1704889667119	1704889667184	OK	 
GROUP	XUI_020_Login	1704889603391	1704889667223	63754	OK
REQUEST	XUI_PRL_030_TaskTab	XUI_PRL_030_005_SelectIssue	1704889667224	1704889678447	KO	regex(id": "(\w{8})-(\w{4})-(\w{4})-(\w{4})-(\w{12})).find.exists, found nothing
GROUP	XUI_PRL_030_TaskTab	1704889667223	1704889678463	11223	KO
USER	***** PRL Citizen Journey *****	END	1704889678468
