ASSERTION	AAECAAIFAAAAAAAAAFlA
RUN	simulations.PRL_Simulation	prl-simulation	1697631726692	 	3.9.5
USER	***** Private Law Create Case *****	START	1697631727304
REQUEST	XUI_010_Homepage	XUI_010_005_Homepage	1697631727322	1697631727630	OK	 
REQUEST	XUI_010_Homepage	XUI_Common_000_ConfigurationUI	1697631757588	1697631757635	OK	 
REQUEST	XUI_010_Homepage	XUI_Common_000_ConfigJson	1697631757643	1697631757659	OK	 
REQUEST	XUI_010_Homepage	XUI_Common_000_TsAndCs	1697631757661	1697631757715	OK	 
REQUEST	XUI_010_Homepage	XUI_Common_000_ConfigUI	1697631757717	1697631757790	OK	 
REQUEST	XUI_010_Homepage	XUI_Common_000_UserDetails	1697631757793	1697631758081	OK	 
REQUEST	XUI_010_Homepage	XUI_Common_000_IsAuthenticated	1697631758084	1697631758140	OK	 
REQUEST	XUI_010_Homepage	XUI_010_010_AuthLogin	1697631758143	1697631758175	OK	 
REQUEST	XUI_010_Homepage	XUI_010_010_AuthLogin Redirect 1	1697631758184	1697631758391	OK	 
REQUEST	XUI_010_Homepage	XUI_010_010_AuthLogin Redirect 2	1697631758392	1697631758454	OK	 
GROUP	XUI_010_Homepage	1697631727305	1697631760892	33476	OK
REQUEST	XUI_020_Login	XUI_020_005_Login	1697631760894	1697631761208	OK	 
REQUEST	XUI_020_Login	XUI_020_005_Login Redirect 1	1697631761209	1697631763030	OK	 
REQUEST	XUI_020_Login	XUI_020_005_Login Redirect 2	1697631763037	1697631763235	OK	 
REQUEST	XUI_020_Login	XUI_Common_000_ConfigurationUI	1697631818093	1697631818260	OK	 
REQUEST	XUI_020_Login	XUI_Common_000_ConfigJson	1697631818262	1697631818288	OK	 
REQUEST	XUI_020_Login	XUI_Common_000_TsAndCs	1697631818290	1697631818356	OK	 
REQUEST	XUI_020_Login	XUI_Common_000_ConfigUI	1697631818359	1697631818528	OK	 
REQUEST	XUI_020_Login	XUI_Common_000_UserDetails	1697631818530	1697631819519	OK	 
REQUEST	XUI_020_Login	XUI_Common_000_IsAuthenticated	1697631819521	1697631819582	OK	 
REQUEST	XUI_020_Login	XUI_Common_000_MonitoringTools	1697631819586	1697631819771	OK	 
GROUP	XUI_020_Login	1697631760892	1697631819796	58844	OK
REQUEST	XUI_PRL_030_CreateCaseStart	XUI_PRL_030_005_CreateCaseStart	1697631819799	1697631821340	OK	 
GROUP	XUI_PRL_030_CreateCaseStart	1697631819797	1697631821350	1541	OK
REQUEST	XUI_PRL_031_Type_Of_Application	XUI_PRL_031_005_Type_Of_Application	1697631821351	1697631822232	OK	 
GROUP	XUI_PRL_031_Type_Of_Application	1697631821350	1697631822233	881	OK
REQUEST	XUI_PRL_032_ApplicationCheckYourAnswers	XUI_PRL_032_005_ApplicationCheckYourAnswers	1697631822234	1697631830587	OK	 
GROUP	XUI_PRL_032_ApplicationCheckYourAnswers	1697631822233	1697631830598	8353	OK
REQUEST	XUI_PRL_033_ApplicationDetails	XUI_PRL_033_005_ApplicationDetails	1697631830599	1697631837394	OK	 
GROUP	XUI_PRL_033_ApplicationDetails	1697631830598	1697631837431	6795	OK
REQUEST	XUI_PRL_034_EnterApplicationDetails	XUI_PRL_034_005_EnterApplicationDetails	1697631837431	1697631838325	OK	 
GROUP	XUI_PRL_034_EnterApplicationDetails	1697631837431	1697631838326	894	OK
REQUEST	XUI_PRL_035_SubmitApplicationDetails	XUI_PRL_035_005_SubmitApplicationDetails	1697631838328	1697631844099	OK	 
GROUP	XUI_PRL_035_SubmitApplicationDetails	1697631838326	1697631844100	5771	OK
REQUEST	XUI_PRL_036_SubmitAndPay	XUI_PRL_036_005_SubmitAndPay	1697631844101	1697631858182	OK	 
GROUP	XUI_PRL_036_SubmitAndPay	1697631844100	1697631858195	14081	OK
REQUEST	XUI_PRL_037_ConfidentialityStatement	XUI_PRL_037_005_ConfidentialityStatement	1697631858195	1697631861649	OK	 
GROUP	XUI_PRL_037_ConfidentialityStatement	1697631858195	1697631861650	3454	OK
REQUEST	XUI_PRL_038_Declaration	XUI_PRL_038_005_Declaration	1697631861652	1697631863585	OK	 
GROUP	XUI_PRL_038_Declaration	1697631861650	1697631863586	1933	OK
REQUEST	XUI_PRL_039_Continue	XUI_PRL_039_005_Continue	1697631863588	1697631864380	OK	 
GROUP	XUI_PRL_039_Continue	1697631863586	1697631864380	792	OK
REQUEST	XUI_PRL_040_Continue	XUI_PRL_039_005_Continue	1697631864382	1697631880562	OK	 
GROUP	XUI_PRL_040_Continue	1697631864380	1697631880564	16180	OK
REQUEST	XUI_PRL_042_DummyPaymentConfirmation 	XUI_PRL_040_005_DummyPaymentConfirmation 	1697631880566	1697631883902	OK	 
GROUP	XUI_PRL_042_DummyPaymentConfirmation 	1697631880565	1697631883902	3336	OK
REQUEST	XUI_PRL_041_PaymentOption	XUI_PRL_041_005_PaymentOption	1697631883903	1697631886157	KO	headerRegex((location,\/card_details\/(.{26}))).find.exists, found nothing
GROUP	XUI_PRL_041_PaymentOption	1697631883902	1697631886166	2254	KO
USER	***** Private Law Create Case *****	END	1697631886168
