ASSERTION	AAECAAIFAAAAAAAAAFlA
RUN	simulations.PRL_Simulation	prl-simulation	1697628886724	 	3.9.5
USER	***** Private Law Create Case *****	START	1697628888219
REQUEST	XUI_010_Homepage	XUI_010_005_Homepage	1697628888248	1697628888589	OK	 
REQUEST	XUI_010_Homepage	XUI_Common_000_ConfigurationUI	1697628916872	1697628917996	OK	 
REQUEST	XUI_010_Homepage	XUI_Common_000_ConfigJson	1697628917999	1697628918171	OK	 
REQUEST	XUI_010_Homepage	XUI_Common_000_TsAndCs	1697628918172	1697628918369	OK	 
REQUEST	XUI_010_Homepage	XUI_Common_000_ConfigUI	1697628918370	1697628919615	OK	 
REQUEST	XUI_010_Homepage	XUI_Common_000_UserDetails	1697628919616	1697628919955	OK	 
REQUEST	XUI_010_Homepage	XUI_Common_000_IsAuthenticated	1697628919956	1697628920534	OK	 
REQUEST	XUI_010_Homepage	XUI_010_010_AuthLogin	1697628920536	1697628920611	OK	 
REQUEST	XUI_010_Homepage	XUI_010_010_AuthLogin Redirect 1	1697628920614	1697628923888	OK	 
REQUEST	XUI_010_Homepage	XUI_010_010_AuthLogin Redirect 2	1697628923889	1697628924250	OK	 
GROUP	XUI_010_Homepage	1697628888223	1697628927857	39523	OK
REQUEST	XUI_020_Login	XUI_020_005_Login	1697628927859	1697628928796	OK	 
REQUEST	XUI_020_Login	XUI_020_005_Login Redirect 1	1697628928797	1697628931115	OK	 
REQUEST	XUI_020_Login	XUI_020_005_Login Redirect 2	1697628931117	1697628931667	OK	 
REQUEST	XUI_020_Login	XUI_Common_000_ConfigurationUI	1697628954525	1697628955652	OK	 
REQUEST	XUI_020_Login	XUI_Common_000_ConfigJson	1697628955653	1697628955732	OK	 
REQUEST	XUI_020_Login	XUI_Common_000_TsAndCs	1697628955733	1697628956269	OK	 
REQUEST	XUI_020_Login	XUI_Common_000_ConfigUI	1697628956270	1697628957198	OK	 
REQUEST	XUI_020_Login	XUI_Common_000_UserDetails	1697628957199	1697628960450	OK	 
REQUEST	XUI_020_Login	XUI_Common_000_IsAuthenticated	1697628960451	1697628960611	OK	 
REQUEST	XUI_020_Login	XUI_Common_000_MonitoringTools	1697628960614	1697628960740	OK	 
GROUP	XUI_020_Login	1697628927858	1697628960766	32867	OK
REQUEST	XUI_PRL_030_CreateCaseStart	XUI_PRL_030_005_CreateCaseStart	1697628960769	1697628971273	OK	 
GROUP	XUI_PRL_030_CreateCaseStart	1697628960767	1697628971281	10504	OK
REQUEST	XUI_PRL_031_Type_Of_Application	XUI_PRL_031_005_Type_Of_Application	1697628971283	1697628974547	OK	 
GROUP	XUI_PRL_031_Type_Of_Application	1697628971281	1697628974548	3264	OK
REQUEST	XUI_PRL_032_ApplicationCheckYourAnswers	XUI_PRL_032_005_ApplicationCheckYourAnswers	1697628974548	1697628990520	OK	 
GROUP	XUI_PRL_032_ApplicationCheckYourAnswers	1697628974548	1697628990532	15972	OK
REQUEST	XUI_PRL_033_ApplicationDetails	XUI_PRL_033_005_ApplicationDetails	1697628990532	1697628998471	OK	 
GROUP	XUI_PRL_033_ApplicationDetails	1697628990532	1697628998511	7939	OK
REQUEST	XUI_PRL_034_EnterApplicationDetails	XUI_PRL_034_005_EnterApplicationDetails	1697628998513	1697629000562	OK	 
GROUP	XUI_PRL_034_EnterApplicationDetails	1697628998511	1697629000563	2049	OK
REQUEST	XUI_PRL_035_SubmitApplicationDetails	XUI_PRL_035_005_SubmitApplicationDetails	1697629000563	1697629016721	OK	 
GROUP	XUI_PRL_035_SubmitApplicationDetails	1697629000563	1697629016723	16158	OK
REQUEST	XUI_PRL_036_SubmitAndPay	XUI_PRL_036_005_SubmitAndPay	1697629016723	1697629027266	OK	 
GROUP	XUI_PRL_036_SubmitAndPay	1697629016723	1697629027277	10543	OK
REQUEST	XUI_PRL_037_ConfidentialityStatement	XUI_PRL_037_005_ConfidentialityStatement	1697629027278	1697629028056	OK	 
GROUP	XUI_PRL_037_ConfidentialityStatement	1697629027277	1697629028057	778	OK
REQUEST	XUI_PRL_038_Declaration	XUI_PRL_038_005_Declaration	1697629028058	1697629029498	OK	 
GROUP	XUI_PRL_038_Declaration	1697629028057	1697629029498	1440	OK
REQUEST	XUI_PRL_039_Continue	XUI_PRL_039_005_Continue	1697629029499	1697629031170	OK	 
GROUP	XUI_PRL_039_Continue	1697629029498	1697629031171	1671	OK
REQUEST	XUI_PRL_040_Continue	XUI_PRL_039_005_Continue	1697629031171	1697629048376	OK	 
GROUP	XUI_PRL_040_Continue	1697629031171	1697629048377	17205	OK
USER	***** Private Law Create Case *****	END	1697629048381
