ASSERTION	AAECAAIFAAAAAAAAAFlA
RUN	simulations.PRL_Simulation	prl-simulation	1706632918581	 	3.9.5
USER	***** PRL Citizen Journey *****	START	1706632919003
REQUEST	XUI_010_Homepage	XUI_010_005_Homepage	1706632919011	1706632919089	OK	 
REQUEST	XUI_010_Homepage	XUI_Common_000_ConfigurationUI	1706632920143	1706632920168	OK	 
REQUEST	XUI_010_Homepage	XUI_Common_000_ConfigJson	1706632920170	1706632920194	OK	 
REQUEST	XUI_010_Homepage	XUI_Common_000_TsAndCs	1706632920195	1706632920223	OK	 
REQUEST	XUI_010_Homepage	XUI_Common_000_ConfigUI	1706632920223	1706632920248	OK	 
REQUEST	XUI_010_Homepage	XUI_Common_000_UserDetails	1706632920249	1706632920274	OK	 
REQUEST	XUI_010_Homepage	XUI_Common_000_IsAuthenticated	1706632920274	1706632920300	OK	 
REQUEST	XUI_010_Homepage	XUI_010_010_AuthLogin	1706632920301	1706632920336	OK	 
REQUEST	XUI_010_Homepage	XUI_010_010_AuthLogin Redirect 1	1706632920338	1706632920404	OK	 
REQUEST	XUI_010_Homepage	XUI_010_010_AuthLogin Redirect 2	1706632920405	1706632920436	OK	 
GROUP	XUI_010_Homepage	1706632919004	1706632920645	1553	OK
REQUEST	XUI_020_Login	XUI_020_005_Login	1706632920647	1706632920726	OK	 
REQUEST	XUI_020_Login	XUI_020_005_Login Redirect 1	1706632920726	1706632921233	OK	 
REQUEST	XUI_020_Login	XUI_020_005_Login Redirect 2	1706632921234	1706632921260	OK	 
REQUEST	XUI_020_Login	XUI_Common_000_ConfigurationUI	1706632922294	1706632922322	OK	 
REQUEST	XUI_020_Login	XUI_Common_000_ConfigJson	1706632922323	1706632922365	OK	 
REQUEST	XUI_020_Login	XUI_Common_000_TsAndCs	1706632922367	1706632922406	OK	 
REQUEST	XUI_020_Login	XUI_Common_000_ConfigUI	1706632922408	1706632922435	OK	 
REQUEST	XUI_020_Login	XUI_Common_000_UserDetails	1706632922438	1706632922735	OK	 
REQUEST	XUI_020_Login	XUI_Common_000_IsAuthenticated	1706632922737	1706632922781	OK	 
REQUEST	XUI_020_Login	XUI_Common_000_MonitoringTools	1706632922782	1706632922828	OK	 
GROUP	XUI_020_Login	1706632920645	1706632922845	2166	OK
REQUEST	XUI_PRL_030_CreateCaseStart	XUI_PRL_030_005_CreateCaseStart	1706632922847	1706632923445	OK	 
GROUP	XUI_PRL_030_CreateCaseStart	1706632922846	1706632923460	598	OK
REQUEST	XUI_PRL_031_Type_Of_Application	XUI_PRL_031_005_Type_Of_Application	1706632923462	1706632923799	OK	 
GROUP	XUI_PRL_031_Type_Of_Application	1706632923460	1706632923799	337	OK
REQUEST	XUI_PRL_032_ApplicationCheckYourAnswers	XUI_PRL_032_005_ApplicationCheckYourAnswers	1706632923800	1706632928171	OK	 
GROUP	XUI_PRL_032_ApplicationCheckYourAnswers	1706632923799	1706632928184	4371	OK
REQUEST	XUI_PRL_033_ApplicationDetails	XUI_PRL_033_005_ApplicationDetails	1706632928185	1706632929016	OK	 
GROUP	XUI_PRL_033_ApplicationDetails	1706632928184	1706632929062	831	OK
REQUEST	XUI_PRL_034_EnterApplicationDetails	XUI_PRL_034_005_EnterApplicationDetails	1706632929064	1706632929481	OK	 
GROUP	XUI_PRL_034_EnterApplicationDetails	1706632929062	1706632929483	417	OK
REQUEST	XUI_PRL_035_SubmitApplicationDetails	XUI_PRL_035_005_SubmitApplicationDetails	1706632929484	1706632932261	OK	 
GROUP	XUI_PRL_035_SubmitApplicationDetails	1706632929483	1706632932262	2777	OK
REQUEST	XUI_PRL_036_SubmitAndPay	XUI_PRL_036_005_SubmitAndPay	1706632932263	1706632935750	OK	 
GROUP	XUI_PRL_036_SubmitAndPay	1706632932262	1706632935762	3487	OK
REQUEST	XUI_PRL_037_ConfidentialityStatement	XUI_PRL_037_005_ConfidentialityStatement	1706632935763	1706632936138	OK	 
GROUP	XUI_PRL_037_ConfidentialityStatement	1706632935762	1706632936141	375	OK
REQUEST	XUI_PRL_038_Declaration	XUI_PRL_038_005_Declaration	1706632936142	1706632936355	OK	 
GROUP	XUI_PRL_038_Declaration	1706632936141	1706632936357	213	OK
REQUEST	XUI_PRL_039_Continue	XUI_PRL_039_005_Continue	1706632936358	1706632936543	OK	 
GROUP	XUI_PRL_039_Continue	1706632936357	1706632936546	185	OK
REQUEST	XUI_PRL_040_Continue	XUI_PRL_039_005_Continue	1706632936547	1706632940443	OK	 
GROUP	XUI_PRL_040_Continue	1706632936546	1706632940450	3896	OK
REQUEST	XUI_PRL_041_DummyPaymentConfirmation 	XUI_PRL_041_005_DummyPaymentConfirmation 	1706632940450	1706632941115	OK	 
GROUP	XUI_PRL_041_DummyPaymentConfirmation 	1706632940450	1706632941117	665	OK
REQUEST	XUI_PRL_042_PaymentOption	XUI_PRL_042_005_PaymentOption	1706632941119	1706632942078	OK	 
GROUP	XUI_PRL_042_PaymentOption	1706632941117	1706632942083	959	OK
REQUEST	XUI_PRL_043_PaymentOption	XUI_PRL_043_005_PaymentOption	1706632942084	1706632942200	OK	 
REQUEST	XUI_PRL_043_PaymentOption	XUI_PRL_043_005_PaymentOption Redirect 1	1706632942202	1706632942290	OK	 
GROUP	XUI_PRL_043_PaymentOption	1706632942083	1706632942464	368	OK
REQUEST	XUI_PRL_044_CardDetails	XUI_PRL_044_005_CardDetails	1706632942464	1706632942604	OK	 
REQUEST	XUI_PRL_044_CardDetails	XUI_PRL_044_005_CardDetails Redirect 1	1706632942604	1706632942649	OK	 
GROUP	XUI_PRL_044_CardDetails	1706632942464	1706632942658	186	OK
REQUEST	XUI_PRL_045_ConfirmPayment	XUI_PRL_045_005_ConfirmPayment	1706632942658	1706632942737	OK	 
REQUEST	XUI_PRL_045_ConfirmPayment	XUI_PRL_045_005_ConfirmPayment Redirect 1	1706632942737	1706632942781	OK	 
REQUEST	XUI_PRL_045_ConfirmPayment	XUI_PRL_045_005_ConfirmPayment Redirect 2	1706632942787	1706632945150	OK	 
GROUP	XUI_PRL_045_ConfirmPayment	1706632942658	1706632945321	2650	OK
USER	***** PRL Citizen Journey *****	END	1706632945324
