ASSERTION	AAECAAIFAAAAAAAAAFlA
RUN	simulations.PRL_Simulation	prl-simulation	1697625682372	 	3.9.5
USER	***** Private Law Create Case *****	START	1697625682907
REQUEST	XUI_010_Homepage	XUI_010_005_Homepage	1697625682930	1697625688599	OK	 
REQUEST	XUI_010_Homepage	XUI_Common_000_ConfigurationUI	1697625751352	1697625751628	OK	 
REQUEST	XUI_010_Homepage	XUI_Common_000_ConfigJson	1697625751630	1697625752188	OK	 
REQUEST	XUI_010_Homepage	XUI_Common_000_TsAndCs	1697625752189	1697625752266	OK	 
REQUEST	XUI_010_Homepage	XUI_Common_000_ConfigUI	1697625752269	1697625752586	OK	 
REQUEST	XUI_010_Homepage	XUI_Common_000_UserDetails	1697625752587	1697625752763	OK	 
REQUEST	XUI_010_Homepage	XUI_Common_000_IsAuthenticated	1697625752764	1697625752919	OK	 
REQUEST	XUI_010_Homepage	XUI_010_010_AuthLogin	1697625752921	1697625753036	OK	 
REQUEST	XUI_010_Homepage	XUI_010_010_AuthLogin Redirect 1	1697625753038	1697625753298	OK	 
REQUEST	XUI_010_Homepage	XUI_010_010_AuthLogin Redirect 2	1697625753299	1697625753419	OK	 
GROUP	XUI_010_Homepage	1697625682908	1697625755292	72286	OK
REQUEST	XUI_020_Login	XUI_020_005_Login	1697625755294	1697625755737	OK	 
REQUEST	XUI_020_Login	XUI_020_005_Login Redirect 1	1697625755738	1697625756295	OK	 
REQUEST	XUI_020_Login	XUI_020_005_Login Redirect 2	1697625756297	1697625756343	OK	 
REQUEST	XUI_020_Login	XUI_Common_000_ConfigurationUI	1697625786476	1697625786549	OK	 
REQUEST	XUI_020_Login	XUI_Common_000_ConfigJson	1697625786554	1697625786770	OK	 
REQUEST	XUI_020_Login	XUI_Common_000_TsAndCs	1697625786771	1697625786812	OK	 
REQUEST	XUI_020_Login	XUI_Common_000_ConfigUI	1697625786813	1697625786888	OK	 
REQUEST	XUI_020_Login	XUI_Common_000_UserDetails	1697625786889	1697625787749	OK	 
REQUEST	XUI_020_Login	XUI_Common_000_IsAuthenticated	1697625787752	1697625787837	OK	 
REQUEST	XUI_020_Login	XUI_Common_000_MonitoringTools	1697625787846	1697625787965	OK	 
GROUP	XUI_020_Login	1697625755292	1697625787988	32645	OK
REQUEST	XUI_PRL_030_CreateCaseStart	XUI_PRL_030_005_CreateCaseStart	1697625787991	1697625789767	OK	 
GROUP	XUI_PRL_030_CreateCaseStart	1697625787989	1697625789774	1776	OK
REQUEST	XUI_PRL_031_Type_Of_Application	XUI_PRL_031_005_Type_Of_Application	1697625789776	1697625790848	OK	 
GROUP	XUI_PRL_031_Type_Of_Application	1697625789774	1697625790848	1072	OK
REQUEST	XUI_PRL_032_ApplicationCheckYourAnswers	XUI_PRL_032_005_ApplicationCheckYourAnswers	1697625790849	1697625807024	OK	 
GROUP	XUI_PRL_032_ApplicationCheckYourAnswers	1697625790848	1697625807034	16175	OK
REQUEST	XUI_PRL_033_ApplicationDetails	XUI_PRL_033_005_ApplicationDetails	1697625807035	1697625813124	OK	 
GROUP	XUI_PRL_033_ApplicationDetails	1697625807034	1697625813171	6089	OK
REQUEST	XUI_PRL_034_EnterApplicationDetails	XUI_PRL_034_005_EnterApplicationDetails	1697625813172	1697625813926	OK	 
GROUP	XUI_PRL_034_EnterApplicationDetails	1697625813171	1697625813927	754	OK
REQUEST	XUI_PRL_035_SubmitApplicationDetails	XUI_PRL_035_005_SubmitApplicationDetails	1697625813927	1697625826659	OK	 
GROUP	XUI_PRL_035_SubmitApplicationDetails	1697625813927	1697625826661	12732	OK
REQUEST	XUI_PRL_036_SubmitAndPay	XUI_PRL_036_005_SubmitAndPay	1697625826661	1697625839379	OK	 
GROUP	XUI_PRL_036_SubmitAndPay	1697625826661	1697625839399	12718	OK
REQUEST	XUI_PRL_037_ConfidentialityStatement	XUI_PRL_037_005_ConfidentialityStatement	1697625839400	1697625840598	OK	 
GROUP	XUI_PRL_037_ConfidentialityStatement	1697625839399	1697625840598	1198	OK
REQUEST	XUI_PRL_038_Declaration	XUI_PRL_038_005_Declaration	1697625840599	1697625841562	OK	 
GROUP	XUI_PRL_038_Declaration	1697625840598	1697625841563	963	OK
REQUEST	XUI_PRL_039_Continue	XUI_PRL_039_005_Continue	1697625841563	1697625843045	OK	 
GROUP	XUI_PRL_039_Continue	1697625841563	1697625843045	1482	OK
USER	***** Private Law Create Case *****	END	1697625843049
