ASSERTION	AAECAAIFAAAAAAAAAFlA
RUN	simulations.PRL_Simulation	prl-simulation	1704802938838	 	3.9.5
USER	***** PRL Citizen Journey *****	START	1704802940313
REQUEST	XUI_010_Homepage	XUI_010_005_Homepage	1704802940321	1704802940788	OK	 
REQUEST	XUI_010_Homepage	XUI_Common_000_ConfigurationUI	1704802943038	1704802943147	OK	 
REQUEST	XUI_010_Homepage	XUI_Common_000_ConfigJson	1704802943148	1704802943238	OK	 
REQUEST	XUI_010_Homepage	XUI_Common_000_TsAndCs	1704802943239	1704802943306	OK	 
REQUEST	XUI_010_Homepage	XUI_Common_000_ConfigUI	1704802943307	1704802943382	OK	 
REQUEST	XUI_010_Homepage	XUI_Common_000_UserDetails	1704802943385	1704802943471	OK	 
REQUEST	XUI_010_Homepage	XUI_Common_000_IsAuthenticated	1704802943472	1704802943578	OK	 
REQUEST	XUI_010_Homepage	XUI_010_010_AuthLogin	1704802943589	1704802943669	OK	 
REQUEST	XUI_010_Homepage	XUI_010_010_AuthLogin Redirect 1	1704802943673	1704802944009	OK	 
REQUEST	XUI_010_Homepage	XUI_010_010_AuthLogin Redirect 2	1704802944011	1704802944280	OK	 
GROUP	XUI_010_Homepage	1704802940314	1704802945118	4681	OK
REQUEST	XUI_020_Login	XUI_020_005_Login	1704802945128	1704802945303	OK	 
REQUEST	XUI_020_Login	XUI_020_005_Login Redirect 1	1704802945306	1704802946184	OK	 
REQUEST	XUI_020_Login	XUI_020_005_Login Redirect 2	1704802946185	1704802946279	OK	 
REQUEST	XUI_020_Login	XUI_Common_000_ConfigurationUI	1704802948657	1704802948743	OK	 
REQUEST	XUI_020_Login	XUI_Common_000_ConfigJson	1704802948745	1704802948861	OK	 
REQUEST	XUI_020_Login	XUI_Common_000_TsAndCs	1704802948862	1704802948943	OK	 
REQUEST	XUI_020_Login	XUI_Common_000_ConfigUI	1704802948944	1704802949044	OK	 
REQUEST	XUI_020_Login	XUI_Common_000_UserDetails	1704802949046	1704802949597	OK	 
REQUEST	XUI_020_Login	XUI_Common_000_IsAuthenticated	1704802949598	1704802949716	OK	 
REQUEST	XUI_020_Login	XUI_Common_000_MonitoringTools	1704802949717	1704802949815	OK	 
GROUP	XUI_020_Login	1704802945118	1704802949851	4666	OK
REQUEST	XUI_PRL_030_CreateCaseStart	XUI_PRL_030_005_CreateCaseStart	1704802949855	1704802953701	OK	 
GROUP	XUI_PRL_030_CreateCaseStart	1704802949852	1704802953721	3846	OK
REQUEST	XUI_PRL_031_Type_Of_Application	XUI_PRL_031_005_Type_Of_Application	1704802953725	1704802954572	OK	 
GROUP	XUI_PRL_031_Type_Of_Application	1704802953721	1704802954573	847	OK
REQUEST	XUI_PRL_032_ApplicationCheckYourAnswers	XUI_PRL_032_005_ApplicationCheckYourAnswers	1704802954574	1704802968958	OK	 
GROUP	XUI_PRL_032_ApplicationCheckYourAnswers	1704802954573	1704802968967	14384	OK
REQUEST	XUI_PRL_033_ApplicationDetails	XUI_PRL_033_005_ApplicationDetails	1704802968967	1704802970924	OK	 
GROUP	XUI_PRL_033_ApplicationDetails	1704802968967	1704802970961	1957	OK
REQUEST	XUI_PRL_034_EnterApplicationDetails	XUI_PRL_034_005_EnterApplicationDetails	1704802970962	1704802971798	OK	 
GROUP	XUI_PRL_034_EnterApplicationDetails	1704802970961	1704802971799	836	OK
REQUEST	XUI_PRL_035_SubmitApplicationDetails	XUI_PRL_035_005_SubmitApplicationDetails	1704802971800	1704802982458	OK	 
GROUP	XUI_PRL_035_SubmitApplicationDetails	1704802971799	1704802982460	10658	OK
REQUEST	XUI_PRL_036_SubmitAndPay	XUI_PRL_036_005_SubmitAndPay	1704802982461	1704802991218	OK	 
GROUP	XUI_PRL_036_SubmitAndPay	1704802982460	1704802991232	8757	OK
REQUEST	XUI_PRL_037_ConfidentialityStatement	XUI_PRL_037_005_ConfidentialityStatement	1704802991232	1704802992140	OK	 
GROUP	XUI_PRL_037_ConfidentialityStatement	1704802991232	1704802992141	908	OK
REQUEST	XUI_PRL_038_Declaration	XUI_PRL_038_005_Declaration	1704802992142	1704802993149	OK	 
GROUP	XUI_PRL_038_Declaration	1704802992141	1704802993150	1007	OK
REQUEST	XUI_PRL_039_Continue	XUI_PRL_039_005_Continue	1704802993151	1704802994179	OK	 
GROUP	XUI_PRL_039_Continue	1704802993150	1704802994181	1028	OK
REQUEST	XUI_PRL_040_Continue	XUI_PRL_039_005_Continue	1704802994182	1704803004458	OK	 
GROUP	XUI_PRL_040_Continue	1704802994181	1704803004463	10276	OK
REQUEST	XUI_PRL_041_DummyPaymentConfirmation 	XUI_PRL_041_005_DummyPaymentConfirmation 	1704803004463	1704803005418	OK	 
GROUP	XUI_PRL_041_DummyPaymentConfirmation 	1704803004463	1704803005418	955	OK
REQUEST	XUI_PRL_042_PaymentOption	XUI_PRL_042_005_PaymentOption	1704803005419	1704803006662	OK	 
GROUP	XUI_PRL_042_PaymentOption	1704803005418	1704803006664	1243	OK
REQUEST	XUI_PRL_043_PaymentOption	XUI_PRL_043_005_PaymentOption	1704803006665	1704803007044	OK	 
REQUEST	XUI_PRL_043_PaymentOption	XUI_PRL_043_005_PaymentOption Redirect 1	1704803007046	1704803007286	OK	 
GROUP	XUI_PRL_043_PaymentOption	1704803006664	1704803007977	1299	OK
REQUEST	XUI_PRL_044_CardDetails	XUI_PRL_044_005_CardDetails	1704803007977	1704803008139	OK	 
REQUEST	XUI_PRL_044_CardDetails	XUI_PRL_044_005_CardDetails Redirect 1	1704803008142	1704803008278	OK	 
GROUP	XUI_PRL_044_CardDetails	1704803007977	1704803008291	299	OK
REQUEST	XUI_PRL_045_ConfirmPayment	XUI_PRL_045_005_ConfirmPayment	1704803008292	1704803008453	OK	 
REQUEST	XUI_PRL_045_ConfirmPayment	XUI_PRL_045_005_ConfirmPayment Redirect 1	1704803008455	1704803008540	OK	 
REQUEST	XUI_PRL_045_ConfirmPayment	XUI_PRL_045_005_ConfirmPayment Redirect 2	1704803008553	1704803011107	OK	 
GROUP	XUI_PRL_045_ConfirmPayment	1704803008291	1704803011484	3169	OK
REQUEST	XUI_PRL_030_SelectCase	XUI_PRL_040_005_SelectIssue	1704803011485	1704803012398	KO	status.find.in([200, 209], 304), found 422
GROUP	XUI_PRL_030_SelectCase	1704803011484	1704803012407	913	KO
USER	***** PRL Citizen Journey *****	END	1704803012422
