ASSERTION	AAECAAIFAAAAAAAAAFlA
RUN	simulations.PRL_Simulation	prl-simulation	1706632950760	 	3.9.5
USER	***** PRL Citizen Journey *****	START	1706632951189
REQUEST	XUI_010_Homepage	XUI_010_005_Homepage	1706632951197	1706632951272	OK	 
REQUEST	XUI_010_Homepage	XUI_Common_000_ConfigurationUI	1706632952326	1706632952350	OK	 
REQUEST	XUI_010_Homepage	XUI_Common_000_ConfigJson	1706632952352	1706632952377	OK	 
REQUEST	XUI_010_Homepage	XUI_Common_000_TsAndCs	1706632952378	1706632952417	OK	 
REQUEST	XUI_010_Homepage	XUI_Common_000_ConfigUI	1706632952418	1706632952445	OK	 
REQUEST	XUI_010_Homepage	XUI_Common_000_UserDetails	1706632952445	1706632952471	OK	 
REQUEST	XUI_010_Homepage	XUI_Common_000_IsAuthenticated	1706632952472	1706632952492	OK	 
REQUEST	XUI_010_Homepage	XUI_010_010_AuthLogin	1706632952494	1706632952521	OK	 
REQUEST	XUI_010_Homepage	XUI_010_010_AuthLogin Redirect 1	1706632952523	1706632952610	OK	 
REQUEST	XUI_010_Homepage	XUI_010_010_AuthLogin Redirect 2	1706632952611	1706632952648	OK	 
GROUP	XUI_010_Homepage	1706632951190	1706632952910	1630	OK
REQUEST	XUI_020_Login	XUI_020_005_Login	1706632952912	1706632952991	OK	 
REQUEST	XUI_020_Login	XUI_020_005_Login Redirect 1	1706632952991	1706632953443	OK	 
REQUEST	XUI_020_Login	XUI_020_005_Login Redirect 2	1706632953446	1706632953484	OK	 
REQUEST	XUI_020_Login	XUI_Common_000_ConfigurationUI	1706632954951	1706632954979	OK	 
REQUEST	XUI_020_Login	XUI_Common_000_ConfigJson	1706632954980	1706632955005	OK	 
REQUEST	XUI_020_Login	XUI_Common_000_TsAndCs	1706632955007	1706632955034	OK	 
REQUEST	XUI_020_Login	XUI_Common_000_ConfigUI	1706632955037	1706632955062	OK	 
REQUEST	XUI_020_Login	XUI_Common_000_UserDetails	1706632955064	1706632955207	OK	 
REQUEST	XUI_020_Login	XUI_Common_000_IsAuthenticated	1706632955210	1706632955260	OK	 
REQUEST	XUI_020_Login	XUI_Common_000_MonitoringTools	1706632955264	1706632955306	OK	 
GROUP	XUI_020_Login	1706632952910	1706632955336	2373	OK
REQUEST	XUI_PRL_030_CreateCaseStart	XUI_PRL_030_005_CreateCaseStart	1706632955339	1706632955800	OK	 
GROUP	XUI_PRL_030_CreateCaseStart	1706632955337	1706632955817	461	OK
REQUEST	XUI_PRL_031_Type_Of_Application	XUI_PRL_031_005_Type_Of_Application	1706632955821	1706632956411	OK	 
GROUP	XUI_PRL_031_Type_Of_Application	1706632955817	1706632956412	590	OK
REQUEST	XUI_PRL_032_ApplicationCheckYourAnswers	XUI_PRL_032_005_ApplicationCheckYourAnswers	1706632956412	1706632960942	OK	 
GROUP	XUI_PRL_032_ApplicationCheckYourAnswers	1706632956412	1706632960950	4530	OK
REQUEST	XUI_PRL_033_ApplicationDetails	XUI_PRL_033_005_ApplicationDetails	1706632960951	1706632961466	OK	 
GROUP	XUI_PRL_033_ApplicationDetails	1706632960950	1706632961496	515	OK
REQUEST	XUI_PRL_034_EnterApplicationDetails	XUI_PRL_034_005_EnterApplicationDetails	1706632961496	1706632962148	OK	 
GROUP	XUI_PRL_034_EnterApplicationDetails	1706632961496	1706632962150	652	OK
REQUEST	XUI_PRL_035_SubmitApplicationDetails	XUI_PRL_035_005_SubmitApplicationDetails	1706632962152	1706632964851	OK	 
GROUP	XUI_PRL_035_SubmitApplicationDetails	1706632962151	1706632964853	2699	OK
REQUEST	XUI_PRL_036_SubmitAndPay	XUI_PRL_036_005_SubmitAndPay	1706632964854	1706632968189	OK	 
GROUP	XUI_PRL_036_SubmitAndPay	1706632964853	1706632968204	3335	OK
REQUEST	XUI_PRL_037_ConfidentialityStatement	XUI_PRL_037_005_ConfidentialityStatement	1706632968205	1706632968318	OK	 
GROUP	XUI_PRL_037_ConfidentialityStatement	1706632968204	1706632968318	113	OK
REQUEST	XUI_PRL_038_Declaration	XUI_PRL_038_005_Declaration	1706632968318	1706632968655	OK	 
GROUP	XUI_PRL_038_Declaration	1706632968318	1706632968657	337	OK
REQUEST	XUI_PRL_039_Continue	XUI_PRL_039_005_Continue	1706632968659	1706632969125	OK	 
GROUP	XUI_PRL_039_Continue	1706632968657	1706632969127	466	OK
REQUEST	XUI_PRL_040_Continue	XUI_PRL_039_005_Continue	1706632969128	1706632973026	OK	 
GROUP	XUI_PRL_040_Continue	1706632969127	1706632973034	3898	OK
REQUEST	XUI_PRL_041_DummyPaymentConfirmation 	XUI_PRL_041_005_DummyPaymentConfirmation 	1706632973035	1706632973223	OK	 
GROUP	XUI_PRL_041_DummyPaymentConfirmation 	1706632973034	1706632973224	188	OK
REQUEST	XUI_PRL_042_PaymentOption	XUI_PRL_042_005_PaymentOption	1706632973225	1706632973682	OK	 
GROUP	XUI_PRL_042_PaymentOption	1706632973224	1706632973688	457	OK
REQUEST	XUI_PRL_043_PaymentOption	XUI_PRL_043_005_PaymentOption	1706632973689	1706632973812	OK	 
REQUEST	XUI_PRL_043_PaymentOption	XUI_PRL_043_005_PaymentOption Redirect 1	1706632973815	1706632973910	OK	 
GROUP	XUI_PRL_043_PaymentOption	1706632973688	1706632974075	372	OK
REQUEST	XUI_PRL_044_CardDetails	XUI_PRL_044_005_CardDetails	1706632974075	1706632974198	OK	 
REQUEST	XUI_PRL_044_CardDetails	XUI_PRL_044_005_CardDetails Redirect 1	1706632974199	1706632974256	OK	 
GROUP	XUI_PRL_044_CardDetails	1706632974075	1706632974266	181	OK
REQUEST	XUI_PRL_045_ConfirmPayment	XUI_PRL_045_005_ConfirmPayment	1706632974267	1706632974340	OK	 
REQUEST	XUI_PRL_045_ConfirmPayment	XUI_PRL_045_005_ConfirmPayment Redirect 1	1706632974341	1706632974389	OK	 
REQUEST	XUI_PRL_045_ConfirmPayment	XUI_PRL_045_005_ConfirmPayment Redirect 2	1706632974393	1706632976183	OK	 
GROUP	XUI_PRL_045_ConfirmPayment	1706632974266	1706632976345	2068	OK
USER	***** PRL Citizen Journey *****	END	1706632976349
