ASSERTION	AAECAAIFAAAAAAAAAFlA
RUN	simulations.PRL_Simulation	prl-simulation	1704893984490	 	3.9.5
USER	***** PRL Citizen Journey *****	START	1704893985575
REQUEST	XUI_010_Homepage	XUI_010_005_Homepage	1704893985582	1704893985928	OK	 
REQUEST	XUI_010_Homepage	XUI_Common_000_ConfigurationUI	1704893990020	1704893990138	OK	 
REQUEST	XUI_010_Homepage	XUI_Common_000_ConfigJson	1704893990147	1704893990242	OK	 
REQUEST	XUI_010_Homepage	XUI_Common_000_TsAndCs	1704893990244	1704893990351	OK	 
REQUEST	XUI_010_Homepage	XUI_Common_000_ConfigUI	1704893990356	1704893990485	OK	 
REQUEST	XUI_010_Homepage	XUI_Common_000_UserDetails	1704893990489	1704893990575	OK	 
REQUEST	XUI_010_Homepage	XUI_Common_000_IsAuthenticated	1704893990578	1704893990675	OK	 
REQUEST	XUI_010_Homepage	XUI_010_010_AuthLogin	1704893990677	1704893990780	OK	 
REQUEST	XUI_010_Homepage	XUI_010_010_AuthLogin Redirect 1	1704893990783	1704893991141	OK	 
REQUEST	XUI_010_Homepage	XUI_010_010_AuthLogin Redirect 2	1704893991147	1704893991336	OK	 
GROUP	XUI_010_Homepage	1704893985575	1704893992144	6417	OK
REQUEST	XUI_020_Login	XUI_020_005_Login	1704893992153	1704893992487	OK	 
REQUEST	XUI_020_Login	XUI_020_005_Login Redirect 1	1704893992490	1704893993200	OK	 
REQUEST	XUI_020_Login	XUI_020_005_Login Redirect 2	1704893993214	1704893993302	OK	 
REQUEST	XUI_020_Login	XUI_Common_000_ConfigurationUI	1704893996791	1704893996916	OK	 
REQUEST	XUI_020_Login	XUI_Common_000_ConfigJson	1704893996920	1704893997003	OK	 
REQUEST	XUI_020_Login	XUI_Common_000_TsAndCs	1704893997008	1704893997104	OK	 
REQUEST	XUI_020_Login	XUI_Common_000_ConfigUI	1704893997107	1704893997202	OK	 
REQUEST	XUI_020_Login	XUI_Common_000_UserDetails	1704893997205	1704893998224	OK	 
REQUEST	XUI_020_Login	XUI_Common_000_IsAuthenticated	1704893998228	1704893998352	OK	 
REQUEST	XUI_020_Login	XUI_Common_000_MonitoringTools	1704893998355	1704893998518	OK	 
GROUP	XUI_020_Login	1704893992145	1704893998573	6319	OK
REQUEST	XUI_PRL_030_CreateCaseStart	XUI_PRL_030_005_CreateCaseStart	1704893998577	1704894002949	OK	 
GROUP	XUI_PRL_030_CreateCaseStart	1704893998575	1704894002966	4372	OK
REQUEST	XUI_PRL_031_Type_Of_Application	XUI_PRL_031_005_Type_Of_Application	1704894002969	1704894004411	OK	 
GROUP	XUI_PRL_031_Type_Of_Application	1704894002966	1704894004414	1442	OK
REQUEST	XUI_PRL_032_ApplicationCheckYourAnswers	XUI_PRL_032_005_ApplicationCheckYourAnswers	1704894004416	1704894017928	OK	 
GROUP	XUI_PRL_032_ApplicationCheckYourAnswers	1704894004414	1704894017937	13512	OK
REQUEST	XUI_PRL_033_ApplicationDetails	XUI_PRL_033_005_ApplicationDetails	1704894017937	1704894020026	OK	 
GROUP	XUI_PRL_033_ApplicationDetails	1704894017937	1704894020081	2089	OK
REQUEST	XUI_PRL_034_EnterApplicationDetails	XUI_PRL_034_005_EnterApplicationDetails	1704894020082	1704894021028	OK	 
GROUP	XUI_PRL_034_EnterApplicationDetails	1704894020081	1704894021031	946	OK
REQUEST	XUI_PRL_035_SubmitApplicationDetails	XUI_PRL_035_005_SubmitApplicationDetails	1704894021034	1704894024651	OK	 
GROUP	XUI_PRL_035_SubmitApplicationDetails	1704894021031	1704894024653	3617	OK
REQUEST	XUI_PRL_036_SubmitAndPay	XUI_PRL_036_005_SubmitAndPay	1704894024653	1704894030702	OK	 
GROUP	XUI_PRL_036_SubmitAndPay	1704894024653	1704894030708	6049	OK
REQUEST	XUI_PRL_037_ConfidentialityStatement	XUI_PRL_037_005_ConfidentialityStatement	1704894030709	1704894031325	OK	 
GROUP	XUI_PRL_037_ConfidentialityStatement	1704894030708	1704894031326	616	OK
REQUEST	XUI_PRL_038_Declaration	XUI_PRL_038_005_Declaration	1704894031327	1704894031980	OK	 
GROUP	XUI_PRL_038_Declaration	1704894031326	1704894031982	653	OK
REQUEST	XUI_PRL_039_Continue	XUI_PRL_039_005_Continue	1704894031984	1704894033232	OK	 
GROUP	XUI_PRL_039_Continue	1704894031982	1704894033237	1248	OK
REQUEST	XUI_PRL_040_Continue	XUI_PRL_039_005_Continue	1704894033238	1704894044910	OK	 
GROUP	XUI_PRL_040_Continue	1704894033237	1704894044917	11672	OK
REQUEST	XUI_PRL_041_DummyPaymentConfirmation 	XUI_PRL_041_005_DummyPaymentConfirmation 	1704894044918	1704894045821	OK	 
GROUP	XUI_PRL_041_DummyPaymentConfirmation 	1704894044917	1704894045823	903	OK
REQUEST	XUI_PRL_042_PaymentOption	XUI_PRL_042_005_PaymentOption	1704894045825	1704894046656	OK	 
GROUP	XUI_PRL_042_PaymentOption	1704894045823	1704894046659	831	OK
REQUEST	XUI_PRL_043_PaymentOption	XUI_PRL_043_005_PaymentOption	1704894046660	1704894047086	OK	 
REQUEST	XUI_PRL_043_PaymentOption	XUI_PRL_043_005_PaymentOption Redirect 1	1704894047089	1704894047325	OK	 
GROUP	XUI_PRL_043_PaymentOption	1704894046659	1704894047974	1301	OK
REQUEST	XUI_PRL_044_CardDetails	XUI_PRL_044_005_CardDetails	1704894047975	1704894048145	OK	 
REQUEST	XUI_PRL_044_CardDetails	XUI_PRL_044_005_CardDetails Redirect 1	1704894048147	1704894048253	OK	 
GROUP	XUI_PRL_044_CardDetails	1704894047974	1704894048268	277	OK
REQUEST	XUI_PRL_045_ConfirmPayment	XUI_PRL_045_005_ConfirmPayment	1704894048268	1704894048409	OK	 
REQUEST	XUI_PRL_045_ConfirmPayment	XUI_PRL_045_005_ConfirmPayment Redirect 1	1704894048414	1704894048507	OK	 
REQUEST	XUI_PRL_045_ConfirmPayment	XUI_PRL_045_005_ConfirmPayment Redirect 2	1704894048528	1704894050446	OK	 
GROUP	XUI_PRL_045_ConfirmPayment	1704894048268	1704894050951	2653	OK
REQUEST	XUI_010_Homepage	XUI_010_005_Homepage	1704894050951	1704894051050	OK	 
REQUEST	XUI_010_Homepage	XUI_Common_000_ConfigurationUI	1704894054913	1704894055006	OK	 
REQUEST	XUI_010_Homepage	XUI_Common_000_ConfigJson	1704894055014	1704894055124	OK	 
REQUEST	XUI_010_Homepage	XUI_Common_000_TsAndCs	1704894055128	1704894055213	OK	 
REQUEST	XUI_010_Homepage	XUI_Common_000_ConfigUI	1704894055216	1704894055343	OK	 
REQUEST	XUI_010_Homepage	XUI_Common_000_UserDetails	1704894055346	1704894055426	OK	 
REQUEST	XUI_010_Homepage	XUI_Common_000_IsAuthenticated	1704894055428	1704894055514	OK	 
REQUEST	XUI_010_Homepage	XUI_010_010_AuthLogin	1704894055516	1704894055605	OK	 
REQUEST	XUI_010_Homepage	XUI_010_010_AuthLogin Redirect 1	1704894055606	1704894056026	OK	 
REQUEST	XUI_010_Homepage	XUI_010_010_AuthLogin Redirect 2	1704894056027	1704894056236	OK	 
GROUP	XUI_010_Homepage	1704894050951	1704894056943	5945	OK
REQUEST	XUI_020_Login	XUI_020_005_Login	1704894056945	1704894057126	OK	 
REQUEST	XUI_020_Login	XUI_020_005_Login Redirect 1	1704894057128	1704894057866	OK	 
REQUEST	XUI_020_Login	XUI_020_005_Login Redirect 2	1704894057869	1704894057968	OK	 
REQUEST	XUI_020_Login	XUI_Common_000_ConfigurationUI	1704894061629	1704894061718	OK	 
REQUEST	XUI_020_Login	XUI_Common_000_ConfigJson	1704894061719	1704894061807	OK	 
REQUEST	XUI_020_Login	XUI_Common_000_TsAndCs	1704894061811	1704894061928	OK	 
REQUEST	XUI_020_Login	XUI_Common_000_ConfigUI	1704894061934	1704894062030	OK	 
REQUEST	XUI_020_Login	XUI_Common_000_UserDetails	1704894062033	1704894062315	OK	 
REQUEST	XUI_020_Login	XUI_Common_000_IsAuthenticated	1704894062317	1704894062407	OK	 
REQUEST	XUI_020_Login	XUI_Common_000_MonitoringTools	1704894062409	1704894062501	OK	 
GROUP	XUI_020_Login	1704894056944	1704894062504	5527	OK
REQUEST	XUI_PRL_030_TaskTab	XUI_PRL_030_005_SelectIssue	1704894062504	1704894063736	KO	jsonPath($[0].id).find.exists, found nothing
GROUP	XUI_PRL_030_TaskTab	1704894062504	1704894063738	1232	KO
USER	***** PRL Citizen Journey *****	END	1704894063743
