ASSERTION	AAECAAIFAAAAAAAAAFlA
RUN	simulations.PRL_Simulation	prl-simulation	1706049262501	 	3.9.5
USER	***** PRL Case Flags 2.1 Journey *****	START	1706049263612
REQUEST	XUI_010_Homepage	XUI_010_005_Homepage	1706049263630	1706049263900	OK	 
REQUEST	XUI_010_Homepage	XUI_Common_000_ConfigurationUI	1706049266333	1706049266372	OK	 
REQUEST	XUI_010_Homepage	XUI_Common_000_ConfigJson	1706049266373	1706049266405	OK	 
REQUEST	XUI_010_Homepage	XUI_Common_000_TsAndCs	1706049266406	1706049266436	OK	 
REQUEST	XUI_010_Homepage	XUI_Common_000_ConfigUI	1706049266437	1706049266489	OK	 
REQUEST	XUI_010_Homepage	XUI_Common_000_UserDetails	1706049266490	1706049266519	OK	 
REQUEST	XUI_010_Homepage	XUI_Common_000_IsAuthenticated	1706049266520	1706049266559	OK	 
REQUEST	XUI_010_Homepage	XUI_010_010_AuthLogin	1706049266561	1706049266593	OK	 
REQUEST	XUI_010_Homepage	XUI_010_010_AuthLogin Redirect 1	1706049266598	1706049267723	OK	 
REQUEST	XUI_010_Homepage	XUI_010_010_AuthLogin Redirect 2	1706049267725	1706049267784	OK	 
GROUP	XUI_010_Homepage	1706049263614	1706049268170	4394	OK
REQUEST	XUI_020_Login	XUI_020_005_Login	1706049268172	1706049268337	OK	 
REQUEST	XUI_020_Login	XUI_020_005_Login Redirect 1	1706049268338	1706049269746	OK	 
REQUEST	XUI_020_Login	XUI_020_005_Login Redirect 2	1706049269748	1706049269791	OK	 
REQUEST	XUI_020_Login	XUI_Common_000_ConfigurationUI	1706049272807	1706049272843	OK	 
REQUEST	XUI_020_Login	XUI_Common_000_ConfigJson	1706049272845	1706049272881	OK	 
REQUEST	XUI_020_Login	XUI_Common_000_TsAndCs	1706049272881	1706049272915	OK	 
REQUEST	XUI_020_Login	XUI_Common_000_ConfigUI	1706049272916	1706049272951	OK	 
REQUEST	XUI_020_Login	XUI_Common_000_UserDetails	1706049272951	1706049273570	OK	 
REQUEST	XUI_020_Login	XUI_Common_000_IsAuthenticated	1706049273572	1706049273630	OK	 
REQUEST	XUI_020_Login	XUI_Common_000_MonitoringTools	1706049273631	1706049273685	OK	 
GROUP	XUI_020_Login	1706049268170	1706049273710	5501	OK
GROUP	XUI_PRL_070_CreateCaseStart	1706049273715	1706049273717	0	OK
REQUEST	XUI_PRL_070_RequestSupport	XUI_PRL_070_005_RequestSupport	1706049273717	1706049274355	OK	 
REQUEST	XUI_PRL_070_RequestSupport	XUI_PRL_070_010_RequestSupport	1706049274356	1706049277864	OK	 
GROUP	XUI_PRL_070_RequestSupport	1706049273717	1706049277925	4146	OK
REQUEST	XUI_PRL_080_WhereFlagAdded	XUI_PRL_080_005_WhereFlagAdded	1706049277926	1706049278340	OK	 
REQUEST	XUI_PRL_080_WhereFlagAdded	XUI_PRL_080_010_WhereFlagAdded	1706049278341	1706049279401	OK	 
GROUP	XUI_PRL_080_WhereFlagAdded	1706049277925	1706049279403	1474	OK
REQUEST	XUI_PRL_080_RequestSupportSubmit	XUI_PRL_080_005_RequestSupportSubmit	1706049279407	1706049280135	KO	status.find.in([200, 209], 304), found 404
GROUP	XUI_PRL_080_RequestSupportSubmit	1706049279403	1706049280146	728	KO
USER	***** PRL Case Flags 2.1 Journey *****	END	1706049280151
