ASSERTION	AAECAAIFAAAAAAAAAFlA
RUN	simulations.PRL_Simulation	prl-simulation	1706796130019	 	3.9.5
USER	***** PRL Citizen Journey *****	START	1706796130602
REQUEST	XUI_010_Homepage	XUI_010_005_Homepage	1706796130610	1706796130738	OK	 
REQUEST	XUI_010_Homepage	XUI_Common_000_ConfigurationUI	1706796131808	1706796131835	OK	 
REQUEST	XUI_010_Homepage	XUI_Common_000_ConfigJson	1706796131837	1706796131894	OK	 
REQUEST	XUI_010_Homepage	XUI_Common_000_TsAndCs	1706796131894	1706796131935	OK	 
REQUEST	XUI_010_Homepage	XUI_Common_000_ConfigUI	1706796131936	1706796131962	OK	 
REQUEST	XUI_010_Homepage	XUI_Common_000_UserDetails	1706796131963	1706796131995	OK	 
REQUEST	XUI_010_Homepage	XUI_Common_000_IsAuthenticated	1706796131995	1706796132022	OK	 
REQUEST	XUI_010_Homepage	XUI_010_010_AuthLogin	1706796132024	1706796132081	OK	 
REQUEST	XUI_010_Homepage	XUI_010_010_AuthLogin Redirect 1	1706796132083	1706796132165	OK	 
REQUEST	XUI_010_Homepage	XUI_010_010_AuthLogin Redirect 2	1706796132166	1706796132197	OK	 
GROUP	XUI_010_Homepage	1706796130603	1706796132419	1736	OK
REQUEST	XUI_020_Login	XUI_020_005_Login	1706796132421	1706796132559	OK	 
REQUEST	XUI_020_Login	XUI_020_005_Login Redirect 1	1706796132559	1706796133219	OK	 
REQUEST	XUI_020_Login	XUI_020_005_Login Redirect 2	1706796133222	1706796133249	OK	 
REQUEST	XUI_020_Login	XUI_Common_000_ConfigurationUI	1706796134266	1706796134294	OK	 
REQUEST	XUI_020_Login	XUI_Common_000_ConfigJson	1706796134295	1706796134331	OK	 
REQUEST	XUI_020_Login	XUI_Common_000_TsAndCs	1706796134331	1706796134358	OK	 
REQUEST	XUI_020_Login	XUI_Common_000_ConfigUI	1706796134358	1706796134386	OK	 
REQUEST	XUI_020_Login	XUI_Common_000_UserDetails	1706796134386	1706796135184	OK	 
REQUEST	XUI_020_Login	XUI_Common_000_IsAuthenticated	1706796135185	1706796135246	OK	 
REQUEST	XUI_020_Login	XUI_Common_000_MonitoringTools	1706796135246	1706796135331	OK	 
GROUP	XUI_020_Login	1706796132419	1706796135352	2902	OK
REQUEST	XUI_PRL_030_CreateCaseStart	XUI_PRL_030_005_CreateCaseStart	1706796135354	1706796140185	OK	 
GROUP	XUI_PRL_030_CreateCaseStart	1706796135353	1706796140202	4831	OK
REQUEST	XUI_PRL_031_Type_Of_Application	XUI_PRL_031_005_Type_Of_Application	1706796140206	1706796141622	OK	 
GROUP	XUI_PRL_031_Type_Of_Application	1706796140202	1706796141624	1416	OK
REQUEST	XUI_PRL_032_ApplicationCheckYourAnswers	XUI_PRL_032_005_ApplicationCheckYourAnswers	1706796141625	1706796166828	OK	 
GROUP	XUI_PRL_032_ApplicationCheckYourAnswers	1706796141624	1706796166841	25203	OK
REQUEST	XUI_PRL_033_ApplicationDetails	XUI_PRL_033_005_ApplicationDetails	1706796166841	1706796168665	OK	 
GROUP	XUI_PRL_033_ApplicationDetails	1706796166841	1706796168723	1824	OK
REQUEST	XUI_PRL_034_EnterApplicationDetails	XUI_PRL_034_005_EnterApplicationDetails	1706796168724	1706796169776	OK	 
GROUP	XUI_PRL_034_EnterApplicationDetails	1706796168723	1706796169777	1052	OK
REQUEST	XUI_PRL_035_SubmitApplicationDetails	XUI_PRL_035_005_SubmitApplicationDetails	1706796169778	1706796176902	OK	 
GROUP	XUI_PRL_035_SubmitApplicationDetails	1706796169777	1706796176906	7124	OK
REQUEST	XUI_PRL_036_SubmitAndPay	XUI_PRL_036_005_SubmitAndPay	1706796176908	1706796186672	OK	 
GROUP	XUI_PRL_036_SubmitAndPay	1706796176907	1706796186687	9764	OK
REQUEST	XUI_PRL_037_ConfidentialityStatement	XUI_PRL_037_005_ConfidentialityStatement	1706796186688	1706796188106	OK	 
GROUP	XUI_PRL_037_ConfidentialityStatement	1706796186687	1706796188109	1418	OK
REQUEST	XUI_PRL_038_Declaration	XUI_PRL_038_005_Declaration	1706796188110	1706796189251	OK	 
GROUP	XUI_PRL_038_Declaration	1706796188109	1706796189253	1141	OK
REQUEST	XUI_PRL_039_Continue	XUI_PRL_039_005_Continue	1706796189253	1706796190769	OK	 
GROUP	XUI_PRL_039_Continue	1706796189253	1706796190770	1516	OK
REQUEST	XUI_PRL_040_Continue	XUI_PRL_039_005_Continue	1706796190770	1706796199678	OK	 
GROUP	XUI_PRL_040_Continue	1706796190770	1706796199681	8908	OK
REQUEST	XUI_PRL_041_DummyPaymentConfirmation 	XUI_PRL_041_005_DummyPaymentConfirmation 	1706796199682	1706796201099	OK	 
GROUP	XUI_PRL_041_DummyPaymentConfirmation 	1706796199681	1706796201100	1417	OK
REQUEST	XUI_PRL_042_PaymentOption	XUI_PRL_042_005_PaymentOption	1706796201102	1706796202135	OK	 
GROUP	XUI_PRL_042_PaymentOption	1706796201100	1706796202142	1033	OK
REQUEST	XUI_PRL_043_PaymentOption	XUI_PRL_043_005_PaymentOption	1706796202143	1706796202275	OK	 
REQUEST	XUI_PRL_043_PaymentOption	XUI_PRL_043_005_PaymentOption Redirect 1	1706796202276	1706796202354	OK	 
GROUP	XUI_PRL_043_PaymentOption	1706796202142	1706796202529	376	OK
REQUEST	XUI_PRL_044_CardDetails	XUI_PRL_044_005_CardDetails	1706796202529	1706796202659	OK	 
REQUEST	XUI_PRL_044_CardDetails	XUI_PRL_044_005_CardDetails Redirect 1	1706796202660	1706796202716	OK	 
GROUP	XUI_PRL_044_CardDetails	1706796202529	1706796202724	187	OK
REQUEST	XUI_PRL_045_ConfirmPayment	XUI_PRL_045_005_ConfirmPayment	1706796202724	1706796202787	OK	 
REQUEST	XUI_PRL_045_ConfirmPayment	XUI_PRL_045_005_ConfirmPayment Redirect 1	1706796202788	1706796202835	OK	 
REQUEST	XUI_PRL_045_ConfirmPayment	XUI_PRL_045_005_ConfirmPayment Redirect 2	1706796202842	1706796205004	OK	 
GROUP	XUI_PRL_045_ConfirmPayment	1706796202724	1706796205130	2392	OK
USER	***** PRL Citizen Journey *****	END	1706796205133
