ASSERTION	AAECAAIFAAAAAAAAAFlA
RUN	simulations.PRL_Simulation	prl-simulation	1697618045858	 	3.9.5
USER	***** Private Law Create Case *****	START	1697618046254
REQUEST	XUI_010_Homepage	XUI_010_005_Homepage	1697618046271	1697618046408	OK	 
REQUEST	XUI_010_Homepage	XUI_Common_000_ConfigurationUI	1697618046944	1697618047018	OK	 
REQUEST	XUI_010_Homepage	XUI_Common_000_ConfigJson	1697618047020	1697618047133	OK	 
REQUEST	XUI_010_Homepage	XUI_Common_000_TsAndCs	1697618047134	1697618047256	OK	 
REQUEST	XUI_010_Homepage	XUI_Common_000_ConfigUI	1697618047256	1697618047315	OK	 
REQUEST	XUI_010_Homepage	XUI_Common_000_UserDetails	1697618047316	1697618047368	OK	 
REQUEST	XUI_010_Homepage	XUI_Common_000_IsAuthenticated	1697618047368	1697618047516	OK	 
REQUEST	XUI_010_Homepage	XUI_010_010_AuthLogin	1697618047519	1697618047558	OK	 
REQUEST	XUI_010_Homepage	XUI_010_010_AuthLogin Redirect 1	1697618047562	1697618047645	OK	 
REQUEST	XUI_010_Homepage	XUI_010_010_AuthLogin Redirect 2	1697618047648	1697618049418	OK	 
GROUP	XUI_010_Homepage	1697618046254	1697618051715	5363	OK
REQUEST	XUI_020_Login	XUI_020_005_Login	1697618051717	1697618052389	OK	 
REQUEST	XUI_020_Login	XUI_020_005_Login Redirect 1	1697618052390	1697618054328	OK	 
REQUEST	XUI_020_Login	XUI_020_005_Login Redirect 2	1697618054332	1697618054377	OK	 
REQUEST	XUI_020_Login	XUI_Common_000_ConfigurationUI	1697618055298	1697618055342	OK	 
REQUEST	XUI_020_Login	XUI_Common_000_ConfigJson	1697618055343	1697618055358	OK	 
REQUEST	XUI_020_Login	XUI_Common_000_TsAndCs	1697618055359	1697618055416	OK	 
REQUEST	XUI_020_Login	XUI_Common_000_ConfigUI	1697618055418	1697618055467	OK	 
REQUEST	XUI_020_Login	XUI_Common_000_UserDetails	1697618055468	1697618056120	OK	 
REQUEST	XUI_020_Login	XUI_Common_000_IsAuthenticated	1697618056121	1697618056204	OK	 
REQUEST	XUI_020_Login	XUI_Common_000_MonitoringTools	1697618056208	1697618056287	OK	 
GROUP	XUI_020_Login	1697618051716	1697618056312	4546	OK
REQUEST	XUI_PRL_030_CreateCaseStart	XUI_PRL_030_005_CreateCaseStart	1697618056315	1697618061937	OK	 
GROUP	XUI_PRL_030_CreateCaseStart	1697618056313	1697618061945	5622	OK
REQUEST	XUI_PRL_031_Type_Of_Application	XUI_PRL_031_005_Type_Of_Application	1697618061947	1697618063117	OK	 
GROUP	XUI_PRL_031_Type_Of_Application	1697618061945	1697618063118	1170	OK
REQUEST	XUI_PRL_032_ApplicationCheckYourAnswers	XUI_PRL_032_005_ApplicationCheckYourAnswers	1697618063119	1697618087202	OK	 
GROUP	XUI_PRL_032_ApplicationCheckYourAnswers	1697618063118	1697618087210	24083	OK
REQUEST	XUI_PRL_033_ApplicationDetails	XUI_PRL_033_005_ApplicationDetails	1697618087210	1697618090947	OK	 
GROUP	XUI_PRL_033_ApplicationDetails	1697618087210	1697618090976	3737	OK
REQUEST	XUI_PRL_034_EnterApplicationDetails	XUI_PRL_034_005_EnterApplicationDetails	1697618090977	1697618093975	OK	 
GROUP	XUI_PRL_034_EnterApplicationDetails	1697618090977	1697618093975	2998	OK
REQUEST	XUI_PRL_035_SubmitApplicationDetails	XUI_PRL_035_005_SubmitApplicationDetails	1697618093976	1697618112473	OK	 
GROUP	XUI_PRL_035_SubmitApplicationDetails	1697618093975	1697618112474	18497	OK
REQUEST	XUI_PRL_036_SubmitAndPay	XUI_PRL_036_005_SubmitAndPay	1697618112475	1697618132268	OK	 
GROUP	XUI_PRL_036_SubmitAndPay	1697618112474	1697618132281	19793	OK
REQUEST	XUI_PRL_037_ConfidentialityStatement	XUI_PRL_037_005_ConfidentialityStatement	1697618132282	1697618133543	OK	 
GROUP	XUI_PRL_037_ConfidentialityStatement	1697618132281	1697618133543	1261	OK
REQUEST	XUI_PRL_038_Declaration	XUI_PRL_038_005_Declaration	1697618133544	1697618135366	OK	 
GROUP	XUI_PRL_038_Declaration	1697618133543	1697618135370	1822	OK
REQUEST	XUI_PRL_039_Continue	XUI_PRL_039_005_Continue	1697618135372	1697618138363	OK	 
GROUP	XUI_PRL_039_Continue	1697618135370	1697618138364	2991	OK
REQUEST	XUI_PRL_040_Continue	XUI_PRL_040_005_Continue	1697618138366	1697618138377	KO	j.n.UnknownHostException: manage-case.${env}.platform.hmcts.net: nodename nor servname provided, or not known
GROUP	XUI_PRL_040_Continue	1697618138364	1697618138396	11	KO
USER	***** Private Law Create Case *****	END	1697618138401
