ASSERTION	AAECAAIFAAAAAAAAAFlA
RUN	simulations.PRL_Simulation	prl-simulation	1704802599721	 	3.9.5
USER	***** PRL Citizen Journey *****	START	1704802600715
REQUEST	XUI_010_Homepage	XUI_010_005_Homepage	1704802600727	1704802601195	OK	 
REQUEST	XUI_010_Homepage	XUI_Common_000_ConfigurationUI	1704802604954	1704802605056	OK	 
REQUEST	XUI_010_Homepage	XUI_Common_000_ConfigJson	1704802605059	1704802605200	OK	 
REQUEST	XUI_010_Homepage	XUI_Common_000_TsAndCs	1704802605203	1704802605291	OK	 
REQUEST	XUI_010_Homepage	XUI_Common_000_ConfigUI	1704802605293	1704802605375	OK	 
REQUEST	XUI_010_Homepage	XUI_Common_000_UserDetails	1704802605377	1704802605465	OK	 
REQUEST	XUI_010_Homepage	XUI_Common_000_IsAuthenticated	1704802605466	1704802605554	OK	 
REQUEST	XUI_010_Homepage	XUI_010_010_AuthLogin	1704802605558	1704802605666	OK	 
REQUEST	XUI_010_Homepage	XUI_010_010_AuthLogin Redirect 1	1704802605670	1704802606098	OK	 
REQUEST	XUI_010_Homepage	XUI_010_010_AuthLogin Redirect 2	1704802606100	1704802606352	OK	 
GROUP	XUI_010_Homepage	1704802600717	1704802607321	6476	OK
REQUEST	XUI_020_Login	XUI_020_005_Login	1704802607329	1704802607533	OK	 
REQUEST	XUI_020_Login	XUI_020_005_Login Redirect 1	1704802607534	1704802608125	OK	 
REQUEST	XUI_020_Login	XUI_020_005_Login Redirect 2	1704802608127	1704802608220	OK	 
REQUEST	XUI_020_Login	XUI_Common_000_ConfigurationUI	1704802611413	1704802611528	OK	 
REQUEST	XUI_020_Login	XUI_Common_000_ConfigJson	1704802611530	1704802611618	OK	 
REQUEST	XUI_020_Login	XUI_Common_000_TsAndCs	1704802611620	1704802611706	OK	 
REQUEST	XUI_020_Login	XUI_Common_000_ConfigUI	1704802611707	1704802611803	OK	 
REQUEST	XUI_020_Login	XUI_Common_000_UserDetails	1704802611805	1704802612430	OK	 
REQUEST	XUI_020_Login	XUI_Common_000_IsAuthenticated	1704802612431	1704802612555	OK	 
REQUEST	XUI_020_Login	XUI_Common_000_MonitoringTools	1704802612557	1704802612661	OK	 
GROUP	XUI_020_Login	1704802607322	1704802612699	5316	OK
REQUEST	XUI_PRL_030_CreateCaseStart	XUI_PRL_030_005_CreateCaseStart	1704802612702	1704802616113	OK	 
GROUP	XUI_PRL_030_CreateCaseStart	1704802612700	1704802616133	3411	OK
REQUEST	XUI_PRL_031_Type_Of_Application	XUI_PRL_031_005_Type_Of_Application	1704802616136	1704802617544	OK	 
GROUP	XUI_PRL_031_Type_Of_Application	1704802616133	1704802617545	1408	OK
REQUEST	XUI_PRL_032_ApplicationCheckYourAnswers	XUI_PRL_032_005_ApplicationCheckYourAnswers	1704802617546	1704802637959	OK	 
GROUP	XUI_PRL_032_ApplicationCheckYourAnswers	1704802617545	1704802637976	20413	OK
REQUEST	XUI_PRL_033_ApplicationDetails	XUI_PRL_033_005_ApplicationDetails	1704802637976	1704802640152	OK	 
GROUP	XUI_PRL_033_ApplicationDetails	1704802637976	1704802640198	2176	OK
REQUEST	XUI_PRL_034_EnterApplicationDetails	XUI_PRL_034_005_EnterApplicationDetails	1704802640199	1704802640993	OK	 
GROUP	XUI_PRL_034_EnterApplicationDetails	1704802640198	1704802640994	794	OK
REQUEST	XUI_PRL_035_SubmitApplicationDetails	XUI_PRL_035_005_SubmitApplicationDetails	1704802640996	1704802647530	OK	 
GROUP	XUI_PRL_035_SubmitApplicationDetails	1704802640994	1704802647532	6534	OK
REQUEST	XUI_PRL_036_SubmitAndPay	XUI_PRL_036_005_SubmitAndPay	1704802647533	1704802659797	OK	 
GROUP	XUI_PRL_036_SubmitAndPay	1704802647532	1704802659811	12264	OK
REQUEST	XUI_PRL_037_ConfidentialityStatement	XUI_PRL_037_005_ConfidentialityStatement	1704802659812	1704802660937	OK	 
GROUP	XUI_PRL_037_ConfidentialityStatement	1704802659811	1704802660937	1125	OK
REQUEST	XUI_PRL_038_Declaration	XUI_PRL_038_005_Declaration	1704802660940	1704802662294	OK	 
GROUP	XUI_PRL_038_Declaration	1704802660937	1704802662294	1354	OK
REQUEST	XUI_PRL_039_Continue	XUI_PRL_039_005_Continue	1704802662295	1704802663751	OK	 
GROUP	XUI_PRL_039_Continue	1704802662294	1704802663767	1456	OK
REQUEST	XUI_PRL_040_Continue	XUI_PRL_039_005_Continue	1704802663768	1704802679265	OK	 
GROUP	XUI_PRL_040_Continue	1704802663767	1704802679269	15497	OK
REQUEST	XUI_PRL_041_DummyPaymentConfirmation 	XUI_PRL_041_005_DummyPaymentConfirmation 	1704802679269	1704802681528	OK	 
GROUP	XUI_PRL_041_DummyPaymentConfirmation 	1704802679269	1704802681529	2259	OK
REQUEST	XUI_PRL_042_PaymentOption	XUI_PRL_042_005_PaymentOption	1704802681529	1704802682977	OK	 
GROUP	XUI_PRL_042_PaymentOption	1704802681529	1704802682979	1448	OK
REQUEST	XUI_PRL_043_PaymentOption	XUI_PRL_043_005_PaymentOption	1704802682980	1704802683488	OK	 
REQUEST	XUI_PRL_043_PaymentOption	XUI_PRL_043_005_PaymentOption Redirect 1	1704802683489	1704802683844	OK	 
GROUP	XUI_PRL_043_PaymentOption	1704802682980	1704802684892	1901	OK
REQUEST	XUI_PRL_044_CardDetails	XUI_PRL_044_005_CardDetails	1704802684893	1704802685083	OK	 
REQUEST	XUI_PRL_044_CardDetails	XUI_PRL_044_005_CardDetails Redirect 1	1704802685084	1704802685243	OK	 
GROUP	XUI_PRL_044_CardDetails	1704802684892	1704802685257	350	OK
REQUEST	XUI_PRL_045_ConfirmPayment	XUI_PRL_045_005_ConfirmPayment	1704802685258	1704802685415	OK	 
REQUEST	XUI_PRL_045_ConfirmPayment	XUI_PRL_045_005_ConfirmPayment Redirect 1	1704802685416	1704802685502	OK	 
REQUEST	XUI_PRL_045_ConfirmPayment	XUI_PRL_045_005_ConfirmPayment Redirect 2	1704802685510	1704802688302	OK	 
GROUP	XUI_PRL_045_ConfirmPayment	1704802685257	1704802688781	3511	OK
USER	***** PRL Citizen Journey *****	END	1704802688785
