ASSERTION	AAECAAIFAAAAAAAAAFlA
RUN	simulations.PRL_Simulation	prl-simulation	1702986253434	 	3.9.5
USER	***** PRL Case Flags 2.1 Journey *****	START	1702986254350
REQUEST	XUI_010_Homepage	XUI_010_005_Homepage	1702986254359	1702986254522	OK	 
REQUEST	XUI_010_Homepage	XUI_Common_000_ConfigurationUI	1702986255215	1702986255253	OK	 
REQUEST	XUI_010_Homepage	XUI_Common_000_ConfigJson	1702986255255	1702986255286	OK	 
REQUEST	XUI_010_Homepage	XUI_Common_000_TsAndCs	1702986255287	1702986255337	OK	 
REQUEST	XUI_010_Homepage	XUI_Common_000_ConfigUI	1702986255337	1702986255434	OK	 
REQUEST	XUI_010_Homepage	XUI_Common_000_UserDetails	1702986255435	1702986255474	OK	 
REQUEST	XUI_010_Homepage	XUI_Common_000_IsAuthenticated	1702986255475	1702986255501	OK	 
REQUEST	XUI_010_Homepage	XUI_010_010_AuthLogin	1702986255503	1702986255528	OK	 
REQUEST	XUI_010_Homepage	XUI_010_010_AuthLogin Redirect 1	1702986255530	1702986255862	OK	 
REQUEST	XUI_010_Homepage	XUI_010_010_AuthLogin Redirect 2	1702986255863	1702986255928	OK	 
GROUP	XUI_010_Homepage	1702986254351	1702986256238	1780	OK
REQUEST	XUI_020_Login	XUI_020_005_Login	1702986256241	1702986256408	OK	 
REQUEST	XUI_020_Login	XUI_020_005_Login Redirect 1	1702986256408	1702986257210	OK	 
REQUEST	XUI_020_Login	XUI_020_005_Login Redirect 2	1702986257211	1702986257501	OK	 
REQUEST	XUI_020_Login	XUI_Common_000_ConfigurationUI	1702986259112	1702986259154	OK	 
REQUEST	XUI_020_Login	XUI_Common_000_ConfigJson	1702986259156	1702986259322	OK	 
REQUEST	XUI_020_Login	XUI_Common_000_TsAndCs	1702986259323	1702986259351	OK	 
REQUEST	XUI_020_Login	XUI_Common_000_ConfigUI	1702986259352	1702986259412	OK	 
REQUEST	XUI_020_Login	XUI_Common_000_UserDetails	1702986259413	1702986261256	OK	 
REQUEST	XUI_020_Login	XUI_Common_000_IsAuthenticated	1702986261256	1702986261388	OK	 
REQUEST	XUI_020_Login	XUI_Common_000_MonitoringTools	1702986261390	1702986261495	OK	 
GROUP	XUI_020_Login	1702986256238	1702986261587	5244	OK
REQUEST	XUI_PRL_030_CreateCaseStart	XUI_PRL_030_005_CreateCaseStart	1702986261637	1702986267956	OK	 
GROUP	XUI_PRL_030_CreateCaseStart	1702986261635	1702986267963	6319	OK
REQUEST	XUI_PRL_031_Type_Of_Application	XUI_PRL_031_005_Type_Of_Application	1702986267966	1702986269593	OK	 
GROUP	XUI_PRL_031_Type_Of_Application	1702986267963	1702986269603	1627	OK
REQUEST	XUI_PRL_032_ApplicationCheckYourAnswers	XUI_PRL_032_005_ApplicationCheckYourAnswers	1702986269606	1702986288916	OK	 
GROUP	XUI_PRL_032_ApplicationCheckYourAnswers	1702986269604	1702986288924	19310	OK
REQUEST	XUI_PRL_033_ApplicationDetails	XUI_PRL_033_005_ApplicationDetails	1702986288933	1702986290801	OK	 
GROUP	XUI_PRL_033_ApplicationDetails	1702986288924	1702986290835	1868	OK
REQUEST	XUI_PRL_034_EnterApplicationDetails	XUI_PRL_034_005_EnterApplicationDetails	1702986290836	1702986291949	OK	 
GROUP	XUI_PRL_034_EnterApplicationDetails	1702986290835	1702986291949	1113	OK
REQUEST	XUI_PRL_035_SubmitApplicationDetails	XUI_PRL_035_005_SubmitApplicationDetails	1702986291950	1702986300288	OK	 
GROUP	XUI_PRL_035_SubmitApplicationDetails	1702986291949	1702986300289	8338	OK
REQUEST	XUI_PRL_036_SubmitAndPay	XUI_PRL_036_005_SubmitAndPay	1702986300289	1702986312546	OK	 
GROUP	XUI_PRL_036_SubmitAndPay	1702986300289	1702986312556	12257	OK
REQUEST	XUI_PRL_037_ConfidentialityStatement	XUI_PRL_037_005_ConfidentialityStatement	1702986312556	1702986313920	OK	 
GROUP	XUI_PRL_037_ConfidentialityStatement	1702986312556	1702986313920	1364	OK
REQUEST	XUI_PRL_038_Declaration	XUI_PRL_038_005_Declaration	1702986313921	1702986314861	OK	 
GROUP	XUI_PRL_038_Declaration	1702986313920	1702986314861	940	OK
REQUEST	XUI_PRL_039_Continue	XUI_PRL_039_005_Continue	1702986314862	1702986316192	OK	 
GROUP	XUI_PRL_039_Continue	1702986314861	1702986316193	1330	OK
REQUEST	XUI_PRL_040_Continue	XUI_PRL_039_005_Continue	1702986316193	1702986329762	OK	 
GROUP	XUI_PRL_040_Continue	1702986316193	1702986329764	13569	OK
REQUEST	XUI_PRL_041_DummyPaymentConfirmation 	XUI_PRL_041_005_DummyPaymentConfirmation 	1702986329765	1702986331641	OK	 
GROUP	XUI_PRL_041_DummyPaymentConfirmation 	1702986329764	1702986331641	1876	OK
REQUEST	XUI_PRL_042_PaymentOption	XUI_PRL_042_005_PaymentOption	1702986331642	1702986335228	OK	 
GROUP	XUI_PRL_042_PaymentOption	1702986331641	1702986335234	3586	OK
REQUEST	XUI_PRL_043_PaymentOption	XUI_PRL_043_005_PaymentOption	1702986335235	1702986335363	OK	 
REQUEST	XUI_PRL_043_PaymentOption	XUI_PRL_043_005_PaymentOption Redirect 1	1702986335365	1702986335569	OK	 
GROUP	XUI_PRL_043_PaymentOption	1702986335234	1702986335802	555	OK
REQUEST	XUI_PRL_044_CardDetails	XUI_PRL_044_005_CardDetails	1702986335802	1702986335926	OK	 
REQUEST	XUI_PRL_044_CardDetails	XUI_PRL_044_005_CardDetails Redirect 1	1702986335928	1702986335984	OK	 
GROUP	XUI_PRL_044_CardDetails	1702986335802	1702986335989	181	OK
REQUEST	XUI_PRL_045_ConfirmPayment	XUI_PRL_045_005_ConfirmPayment	1702986335989	1702986336078	OK	 
REQUEST	XUI_PRL_045_ConfirmPayment	XUI_PRL_045_005_ConfirmPayment Redirect 1	1702986336082	1702986336128	OK	 
REQUEST	XUI_PRL_045_ConfirmPayment	XUI_PRL_045_005_ConfirmPayment Redirect 2	1702986336137	1702986341490	KO	substring(Payment successful).find.exists, found nothing
GROUP	XUI_PRL_045_ConfirmPayment	1702986335989	1702986341493	5488	KO
USER	***** PRL Case Flags 2.1 Journey *****	END	1702986341496
