ASSERTION	AAECAAIFAAAAAAAAAFlA
RUN	simulations.PRL_Simulation	prl-simulation	1702997629090	 	3.9.5
USER	***** PRL Case Flags 2.1 Journey *****	START	1702997629512
REQUEST	XUI_010_Homepage	XUI_010_005_Homepage	1702997629524	1702997629666	OK	 
REQUEST	XUI_010_Homepage	XUI_Common_000_ConfigurationUI	1702997641336	1702997641374	OK	 
REQUEST	XUI_010_Homepage	XUI_Common_000_ConfigJson	1702997641376	1702997641415	OK	 
REQUEST	XUI_010_Homepage	XUI_Common_000_TsAndCs	1702997641417	1702997641459	OK	 
REQUEST	XUI_010_Homepage	XUI_Common_000_ConfigUI	1702997641460	1702997641507	OK	 
REQUEST	XUI_010_Homepage	XUI_Common_000_UserDetails	1702997641508	1702997641556	OK	 
REQUEST	XUI_010_Homepage	XUI_Common_000_IsAuthenticated	1702997641557	1702997641596	OK	 
REQUEST	XUI_010_Homepage	XUI_010_010_AuthLogin	1702997641598	1702997641631	OK	 
REQUEST	XUI_010_Homepage	XUI_010_010_AuthLogin Redirect 1	1702997641633	1702997641761	OK	 
REQUEST	XUI_010_Homepage	XUI_010_010_AuthLogin Redirect 2	1702997641764	1702997641850	OK	 
GROUP	XUI_010_Homepage	1702997629513	1702997642554	12947	OK
REQUEST	XUI_020_Login	XUI_020_005_Login	1702997642559	1702997642715	OK	 
REQUEST	XUI_020_Login	XUI_020_005_Login Redirect 1	1702997642716	1702997644408	OK	 
REQUEST	XUI_020_Login	XUI_020_005_Login Redirect 2	1702997644411	1702997644693	OK	 
REQUEST	XUI_020_Login	XUI_Common_000_ConfigurationUI	1702997653818	1702997653850	OK	 
REQUEST	XUI_020_Login	XUI_Common_000_ConfigJson	1702997653852	1702997653985	OK	 
REQUEST	XUI_020_Login	XUI_Common_000_TsAndCs	1702997653987	1702997654106	OK	 
REQUEST	XUI_020_Login	XUI_Common_000_ConfigUI	1702997654108	1702997654201	OK	 
REQUEST	XUI_020_Login	XUI_Common_000_UserDetails	1702997654203	1702997654566	OK	 
REQUEST	XUI_020_Login	XUI_Common_000_IsAuthenticated	1702997654567	1702997654614	OK	 
REQUEST	XUI_020_Login	XUI_Common_000_MonitoringTools	1702997654617	1702997654681	OK	 
GROUP	XUI_020_Login	1702997642555	1702997654706	12101	OK
GROUP	XUI_PRL_030_CreateCaseStart	1702997654707	1702997654708	0	OK
REQUEST	XUI_PRL_040_RequestSupport	XUI_PRL_040_005_RequestSupport	1702997654708	1702997655726	OK	 
REQUEST	XUI_PRL_040_RequestSupport	XUI_PRL_040_010_RequestSupport	1702997655729	1702997659611	OK	 
GROUP	XUI_PRL_040_RequestSupport	1702997654708	1702997659658	4900	OK
REQUEST	XUI_PRL_050_WhereFlagAdded	XUI_PRL_050_005_WhereFlagAdded	1702997659658	1702997660311	OK	 
REQUEST	XUI_PRL_050_WhereFlagAdded	XUI_PRL_050_010_WhereFlagAdded	1702997660315	1702997660991	OK	 
GROUP	XUI_PRL_050_WhereFlagAdded	1702997659658	1702997660992	1329	OK
REQUEST	XUI_PRL_070_RequestSupportSubmit	XUI_PRL_070_005_RequestSupportSubmit	1702997660998	1702997663257	OK	 
GROUP	XUI_PRL_070_RequestSupportSubmit	1702997660992	1702997663262	2259	OK
REQUEST	XUI_PRL_080_RequestSupport2	XUI_PRL_080_005_RequestSupport2	1702997663263	1702997664419	OK	 
REQUEST	XUI_PRL_080_RequestSupport2	XUI_PRL_080_010_RequestSupport2	1702997664423	1702997666991	OK	 
GROUP	XUI_PRL_080_RequestSupport2	1702997663262	1702997667018	3724	OK
REQUEST	XUI_PRL_090_WhereFlagAdded2	XUI_PRL_090_005_WhereFlagAdded2	1702997667018	1702997667710	OK	 
REQUEST	XUI_PRL_090_WhereFlagAdded2	XUI_PRL_090_010_WhereFlagAdded2	1702997667715	1702997668160	OK	 
GROUP	XUI_PRL_090_WhereFlagAdded2	1702997667018	1702997668162	1137	OK
REQUEST	XUI_PRL_100_RequestSupportSubmit2	XUI_PRL_100_005_RequestSupportSubmit2	1702997668164	1702997671233	OK	 
GROUP	XUI_PRL_100_RequestSupportSubmit2	1702997668163	1702997671235	3069	OK
REQUEST	XUI_PRL_080_RequestSupport3	XUI_PRL_080_005_RequestSupport3	1702997671236	1702997672103	OK	 
REQUEST	XUI_PRL_080_RequestSupport3	XUI_PRL_080_010_RequestSupport3	1702997672105	1702997675637	OK	 
GROUP	XUI_PRL_080_RequestSupport3	1702997671235	1702997675652	4399	OK
REQUEST	XUI_PRL_090_WhereFlagAdded3	XUI_PRL_090_005_WhereFlagAdded3	1702997675652	1702997675902	OK	 
REQUEST	XUI_PRL_090_WhereFlagAdded3	XUI_PRL_090_010_WhereFlagAdded3	1702997675904	1702997676414	OK	 
GROUP	XUI_PRL_090_WhereFlagAdded3	1702997675652	1702997676414	760	OK
REQUEST	XUI_PRL_100_RequestSupportSubmit3	XUI_PRL_100_005_RequestSupportSubmit2	1702997676415	1702997678532	OK	 
GROUP	XUI_PRL_100_RequestSupportSubmit3	1702997676414	1702997678535	2117	OK
REQUEST	XUI_PRL_080_RequestSupport4	XUI_PRL_080_005_RequestSupport4	1702997678536	1702997678820	OK	 
REQUEST	XUI_PRL_080_RequestSupport4	XUI_PRL_080_010_RequestSupport4	1702997678822	1702997682428	OK	 
GROUP	XUI_PRL_080_RequestSupport4	1702997678535	1702997682445	3890	OK
REQUEST	XUI_PRL_090_WhereFlagAdded4	XUI_PRL_090_005_WhereFlagAdded4	1702997682446	1702997683070	OK	 
REQUEST	XUI_PRL_090_WhereFlagAdded4	XUI_PRL_090_010_WhereFlagAdded4	1702997683072	1702997683488	OK	 
GROUP	XUI_PRL_090_WhereFlagAdded4	1702997682445	1702997683490	1040	OK
REQUEST	XUI_PRL_100_RequestSupportSubmit4	XUI_PRL_100_005_RequestSupportSubmit4	1702997683491	1702997686234	OK	 
GROUP	XUI_PRL_100_RequestSupportSubmit4	1702997683490	1702997686236	2743	OK
REQUEST	XUI_PRL_080_RequestSupport5	XUI_PRL_080_005_RequestSupport5	1702997686237	1702997686893	OK	 
REQUEST	XUI_PRL_080_RequestSupport5	XUI_PRL_080_010_RequestSupport5	1702997686895	1702997689713	OK	 
GROUP	XUI_PRL_080_RequestSupport5	1702997686237	1702997689727	3474	OK
REQUEST	XUI_PRL_090_WhereFlagAdded5	XUI_PRL_090_005_WhereFlagAdded5	1702997689727	1702997689826	OK	 
REQUEST	XUI_PRL_090_WhereFlagAdded5	XUI_PRL_090_010_WhereFlagAdded5	1702997689827	1702997690149	OK	 
GROUP	XUI_PRL_090_WhereFlagAdded5	1702997689727	1702997690151	421	OK
REQUEST	XUI_PRL_100_RequestSupportSubmit5	XUI_PRL_100_005_RequestSupportSubmit4	1702997690152	1702997692354	OK	 
GROUP	XUI_PRL_100_RequestSupportSubmit5	1702997690151	1702997692355	2202	OK
GROUP	XUI_PRL_030_CreateCaseStart	1702997692355	1702997692355	0	OK
REQUEST	XUI_PRL_040_ManageSupport	XUI_PRL_040_005_RequestSupport	1702997692355	1702997693025	OK	 
REQUEST	XUI_PRL_040_ManageSupport	XUI_PRL_040_010_RequestSupport	1702997693027	1702997695528	OK	 
GROUP	XUI_PRL_040_ManageSupport	1702997692355	1702997695540	3171	OK
REQUEST	XUI_PRL_070_ManageSupportSubmitSol	XUI_PRL_070_005_ManageSupportSubmitSol	1702997695541	1702997697328	OK	 
GROUP	XUI_PRL_070_ManageSupportSubmitSol	1702997695540	1702997697331	1787	OK
REQUEST	XUI_010_Homepage	XUI_010_005_Homepage	1702997697331	1702997697379	OK	 
REQUEST	XUI_010_Homepage	XUI_Common_000_ConfigurationUI	1702997706711	1702997706797	OK	 
REQUEST	XUI_010_Homepage	XUI_Common_000_ConfigJson	1702997706800	1702997707957	OK	 
REQUEST	XUI_010_Homepage	XUI_Common_000_TsAndCs	1702997707959	1702997708152	OK	 
REQUEST	XUI_010_Homepage	XUI_Common_000_ConfigUI	1702997708154	1702997708198	OK	 
REQUEST	XUI_010_Homepage	XUI_Common_000_UserDetails	1702997708200	1702997708421	OK	 
REQUEST	XUI_010_Homepage	XUI_Common_000_IsAuthenticated	1702997708423	1702997708465	OK	 
REQUEST	XUI_010_Homepage	XUI_010_010_AuthLogin	1702997708467	1702997708502	OK	 
REQUEST	XUI_010_Homepage	XUI_010_010_AuthLogin Redirect 1	1702997708503	1702997708675	OK	 
REQUEST	XUI_010_Homepage	XUI_010_010_AuthLogin Redirect 2	1702997708676	1702997708789	OK	 
GROUP	XUI_010_Homepage	1702997697331	1702997710352	12996	OK
REQUEST	XUI_020_LoginCa	XUI_020_005_LoginCa	1702997710353	1702997710472	OK	 
REQUEST	XUI_020_LoginCa	XUI_020_005_LoginCa Redirect 1	1702997710473	1702997711126	OK	 
REQUEST	XUI_020_LoginCa	XUI_020_005_LoginCa Redirect 2	1702997711128	1702997711165	OK	 
REQUEST	XUI_020_LoginCa	XUI_Common_000_ConfigurationUI	1702997724155	1702997724409	OK	 
REQUEST	XUI_020_LoginCa	XUI_Common_000_ConfigJson	1702997724411	1702997724448	OK	 
REQUEST	XUI_020_LoginCa	XUI_Common_000_TsAndCs	1702997724450	1702997724484	OK	 
REQUEST	XUI_020_LoginCa	XUI_Common_000_ConfigUI	1702997724486	1702997724524	OK	 
REQUEST	XUI_020_LoginCa	XUI_Common_000_UserDetails	1702997724525	1702997724953	OK	 
REQUEST	XUI_020_LoginCa	XUI_Common_000_IsAuthenticated	1702997724955	1702997725337	OK	 
REQUEST	XUI_020_LoginCa	XUI_Common_000_MonitoringTools	1702997725339	1702997725372	OK	 
GROUP	XUI_020_LoginCa	1702997710352	1702997725373	15003	OK
GROUP	XUI_PRL_030_CreateCaseStart	1702997725373	1702997725374	0	OK
REQUEST	XUI_PRL_040_ManageSupportFlags	XUI_PRL_040_005_ManageSupportFlags	1702997725374	1702997726550	OK	 
REQUEST	XUI_PRL_040_ManageSupportFlags	XUI_PRL_040_010_RequestSupport	1702997726552	1702997731768	OK	 
GROUP	XUI_PRL_040_ManageSupportFlags	1702997725374	1702997731869	6392	OK
REQUEST	XUI_PRL_050_SubmitSupportChange	XUI_PRL_050_005_SubmitSupportChange	1702997731870	1702997734914	OK	 
GROUP	XUI_PRL_050_SubmitSupportChange	1702997731869	1702997734915	3044	OK
GROUP	XUI_PRL_030_CreateCaseStart	1702997734915	1702997734916	0	OK
REQUEST	XUI_PRL_040_CreateFlag	XUI_PRL_040_005_CreateFlag	1702997734916	1702997735395	OK	 
REQUEST	XUI_PRL_040_CreateFlag	XUI_PRL_040_010_CreateFlag	1702997735397	1702997739354	OK	 
GROUP	XUI_PRL_040_CreateFlag	1702997734916	1702997739369	4436	OK
REQUEST	XUI_PRL_050_CreateFlag	XUI_PRL_050_005_CreateFlag	1702997739370	1702997739739	OK	 
REQUEST	XUI_PRL_050_CreateFlag	XUI_PRL_050_010_CreateFlag	1702997739740	1702997740097	OK	 
GROUP	XUI_PRL_050_CreateFlag	1702997739369	1702997740098	726	OK
REQUEST	XUI_PRL_060_CreateFlag	XUI_PRL_060_005_CreateFlag	1702997740099	1702997742895	OK	 
GROUP	XUI_PRL_060_CreateFlag	1702997740098	1702997742897	2796	OK
USER	***** PRL Case Flags 2.1 Journey *****	END	1702997742902
