ASSERTION	AAECAAIFAAAAAAAAAFlA
RUN	simulations.PRL_Simulation	prl-simulation	1697619894348	 	3.9.5
USER	***** Private Law Create Case *****	START	1697619894710
REQUEST	XUI_010_Homepage	XUI_010_005_Homepage	1697619894729	1697619894855	OK	 
REQUEST	XUI_010_Homepage	XUI_Common_000_ConfigurationUI	1697619895625	1697619895676	OK	 
REQUEST	XUI_010_Homepage	XUI_Common_000_ConfigJson	1697619895678	1697619895710	OK	 
REQUEST	XUI_010_Homepage	XUI_Common_000_TsAndCs	1697619895713	1697619895758	OK	 
REQUEST	XUI_010_Homepage	XUI_Common_000_ConfigUI	1697619895759	1697619895820	OK	 
REQUEST	XUI_010_Homepage	XUI_Common_000_UserDetails	1697619895823	1697619895865	OK	 
REQUEST	XUI_010_Homepage	XUI_Common_000_IsAuthenticated	1697619895866	1697619895928	OK	 
REQUEST	XUI_010_Homepage	XUI_010_010_AuthLogin	1697619895931	1697619896000	OK	 
REQUEST	XUI_010_Homepage	XUI_010_010_AuthLogin Redirect 1	1697619896006	1697619896840	OK	 
REQUEST	XUI_010_Homepage	XUI_010_010_AuthLogin Redirect 2	1697619896845	1697619896920	OK	 
GROUP	XUI_010_Homepage	1697619894711	1697619898169	3356	OK
REQUEST	XUI_020_Login	XUI_020_005_Login	1697619898173	1697619899147	OK	 
REQUEST	XUI_020_Login	XUI_020_005_Login Redirect 1	1697619899148	1697619900965	OK	 
REQUEST	XUI_020_Login	XUI_020_005_Login Redirect 2	1697619900966	1697619901029	OK	 
REQUEST	XUI_020_Login	XUI_Common_000_ConfigurationUI	1697619901765	1697619901814	OK	 
REQUEST	XUI_020_Login	XUI_Common_000_ConfigJson	1697619901816	1697619901899	OK	 
REQUEST	XUI_020_Login	XUI_Common_000_TsAndCs	1697619901900	1697619901937	OK	 
REQUEST	XUI_020_Login	XUI_Common_000_ConfigUI	1697619901938	1697619902095	OK	 
REQUEST	XUI_020_Login	XUI_Common_000_UserDetails	1697619902097	1697619902860	OK	 
REQUEST	XUI_020_Login	XUI_Common_000_IsAuthenticated	1697619902862	1697619902913	OK	 
REQUEST	XUI_020_Login	XUI_Common_000_MonitoringTools	1697619902917	1697619902980	OK	 
GROUP	XUI_020_Login	1697619898170	1697619903015	4788	OK
REQUEST	XUI_PRL_030_CreateCaseStart	XUI_PRL_030_005_CreateCaseStart	1697619903020	1697619905136	OK	 
GROUP	XUI_PRL_030_CreateCaseStart	1697619903017	1697619905148	2116	OK
REQUEST	XUI_PRL_031_Type_Of_Application	XUI_PRL_031_005_Type_Of_Application	1697619905150	1697619907414	OK	 
GROUP	XUI_PRL_031_Type_Of_Application	1697619905148	1697619907415	2264	OK
REQUEST	XUI_PRL_032_ApplicationCheckYourAnswers	XUI_PRL_032_005_ApplicationCheckYourAnswers	1697619907415	1697619923840	OK	 
GROUP	XUI_PRL_032_ApplicationCheckYourAnswers	1697619907415	1697619923864	16425	OK
REQUEST	XUI_PRL_033_ApplicationDetails	XUI_PRL_033_005_ApplicationDetails	1697619923865	1697619925852	OK	 
GROUP	XUI_PRL_033_ApplicationDetails	1697619923864	1697619925903	1987	OK
REQUEST	XUI_PRL_034_EnterApplicationDetails	XUI_PRL_034_005_EnterApplicationDetails	1697619925903	1697619926730	OK	 
GROUP	XUI_PRL_034_EnterApplicationDetails	1697619925903	1697619926730	827	OK
REQUEST	XUI_PRL_035_SubmitApplicationDetails	XUI_PRL_035_005_SubmitApplicationDetails	1697619926730	1697619935463	OK	 
GROUP	XUI_PRL_035_SubmitApplicationDetails	1697619926730	1697619935464	8733	OK
REQUEST	XUI_PRL_036_SubmitAndPay	XUI_PRL_036_005_SubmitAndPay	1697619935464	1697619945630	OK	 
GROUP	XUI_PRL_036_SubmitAndPay	1697619935464	1697619945638	10166	OK
REQUEST	XUI_PRL_037_ConfidentialityStatement	XUI_PRL_037_005_ConfidentialityStatement	1697619945638	1697619946164	OK	 
GROUP	XUI_PRL_037_ConfidentialityStatement	1697619945638	1697619946165	526	OK
REQUEST	XUI_PRL_038_Declaration	XUI_PRL_038_005_Declaration	1697619946166	1697619947155	OK	 
GROUP	XUI_PRL_038_Declaration	1697619946165	1697619947156	989	OK
REQUEST	XUI_PRL_039_Continue	XUI_PRL_039_005_Continue	1697619947156	1697619947938	OK	 
GROUP	XUI_PRL_039_Continue	1697619947156	1697619947938	782	OK
REQUEST	XUI_PRL_040_Continue	XUI_PRL_040_005_Continue	1697619947938	1697619947991	OK	 
GROUP	XUI_PRL_040_Continue	1697619947938	1697619948065	122	OK
REQUEST	XUI_PRL_041_Continue	XUI_PRL_040_005_Continue	1697619948067	1697619949450	KO	status.find.in([200, 209], 304), found 404
GROUP	XUI_PRL_041_Continue	1697619948065	1697619949457	1383	KO
USER	***** Private Law Create Case *****	END	1697619949461
