ASSERTION	AAECAAIFAAAAAAAAAFlA
RUN	simulations.PRL_Simulation	prl-simulation	1706629089355	 	3.9.5
USER	***** PRL Citizen Journey *****	START	1706629089919
REQUEST	PRL_CitizenC100_010_PRLHome	PRL_CitizenC100_010_005_PRLHome	1706629089938	1706629090100	OK	 
REQUEST	PRL_CitizenC100_010_PRLHome	PRL_CitizenC100_010_005_PRLHome Redirect 1	1706629090111	1706629090190	OK	 
REQUEST	PRL_CitizenC100_010_PRLHome	PRL_CitizenC100_010_005_PRLHome Redirect 2	1706629090191	1706629090258	OK	 
REQUEST	PRL_CitizenC100_010_PRLHome	PRL_CitizenC100_010_005_PRLHome Redirect 3	1706629090259	1706629090364	OK	 
GROUP	PRL_CitizenC100_010_PRLHome	1706629089920	1706629090613	596	OK
REQUEST	PRL_CitizenC100_020_Login	PRL_CitizenC100_020_005_Login	1706629090614	1706629090763	OK	 
REQUEST	PRL_CitizenC100_020_Login	PRL_CitizenC100_020_005_Login Redirect 1	1706629090765	1706629091379	OK	 
REQUEST	PRL_CitizenC100_020_Login	PRL_CitizenC100_020_005_Login Redirect 2	1706629091381	1706629095327	OK	 
GROUP	PRL_CitizenC100_020_Login	1706629090613	1706629095502	4871	OK
REQUEST	PRL_CitizenC100_025_ChildArrangementsApplication	PRL_CitizenC100_025_005_ChildArrangementsApplication	1706629095502	1706629095886	OK	 
GROUP	PRL_CitizenC100_025_ChildArrangementsApplication	1706629095502	1706629095984	473	OK
REQUEST	PRL_CitizenC100_030_StartApplication	PRL_CitizenC100_030_005_StartApplication	1706629095984	1706629096296	OK	 
GROUP	PRL_CitizenC100_030_StartApplication	1706629095984	1706629096366	376	OK
REQUEST	PRL_CitizenC100_040_WhatYouWillNeed	PRL_CitizenC100_040_005_WhatYouWillNeed	1706629096366	1706629105408	OK	 
REQUEST	PRL_CitizenC100_040_WhatYouWillNeed	PRL_CitizenC100_040_005_WhatYouWillNeed Redirect 1	1706629105410	1706629105515	OK	 
GROUP	PRL_CitizenC100_040_WhatYouWillNeed	1706629096366	1706629105579	9208	OK
REQUEST	PRL_CitizenC100_050_CaseName	PRL_CitizenC100_050_005_CaseName	1706629105580	1706629105619	OK	 
REQUEST	PRL_CitizenC100_050_CaseName	PRL_CitizenC100_050_005_CaseName Redirect 1	1706629105620	1706629105725	OK	 
GROUP	PRL_CitizenC100_050_CaseName	1706629105579	1706629105785	201	OK
REQUEST	PRL_CitizenC100_060_ChildrenPostCode	PRL_CitizenC100_060_005_ChildrenPostCode	1706629105786	1706629105835	OK	 
REQUEST	PRL_CitizenC100_060_ChildrenPostCode	PRL_CitizenC100_060_005_ChildrenPostCode Redirect 1	1706629105837	1706629105902	OK	 
GROUP	PRL_CitizenC100_060_ChildrenPostCode	1706629105785	1706629105964	168	OK
REQUEST	PRL_CitizenC100_070_WrittenAgreement	PRL_CitizenC100_070_005_WrittenAgreement	1706629105964	1706629105996	OK	 
REQUEST	PRL_CitizenC100_070_WrittenAgreement	PRL_CitizenC100_070_005_WrittenAgreement Redirect 1	1706629105996	1706629106078	OK	 
GROUP	PRL_CitizenC100_070_WrittenAgreement	1706629105964	1706629106148	181	OK
REQUEST	PRL_CitizenC100_080_BeforeCourt	PRL_CitizenC100_080_005_BeforeCourt	1706629106148	1706629106184	OK	 
REQUEST	PRL_CitizenC100_080_BeforeCourt	PRL_CitizenC100_080_005_BeforeCourt Redirect 1	1706629106185	1706629106264	OK	 
GROUP	PRL_CitizenC100_080_BeforeCourt	1706629106148	1706629106323	169	OK
REQUEST	PRL_CitizenC100_090_ReachAgreement	PRL_CitizenC100_090_005_ReachAgreement	1706629106325	1706629106358	OK	 
REQUEST	PRL_CitizenC100_090_ReachAgreement	PRL_CitizenC100_090_005_ReachAgreement Redirect 1	1706629106360	1706629106436	OK	 
GROUP	PRL_CitizenC100_090_ReachAgreement	1706629106324	1706629106492	161	OK
REQUEST	PRL_CitizenC100_100_LegalRep	PRL_CitizenC100_100_005_LegalRep	1706629106493	1706629106525	OK	 
REQUEST	PRL_CitizenC100_100_LegalRep	PRL_CitizenC100_100_005_LegalRep Redirect 1	1706629106526	1706629106620	OK	 
GROUP	PRL_CitizenC100_100_LegalRep	1706629106492	1706629106692	193	OK
REQUEST	PRL_CitizenC100_110_PermissionFromCourt	PRL_CitizenC100_110_005_PermissionFromCourt	1706629106694	1706629106744	OK	 
REQUEST	PRL_CitizenC100_110_PermissionFromCourt	PRL_CitizenC100_110_005_PermissionFromCourt Redirect 1	1706629106746	1706629106825	OK	 
GROUP	PRL_CitizenC100_110_PermissionFromCourt	1706629106693	1706629106888	187	OK
REQUEST	PRL_CitizenC100_120_WhyPermissionFromCourt	PRL_CitizenC100_120_005_WhyPermissionFromCourt	1706629106888	1706629106923	OK	 
REQUEST	PRL_CitizenC100_120_WhyPermissionFromCourt	PRL_CitizenC100_120_005_WhyPermissionFromCourt Redirect 1	1706629106925	1706629107005	OK	 
GROUP	PRL_CitizenC100_120_WhyPermissionFromCourt	1706629106888	1706629107065	174	OK
REQUEST	PRL_CitizenC100_130_WhyCourtShouldGrant	PRL_CitizenC100_130_005_WhyCourtShouldGrant	1706629107066	1706629107099	OK	 
REQUEST	PRL_CitizenC100_130_WhyCourtShouldGrant	PRL_CitizenC100_130_005_WhyCourtShouldGrant Redirect 1	1706629107101	1706629107171	OK	 
GROUP	PRL_CitizenC100_130_WhyCourtShouldGrant	1706629107066	1706629107239	167	OK
REQUEST	PRL_CitizenC100_140_InvolvedInEmergencyProtection	PRL_CitizenC100_140_005_InvolvedInEmergencyProtection	1706629107242	1706629107276	OK	 
REQUEST	PRL_CitizenC100_140_InvolvedInEmergencyProtection	PRL_CitizenC100_140_005_InvolvedInEmergencyProtection Redirect 1	1706629107278	1706629107365	OK	 
GROUP	PRL_CitizenC100_140_InvolvedInEmergencyProtection	1706629107240	1706629107455	205	OK
REQUEST	PRL_CitizenC100_150_AttendingMIAM	PRL_CitizenC100_150_005_AttendingMIAM	1706629107456	1706629107487	OK	 
REQUEST	PRL_CitizenC100_150_AttendingMIAM	PRL_CitizenC100_150_005_AttendingMIAM Redirect 1	1706629107487	1706629107561	OK	 
GROUP	PRL_CitizenC100_150_AttendingMIAM	1706629107455	1706629107746	288	OK
REQUEST	PRL_CitizenC100_160_AttendedMIAM	PRL_CitizenC100_160_005_AttendedMIAM	1706629107748	1706629107783	OK	 
REQUEST	PRL_CitizenC100_160_AttendedMIAM	PRL_CitizenC100_160_005_AttendedMIAM Redirect 1	1706629107785	1706629107865	OK	 
GROUP	PRL_CitizenC100_160_AttendedMIAM	1706629107747	1706629107925	170	OK
REQUEST	PRL_CitizenC100_170_DocumentSigned	PRL_CitizenC100_170_005_DocumentSigned	1706629107926	1706629107958	OK	 
REQUEST	PRL_CitizenC100_170_DocumentSigned	PRL_CitizenC100_170_005_DocumentSigned Redirect 1	1706629107959	1706629108057	OK	 
GROUP	PRL_CitizenC100_170_DocumentSigned	1706629107925	1706629108131	199	OK
REQUEST	PRL_CitizenC100_180_MIAMUpload	PRL_CitizenC100_180_005_MIAMUpload	1706629108143	1706629112269	OK	 
REQUEST	PRL_CitizenC100_180_MIAMUpload	PRL_CitizenC100_180_005_MIAMUpload Redirect 1	1706629112272	1706629112339	OK	 
GROUP	PRL_CitizenC100_180_MIAMUpload	1706629108131	1706629112421	4269	OK
REQUEST	PRL_CitizenC100_190_MIAMUploadSubmit	PRL_CitizenC100_190_005_MIAMUploadSubmit	1706629112421	1706629112460	OK	 
REQUEST	PRL_CitizenC100_190_MIAMUploadSubmit	PRL_CitizenC100_190_005_MIAMUploadSubmit Redirect 1	1706629112460	1706629112592	OK	 
GROUP	PRL_CitizenC100_190_MIAMUploadSubmit	1706629112421	1706629112657	231	OK
REQUEST	PRL_CitizenC100_200_MIAMUploadContinue	PRL_CitizenC100_200_005_MIAMUploadContinue	1706629112658	1706629112688	OK	 
REQUEST	PRL_CitizenC100_200_MIAMUploadContinue	PRL_CitizenC100_200_005_MIAMUploadContinue Redirect 1	1706629112689	1706629112792	OK	 
GROUP	PRL_CitizenC100_200_MIAMUploadContinue	1706629112657	1706629112854	190	OK
REQUEST	PRL_CitizenC100_210_AskingCourtToDo	PRL_CitizenC100_210_005_AskingCourtToDo	1706629112855	1706629112889	OK	 
REQUEST	PRL_CitizenC100_210_AskingCourtToDo	PRL_CitizenC100_210_005_AskingCourtToDo Redirect 1	1706629112889	1706629112977	OK	 
GROUP	PRL_CitizenC100_210_AskingCourtToDo	1706629112854	1706629113071	214	OK
REQUEST	PRL_CitizenC100_220_WouldLikeCourtTo	PRL_CitizenC100_220_005_WouldLikeCourtTo	1706629113073	1706629113106	OK	 
REQUEST	PRL_CitizenC100_220_WouldLikeCourtTo	PRL_CitizenC100_220_005_WouldLikeCourtTo Redirect 1	1706629113108	1706629113177	OK	 
GROUP	PRL_CitizenC100_220_WouldLikeCourtTo	1706629113072	1706629113241	161	OK
REQUEST	PRL_CitizenC100_230_DescribeWhatCourt	PRL_CitizenC100_230_005_DescribeWhatCourt	1706629113242	1706629113276	OK	 
REQUEST	PRL_CitizenC100_230_DescribeWhatCourt	PRL_CitizenC100_230_005_DescribeWhatCourt Redirect 1	1706629113283	1706629113358	OK	 
GROUP	PRL_CitizenC100_230_DescribeWhatCourt	1706629113241	1706629113417	163	OK
REQUEST	PRL_CitizenC100_240_UrgentFirstHearing	PRL_CitizenC100_240_005_UrgentFirstHearing	1706629113417	1706629113449	OK	 
REQUEST	PRL_CitizenC100_240_UrgentFirstHearing	PRL_CitizenC100_240_005_UrgentFirstHearing Redirect 1	1706629113449	1706629113516	OK	 
GROUP	PRL_CitizenC100_240_UrgentFirstHearing	1706629113417	1706629113571	153	OK
REQUEST	PRL_CitizenC100_250_UrgentHearingDetails	PRL_CitizenC100_250_005_UrgentHearingDetails	1706629113572	1706629113601	OK	 
REQUEST	PRL_CitizenC100_250_UrgentHearingDetails	PRL_CitizenC100_250_005_UrgentHearingDetails Redirect 1	1706629113602	1706629113678	OK	 
GROUP	PRL_CitizenC100_250_UrgentHearingDetails	1706629113571	1706629113740	161	OK
REQUEST	PRL_CitizenC100_260_AskingForWithoutNotice	PRL_CitizenC100_260_005_AskingForWithoutNotice	1706629113740	1706629113774	OK	 
REQUEST	PRL_CitizenC100_260_AskingForWithoutNotice	PRL_CitizenC100_260_005_AskingForWithoutNotice Redirect 1	1706629113774	1706629113835	OK	 
GROUP	PRL_CitizenC100_260_AskingForWithoutNotice	1706629113740	1706629113901	158	OK
REQUEST	PRL_CitizenC100_270_WithoutNoticeDetails	PRL_CitizenC100_270_005_WithoutNoticeDetails	1706629113901	1706629113931	OK	 
REQUEST	PRL_CitizenC100_270_WithoutNoticeDetails	PRL_CitizenC100_270_005_WithoutNoticeDetails Redirect 1	1706629113932	1706629113997	OK	 
GROUP	PRL_CitizenC100_270_WithoutNoticeDetails	1706629113901	1706629114051	147	OK
REQUEST	PRL_CitizenC100_280_ChildrenName	PRL_CitizenC100_280_005_ChildrenName	1706629114052	1706629114083	OK	 
GROUP	PRL_CitizenC100_280_ChildrenName	1706629114051	1706629114087	31	OK
REQUEST	PRL_CitizenC100_285_ChildrenNameRedirect	PRL_CitizenC100_280_005_ChildrenName	1706629114087	1706629114209	OK	 
GROUP	PRL_CitizenC100_285_ChildrenNameRedirect	1706629114087	1706629114266	174	OK
REQUEST	PRL_CitizenC100_290_ChildDetails	PRL_CitizenC100_290_005_ChildDetails	1706629114267	1706629114300	OK	 
REQUEST	PRL_CitizenC100_290_ChildDetails	PRL_CitizenC100_290_005_ChildDetails Redirect 1	1706629114301	1706629114485	OK	 
GROUP	PRL_CitizenC100_290_ChildDetails	1706629114266	1706629114542	272	OK
REQUEST	PRL_CitizenC100_300_WhichDecision	PRL_CitizenC100_300_005_WhichDecision	1706629114543	1706629114576	OK	 
REQUEST	PRL_CitizenC100_300_WhichDecision	PRL_CitizenC100_300_005_WhichDecision Redirect 1	1706629114577	1706629114655	OK	 
GROUP	PRL_CitizenC100_300_WhichDecision	1706629114543	1706629114724	176	OK
REQUEST	PRL_CitizenC100_310_ParentalResponsibility	PRL_CitizenC100_310_005_ParentalResponsibility	1706629114726	1706629114757	OK	 
REQUEST	PRL_CitizenC100_310_ParentalResponsibility	PRL_CitizenC100_310_005_ParentalResponsibility Redirect 1	1706629114759	1706629114822	OK	 
GROUP	PRL_CitizenC100_310_ParentalResponsibility	1706629114725	1706629115021	287	OK
REQUEST	PRL_CitizenC100_320_FurtherInformation	PRL_CitizenC100_320_005_FurtherInformation	1706629115021	1706629115052	OK	 
REQUEST	PRL_CitizenC100_320_FurtherInformation	PRL_CitizenC100_320_005_FurtherInformation Redirect 1	1706629115053	1706629115130	OK	 
GROUP	PRL_CitizenC100_320_FurtherInformation	1706629115021	1706629115590	567	OK
REQUEST	PRL_CitizenC100_330_OtherChildren	PRL_CitizenC100_330_005_OtherChildren	1706629115592	1706629115628	OK	 
REQUEST	PRL_CitizenC100_330_OtherChildren	PRL_CitizenC100_330_005_OtherChildren Redirect 1	1706629115629	1706629115700	OK	 
GROUP	PRL_CitizenC100_330_OtherChildren	1706629115590	1706629115794	199	OK
REQUEST	PRL_CitizenC100_340_EnterYourName	PRL_CitizenC100_340_005_EnterYourName	1706629115795	1706629115850	OK	 
GROUP	PRL_CitizenC100_340_EnterYourName	1706629115794	1706629115852	55	OK
REQUEST	PRL_CitizenC100_345_EnterYourNameRedirect	PRL_CitizenC100_340_005_EnterYourName	1706629115854	1706629115939	OK	 
GROUP	PRL_CitizenC100_345_EnterYourNameRedirect	1706629115853	1706629116003	145	OK
REQUEST	PRL_CitizenC100_350_KnowContactDetails	PRL_CitizenC100_350_005_KnowContactDetails	1706629116003	1706629116039	OK	 
REQUEST	PRL_CitizenC100_350_KnowContactDetails	PRL_CitizenC100_350_005_KnowContactDetails Redirect 1	1706629116040	1706629116107	OK	 
GROUP	PRL_CitizenC100_350_KnowContactDetails	1706629116003	1706629116164	156	OK
REQUEST	PRL_CitizenC100_360_KeepDetailsPrivate	PRL_CitizenC100_360_005_KeepDetailsPrivate	1706629116165	1706629116198	OK	 
REQUEST	PRL_CitizenC100_360_KeepDetailsPrivate	PRL_CitizenC100_360_005_KeepDetailsPrivate Redirect 1	1706629116199	1706629116268	OK	 
GROUP	PRL_CitizenC100_360_KeepDetailsPrivate	1706629116164	1706629116328	158	OK
REQUEST	PRL_CitizenC100_370_KeepDetailsPrivateContinue	PRL_CitizenC100_370_005_KeepDetailsPrivateContinue	1706629116330	1706629116372	OK	 
REQUEST	PRL_CitizenC100_370_KeepDetailsPrivateContinue	PRL_CitizenC100_370_005_KeepDetailsPrivateContinue Redirect 1	1706629116374	1706629116446	OK	 
GROUP	PRL_CitizenC100_370_KeepDetailsPrivateContinue	1706629116329	1706629116513	178	OK
REQUEST	PRL_CitizenC100_380_ApplicantDetails	PRL_CitizenC100_380_005_ApplicantDetails	1706629116514	1706629116552	OK	 
REQUEST	PRL_CitizenC100_380_ApplicantDetails	PRL_CitizenC100_380_005_ApplicantDetails Redirect 1	1706629116552	1706629116648	OK	 
GROUP	PRL_CitizenC100_380_ApplicantDetails	1706629116513	1706629116748	228	OK
REQUEST	PRL_CitizenC100_390_ApplicantRelationship	PRL_CitizenC100_390_005_ApplicantRelationship	1706629116750	1706629116786	OK	 
REQUEST	PRL_CitizenC100_390_ApplicantRelationship	PRL_CitizenC100_390_005_ApplicantRelationship Redirect 1	1706629116789	1706629116864	OK	 
GROUP	PRL_CitizenC100_390_ApplicantRelationship	1706629116748	1706629116928	170	OK
REQUEST	PRL_CitizenC100_400_ApplicantPostcode	PRL_CitizenC100_400_005_ApplicantPostcode	1706629116930	1706629117488	OK	 
REQUEST	PRL_CitizenC100_400_ApplicantPostcode	PRL_CitizenC100_400_005_ApplicantPostcode Redirect 1	1706629117489	1706629117564	OK	 
GROUP	PRL_CitizenC100_400_ApplicantPostcode	1706629116928	1706629117633	696	OK
REQUEST	PRL_CitizenC100_410_ApplicantSelectAddress	PRL_CitizenC100_410_005_ApplicantSelectAddress	1706629117635	1706629117670	OK	 
REQUEST	PRL_CitizenC100_410_ApplicantSelectAddress	PRL_CitizenC100_410_005_ApplicantSelectAddress Redirect 1	1706629117672	1706629117735	OK	 
GROUP	PRL_CitizenC100_410_ApplicantSelectAddress	1706629117634	1706629117800	156	OK
REQUEST	PRL_CitizenC100_420_ApplicantAddress	PRL_CitizenC100_420_005_ApplicantAddress	1706629117801	1706629117836	OK	 
REQUEST	PRL_CitizenC100_420_ApplicantAddress	PRL_CitizenC100_420_005_ApplicantAddress Redirect 1	1706629117837	1706629117906	OK	 
GROUP	PRL_CitizenC100_420_ApplicantAddress	1706629117800	1706629117964	156	OK
REQUEST	PRL_CitizenC100_430_ApplicantContact	PRL_CitizenC100_430_005_ApplicantContact	1706629117965	1706629117998	OK	 
REQUEST	PRL_CitizenC100_430_ApplicantContact	PRL_CitizenC100_430_005_ApplicantContact Redirect 1	1706629117999	1706629118065	OK	 
GROUP	PRL_CitizenC100_430_ApplicantContact	1706629117965	1706629118128	159	OK
REQUEST	PRL_CitizenC100_440_ApplicantContactPreference	PRL_CitizenC100_440_005_ApplicantContactPreference	1706629118129	1706629118164	OK	 
REQUEST	PRL_CitizenC100_440_ApplicantContactPreference	PRL_CitizenC100_440_005_ApplicantContactPreference Redirect 1	1706629118165	1706629118261	OK	 
GROUP	PRL_CitizenC100_440_ApplicantContactPreference	1706629118128	1706629118357	221	OK
REQUEST	PRL_CitizenC100_450_RespondentName	PRL_CitizenC100_450_005_RespondentName	1706629118359	1706629118395	OK	 
GROUP	PRL_CitizenC100_450_RespondentName	1706629118357	1706629118397	36	OK
REQUEST	PRL_CitizenC100_460_RespondentNameRedirect	PRL_CitizenC100_460_005_RespondentNameRedirect	1706629118397	1706629118485	OK	 
GROUP	PRL_CitizenC100_460_RespondentNameRedirect	1706629118397	1706629118554	156	OK
REQUEST	PRL_CitizenC100_470_RespondentDetails	PRL_CitizenC100_470_005_RespondentDetails	1706629118554	1706629118589	OK	 
REQUEST	PRL_CitizenC100_470_RespondentDetails	PRL_CitizenC100_470_005_RespondentDetails Redirect 1	1706629118589	1706629118745	OK	 
GROUP	PRL_CitizenC100_470_RespondentDetails	1706629118554	1706629118886	326	OK
REQUEST	PRL_CitizenC100_480_RespondentRelationship	PRL_CitizenC100_480_005_RespondentRelationship	1706629118887	1706629118922	OK	 
REQUEST	PRL_CitizenC100_480_RespondentRelationship	PRL_CitizenC100_480_005_RespondentRelationship Redirect 1	1706629118924	1706629118989	OK	 
GROUP	PRL_CitizenC100_480_RespondentRelationship	1706629118886	1706629119049	158	OK
REQUEST	PRL_CitizenC100_490_RespondentPostcode	PRL_CitizenC100_490_005_RespondentPostcode	1706629119049	1706629119624	OK	 
REQUEST	PRL_CitizenC100_490_RespondentPostcode	PRL_CitizenC100_490_005_RespondentPostcode Redirect 1	1706629119627	1706629119715	OK	 
GROUP	PRL_CitizenC100_490_RespondentPostcode	1706629119049	1706629119777	720	OK
REQUEST	PRL_CitizenC100_500_RespondentSelectAddress	PRL_CitizenC100_500_005_RespondentSelectAddress	1706629119778	1706629119838	OK	 
REQUEST	PRL_CitizenC100_500_RespondentSelectAddress	PRL_CitizenC100_500_005_RespondentSelectAddress Redirect 1	1706629119839	1706629119928	OK	 
GROUP	PRL_CitizenC100_500_RespondentSelectAddress	1706629119777	1706629119985	203	OK
REQUEST	PRL_CitizenC100_510_RespondentAddress	PRL_CitizenC100_510_005_RespondentAddress	1706629119985	1706629120016	OK	 
REQUEST	PRL_CitizenC100_510_RespondentAddress	PRL_CitizenC100_510_005_RespondentAddress Redirect 1	1706629120016	1706629120128	OK	 
GROUP	PRL_CitizenC100_510_RespondentAddress	1706629119985	1706629120203	213	OK
REQUEST	PRL_CitizenC100_520_RespondentContact	PRL_CitizenC100_520_005_RespondentContact	1706629120205	1706629120245	OK	 
REQUEST	PRL_CitizenC100_520_RespondentContact	PRL_CitizenC100_520_005_RespondentContact Redirect 1	1706629120246	1706629120331	OK	 
GROUP	PRL_CitizenC100_520_RespondentContact	1706629120204	1706629120409	197	OK
REQUEST	PRL_CitizenC100_530_AnyoneElse	PRL_CitizenC100_530_005_AnyoneElse	1706629120410	1706629120445	OK	 
REQUEST	PRL_CitizenC100_530_AnyoneElse	PRL_CitizenC100_530_005_AnyoneElse Redirect 1	1706629120446	1706629120530	OK	 
GROUP	PRL_CitizenC100_530_AnyoneElse	1706629120409	1706629120583	170	OK
REQUEST	PRL_CitizenC100_540_ChildLiveWith	PRL_CitizenC100_540_005_ChildLiveWith	1706629120584	1706629120617	OK	 
REQUEST	PRL_CitizenC100_540_ChildLiveWith	PRL_CitizenC100_540_005_ChildLiveWith Redirect 1	1706629120618	1706629120713	OK	 
GROUP	PRL_CitizenC100_540_ChildLiveWith	1706629120583	1706629120789	200	OK
REQUEST	PRL_CitizenC100_550_InvolvedInCourt	PRL_CitizenC100_550_005_InvolvedInCourt	1706629120790	1706629120824	OK	 
REQUEST	PRL_CitizenC100_550_InvolvedInCourt	PRL_CitizenC100_550_005_InvolvedInCourt Redirect 1	1706629120825	1706629120891	OK	 
GROUP	PRL_CitizenC100_550_InvolvedInCourt	1706629120789	1706629120970	174	OK
REQUEST	PRL_CitizenC100_560_CourtCasesInfo	PRL_CitizenC100_560_005_CourtCasesInfo	1706629120970	1706629121010	OK	 
REQUEST	PRL_CitizenC100_560_CourtCasesInfo	PRL_CitizenC100_560_005_CourtCasesInfo Redirect 1	1706629121010	1706629121086	OK	 
GROUP	PRL_CitizenC100_560_CourtCasesInfo	1706629120970	1706629121142	168	OK
REQUEST	PRL_CitizenC100_570_DetailsOfCourtCases	PRL_CitizenC100_570_005_DetailsOfCourtCases	1706629121143	1706629121179	OK	 
REQUEST	PRL_CitizenC100_570_DetailsOfCourtCases	PRL_CitizenC100_570_005_DetailsOfCourtCases Redirect 1	1706629121180	1706629121248	OK	 
GROUP	PRL_CitizenC100_570_DetailsOfCourtCases	1706629121142	1706629121310	163	OK
REQUEST	PRL_CitizenC100_580_SafetyInfo	PRL_CitizenC100_580_005_SafetyInfo	1706629121312	1706629121343	OK	 
REQUEST	PRL_CitizenC100_580_SafetyInfo	PRL_CitizenC100_580_005_SafetyInfo Redirect 1	1706629121344	1706629121428	OK	 
GROUP	PRL_CitizenC100_580_SafetyInfo	1706629121311	1706629121496	176	OK
REQUEST	PRL_CitizenC100_590_SafetyConcerns	PRL_CitizenC100_590_005_SafetyConcerns	1706629121496	1706629121529	OK	 
REQUEST	PRL_CitizenC100_590_SafetyConcerns	PRL_CitizenC100_590_005_SafetyConcerns Redirect 1	1706629121529	1706629121591	OK	 
GROUP	PRL_CitizenC100_590_SafetyConcerns	1706629121496	1706629121652	152	OK
REQUEST	PRL_CitizenC100_600_ConcernedAbout	PRL_CitizenC100_600_005_ConcernedAbout	1706629121653	1706629121688	OK	 
REQUEST	PRL_CitizenC100_600_ConcernedAbout	PRL_CitizenC100_600_005_ConcernedAbout Redirect 1	1706629121689	1706629121765	OK	 
GROUP	PRL_CitizenC100_600_ConcernedAbout	1706629121653	1706629121823	162	OK
REQUEST	PRL_CitizenC100_610_TypeOfBehaviour	PRL_CitizenC100_610_005_TypeOfBehaviour	1706629121824	1706629121858	OK	 
REQUEST	PRL_CitizenC100_610_TypeOfBehaviour	PRL_CitizenC100_610_005_TypeOfBehaviour Redirect 1	1706629121860	1706629121933	OK	 
GROUP	PRL_CitizenC100_610_TypeOfBehaviour	1706629121823	1706629122068	237	OK
REQUEST	PRL_CitizenC100_620_DescribePyshicalAbuse	PRL_CitizenC100_620_005_DescribePyshicalAbuse	1706629122070	1706629122102	OK	 
REQUEST	PRL_CitizenC100_620_DescribePyshicalAbuse	PRL_CitizenC100_620_005_DescribePyshicalAbuse Redirect 1	1706629122103	1706629122168	OK	 
GROUP	PRL_CitizenC100_620_DescribePyshicalAbuse	1706629122068	1706629122308	232	OK
REQUEST	PRL_CitizenC100_630_ImpactedByDrug	PRL_CitizenC100_630_005_ImpactedByDrug	1706629122309	1706629122342	OK	 
REQUEST	PRL_CitizenC100_630_ImpactedByDrug	PRL_CitizenC100_630_005_ImpactedByDrug Redirect 1	1706629122343	1706629122449	OK	 
GROUP	PRL_CitizenC100_630_ImpactedByDrug	1706629122308	1706629122508	195	OK
REQUEST	PRL_CitizenC100_640_OtherConcerns	PRL_CitizenC100_640_005_OtherConcerns	1706629122508	1706629122540	OK	 
REQUEST	PRL_CitizenC100_640_OtherConcerns	PRL_CitizenC100_640_005_OtherConcerns Redirect 1	1706629122541	1706629122627	OK	 
GROUP	PRL_CitizenC100_640_OtherConcerns	1706629122508	1706629122690	176	OK
REQUEST	PRL_CitizenC100_650_KeepChildrenSafe	PRL_CitizenC100_650_005_KeepChildrenSafe	1706629122690	1706629122722	OK	 
REQUEST	PRL_CitizenC100_650_KeepChildrenSafe	PRL_CitizenC100_650_005_KeepChildrenSafe Redirect 1	1706629122722	1706629122787	OK	 
GROUP	PRL_CitizenC100_650_KeepChildrenSafe	1706629122690	1706629122883	191	OK
REQUEST	PRL_CitizenC100_660_ContactBetweenChildren	PRL_CitizenC100_660_005_ContactBetweenChildren	1706629122885	1706629122919	OK	 
REQUEST	PRL_CitizenC100_660_ContactBetweenChildren	PRL_CitizenC100_660_005_ContactBetweenChildren Redirect 1	1706629122920	1706629122999	OK	 
GROUP	PRL_CitizenC100_660_ContactBetweenChildren	1706629122884	1706629123335	447	OK
REQUEST	PRL_CitizenC100_670_ChildrenBasedOutsideEngland	PRL_CitizenC100_670_005_ChildrenBasedOutsideEngland	1706629123336	1706629123371	OK	 
REQUEST	PRL_CitizenC100_670_ChildrenBasedOutsideEngland	PRL_CitizenC100_670_005_ChildrenBasedOutsideEngland Redirect 1	1706629123372	1706629123432	OK	 
GROUP	PRL_CitizenC100_670_ChildrenBasedOutsideEngland	1706629123335	1706629123512	165	OK
REQUEST	PRL_CitizenC100_680_ParentsBasedOutsideEngland	PRL_CitizenC100_680_005_ParentsBasedOutsideEngland	1706629123512	1706629123546	OK	 
REQUEST	PRL_CitizenC100_680_ParentsBasedOutsideEngland	PRL_CitizenC100_680_005_ParentsBasedOutsideEngland Redirect 1	1706629123546	1706629123696	OK	 
GROUP	PRL_CitizenC100_680_ParentsBasedOutsideEngland	1706629123512	1706629123757	242	OK
REQUEST	PRL_CitizenC100_690_AnotherPersonApply	PRL_CitizenC100_690_005_AnotherPersonApply	1706629123758	1706629123790	OK	 
REQUEST	PRL_CitizenC100_690_AnotherPersonApply	PRL_CitizenC100_690_005_AnotherPersonApply Redirect 1	1706629123790	1706629123854	OK	 
GROUP	PRL_CitizenC100_690_AnotherPersonApply	1706629123757	1706629123911	151	OK
REQUEST	PRL_CitizenC100_700_AnotherCountryAsked	PRL_CitizenC100_700_005_AnotherCountryAsked	1706629123912	1706629123945	OK	 
REQUEST	PRL_CitizenC100_700_AnotherCountryAsked	PRL_CitizenC100_700_005_AnotherCountryAsked Redirect 1	1706629123946	1706629124014	OK	 
GROUP	PRL_CitizenC100_700_AnotherCountryAsked	1706629123911	1706629124108	194	OK
REQUEST	PRL_CitizenC100_710_TakePartInHearings	PRL_CitizenC100_710_005_TakePartInHearings	1706629124109	1706629124144	OK	 
REQUEST	PRL_CitizenC100_710_TakePartInHearings	PRL_CitizenC100_710_005_TakePartInHearings Redirect 1	1706629124145	1706629124209	OK	 
GROUP	PRL_CitizenC100_710_TakePartInHearings	1706629124108	1706629124290	174	OK
REQUEST	PRL_CitizenC100_720_LanguageRequirements	PRL_CitizenC100_720_005_LanguageRequirements	1706629124291	1706629124322	OK	 
REQUEST	PRL_CitizenC100_720_LanguageRequirements	PRL_CitizenC100_720_005_LanguageRequirements Redirect 1	1706629124323	1706629124383	OK	 
GROUP	PRL_CitizenC100_720_LanguageRequirements	1706629124290	1706629124448	151	OK
REQUEST	PRL_CitizenC100_730_SpecialArrangements	PRL_CitizenC100_730_005_SpecialArrangements	1706629124448	1706629124485	OK	 
REQUEST	PRL_CitizenC100_730_SpecialArrangements	PRL_CitizenC100_730_005_SpecialArrangements Redirect 1	1706629124486	1706629124551	OK	 
GROUP	PRL_CitizenC100_730_SpecialArrangements	1706629124448	1706629124627	175	OK
REQUEST	PRL_CitizenC100_740_NeedSupport	PRL_CitizenC100_740_005_NeedSupport	1706629124628	1706629124664	OK	 
REQUEST	PRL_CitizenC100_740_NeedSupport	PRL_CitizenC100_740_005_NeedSupport Redirect 1	1706629124665	1706629124704	OK	 
GROUP	PRL_CitizenC100_740_NeedSupport	1706629124627	1706629124761	128	OK
REQUEST	PRL_CitizenC100_750_DocumentsAlternativeFormat	PRL_CitizenC100_750_005_DocumentsAlternativeFormat	1706629124763	1706629124816	OK	 
REQUEST	PRL_CitizenC100_750_DocumentsAlternativeFormat	PRL_CitizenC100_750_005_DocumentsAlternativeFormat Redirect 1	1706629124818	1706629125787	OK	 
GROUP	PRL_CitizenC100_750_DocumentsAlternativeFormat	1706629124761	1706629125855	1085	OK
REQUEST	PRL_CitizenC100_760_HelpWithPaying	PRL_CitizenC100_760_005_HelpWithPaying	1706629125855	1706629125888	OK	 
REQUEST	PRL_CitizenC100_760_HelpWithPaying	PRL_CitizenC100_760_005_HelpWithPaying Redirect 1	1706629125889	1706629129547	OK	 
GROUP	PRL_CitizenC100_760_HelpWithPaying	1706629125855	1706629129613	3750	OK
REQUEST	PRL_CitizenC100_770_CheckYourAnswers	PRL_CitizenC100_770_005_CheckYourAnswers	1706629129615	1706629134283	OK	 
GROUP	PRL_CitizenC100_770_CheckYourAnswers	1706629129614	1706629134286	4668	OK
REQUEST	PRL_CitizenC100_780_CheckYourAnswersRedirect	PRL_CitizenC100_780_005_CheckYourAnswersRedirect	1706629134288	1706629134427	OK	 
GROUP	PRL_CitizenC100_780_CheckYourAnswersRedirect	1706629134286	1706629134429	139	OK
REQUEST	PRL_CitizenC100_790_CheckYourAnswersFinal	PRL_CitizenC100_790_005_CheckYourAnswersFinal	1706629134430	1706629134517	OK	 
GROUP	PRL_CitizenC100_790_CheckYourAnswersFinal	1706629134429	1706629134661	227	OK
REQUEST	PRL_CitizenC100_800_EnterCardDetails	PRL_CitizenC100_800_005_EnterCardDetails	1706629134661	1706629134783	OK	 
REQUEST	PRL_CitizenC100_800_EnterCardDetails	PRL_CitizenC100_800_005_EnterCardDetails Redirect 1	1706629134785	1706629134853	OK	 
GROUP	PRL_CitizenC100_800_EnterCardDetails	1706629134661	1706629134858	191	OK
REQUEST	PRL_CitizenC100_810_FinalSubmit	PRL_CitizenC100_810_005_FinalSubmit	1706629134858	1706629134943	OK	 
GROUP	PRL_CitizenC100_810_FinalSubmit	1706629134858	1706629134944	85	OK
REQUEST	PRL_CitizenC100_811_FinalSubmitRedirect1	PRL_CitizenC100_811_005_FinalSubmitRedirect1	1706629134944	1706629134988	OK	 
GROUP	PRL_CitizenC100_811_FinalSubmitRedirect1	1706629134944	1706629134988	44	OK
REQUEST	PRL_CitizenC100_812_FinalSubmitRedirect2	PRL_CitizenC100_812_005_FinalSubmitRedirect2	1706629134988	1706629135010	OK	 
GROUP	PRL_CitizenC100_812_FinalSubmitRedirect2	1706629134988	1706629135010	22	OK
REQUEST	PRL_CitizenC100_813_FinalSubmitRedirect3	PRL_CitizenC100_813_005_FinalSubmitRedirect3	1706629135010	1706629135103	OK	 
GROUP	PRL_CitizenC100_813_FinalSubmitRedirect3	1706629135010	1706629135164	152	OK
REQUEST	PRL_CitizenC100_820_Logout	PRL_CitizenC100_820_005_Logout	1706629135168	1706629135224	OK	 
REQUEST	PRL_CitizenC100_820_Logout	PRL_CitizenC100_820_005_Logout Redirect 1	1706629135224	1706629135250	OK	 
REQUEST	PRL_CitizenC100_820_Logout	PRL_CitizenC100_820_005_Logout Redirect 2	1706629135251	1706629135307	OK	 
REQUEST	PRL_CitizenC100_820_Logout	PRL_CitizenC100_820_005_Logout Redirect 3	1706629135307	1706629135332	OK	 
REQUEST	PRL_CitizenC100_820_Logout	PRL_CitizenC100_820_005_Logout Redirect 4	1706629135333	1706629135370	OK	 
GROUP	PRL_CitizenC100_820_Logout	1706629135168	1706629135539	364	OK
USER	***** PRL Citizen Journey *****	END	1706629135543
