ASSERTION	AAECAAIFAAAAAAAAAFlA
RUN	simulations.PRL_Simulation	prl-simulation	1704819721719	 	3.9.5
USER	***** PRL Citizen Journey *****	START	1704819722986
REQUEST	XUI_010_Homepage	XUI_010_005_Homepage	1704819722994	1704819723799	OK	 
REQUEST	XUI_010_Homepage	XUI_Common_000_ConfigurationUI	1704819745751	1704819745880	OK	 
REQUEST	XUI_010_Homepage	XUI_Common_000_ConfigJson	1704819745884	1704819746069	OK	 
REQUEST	XUI_010_Homepage	XUI_Common_000_TsAndCs	1704819746071	1704819746160	OK	 
REQUEST	XUI_010_Homepage	XUI_Common_000_ConfigUI	1704819746161	1704819746420	OK	 
REQUEST	XUI_010_Homepage	XUI_Common_000_UserDetails	1704819746423	1704819746545	OK	 
REQUEST	XUI_010_Homepage	XUI_Common_000_IsAuthenticated	1704819746547	1704819746672	OK	 
REQUEST	XUI_010_Homepage	XUI_010_010_AuthLogin	1704819746679	1704819746776	OK	 
REQUEST	XUI_010_Homepage	XUI_010_010_AuthLogin Redirect 1	1704819746780	1704819747484	OK	 
REQUEST	XUI_010_Homepage	XUI_010_010_AuthLogin Redirect 2	1704819747486	1704819747841	OK	 
GROUP	XUI_010_Homepage	1704819722987	1704819751296	28190	OK
REQUEST	XUI_020_Login	XUI_020_005_Login	1704819751308	1704819751587	OK	 
REQUEST	XUI_020_Login	XUI_020_005_Login Redirect 1	1704819751588	1704819752475	OK	 
REQUEST	XUI_020_Login	XUI_020_005_Login Redirect 2	1704819752476	1704819752680	OK	 
REQUEST	XUI_020_Login	XUI_Common_000_ConfigurationUI	1704819769822	1704819769932	OK	 
REQUEST	XUI_020_Login	XUI_Common_000_ConfigJson	1704819769934	1704819770069	OK	 
REQUEST	XUI_020_Login	XUI_Common_000_TsAndCs	1704819770071	1704819770160	OK	 
REQUEST	XUI_020_Login	XUI_Common_000_ConfigUI	1704819770161	1704819770465	OK	 
REQUEST	XUI_020_Login	XUI_Common_000_UserDetails	1704819770467	1704819771672	OK	 
REQUEST	XUI_020_Login	XUI_Common_000_IsAuthenticated	1704819771675	1704819771814	OK	 
REQUEST	XUI_020_Login	XUI_Common_000_MonitoringTools	1704819771815	1704819772051	OK	 
GROUP	XUI_020_Login	1704819751297	1704819772081	20716	OK
REQUEST	XUI_PRL_030_CreateCaseStart	XUI_PRL_030_005_CreateCaseStart	1704819772083	1704819776412	OK	 
GROUP	XUI_PRL_030_CreateCaseStart	1704819772082	1704819776432	4329	OK
REQUEST	XUI_PRL_031_Type_Of_Application	XUI_PRL_031_005_Type_Of_Application	1704819776434	1704819777711	OK	 
GROUP	XUI_PRL_031_Type_Of_Application	1704819776432	1704819777712	1277	OK
REQUEST	XUI_PRL_032_ApplicationCheckYourAnswers	XUI_PRL_032_005_ApplicationCheckYourAnswers	1704819777714	1704819795337	OK	 
GROUP	XUI_PRL_032_ApplicationCheckYourAnswers	1704819777712	1704819795359	17623	OK
REQUEST	XUI_PRL_033_ApplicationDetails	XUI_PRL_033_005_ApplicationDetails	1704819795360	1704819803232	OK	 
GROUP	XUI_PRL_033_ApplicationDetails	1704819795359	1704819803276	7872	OK
REQUEST	XUI_PRL_034_EnterApplicationDetails	XUI_PRL_034_005_EnterApplicationDetails	1704819803277	1704819804469	OK	 
GROUP	XUI_PRL_034_EnterApplicationDetails	1704819803276	1704819804471	1192	OK
REQUEST	XUI_PRL_035_SubmitApplicationDetails	XUI_PRL_035_005_SubmitApplicationDetails	1704819804472	1704819814088	OK	 
GROUP	XUI_PRL_035_SubmitApplicationDetails	1704819804471	1704819814091	9616	OK
REQUEST	XUI_PRL_036_SubmitAndPay	XUI_PRL_036_005_SubmitAndPay	1704819814092	1704819829280	OK	 
GROUP	XUI_PRL_036_SubmitAndPay	1704819814091	1704819829297	15188	OK
REQUEST	XUI_PRL_037_ConfidentialityStatement	XUI_PRL_037_005_ConfidentialityStatement	1704819829297	1704819830605	OK	 
GROUP	XUI_PRL_037_ConfidentialityStatement	1704819829297	1704819830606	1308	OK
REQUEST	XUI_PRL_038_Declaration	XUI_PRL_038_005_Declaration	1704819830608	1704819831367	OK	 
GROUP	XUI_PRL_038_Declaration	1704819830606	1704819831367	759	OK
REQUEST	XUI_PRL_039_Continue	XUI_PRL_039_005_Continue	1704819831371	1704819834558	OK	 
GROUP	XUI_PRL_039_Continue	1704819831367	1704819834561	3187	OK
REQUEST	XUI_PRL_040_Continue	XUI_PRL_039_005_Continue	1704819834562	1704819849085	OK	 
GROUP	XUI_PRL_040_Continue	1704819834561	1704819849097	14523	OK
REQUEST	XUI_PRL_041_DummyPaymentConfirmation 	XUI_PRL_041_005_DummyPaymentConfirmation 	1704819849098	1704819850784	OK	 
GROUP	XUI_PRL_041_DummyPaymentConfirmation 	1704819849097	1704819850785	1686	OK
REQUEST	XUI_PRL_042_PaymentOption	XUI_PRL_042_005_PaymentOption	1704819850787	1704819851675	OK	 
GROUP	XUI_PRL_042_PaymentOption	1704819850785	1704819851678	888	OK
REQUEST	XUI_PRL_043_PaymentOption	XUI_PRL_043_005_PaymentOption	1704819851678	1704819852147	OK	 
REQUEST	XUI_PRL_043_PaymentOption	XUI_PRL_043_005_PaymentOption Redirect 1	1704819852149	1704819852441	OK	 
GROUP	XUI_PRL_043_PaymentOption	1704819851678	1704819853527	1836	OK
REQUEST	XUI_PRL_044_CardDetails	XUI_PRL_044_005_CardDetails	1704819853527	1704819853760	OK	 
REQUEST	XUI_PRL_044_CardDetails	XUI_PRL_044_005_CardDetails Redirect 1	1704819853769	1704819853905	OK	 
GROUP	XUI_PRL_044_CardDetails	1704819853527	1704819853917	370	OK
REQUEST	XUI_PRL_045_ConfirmPayment	XUI_PRL_045_005_ConfirmPayment	1704819853918	1704819854064	OK	 
REQUEST	XUI_PRL_045_ConfirmPayment	XUI_PRL_045_005_ConfirmPayment Redirect 1	1704819854065	1704819854194	OK	 
REQUEST	XUI_PRL_045_ConfirmPayment	XUI_PRL_045_005_ConfirmPayment Redirect 2	1704819854212	1704819856992	OK	 
GROUP	XUI_PRL_045_ConfirmPayment	1704819853917	1704819859568	5625	OK
REQUEST	XUI_010_Homepage	XUI_010_005_Homepage	1704819859568	1704819859733	OK	 
REQUEST	XUI_010_Homepage	XUI_Common_000_ConfigurationUI	1704819874285	1704819874380	OK	 
REQUEST	XUI_010_Homepage	XUI_Common_000_ConfigJson	1704819874382	1704819874479	OK	 
REQUEST	XUI_010_Homepage	XUI_Common_000_TsAndCs	1704819874481	1704819874566	OK	 
REQUEST	XUI_010_Homepage	XUI_Common_000_ConfigUI	1704819874568	1704819874651	OK	 
REQUEST	XUI_010_Homepage	XUI_Common_000_UserDetails	1704819874652	1704819874771	OK	 
REQUEST	XUI_010_Homepage	XUI_Common_000_IsAuthenticated	1704819874775	1704819874887	OK	 
REQUEST	XUI_010_Homepage	XUI_010_010_AuthLogin	1704819874888	1704819875051	OK	 
REQUEST	XUI_010_Homepage	XUI_010_010_AuthLogin Redirect 1	1704819875052	1704819875533	OK	 
REQUEST	XUI_010_Homepage	XUI_010_010_AuthLogin Redirect 2	1704819875535	1704819875836	OK	 
GROUP	XUI_010_Homepage	1704819859568	1704819879341	19740	OK
REQUEST	XUI_020_Login	XUI_020_005_Login	1704819879342	1704819879504	OK	 
REQUEST	XUI_020_Login	XUI_020_005_Login Redirect 1	1704819879505	1704819881226	OK	 
REQUEST	XUI_020_Login	XUI_020_005_Login Redirect 2	1704819881227	1704819881433	OK	 
REQUEST	XUI_020_Login	XUI_Common_000_ConfigurationUI	1704819894747	1704819894855	OK	 
REQUEST	XUI_020_Login	XUI_Common_000_ConfigJson	1704819894856	1704819894967	OK	 
REQUEST	XUI_020_Login	XUI_Common_000_TsAndCs	1704819894970	1704819895057	OK	 
REQUEST	XUI_020_Login	XUI_Common_000_ConfigUI	1704819895059	1704819895180	OK	 
REQUEST	XUI_020_Login	XUI_Common_000_UserDetails	1704819895182	1704819895499	OK	 
REQUEST	XUI_020_Login	XUI_Common_000_IsAuthenticated	1704819895501	1704819895607	OK	 
REQUEST	XUI_020_Login	XUI_Common_000_MonitoringTools	1704819895609	1704819895714	OK	 
GROUP	XUI_020_Login	1704819879341	1704819895715	16357	OK
REQUEST	XUI_PRL_030_SelectCase	XUI_PRL_040_005_SelectIssue	1704819895716	1704819898888	OK	 
REQUEST	XUI_PRL_030_SelectCase	XUI_Common_000_UserDetails	1704819898891	1704819899030	OK	 
GROUP	XUI_PRL_030_SelectCase	1704819895715	1704819899031	3311	OK
REQUEST	XUI_PRL_050_LocalCourt	XUI_PRL_050_005_LocalCourt	1704819899033	1704819929219	KO	status.find.in([200, 209], 304), found 504
GROUP	XUI_PRL_050_LocalCourt	1704819899031	1704819929226	30186	KO
USER	***** PRL Citizen Journey *****	END	1704819929241
