ASSERTION	AAECAAIFAAAAAAAAAFlA
RUN	simulations.PRL_Simulation	prl-simulation	1697547005595	 	3.9.5
USER	***** Private Law Create Case *****	START	1697547005968
REQUEST	XUI_010_Homepage	XUI_010_005_Homepage	1697547005988	1697547006095	OK	 
REQUEST	XUI_010_Homepage	XUI_Common_000_ConfigurationUI	1697547006475	1697547006527	OK	 
REQUEST	XUI_010_Homepage	XUI_Common_000_ConfigJson	1697547006528	1697547006538	OK	 
REQUEST	XUI_010_Homepage	XUI_Common_000_TsAndCs	1697547006538	1697547006592	OK	 
REQUEST	XUI_010_Homepage	XUI_Common_000_ConfigUI	1697547006593	1697547006631	OK	 
REQUEST	XUI_010_Homepage	XUI_Common_000_UserDetails	1697547006631	1697547006677	OK	 
REQUEST	XUI_010_Homepage	XUI_Common_000_IsAuthenticated	1697547006677	1697547006704	OK	 
REQUEST	XUI_010_Homepage	XUI_010_010_AuthLogin	1697547006706	1697547006813	OK	 
REQUEST	XUI_010_Homepage	XUI_010_010_AuthLogin Redirect 1	1697547006815	1697547006924	OK	 
REQUEST	XUI_010_Homepage	XUI_010_010_AuthLogin Redirect 2	1697547006925	1697547007017	OK	 
GROUP	XUI_010_Homepage	1697547005969	1697547007228	1169	OK
REQUEST	XUI_020_Login	XUI_020_005_Login	1697547007229	1697547008020	OK	 
REQUEST	XUI_020_Login	XUI_020_005_Login Redirect 1	1697547008020	1697547009317	OK	 
REQUEST	XUI_020_Login	XUI_020_005_Login Redirect 2	1697547009320	1697547009362	OK	 
REQUEST	XUI_020_Login	XUI_Common_000_ConfigurationUI	1697547009917	1697547009950	OK	 
REQUEST	XUI_020_Login	XUI_Common_000_ConfigJson	1697547009950	1697547009965	OK	 
REQUEST	XUI_020_Login	XUI_Common_000_TsAndCs	1697547009966	1697547010077	OK	 
REQUEST	XUI_020_Login	XUI_Common_000_ConfigUI	1697547010078	1697547010136	OK	 
REQUEST	XUI_020_Login	XUI_Common_000_UserDetails	1697547010137	1697547010903	OK	 
REQUEST	XUI_020_Login	XUI_Common_000_IsAuthenticated	1697547010905	1697547010944	OK	 
REQUEST	XUI_020_Login	XUI_Common_000_MonitoringTools	1697547010946	1697547010983	OK	 
GROUP	XUI_020_Login	1697547007228	1697547011002	3739	OK
REQUEST	XUI_PRL_030_CreateCaseStart	XUI_PRL_030_005_CreateCaseStart	1697547011005	1697547014223	OK	 
GROUP	XUI_PRL_030_CreateCaseStart	1697547011003	1697547014231	3218	OK
REQUEST	XUI_PRL_031_Type_Of_Application	XUI_PRL_031_005_Type_Of_Application	1697547014234	1697547016621	OK	 
GROUP	XUI_PRL_031_Type_Of_Application	1697547014231	1697547016622	2387	OK
REQUEST	XUI_PRL_032_ApplicationCheckYourAnswers	XUI_PRL_032_005_ApplicationCheckYourAnswers	1697547016623	1697547029202	OK	 
GROUP	XUI_PRL_032_ApplicationCheckYourAnswers	1697547016622	1697547029213	12579	OK
REQUEST	XUI_PRL_033_ApplicationDetails	XUI_PRL_033_005_ApplicationDetails	1697547029213	1697547032465	OK	 
GROUP	XUI_PRL_033_ApplicationDetails	1697547029213	1697547032493	3252	OK
REQUEST	XUI_PRL_034_EnterApplicationDetails	XUI_PRL_034_005_EnterApplicationDetails	1697547032493	1697547033077	OK	 
GROUP	XUI_PRL_034_EnterApplicationDetails	1697547032493	1697547033078	584	OK
REQUEST	XUI_PRL_035_SubmitApplicationDetails	XUI_PRL_035_005_SubmitApplicationDetails	1697547033078	1697547041636	OK	 
GROUP	XUI_PRL_035_SubmitApplicationDetails	1697547033078	1697547041638	8558	OK
REQUEST	XUI_PRL_036_SubmitAndPay	XUI_PRL_036_005_SubmitAndPay	1697547041639	1697547057004	OK	 
GROUP	XUI_PRL_036_SubmitAndPay	1697547041638	1697547057018	15365	OK
REQUEST	XUI_PRL_037_ConfidentialityStatement	XUI_PRL_037_005_ConfidentialityStatement	1697547057018	1697547059085	OK	 
GROUP	XUI_PRL_037_ConfidentialityStatement	1697547057018	1697547059085	2067	OK
REQUEST	XUI_PRL_038_Declaration	XUI_PRL_038_005_Declaration	1697547059086	1697547059939	OK	 
GROUP	XUI_PRL_038_Declaration	1697547059085	1697547059942	853	OK
REQUEST	XUI_PRL_039_Continue	XUI_PRL_039_005_Continue	1697547059943	1697547060992	KO	regex("newAgreeChildSupervisedTime": "No",         "paymentServiceRequestReferenceNumber": "(.{4})-(.{13})").find.exists, found nothing
GROUP	XUI_PRL_039_Continue	1697547059942	1697547061005	1049	KO
USER	***** Private Law Create Case *****	END	1697547061009
