ASSERTION	AAECAAIFAAAAAAAAAFlA
RUN	simulations.PRL_Simulation	prl-simulation	1697620095659	 	3.9.5
USER	***** Private Law Create Case *****	START	1697620096151
REQUEST	XUI_010_Homepage	XUI_010_005_Homepage	1697620096176	1697620097321	OK	 
REQUEST	XUI_010_Homepage	XUI_Common_000_ConfigurationUI	1697620097877	1697620097929	OK	 
REQUEST	XUI_010_Homepage	XUI_Common_000_ConfigJson	1697620097931	1697620098034	OK	 
REQUEST	XUI_010_Homepage	XUI_Common_000_TsAndCs	1697620098035	1697620098079	OK	 
REQUEST	XUI_010_Homepage	XUI_Common_000_ConfigUI	1697620098080	1697620098165	OK	 
REQUEST	XUI_010_Homepage	XUI_Common_000_UserDetails	1697620098166	1697620098244	OK	 
REQUEST	XUI_010_Homepage	XUI_Common_000_IsAuthenticated	1697620098246	1697620098283	OK	 
REQUEST	XUI_010_Homepage	XUI_010_010_AuthLogin	1697620098285	1697620098410	OK	 
REQUEST	XUI_010_Homepage	XUI_010_010_AuthLogin Redirect 1	1697620098411	1697620098501	OK	 
REQUEST	XUI_010_Homepage	XUI_010_010_AuthLogin Redirect 2	1697620098502	1697620098582	OK	 
GROUP	XUI_010_Homepage	1697620096153	1697620099158	2904	OK
REQUEST	XUI_020_Login	XUI_020_005_Login	1697620099160	1697620099364	OK	 
REQUEST	XUI_020_Login	XUI_020_005_Login Redirect 1	1697620099365	1697620100288	OK	 
REQUEST	XUI_020_Login	XUI_020_005_Login Redirect 2	1697620100288	1697620100324	OK	 
REQUEST	XUI_020_Login	XUI_Common_000_ConfigurationUI	1697620100767	1697620100812	OK	 
REQUEST	XUI_020_Login	XUI_Common_000_ConfigJson	1697620100812	1697620100824	OK	 
REQUEST	XUI_020_Login	XUI_Common_000_TsAndCs	1697620100824	1697620100875	OK	 
REQUEST	XUI_020_Login	XUI_Common_000_ConfigUI	1697620100876	1697620101099	OK	 
REQUEST	XUI_020_Login	XUI_Common_000_UserDetails	1697620101100	1697620101572	OK	 
REQUEST	XUI_020_Login	XUI_Common_000_IsAuthenticated	1697620101573	1697620101624	OK	 
REQUEST	XUI_020_Login	XUI_Common_000_MonitoringTools	1697620101626	1697620101717	OK	 
GROUP	XUI_020_Login	1697620099158	1697620101742	2548	OK
REQUEST	XUI_PRL_030_CreateCaseStart	XUI_PRL_030_005_CreateCaseStart	1697620101745	1697620106873	OK	 
GROUP	XUI_PRL_030_CreateCaseStart	1697620101743	1697620106881	5128	OK
REQUEST	XUI_PRL_031_Type_Of_Application	XUI_PRL_031_005_Type_Of_Application	1697620106882	1697620108330	OK	 
GROUP	XUI_PRL_031_Type_Of_Application	1697620106881	1697620108331	1448	OK
REQUEST	XUI_PRL_032_ApplicationCheckYourAnswers	XUI_PRL_032_005_ApplicationCheckYourAnswers	1697620108331	1697620118315	OK	 
GROUP	XUI_PRL_032_ApplicationCheckYourAnswers	1697620108331	1697620118350	9984	OK
REQUEST	XUI_PRL_033_ApplicationDetails	XUI_PRL_033_005_ApplicationDetails	1697620118351	1697620119702	OK	 
GROUP	XUI_PRL_033_ApplicationDetails	1697620118350	1697620119744	1351	OK
REQUEST	XUI_PRL_034_EnterApplicationDetails	XUI_PRL_034_005_EnterApplicationDetails	1697620119744	1697620120637	OK	 
GROUP	XUI_PRL_034_EnterApplicationDetails	1697620119744	1697620120637	893	OK
REQUEST	XUI_PRL_035_SubmitApplicationDetails	XUI_PRL_035_005_SubmitApplicationDetails	1697620120638	1697620128910	OK	 
GROUP	XUI_PRL_035_SubmitApplicationDetails	1697620120637	1697620128911	8272	OK
REQUEST	XUI_PRL_036_SubmitAndPay	XUI_PRL_036_005_SubmitAndPay	1697620128912	1697620139044	OK	 
GROUP	XUI_PRL_036_SubmitAndPay	1697620128911	1697620139054	10132	OK
REQUEST	XUI_PRL_037_ConfidentialityStatement	XUI_PRL_037_005_ConfidentialityStatement	1697620139054	1697620140012	OK	 
GROUP	XUI_PRL_037_ConfidentialityStatement	1697620139054	1697620140013	958	OK
REQUEST	XUI_PRL_038_Declaration	XUI_PRL_038_005_Declaration	1697620140014	1697620140552	OK	 
GROUP	XUI_PRL_038_Declaration	1697620140013	1697620140553	538	OK
REQUEST	XUI_PRL_039_Continue	XUI_PRL_039_005_Continue	1697620140555	1697620141314	OK	 
GROUP	XUI_PRL_039_Continue	1697620140553	1697620141314	759	OK
REQUEST	XUI_PRL_040_Continue	XUI_PRL_040_005_Continue	1697620141314	1697620142624	KO	status.find.in([200, 209], 304), found 404
GROUP	XUI_PRL_040_Continue	1697620141314	1697620142634	1310	KO
USER	***** Private Law Create Case *****	END	1697620142644
