ASSERTION	AAECAAIFAAAAAAAAAFlA
RUN	simulations.PRL_Simulation	prl-simulation	1702988531038	 	3.9.5
USER	***** PRL Case Flags 2.1 Journey *****	START	1702988531666
REQUEST	XUI_010_Homepage	XUI_010_005_Homepage	1702988531677	1702988532660	OK	 
REQUEST	XUI_010_Homepage	XUI_Common_000_ConfigurationUI	1702988560020	1702988560070	OK	 
REQUEST	XUI_010_Homepage	XUI_Common_000_ConfigJson	1702988560074	1702988560148	OK	 
REQUEST	XUI_010_Homepage	XUI_Common_000_TsAndCs	1702988560150	1702988560178	OK	 
REQUEST	XUI_010_Homepage	XUI_Common_000_ConfigUI	1702988560180	1702988560218	OK	 
REQUEST	XUI_010_Homepage	XUI_Common_000_UserDetails	1702988560220	1702988560253	OK	 
REQUEST	XUI_010_Homepage	XUI_Common_000_IsAuthenticated	1702988560254	1702988560285	OK	 
REQUEST	XUI_010_Homepage	XUI_010_010_AuthLogin	1702988560290	1702988560387	OK	 
REQUEST	XUI_010_Homepage	XUI_010_010_AuthLogin Redirect 1	1702988560392	1702988560534	OK	 
REQUEST	XUI_010_Homepage	XUI_010_010_AuthLogin Redirect 2	1702988560536	1702988560767	OK	 
GROUP	XUI_010_Homepage	1702988531668	1702988562286	30492	OK
REQUEST	XUI_020_Login	XUI_020_005_Login	1702988562290	1702988562905	OK	 
REQUEST	XUI_020_Login	XUI_020_005_Login Redirect 1	1702988562907	1702988563722	OK	 
REQUEST	XUI_020_Login	XUI_020_005_Login Redirect 2	1702988563727	1702988563830	OK	 
REQUEST	XUI_020_Login	XUI_Common_000_ConfigurationUI	1702988577777	1702988577814	OK	 
REQUEST	XUI_020_Login	XUI_Common_000_ConfigJson	1702988577815	1702988577863	OK	 
REQUEST	XUI_020_Login	XUI_Common_000_TsAndCs	1702988577864	1702988577902	OK	 
REQUEST	XUI_020_Login	XUI_Common_000_ConfigUI	1702988577904	1702988577956	OK	 
REQUEST	XUI_020_Login	XUI_Common_000_UserDetails	1702988577958	1702988579514	OK	 
REQUEST	XUI_020_Login	XUI_Common_000_IsAuthenticated	1702988579515	1702988579578	OK	 
REQUEST	XUI_020_Login	XUI_Common_000_MonitoringTools	1702988579580	1702988579637	OK	 
GROUP	XUI_020_Login	1702988562286	1702988579671	17326	OK
GROUP	XUI_PRL_030_CreateCaseStart	1702988579672	1702988579673	0	OK
REQUEST	XUI_PRL_040_RequestSupport	XUI_PRL_040_005_RequestSupport	1702988579673	1702988581203	OK	 
REQUEST	XUI_PRL_040_RequestSupport	XUI_PRL_040_010_RequestSupport	1702988581205	1702988585087	OK	 
GROUP	XUI_PRL_040_RequestSupport	1702988579673	1702988585140	5412	OK
REQUEST	XUI_PRL_050_WhereFlagAdded	XUI_PRL_050_005_WhereFlagAdded	1702988585140	1702988585861	OK	 
REQUEST	XUI_PRL_050_WhereFlagAdded	XUI_PRL_050_010_WhereFlagAdded	1702988585863	1702988586764	OK	 
GROUP	XUI_PRL_050_WhereFlagAdded	1702988585140	1702988586765	1622	OK
REQUEST	XUI_PRL_070_RequestSupportSubmit	XUI_PRL_070_005_RequestSupportSubmit	1702988586774	1702988589907	OK	 
GROUP	XUI_PRL_070_RequestSupportSubmit	1702988586765	1702988589915	3133	OK
REQUEST	XUI_PRL_080_RequestSupport2	XUI_PRL_080_005_RequestSupport2	1702988589919	1702988591385	OK	 
REQUEST	XUI_PRL_080_RequestSupport2	XUI_PRL_080_010_RequestSupport2	1702988591387	1702988594541	OK	 
GROUP	XUI_PRL_080_RequestSupport2	1702988589915	1702988594573	4620	OK
REQUEST	XUI_PRL_090_WhereFlagAdded2	XUI_PRL_090_005_WhereFlagAdded2	1702988594573	1702988595575	OK	 
REQUEST	XUI_PRL_090_WhereFlagAdded2	XUI_PRL_090_010_WhereFlagAdded2	1702988595580	1702988596622	OK	 
GROUP	XUI_PRL_090_WhereFlagAdded2	1702988594573	1702988596623	2044	OK
REQUEST	XUI_PRL_100_RequestSupportSubmit2	XUI_PRL_100_005_RequestSupportSubmit2	1702988596624	1702988599072	OK	 
GROUP	XUI_PRL_100_RequestSupportSubmit2	1702988596623	1702988599073	2448	OK
REQUEST	XUI_PRL_080_RequestSupport3	XUI_PRL_080_005_RequestSupport3	1702988599074	1702988599520	OK	 
REQUEST	XUI_PRL_080_RequestSupport3	XUI_PRL_080_010_RequestSupport3	1702988599521	1702988602213	OK	 
GROUP	XUI_PRL_080_RequestSupport3	1702988599073	1702988602227	3138	OK
REQUEST	XUI_PRL_090_WhereFlagAdded3	XUI_PRL_090_005_WhereFlagAdded3	1702988602227	1702988602885	OK	 
REQUEST	XUI_PRL_090_WhereFlagAdded3	XUI_PRL_090_010_WhereFlagAdded3	1702988602887	1702988603954	OK	 
GROUP	XUI_PRL_090_WhereFlagAdded3	1702988602227	1702988603956	1725	OK
REQUEST	XUI_PRL_100_RequestSupportSubmit3	XUI_PRL_100_005_RequestSupportSubmit2	1702988603957	1702988605961	OK	 
GROUP	XUI_PRL_100_RequestSupportSubmit3	1702988603956	1702988605964	2004	OK
REQUEST	XUI_PRL_080_RequestSupport4	XUI_PRL_080_005_RequestSupport4	1702988605965	1702988606969	OK	 
REQUEST	XUI_PRL_080_RequestSupport4	XUI_PRL_080_010_RequestSupport4	1702988606970	1702988610553	OK	 
GROUP	XUI_PRL_080_RequestSupport4	1702988605964	1702988610571	4587	OK
REQUEST	XUI_PRL_090_WhereFlagAdded4	XUI_PRL_090_005_WhereFlagAdded4	1702988610571	1702988610885	OK	 
REQUEST	XUI_PRL_090_WhereFlagAdded4	XUI_PRL_090_010_WhereFlagAdded4	1702988610887	1702988611314	OK	 
GROUP	XUI_PRL_090_WhereFlagAdded4	1702988610571	1702988611315	741	OK
REQUEST	XUI_PRL_100_RequestSupportSubmit4	XUI_PRL_100_005_RequestSupportSubmit4	1702988611316	1702988613290	OK	 
GROUP	XUI_PRL_100_RequestSupportSubmit4	1702988611315	1702988613294	1974	OK
REQUEST	XUI_PRL_080_RequestSupport5	XUI_PRL_080_005_RequestSupport5	1702988613294	1702988614022	OK	 
REQUEST	XUI_PRL_080_RequestSupport5	XUI_PRL_080_010_RequestSupport5	1702988614024	1702988616859	OK	 
GROUP	XUI_PRL_080_RequestSupport5	1702988613294	1702988616874	3563	OK
REQUEST	XUI_PRL_090_WhereFlagAdded5	XUI_PRL_090_005_WhereFlagAdded5	1702988616874	1702988617794	OK	 
REQUEST	XUI_PRL_090_WhereFlagAdded5	XUI_PRL_090_010_WhereFlagAdded5	1702988617795	1702988618177	OK	 
GROUP	XUI_PRL_090_WhereFlagAdded5	1702988616874	1702988618179	1302	OK
REQUEST	XUI_PRL_100_RequestSupportSubmit5	XUI_PRL_100_005_RequestSupportSubmit4	1702988618180	1702988619738	OK	 
GROUP	XUI_PRL_100_RequestSupportSubmit5	1702988618179	1702988619741	1558	OK
GROUP	XUI_PRL_030_CreateCaseStart	1702988619741	1702988619741	0	OK
REQUEST	XUI_PRL_040_ManageSupport	XUI_PRL_040_005_RequestSupport	1702988619742	1702988620193	OK	 
REQUEST	XUI_PRL_040_ManageSupport	XUI_PRL_040_010_RequestSupport	1702988620195	1702988622709	OK	 
GROUP	XUI_PRL_040_ManageSupport	1702988619741	1702988622722	2965	OK
REQUEST	XUI_PRL_070_ManageSupportSubmitSol	XUI_PRL_070_005_ManageSupportSubmitSol	1702988622722	1702988625289	OK	 
GROUP	XUI_PRL_070_ManageSupportSubmitSol	1702988622722	1702988625291	2567	OK
REQUEST	XUI_010_Homepage	XUI_010_005_Homepage	1702988625292	1702988625442	OK	 
REQUEST	XUI_010_Homepage	XUI_Common_000_ConfigurationUI	1702988636676	1702988636992	OK	 
REQUEST	XUI_010_Homepage	XUI_Common_000_ConfigJson	1702988636994	1702988637169	OK	 
REQUEST	XUI_010_Homepage	XUI_Common_000_TsAndCs	1702988637172	1702988637347	OK	 
REQUEST	XUI_010_Homepage	XUI_Common_000_ConfigUI	1702988637348	1702988637513	OK	 
REQUEST	XUI_010_Homepage	XUI_Common_000_UserDetails	1702988637514	1702988637685	OK	 
REQUEST	XUI_010_Homepage	XUI_Common_000_IsAuthenticated	1702988637686	1702988637816	OK	 
REQUEST	XUI_010_Homepage	XUI_010_010_AuthLogin	1702988637817	1702988637855	OK	 
REQUEST	XUI_010_Homepage	XUI_010_010_AuthLogin Redirect 1	1702988637856	1702988638709	OK	 
REQUEST	XUI_010_Homepage	XUI_010_010_AuthLogin Redirect 2	1702988638710	1702988638929	OK	 
GROUP	XUI_010_Homepage	1702988625291	1702988639897	14586	OK
REQUEST	XUI_020_LoginCa	XUI_020_005_LoginCa	1702988639898	1702988640067	OK	 
REQUEST	XUI_020_LoginCa	XUI_020_005_LoginCa Redirect 1	1702988640068	1702988640905	OK	 
REQUEST	XUI_020_LoginCa	XUI_020_005_LoginCa Redirect 2	1702988640906	1702988640939	OK	 
REQUEST	XUI_020_LoginCa	XUI_Common_000_ConfigurationUI	1702988652857	1702988652905	OK	 
REQUEST	XUI_020_LoginCa	XUI_Common_000_ConfigJson	1702988652906	1702988652964	OK	 
REQUEST	XUI_020_LoginCa	XUI_Common_000_TsAndCs	1702988652966	1702988653054	OK	 
REQUEST	XUI_020_LoginCa	XUI_Common_000_ConfigUI	1702988653055	1702988653104	OK	 
REQUEST	XUI_020_LoginCa	XUI_Common_000_UserDetails	1702988653105	1702988653908	OK	 
REQUEST	XUI_020_LoginCa	XUI_Common_000_IsAuthenticated	1702988653910	1702988653955	OK	 
REQUEST	XUI_020_LoginCa	XUI_Common_000_MonitoringTools	1702988653956	1702988654007	OK	 
GROUP	XUI_020_LoginCa	1702988639897	1702988654009	14094	OK
GROUP	XUI_PRL_030_CreateCaseStart	1702988654009	1702988654009	0	OK
REQUEST	XUI_PRL_040_ManageSupportFlags	XUI_PRL_040_005_ManageSupportFlags	1702988654010	1702988654915	OK	 
REQUEST	XUI_PRL_040_ManageSupportFlags	XUI_PRL_040_010_RequestSupport	1702988654917	1702988685078	KO	status.find.in([200, 209], 304), found 500
GROUP	XUI_PRL_040_ManageSupportFlags	1702988654009	1702988685091	31066	KO
USER	***** PRL Case Flags 2.1 Journey *****	END	1702988685094
