ASSERTION	AAECAAMFAAAAAAAAAFlA
RUN	simulations.XUI_Simulation	xui-simulation	1686563517621	 	3.3.1
USER	***** Private Law Create Case *****	1	START	1686563517887	1686563517887
REQUEST	1	XUI_010_Homepage	XUI_010_005_Homepage	1686563517897	1686563517999	OK	 
REQUEST	1	XUI_010_Homepage	XUI_Common_000_ConfigurationUI	1686563518020	1686563518992	OK	 
REQUEST	1	XUI_010_Homepage	XUI_Common_000_ConfigJson	1686563518997	1686563519652	OK	 
REQUEST	1	XUI_010_Homepage	XUI_Common_000_TsAndCs	1686563519654	1686563519807	OK	 
REQUEST	1	XUI_010_Homepage	XUI_Common_000_ConfigUI	1686563519808	1686563519987	OK	 
REQUEST	1	XUI_010_Homepage	XUI_Common_000_UserDetails	1686563519988	1686563520200	OK	 
REQUEST	1	XUI_010_Homepage	XUI_Common_000_IsAuthenticated	1686563520201	1686563520513	OK	 
REQUEST	1	XUI_010_Homepage	XUI_010_010_AuthLogin	1686563520515	1686563520691	OK	 
REQUEST	1	XUI_010_Homepage	XUI_010_010_AuthLogin Redirect 1	1686563520693	1686563521065	OK	 
REQUEST	1	XUI_010_Homepage	XUI_010_010_AuthLogin Redirect 2	1686563521066	1686563521307	OK	 
GROUP	1	XUI_010_Homepage	1686563517891	1686563530720	12754	OK
REQUEST	1	XUI_020_Login	XUI_020_005_Login	1686563530723	1686563531186	OK	 
REQUEST	1	XUI_020_Login	XUI_020_005_Login Redirect 1	1686563531187	1686563532649	OK	 
REQUEST	1	XUI_020_Login	XUI_020_005_Login Redirect 2	1686563532650	1686563532794	OK	 
REQUEST	1	XUI_020_Login	XUI_Common_000_ConfigurationUI	1686563568389	1686563568703	OK	 
REQUEST	1	XUI_020_Login	XUI_Common_000_ConfigJson	1686563568706	1686563568741	OK	 
REQUEST	1	XUI_020_Login	XUI_Common_000_TsAndCs	1686563568742	1686563568827	OK	 
REQUEST	1	XUI_020_Login	XUI_Common_000_ConfigUI	1686563568828	1686563569056	OK	 
REQUEST	1	XUI_020_Login	XUI_Common_000_UserDetails	1686563569058	1686563569236	OK	 
REQUEST	1	XUI_020_Login	XUI_Common_000_IsAuthenticated	1686563569238	1686563569344	OK	 
REQUEST	1	XUI_020_Login	XUI_Common_000_MonitoringTools	1686563569348	1686563569431	OK	 
REQUEST	1	XUI_020_Login	XUI_Common_000_ActivityOptions	1686563569466	1686563569572	KO	status.find.in(200,304,403), but actually found 404
GROUP	1	XUI_020_Login	1686563530720	1686563569576	38795	KO
USER	***** Private Law Create Case *****	1	END	1686563517887	1686563569579
