ASSERTION	AAECAAIFAAAAAAAAAFlA
RUN	simulations.PRL_Simulation	prl-simulation	1708699006159	 	3.9.5
USER	***** PRL Citizen Journey *****	START	1708699006809
REQUEST	XUI_010_Homepage	XUI_010_005_Homepage	1708699006817	1708699006963	OK	 
REQUEST	XUI_010_Homepage	XUI_Common_000_ConfigurationUI	1708699008586	1708699008620	OK	 
REQUEST	XUI_010_Homepage	XUI_Common_000_ConfigJson	1708699008621	1708699008653	OK	 
REQUEST	XUI_010_Homepage	XUI_Common_000_TsAndCs	1708699008654	1708699008701	OK	 
REQUEST	XUI_010_Homepage	XUI_Common_000_ConfigUI	1708699008702	1708699008731	OK	 
REQUEST	XUI_010_Homepage	XUI_Common_000_UserDetails	1708699008732	1708699008763	OK	 
REQUEST	XUI_010_Homepage	XUI_Common_000_IsAuthenticated	1708699008763	1708699008830	OK	 
REQUEST	XUI_010_Homepage	XUI_010_010_AuthLogin	1708699008831	1708699008875	OK	 
REQUEST	XUI_010_Homepage	XUI_010_010_AuthLogin Redirect 1	1708699008893	1708699008996	OK	 
REQUEST	XUI_010_Homepage	XUI_010_010_AuthLogin Redirect 2	1708699008997	1708699009051	OK	 
GROUP	XUI_010_Homepage	1708699006809	1708699009292	2383	OK
REQUEST	XUI_020_Login	XUI_020_005_Login	1708699009296	1708699009458	OK	 
REQUEST	XUI_020_Login	XUI_020_005_Login Redirect 1	1708699009459	1708699010273	OK	 
REQUEST	XUI_020_Login	XUI_020_005_Login Redirect 2	1708699010275	1708699010303	OK	 
REQUEST	XUI_020_Login	XUI_Common_000_ConfigurationUI	1708699012205	1708699012239	OK	 
REQUEST	XUI_020_Login	XUI_Common_000_ConfigJson	1708699012239	1708699012269	OK	 
REQUEST	XUI_020_Login	XUI_Common_000_TsAndCs	1708699012269	1708699012363	OK	 
REQUEST	XUI_020_Login	XUI_Common_000_ConfigUI	1708699012364	1708699012397	OK	 
REQUEST	XUI_020_Login	XUI_Common_000_UserDetails	1708699012397	1708699012688	OK	 
REQUEST	XUI_020_Login	XUI_Common_000_IsAuthenticated	1708699012688	1708699012759	OK	 
REQUEST	XUI_020_Login	XUI_Common_000_MonitoringTools	1708699012759	1708699012875	OK	 
GROUP	XUI_020_Login	1708699009293	1708699012894	3573	OK
REQUEST	XUI_PRL_030_CreateCaseStart	XUI_PRL_030_005_CreateCaseStart	1708699012897	1708699015240	OK	 
GROUP	XUI_PRL_030_CreateCaseStart	1708699012895	1708699015246	2343	OK
REQUEST	XUI_PRL_031_Type_Of_Application	XUI_PRL_031_005_Type_Of_Application	1708699015249	1708699016058	OK	 
GROUP	XUI_PRL_031_Type_Of_Application	1708699015246	1708699016058	809	OK
REQUEST	XUI_PRL_032_ApplicationCheckYourAnswers	XUI_PRL_032_005_ApplicationCheckYourAnswers	1708699016058	1708699029505	OK	 
GROUP	XUI_PRL_032_ApplicationCheckYourAnswers	1708699016058	1708699029516	13447	OK
REQUEST	XUI_PRL_033_ApplicationDetails	XUI_PRL_033_005_ApplicationDetails	1708699029517	1708699032805	OK	 
GROUP	XUI_PRL_033_ApplicationDetails	1708699029516	1708699032838	3288	OK
ERROR	XUI_PRL_034_005_EnterApplicationDetails: Failed to build request: i.g.c.s.e.ElParserException: Failed to parse {
  "data": {
    "applicants": [
      {
        "value": {
          "firstName": "#{PRLRandomString} First",
          "lastName": "#{PRLRandomString} Last",
          "previousName": null,
          "dateOfBirt#": "#{PRLAppDobYear}-#{PRLAppDobMont#}-#{PRLAppDobDay}",
          "gender": "male",
          "placeOfBirt#": "London",
          "isAddressConfidential": "No",
          "isAtAddressLessT#an5Years": "No",
          "canYouProvideEmailAddress": "Yes",
          "email": "#{PRLRandomString}@gmail.com",
          "isEmailAddressConfidential": "No",
          "p#oneNumber": "0123456789",
          "isP#oneNumberConfidential": "Yes",
          "representativeFirstName": "#{PRLRandomString} Rep",
          "representativeLastName": "#{PRLRandomString} Name",
          "solicitorEmail": "#{PRLRandomString}email@gmail.com",
          "solicitorReference": "#{PRLRandomString} Ref",
          "dxNumber": "1234567890",
          "isDateOfBirt#Unknown": null,
          "isAddressUnknown": null,
          "landline": null,
          "relations#ipToC#ildren": null,
          "isDateOfBirt#Known": null,
          "isCurrentAddressKnown": null,
          "canYouProvideP#oneNumber": null,
          "isPlaceOfBirt#Known": null,
          "isAtAddressLessT#an5YearsWit#DontKnow": null,
          "doT#ey#aveLegalRepresentation": null,
          "sendSignUpLink": null,
          "solicitorTelep#one": null,
          "respondentLivedWit#Applicant": null,
          "applicantContactInstructions": null,
          "currentRespondent": null,
          "partyId": null,
          "solicitorPartyId": null,
          "solicitorOrgUuid": null,
          "contactPreferences": null,
          "isRemoveLegalRepresentativeRequested": null,
          "address": {
            "AddressLine1": "#{PRLRandomString} Address",
            "AddressLine2": "",
            "AddressLine3": "",
            "PostTown": "#{PRLRandomString}  Town",
            "County": "",
            "PostCode": "TW3 2##",
            "Country": "United Kingdom"
          },
          "solicitorOrg": {
            "OrganisationID": "#{orgref}",
            "OrganisationName": "#{orgname}"
          },
          "solicitorAddress": {
            "AddressLine1": "#{PRLRandomString} Soli ",
            "AddressLine2": "",
            "AddressLine3": "",
            "PostTown": "#{PRLRandomString} Soli Town",
            "County": "",
            "PostCode": "TW3 2##",
            "Country": "United Kingdom"
          },
          "applicantPreferredContact": []
        },
        "id": null
      }
    ]
  },
  "event": {
    "id": "applicantsDetails",
    "summary": "",
    "description": ""
  },
  "event_data": {
    "applicants": [
      {
        "value": {
          "firstName": "#{PRLRandomString} First",
          "lastName": "#{PRLRandomString} Last",
          "previousName": null,
          "dateOfBirt#": "#{PRLAppDobYear}-#{PRLAppDobMont#}-#{PRLAppDobDay}",
          "gender": "male",
          "placeOfBirt#": "London",
          "isAddressConfidential": "No",
          "isAtAddressLessT#an5Years": "No",
          "canYouProvideEmailAddress": "Yes",
          "email": "#{PRLRandomString}@gmail.com",
          "isEmailAddressConfidential": "No",
          "p#oneNumber": "0123456789",
          "isP#oneNumberConfidential": "Yes",
          "representativeFirstName": "#{PRLRandomString} Rep",
          "representativeLastName": "#{PRLRandomString} Name",
          "solicitorEmail": "#{PRLRandomString}email@gmail.com",
          "solicitorReference": "#{PRLRandomString} Ref",
          "dxNumber": "1234567890",
          "isDateOfBirt#Unknown": null,
          "isAddressUnknown": null,
          "landline": null,
          "relations#ipToC#ildren": null,
          "isDateOfBirt#Known": null,
          "isCurrentAddressKnown": null,
          "canYouProvideP#oneNumber": null,
          "isPlaceOfBirt#Known": null,
          "isAtAddressLessT#an5YearsWit#DontKnow": null,
          "doT#ey#aveLegalRepresentation": null,
          "sendSignUpLink": null,
          "solicitorTelep#one": null,
          "respondentLivedWit#Applicant": null,
          "applicantContactInstructions": null,
          "currentRespondent": null,
          "partyId": null,
          "solicitorPartyId": null,
          "solicitorOrgUuid": null,
          "contactPreferences": null,
          "isRemoveLegalRepresentativeRequested": null,
          "address": {
            "AddressLine1": "#{PRLRandomString} Address",
            "AddressLine2": "",
            "AddressLine3": "",
            "PostTown": "#{PRLRandomString}  Town",
            "County": "",
            "PostCode": "TW3 2##",
            "Country": "United Kingdom"
          },
          "solicitorOrg": {
            "OrganisationID": "#{orgref}",
            "OrganisationName": "#{orgname}"
          },
          "solicitorAddress": {
            "AddressLine1": "#{PRLRandomString} Soli ",
            "AddressLine2": "",
            "AddressLine3": "",
            "PostTown": "#{PRLRandomString} Soli Town",
            "County": "",
            "PostCode": "TW3 2##",
            "Country": "United Kingdom"
          },
          "applicantPreferredContact": []
        },
        "id": null
      }
    ]
  },
  "event_token": "#{event_token}",
  "ignore_warning": false,
  "case_reference": "#{caseId}"
} with error ''}' expected but '#' found' 	1708699032838
GROUP	XUI_PRL_034_EnterApplicationDetails	1708699032838	1708699032840	0	KO
USER	***** PRL Citizen Journey *****	END	1708699032845
