ASSERTION	AAECAAIFAAAAAAAAAFlA
RUN	simulations.PRL_Simulation	prl-simulation	1702987771371	 	3.9.5
USER	***** PRL Case Flags 2.1 Journey *****	START	1702987772139
REQUEST	XUI_010_Homepage	XUI_010_005_Homepage	1702987772148	1702987772306	OK	 
REQUEST	XUI_010_Homepage	XUI_Common_000_ConfigurationUI	1702987786496	1702987786534	OK	 
REQUEST	XUI_010_Homepage	XUI_Common_000_ConfigJson	1702987786536	1702987786566	OK	 
REQUEST	XUI_010_Homepage	XUI_Common_000_TsAndCs	1702987786567	1702987786612	OK	 
REQUEST	XUI_010_Homepage	XUI_Common_000_ConfigUI	1702987786613	1702987786657	OK	 
REQUEST	XUI_010_Homepage	XUI_Common_000_UserDetails	1702987786658	1702987786691	OK	 
REQUEST	XUI_010_Homepage	XUI_Common_000_IsAuthenticated	1702987786691	1702987786720	OK	 
REQUEST	XUI_010_Homepage	XUI_010_010_AuthLogin	1702987786722	1702987786759	OK	 
REQUEST	XUI_010_Homepage	XUI_010_010_AuthLogin Redirect 1	1702987786761	1702987787114	OK	 
REQUEST	XUI_010_Homepage	XUI_010_010_AuthLogin Redirect 2	1702987787115	1702987787280	OK	 
GROUP	XUI_010_Homepage	1702987772140	1702987788322	16080	OK
REQUEST	XUI_020_Login	XUI_020_005_Login	1702987788334	1702987788705	OK	 
REQUEST	XUI_020_Login	XUI_020_005_Login Redirect 1	1702987788707	1702987789551	OK	 
REQUEST	XUI_020_Login	XUI_020_005_Login Redirect 2	1702987789556	1702987789603	OK	 
REQUEST	XUI_020_Login	XUI_Common_000_ConfigurationUI	1702987803910	1702987803972	OK	 
REQUEST	XUI_020_Login	XUI_Common_000_ConfigJson	1702987803973	1702987804014	OK	 
REQUEST	XUI_020_Login	XUI_Common_000_TsAndCs	1702987804016	1702987804054	OK	 
REQUEST	XUI_020_Login	XUI_Common_000_ConfigUI	1702987804056	1702987804084	OK	 
REQUEST	XUI_020_Login	XUI_Common_000_UserDetails	1702987804086	1702987804668	OK	 
REQUEST	XUI_020_Login	XUI_Common_000_IsAuthenticated	1702987804671	1702987804747	OK	 
REQUEST	XUI_020_Login	XUI_Common_000_MonitoringTools	1702987804749	1702987804807	OK	 
GROUP	XUI_020_Login	1702987788322	1702987804840	16449	OK
GROUP	XUI_PRL_030_CreateCaseStart	1702987804841	1702987804843	0	OK
REQUEST	XUI_PRL_040_RequestSupport	XUI_PRL_040_005_RequestSupport	1702987804843	1702987805936	OK	 
REQUEST	XUI_PRL_040_RequestSupport	XUI_PRL_040_010_RequestSupport	1702987805937	1702987809218	OK	 
GROUP	XUI_PRL_040_RequestSupport	1702987804843	1702987809275	4374	OK
REQUEST	XUI_PRL_050_WhereFlagAdded	XUI_PRL_050_005_WhereFlagAdded	1702987809276	1702987810123	OK	 
REQUEST	XUI_PRL_050_WhereFlagAdded	XUI_PRL_050_010_WhereFlagAdded	1702987810125	1702987810989	OK	 
GROUP	XUI_PRL_050_WhereFlagAdded	1702987809275	1702987810991	1711	OK
REQUEST	XUI_PRL_070_RequestSupportSubmit	XUI_PRL_070_005_RequestSupportSubmit	1702987810995	1702987813489	OK	 
GROUP	XUI_PRL_070_RequestSupportSubmit	1702987810991	1702987813493	2494	OK
REQUEST	XUI_PRL_080_RequestSupport2	XUI_PRL_080_005_RequestSupport2	1702987813497	1702987814484	OK	 
REQUEST	XUI_PRL_080_RequestSupport2	XUI_PRL_080_010_RequestSupport2	1702987814488	1702987817522	OK	 
GROUP	XUI_PRL_080_RequestSupport2	1702987813493	1702987817556	4021	OK
REQUEST	XUI_PRL_090_WhereFlagAdded2	XUI_PRL_090_005_WhereFlagAdded2	1702987817557	1702987817891	OK	 
REQUEST	XUI_PRL_090_WhereFlagAdded2	XUI_PRL_090_010_WhereFlagAdded2	1702987817892	1702987818549	OK	 
GROUP	XUI_PRL_090_WhereFlagAdded2	1702987817556	1702987818551	991	OK
REQUEST	XUI_PRL_100_RequestSupportSubmit2	XUI_PRL_100_005_RequestSupportSubmit2	1702987818555	1702987822429	OK	 
GROUP	XUI_PRL_100_RequestSupportSubmit2	1702987818553	1702987822433	3874	OK
REQUEST	XUI_PRL_080_RequestSupport3	XUI_PRL_080_005_RequestSupport3	1702987822434	1702987823365	OK	 
REQUEST	XUI_PRL_080_RequestSupport3	XUI_PRL_080_010_RequestSupport3	1702987823367	1702987826574	OK	 
GROUP	XUI_PRL_080_RequestSupport3	1702987822433	1702987826597	4138	OK
REQUEST	XUI_PRL_090_WhereFlagAdded3	XUI_PRL_090_005_WhereFlagAdded3	1702987826597	1702987827697	OK	 
REQUEST	XUI_PRL_090_WhereFlagAdded3	XUI_PRL_090_010_WhereFlagAdded3	1702987827699	1702987828020	OK	 
GROUP	XUI_PRL_090_WhereFlagAdded3	1702987826597	1702987828023	1421	OK
REQUEST	XUI_PRL_100_RequestSupportSubmit3	XUI_PRL_100_005_RequestSupportSubmit2	1702987828025	1702987833075	OK	 
GROUP	XUI_PRL_100_RequestSupportSubmit3	1702987828023	1702987833083	5050	OK
REQUEST	XUI_PRL_080_RequestSupport4	XUI_PRL_080_005_RequestSupport4	1702987833084	1702987833469	OK	 
REQUEST	XUI_PRL_080_RequestSupport4	XUI_PRL_080_010_RequestSupport4	1702987833471	1702987836748	OK	 
GROUP	XUI_PRL_080_RequestSupport4	1702987833083	1702987836772	3662	OK
REQUEST	XUI_PRL_090_WhereFlagAdded4	XUI_PRL_090_005_WhereFlagAdded4	1702987836772	1702987837057	OK	 
REQUEST	XUI_PRL_090_WhereFlagAdded4	XUI_PRL_090_010_WhereFlagAdded4	1702987837059	1702987837991	OK	 
GROUP	XUI_PRL_090_WhereFlagAdded4	1702987836772	1702987837992	1217	OK
REQUEST	XUI_PRL_100_RequestSupportSubmit4	XUI_PRL_100_005_RequestSupportSubmit4	1702987837993	1702987841977	OK	 
GROUP	XUI_PRL_100_RequestSupportSubmit4	1702987837992	1702987841978	3984	OK
REQUEST	XUI_PRL_080_RequestSupport5	XUI_PRL_080_005_RequestSupport5	1702987841979	1702987842803	OK	 
REQUEST	XUI_PRL_080_RequestSupport5	XUI_PRL_080_010_RequestSupport5	1702987842805	1702987845533	OK	 
GROUP	XUI_PRL_080_RequestSupport5	1702987841978	1702987845557	3552	OK
REQUEST	XUI_PRL_090_WhereFlagAdded5	XUI_PRL_090_005_WhereFlagAdded5	1702987845557	1702987845847	OK	 
REQUEST	XUI_PRL_090_WhereFlagAdded5	XUI_PRL_090_010_WhereFlagAdded5	1702987845849	1702987846197	OK	 
GROUP	XUI_PRL_090_WhereFlagAdded5	1702987845557	1702987846198	638	OK
REQUEST	XUI_PRL_100_RequestSupportSubmit5	XUI_PRL_100_005_RequestSupportSubmit4	1702987846199	1702987848754	OK	 
GROUP	XUI_PRL_100_RequestSupportSubmit5	1702987846198	1702987848755	2555	OK
GROUP	XUI_PRL_030_CreateCaseStart	1702987848755	1702987848755	0	OK
REQUEST	XUI_PRL_040_ManageSupport	XUI_PRL_040_005_RequestSupport	1702987848756	1702987849673	OK	 
REQUEST	XUI_PRL_040_ManageSupport	XUI_PRL_040_010_RequestSupport	1702987849674	1702987853621	OK	 
GROUP	XUI_PRL_040_ManageSupport	1702987848755	1702987853646	4864	OK
REQUEST	XUI_PRL_070_ManageSupportSubmitSol	XUI_PRL_070_005_ManageSupportSubmitSol	1702987853647	1702987855556	OK	 
GROUP	XUI_PRL_070_ManageSupportSubmitSol	1702987853646	1702987855559	1909	OK
REQUEST	XUI_010_Homepage	XUI_010_005_Homepage	1702987855559	1702987855608	OK	 
REQUEST	XUI_010_Homepage	XUI_Common_000_ConfigurationUI	1702987862322	1702987862360	OK	 
REQUEST	XUI_010_Homepage	XUI_Common_000_ConfigJson	1702987862362	1702987862397	OK	 
REQUEST	XUI_010_Homepage	XUI_Common_000_TsAndCs	1702987862398	1702987862427	OK	 
REQUEST	XUI_010_Homepage	XUI_Common_000_ConfigUI	1702987862429	1702987862457	OK	 
REQUEST	XUI_010_Homepage	XUI_Common_000_UserDetails	1702987862458	1702987862487	OK	 
REQUEST	XUI_010_Homepage	XUI_Common_000_IsAuthenticated	1702987862488	1702987862517	OK	 
REQUEST	XUI_010_Homepage	XUI_010_010_AuthLogin	1702987862518	1702987862549	OK	 
REQUEST	XUI_010_Homepage	XUI_010_010_AuthLogin Redirect 1	1702987862550	1702987862653	OK	 
REQUEST	XUI_010_Homepage	XUI_010_010_AuthLogin Redirect 2	1702987862654	1702987862749	OK	 
GROUP	XUI_010_Homepage	1702987855559	1702987863474	7893	OK
REQUEST	XUI_020_LoginCa	XUI_020_005_LoginCa	1702987863475	1702987863580	OK	 
REQUEST	XUI_020_LoginCa	XUI_020_005_LoginCa Redirect 1	1702987863581	1702987864277	OK	 
REQUEST	XUI_020_LoginCa	XUI_020_005_LoginCa Redirect 2	1702987864278	1702987864317	OK	 
REQUEST	XUI_020_LoginCa	XUI_Common_000_ConfigurationUI	1702987878122	1702987878164	OK	 
REQUEST	XUI_020_LoginCa	XUI_Common_000_ConfigJson	1702987878165	1702987878240	OK	 
REQUEST	XUI_020_LoginCa	XUI_Common_000_TsAndCs	1702987878244	1702987878352	OK	 
REQUEST	XUI_020_LoginCa	XUI_Common_000_ConfigUI	1702987878353	1702987878412	OK	 
REQUEST	XUI_020_LoginCa	XUI_Common_000_UserDetails	1702987878415	1702987878870	OK	 
REQUEST	XUI_020_LoginCa	XUI_Common_000_IsAuthenticated	1702987878872	1702987878909	OK	 
REQUEST	XUI_020_LoginCa	XUI_Common_000_MonitoringTools	1702987878910	1702987878955	OK	 
GROUP	XUI_020_LoginCa	1702987863474	1702987878956	15464	OK
GROUP	XUI_PRL_030_CreateCaseStart	1702987878956	1702987878957	0	OK
REQUEST	XUI_PRL_040_ManageSupportFlags	XUI_PRL_040_005_ManageSupportFlags	1702987878958	1702987880050	OK	 
REQUEST	XUI_PRL_040_ManageSupportFlags	XUI_PRL_040_010_RequestSupport	1702987880053	1702987886221	OK	 
GROUP	XUI_PRL_040_ManageSupportFlags	1702987878957	1702987886333	7260	OK
REQUEST	XUI_PRL_050_SubmitSupportChange	XUI_PRL_050_005_SubmitSupportChange	1702987886334	1702987889817	OK	 
GROUP	XUI_PRL_050_SubmitSupportChange	1702987886333	1702987889818	3483	OK
GROUP	XUI_PRL_030_CreateCaseStart	1702987889818	1702987889818	0	OK
REQUEST	XUI_PRL_040_RequestSupport	XUI_PRL_040_005_RequestSupport	1702987889819	1702987890594	OK	 
REQUEST	XUI_PRL_040_RequestSupport	XUI_PRL_040_010_RequestSupport	1702987890596	1702987897677	KO	substring(c100RequestSupport).find.exists, found nothing
GROUP	XUI_PRL_040_RequestSupport	1702987889818	1702987897762	7856	KO
USER	***** PRL Case Flags 2.1 Journey *****	END	1702987897765
