ASSERTION	AAECAAMFAAAAAAAAAFlA
RUN	simulations.PRL_Simulation	prl-simulation	1686734467239	 	3.3.1
USER	***** Private Law Create Case *****	1	START	1686734467735	1686734467735
REQUEST	1	XUI_010_Homepage	XUI_010_005_Homepage	1686734467748	1686734468203	OK	 
REQUEST	1	XUI_010_Homepage	XUI_Common_000_ConfigurationUI	1686734468241	1686734468978	OK	 
REQUEST	1	XUI_010_Homepage	XUI_Common_000_ConfigJson	1686734468988	1686734469058	OK	 
REQUEST	1	XUI_010_Homepage	XUI_Common_000_TsAndCs	1686734469060	1686734469119	OK	 
REQUEST	1	XUI_010_Homepage	XUI_Common_000_ConfigUI	1686734469120	1686734469178	OK	 
REQUEST	1	XUI_010_Homepage	XUI_Common_000_UserDetails	1686734469179	1686734469238	OK	 
REQUEST	1	XUI_010_Homepage	XUI_Common_000_IsAuthenticated	1686734469239	1686734469317	OK	 
REQUEST	1	XUI_010_Homepage	XUI_010_010_AuthLogin	1686734469320	1686734469374	OK	 
REQUEST	1	XUI_010_Homepage	XUI_010_010_AuthLogin Redirect 1	1686734469377	1686734469531	OK	 
REQUEST	1	XUI_010_Homepage	XUI_010_010_AuthLogin Redirect 2	1686734469532	1686734469699	OK	 
GROUP	1	XUI_010_Homepage	1686734467739	1686734474786	6933	OK
REQUEST	1	XUI_020_Login	XUI_020_005_Login	1686734474790	1686734475074	OK	 
REQUEST	1	XUI_020_Login	XUI_020_005_Login Redirect 1	1686734475075	1686734476878	OK	 
REQUEST	1	XUI_020_Login	XUI_020_005_Login Redirect 2	1686734476879	1686734477252	OK	 
REQUEST	1	XUI_020_Login	XUI_Common_000_ConfigurationUI	1686734507961	1686734508358	OK	 
REQUEST	1	XUI_020_Login	XUI_Common_000_ConfigJson	1686734508359	1686734508621	OK	 
REQUEST	1	XUI_020_Login	XUI_Common_000_TsAndCs	1686734508622	1686734508802	OK	 
REQUEST	1	XUI_020_Login	XUI_Common_000_ConfigUI	1686734508803	1686734508959	OK	 
REQUEST	1	XUI_020_Login	XUI_Common_000_UserDetails	1686734508959	1686734509557	OK	 
REQUEST	1	XUI_020_Login	XUI_Common_000_IsAuthenticated	1686734509558	1686734509703	OK	 
REQUEST	1	XUI_020_Login	XUI_Common_000_MonitoringTools	1686734509706	1686734509864	OK	 
GROUP	1	XUI_020_Login	1686734474786	1686734509886	35060	OK
REQUEST	1	XUI_PRL_030_CreateCaseStart	XUI_PRL_030_005_CreateCaseStart	1686734509894	1686734512089	KO	jsonPath($.event_token).find.exists preparation crashed: Jackson failed to parse into a valid AST: c.f.j.c.JsonParseException: Unexpected character ('<' (code 60)): expected a valid value (JSON String, Number, Array, Object or token 'null', 'true' or 'false')  at [Source: (io.netty.buffer.ByteBufInputStream); line: 1, column: 2]
GROUP	1	XUI_PRL_030_CreateCaseStart	1686734509886	1686734512095	2195	KO
USER	***** Private Law Create Case *****	1	END	1686734467735	1686734512098
