ASSERTION	AAECAAIFAAAAAAAAAFlA
RUN	simulations.PRL_Simulation	prl-simulation	1706788695778	 	3.9.5
USER	***** PRL Citizen Journey *****	START	1706788696338
REQUEST	XUI_010_Homepage	XUI_010_005_Homepage	1706788696346	1706788696440	OK	 
REQUEST	XUI_010_Homepage	XUI_Common_000_ConfigurationUI	1706788697505	1706788697531	OK	 
REQUEST	XUI_010_Homepage	XUI_Common_000_ConfigJson	1706788697532	1706788697567	OK	 
REQUEST	XUI_010_Homepage	XUI_Common_000_TsAndCs	1706788697567	1706788697605	OK	 
REQUEST	XUI_010_Homepage	XUI_Common_000_ConfigUI	1706788697608	1706788697635	OK	 
REQUEST	XUI_010_Homepage	XUI_Common_000_UserDetails	1706788697636	1706788697664	OK	 
REQUEST	XUI_010_Homepage	XUI_Common_000_IsAuthenticated	1706788697664	1706788697690	OK	 
REQUEST	XUI_010_Homepage	XUI_010_010_AuthLogin	1706788697692	1706788697725	OK	 
REQUEST	XUI_010_Homepage	XUI_010_010_AuthLogin Redirect 1	1706788697728	1706788697821	OK	 
REQUEST	XUI_010_Homepage	XUI_010_010_AuthLogin Redirect 2	1706788697823	1706788697864	OK	 
GROUP	XUI_010_Homepage	1706788696338	1706788698077	1636	OK
REQUEST	XUI_020_Login	XUI_020_005_Login	1706788698079	1706788698248	OK	 
REQUEST	XUI_020_Login	XUI_020_005_Login Redirect 1	1706788698250	1706788698848	OK	 
REQUEST	XUI_020_Login	XUI_020_005_Login Redirect 2	1706788698854	1706788698890	OK	 
REQUEST	XUI_020_Login	XUI_Common_000_ConfigurationUI	1706788700010	1706788700043	OK	 
REQUEST	XUI_020_Login	XUI_Common_000_ConfigJson	1706788700044	1706788700076	OK	 
REQUEST	XUI_020_Login	XUI_Common_000_TsAndCs	1706788700076	1706788700106	OK	 
REQUEST	XUI_020_Login	XUI_Common_000_ConfigUI	1706788700106	1706788700134	OK	 
REQUEST	XUI_020_Login	XUI_Common_000_UserDetails	1706788700134	1706788700574	OK	 
REQUEST	XUI_020_Login	XUI_Common_000_IsAuthenticated	1706788700579	1706788700636	OK	 
REQUEST	XUI_020_Login	XUI_Common_000_MonitoringTools	1706788700637	1706788700753	OK	 
GROUP	XUI_020_Login	1706788698077	1706788700799	2654	OK
REQUEST	XUI_PRL_030_CreateCaseStart	XUI_PRL_030_005_CreateCaseStart	1706788700803	1706788704906	OK	 
GROUP	XUI_PRL_030_CreateCaseStart	1706788700800	1706788704930	4103	OK
REQUEST	XUI_PRL_031_Type_Of_Application	XUI_PRL_031_005_Type_Of_Application	1706788704934	1706788706232	OK	 
GROUP	XUI_PRL_031_Type_Of_Application	1706788704930	1706788706238	1298	OK
REQUEST	XUI_PRL_032_ApplicationCheckYourAnswers	XUI_PRL_032_005_ApplicationCheckYourAnswers	1706788706240	1706788721258	OK	 
GROUP	XUI_PRL_032_ApplicationCheckYourAnswers	1706788706239	1706788721277	15018	OK
REQUEST	XUI_PRL_033_ApplicationDetails	XUI_PRL_033_005_ApplicationDetails	1706788721277	1706788723560	OK	 
GROUP	XUI_PRL_033_ApplicationDetails	1706788721277	1706788723617	2283	OK
REQUEST	XUI_PRL_034_EnterApplicationDetails	XUI_PRL_034_005_EnterApplicationDetails	1706788723617	1706788724850	OK	 
GROUP	XUI_PRL_034_EnterApplicationDetails	1706788723617	1706788724851	1233	OK
REQUEST	XUI_PRL_035_SubmitApplicationDetails	XUI_PRL_035_005_SubmitApplicationDetails	1706788724852	1706788732046	OK	 
GROUP	XUI_PRL_035_SubmitApplicationDetails	1706788724851	1706788732048	7194	OK
REQUEST	XUI_PRL_036_SubmitAndPay	XUI_PRL_036_005_SubmitAndPay	1706788732048	1706788742071	OK	 
GROUP	XUI_PRL_036_SubmitAndPay	1706788732048	1706788742079	10023	OK
REQUEST	XUI_PRL_037_ConfidentialityStatement	XUI_PRL_037_005_ConfidentialityStatement	1706788742080	1706788742536	OK	 
GROUP	XUI_PRL_037_ConfidentialityStatement	1706788742079	1706788742537	456	OK
REQUEST	XUI_PRL_038_Declaration	XUI_PRL_038_005_Declaration	1706788742538	1706788744014	OK	 
GROUP	XUI_PRL_038_Declaration	1706788742537	1706788744014	1476	OK
REQUEST	XUI_PRL_039_Continue	XUI_PRL_039_005_Continue	1706788744015	1706788745512	OK	 
GROUP	XUI_PRL_039_Continue	1706788744014	1706788745516	1497	OK
REQUEST	XUI_PRL_040_Continue	XUI_PRL_039_005_Continue	1706788745517	1706788752639	OK	 
GROUP	XUI_PRL_040_Continue	1706788745516	1706788752656	7122	OK
REQUEST	XUI_PRL_041_DummyPaymentConfirmation 	XUI_PRL_041_005_DummyPaymentConfirmation 	1706788752657	1706788753850	OK	 
GROUP	XUI_PRL_041_DummyPaymentConfirmation 	1706788752656	1706788753852	1193	OK
REQUEST	XUI_PRL_042_PaymentOption	XUI_PRL_042_005_PaymentOption	1706788753854	1706788754730	OK	 
GROUP	XUI_PRL_042_PaymentOption	1706788753852	1706788754738	876	OK
REQUEST	XUI_PRL_043_PaymentOption	XUI_PRL_043_005_PaymentOption	1706788754739	1706788754905	OK	 
REQUEST	XUI_PRL_043_PaymentOption	XUI_PRL_043_005_PaymentOption Redirect 1	1706788754908	1706788755007	OK	 
GROUP	XUI_PRL_043_PaymentOption	1706788754738	1706788755204	448	OK
REQUEST	XUI_PRL_044_CardDetails	XUI_PRL_044_005_CardDetails	1706788755204	1706788755330	OK	 
REQUEST	XUI_PRL_044_CardDetails	XUI_PRL_044_005_CardDetails Redirect 1	1706788755331	1706788755394	OK	 
GROUP	XUI_PRL_044_CardDetails	1706788755204	1706788755411	190	OK
REQUEST	XUI_PRL_045_ConfirmPayment	XUI_PRL_045_005_ConfirmPayment	1706788755412	1706788755499	OK	 
REQUEST	XUI_PRL_045_ConfirmPayment	XUI_PRL_045_005_ConfirmPayment Redirect 1	1706788755500	1706788755550	OK	 
REQUEST	XUI_PRL_045_ConfirmPayment	XUI_PRL_045_005_ConfirmPayment Redirect 2	1706788755570	1706788757330	OK	 
GROUP	XUI_PRL_045_ConfirmPayment	1706788755411	1706788757483	2040	OK
USER	***** PRL Citizen Journey *****	END	1706788757487
