ASSERTION	AAECAAIFAAAAAAAAAFlA
RUN	simulations.PRL_Simulation	prl-simulation	1702998293278	 	3.9.5
USER	***** PRL Case Flags 2.1 Journey *****	START	1702998293729
REQUEST	XUI_010_Homepage	XUI_010_005_Homepage	1702998293737	1702998294213	OK	 
REQUEST	XUI_010_Homepage	XUI_Common_000_ConfigurationUI	1702998308789	1702998308822	OK	 
REQUEST	XUI_010_Homepage	XUI_Common_000_ConfigJson	1702998308825	1702998308879	OK	 
REQUEST	XUI_010_Homepage	XUI_Common_000_TsAndCs	1702998308881	1702998308919	OK	 
REQUEST	XUI_010_Homepage	XUI_Common_000_ConfigUI	1702998308920	1702998308978	OK	 
REQUEST	XUI_010_Homepage	XUI_Common_000_UserDetails	1702998308980	1702998309222	OK	 
REQUEST	XUI_010_Homepage	XUI_Common_000_IsAuthenticated	1702998309223	1702998309253	OK	 
REQUEST	XUI_010_Homepage	XUI_010_010_AuthLogin	1702998309256	1702998309297	OK	 
REQUEST	XUI_010_Homepage	XUI_010_010_AuthLogin Redirect 1	1702998309301	1702998309393	OK	 
REQUEST	XUI_010_Homepage	XUI_010_010_AuthLogin Redirect 2	1702998309396	1702998309478	OK	 
GROUP	XUI_010_Homepage	1702998293730	1702998310566	16744	OK
REQUEST	XUI_020_Login	XUI_020_005_Login	1702998310571	1702998310728	OK	 
REQUEST	XUI_020_Login	XUI_020_005_Login Redirect 1	1702998310729	1702998311460	OK	 
REQUEST	XUI_020_Login	XUI_020_005_Login Redirect 2	1702998311464	1702998311512	OK	 
REQUEST	XUI_020_Login	XUI_Common_000_ConfigurationUI	1702998325093	1702998325188	OK	 
REQUEST	XUI_020_Login	XUI_Common_000_ConfigJson	1702998325191	1702998325243	OK	 
REQUEST	XUI_020_Login	XUI_Common_000_TsAndCs	1702998325244	1702998325285	OK	 
REQUEST	XUI_020_Login	XUI_Common_000_ConfigUI	1702998325286	1702998325354	OK	 
REQUEST	XUI_020_Login	XUI_Common_000_UserDetails	1702998325355	1702998325863	OK	 
REQUEST	XUI_020_Login	XUI_Common_000_IsAuthenticated	1702998325864	1702998325914	OK	 
REQUEST	XUI_020_Login	XUI_Common_000_MonitoringTools	1702998325916	1702998325964	OK	 
GROUP	XUI_020_Login	1702998310567	1702998325989	15372	OK
GROUP	XUI_PRL_030_CreateCaseStart	1702998325991	1702998325992	0	OK
REQUEST	XUI_PRL_040_RequestSupport	XUI_PRL_040_005_RequestSupport	1702998325992	1702998326662	OK	 
REQUEST	XUI_PRL_040_RequestSupport	XUI_PRL_040_010_RequestSupport	1702998326664	1702998327795	KO	status.find.in([200, 209], 304), found 404
GROUP	XUI_PRL_040_RequestSupport	1702998325992	1702998327814	1801	KO
USER	***** PRL Case Flags 2.1 Journey *****	END	1702998327817
