ASSERTION	AAECAAMFAAAAAAAAAFlA
RUN	simulations.PRL_Simulation	prl-simulation	1686826330422	 	3.3.1
USER	***** Private Law Create Case *****	1	START	1686826330725	1686826330725
REQUEST	1	PRL_Citizen_010_PRLHome	PRL_Citizen_010_005_PRLHome	1686826330749	1686826330876	OK	 
REQUEST	1	PRL_Citizen_010_PRLHome	PRL_Citizen_010_005_PRLHome Redirect 1	1686826330887	1686826330927	OK	 
REQUEST	1	PRL_Citizen_010_PRLHome	PRL_Citizen_010_005_PRLHome Redirect 2	1686826330928	1686826330970	OK	 
REQUEST	1	PRL_Citizen_010_PRLHome	PRL_Citizen_010_005_PRLHome Redirect 3	1686826330971	1686826331089	OK	 
GROUP	1	PRL_Citizen_010_PRLHome	1686826330730	1686826331356	541	OK
REQUEST	1	PRL_Citizen_020_Login	PRL_Citizen_020_005_Login	1686826331358	1686826331604	OK	 
REQUEST	1	PRL_Citizen_020_Login	PRL_Citizen_020_005_Login Redirect 1	1686826331606	1686826331916	OK	 
REQUEST	1	PRL_Citizen_020_Login	PRL_Citizen_020_005_Login Redirect 2	1686826331917	1686826335093	OK	 
GROUP	1	PRL_Citizen_020_Login	1686826331356	1686826335231	3862	OK
REQUEST	1	PRL_Citizen_030_C100StartApplication	PRL_Citizen_030_005_C100StartApplication	1686826335231	1686826335324	OK	 
GROUP	1	PRL_Citizen_030_C100StartApplication	1686826335231	1686826335385	149	OK
REQUEST	1	PRL_Citizen_040_StartTheApplicationC100	PRL_Citizen_040_005_StartTheApplicationC100	1686826335385	1686826335479	KO	css((input[name='_csrf'],Some(value))).find.exists, found nothing
GROUP	1	PRL_Citizen_040_StartTheApplicationC100	1686826335385	1686826335483	94	KO
REQUEST	1	XUI_999_Logout	XUI_999_005_Logout	1686826335484	1686826335590	OK	 
REQUEST	1	XUI_999_Logout	XUI_999_005_Logout Redirect 1	1686826335591	1686826335644	OK	 
GROUP	1	XUI_999_Logout	1686826335484	1686826336507	1019	OK
USER	***** Private Law Create Case *****	1	END	1686826330725	1686826336510
