ASSERTION	AAECAAIFAAAAAAAAAFlA
RUN	simulations.PRL_Simulation	prl-simulation	1706801355299	 	3.9.5
USER	***** PRL Citizen Journey *****	START	1706801355805
REQUEST	XUI_010_Homepage	XUI_010_005_Homepage	1706801355813	1706801355912	OK	 
REQUEST	XUI_010_Homepage	XUI_Common_000_ConfigurationUI	1706801356978	1706801357011	OK	 
REQUEST	XUI_010_Homepage	XUI_Common_000_ConfigJson	1706801357012	1706801357045	OK	 
REQUEST	XUI_010_Homepage	XUI_Common_000_TsAndCs	1706801357045	1706801357075	OK	 
REQUEST	XUI_010_Homepage	XUI_Common_000_ConfigUI	1706801357076	1706801357108	OK	 
REQUEST	XUI_010_Homepage	XUI_Common_000_UserDetails	1706801357108	1706801357140	OK	 
REQUEST	XUI_010_Homepage	XUI_Common_000_IsAuthenticated	1706801357140	1706801357171	OK	 
REQUEST	XUI_010_Homepage	XUI_010_010_AuthLogin	1706801357172	1706801357205	OK	 
REQUEST	XUI_010_Homepage	XUI_010_010_AuthLogin Redirect 1	1706801357207	1706801357313	OK	 
REQUEST	XUI_010_Homepage	XUI_010_010_AuthLogin Redirect 2	1706801357314	1706801357376	OK	 
GROUP	XUI_010_Homepage	1706801355805	1706801357596	1718	OK
REQUEST	XUI_020_Login	XUI_020_005_Login	1706801357604	1706801357770	OK	 
REQUEST	XUI_020_Login	XUI_020_005_Login Redirect 1	1706801357770	1706801358355	OK	 
REQUEST	XUI_020_Login	XUI_020_005_Login Redirect 2	1706801358365	1706801358397	OK	 
REQUEST	XUI_020_Login	XUI_Common_000_ConfigurationUI	1706801359554	1706801359581	OK	 
REQUEST	XUI_020_Login	XUI_Common_000_ConfigJson	1706801359582	1706801359610	OK	 
REQUEST	XUI_020_Login	XUI_Common_000_TsAndCs	1706801359612	1706801359654	OK	 
REQUEST	XUI_020_Login	XUI_Common_000_ConfigUI	1706801359656	1706801359688	OK	 
REQUEST	XUI_020_Login	XUI_Common_000_UserDetails	1706801359690	1706801360675	OK	 
REQUEST	XUI_020_Login	XUI_Common_000_IsAuthenticated	1706801360677	1706801360752	OK	 
REQUEST	XUI_020_Login	XUI_Common_000_MonitoringTools	1706801360753	1706801360832	OK	 
GROUP	XUI_020_Login	1706801357596	1706801360858	3195	OK
REQUEST	XUI_010_Homepage	XUI_010_005_Homepage	1706801360860	1706801360888	OK	 
REQUEST	XUI_010_Homepage	XUI_Common_000_ConfigurationUI	1706801361926	1706801361951	OK	 
REQUEST	XUI_010_Homepage	XUI_Common_000_ConfigJson	1706801361952	1706801361977	OK	 
REQUEST	XUI_010_Homepage	XUI_Common_000_TsAndCs	1706801361978	1706801362004	OK	 
REQUEST	XUI_010_Homepage	XUI_Common_000_ConfigUI	1706801362005	1706801362046	OK	 
REQUEST	XUI_010_Homepage	XUI_Common_000_UserDetails	1706801362047	1706801362070	OK	 
REQUEST	XUI_010_Homepage	XUI_Common_000_IsAuthenticated	1706801362072	1706801362108	OK	 
REQUEST	XUI_010_Homepage	XUI_010_010_AuthLogin	1706801362109	1706801362138	OK	 
REQUEST	XUI_010_Homepage	XUI_010_010_AuthLogin Redirect 1	1706801362139	1706801362202	OK	 
REQUEST	XUI_010_Homepage	XUI_010_010_AuthLogin Redirect 2	1706801362203	1706801362263	OK	 
GROUP	XUI_010_Homepage	1706801360860	1706801362432	1545	OK
REQUEST	XUI_020_Login	XUI_020_005_Login	1706801362433	1706801362527	OK	 
REQUEST	XUI_020_Login	XUI_020_005_Login Redirect 1	1706801362529	1706801363056	OK	 
REQUEST	XUI_020_Login	XUI_020_005_Login Redirect 2	1706801363057	1706801363085	OK	 
REQUEST	XUI_020_Login	XUI_Common_000_ConfigurationUI	1706801364123	1706801364160	OK	 
REQUEST	XUI_020_Login	XUI_Common_000_ConfigJson	1706801364164	1706801364190	OK	 
REQUEST	XUI_020_Login	XUI_Common_000_TsAndCs	1706801364195	1706801364246	OK	 
REQUEST	XUI_020_Login	XUI_Common_000_ConfigUI	1706801364249	1706801364293	OK	 
REQUEST	XUI_020_Login	XUI_Common_000_UserDetails	1706801364295	1706801364935	OK	 
REQUEST	XUI_020_Login	XUI_Common_000_IsAuthenticated	1706801364936	1706801364963	OK	 
REQUEST	XUI_020_Login	XUI_Common_000_MonitoringTools	1706801364963	1706801364990	OK	 
GROUP	XUI_020_Login	1706801362432	1706801364991	2538	OK
REQUEST	XUI_PRL_030_TaskTab	XUI_PRL_030_005_SelectIssue	1706801364993	1706801366114	OK	 
GROUP	XUI_PRL_030_TaskTab	1706801364992	1706801366137	1121	OK
REQUEST	XUI_PRL_031_AssignToMe	XUI_PRL_031_005_AssignToMe	1706801366138	1706801367871	OK	 
GROUP	XUI_PRL_031_AssignToMe	1706801366137	1706801367873	1733	OK
REQUEST	XUI_PRL_040_SelectCase	XUI_PRL_040_005_SelectIssue	1706801367884	1706801368828	KO	status.find.in([200, 209], 304), found 422
GROUP	XUI_PRL_040_SelectCase	1706801367873	1706801368896	944	KO
USER	***** PRL Citizen Journey *****	END	1706801368903
