ASSERTION	AAECAAIFAAAAAAAAAFlA
RUN	simulations.PRL_Simulation	prl-simulation	1697632196759	 	3.9.5
USER	***** Private Law Create Case *****	START	1697632197937
REQUEST	XUI_010_Homepage	XUI_010_005_Homepage	1697632197955	1697632199240	OK	 
REQUEST	XUI_010_Homepage	XUI_Common_000_ConfigurationUI	1697632219822	1697632219883	OK	 
REQUEST	XUI_010_Homepage	XUI_Common_000_ConfigJson	1697632219888	1697632219905	OK	 
REQUEST	XUI_010_Homepage	XUI_Common_000_TsAndCs	1697632219906	1697632219957	OK	 
REQUEST	XUI_010_Homepage	XUI_Common_000_ConfigUI	1697632219957	1697632220035	OK	 
REQUEST	XUI_010_Homepage	XUI_Common_000_UserDetails	1697632220036	1697632220081	OK	 
REQUEST	XUI_010_Homepage	XUI_Common_000_IsAuthenticated	1697632220082	1697632220131	OK	 
REQUEST	XUI_010_Homepage	XUI_010_010_AuthLogin	1697632220134	1697632220223	OK	 
REQUEST	XUI_010_Homepage	XUI_010_010_AuthLogin Redirect 1	1697632220225	1697632220766	OK	 
REQUEST	XUI_010_Homepage	XUI_010_010_AuthLogin Redirect 2	1697632220772	1697632220865	OK	 
GROUP	XUI_010_Homepage	1697632197938	1697632223671	25629	OK
REQUEST	XUI_020_Login	XUI_020_005_Login	1697632223673	1697632224622	OK	 
REQUEST	XUI_020_Login	XUI_020_005_Login Redirect 1	1697632224624	1697632226282	OK	 
REQUEST	XUI_020_Login	XUI_020_005_Login Redirect 2	1697632226287	1697632228500	OK	 
REQUEST	XUI_020_Login	XUI_Common_000_ConfigurationUI	1697632255357	1697632255405	OK	 
REQUEST	XUI_020_Login	XUI_Common_000_ConfigJson	1697632255406	1697632255424	OK	 
REQUEST	XUI_020_Login	XUI_Common_000_TsAndCs	1697632255424	1697632255459	OK	 
REQUEST	XUI_020_Login	XUI_Common_000_ConfigUI	1697632255460	1697632255527	OK	 
REQUEST	XUI_020_Login	XUI_Common_000_UserDetails	1697632255530	1697632256524	OK	 
REQUEST	XUI_020_Login	XUI_Common_000_IsAuthenticated	1697632256525	1697632256626	OK	 
REQUEST	XUI_020_Login	XUI_Common_000_MonitoringTools	1697632256632	1697632256735	OK	 
GROUP	XUI_020_Login	1697632223671	1697632256759	33037	OK
REQUEST	XUI_PRL_030_CreateCaseStart	XUI_PRL_030_005_CreateCaseStart	1697632256762	1697632264624	OK	 
GROUP	XUI_PRL_030_CreateCaseStart	1697632256761	1697632264634	7862	OK
REQUEST	XUI_PRL_031_Type_Of_Application	XUI_PRL_031_005_Type_Of_Application	1697632264635	1697632266392	OK	 
GROUP	XUI_PRL_031_Type_Of_Application	1697632264634	1697632266392	1757	OK
REQUEST	XUI_PRL_032_ApplicationCheckYourAnswers	XUI_PRL_032_005_ApplicationCheckYourAnswers	1697632266393	1697632292885	OK	 
GROUP	XUI_PRL_032_ApplicationCheckYourAnswers	1697632266393	1697632292894	26492	OK
REQUEST	XUI_PRL_033_ApplicationDetails	XUI_PRL_033_005_ApplicationDetails	1697632292894	1697632301970	OK	 
GROUP	XUI_PRL_033_ApplicationDetails	1697632292894	1697632301999	9076	OK
REQUEST	XUI_PRL_034_EnterApplicationDetails	XUI_PRL_034_005_EnterApplicationDetails	1697632301999	1697632303106	OK	 
GROUP	XUI_PRL_034_EnterApplicationDetails	1697632301999	1697632303108	1107	OK
REQUEST	XUI_PRL_035_SubmitApplicationDetails	XUI_PRL_035_005_SubmitApplicationDetails	1697632303109	1697632316394	OK	 
GROUP	XUI_PRL_035_SubmitApplicationDetails	1697632303108	1697632316396	13285	OK
REQUEST	XUI_PRL_036_SubmitAndPay	XUI_PRL_036_005_SubmitAndPay	1697632316397	1697632329030	OK	 
GROUP	XUI_PRL_036_SubmitAndPay	1697632316396	1697632329039	12633	OK
REQUEST	XUI_PRL_037_ConfidentialityStatement	XUI_PRL_037_005_ConfidentialityStatement	1697632329040	1697632330366	OK	 
GROUP	XUI_PRL_037_ConfidentialityStatement	1697632329039	1697632330367	1326	OK
REQUEST	XUI_PRL_038_Declaration	XUI_PRL_038_005_Declaration	1697632330372	1697632332297	OK	 
GROUP	XUI_PRL_038_Declaration	1697632330370	1697632332297	1925	OK
REQUEST	XUI_PRL_039_Continue	XUI_PRL_039_005_Continue	1697632332298	1697632334440	OK	 
GROUP	XUI_PRL_039_Continue	1697632332298	1697632334441	2142	OK
REQUEST	XUI_PRL_040_Continue	XUI_PRL_039_005_Continue	1697632334441	1697632362222	OK	 
GROUP	XUI_PRL_040_Continue	1697632334441	1697632362226	27781	OK
REQUEST	XUI_PRL_042_DummyPaymentConfirmation 	XUI_PRL_040_005_DummyPaymentConfirmation 	1697632362228	1697632365363	OK	 
GROUP	XUI_PRL_042_DummyPaymentConfirmation 	1697632362227	1697632365364	3135	OK
REQUEST	XUI_PRL_041_PaymentOption	XUI_PRL_041_005_PaymentOption	1697632365365	1697632366742	KO	headerRegex((location,\/card_details\/(.{26}))).find.exists, found nothing
GROUP	XUI_PRL_041_PaymentOption	1697632365364	1697632366754	1377	KO
USER	***** Private Law Create Case *****	END	1697632366757
