ASSERTION	AAECAAIFAAAAAAAAAFlA
RUN	simulations.PRL_Simulation	prl-simulation	1706055012543	 	3.9.5
USER	***** PRL Case Flags 2.1 Journey *****	START	1706055012968
REQUEST	XUI_010_Homepage	XUI_010_005_Homepage	1706055012978	1706055013132	OK	 
REQUEST	XUI_010_Homepage	XUI_Common_000_ConfigurationUI	1706055016069	1706055016100	OK	 
REQUEST	XUI_010_Homepage	XUI_Common_000_ConfigJson	1706055016102	1706055016140	OK	 
REQUEST	XUI_010_Homepage	XUI_Common_000_TsAndCs	1706055016146	1706055016175	OK	 
REQUEST	XUI_010_Homepage	XUI_Common_000_ConfigUI	1706055016176	1706055016210	OK	 
REQUEST	XUI_010_Homepage	XUI_Common_000_UserDetails	1706055016210	1706055016246	OK	 
REQUEST	XUI_010_Homepage	XUI_Common_000_IsAuthenticated	1706055016247	1706055016281	OK	 
REQUEST	XUI_010_Homepage	XUI_010_010_AuthLogin	1706055016282	1706055016336	OK	 
REQUEST	XUI_010_Homepage	XUI_010_010_AuthLogin Redirect 1	1706055016338	1706055016417	OK	 
REQUEST	XUI_010_Homepage	XUI_010_010_AuthLogin Redirect 2	1706055016420	1706055016456	OK	 
GROUP	XUI_010_Homepage	1706055012970	1706055016725	3666	OK
REQUEST	XUI_020_LoginCa	XUI_020_005_LoginCa	1706055016728	1706055016847	OK	 
REQUEST	XUI_020_LoginCa	XUI_020_005_LoginCa Redirect 1	1706055016848	1706055017456	OK	 
REQUEST	XUI_020_LoginCa	XUI_020_005_LoginCa Redirect 2	1706055017462	1706055017494	OK	 
REQUEST	XUI_020_LoginCa	XUI_Common_000_ConfigurationUI	1706055021198	1706055021347	OK	 
REQUEST	XUI_020_LoginCa	XUI_Common_000_ConfigJson	1706055021348	1706055021527	OK	 
REQUEST	XUI_020_LoginCa	XUI_Common_000_TsAndCs	1706055021528	1706055021686	OK	 
REQUEST	XUI_020_LoginCa	XUI_Common_000_ConfigUI	1706055021687	1706055021719	OK	 
REQUEST	XUI_020_LoginCa	XUI_Common_000_UserDetails	1706055021720	1706055022048	OK	 
REQUEST	XUI_020_LoginCa	XUI_Common_000_IsAuthenticated	1706055022050	1706055022219	OK	 
REQUEST	XUI_020_LoginCa	XUI_Common_000_MonitoringTools	1706055022220	1706055022399	OK	 
GROUP	XUI_020_LoginCa	1706055016725	1706055022435	5651	OK
REQUEST	XUI_PRL_041_SelectCase	XUI_PRL_041_005_SelectCase	1706055022435	1706055024672	OK	 
GROUP	XUI_PRL_041_SelectCase	1706055022435	1706055024673	2237	OK
REQUEST	XUI_PRL_042_SelectApplication	XUI_PRL_042_005_SelectApplication	1706055024673	1706055024708	OK	 
REQUEST	XUI_PRL_042_SelectApplication	XUI_PRL_032_010_SelectApplication	1706055024709	1706055027932	OK	 
GROUP	XUI_PRL_042_SelectApplication	1706055024673	1706055027941	3258	OK
REQUEST	XUI_PRL_043_SelectSupport	XUI_PRL_043_005_SelectSupport	1706055027942	1706055027977	OK	 
GROUP	XUI_PRL_043_SelectSupport	1706055027942	1706055027978	35	OK
REQUEST	XUI_PRL_044_SelectCaseDocuments	XUI_PRL_044_005_SelectCaseDocuments	1706055027978	1706055028018	OK	 
GROUP	XUI_PRL_044_SelectCaseDocuments	1706055027978	1706055028018	40	OK
REQUEST	XUI_PRL_045_SelectHistory	XUI_PRL_045_005_SelectHistory	1706055028019	1706055028056	OK	 
GROUP	XUI_PRL_045_SelectHistory	1706055028018	1706055028056	37	OK
REQUEST	XUI_PRL_046_SelectServiceRequest	XUI_PRL_046_005_SelectServiceRequest	1706055028057	1706055028091	OK	 
REQUEST	XUI_PRL_046_SelectServiceRequest	XUI_PRL_046_010_SelectServiceRequest	1706055028093	1706055028932	OK	 
GROUP	XUI_PRL_046_SelectServiceRequest	1706055028056	1706055028932	873	OK
REQUEST	XUI_PRL_047_SelectParties	XUI_PRL_047_005_SelectParties	1706055028933	1706055028966	OK	 
REQUEST	XUI_PRL_047_SelectParties	XUI_PRL_047_010_SelectParties	1706055028967	1706055030467	OK	 
GROUP	XUI_PRL_047_SelectParties	1706055028932	1706055030467	1533	OK
REQUEST	XUI_PRL_048_LinkedCases	XUI_PRL_048_005_LinkedCases	1706055030468	1706055030534	OK	 
REQUEST	XUI_PRL_048_LinkedCases	XUI_PRL_048_010_LinkedCases	1706055030535	1706055031745	OK	 
REQUEST	XUI_PRL_048_LinkedCases	XUI_PRL_048_015_LinkedCases	1706055031747	1706055031795	OK	 
GROUP	XUI_PRL_048_LinkedCases	1706055030467	1706055031860	1387	OK
REQUEST	XUI_PRL_049_CaseFileView	XUI_PRL_049_005_CaseFileView	1706055031861	1706055031913	OK	 
REQUEST	XUI_PRL_049_CaseFileView	XUI_PRL_049_010_CaseFileView	1706055031914	1706055041489	OK	 
GROUP	XUI_PRL_049_CaseFileView	1706055031860	1706055041489	9627	OK
USER	***** PRL Case Flags 2.1 Journey *****	END	1706055041495
