ASSERTION	AAECAAIFAAAAAAAAAFlA
RUN	simulations.PRL_Simulation	prl-simulation	1697548520987	 	3.9.5
USER	***** Private Law Create Case *****	START	1697548521529
REQUEST	XUI_010_Homepage	XUI_010_005_Homepage	1697548521552	1697548521859	OK	 
REQUEST	XUI_010_Homepage	XUI_Common_000_ConfigurationUI	1697548522492	1697548522669	OK	 
REQUEST	XUI_010_Homepage	XUI_Common_000_ConfigJson	1697548522670	1697548522682	OK	 
REQUEST	XUI_010_Homepage	XUI_Common_000_TsAndCs	1697548522683	1697548522726	OK	 
REQUEST	XUI_010_Homepage	XUI_Common_000_ConfigUI	1697548522727	1697548522767	OK	 
REQUEST	XUI_010_Homepage	XUI_Common_000_UserDetails	1697548522767	1697548522816	OK	 
REQUEST	XUI_010_Homepage	XUI_Common_000_IsAuthenticated	1697548522817	1697548522855	OK	 
REQUEST	XUI_010_Homepage	XUI_010_010_AuthLogin	1697548522857	1697548522885	OK	 
REQUEST	XUI_010_Homepage	XUI_010_010_AuthLogin Redirect 1	1697548522887	1697548523163	OK	 
REQUEST	XUI_010_Homepage	XUI_010_010_AuthLogin Redirect 2	1697548523164	1697548523272	OK	 
GROUP	XUI_010_Homepage	1697548521530	1697548523979	2333	OK
REQUEST	XUI_020_Login	XUI_020_005_Login	1697548523992	1697548524331	OK	 
REQUEST	XUI_020_Login	XUI_020_005_Login Redirect 1	1697548524332	1697548525000	OK	 
REQUEST	XUI_020_Login	XUI_020_005_Login Redirect 2	1697548525004	1697548525119	OK	 
REQUEST	XUI_020_Login	XUI_Common_000_ConfigurationUI	1697548525539	1697548525578	OK	 
REQUEST	XUI_020_Login	XUI_Common_000_ConfigJson	1697548525579	1697548525604	OK	 
REQUEST	XUI_020_Login	XUI_Common_000_TsAndCs	1697548525605	1697548525649	OK	 
REQUEST	XUI_020_Login	XUI_Common_000_ConfigUI	1697548525652	1697548525695	OK	 
REQUEST	XUI_020_Login	XUI_Common_000_UserDetails	1697548525696	1697548526327	OK	 
REQUEST	XUI_020_Login	XUI_Common_000_IsAuthenticated	1697548526328	1697548526381	OK	 
REQUEST	XUI_020_Login	XUI_Common_000_MonitoringTools	1697548526383	1697548526889	OK	 
GROUP	XUI_020_Login	1697548523980	1697548526922	2868	OK
REQUEST	XUI_PRL_030_CreateCaseStart	XUI_PRL_030_005_CreateCaseStart	1697548526925	1697548533801	OK	 
GROUP	XUI_PRL_030_CreateCaseStart	1697548526923	1697548533820	6876	OK
REQUEST	XUI_PRL_031_Type_Of_Application	XUI_PRL_031_005_Type_Of_Application	1697548533823	1697548534973	OK	 
GROUP	XUI_PRL_031_Type_Of_Application	1697548533820	1697548534974	1150	OK
REQUEST	XUI_PRL_032_ApplicationCheckYourAnswers	XUI_PRL_032_005_ApplicationCheckYourAnswers	1697548534976	1697548542132	OK	 
GROUP	XUI_PRL_032_ApplicationCheckYourAnswers	1697548534975	1697548542149	7156	OK
REQUEST	XUI_PRL_033_ApplicationDetails	XUI_PRL_033_005_ApplicationDetails	1697548542149	1697548543008	OK	 
GROUP	XUI_PRL_033_ApplicationDetails	1697548542149	1697548543047	859	OK
REQUEST	XUI_PRL_034_EnterApplicationDetails	XUI_PRL_034_005_EnterApplicationDetails	1697548543048	1697548544125	OK	 
GROUP	XUI_PRL_034_EnterApplicationDetails	1697548543047	1697548544125	1077	OK
REQUEST	XUI_PRL_035_SubmitApplicationDetails	XUI_PRL_035_005_SubmitApplicationDetails	1697548544126	1697548550661	OK	 
GROUP	XUI_PRL_035_SubmitApplicationDetails	1697548544125	1697548550665	6535	OK
REQUEST	XUI_PRL_036_SubmitAndPay	XUI_PRL_036_005_SubmitAndPay	1697548550666	1697548559016	OK	 
GROUP	XUI_PRL_036_SubmitAndPay	1697548550665	1697548559032	8350	OK
REQUEST	XUI_PRL_037_ConfidentialityStatement	XUI_PRL_037_005_ConfidentialityStatement	1697548559032	1697548560023	OK	 
GROUP	XUI_PRL_037_ConfidentialityStatement	1697548559032	1697548560024	991	OK
REQUEST	XUI_PRL_038_Declaration	XUI_PRL_038_005_Declaration	1697548560025	1697548560827	OK	 
GROUP	XUI_PRL_038_Declaration	1697548560024	1697548560828	802	OK
REQUEST	XUI_PRL_039_Continue	XUI_PRL_039_005_Continue	1697548560831	1697548562035	OK	 
GROUP	XUI_PRL_039_Continue	1697548560828	1697548562036	1204	OK
REQUEST	XUI_PRL_040_Continue	XUI_PRL_040_005_Continue	1697548562038	1697548571512	KO	status.find.in([200, 209], 304), found 409
GROUP	XUI_PRL_040_Continue	1697548562036	1697548571535	9474	KO
USER	***** Private Law Create Case *****	END	1697548571540
