ASSERTION	AAECAAMCAAAAAAAAwFdA
ASSERTION	AAMAASBYVUlfUFJMX0MxMDBfNDYwX1N1Ym1pdEFuZFBheU5vdwIAAwIAAAAAAAAAVEA=
ASSERTION	AAMAARtYVUlfUFJMX0ZMNDAxXzQ5MF9TT1RTdWJtaXQCAAMCAAAAAAAAAFRA
ASSERTION	AAMAASNQUkxfQ2l0aXplbkMxMDBfODEwXzAwNV9GaW5hbFN1Ym1pdAIAAwIAAAAAAAAAVEA=
RUN	simulations.PRL_Simulation	prl-simulation	1691404907806	 	3.3.1
USER	***** Cafcas Case data By Dates*****	1	START	1691405208097	1691405208097
REQUEST	1		CAFCAS_000_Auth	1691405208123	1691405208416	OK	 
REQUEST	1		CAFCAS_000_GetBearerToken	1691405211995	1691405212824	OK	 
REQUEST	1		CafcasAPI_000_searchCasesByDates	1691405216171	1691405237666	OK	 
USER	***** Cafcas Case data By Dates*****	1	END	1691405208097	1691405240681
USER	***** Cafcas Case data By Dates*****	2	START	1691406108087	1691406108087
REQUEST	2		CAFCAS_000_Auth	1691406108092	1691406108417	OK	 
REQUEST	2		CAFCAS_000_GetBearerToken	1691406111959	1691406112175	OK	 
REQUEST	2		CafcasAPI_000_searchCasesByDates	1691406116579	1691406146637	KO	status.find.is(200), but actually found 504
USER	***** Cafcas Case data By Dates*****	2	END	1691406108087	1691406146648
USER	***** Cafcas Case data By Dates*****	3	START	1691407008097	1691407008097
REQUEST	3		CAFCAS_000_Auth	1691407008103	1691407008205	OK	 
REQUEST	3		CAFCAS_000_GetBearerToken	1691407012159	1691407012658	OK	 
REQUEST	3		CafcasAPI_000_searchCasesByDates	1691407015660	1691407045752	KO	status.find.is(200), but actually found 504
USER	***** Cafcas Case data By Dates*****	3	END	1691407008097	1691407045757
USER	***** Cafcas Case data By Dates*****	4	START	1691407908098	1691407908098
REQUEST	4		CAFCAS_000_Auth	1691407908100	1691407908553	OK	 
REQUEST	4		CAFCAS_000_GetBearerToken	1691407913189	1691407913633	OK	 
REQUEST	4		CafcasAPI_000_searchCasesByDates	1691407918379	1691407949511	KO	status.find.is(200), but actually found 504
USER	***** Cafcas Case data By Dates*****	4	END	1691407908098	1691407949515
