ASSERTION	AAECAAMFAAAAAAAAAFlA
RUN	simulations.XUI_Simulation	xui-simulation	1672915968126	 	3.3.1
USER	***** Private Law Create Case *****	1	START	1672915968995	1672915968995
REQUEST	1	PRL_CitizenC100_010_PRLHome	PRL_CitizenC100_010_005_PRLHome	1672915969028	1672915969150	OK	 
REQUEST	1	PRL_CitizenC100_010_PRLHome	PRL_CitizenC100_010_005_PRLHome Redirect 1	1672915969173	1672915969219	OK	 
REQUEST	1	PRL_CitizenC100_010_PRLHome	PRL_CitizenC100_010_005_PRLHome Redirect 2	1672915969220	1672915969307	OK	 
GROUP	1	PRL_CitizenC100_010_PRLHome	1672915969004	1672915969633	457	OK
REQUEST	1	PRL_CitizenC100_020_Login	PRL_CitizenC100_020_005_Login	1672915969638	1672915970131	OK	 
REQUEST	1	PRL_CitizenC100_020_Login	PRL_CitizenC100_020_005_Login Redirect 1	1672915970134	1672915970643	OK	 
REQUEST	1	PRL_CitizenC100_020_Login	PRL_CitizenC100_020_005_Login Redirect 2	1672915970646	1672915977506	OK	 
GROUP	1	PRL_CitizenC100_020_Login	1672915969633	1672915977773	8109	OK
REQUEST	1	PRL_CitizenC100_030_StartApplication	PRL_CitizenC100_030_005_StartApplication	1672915977775	1672915977863	OK	 
GROUP	1	PRL_CitizenC100_030_StartApplication	1672915977773	1672915977992	201	OK
REQUEST	1	PRL_CitizenC100_040_WhatYouWillNeed	PRL_CitizenC100_040_005_WhatYouWillNeed	1672915977993	1672915997061	OK	 
REQUEST	1	PRL_CitizenC100_040_WhatYouWillNeed	PRL_CitizenC100_040_005_WhatYouWillNeed Redirect 1	1672915997065	1672915997107	OK	 
GROUP	1	PRL_CitizenC100_040_WhatYouWillNeed	1672915977992	1672915997179	19163	OK
REQUEST	1	PRL_CitizenC100_050_CaseName	PRL_CitizenC100_050_005_CaseName	1672915997180	1672915997226	OK	 
REQUEST	1	PRL_CitizenC100_050_CaseName	PRL_CitizenC100_050_005_CaseName Redirect 1	1672915997228	1672915997278	OK	 
GROUP	1	PRL_CitizenC100_050_CaseName	1672915997179	1672915997366	178	OK
REQUEST	1	PRL_CitizenC100_060_ChildrenPostCode	PRL_CitizenC100_060_005_ChildrenPostCode	1672915997368	1672915997398	OK	 
REQUEST	1	PRL_CitizenC100_060_ChildrenPostCode	PRL_CitizenC100_060_005_ChildrenPostCode Redirect 1	1672915997399	1672915997459	OK	 
GROUP	1	PRL_CitizenC100_060_ChildrenPostCode	1672915997366	1672915997521	148	OK
REQUEST	1	PRL_CitizenC100_070_WrittenAgreement	PRL_CitizenC100_070_005_WrittenAgreement	1672915997522	1672915997569	OK	 
REQUEST	1	PRL_CitizenC100_070_WrittenAgreement	PRL_CitizenC100_070_005_WrittenAgreement Redirect 1	1672915997569	1672915997607	OK	 
GROUP	1	PRL_CitizenC100_070_WrittenAgreement	1672915997521	1672915997717	190	OK
REQUEST	1	PRL_CitizenC100_080_BeforeCourt	PRL_CitizenC100_080_005_BeforeCourt	1672915997718	1672915997752	OK	 
REQUEST	1	PRL_CitizenC100_080_BeforeCourt	PRL_CitizenC100_080_005_BeforeCourt Redirect 1	1672915997753	1672915997807	OK	 
GROUP	1	PRL_CitizenC100_080_BeforeCourt	1672915997717	1672915997880	157	OK
REQUEST	1	PRL_CitizenC100_090_ReachAgreement	PRL_CitizenC100_090_005_ReachAgreement	1672915997881	1672915997913	OK	 
REQUEST	1	PRL_CitizenC100_090_ReachAgreement	PRL_CitizenC100_090_005_ReachAgreement Redirect 1	1672915997913	1672915997957	OK	 
GROUP	1	PRL_CitizenC100_090_ReachAgreement	1672915997880	1672915998018	134	OK
REQUEST	1	PRL_CitizenC100_100_LegalRep	PRL_CitizenC100_100_005_LegalRep	1672915998020	1672915998060	OK	 
REQUEST	1	PRL_CitizenC100_100_LegalRep	PRL_CitizenC100_100_005_LegalRep Redirect 1	1672915998061	1672915998121	OK	 
GROUP	1	PRL_CitizenC100_100_LegalRep	1672915998018	1672915998183	159	OK
REQUEST	1	PRL_CitizenC100_110_PermissionFromCourt	PRL_CitizenC100_110_005_PermissionFromCourt	1672915998185	1672915998218	OK	 
REQUEST	1	PRL_CitizenC100_110_PermissionFromCourt	PRL_CitizenC100_110_005_PermissionFromCourt Redirect 1	1672915998218	1672915998275	OK	 
GROUP	1	PRL_CitizenC100_110_PermissionFromCourt	1672915998183	1672915998335	147	OK
REQUEST	1	PRL_CitizenC100_120_WhyPermissionFromCourt	PRL_CitizenC100_120_005_WhyPermissionFromCourt	1672915998336	1672915998363	OK	 
REQUEST	1	PRL_CitizenC100_120_WhyPermissionFromCourt	PRL_CitizenC100_120_005_WhyPermissionFromCourt Redirect 1	1672915998364	1672915998408	OK	 
GROUP	1	PRL_CitizenC100_120_WhyPermissionFromCourt	1672915998335	1672915998528	184	OK
REQUEST	1	PRL_CitizenC100_130_WhyCourtShouldGrant	PRL_CitizenC100_130_005_WhyCourtShouldGrant	1672915998529	1672915998559	OK	 
REQUEST	1	PRL_CitizenC100_130_WhyCourtShouldGrant	PRL_CitizenC100_130_005_WhyCourtShouldGrant Redirect 1	1672915998560	1672915998595	OK	 
GROUP	1	PRL_CitizenC100_130_WhyCourtShouldGrant	1672915998528	1672915998686	154	OK
REQUEST	1	PRL_CitizenC100_140_InvolvedInEmergencyProtection	PRL_CitizenC100_140_005_InvolvedInEmergencyProtection	1672915998688	1672915998722	OK	 
REQUEST	1	PRL_CitizenC100_140_InvolvedInEmergencyProtection	PRL_CitizenC100_140_005_InvolvedInEmergencyProtection Redirect 1	1672915998724	1672915998762	OK	 
GROUP	1	PRL_CitizenC100_140_InvolvedInEmergencyProtection	1672915998686	1672915998834	141	OK
REQUEST	1	PRL_CitizenC100_150_AttendingMIAM	PRL_CitizenC100_150_005_AttendingMIAM	1672915998836	1672915998872	OK	 
REQUEST	1	PRL_CitizenC100_150_AttendingMIAM	PRL_CitizenC100_150_005_AttendingMIAM Redirect 1	1672915998873	1672915998912	OK	 
GROUP	1	PRL_CitizenC100_150_AttendingMIAM	1672915998834	1672915998975	136	OK
REQUEST	1	PRL_CitizenC100_160_AttendedMIAM	PRL_CitizenC100_160_005_AttendedMIAM	1672915998975	1672915999008	OK	 
REQUEST	1	PRL_CitizenC100_160_AttendedMIAM	PRL_CitizenC100_160_005_AttendedMIAM Redirect 1	1672915999009	1672915999044	OK	 
GROUP	1	PRL_CitizenC100_160_AttendedMIAM	1672915998975	1672915999133	153	OK
REQUEST	1	PRL_CitizenC100_170_DocumentSigned	PRL_CitizenC100_170_005_DocumentSigned	1672915999134	1672915999171	OK	 
REQUEST	1	PRL_CitizenC100_170_DocumentSigned	PRL_CitizenC100_170_005_DocumentSigned Redirect 1	1672915999172	1672915999228	OK	 
GROUP	1	PRL_CitizenC100_170_DocumentSigned	1672915999133	1672915999294	146	OK
REQUEST	1	PRL_CitizenC100_180_MIAMUpload	PRL_CitizenC100_180_005_MIAMUpload	1672915999335	1672916001671	OK	 
REQUEST	1	PRL_CitizenC100_180_MIAMUpload	PRL_CitizenC100_180_005_MIAMUpload Redirect 1	1672916001675	1672916001718	OK	 
GROUP	1	PRL_CitizenC100_180_MIAMUpload	1672915999294	1672916001782	2438	OK
REQUEST	1	PRL_CitizenC100_200_MIAMUploadContinue	PRL_CitizenC100_200_005_MIAMUploadContinue	1672916001783	1672916001819	OK	 
REQUEST	1	PRL_CitizenC100_200_MIAMUploadContinue	PRL_CitizenC100_200_005_MIAMUploadContinue Redirect 1	1672916001821	1672916001873	OK	 
GROUP	1	PRL_CitizenC100_200_MIAMUploadContinue	1672916001782	1672916001980	188	OK
REQUEST	1	PRL_CitizenC100_210_AskingCourtToDo	PRL_CitizenC100_210_005_AskingCourtToDo	1672916001981	1672916002016	OK	 
REQUEST	1	PRL_CitizenC100_210_AskingCourtToDo	PRL_CitizenC100_210_005_AskingCourtToDo Redirect 1	1672916002017	1672916002064	OK	 
GROUP	1	PRL_CitizenC100_210_AskingCourtToDo	1672916001980	1672916002127	142	OK
REQUEST	1	PRL_CitizenC100_220_WouldLikeCourtTo	PRL_CitizenC100_220_005_WouldLikeCourtTo	1672916002130	1672916002164	OK	 
REQUEST	1	PRL_CitizenC100_220_WouldLikeCourtTo	PRL_CitizenC100_220_005_WouldLikeCourtTo Redirect 1	1672916002164	1672916002212	OK	 
GROUP	1	PRL_CitizenC100_220_WouldLikeCourtTo	1672916002127	1672916002278	143	OK
REQUEST	1	PRL_CitizenC100_230_DescribeWhatCourt	PRL_CitizenC100_230_005_DescribeWhatCourt	1672916002278	1672916002315	OK	 
REQUEST	1	PRL_CitizenC100_230_DescribeWhatCourt	PRL_CitizenC100_230_005_DescribeWhatCourt Redirect 1	1672916002315	1672916002354	OK	 
GROUP	1	PRL_CitizenC100_230_DescribeWhatCourt	1672916002278	1672916002444	163	OK
REQUEST	1	PRL_CitizenC100_240_UrgentFirstHearing	PRL_CitizenC100_240_005_UrgentFirstHearing	1672916002445	1672916002478	OK	 
REQUEST	1	PRL_CitizenC100_240_UrgentFirstHearing	PRL_CitizenC100_240_005_UrgentFirstHearing Redirect 1	1672916002479	1672916002523	OK	 
GROUP	1	PRL_CitizenC100_240_UrgentFirstHearing	1672916002444	1672916002594	140	OK
REQUEST	1	PRL_CitizenC100_250_UrgentHearingDetails	PRL_CitizenC100_250_005_UrgentHearingDetails	1672916002594	1672916002629	OK	 
REQUEST	1	PRL_CitizenC100_250_UrgentHearingDetails	PRL_CitizenC100_250_005_UrgentHearingDetails Redirect 1	1672916002630	1672916002671	OK	 
GROUP	1	PRL_CitizenC100_250_UrgentHearingDetails	1672916002594	1672916002729	130	OK
REQUEST	1	PRL_CitizenC100_260_AskingForWithoutNotice	PRL_CitizenC100_260_005_AskingForWithoutNotice	1672916002730	1672916002762	OK	 
REQUEST	1	PRL_CitizenC100_260_AskingForWithoutNotice	PRL_CitizenC100_260_005_AskingForWithoutNotice Redirect 1	1672916002763	1672916002803	OK	 
GROUP	1	PRL_CitizenC100_260_AskingForWithoutNotice	1672916002729	1672916002916	181	OK
REQUEST	1	PRL_CitizenC100_270_WithoutNoticeDetails	PRL_CitizenC100_270_005_WithoutNoticeDetails	1672916002918	1672916002958	OK	 
REQUEST	1	PRL_CitizenC100_270_WithoutNoticeDetails	PRL_CitizenC100_270_005_WithoutNoticeDetails Redirect 1	1672916002958	1672916003025	OK	 
GROUP	1	PRL_CitizenC100_270_WithoutNoticeDetails	1672916002916	1672916003084	161	OK
REQUEST	1	PRL_CitizenC100_280_ChildrenName	PRL_CitizenC100_280_005_ChildrenName	1672916003085	1672916003121	KO	substring(Provide details for First Name).find.exists, found nothing
GROUP	1	PRL_CitizenC100_280_ChildrenName	1672916003084	1672916003133	36	KO
USER	***** Private Law Create Case *****	1	END	1672915968995	1672916003145
