ASSERTION	AAECAAIFAAAAAAAAAFlA
RUN	simulations.PRL_Simulation	prl-simulation	1706091229233	 	3.9.5
USER	***** PRL Case Flags 2.1 Journey *****	START	1706091229740
REQUEST	XUI_010_Homepage	XUI_010_005_Homepage	1706091229748	1706091229905	OK	 
REQUEST	XUI_010_Homepage	XUI_Common_000_ConfigurationUI	1706091232485	1706091232524	OK	 
REQUEST	XUI_010_Homepage	XUI_Common_000_ConfigJson	1706091232528	1706091232557	OK	 
REQUEST	XUI_010_Homepage	XUI_Common_000_TsAndCs	1706091232559	1706091232602	OK	 
REQUEST	XUI_010_Homepage	XUI_Common_000_ConfigUI	1706091232603	1706091232633	OK	 
REQUEST	XUI_010_Homepage	XUI_Common_000_UserDetails	1706091232635	1706091232691	OK	 
REQUEST	XUI_010_Homepage	XUI_Common_000_IsAuthenticated	1706091232692	1706091232721	OK	 
REQUEST	XUI_010_Homepage	XUI_010_010_AuthLogin	1706091232725	1706091232758	OK	 
REQUEST	XUI_010_Homepage	XUI_010_010_AuthLogin Redirect 1	1706091232762	1706091233096	OK	 
REQUEST	XUI_010_Homepage	XUI_010_010_AuthLogin Redirect 2	1706091233098	1706091233174	OK	 
GROUP	XUI_010_Homepage	1706091229740	1706091233856	4002	OK
REQUEST	XUI_020_Login	XUI_020_005_Login	1706091233865	1706091234077	OK	 
REQUEST	XUI_020_Login	XUI_020_005_Login Redirect 1	1706091234078	1706091234603	OK	 
REQUEST	XUI_020_Login	XUI_020_005_Login Redirect 2	1706091234607	1706091234645	OK	 
REQUEST	XUI_020_Login	XUI_Common_000_ConfigurationUI	1706091239349	1706091239383	OK	 
REQUEST	XUI_020_Login	XUI_Common_000_ConfigJson	1706091239384	1706091239424	OK	 
REQUEST	XUI_020_Login	XUI_Common_000_TsAndCs	1706091239426	1706091239461	OK	 
REQUEST	XUI_020_Login	XUI_Common_000_ConfigUI	1706091239463	1706091239492	OK	 
REQUEST	XUI_020_Login	XUI_Common_000_UserDetails	1706091239494	1706091240784	OK	 
REQUEST	XUI_020_Login	XUI_Common_000_IsAuthenticated	1706091240785	1706091240843	OK	 
REQUEST	XUI_020_Login	XUI_Common_000_MonitoringTools	1706091240845	1706091240903	OK	 
GROUP	XUI_020_Login	1706091233857	1706091240936	7015	OK
REQUEST	XUI_PRL_031_SelectCase	XUI_PRL_031_005_SelectCase	1706091240938	1706091246132	OK	 
GROUP	XUI_PRL_031_SelectCase	1706091240937	1706091246133	5194	OK
REQUEST	XUI_PRL_032_SelectApplication	XUI_PRL_032_005_SelectApplication	1706091246133	1706091246239	OK	 
REQUEST	XUI_PRL_032_SelectApplication	XUI_PRL_032_010_SelectApplication	1706091246241	1706091249513	OK	 
GROUP	XUI_PRL_032_SelectApplication	1706091246133	1706091249533	3378	OK
REQUEST	XUI_PRL_033_SelectSupport	XUI_PRL_033_005_SelectSupport	1706091249534	1706091249587	OK	 
GROUP	XUI_PRL_033_SelectSupport	1706091249533	1706091249589	53	OK
REQUEST	XUI_PRL_034_SelectCaseDocuments	XUI_PRL_034_005_SelectCaseDocuments	1706091249589	1706091249644	OK	 
GROUP	XUI_PRL_034_SelectCaseDocuments	1706091249589	1706091249645	55	OK
REQUEST	XUI_PRL_035_SelectHistory	XUI_PRL_035_005_SelectHistory	1706091249646	1706091249723	OK	 
GROUP	XUI_PRL_035_SelectHistory	1706091249645	1706091249724	77	OK
REQUEST	XUI_PRL_036_SelectServiceRequest	XUI_PRL_036_005_SelectServiceRequest	1706091249724	1706091249784	OK	 
REQUEST	XUI_PRL_036_SelectServiceRequest	XUI_PRL_036_010_SelectServiceRequest	1706091249785	1706091250842	OK	 
GROUP	XUI_PRL_036_SelectServiceRequest	1706091249724	1706091250842	1117	OK
REQUEST	XUI_PRL_037_SelectParties	XUI_PRL_037_005_SelectParties	1706091250843	1706091250988	OK	 
REQUEST	XUI_PRL_037_SelectParties	XUI_PRL_037_010_SelectParties	1706091250989	1706091252224	OK	 
GROUP	XUI_PRL_037_SelectParties	1706091250842	1706091252224	1380	OK
REQUEST	XUI_PRL_031_SelectCase	XUI_PRL_031_005_SelectCase	1706091252226	1706091255932	OK	 
GROUP	XUI_PRL_031_SelectCase	1706091252225	1706091255933	3706	OK
REQUEST	XUI_PRL_032_SelectApplication	XUI_PRL_032_005_SelectApplication	1706091255937	1706091256046	OK	 
REQUEST	XUI_PRL_032_SelectApplication	XUI_PRL_032_010_SelectApplication	1706091256048	1706091257453	OK	 
GROUP	XUI_PRL_032_SelectApplication	1706091255934	1706091257454	1514	OK
REQUEST	XUI_PRL_033_SelectSupport	XUI_PRL_033_005_SelectSupport	1706091257455	1706091257514	OK	 
GROUP	XUI_PRL_033_SelectSupport	1706091257454	1706091257515	59	OK
REQUEST	XUI_PRL_034_SelectCaseDocuments	XUI_PRL_034_005_SelectCaseDocuments	1706091257515	1706091257571	OK	 
GROUP	XUI_PRL_034_SelectCaseDocuments	1706091257515	1706091257571	56	OK
REQUEST	XUI_PRL_035_SelectHistory	XUI_PRL_035_005_SelectHistory	1706091257572	1706091257649	OK	 
GROUP	XUI_PRL_035_SelectHistory	1706091257571	1706091257650	77	OK
REQUEST	XUI_PRL_036_SelectServiceRequest	XUI_PRL_036_005_SelectServiceRequest	1706091257651	1706091257710	OK	 
REQUEST	XUI_PRL_036_SelectServiceRequest	XUI_PRL_036_010_SelectServiceRequest	1706091257711	1706091259014	OK	 
GROUP	XUI_PRL_036_SelectServiceRequest	1706091257650	1706091259016	1362	OK
REQUEST	XUI_PRL_037_SelectParties	XUI_PRL_037_005_SelectParties	1706091259017	1706091259111	OK	 
REQUEST	XUI_PRL_037_SelectParties	XUI_PRL_037_010_SelectParties	1706091259113	1706091260622	OK	 
GROUP	XUI_PRL_037_SelectParties	1706091259016	1706091260623	1603	OK
REQUEST	XUI_PRL_031_SelectCase	XUI_PRL_031_005_SelectCase	1706091260625	1706091263505	OK	 
GROUP	XUI_PRL_031_SelectCase	1706091260624	1706091263508	2880	OK
REQUEST	XUI_PRL_032_SelectApplication	XUI_PRL_032_005_SelectApplication	1706091263510	1706091263574	OK	 
REQUEST	XUI_PRL_032_SelectApplication	XUI_PRL_032_010_SelectApplication	1706091263576	1706091264545	OK	 
GROUP	XUI_PRL_032_SelectApplication	1706091263508	1706091264548	1033	OK
REQUEST	XUI_PRL_033_SelectSupport	XUI_PRL_033_005_SelectSupport	1706091264549	1706091264835	OK	 
GROUP	XUI_PRL_033_SelectSupport	1706091264548	1706091264836	286	OK
REQUEST	XUI_PRL_034_SelectCaseDocuments	XUI_PRL_034_005_SelectCaseDocuments	1706091264837	1706091265013	OK	 
GROUP	XUI_PRL_034_SelectCaseDocuments	1706091264837	1706091265014	176	OK
REQUEST	XUI_PRL_035_SelectHistory	XUI_PRL_035_005_SelectHistory	1706091265016	1706091265167	OK	 
GROUP	XUI_PRL_035_SelectHistory	1706091265014	1706091265169	151	OK
REQUEST	XUI_PRL_036_SelectServiceRequest	XUI_PRL_036_005_SelectServiceRequest	1706091265171	1706091265345	OK	 
REQUEST	XUI_PRL_036_SelectServiceRequest	XUI_PRL_036_010_SelectServiceRequest	1706091265348	1706091266276	OK	 
GROUP	XUI_PRL_036_SelectServiceRequest	1706091265169	1706091266278	1102	OK
REQUEST	XUI_PRL_037_SelectParties	XUI_PRL_037_005_SelectParties	1706091266279	1706091266568	OK	 
REQUEST	XUI_PRL_037_SelectParties	XUI_PRL_037_010_SelectParties	1706091266574	1706091267976	OK	 
GROUP	XUI_PRL_037_SelectParties	1706091266278	1706091267979	1691	OK
REQUEST	XUI_PRL_031_SelectCase	XUI_PRL_031_005_SelectCase	1706091267984	1706091271927	OK	 
GROUP	XUI_PRL_031_SelectCase	1706091267983	1706091271929	3943	OK
REQUEST	XUI_PRL_032_SelectApplication	XUI_PRL_032_005_SelectApplication	1706091271932	1706091272070	OK	 
REQUEST	XUI_PRL_032_SelectApplication	XUI_PRL_032_010_SelectApplication	1706091272074	1706091273240	OK	 
GROUP	XUI_PRL_032_SelectApplication	1706091271930	1706091273243	1304	OK
REQUEST	XUI_PRL_033_SelectSupport	XUI_PRL_033_005_SelectSupport	1706091273244	1706091273326	OK	 
GROUP	XUI_PRL_033_SelectSupport	1706091273243	1706091273328	82	OK
REQUEST	XUI_PRL_034_SelectCaseDocuments	XUI_PRL_034_005_SelectCaseDocuments	1706091273329	1706091273388	OK	 
GROUP	XUI_PRL_034_SelectCaseDocuments	1706091273328	1706091273389	59	OK
REQUEST	XUI_PRL_035_SelectHistory	XUI_PRL_035_005_SelectHistory	1706091273391	1706091273448	OK	 
GROUP	XUI_PRL_035_SelectHistory	1706091273389	1706091273449	57	OK
REQUEST	XUI_PRL_036_SelectServiceRequest	XUI_PRL_036_005_SelectServiceRequest	1706091273451	1706091273511	OK	 
REQUEST	XUI_PRL_036_SelectServiceRequest	XUI_PRL_036_010_SelectServiceRequest	1706091273513	1706091274433	OK	 
GROUP	XUI_PRL_036_SelectServiceRequest	1706091273449	1706091274436	980	OK
REQUEST	XUI_PRL_037_SelectParties	XUI_PRL_037_005_SelectParties	1706091274438	1706091274529	OK	 
REQUEST	XUI_PRL_037_SelectParties	XUI_PRL_037_010_SelectParties	1706091274532	1706091275586	OK	 
GROUP	XUI_PRL_037_SelectParties	1706091274436	1706091275589	1145	OK
REQUEST	XUI_PRL_031_SelectCase	XUI_PRL_031_005_SelectCase	1706091275594	1706091278643	OK	 
GROUP	XUI_PRL_031_SelectCase	1706091275592	1706091278644	3049	OK
REQUEST	XUI_PRL_032_SelectApplication	XUI_PRL_032_005_SelectApplication	1706091278644	1706091278713	OK	 
REQUEST	XUI_PRL_032_SelectApplication	XUI_PRL_032_010_SelectApplication	1706091278713	1706091280144	OK	 
GROUP	XUI_PRL_032_SelectApplication	1706091278644	1706091280146	1500	OK
REQUEST	XUI_PRL_033_SelectSupport	XUI_PRL_033_005_SelectSupport	1706091280147	1706091280420	OK	 
GROUP	XUI_PRL_033_SelectSupport	1706091280146	1706091280422	273	OK
REQUEST	XUI_PRL_034_SelectCaseDocuments	XUI_PRL_034_005_SelectCaseDocuments	1706091280424	1706091280600	OK	 
GROUP	XUI_PRL_034_SelectCaseDocuments	1706091280422	1706091280603	176	OK
REQUEST	XUI_PRL_035_SelectHistory	XUI_PRL_035_005_SelectHistory	1706091280605	1706091280775	OK	 
GROUP	XUI_PRL_035_SelectHistory	1706091280604	1706091280777	170	OK
REQUEST	XUI_PRL_036_SelectServiceRequest	XUI_PRL_036_005_SelectServiceRequest	1706091280779	1706091280954	OK	 
REQUEST	XUI_PRL_036_SelectServiceRequest	XUI_PRL_036_010_SelectServiceRequest	1706091280958	1706091282052	OK	 
GROUP	XUI_PRL_036_SelectServiceRequest	1706091280777	1706091282054	1269	OK
REQUEST	XUI_PRL_037_SelectParties	XUI_PRL_037_005_SelectParties	1706091282054	1706091282341	OK	 
REQUEST	XUI_PRL_037_SelectParties	XUI_PRL_037_010_SelectParties	1706091282345	1706091283685	OK	 
GROUP	XUI_PRL_037_SelectParties	1706091282054	1706091283687	1627	OK
REQUEST	XUI_PRL_031_SelectCase	XUI_PRL_031_005_SelectCase	1706091283691	1706091288202	OK	 
GROUP	XUI_PRL_031_SelectCase	1706091283689	1706091288204	4511	OK
REQUEST	XUI_PRL_032_SelectApplication	XUI_PRL_032_005_SelectApplication	1706091288205	1706091288279	OK	 
REQUEST	XUI_PRL_032_SelectApplication	XUI_PRL_032_010_SelectApplication	1706091288281	1706091289318	OK	 
GROUP	XUI_PRL_032_SelectApplication	1706091288204	1706091289320	1111	OK
REQUEST	XUI_PRL_033_SelectSupport	XUI_PRL_033_005_SelectSupport	1706091289322	1706091289404	OK	 
GROUP	XUI_PRL_033_SelectSupport	1706091289320	1706091289405	82	OK
REQUEST	XUI_PRL_034_SelectCaseDocuments	XUI_PRL_034_005_SelectCaseDocuments	1706091289406	1706091289476	OK	 
GROUP	XUI_PRL_034_SelectCaseDocuments	1706091289405	1706091289477	70	OK
REQUEST	XUI_PRL_035_SelectHistory	XUI_PRL_035_005_SelectHistory	1706091289478	1706091289539	OK	 
GROUP	XUI_PRL_035_SelectHistory	1706091289477	1706091289542	61	OK
REQUEST	XUI_PRL_036_SelectServiceRequest	XUI_PRL_036_005_SelectServiceRequest	1706091289543	1706091289610	OK	 
REQUEST	XUI_PRL_036_SelectServiceRequest	XUI_PRL_036_010_SelectServiceRequest	1706091289613	1706091290407	OK	 
GROUP	XUI_PRL_036_SelectServiceRequest	1706091289542	1706091290409	861	OK
REQUEST	XUI_PRL_037_SelectParties	XUI_PRL_037_005_SelectParties	1706091290413	1706091290506	OK	 
REQUEST	XUI_PRL_037_SelectParties	XUI_PRL_037_010_SelectParties	1706091290508	1706091291752	OK	 
GROUP	XUI_PRL_037_SelectParties	1706091290409	1706091291754	1337	OK
REQUEST	XUI_PRL_031_SelectCase	XUI_PRL_031_005_SelectCase	1706091291758	1706091297467	OK	 
GROUP	XUI_PRL_031_SelectCase	1706091291756	1706091297469	5709	OK
REQUEST	XUI_PRL_032_SelectApplication	XUI_PRL_032_005_SelectApplication	1706091297471	1706091297542	OK	 
REQUEST	XUI_PRL_032_SelectApplication	XUI_PRL_032_010_SelectApplication	1706091297549	1706091298687	OK	 
GROUP	XUI_PRL_032_SelectApplication	1706091297469	1706091298688	1209	OK
REQUEST	XUI_PRL_033_SelectSupport	XUI_PRL_033_005_SelectSupport	1706091298689	1706091298750	OK	 
GROUP	XUI_PRL_033_SelectSupport	1706091298688	1706091298751	61	OK
REQUEST	XUI_PRL_034_SelectCaseDocuments	XUI_PRL_034_005_SelectCaseDocuments	1706091298753	1706091298808	OK	 
GROUP	XUI_PRL_034_SelectCaseDocuments	1706091298752	1706091298809	55	OK
REQUEST	XUI_PRL_035_SelectHistory	XUI_PRL_035_005_SelectHistory	1706091298811	1706091298880	OK	 
GROUP	XUI_PRL_035_SelectHistory	1706091298809	1706091298881	69	OK
REQUEST	XUI_PRL_036_SelectServiceRequest	XUI_PRL_036_005_SelectServiceRequest	1706091298882	1706091298954	OK	 
REQUEST	XUI_PRL_036_SelectServiceRequest	XUI_PRL_036_010_SelectServiceRequest	1706091298956	1706091299717	OK	 
GROUP	XUI_PRL_036_SelectServiceRequest	1706091298881	1706091299719	833	OK
REQUEST	XUI_PRL_037_SelectParties	XUI_PRL_037_005_SelectParties	1706091299722	1706091299783	OK	 
REQUEST	XUI_PRL_037_SelectParties	XUI_PRL_037_010_SelectParties	1706091299785	1706091301092	OK	 
GROUP	XUI_PRL_037_SelectParties	1706091299720	1706091301093	1368	OK
REQUEST	XUI_PRL_031_SelectCase	XUI_PRL_031_005_SelectCase	1706091301095	1706091304180	OK	 
GROUP	XUI_PRL_031_SelectCase	1706091301094	1706091304181	3085	OK
REQUEST	XUI_PRL_032_SelectApplication	XUI_PRL_032_005_SelectApplication	1706091304182	1706091304240	OK	 
REQUEST	XUI_PRL_032_SelectApplication	XUI_PRL_032_010_SelectApplication	1706091304242	1706091305396	OK	 
GROUP	XUI_PRL_032_SelectApplication	1706091304181	1706091305398	1212	OK
REQUEST	XUI_PRL_033_SelectSupport	XUI_PRL_033_005_SelectSupport	1706091305399	1706091305467	OK	 
GROUP	XUI_PRL_033_SelectSupport	1706091305398	1706091305469	68	OK
REQUEST	XUI_PRL_034_SelectCaseDocuments	XUI_PRL_034_005_SelectCaseDocuments	1706091305469	1706091305539	OK	 
GROUP	XUI_PRL_034_SelectCaseDocuments	1706091305469	1706091305540	70	OK
REQUEST	XUI_PRL_035_SelectHistory	XUI_PRL_035_005_SelectHistory	1706091305541	1706091305651	OK	 
GROUP	XUI_PRL_035_SelectHistory	1706091305540	1706091305653	110	OK
REQUEST	XUI_PRL_036_SelectServiceRequest	XUI_PRL_036_005_SelectServiceRequest	1706091305654	1706091305718	OK	 
REQUEST	XUI_PRL_036_SelectServiceRequest	XUI_PRL_036_010_SelectServiceRequest	1706091305724	1706091306584	OK	 
GROUP	XUI_PRL_036_SelectServiceRequest	1706091305653	1706091306586	924	OK
REQUEST	XUI_PRL_037_SelectParties	XUI_PRL_037_005_SelectParties	1706091306588	1706091306659	OK	 
REQUEST	XUI_PRL_037_SelectParties	XUI_PRL_037_010_SelectParties	1706091306661	1706091307853	OK	 
GROUP	XUI_PRL_037_SelectParties	1706091306586	1706091307855	1263	OK
REQUEST	XUI_PRL_031_SelectCase	XUI_PRL_031_005_SelectCase	1706091307858	1706091312609	OK	 
GROUP	XUI_PRL_031_SelectCase	1706091307856	1706091312611	4751	OK
REQUEST	XUI_PRL_032_SelectApplication	XUI_PRL_032_005_SelectApplication	1706091312613	1706091312675	OK	 
REQUEST	XUI_PRL_032_SelectApplication	XUI_PRL_032_010_SelectApplication	1706091312679	1706091313808	OK	 
GROUP	XUI_PRL_032_SelectApplication	1706091312611	1706091313811	1191	OK
REQUEST	XUI_PRL_033_SelectSupport	XUI_PRL_033_005_SelectSupport	1706091313813	1706091313883	OK	 
GROUP	XUI_PRL_033_SelectSupport	1706091313811	1706091313884	70	OK
REQUEST	XUI_PRL_034_SelectCaseDocuments	XUI_PRL_034_005_SelectCaseDocuments	1706091313886	1706091313943	OK	 
GROUP	XUI_PRL_034_SelectCaseDocuments	1706091313885	1706091313945	57	OK
REQUEST	XUI_PRL_035_SelectHistory	XUI_PRL_035_005_SelectHistory	1706091313945	1706091314055	OK	 
GROUP	XUI_PRL_035_SelectHistory	1706091313945	1706091314055	110	OK
REQUEST	XUI_PRL_036_SelectServiceRequest	XUI_PRL_036_005_SelectServiceRequest	1706091314056	1706091314116	OK	 
REQUEST	XUI_PRL_036_SelectServiceRequest	XUI_PRL_036_010_SelectServiceRequest	1706091314118	1706091314916	OK	 
GROUP	XUI_PRL_036_SelectServiceRequest	1706091314055	1706091314917	858	OK
REQUEST	XUI_PRL_037_SelectParties	XUI_PRL_037_005_SelectParties	1706091314918	1706091314976	OK	 
REQUEST	XUI_PRL_037_SelectParties	XUI_PRL_037_010_SelectParties	1706091314978	1706091316312	OK	 
GROUP	XUI_PRL_037_SelectParties	1706091314917	1706091316314	1392	OK
REQUEST	XUI_PRL_031_SelectCase	XUI_PRL_031_005_SelectCase	1706091316318	1706091318131	OK	 
GROUP	XUI_PRL_031_SelectCase	1706091316316	1706091318133	1813	OK
REQUEST	XUI_PRL_032_SelectApplication	XUI_PRL_032_005_SelectApplication	1706091318135	1706091318203	OK	 
REQUEST	XUI_PRL_032_SelectApplication	XUI_PRL_032_010_SelectApplication	1706091318204	1706091319283	OK	 
GROUP	XUI_PRL_032_SelectApplication	1706091318133	1706091319285	1147	OK
REQUEST	XUI_PRL_033_SelectSupport	XUI_PRL_033_005_SelectSupport	1706091319286	1706091319354	OK	 
GROUP	XUI_PRL_033_SelectSupport	1706091319285	1706091319355	68	OK
REQUEST	XUI_PRL_034_SelectCaseDocuments	XUI_PRL_034_005_SelectCaseDocuments	1706091319356	1706091319673	OK	 
GROUP	XUI_PRL_034_SelectCaseDocuments	1706091319355	1706091319675	317	OK
REQUEST	XUI_PRL_035_SelectHistory	XUI_PRL_035_005_SelectHistory	1706091319676	1706091319797	OK	 
GROUP	XUI_PRL_035_SelectHistory	1706091319675	1706091319798	121	OK
REQUEST	XUI_PRL_036_SelectServiceRequest	XUI_PRL_036_005_SelectServiceRequest	1706091319799	1706091319854	OK	 
REQUEST	XUI_PRL_036_SelectServiceRequest	XUI_PRL_036_010_SelectServiceRequest	1706091319857	1706091320692	OK	 
GROUP	XUI_PRL_036_SelectServiceRequest	1706091319798	1706091320693	890	OK
REQUEST	XUI_PRL_037_SelectParties	XUI_PRL_037_005_SelectParties	1706091320694	1706091320757	OK	 
REQUEST	XUI_PRL_037_SelectParties	XUI_PRL_037_010_SelectParties	1706091320759	1706091321984	OK	 
GROUP	XUI_PRL_037_SelectParties	1706091320693	1706091321985	1288	OK
REQUEST	XUI_PRL_031_SelectCase	XUI_PRL_031_005_SelectCase	1706091321995	1706091324233	OK	 
GROUP	XUI_PRL_031_SelectCase	1706091321993	1706091324235	2238	OK
REQUEST	XUI_PRL_032_SelectApplication	XUI_PRL_032_005_SelectApplication	1706091324236	1706091324316	OK	 
REQUEST	XUI_PRL_032_SelectApplication	XUI_PRL_032_010_SelectApplication	1706091324318	1706091325168	OK	 
GROUP	XUI_PRL_032_SelectApplication	1706091324235	1706091325170	930	OK
REQUEST	XUI_PRL_033_SelectSupport	XUI_PRL_033_005_SelectSupport	1706091325172	1706091325317	OK	 
GROUP	XUI_PRL_033_SelectSupport	1706091325170	1706091325318	145	OK
REQUEST	XUI_PRL_034_SelectCaseDocuments	XUI_PRL_034_005_SelectCaseDocuments	1706091325319	1706091325495	OK	 
GROUP	XUI_PRL_034_SelectCaseDocuments	1706091325318	1706091325496	176	OK
REQUEST	XUI_PRL_035_SelectHistory	XUI_PRL_035_005_SelectHistory	1706091325497	1706091325673	OK	 
GROUP	XUI_PRL_035_SelectHistory	1706091325496	1706091325675	176	OK
REQUEST	XUI_PRL_036_SelectServiceRequest	XUI_PRL_036_005_SelectServiceRequest	1706091325676	1706091325851	OK	 
REQUEST	XUI_PRL_036_SelectServiceRequest	XUI_PRL_036_010_SelectServiceRequest	1706091325854	1706091326582	OK	 
GROUP	XUI_PRL_036_SelectServiceRequest	1706091325675	1706091326584	903	OK
REQUEST	XUI_PRL_037_SelectParties	XUI_PRL_037_005_SelectParties	1706091326585	1706091326898	OK	 
REQUEST	XUI_PRL_037_SelectParties	XUI_PRL_037_010_SelectParties	1706091326901	1706091328185	OK	 
GROUP	XUI_PRL_037_SelectParties	1706091326584	1706091328186	1597	OK
REQUEST	XUI_PRL_031_SelectCase	XUI_PRL_031_005_SelectCase	1706091328187	1706091330874	OK	 
GROUP	XUI_PRL_031_SelectCase	1706091328186	1706091330876	2687	OK
REQUEST	XUI_PRL_032_SelectApplication	XUI_PRL_032_005_SelectApplication	1706091330877	1706091330954	OK	 
REQUEST	XUI_PRL_032_SelectApplication	XUI_PRL_032_010_SelectApplication	1706091330954	1706091331893	OK	 
GROUP	XUI_PRL_032_SelectApplication	1706091330876	1706091331895	1016	OK
REQUEST	XUI_PRL_033_SelectSupport	XUI_PRL_033_005_SelectSupport	1706091331896	1706091331962	OK	 
GROUP	XUI_PRL_033_SelectSupport	1706091331895	1706091331963	66	OK
REQUEST	XUI_PRL_034_SelectCaseDocuments	XUI_PRL_034_005_SelectCaseDocuments	1706091331964	1706091332094	OK	 
GROUP	XUI_PRL_034_SelectCaseDocuments	1706091331963	1706091332096	130	OK
REQUEST	XUI_PRL_035_SelectHistory	XUI_PRL_035_005_SelectHistory	1706091332097	1706091332184	OK	 
GROUP	XUI_PRL_035_SelectHistory	1706091332096	1706091332186	87	OK
REQUEST	XUI_PRL_036_SelectServiceRequest	XUI_PRL_036_005_SelectServiceRequest	1706091332187	1706091332253	OK	 
REQUEST	XUI_PRL_036_SelectServiceRequest	XUI_PRL_036_010_SelectServiceRequest	1706091332255	1706091333036	OK	 
GROUP	XUI_PRL_036_SelectServiceRequest	1706091332186	1706091333037	847	OK
REQUEST	XUI_PRL_037_SelectParties	XUI_PRL_037_005_SelectParties	1706091333038	1706091333100	OK	 
REQUEST	XUI_PRL_037_SelectParties	XUI_PRL_037_010_SelectParties	1706091333102	1706091334220	OK	 
GROUP	XUI_PRL_037_SelectParties	1706091333037	1706091334222	1180	OK
REQUEST	XUI_PRL_031_SelectCase	XUI_PRL_031_005_SelectCase	1706091334225	1706091337113	OK	 
GROUP	XUI_PRL_031_SelectCase	1706091334224	1706091337115	2888	OK
REQUEST	XUI_PRL_032_SelectApplication	XUI_PRL_032_005_SelectApplication	1706091337116	1706091337177	OK	 
REQUEST	XUI_PRL_032_SelectApplication	XUI_PRL_032_010_SelectApplication	1706091337180	1706091338434	OK	 
GROUP	XUI_PRL_032_SelectApplication	1706091337115	1706091338437	1315	OK
REQUEST	XUI_PRL_033_SelectSupport	XUI_PRL_033_005_SelectSupport	1706091338439	1706091338555	OK	 
GROUP	XUI_PRL_033_SelectSupport	1706091338437	1706091338556	116	OK
REQUEST	XUI_PRL_034_SelectCaseDocuments	XUI_PRL_034_005_SelectCaseDocuments	1706091338556	1706091338844	OK	 
GROUP	XUI_PRL_034_SelectCaseDocuments	1706091338556	1706091338846	288	OK
REQUEST	XUI_PRL_035_SelectHistory	XUI_PRL_035_005_SelectHistory	1706091338847	1706091339021	OK	 
GROUP	XUI_PRL_035_SelectHistory	1706091338846	1706091339025	174	OK
REQUEST	XUI_PRL_036_SelectServiceRequest	XUI_PRL_036_005_SelectServiceRequest	1706091339026	1706091339188	OK	 
REQUEST	XUI_PRL_036_SelectServiceRequest	XUI_PRL_036_010_SelectServiceRequest	1706091339194	1706091340228	OK	 
GROUP	XUI_PRL_036_SelectServiceRequest	1706091339025	1706091340231	1196	OK
REQUEST	XUI_PRL_037_SelectParties	XUI_PRL_037_005_SelectParties	1706091340232	1706091340408	OK	 
REQUEST	XUI_PRL_037_SelectParties	XUI_PRL_037_010_SelectParties	1706091340410	1706091341646	OK	 
GROUP	XUI_PRL_037_SelectParties	1706091340231	1706091341647	1412	OK
REQUEST	XUI_PRL_031_SelectCase	XUI_PRL_031_005_SelectCase	1706091341651	1706091344864	OK	 
GROUP	XUI_PRL_031_SelectCase	1706091341650	1706091344866	3213	OK
REQUEST	XUI_PRL_032_SelectApplication	XUI_PRL_032_005_SelectApplication	1706091344867	1706091344932	OK	 
REQUEST	XUI_PRL_032_SelectApplication	XUI_PRL_032_010_SelectApplication	1706091344934	1706091346067	OK	 
GROUP	XUI_PRL_032_SelectApplication	1706091344866	1706091346068	1198	OK
REQUEST	XUI_PRL_033_SelectSupport	XUI_PRL_033_005_SelectSupport	1706091346070	1706091346132	OK	 
GROUP	XUI_PRL_033_SelectSupport	1706091346068	1706091346133	62	OK
REQUEST	XUI_PRL_034_SelectCaseDocuments	XUI_PRL_034_005_SelectCaseDocuments	1706091346134	1706091346193	OK	 
GROUP	XUI_PRL_034_SelectCaseDocuments	1706091346133	1706091346195	59	OK
REQUEST	XUI_PRL_035_SelectHistory	XUI_PRL_035_005_SelectHistory	1706091346195	1706091346278	OK	 
GROUP	XUI_PRL_035_SelectHistory	1706091346195	1706091346279	83	OK
REQUEST	XUI_PRL_036_SelectServiceRequest	XUI_PRL_036_005_SelectServiceRequest	1706091346280	1706091346343	OK	 
REQUEST	XUI_PRL_036_SelectServiceRequest	XUI_PRL_036_010_SelectServiceRequest	1706091346345	1706091347128	OK	 
GROUP	XUI_PRL_036_SelectServiceRequest	1706091346279	1706091347130	846	OK
REQUEST	XUI_PRL_037_SelectParties	XUI_PRL_037_005_SelectParties	1706091347131	1706091347195	OK	 
REQUEST	XUI_PRL_037_SelectParties	XUI_PRL_037_010_SelectParties	1706091347198	1706091348505	OK	 
GROUP	XUI_PRL_037_SelectParties	1706091347130	1706091348506	1371	OK
REQUEST	XUI_PRL_031_SelectCase	XUI_PRL_031_005_SelectCase	1706091348509	1706091351728	OK	 
GROUP	XUI_PRL_031_SelectCase	1706091348507	1706091351730	3219	OK
REQUEST	XUI_PRL_032_SelectApplication	XUI_PRL_032_005_SelectApplication	1706091351732	1706091351802	OK	 
REQUEST	XUI_PRL_032_SelectApplication	XUI_PRL_032_010_SelectApplication	1706091351803	1706091352957	OK	 
GROUP	XUI_PRL_032_SelectApplication	1706091351730	1706091352959	1224	OK
REQUEST	XUI_PRL_033_SelectSupport	XUI_PRL_033_005_SelectSupport	1706091352962	1706091353135	OK	 
GROUP	XUI_PRL_033_SelectSupport	1706091352959	1706091353137	173	OK
REQUEST	XUI_PRL_034_SelectCaseDocuments	XUI_PRL_034_005_SelectCaseDocuments	1706091353138	1706091353298	OK	 
GROUP	XUI_PRL_034_SelectCaseDocuments	1706091353137	1706091353299	160	OK
REQUEST	XUI_PRL_035_SelectHistory	XUI_PRL_035_005_SelectHistory	1706091353301	1706091353476	OK	 
GROUP	XUI_PRL_035_SelectHistory	1706091353299	1706091353476	175	OK
REQUEST	XUI_PRL_036_SelectServiceRequest	XUI_PRL_036_005_SelectServiceRequest	1706091353477	1706091353655	OK	 
REQUEST	XUI_PRL_036_SelectServiceRequest	XUI_PRL_036_010_SelectServiceRequest	1706091353659	1706091354378	OK	 
GROUP	XUI_PRL_036_SelectServiceRequest	1706091353476	1706091354381	897	OK
REQUEST	XUI_PRL_037_SelectParties	XUI_PRL_037_005_SelectParties	1706091354382	1706091354697	OK	 
REQUEST	XUI_PRL_037_SelectParties	XUI_PRL_037_010_SelectParties	1706091354701	1706091355878	OK	 
GROUP	XUI_PRL_037_SelectParties	1706091354381	1706091355880	1492	OK
REQUEST	XUI_PRL_031_SelectCase	XUI_PRL_031_005_SelectCase	1706091355883	1706091358614	OK	 
GROUP	XUI_PRL_031_SelectCase	1706091355882	1706091358616	2731	OK
REQUEST	XUI_PRL_032_SelectApplication	XUI_PRL_032_005_SelectApplication	1706091358617	1706091358677	OK	 
REQUEST	XUI_PRL_032_SelectApplication	XUI_PRL_032_010_SelectApplication	1706091358678	1706091361443	OK	 
GROUP	XUI_PRL_032_SelectApplication	1706091358616	1706091361480	2825	OK
REQUEST	XUI_PRL_033_SelectSupport	XUI_PRL_033_005_SelectSupport	1706091361481	1706091361566	OK	 
GROUP	XUI_PRL_033_SelectSupport	1706091361480	1706091361567	85	OK
REQUEST	XUI_PRL_034_SelectCaseDocuments	XUI_PRL_034_005_SelectCaseDocuments	1706091361568	1706091361654	OK	 
GROUP	XUI_PRL_034_SelectCaseDocuments	1706091361567	1706091361655	86	OK
REQUEST	XUI_PRL_035_SelectHistory	XUI_PRL_035_005_SelectHistory	1706091361656	1706091361715	OK	 
GROUP	XUI_PRL_035_SelectHistory	1706091361655	1706091361717	59	OK
REQUEST	XUI_PRL_036_SelectServiceRequest	XUI_PRL_036_005_SelectServiceRequest	1706091361718	1706091361788	OK	 
REQUEST	XUI_PRL_036_SelectServiceRequest	XUI_PRL_036_010_SelectServiceRequest	1706091361791	1706091362534	OK	 
GROUP	XUI_PRL_036_SelectServiceRequest	1706091361717	1706091362538	813	OK
REQUEST	XUI_PRL_037_SelectParties	XUI_PRL_037_005_SelectParties	1706091362539	1706091362593	OK	 
REQUEST	XUI_PRL_037_SelectParties	XUI_PRL_037_010_SelectParties	1706091362595	1706091365803	OK	 
GROUP	XUI_PRL_037_SelectParties	1706091362538	1706091365837	3262	OK
REQUEST	XUI_PRL_031_SelectCase	XUI_PRL_031_005_SelectCase	1706091365839	1706091370564	OK	 
GROUP	XUI_PRL_031_SelectCase	1706091365838	1706091370565	4725	OK
REQUEST	XUI_PRL_032_SelectApplication	XUI_PRL_032_005_SelectApplication	1706091370567	1706091370631	OK	 
REQUEST	XUI_PRL_032_SelectApplication	XUI_PRL_032_010_SelectApplication	1706091370633	1706091371855	OK	 
GROUP	XUI_PRL_032_SelectApplication	1706091370565	1706091371857	1286	OK
REQUEST	XUI_PRL_033_SelectSupport	XUI_PRL_033_005_SelectSupport	1706091371858	1706091371932	OK	 
GROUP	XUI_PRL_033_SelectSupport	1706091371857	1706091371934	74	OK
REQUEST	XUI_PRL_034_SelectCaseDocuments	XUI_PRL_034_005_SelectCaseDocuments	1706091371934	1706091372053	OK	 
GROUP	XUI_PRL_034_SelectCaseDocuments	1706091371934	1706091372053	119	OK
REQUEST	XUI_PRL_035_SelectHistory	XUI_PRL_035_005_SelectHistory	1706091372054	1706091372117	OK	 
GROUP	XUI_PRL_035_SelectHistory	1706091372053	1706091372118	63	OK
REQUEST	XUI_PRL_036_SelectServiceRequest	XUI_PRL_036_005_SelectServiceRequest	1706091372118	1706091372177	OK	 
REQUEST	XUI_PRL_036_SelectServiceRequest	XUI_PRL_036_010_SelectServiceRequest	1706091372179	1706091372981	OK	 
GROUP	XUI_PRL_036_SelectServiceRequest	1706091372118	1706091372983	861	OK
REQUEST	XUI_PRL_037_SelectParties	XUI_PRL_037_005_SelectParties	1706091372984	1706091373049	OK	 
REQUEST	XUI_PRL_037_SelectParties	XUI_PRL_037_010_SelectParties	1706091373052	1706091374208	OK	 
GROUP	XUI_PRL_037_SelectParties	1706091372983	1706091374209	1221	OK
REQUEST	XUI_PRL_031_SelectCase	XUI_PRL_031_005_SelectCase	1706091374211	1706091377309	OK	 
GROUP	XUI_PRL_031_SelectCase	1706091374210	1706091377312	3098	OK
REQUEST	XUI_PRL_032_SelectApplication	XUI_PRL_032_005_SelectApplication	1706091377313	1706091377378	OK	 
REQUEST	XUI_PRL_032_SelectApplication	XUI_PRL_032_010_SelectApplication	1706091377380	1706091380614	OK	 
GROUP	XUI_PRL_032_SelectApplication	1706091377312	1706091380644	3299	OK
REQUEST	XUI_PRL_033_SelectSupport	XUI_PRL_033_005_SelectSupport	1706091380645	1706091380720	OK	 
GROUP	XUI_PRL_033_SelectSupport	1706091380644	1706091380720	75	OK
REQUEST	XUI_PRL_034_SelectCaseDocuments	XUI_PRL_034_005_SelectCaseDocuments	1706091380720	1706091380807	OK	 
GROUP	XUI_PRL_034_SelectCaseDocuments	1706091380720	1706091380807	87	OK
REQUEST	XUI_PRL_035_SelectHistory	XUI_PRL_035_005_SelectHistory	1706091380808	1706091380896	OK	 
GROUP	XUI_PRL_035_SelectHistory	1706091380807	1706091380897	88	OK
REQUEST	XUI_PRL_036_SelectServiceRequest	XUI_PRL_036_005_SelectServiceRequest	1706091380898	1706091380966	OK	 
REQUEST	XUI_PRL_036_SelectServiceRequest	XUI_PRL_036_010_SelectServiceRequest	1706091380969	1706091381543	OK	 
GROUP	XUI_PRL_036_SelectServiceRequest	1706091380897	1706091381545	642	OK
REQUEST	XUI_PRL_037_SelectParties	XUI_PRL_037_005_SelectParties	1706091381546	1706091381746	OK	 
REQUEST	XUI_PRL_037_SelectParties	XUI_PRL_037_010_SelectParties	1706091381749	1706091386052	OK	 
GROUP	XUI_PRL_037_SelectParties	1706091381545	1706091386074	4503	OK
REQUEST	XUI_PRL_031_SelectCase	XUI_PRL_031_005_SelectCase	1706091386075	1706091388483	OK	 
GROUP	XUI_PRL_031_SelectCase	1706091386075	1706091388485	2408	OK
REQUEST	XUI_PRL_032_SelectApplication	XUI_PRL_032_005_SelectApplication	1706091388487	1706091388559	OK	 
REQUEST	XUI_PRL_032_SelectApplication	XUI_PRL_032_010_SelectApplication	1706091388562	1706091391802	OK	 
GROUP	XUI_PRL_032_SelectApplication	1706091388485	1706091391825	3312	OK
REQUEST	XUI_PRL_033_SelectSupport	XUI_PRL_033_005_SelectSupport	1706091391825	1706091391896	OK	 
GROUP	XUI_PRL_033_SelectSupport	1706091391825	1706091391898	71	OK
REQUEST	XUI_PRL_034_SelectCaseDocuments	XUI_PRL_034_005_SelectCaseDocuments	1706091391899	1706091391967	OK	 
GROUP	XUI_PRL_034_SelectCaseDocuments	1706091391898	1706091391968	68	OK
REQUEST	XUI_PRL_035_SelectHistory	XUI_PRL_035_005_SelectHistory	1706091391969	1706091392082	OK	 
GROUP	XUI_PRL_035_SelectHistory	1706091391968	1706091392083	113	OK
REQUEST	XUI_PRL_036_SelectServiceRequest	XUI_PRL_036_005_SelectServiceRequest	1706091392083	1706091392144	OK	 
REQUEST	XUI_PRL_036_SelectServiceRequest	XUI_PRL_036_010_SelectServiceRequest	1706091392145	1706091392948	OK	 
GROUP	XUI_PRL_036_SelectServiceRequest	1706091392083	1706091392950	864	OK
REQUEST	XUI_PRL_037_SelectParties	XUI_PRL_037_005_SelectParties	1706091392952	1706091393022	OK	 
REQUEST	XUI_PRL_037_SelectParties	XUI_PRL_037_010_SelectParties	1706091393023	1706091397256	OK	 
GROUP	XUI_PRL_037_SelectParties	1706091392950	1706091397285	4303	OK
REQUEST	XUI_PRL_031_SelectCase	XUI_PRL_031_005_SelectCase	1706091397286	1706091401062	OK	 
GROUP	XUI_PRL_031_SelectCase	1706091397285	1706091401064	3776	OK
REQUEST	XUI_PRL_032_SelectApplication	XUI_PRL_032_005_SelectApplication	1706091401066	1706091401127	OK	 
REQUEST	XUI_PRL_032_SelectApplication	XUI_PRL_032_010_SelectApplication	1706091401129	1706091402109	OK	 
GROUP	XUI_PRL_032_SelectApplication	1706091401064	1706091402111	1041	OK
REQUEST	XUI_PRL_033_SelectSupport	XUI_PRL_033_005_SelectSupport	1706091402112	1706091402173	OK	 
GROUP	XUI_PRL_033_SelectSupport	1706091402111	1706091402174	61	OK
REQUEST	XUI_PRL_034_SelectCaseDocuments	XUI_PRL_034_005_SelectCaseDocuments	1706091402175	1706091402236	OK	 
GROUP	XUI_PRL_034_SelectCaseDocuments	1706091402174	1706091402236	61	OK
REQUEST	XUI_PRL_035_SelectHistory	XUI_PRL_035_005_SelectHistory	1706091402237	1706091402299	OK	 
GROUP	XUI_PRL_035_SelectHistory	1706091402236	1706091402300	62	OK
REQUEST	XUI_PRL_036_SelectServiceRequest	XUI_PRL_036_005_SelectServiceRequest	1706091402301	1706091402367	OK	 
REQUEST	XUI_PRL_036_SelectServiceRequest	XUI_PRL_036_010_SelectServiceRequest	1706091402368	1706091403189	OK	 
GROUP	XUI_PRL_036_SelectServiceRequest	1706091402300	1706091403192	887	OK
REQUEST	XUI_PRL_037_SelectParties	XUI_PRL_037_005_SelectParties	1706091403193	1706091403253	OK	 
REQUEST	XUI_PRL_037_SelectParties	XUI_PRL_037_010_SelectParties	1706091403255	1706091406763	OK	 
GROUP	XUI_PRL_037_SelectParties	1706091403192	1706091406788	3568	OK
REQUEST	XUI_PRL_031_SelectCase	XUI_PRL_031_005_SelectCase	1706091406790	1706091409262	OK	 
GROUP	XUI_PRL_031_SelectCase	1706091406790	1706091409263	2472	OK
REQUEST	XUI_PRL_032_SelectApplication	XUI_PRL_032_005_SelectApplication	1706091409265	1706091409343	OK	 
REQUEST	XUI_PRL_032_SelectApplication	XUI_PRL_032_010_SelectApplication	1706091409344	1706091415349	OK	 
GROUP	XUI_PRL_032_SelectApplication	1706091409263	1706091415384	6083	OK
REQUEST	XUI_PRL_033_SelectSupport	XUI_PRL_033_005_SelectSupport	1706091415387	1706091415455	OK	 
GROUP	XUI_PRL_033_SelectSupport	1706091415384	1706091415457	68	OK
REQUEST	XUI_PRL_034_SelectCaseDocuments	XUI_PRL_034_005_SelectCaseDocuments	1706091415460	1706091415526	OK	 
GROUP	XUI_PRL_034_SelectCaseDocuments	1706091415457	1706091415527	66	OK
REQUEST	XUI_PRL_035_SelectHistory	XUI_PRL_035_005_SelectHistory	1706091415528	1706091415587	OK	 
GROUP	XUI_PRL_035_SelectHistory	1706091415527	1706091415588	59	OK
REQUEST	XUI_PRL_036_SelectServiceRequest	XUI_PRL_036_005_SelectServiceRequest	1706091415588	1706091415664	OK	 
REQUEST	XUI_PRL_036_SelectServiceRequest	XUI_PRL_036_010_SelectServiceRequest	1706091415666	1706091416606	OK	 
GROUP	XUI_PRL_036_SelectServiceRequest	1706091415588	1706091416607	1016	OK
REQUEST	XUI_PRL_037_SelectParties	XUI_PRL_037_005_SelectParties	1706091416607	1706091416665	OK	 
REQUEST	XUI_PRL_037_SelectParties	XUI_PRL_037_010_SelectParties	1706091416666	1706091420246	OK	 
GROUP	XUI_PRL_037_SelectParties	1706091416607	1706091420273	3638	OK
REQUEST	XUI_PRL_031_SelectCase	XUI_PRL_031_005_SelectCase	1706091420275	1706091422256	OK	 
GROUP	XUI_PRL_031_SelectCase	1706091420274	1706091422258	1981	OK
REQUEST	XUI_PRL_032_SelectApplication	XUI_PRL_032_005_SelectApplication	1706091422260	1706091422322	OK	 
REQUEST	XUI_PRL_032_SelectApplication	XUI_PRL_032_010_SelectApplication	1706091422324	1706091423564	OK	 
GROUP	XUI_PRL_032_SelectApplication	1706091422258	1706091423566	1302	OK
REQUEST	XUI_PRL_033_SelectSupport	XUI_PRL_033_005_SelectSupport	1706091423567	1706091423631	OK	 
GROUP	XUI_PRL_033_SelectSupport	1706091423566	1706091423632	64	OK
REQUEST	XUI_PRL_034_SelectCaseDocuments	XUI_PRL_034_005_SelectCaseDocuments	1706091423633	1706091423713	OK	 
GROUP	XUI_PRL_034_SelectCaseDocuments	1706091423632	1706091423714	80	OK
REQUEST	XUI_PRL_035_SelectHistory	XUI_PRL_035_005_SelectHistory	1706091423716	1706091423799	OK	 
GROUP	XUI_PRL_035_SelectHistory	1706091423714	1706091423799	83	OK
REQUEST	XUI_PRL_036_SelectServiceRequest	XUI_PRL_036_005_SelectServiceRequest	1706091423800	1706091423857	OK	 
REQUEST	XUI_PRL_036_SelectServiceRequest	XUI_PRL_036_010_SelectServiceRequest	1706091423859	1706091424745	OK	 
GROUP	XUI_PRL_036_SelectServiceRequest	1706091423799	1706091424747	943	OK
REQUEST	XUI_PRL_037_SelectParties	XUI_PRL_037_005_SelectParties	1706091424748	1706091425057	OK	 
REQUEST	XUI_PRL_037_SelectParties	XUI_PRL_037_010_SelectParties	1706091425059	1706091425927	OK	 
GROUP	XUI_PRL_037_SelectParties	1706091424747	1706091425929	1177	OK
REQUEST	XUI_PRL_031_SelectCase	XUI_PRL_031_005_SelectCase	1706091425930	1706091428115	OK	 
GROUP	XUI_PRL_031_SelectCase	1706091425929	1706091428116	2185	OK
REQUEST	XUI_PRL_032_SelectApplication	XUI_PRL_032_005_SelectApplication	1706091428118	1706091428205	OK	 
REQUEST	XUI_PRL_032_SelectApplication	XUI_PRL_032_010_SelectApplication	1706091428207	1706091429401	OK	 
GROUP	XUI_PRL_032_SelectApplication	1706091428116	1706091429404	1281	OK
REQUEST	XUI_PRL_033_SelectSupport	XUI_PRL_033_005_SelectSupport	1706091429405	1706091429465	OK	 
GROUP	XUI_PRL_033_SelectSupport	1706091429404	1706091429465	60	OK
REQUEST	XUI_PRL_034_SelectCaseDocuments	XUI_PRL_034_005_SelectCaseDocuments	1706091429466	1706091429552	OK	 
GROUP	XUI_PRL_034_SelectCaseDocuments	1706091429465	1706091429552	86	OK
REQUEST	XUI_PRL_035_SelectHistory	XUI_PRL_035_005_SelectHistory	1706091429553	1706091429656	OK	 
GROUP	XUI_PRL_035_SelectHistory	1706091429552	1706091429656	103	OK
REQUEST	XUI_PRL_036_SelectServiceRequest	XUI_PRL_036_005_SelectServiceRequest	1706091429657	1706091429724	OK	 
REQUEST	XUI_PRL_036_SelectServiceRequest	XUI_PRL_036_010_SelectServiceRequest	1706091429726	1706091430736	OK	 
GROUP	XUI_PRL_036_SelectServiceRequest	1706091429656	1706091430738	1077	OK
REQUEST	XUI_PRL_037_SelectParties	XUI_PRL_037_005_SelectParties	1706091430739	1706091430802	OK	 
REQUEST	XUI_PRL_037_SelectParties	XUI_PRL_037_010_SelectParties	1706091430804	1706091432204	OK	 
GROUP	XUI_PRL_037_SelectParties	1706091430738	1706091432205	1463	OK
REQUEST	XUI_PRL_031_SelectCase	XUI_PRL_031_005_SelectCase	1706091432207	1706091434252	OK	 
GROUP	XUI_PRL_031_SelectCase	1706091432206	1706091434254	2045	OK
REQUEST	XUI_PRL_032_SelectApplication	XUI_PRL_032_005_SelectApplication	1706091434255	1706091434322	OK	 
REQUEST	XUI_PRL_032_SelectApplication	XUI_PRL_032_010_SelectApplication	1706091434323	1706091435547	OK	 
GROUP	XUI_PRL_032_SelectApplication	1706091434254	1706091435549	1291	OK
REQUEST	XUI_PRL_033_SelectSupport	XUI_PRL_033_005_SelectSupport	1706091435550	1706091435623	OK	 
GROUP	XUI_PRL_033_SelectSupport	1706091435549	1706091435623	73	OK
REQUEST	XUI_PRL_034_SelectCaseDocuments	XUI_PRL_034_005_SelectCaseDocuments	1706091435624	1706091435691	OK	 
GROUP	XUI_PRL_034_SelectCaseDocuments	1706091435623	1706091435692	67	OK
REQUEST	XUI_PRL_035_SelectHistory	XUI_PRL_035_005_SelectHistory	1706091435693	1706091435759	OK	 
GROUP	XUI_PRL_035_SelectHistory	1706091435692	1706091435760	66	OK
REQUEST	XUI_PRL_036_SelectServiceRequest	XUI_PRL_036_005_SelectServiceRequest	1706091435761	1706091435822	OK	 
REQUEST	XUI_PRL_036_SelectServiceRequest	XUI_PRL_036_010_SelectServiceRequest	1706091435823	1706091436675	OK	 
GROUP	XUI_PRL_036_SelectServiceRequest	1706091435760	1706091436677	913	OK
REQUEST	XUI_PRL_037_SelectParties	XUI_PRL_037_005_SelectParties	1706091436678	1706091436742	OK	 
REQUEST	XUI_PRL_037_SelectParties	XUI_PRL_037_010_SelectParties	1706091436743	1706091437697	OK	 
GROUP	XUI_PRL_037_SelectParties	1706091436677	1706091437699	1018	OK
REQUEST	XUI_PRL_031_SelectCase	XUI_PRL_031_005_SelectCase	1706091437701	1706091442824	OK	 
GROUP	XUI_PRL_031_SelectCase	1706091437700	1706091442826	5123	OK
REQUEST	XUI_PRL_032_SelectApplication	XUI_PRL_032_005_SelectApplication	1706091442827	1706091442884	OK	 
REQUEST	XUI_PRL_032_SelectApplication	XUI_PRL_032_010_SelectApplication	1706091442887	1706091444108	OK	 
GROUP	XUI_PRL_032_SelectApplication	1706091442826	1706091444110	1278	OK
REQUEST	XUI_PRL_033_SelectSupport	XUI_PRL_033_005_SelectSupport	1706091444112	1706091444187	OK	 
GROUP	XUI_PRL_033_SelectSupport	1706091444111	1706091444187	75	OK
REQUEST	XUI_PRL_034_SelectCaseDocuments	XUI_PRL_034_005_SelectCaseDocuments	1706091444188	1706091444259	OK	 
GROUP	XUI_PRL_034_SelectCaseDocuments	1706091444187	1706091444260	71	OK
REQUEST	XUI_PRL_035_SelectHistory	XUI_PRL_035_005_SelectHistory	1706091444260	1706091444317	OK	 
GROUP	XUI_PRL_035_SelectHistory	1706091444260	1706091444317	57	OK
REQUEST	XUI_PRL_036_SelectServiceRequest	XUI_PRL_036_005_SelectServiceRequest	1706091444318	1706091444389	OK	 
REQUEST	XUI_PRL_036_SelectServiceRequest	XUI_PRL_036_010_SelectServiceRequest	1706091444392	1706091445276	OK	 
GROUP	XUI_PRL_036_SelectServiceRequest	1706091444317	1706091445278	955	OK
REQUEST	XUI_PRL_037_SelectParties	XUI_PRL_037_005_SelectParties	1706091445279	1706091445338	OK	 
REQUEST	XUI_PRL_037_SelectParties	XUI_PRL_037_010_SelectParties	1706091445340	1706091446300	OK	 
GROUP	XUI_PRL_037_SelectParties	1706091445278	1706091446302	1019	OK
REQUEST	XUI_PRL_031_SelectCase	XUI_PRL_031_005_SelectCase	1706091446305	1706091448103	OK	 
GROUP	XUI_PRL_031_SelectCase	1706091446303	1706091448103	1798	OK
REQUEST	XUI_PRL_032_SelectApplication	XUI_PRL_032_005_SelectApplication	1706091448104	1706091448179	OK	 
REQUEST	XUI_PRL_032_SelectApplication	XUI_PRL_032_010_SelectApplication	1706091448180	1706091449276	OK	 
GROUP	XUI_PRL_032_SelectApplication	1706091448103	1706091449278	1171	OK
REQUEST	XUI_PRL_033_SelectSupport	XUI_PRL_033_005_SelectSupport	1706091449279	1706091449349	OK	 
GROUP	XUI_PRL_033_SelectSupport	1706091449278	1706091449350	70	OK
REQUEST	XUI_PRL_034_SelectCaseDocuments	XUI_PRL_034_005_SelectCaseDocuments	1706091449352	1706091449409	OK	 
GROUP	XUI_PRL_034_SelectCaseDocuments	1706091449350	1706091449409	57	OK
REQUEST	XUI_PRL_035_SelectHistory	XUI_PRL_035_005_SelectHistory	1706091449410	1706091449483	OK	 
GROUP	XUI_PRL_035_SelectHistory	1706091449409	1706091449484	73	OK
REQUEST	XUI_PRL_036_SelectServiceRequest	XUI_PRL_036_005_SelectServiceRequest	1706091449486	1706091449553	OK	 
REQUEST	XUI_PRL_036_SelectServiceRequest	XUI_PRL_036_010_SelectServiceRequest	1706091449555	1706091450424	OK	 
GROUP	XUI_PRL_036_SelectServiceRequest	1706091449484	1706091450426	936	OK
REQUEST	XUI_PRL_037_SelectParties	XUI_PRL_037_005_SelectParties	1706091450427	1706091450516	OK	 
REQUEST	XUI_PRL_037_SelectParties	XUI_PRL_037_010_SelectParties	1706091450519	1706091451659	OK	 
GROUP	XUI_PRL_037_SelectParties	1706091450426	1706091451661	1229	OK
REQUEST	XUI_PRL_031_SelectCase	XUI_PRL_031_005_SelectCase	1706091451664	1706091456622	OK	 
GROUP	XUI_PRL_031_SelectCase	1706091451662	1706091456623	4958	OK
REQUEST	XUI_PRL_032_SelectApplication	XUI_PRL_032_005_SelectApplication	1706091456624	1706091456788	OK	 
REQUEST	XUI_PRL_032_SelectApplication	XUI_PRL_032_010_SelectApplication	1706091456790	1706091457869	OK	 
GROUP	XUI_PRL_032_SelectApplication	1706091456623	1706091457871	1243	OK
REQUEST	XUI_PRL_033_SelectSupport	XUI_PRL_033_005_SelectSupport	1706091457872	1706091458094	OK	 
GROUP	XUI_PRL_033_SelectSupport	1706091457871	1706091458096	222	OK
REQUEST	XUI_PRL_034_SelectCaseDocuments	XUI_PRL_034_005_SelectCaseDocuments	1706091458097	1706091458155	OK	 
GROUP	XUI_PRL_034_SelectCaseDocuments	1706091458096	1706091458157	58	OK
REQUEST	XUI_PRL_035_SelectHistory	XUI_PRL_035_005_SelectHistory	1706091458158	1706091458246	OK	 
GROUP	XUI_PRL_035_SelectHistory	1706091458157	1706091458247	88	OK
REQUEST	XUI_PRL_036_SelectServiceRequest	XUI_PRL_036_005_SelectServiceRequest	1706091458248	1706091458307	OK	 
REQUEST	XUI_PRL_036_SelectServiceRequest	XUI_PRL_036_010_SelectServiceRequest	1706091458309	1706091459098	OK	 
GROUP	XUI_PRL_036_SelectServiceRequest	1706091458247	1706091459100	848	OK
REQUEST	XUI_PRL_037_SelectParties	XUI_PRL_037_005_SelectParties	1706091459101	1706091459182	OK	 
REQUEST	XUI_PRL_037_SelectParties	XUI_PRL_037_010_SelectParties	1706091459183	1706091460771	OK	 
GROUP	XUI_PRL_037_SelectParties	1706091459100	1706091460773	1669	OK
REQUEST	XUI_PRL_031_SelectCase	XUI_PRL_031_005_SelectCase	1706091460776	1706091464529	OK	 
GROUP	XUI_PRL_031_SelectCase	1706091460774	1706091464531	3753	OK
REQUEST	XUI_PRL_032_SelectApplication	XUI_PRL_032_005_SelectApplication	1706091464533	1706091464595	OK	 
REQUEST	XUI_PRL_032_SelectApplication	XUI_PRL_032_010_SelectApplication	1706091464597	1706091465959	OK	 
GROUP	XUI_PRL_032_SelectApplication	1706091464531	1706091465960	1424	OK
REQUEST	XUI_PRL_033_SelectSupport	XUI_PRL_033_005_SelectSupport	1706091465962	1706091466082	OK	 
GROUP	XUI_PRL_033_SelectSupport	1706091465960	1706091466084	120	OK
REQUEST	XUI_PRL_034_SelectCaseDocuments	XUI_PRL_034_005_SelectCaseDocuments	1706091466085	1706091466144	OK	 
GROUP	XUI_PRL_034_SelectCaseDocuments	1706091466084	1706091466145	59	OK
REQUEST	XUI_PRL_035_SelectHistory	XUI_PRL_035_005_SelectHistory	1706091466145	1706091466215	OK	 
GROUP	XUI_PRL_035_SelectHistory	1706091466145	1706091466215	70	OK
REQUEST	XUI_PRL_036_SelectServiceRequest	XUI_PRL_036_005_SelectServiceRequest	1706091466216	1706091466283	OK	 
REQUEST	XUI_PRL_036_SelectServiceRequest	XUI_PRL_036_010_SelectServiceRequest	1706091466284	1706091467088	OK	 
GROUP	XUI_PRL_036_SelectServiceRequest	1706091466215	1706091467089	871	OK
REQUEST	XUI_PRL_037_SelectParties	XUI_PRL_037_005_SelectParties	1706091467090	1706091467146	OK	 
REQUEST	XUI_PRL_037_SelectParties	XUI_PRL_037_010_SelectParties	1706091467148	1706091468379	OK	 
GROUP	XUI_PRL_037_SelectParties	1706091467089	1706091468381	1287	OK
REQUEST	XUI_PRL_031_SelectCase	XUI_PRL_031_005_SelectCase	1706091468384	1706091471712	OK	 
GROUP	XUI_PRL_031_SelectCase	1706091468382	1706091471714	3328	OK
REQUEST	XUI_PRL_032_SelectApplication	XUI_PRL_032_005_SelectApplication	1706091471716	1706091471776	OK	 
REQUEST	XUI_PRL_032_SelectApplication	XUI_PRL_032_010_SelectApplication	1706091471777	1706091474779	OK	 
GROUP	XUI_PRL_032_SelectApplication	1706091471714	1706091474806	3062	OK
REQUEST	XUI_PRL_033_SelectSupport	XUI_PRL_033_005_SelectSupport	1706091474806	1706091474870	OK	 
GROUP	XUI_PRL_033_SelectSupport	1706091474806	1706091474870	64	OK
REQUEST	XUI_PRL_034_SelectCaseDocuments	XUI_PRL_034_005_SelectCaseDocuments	1706091474871	1706091474960	OK	 
GROUP	XUI_PRL_034_SelectCaseDocuments	1706091474871	1706091474960	89	OK
REQUEST	XUI_PRL_035_SelectHistory	XUI_PRL_035_005_SelectHistory	1706091474961	1706091475041	OK	 
GROUP	XUI_PRL_035_SelectHistory	1706091474961	1706091475042	80	OK
REQUEST	XUI_PRL_036_SelectServiceRequest	XUI_PRL_036_005_SelectServiceRequest	1706091475043	1706091475101	OK	 
REQUEST	XUI_PRL_036_SelectServiceRequest	XUI_PRL_036_010_SelectServiceRequest	1706091475105	1706091475893	OK	 
GROUP	XUI_PRL_036_SelectServiceRequest	1706091475042	1706091475895	846	OK
REQUEST	XUI_PRL_037_SelectParties	XUI_PRL_037_005_SelectParties	1706091475897	1706091475958	OK	 
REQUEST	XUI_PRL_037_SelectParties	XUI_PRL_037_010_SelectParties	1706091475959	1706091479322	OK	 
GROUP	XUI_PRL_037_SelectParties	1706091475895	1706091479346	3424	OK
REQUEST	XUI_PRL_031_SelectCase	XUI_PRL_031_005_SelectCase	1706091479348	1706091482445	OK	 
GROUP	XUI_PRL_031_SelectCase	1706091479348	1706091482447	3097	OK
REQUEST	XUI_PRL_032_SelectApplication	XUI_PRL_032_005_SelectApplication	1706091482448	1706091482523	OK	 
REQUEST	XUI_PRL_032_SelectApplication	XUI_PRL_032_010_SelectApplication	1706091482526	1706091487918	OK	 
GROUP	XUI_PRL_032_SelectApplication	1706091482447	1706091487942	5467	OK
REQUEST	XUI_PRL_033_SelectSupport	XUI_PRL_033_005_SelectSupport	1706091487942	1706091488095	OK	 
GROUP	XUI_PRL_033_SelectSupport	1706091487942	1706091488097	153	OK
REQUEST	XUI_PRL_034_SelectCaseDocuments	XUI_PRL_034_005_SelectCaseDocuments	1706091488098	1706091488160	OK	 
GROUP	XUI_PRL_034_SelectCaseDocuments	1706091488097	1706091488161	62	OK
REQUEST	XUI_PRL_035_SelectHistory	XUI_PRL_035_005_SelectHistory	1706091488161	1706091488234	OK	 
GROUP	XUI_PRL_035_SelectHistory	1706091488161	1706091488235	73	OK
REQUEST	XUI_PRL_036_SelectServiceRequest	XUI_PRL_036_005_SelectServiceRequest	1706091488236	1706091488313	OK	 
REQUEST	XUI_PRL_036_SelectServiceRequest	XUI_PRL_036_010_SelectServiceRequest	1706091488315	1706091489206	OK	 
GROUP	XUI_PRL_036_SelectServiceRequest	1706091488235	1706091489208	968	OK
REQUEST	XUI_PRL_037_SelectParties	XUI_PRL_037_005_SelectParties	1706091489209	1706091489273	OK	 
REQUEST	XUI_PRL_037_SelectParties	XUI_PRL_037_010_SelectParties	1706091489274	1706091492322	OK	 
GROUP	XUI_PRL_037_SelectParties	1706091489208	1706091492352	3112	OK
REQUEST	XUI_PRL_031_SelectCase	XUI_PRL_031_005_SelectCase	1706091492353	1706091496074	OK	 
GROUP	XUI_PRL_031_SelectCase	1706091492353	1706091496075	3721	OK
REQUEST	XUI_PRL_032_SelectApplication	XUI_PRL_032_005_SelectApplication	1706091496075	1706091496155	OK	 
REQUEST	XUI_PRL_032_SelectApplication	XUI_PRL_032_010_SelectApplication	1706091496156	1706091497253	OK	 
GROUP	XUI_PRL_032_SelectApplication	1706091496075	1706091497255	1177	OK
REQUEST	XUI_PRL_033_SelectSupport	XUI_PRL_033_005_SelectSupport	1706091497256	1706091497315	OK	 
GROUP	XUI_PRL_033_SelectSupport	1706091497255	1706091497316	59	OK
REQUEST	XUI_PRL_034_SelectCaseDocuments	XUI_PRL_034_005_SelectCaseDocuments	1706091497316	1706091497378	OK	 
GROUP	XUI_PRL_034_SelectCaseDocuments	1706091497316	1706091497378	62	OK
REQUEST	XUI_PRL_035_SelectHistory	XUI_PRL_035_005_SelectHistory	1706091497379	1706091497454	OK	 
GROUP	XUI_PRL_035_SelectHistory	1706091497378	1706091497456	75	OK
REQUEST	XUI_PRL_036_SelectServiceRequest	XUI_PRL_036_005_SelectServiceRequest	1706091497457	1706091497522	OK	 
REQUEST	XUI_PRL_036_SelectServiceRequest	XUI_PRL_036_010_SelectServiceRequest	1706091497524	1706091498383	OK	 
GROUP	XUI_PRL_036_SelectServiceRequest	1706091497456	1706091498385	924	OK
REQUEST	XUI_PRL_037_SelectParties	XUI_PRL_037_005_SelectParties	1706091498386	1706091498512	OK	 
REQUEST	XUI_PRL_037_SelectParties	XUI_PRL_037_010_SelectParties	1706091498515	1706091499566	OK	 
GROUP	XUI_PRL_037_SelectParties	1706091498385	1706091499567	1177	OK
REQUEST	XUI_PRL_031_SelectCase	XUI_PRL_031_005_SelectCase	1706091499570	1706091501600	OK	 
GROUP	XUI_PRL_031_SelectCase	1706091499568	1706091501602	2030	OK
REQUEST	XUI_PRL_032_SelectApplication	XUI_PRL_032_005_SelectApplication	1706091501604	1706091501678	OK	 
REQUEST	XUI_PRL_032_SelectApplication	XUI_PRL_032_010_SelectApplication	1706091501680	1706091504953	OK	 
GROUP	XUI_PRL_032_SelectApplication	1706091501602	1706091504969	3347	OK
REQUEST	XUI_PRL_033_SelectSupport	XUI_PRL_033_005_SelectSupport	1706091504970	1706091505042	OK	 
GROUP	XUI_PRL_033_SelectSupport	1706091504969	1706091505043	72	OK
REQUEST	XUI_PRL_034_SelectCaseDocuments	XUI_PRL_034_005_SelectCaseDocuments	1706091505044	1706091505106	OK	 
GROUP	XUI_PRL_034_SelectCaseDocuments	1706091505043	1706091505107	62	OK
REQUEST	XUI_PRL_035_SelectHistory	XUI_PRL_035_005_SelectHistory	1706091505108	1706091505167	OK	 
GROUP	XUI_PRL_035_SelectHistory	1706091505107	1706091505167	59	OK
REQUEST	XUI_PRL_036_SelectServiceRequest	XUI_PRL_036_005_SelectServiceRequest	1706091505168	1706091505237	OK	 
REQUEST	XUI_PRL_036_SelectServiceRequest	XUI_PRL_036_010_SelectServiceRequest	1706091505238	1706091506373	OK	 
GROUP	XUI_PRL_036_SelectServiceRequest	1706091505168	1706091506375	1204	OK
REQUEST	XUI_PRL_037_SelectParties	XUI_PRL_037_005_SelectParties	1706091506376	1706091506435	OK	 
REQUEST	XUI_PRL_037_SelectParties	XUI_PRL_037_010_SelectParties	1706091506436	1706091509634	OK	 
GROUP	XUI_PRL_037_SelectParties	1706091506375	1706091509658	3257	OK
USER	***** PRL Case Flags 2.1 Journey *****	END	1706091509665
