ASSERTION	AAECAAIFAAAAAAAAAFlA
RUN	simulations.PRL_Simulation	prl-simulation	1706787970466	 	3.9.5
USER	***** PRL Citizen Journey *****	START	1706787970885
REQUEST	XUI_010_Homepage	XUI_010_005_Homepage	1706787970894	1706787970989	OK	 
REQUEST	XUI_010_Homepage	XUI_Common_000_ConfigurationUI	1706787972080	1706787972107	OK	 
REQUEST	XUI_010_Homepage	XUI_Common_000_ConfigJson	1706787972108	1706787972135	OK	 
REQUEST	XUI_010_Homepage	XUI_Common_000_TsAndCs	1706787972136	1706787972164	OK	 
REQUEST	XUI_010_Homepage	XUI_Common_000_ConfigUI	1706787972165	1706787972191	OK	 
REQUEST	XUI_010_Homepage	XUI_Common_000_UserDetails	1706787972192	1706787972222	OK	 
REQUEST	XUI_010_Homepage	XUI_Common_000_IsAuthenticated	1706787972223	1706787972252	OK	 
REQUEST	XUI_010_Homepage	XUI_010_010_AuthLogin	1706787972254	1706787972285	OK	 
REQUEST	XUI_010_Homepage	XUI_010_010_AuthLogin Redirect 1	1706787972286	1706787972387	OK	 
REQUEST	XUI_010_Homepage	XUI_010_010_AuthLogin Redirect 2	1706787972388	1706787972425	OK	 
GROUP	XUI_010_Homepage	1706787970886	1706787972630	1656	OK
REQUEST	XUI_020_Login	XUI_020_005_Login	1706787972633	1706787972724	OK	 
REQUEST	XUI_020_Login	XUI_020_005_Login Redirect 1	1706787972725	1706787973525	OK	 
REQUEST	XUI_020_Login	XUI_020_005_Login Redirect 2	1706787973531	1706787973561	OK	 
REQUEST	XUI_020_Login	XUI_Common_000_ConfigurationUI	1706787974662	1706787974783	OK	 
REQUEST	XUI_020_Login	XUI_Common_000_ConfigJson	1706787974784	1706787974820	OK	 
REQUEST	XUI_020_Login	XUI_Common_000_TsAndCs	1706787974821	1706787974855	OK	 
REQUEST	XUI_020_Login	XUI_Common_000_ConfigUI	1706787974857	1706787974890	OK	 
REQUEST	XUI_020_Login	XUI_Common_000_UserDetails	1706787974891	1706787975708	OK	 
REQUEST	XUI_020_Login	XUI_Common_000_IsAuthenticated	1706787975713	1706787975775	OK	 
REQUEST	XUI_020_Login	XUI_Common_000_MonitoringTools	1706787975778	1706787975866	OK	 
GROUP	XUI_020_Login	1706787972630	1706787975900	3209	OK
REQUEST	XUI_PRL_030_CreateCaseStart	XUI_PRL_030_005_CreateCaseStart	1706787975903	1706787978388	OK	 
GROUP	XUI_PRL_030_CreateCaseStart	1706787975901	1706787978408	2485	OK
REQUEST	XUI_PRL_031_Type_Of_Application	XUI_PRL_031_005_Type_Of_Application	1706787978410	1706787979264	OK	 
GROUP	XUI_PRL_031_Type_Of_Application	1706787978408	1706787979265	854	OK
REQUEST	XUI_PRL_032_ApplicationCheckYourAnswers	XUI_PRL_032_005_ApplicationCheckYourAnswers	1706787979267	1706787988913	OK	 
GROUP	XUI_PRL_032_ApplicationCheckYourAnswers	1706787979266	1706787988927	9646	OK
REQUEST	XUI_PRL_033_ApplicationDetails	XUI_PRL_033_005_ApplicationDetails	1706787988927	1706787990141	OK	 
GROUP	XUI_PRL_033_ApplicationDetails	1706787988927	1706787990171	1214	OK
REQUEST	XUI_PRL_034_EnterApplicationDetails	XUI_PRL_034_005_EnterApplicationDetails	1706787990172	1706787991014	OK	 
GROUP	XUI_PRL_034_EnterApplicationDetails	1706787990171	1706787991014	842	OK
REQUEST	XUI_PRL_035_SubmitApplicationDetails	XUI_PRL_035_005_SubmitApplicationDetails	1706787991015	1706787995841	OK	 
GROUP	XUI_PRL_035_SubmitApplicationDetails	1706787991014	1706787995844	4826	OK
REQUEST	XUI_PRL_036_SubmitAndPay	XUI_PRL_036_005_SubmitAndPay	1706787995846	1706788004442	OK	 
GROUP	XUI_PRL_036_SubmitAndPay	1706787995845	1706788004459	8596	OK
REQUEST	XUI_PRL_037_ConfidentialityStatement	XUI_PRL_037_005_ConfidentialityStatement	1706788004460	1706788005170	OK	 
GROUP	XUI_PRL_037_ConfidentialityStatement	1706788004459	1706788005172	710	OK
REQUEST	XUI_PRL_038_Declaration	XUI_PRL_038_005_Declaration	1706788005173	1706788005876	OK	 
GROUP	XUI_PRL_038_Declaration	1706788005172	1706788005878	703	OK
REQUEST	XUI_PRL_039_Continue	XUI_PRL_039_005_Continue	1706788005880	1706788006915	OK	 
GROUP	XUI_PRL_039_Continue	1706788005878	1706788006919	1035	OK
REQUEST	XUI_PRL_040_Continue	XUI_PRL_039_005_Continue	1706788006920	1706788013692	OK	 
GROUP	XUI_PRL_040_Continue	1706788006919	1706788013696	6772	OK
REQUEST	XUI_PRL_041_DummyPaymentConfirmation 	XUI_PRL_041_005_DummyPaymentConfirmation 	1706788013696	1706788014390	OK	 
GROUP	XUI_PRL_041_DummyPaymentConfirmation 	1706788013696	1706788014392	694	OK
REQUEST	XUI_PRL_042_PaymentOption	XUI_PRL_042_005_PaymentOption	1706788014393	1706788015187	OK	 
GROUP	XUI_PRL_042_PaymentOption	1706788014392	1706788015193	794	OK
REQUEST	XUI_PRL_043_PaymentOption	XUI_PRL_043_005_PaymentOption	1706788015193	1706788015329	OK	 
REQUEST	XUI_PRL_043_PaymentOption	XUI_PRL_043_005_PaymentOption Redirect 1	1706788015333	1706788015445	OK	 
GROUP	XUI_PRL_043_PaymentOption	1706788015193	1706788015730	520	OK
REQUEST	XUI_PRL_044_CardDetails	XUI_PRL_044_005_CardDetails	1706788015731	1706788015846	OK	 
REQUEST	XUI_PRL_044_CardDetails	XUI_PRL_044_005_CardDetails Redirect 1	1706788015846	1706788015898	OK	 
GROUP	XUI_PRL_044_CardDetails	1706788015730	1706788015906	168	OK
REQUEST	XUI_PRL_045_ConfirmPayment	XUI_PRL_045_005_ConfirmPayment	1706788015907	1706788015991	OK	 
REQUEST	XUI_PRL_045_ConfirmPayment	XUI_PRL_045_005_ConfirmPayment Redirect 1	1706788015991	1706788016029	OK	 
REQUEST	XUI_PRL_045_ConfirmPayment	XUI_PRL_045_005_ConfirmPayment Redirect 2	1706788016034	1706788018685	OK	 
GROUP	XUI_PRL_045_ConfirmPayment	1706788015906	1706788018831	2911	OK
USER	***** PRL Citizen Journey *****	END	1706788018835
