ASSERTION	AAECAAIFAAAAAAAAAFlA
RUN	simulations.PRL_Simulation	prl-simulation	1697628396132	 	3.9.5
USER	***** Private Law Create Case *****	START	1697628396685
REQUEST	XUI_010_Homepage	XUI_010_005_Homepage	1697628396712	1697628396870	OK	 
REQUEST	XUI_010_Homepage	XUI_Common_000_ConfigurationUI	1697628427736	1697628427908	OK	 
REQUEST	XUI_010_Homepage	XUI_Common_000_ConfigJson	1697628427912	1697628428112	OK	 
REQUEST	XUI_010_Homepage	XUI_Common_000_TsAndCs	1697628428113	1697628428417	OK	 
REQUEST	XUI_010_Homepage	XUI_Common_000_ConfigUI	1697628428418	1697628428595	OK	 
REQUEST	XUI_010_Homepage	XUI_Common_000_UserDetails	1697628428596	1697628428715	OK	 
REQUEST	XUI_010_Homepage	XUI_Common_000_IsAuthenticated	1697628428716	1697628428894	OK	 
REQUEST	XUI_010_Homepage	XUI_010_010_AuthLogin	1697628428896	1697628429053	OK	 
REQUEST	XUI_010_Homepage	XUI_010_010_AuthLogin Redirect 1	1697628429056	1697628429358	OK	 
REQUEST	XUI_010_Homepage	XUI_010_010_AuthLogin Redirect 2	1697628429359	1697628429558	OK	 
GROUP	XUI_010_Homepage	1697628396687	1697628435719	38912	OK
REQUEST	XUI_020_Login	XUI_020_005_Login	1697628435722	1697628436210	OK	 
REQUEST	XUI_020_Login	XUI_020_005_Login Redirect 1	1697628436210	1697628437155	OK	 
REQUEST	XUI_020_Login	XUI_020_005_Login Redirect 2	1697628437156	1697628437231	OK	 
REQUEST	XUI_020_Login	XUI_Common_000_ConfigurationUI	1697628463977	1697628464090	OK	 
REQUEST	XUI_020_Login	XUI_Common_000_ConfigJson	1697628464091	1697628464215	OK	 
REQUEST	XUI_020_Login	XUI_Common_000_TsAndCs	1697628464216	1697628464402	OK	 
REQUEST	XUI_020_Login	XUI_Common_000_ConfigUI	1697628464403	1697628465229	OK	 
REQUEST	XUI_020_Login	XUI_Common_000_UserDetails	1697628465230	1697628466533	OK	 
REQUEST	XUI_020_Login	XUI_Common_000_IsAuthenticated	1697628466534	1697628466660	OK	 
REQUEST	XUI_020_Login	XUI_Common_000_MonitoringTools	1697628466663	1697628466726	OK	 
GROUP	XUI_020_Login	1697628435719	1697628466757	30991	OK
REQUEST	XUI_PRL_030_CreateCaseStart	XUI_PRL_030_005_CreateCaseStart	1697628466760	1697628471879	OK	 
GROUP	XUI_PRL_030_CreateCaseStart	1697628466758	1697628471887	5119	OK
REQUEST	XUI_PRL_031_Type_Of_Application	XUI_PRL_031_005_Type_Of_Application	1697628471889	1697628472921	OK	 
GROUP	XUI_PRL_031_Type_Of_Application	1697628471887	1697628472921	1032	OK
REQUEST	XUI_PRL_032_ApplicationCheckYourAnswers	XUI_PRL_032_005_ApplicationCheckYourAnswers	1697628472922	1697628484555	OK	 
GROUP	XUI_PRL_032_ApplicationCheckYourAnswers	1697628472921	1697628484565	11633	OK
REQUEST	XUI_PRL_033_ApplicationDetails	XUI_PRL_033_005_ApplicationDetails	1697628484566	1697628493066	OK	 
GROUP	XUI_PRL_033_ApplicationDetails	1697628484565	1697628493109	8500	OK
REQUEST	XUI_PRL_034_EnterApplicationDetails	XUI_PRL_034_005_EnterApplicationDetails	1697628493109	1697628494274	OK	 
GROUP	XUI_PRL_034_EnterApplicationDetails	1697628493109	1697628494274	1165	OK
REQUEST	XUI_PRL_035_SubmitApplicationDetails	XUI_PRL_035_005_SubmitApplicationDetails	1697628494275	1697628503139	OK	 
GROUP	XUI_PRL_035_SubmitApplicationDetails	1697628494274	1697628503139	8864	OK
REQUEST	XUI_PRL_036_SubmitAndPay	XUI_PRL_036_005_SubmitAndPay	1697628503140	1697628512629	OK	 
GROUP	XUI_PRL_036_SubmitAndPay	1697628503140	1697628512638	9489	OK
REQUEST	XUI_PRL_037_ConfidentialityStatement	XUI_PRL_037_005_ConfidentialityStatement	1697628512638	1697628514326	OK	 
GROUP	XUI_PRL_037_ConfidentialityStatement	1697628512638	1697628514327	1688	OK
REQUEST	XUI_PRL_038_Declaration	XUI_PRL_038_005_Declaration	1697628514329	1697628516130	OK	 
GROUP	XUI_PRL_038_Declaration	1697628514327	1697628516131	1801	OK
REQUEST	XUI_PRL_039_Continue	XUI_PRL_039_005_Continue	1697628516131	1697628516898	OK	 
GROUP	XUI_PRL_039_Continue	1697628516131	1697628516898	767	OK
USER	***** Private Law Create Case *****	END	1697628516903
