ASSERTION	AAECAAMFAAAAAAAAAFlA
RUN	simulations.XUI_Simulation	xui-simulation	1669651841141	 	3.3.1
USER	***** Private Law Create Case *****	1	START	1669651842949	1669651842949
REQUEST	1	XUI_010_Homepage	XUI_010_005_Homepage	1669651842975	1669651843825	OK	 
REQUEST	1	XUI_010_Homepage	XUI_Common_000_ConfigurationUI	1669651903936	1669651908348	OK	 
REQUEST	1	XUI_010_Homepage	XUI_Common_000_ConfigJson	1669651908371	1669651918967	OK	 
REQUEST	1	XUI_010_Homepage	XUI_Common_000_TsAndCs	1669651918973	1669651919255	OK	 
REQUEST	1	XUI_010_Homepage	XUI_Common_000_ConfigUI	1669651919266	1669651919494	OK	 
REQUEST	1	XUI_010_Homepage	XUI_Common_000_UserDetails	1669651919502	1669651920846	OK	 
REQUEST	1	XUI_010_Homepage	XUI_Common_000_IsAuthenticated	1669651920850	1669651922198	OK	 
REQUEST	1	XUI_010_Homepage	XUI_010_010_AuthLogin	1669651922217	1669651924878	OK	 
REQUEST	1	XUI_010_Homepage	XUI_010_010_AuthLogin Redirect 1	1669651924893	1669651930475	OK	 
REQUEST	1	XUI_010_Homepage	XUI_010_010_AuthLogin Redirect 2	1669651930482	1669651930679	OK	 
GROUP	1	XUI_010_Homepage	1669651842958	1669651939382	96119	OK
REQUEST	1	XUI_020_Login	XUI_020_005_Login	1669651939423	1669651940113	OK	 
REQUEST	1	XUI_020_Login	XUI_020_005_Login Redirect 1	1669651940121	1669651940829	OK	 
REQUEST	1	XUI_020_Login	XUI_020_005_Login Redirect 2	1669651940852	1669651941213	OK	 
REQUEST	1	XUI_020_Login	XUI_Common_000_ConfigurationUI	1669652002400	1669652003190	OK	 
REQUEST	1	XUI_020_Login	XUI_Common_000_ConfigJson	1669652003195	1669652003299	OK	 
REQUEST	1	XUI_020_Login	XUI_Common_000_TsAndCs	1669652003314	1669652003475	OK	 
REQUEST	1	XUI_020_Login	XUI_Common_000_ConfigUI	1669652003481	1669652003594	OK	 
REQUEST	1	XUI_020_Login	XUI_Common_000_UserDetails	1669652003598	1669652004151	OK	 
REQUEST	1	XUI_020_Login	XUI_Common_000_IsAuthenticated	1669652004158	1669652004430	OK	 
REQUEST	1	XUI_020_Login	XUI_Common_000_MonitoringTools	1669652004443	1669652004569	OK	 
REQUEST	1	XUI_020_Login	XUI_Common_000_ActivityOptions	1669652004659	1669652004961	OK	 
REQUEST	1	XUI_020_Login	XUI_Common_000_ActivityGet	1669652004972	1669652005428	KO	status.find.in(200,304,403), but actually found 404
GROUP	1	XUI_020_Login	1669651939384	1669652005451	65774	KO
USER	***** Private Law Create Case *****	1	END	1669651842949	1669652005467
