ASSERTION	AAECAAIFAAAAAAAAAFlA
RUN	simulations.PRL_Simulation	prl-simulation	1704889265686	 	3.9.5
USER	***** PRL Citizen Journey *****	START	1704889266380
REQUEST	XUI_010_Homepage	XUI_010_005_Homepage	1704889266388	1704889266644	OK	 
REQUEST	XUI_010_Homepage	XUI_Common_000_ConfigurationUI	1704889326697	1704889327443	OK	 
REQUEST	XUI_010_Homepage	XUI_Common_000_ConfigJson	1704889327445	1704889328585	OK	 
REQUEST	XUI_010_Homepage	XUI_Common_000_TsAndCs	1704889328587	1704889328937	OK	 
REQUEST	XUI_010_Homepage	XUI_Common_000_ConfigUI	1704889328939	1704889329094	OK	 
REQUEST	XUI_010_Homepage	XUI_Common_000_UserDetails	1704889329098	1704889329219	OK	 
REQUEST	XUI_010_Homepage	XUI_Common_000_IsAuthenticated	1704889329222	1704889329322	OK	 
REQUEST	XUI_010_Homepage	XUI_010_010_AuthLogin	1704889329330	1704889329470	OK	 
REQUEST	XUI_010_Homepage	XUI_010_010_AuthLogin Redirect 1	1704889329474	1704889330013	OK	 
REQUEST	XUI_010_Homepage	XUI_010_010_AuthLogin Redirect 2	1704889330016	1704889330221	OK	 
GROUP	XUI_010_Homepage	1704889266381	1704889346837	80336	OK
REQUEST	XUI_020_Login	XUI_020_005_Login	1704889346844	1704889346978	OK	 
REQUEST	XUI_020_Login	XUI_020_005_Login Redirect 1	1704889346979	1704889347410	OK	 
REQUEST	XUI_020_Login	XUI_020_005_Login Redirect 2	1704889347415	1704889347515	OK	 
REQUEST	XUI_020_Login	XUI_Common_000_ConfigurationUI	1704889394543	1704889394609	OK	 
REQUEST	XUI_020_Login	XUI_Common_000_ConfigJson	1704889394609	1704889394726	OK	 
REQUEST	XUI_020_Login	XUI_Common_000_TsAndCs	1704889394728	1704889394774	OK	 
REQUEST	XUI_020_Login	XUI_Common_000_ConfigUI	1704889394777	1704889394955	OK	 
REQUEST	XUI_020_Login	XUI_Common_000_UserDetails	1704889394956	1704889395174	OK	 
REQUEST	XUI_020_Login	XUI_Common_000_IsAuthenticated	1704889395178	1704889395213	OK	 
REQUEST	XUI_020_Login	XUI_Common_000_MonitoringTools	1704889395216	1704889395267	OK	 
GROUP	XUI_020_Login	1704889346837	1704889395304	48397	OK
REQUEST	XUI_PRL_030_TaskTab	XUI_PRL_030_005_SelectIssue	1704889395305	1704889395620	OK	 
GROUP	XUI_PRL_030_TaskTab	1704889395304	1704889395623	315	OK
ERROR	XUI_PRL_031_005_AssignToMe: Failed to build request: No attribute named 'id' is defined 	1704889395625
GROUP	XUI_PRL_031_AssignToMe	1704889395623	1704889395626	0	KO
USER	***** PRL Citizen Journey *****	END	1704889395634
