ASSERTION	AAECAAMFAAAAAAAAAFlA
RUN	simulations.XUI_Simulation	xui-simulation	1673018864464	 	3.3.1
USER	***** Private Law Create Case *****	1	START	1673018865456	1673018865456
REQUEST	1	PRL_CitizenC100_010_PRLHome	PRL_CitizenC100_010_005_PRLHome	1673018865498	1673018865621	OK	 
REQUEST	1	PRL_CitizenC100_010_PRLHome	PRL_CitizenC100_010_005_PRLHome Redirect 1	1673018865637	1673018865714	OK	 
REQUEST	1	PRL_CitizenC100_010_PRLHome	PRL_CitizenC100_010_005_PRLHome Redirect 2	1673018865714	1673018865801	OK	 
GROUP	1	PRL_CitizenC100_010_PRLHome	1673018865466	1673018866134	501	OK
REQUEST	1	PRL_CitizenC100_020_Login	PRL_CitizenC100_020_005_Login	1673018866141	1673018866491	OK	 
REQUEST	1	PRL_CitizenC100_020_Login	PRL_CitizenC100_020_005_Login Redirect 1	1673018866494	1673018870584	OK	 
REQUEST	1	PRL_CitizenC100_020_Login	PRL_CitizenC100_020_005_Login Redirect 2	1673018870588	1673018873861	OK	 
GROUP	1	PRL_CitizenC100_020_Login	1673018866134	1673018874054	7887	OK
REQUEST	1	PRL_CitizenC100_030_StartApplication	PRL_CitizenC100_030_005_StartApplication	1673018874055	1673018874197	OK	 
GROUP	1	PRL_CitizenC100_030_StartApplication	1673018874054	1673018874314	242	OK
REQUEST	1	PRL_CitizenC100_040_WhatYouWillNeed	PRL_CitizenC100_040_005_WhatYouWillNeed	1673018874315	1673018882567	OK	 
REQUEST	1	PRL_CitizenC100_040_WhatYouWillNeed	PRL_CitizenC100_040_005_WhatYouWillNeed Redirect 1	1673018882569	1673018882627	OK	 
GROUP	1	PRL_CitizenC100_040_WhatYouWillNeed	1673018874314	1673018882734	8391	OK
REQUEST	1	PRL_CitizenC100_050_CaseName	PRL_CitizenC100_050_005_CaseName	1673018882735	1673018882783	OK	 
REQUEST	1	PRL_CitizenC100_050_CaseName	PRL_CitizenC100_050_005_CaseName Redirect 1	1673018882785	1673018882852	OK	 
GROUP	1	PRL_CitizenC100_050_CaseName	1673018882734	1673018882919	176	OK
REQUEST	1	PRL_CitizenC100_060_ChildrenPostCode	PRL_CitizenC100_060_005_ChildrenPostCode	1673018882921	1673018882964	OK	 
REQUEST	1	PRL_CitizenC100_060_ChildrenPostCode	PRL_CitizenC100_060_005_ChildrenPostCode Redirect 1	1673018882966	1673018883041	OK	 
GROUP	1	PRL_CitizenC100_060_ChildrenPostCode	1673018882919	1673018883110	183	OK
REQUEST	1	PRL_CitizenC100_070_WrittenAgreement	PRL_CitizenC100_070_005_WrittenAgreement	1673018883110	1673018883160	OK	 
REQUEST	1	PRL_CitizenC100_070_WrittenAgreement	PRL_CitizenC100_070_005_WrittenAgreement Redirect 1	1673018883161	1673018883224	OK	 
GROUP	1	PRL_CitizenC100_070_WrittenAgreement	1673018883110	1673018883293	178	OK
REQUEST	1	PRL_CitizenC100_080_BeforeCourt	PRL_CitizenC100_080_005_BeforeCourt	1673018883294	1673018883327	OK	 
REQUEST	1	PRL_CitizenC100_080_BeforeCourt	PRL_CitizenC100_080_005_BeforeCourt Redirect 1	1673018883328	1673018883400	OK	 
GROUP	1	PRL_CitizenC100_080_BeforeCourt	1673018883294	1673018883471	172	OK
REQUEST	1	PRL_CitizenC100_090_ReachAgreement	PRL_CitizenC100_090_005_ReachAgreement	1673018883472	1673018883523	OK	 
REQUEST	1	PRL_CitizenC100_090_ReachAgreement	PRL_CitizenC100_090_005_ReachAgreement Redirect 1	1673018883523	1673018883585	OK	 
GROUP	1	PRL_CitizenC100_090_ReachAgreement	1673018883471	1673018883649	174	OK
REQUEST	1	PRL_CitizenC100_100_LegalRep	PRL_CitizenC100_100_005_LegalRep	1673018883651	1673018883690	OK	 
REQUEST	1	PRL_CitizenC100_100_LegalRep	PRL_CitizenC100_100_005_LegalRep Redirect 1	1673018883690	1673018883748	OK	 
GROUP	1	PRL_CitizenC100_100_LegalRep	1673018883650	1673018883806	152	OK
REQUEST	1	PRL_CitizenC100_110_PermissionFromCourt	PRL_CitizenC100_110_005_PermissionFromCourt	1673018883807	1673018883842	OK	 
REQUEST	1	PRL_CitizenC100_110_PermissionFromCourt	PRL_CitizenC100_110_005_PermissionFromCourt Redirect 1	1673018883843	1673018883923	OK	 
GROUP	1	PRL_CitizenC100_110_PermissionFromCourt	1673018883806	1673018883980	169	OK
REQUEST	1	PRL_CitizenC100_120_WhyPermissionFromCourt	PRL_CitizenC100_120_005_WhyPermissionFromCourt	1673018883982	1673018884014	OK	 
REQUEST	1	PRL_CitizenC100_120_WhyPermissionFromCourt	PRL_CitizenC100_120_005_WhyPermissionFromCourt Redirect 1	1673018884014	1673018884078	OK	 
GROUP	1	PRL_CitizenC100_120_WhyPermissionFromCourt	1673018883980	1673018884161	175	OK
REQUEST	1	PRL_CitizenC100_130_WhyCourtShouldGrant	PRL_CitizenC100_130_005_WhyCourtShouldGrant	1673018884161	1673018884196	OK	 
REQUEST	1	PRL_CitizenC100_130_WhyCourtShouldGrant	PRL_CitizenC100_130_005_WhyCourtShouldGrant Redirect 1	1673018884197	1673018884271	OK	 
GROUP	1	PRL_CitizenC100_130_WhyCourtShouldGrant	1673018884161	1673018884365	199	OK
REQUEST	1	PRL_CitizenC100_140_InvolvedInEmergencyProtection	PRL_CitizenC100_140_005_InvolvedInEmergencyProtection	1673018884367	1673018884402	OK	 
REQUEST	1	PRL_CitizenC100_140_InvolvedInEmergencyProtection	PRL_CitizenC100_140_005_InvolvedInEmergencyProtection Redirect 1	1673018884404	1673018884466	OK	 
GROUP	1	PRL_CitizenC100_140_InvolvedInEmergencyProtection	1673018884365	1673018884542	166	OK
REQUEST	1	PRL_CitizenC100_150_AttendingMIAM	PRL_CitizenC100_150_005_AttendingMIAM	1673018884542	1673018884575	OK	 
REQUEST	1	PRL_CitizenC100_150_AttendingMIAM	PRL_CitizenC100_150_005_AttendingMIAM Redirect 1	1673018884576	1673018884637	OK	 
GROUP	1	PRL_CitizenC100_150_AttendingMIAM	1673018884542	1673018884696	150	OK
REQUEST	1	PRL_CitizenC100_160_AttendedMIAM	PRL_CitizenC100_160_005_AttendedMIAM	1673018884698	1673018884728	OK	 
REQUEST	1	PRL_CitizenC100_160_AttendedMIAM	PRL_CitizenC100_160_005_AttendedMIAM Redirect 1	1673018884729	1673018884809	OK	 
GROUP	1	PRL_CitizenC100_160_AttendedMIAM	1673018884696	1673018884874	167	OK
REQUEST	1	PRL_CitizenC100_170_DocumentSigned	PRL_CitizenC100_170_005_DocumentSigned	1673018884874	1673018884909	OK	 
REQUEST	1	PRL_CitizenC100_170_DocumentSigned	PRL_CitizenC100_170_005_DocumentSigned Redirect 1	1673018884909	1673018884968	OK	 
GROUP	1	PRL_CitizenC100_170_DocumentSigned	1673018884874	1673018885038	153	OK
REQUEST	1	PRL_CitizenC100_180_MIAMUpload	PRL_CitizenC100_180_005_MIAMUpload	1673018885075	1673018886458	OK	 
REQUEST	1	PRL_CitizenC100_180_MIAMUpload	PRL_CitizenC100_180_005_MIAMUpload Redirect 1	1673018886461	1673018886528	OK	 
GROUP	1	PRL_CitizenC100_180_MIAMUpload	1673018885038	1673018886602	1516	OK
REQUEST	1	PRL_CitizenC100_190_MIAMUploadSubmit	PRL_CitizenC100_190_005_MIAMUploadSubmit	1673018886603	1673018887024	OK	 
REQUEST	1	PRL_CitizenC100_190_MIAMUploadSubmit	PRL_CitizenC100_190_005_MIAMUploadSubmit Redirect 1	1673018887026	1673018887087	OK	 
REQUEST	1	PRL_CitizenC100_190_MIAMUploadSubmit	PRL_CitizenC100_190_005_MIAMUploadSubmit Redirect 2	1673018887093	1673018887167	OK	 
GROUP	1	PRL_CitizenC100_190_MIAMUploadSubmit	1673018886602	1673018887337	718	OK
REQUEST	1	PRL_CitizenC100_200_MIAMUploadContinue	PRL_CitizenC100_200_005_MIAMUploadContinue	1673018887341	1673018887390	OK	 
REQUEST	1	PRL_CitizenC100_200_MIAMUploadContinue	PRL_CitizenC100_200_005_MIAMUploadContinue Redirect 1	1673018887392	1673018887463	OK	 
GROUP	1	PRL_CitizenC100_200_MIAMUploadContinue	1673018887337	1673018887534	183	OK
REQUEST	1	PRL_CitizenC100_210_AskingCourtToDo	PRL_CitizenC100_210_005_AskingCourtToDo	1673018887536	1673018887637	OK	 
REQUEST	1	PRL_CitizenC100_210_AskingCourtToDo	PRL_CitizenC100_210_005_AskingCourtToDo Redirect 1	1673018887638	1673018887708	OK	 
GROUP	1	PRL_CitizenC100_210_AskingCourtToDo	1673018887535	1673018887774	232	OK
REQUEST	1	PRL_CitizenC100_220_WouldLikeCourtTo	PRL_CitizenC100_220_005_WouldLikeCourtTo	1673018887775	1673018887808	OK	 
REQUEST	1	PRL_CitizenC100_220_WouldLikeCourtTo	PRL_CitizenC100_220_005_WouldLikeCourtTo Redirect 1	1673018887809	1673018887870	OK	 
GROUP	1	PRL_CitizenC100_220_WouldLikeCourtTo	1673018887774	1673018887945	165	OK
REQUEST	1	PRL_CitizenC100_230_DescribeWhatCourt	PRL_CitizenC100_230_005_DescribeWhatCourt	1673018887946	1673018887978	OK	 
REQUEST	1	PRL_CitizenC100_230_DescribeWhatCourt	PRL_CitizenC100_230_005_DescribeWhatCourt Redirect 1	1673018887979	1673018888044	OK	 
GROUP	1	PRL_CitizenC100_230_DescribeWhatCourt	1673018887945	1673018888127	172	OK
REQUEST	1	PRL_CitizenC100_240_UrgentFirstHearing	PRL_CitizenC100_240_005_UrgentFirstHearing	1673018888127	1673018888163	OK	 
REQUEST	1	PRL_CitizenC100_240_UrgentFirstHearing	PRL_CitizenC100_240_005_UrgentFirstHearing Redirect 1	1673018888163	1673018888230	OK	 
GROUP	1	PRL_CitizenC100_240_UrgentFirstHearing	1673018888127	1673018888289	157	OK
REQUEST	1	PRL_CitizenC100_250_UrgentHearingDetails	PRL_CitizenC100_250_005_UrgentHearingDetails	1673018888292	1673018888327	OK	 
REQUEST	1	PRL_CitizenC100_250_UrgentHearingDetails	PRL_CitizenC100_250_005_UrgentHearingDetails Redirect 1	1673018888329	1673018888392	OK	 
GROUP	1	PRL_CitizenC100_250_UrgentHearingDetails	1673018888289	1673018888500	202	OK
REQUEST	1	PRL_CitizenC100_260_AskingForWithoutNotice	PRL_CitizenC100_260_005_AskingForWithoutNotice	1673018888501	1673018888537	OK	 
REQUEST	1	PRL_CitizenC100_260_AskingForWithoutNotice	PRL_CitizenC100_260_005_AskingForWithoutNotice Redirect 1	1673018888537	1673018888595	OK	 
GROUP	1	PRL_CitizenC100_260_AskingForWithoutNotice	1673018888501	1673018888664	161	OK
REQUEST	1	PRL_CitizenC100_270_WithoutNoticeDetails	PRL_CitizenC100_270_005_WithoutNoticeDetails	1673018888665	1673018888702	OK	 
REQUEST	1	PRL_CitizenC100_270_WithoutNoticeDetails	PRL_CitizenC100_270_005_WithoutNoticeDetails Redirect 1	1673018888702	1673018888768	OK	 
GROUP	1	PRL_CitizenC100_270_WithoutNoticeDetails	1673018888665	1673018888870	203	OK
REQUEST	1	PRL_CitizenC100_280_ChildrenName	PRL_CitizenC100_280_005_ChildrenName	1673018888871	1673018888905	OK	 
GROUP	1	PRL_CitizenC100_280_ChildrenName	1673018888870	1673018888911	34	OK
REQUEST	1	PRL_CitizenC100_290_ChildDetails	PRL_CitizenC100_290_005_ChildDetails	1673018888912	1673018888949	OK	 
REQUEST	1	PRL_CitizenC100_290_ChildDetails	PRL_CitizenC100_290_005_ChildDetails Redirect 1	1673018888949	1673018889017	OK	 
GROUP	1	PRL_CitizenC100_290_ChildDetails	1673018888911	1673018889077	160	OK
REQUEST	1	PRL_CitizenC100_300_WhichDecision	PRL_CitizenC100_300_005_WhichDecision	1673018889077	1673018889111	OK	 
REQUEST	1	PRL_CitizenC100_300_WhichDecision	PRL_CitizenC100_300_005_WhichDecision Redirect 1	1673018889112	1673018889178	OK	 
GROUP	1	PRL_CitizenC100_300_WhichDecision	1673018889077	1673018889239	157	OK
REQUEST	1	PRL_CitizenC100_310_ParentalResponsibility	PRL_CitizenC100_310_005_ParentalResponsibility	1673018889240	1673018889270	OK	 
REQUEST	1	PRL_CitizenC100_310_ParentalResponsibility	PRL_CitizenC100_310_005_ParentalResponsibility Redirect 1	1673018889271	1673018889349	OK	 
GROUP	1	PRL_CitizenC100_310_ParentalResponsibility	1673018889240	1673018889411	167	OK
REQUEST	1	PRL_CitizenC100_320_FurtherInformation	PRL_CitizenC100_320_005_FurtherInformation	1673018889412	1673018889439	OK	 
REQUEST	1	PRL_CitizenC100_320_FurtherInformation	PRL_CitizenC100_320_005_FurtherInformation Redirect 1	1673018889440	1673018889502	OK	 
GROUP	1	PRL_CitizenC100_320_FurtherInformation	1673018889412	1673018889562	145	OK
REQUEST	1	PRL_CitizenC100_330_OtherChildren	PRL_CitizenC100_330_005_OtherChildren	1673018889563	1673018889597	OK	 
REQUEST	1	PRL_CitizenC100_330_OtherChildren	PRL_CitizenC100_330_005_OtherChildren Redirect 1	1673018889597	1673018889664	OK	 
GROUP	1	PRL_CitizenC100_330_OtherChildren	1673018889562	1673018889728	156	OK
REQUEST	1	PRL_CitizenC100_340_EnterYourName	PRL_CitizenC100_340_005_EnterYourName	1673018889732	1673018889765	OK	 
GROUP	1	PRL_CitizenC100_340_EnterYourName	1673018889728	1673018889766	33	OK
REQUEST	1	PRL_CitizenC100_350_KnowContactDetails	PRL_CitizenC100_350_005_KnowContactDetails	1673018889771	1673018889803	OK	 
REQUEST	1	PRL_CitizenC100_350_KnowContactDetails	PRL_CitizenC100_350_005_KnowContactDetails Redirect 1	1673018889805	1673018889867	OK	 
GROUP	1	PRL_CitizenC100_350_KnowContactDetails	1673018889766	1673018889937	159	OK
REQUEST	1	PRL_CitizenC100_360_KeepDetailsPrivate	PRL_CitizenC100_360_005_KeepDetailsPrivate	1673018889938	1673018889974	OK	 
REQUEST	1	PRL_CitizenC100_360_KeepDetailsPrivate	PRL_CitizenC100_360_005_KeepDetailsPrivate Redirect 1	1673018889976	1673018890030	OK	 
GROUP	1	PRL_CitizenC100_360_KeepDetailsPrivate	1673018889937	1673018890120	170	OK
REQUEST	1	PRL_CitizenC100_370_KeepDetailsPrivateContinue	PRL_CitizenC100_370_005_KeepDetailsPrivateContinue	1673018890122	1673018890157	OK	 
REQUEST	1	PRL_CitizenC100_370_KeepDetailsPrivateContinue	PRL_CitizenC100_370_005_KeepDetailsPrivateContinue Redirect 1	1673018890158	1673018890230	OK	 
GROUP	1	PRL_CitizenC100_370_KeepDetailsPrivateContinue	1673018890120	1673018890315	188	OK
REQUEST	1	PRL_CitizenC100_380_ApplicantDetails	PRL_CitizenC100_380_005_ApplicantDetails	1673018890316	1673018890346	OK	 
REQUEST	1	PRL_CitizenC100_380_ApplicantDetails	PRL_CitizenC100_380_005_ApplicantDetails Redirect 1	1673018890347	1673018890409	OK	 
GROUP	1	PRL_CitizenC100_380_ApplicantDetails	1673018890316	1673018890474	151	OK
REQUEST	1	PRL_CitizenC100_390_ApplicantRelationship	PRL_CitizenC100_390_005_ApplicantRelationship	1673018890477	1673018890514	OK	 
REQUEST	1	PRL_CitizenC100_390_ApplicantRelationship	PRL_CitizenC100_390_005_ApplicantRelationship Redirect 1	1673018890515	1673018890586	OK	 
GROUP	1	PRL_CitizenC100_390_ApplicantRelationship	1673018890475	1673018890648	166	OK
REQUEST	1	PRL_CitizenC100_400_ApplicantPostcode	PRL_CitizenC100_400_005_ApplicantPostcode	1673018890649	1673018891272	OK	 
REQUEST	1	PRL_CitizenC100_400_ApplicantPostcode	PRL_CitizenC100_400_005_ApplicantPostcode Redirect 1	1673018891274	1673018891334	OK	 
GROUP	1	PRL_CitizenC100_400_ApplicantPostcode	1673018890648	1673018891413	753	OK
REQUEST	1	PRL_CitizenC100_410_ApplicantSelectAddress	PRL_CitizenC100_410_005_ApplicantSelectAddress	1673018891415	1673018891450	OK	 
REQUEST	1	PRL_CitizenC100_410_ApplicantSelectAddress	PRL_CitizenC100_410_005_ApplicantSelectAddress Redirect 1	1673018891451	1673018891519	OK	 
GROUP	1	PRL_CitizenC100_410_ApplicantSelectAddress	1673018891414	1673018891613	192	OK
REQUEST	1	PRL_CitizenC100_420_ApplicantAddress	PRL_CitizenC100_420_005_ApplicantAddress	1673018891614	1673018891653	OK	 
REQUEST	1	PRL_CitizenC100_420_ApplicantAddress	PRL_CitizenC100_420_005_ApplicantAddress Redirect 1	1673018891653	1673018891716	OK	 
GROUP	1	PRL_CitizenC100_420_ApplicantAddress	1673018891613	1673018891802	177	OK
REQUEST	1	PRL_CitizenC100_430_ApplicantContact	PRL_CitizenC100_430_005_ApplicantContact	1673018891805	1673018891847	OK	 
REQUEST	1	PRL_CitizenC100_430_ApplicantContact	PRL_CitizenC100_430_005_ApplicantContact Redirect 1	1673018891849	1673018891911	OK	 
GROUP	1	PRL_CitizenC100_430_ApplicantContact	1673018891802	1673018891986	176	OK
REQUEST	1	PRL_CitizenC100_440_ApplicantContactPreference	PRL_CitizenC100_440_005_ApplicantContactPreference	1673018891987	1673018892033	OK	 
REQUEST	1	PRL_CitizenC100_440_ApplicantContactPreference	PRL_CitizenC100_440_005_ApplicantContactPreference Redirect 1	1673018892035	1673018892094	OK	 
GROUP	1	PRL_CitizenC100_440_ApplicantContactPreference	1673018891986	1673018892156	164	OK
REQUEST	1	XUI_999_Logout	XUI_999_005_Logout	1673018892157	1673018893523	OK	 
REQUEST	1	XUI_999_Logout	XUI_999_005_Logout Redirect 1	1673018893528	1673018893833	OK	 
GROUP	1	XUI_999_Logout	1673018892156	1673018894429	2260	OK
USER	***** Private Law Create Case *****	1	END	1673018865456	1673018894442
