ASSERTION	AAECAAIFAAAAAAAAAFlA
RUN	simulations.PRL_Simulation	prl-simulation	1713523550544	 	3.9.5
USER	***** PRL CUI RA Journey *****	START	1713523551294
REQUEST	PRL_CitizenC100_010_PRLHome	PRL_CitizenC100_010_005_PRLHome	1713523551308	1713523551510	OK	 
REQUEST	PRL_CitizenC100_010_PRLHome	PRL_CitizenC100_010_005_PRLHome Redirect 1	1713523551518	1713523551599	OK	 
REQUEST	PRL_CitizenC100_010_PRLHome	PRL_CitizenC100_010_005_PRLHome Redirect 2	1713523551599	1713523551659	OK	 
REQUEST	PRL_CitizenC100_010_PRLHome	PRL_CitizenC100_010_005_PRLHome Redirect 3	1713523551660	1713523551862	OK	 
GROUP	PRL_CitizenC100_010_PRLHome	1713523551295	1713523552249	871	OK
REQUEST	PRL_CitizenC100_020_Login	PRL_CitizenC100_020_005_Login	1713523552251	1713523552369	OK	 
REQUEST	PRL_CitizenC100_020_Login	PRL_CitizenC100_020_005_Login Redirect 1	1713523552370	1713523552785	OK	 
REQUEST	PRL_CitizenC100_020_Login	PRL_CitizenC100_020_005_Login Redirect 2	1713523552787	1713523555056	OK	 
GROUP	PRL_CitizenC100_020_Login	1713523552249	1713523555309	3046	OK
REQUEST	PRL_CitizenC100_CUIRA_030_SelectCase	PRL_CitizenC100_CUIRA_030_SelectCase	1713523555310	1713523561925	OK	 
REQUEST	PRL_CitizenC100_CUIRA_030_SelectCase	PRL_CitizenC100_CUIRA_030_SelectCase Redirect 1	1713523561928	1713523562061	OK	 
GROUP	PRL_CitizenC100_CUIRA_030_SelectCase	1713523555309	1713523562240	6918	OK
REQUEST	PRL_CitizenC100_CUIRA_030_005_SelectCase	PRL_CitizenC100_CUIRA_030_005_SelectCase	1713523562241	1713523562352	OK	 
GROUP	PRL_CitizenC100_CUIRA_030_005_SelectCase	1713523562240	1713523562442	198	OK
REQUEST	PRL_CitizenC100_CUIRA_040_RAIntro	PRL_CitizenC100_CUIRA_040_RAIntro	1713523562443	1713523562824	OK	 
GROUP	PRL_CitizenC100_CUIRA_040_RAIntro	1713523562442	1713523562972	523	OK
REQUEST	PRL_CitizenC100_CUIRA_050_RAIntro	PRL_CitizenC100_CUIRA_050_RAIntro	1713523562974	1713523563115	OK	 
REQUEST	PRL_CitizenC100_CUIRA_050_RAIntro	PRL_CitizenC100_CUIRA_050_RAIntro Redirect 1	1713523563119	1713523563243	OK	 
GROUP	PRL_CitizenC100_CUIRA_050_RAIntro	1713523562972	1713523564400	1416	OK
REQUEST	PRL_CitizenC100_CUIRA_060_RAIntro	PRL_CitizenC100_CUIRA_060_RAIntro	1713523564403	1713523564511	OK	 
REQUEST	PRL_CitizenC100_CUIRA_060_RAIntro	PRL_CitizenC100_CUIRA_060_RAIntro Redirect 1	1713523564513	1713523564636	OK	 
GROUP	PRL_CitizenC100_CUIRA_060_RAIntro	1713523564400	1713523564816	404	OK
REQUEST	PRL_CitizenC100_CUIRA_070_RAIntro	PRL_CitizenC100_CUIRA_070_RAIntro	1713523564816	1713523567633	OK	 
REQUEST	PRL_CitizenC100_CUIRA_070_RAIntro	PRL_CitizenC100_CUIRA_070_RAIntro Redirect 1	1713523567636	1713523568875	OK	 
REQUEST	PRL_CitizenC100_CUIRA_070_RAIntro	PRL_CitizenC100_CUIRA_070_RAIntro Redirect 2	1713523568876	1713523570012	OK	 
REQUEST	PRL_CitizenC100_CUIRA_070_RAIntro	PRL_CitizenC100_CUIRA_070_RAIntro Redirect 3	1713523570015	1713523570526	OK	 
GROUP	PRL_CitizenC100_CUIRA_070_RAIntro	1713523564816	1713523570776	5949	OK
REQUEST	PRL_CitizenC100_CUIRA_080_Launch_CUIRA	PRL_CitizenC100_CUIRA_080_Launch_CUIRA	1713523570777	1713523572409	OK	 
REQUEST	PRL_CitizenC100_CUIRA_080_Launch_CUIRA	PRL_CitizenC100_CUIRA_080_Launch_CUIRA Redirect 1	1713523572412	1713523573387	OK	 
REQUEST	PRL_CitizenC100_CUIRA_080_Launch_CUIRA	PRL_CitizenC100_CUIRA_080_Launch_CUIRA Redirect 2	1713523573389	1713523573506	KO	headerRegex((Location,https://cui-ra.perftest.platform.hmcts.net/dc/p/)).find.exists, found nothing
GROUP	PRL_CitizenC100_CUIRA_080_Launch_CUIRA	1713523570777	1713523573527	2724	KO
USER	***** PRL CUI RA Journey *****	END	1713523573532
