ASSERTION	AAECAAIFAAAAAAAAAFlA
RUN	simulations.PRL_Simulation	prl-simulation	1711467916375	 	3.9.5
USER	***** PRL Citizen Journey *****	START	1711467916974
REQUEST	PRL_CitizenC100_010_PRLHome	PRL_CitizenC100_010_005_PRLHome	1711467916994	1711467917150	OK	 
REQUEST	PRL_CitizenC100_010_PRLHome	PRL_CitizenC100_010_005_PRLHome Redirect 1	1711467917157	1711467917263	OK	 
REQUEST	PRL_CitizenC100_010_PRLHome	PRL_CitizenC100_010_005_PRLHome Redirect 2	1711467917263	1711467917349	OK	 
REQUEST	PRL_CitizenC100_010_PRLHome	PRL_CitizenC100_010_005_PRLHome Redirect 3	1711467917350	1711467917486	OK	 
GROUP	PRL_CitizenC100_010_PRLHome	1711467916975	1711467917733	682	OK
REQUEST	PRL_CitizenC100_020_Login	PRL_CitizenC100_020_005_Login	1711467917734	1711467917853	OK	 
REQUEST	PRL_CitizenC100_020_Login	PRL_CitizenC100_020_005_Login Redirect 1	1711467917854	1711467918575	OK	 
REQUEST	PRL_CitizenC100_020_Login	PRL_CitizenC100_020_005_Login Redirect 2	1711467918576	1711467921748	OK	 
GROUP	PRL_CitizenC100_020_Login	1711467917733	1711467922003	4260	OK
REQUEST	PRL_CitizenC100_025_ChildArrangementsApplication	PRL_CitizenC100_025_005_ChildArrangementsApplication	1711467922003	1711467922467	OK	 
GROUP	PRL_CitizenC100_025_ChildArrangementsApplication	1711467922003	1711467922578	570	OK
REQUEST	PRL_CitizenC100_030_StartApplication	PRL_CitizenC100_030_005_StartApplication	1711467922579	1711467922828	OK	 
GROUP	PRL_CitizenC100_030_StartApplication	1711467922578	1711467922924	341	OK
REQUEST	PRL_CitizenC100_040_WhatYouWillNeed	PRL_CitizenC100_040_005_WhatYouWillNeed	1711467922926	1711467936183	OK	 
REQUEST	PRL_CitizenC100_040_WhatYouWillNeed	PRL_CitizenC100_040_005_WhatYouWillNeed Redirect 1	1711467936185	1711467936290	OK	 
GROUP	PRL_CitizenC100_040_WhatYouWillNeed	1711467922924	1711467936449	13503	OK
REQUEST	PRL_CitizenC100_060_ChildrenPostCode	PRL_CitizenC100_060_005_ChildrenPostCode	1711467936455	1711467936494	OK	 
REQUEST	PRL_CitizenC100_060_ChildrenPostCode	PRL_CitizenC100_060_005_ChildrenPostCode Redirect 1	1711467936495	1711467936636	OK	 
GROUP	PRL_CitizenC100_060_ChildrenPostCode	1711467936449	1711467936736	276	OK
REQUEST	PRL_CitizenC100_070_WrittenAgreement	PRL_CitizenC100_070_005_WrittenAgreement	1711467936737	1711467936775	OK	 
REQUEST	PRL_CitizenC100_070_WrittenAgreement	PRL_CitizenC100_070_005_WrittenAgreement Redirect 1	1711467936776	1711467942742	OK	 
GROUP	PRL_CitizenC100_070_WrittenAgreement	1711467936737	1711467942928	6186	OK
REQUEST	PRL_CitizenC100_080_BeforeCourt	PRL_CitizenC100_080_005_BeforeCourt	1711467942929	1711467942969	OK	 
REQUEST	PRL_CitizenC100_080_BeforeCourt	PRL_CitizenC100_080_005_BeforeCourt Redirect 1	1711467942969	1711467943142	OK	 
GROUP	PRL_CitizenC100_080_BeforeCourt	1711467942928	1711467943289	358	OK
REQUEST	PRL_CitizenC100_090_ReachAgreement	PRL_CitizenC100_090_005_ReachAgreement	1711467943290	1711467943330	OK	 
REQUEST	PRL_CitizenC100_090_ReachAgreement	PRL_CitizenC100_090_005_ReachAgreement Redirect 1	1711467943333	1711467943445	OK	 
GROUP	PRL_CitizenC100_090_ReachAgreement	1711467943290	1711467943538	243	OK
REQUEST	PRL_CitizenC100_100_LegalRep	PRL_CitizenC100_100_005_LegalRep	1711467943539	1711467943579	OK	 
REQUEST	PRL_CitizenC100_100_LegalRep	PRL_CitizenC100_100_005_LegalRep Redirect 1	1711467943580	1711467943660	OK	 
GROUP	PRL_CitizenC100_100_LegalRep	1711467943538	1711467943802	258	OK
REQUEST	PRL_CitizenC100_110_PermissionFromCourt	PRL_CitizenC100_110_005_PermissionFromCourt	1711467943803	1711467943848	OK	 
REQUEST	PRL_CitizenC100_110_PermissionFromCourt	PRL_CitizenC100_110_005_PermissionFromCourt Redirect 1	1711467943849	1711467943936	OK	 
GROUP	PRL_CitizenC100_110_PermissionFromCourt	1711467943803	1711467944173	365	OK
REQUEST	PRL_CitizenC100_120_WhyPermissionFromCourt	PRL_CitizenC100_120_005_WhyPermissionFromCourt	1711467944174	1711467944213	OK	 
REQUEST	PRL_CitizenC100_120_WhyPermissionFromCourt	PRL_CitizenC100_120_005_WhyPermissionFromCourt Redirect 1	1711467944214	1711467944328	OK	 
GROUP	PRL_CitizenC100_120_WhyPermissionFromCourt	1711467944173	1711467944445	266	OK
REQUEST	PRL_CitizenC100_130_WhyCourtShouldGrant	PRL_CitizenC100_130_005_WhyCourtShouldGrant	1711467944446	1711467944483	OK	 
REQUEST	PRL_CitizenC100_130_WhyCourtShouldGrant	PRL_CitizenC100_130_005_WhyCourtShouldGrant Redirect 1	1711467944484	1711467944639	OK	 
GROUP	PRL_CitizenC100_130_WhyCourtShouldGrant	1711467944445	1711467945093	644	OK
REQUEST	PRL_CitizenC100_140_InvolvedInEmergencyProtection	PRL_CitizenC100_140_005_InvolvedInEmergencyProtection	1711467945094	1711467945135	OK	 
REQUEST	PRL_CitizenC100_140_InvolvedInEmergencyProtection	PRL_CitizenC100_140_005_InvolvedInEmergencyProtection Redirect 1	1711467945136	1711467945218	OK	 
GROUP	PRL_CitizenC100_140_InvolvedInEmergencyProtection	1711467945094	1711467945338	239	OK
REQUEST	PRL_CitizenC100_150_AttendingMIAM	PRL_CitizenC100_150_005_AttendingMIAM	1711467945339	1711467945379	OK	 
REQUEST	PRL_CitizenC100_150_AttendingMIAM	PRL_CitizenC100_150_005_AttendingMIAM Redirect 1	1711467945380	1711467945460	OK	 
GROUP	PRL_CitizenC100_150_AttendingMIAM	1711467945338	1711467945574	231	OK
REQUEST	PRL_CitizenC100_160_AttendedMIAM	PRL_CitizenC100_160_005_AttendedMIAM	1711467945575	1711467945614	OK	 
REQUEST	PRL_CitizenC100_160_AttendedMIAM	PRL_CitizenC100_160_005_AttendedMIAM Redirect 1	1711467945615	1711467945723	OK	 
GROUP	PRL_CitizenC100_160_AttendedMIAM	1711467945575	1711467945815	236	OK
REQUEST	PRL_CitizenC100_170_DocumentSigned	PRL_CitizenC100_170_005_DocumentSigned	1711467945816	1711467945854	OK	 
REQUEST	PRL_CitizenC100_170_DocumentSigned	PRL_CitizenC100_170_005_DocumentSigned Redirect 1	1711467945854	1711467945966	OK	 
GROUP	PRL_CitizenC100_170_DocumentSigned	1711467945815	1711467946072	254	OK
REQUEST	PRL_CitizenC100_180_MIAMUpload	PRL_CitizenC100_180_005_MIAMUpload	1711467946083	1711467948436	OK	 
REQUEST	PRL_CitizenC100_180_MIAMUpload	PRL_CitizenC100_180_005_MIAMUpload Redirect 1	1711467948436	1711467948487	OK	 
GROUP	PRL_CitizenC100_180_MIAMUpload	1711467946073	1711467948592	2505	OK
REQUEST	PRL_CitizenC100_190_MIAMUploadSubmit	PRL_CitizenC100_190_005_MIAMUploadSubmit	1711467948594	1711467948633	OK	 
REQUEST	PRL_CitizenC100_190_MIAMUploadSubmit	PRL_CitizenC100_190_005_MIAMUploadSubmit Redirect 1	1711467948634	1711467948732	OK	 
GROUP	PRL_CitizenC100_190_MIAMUploadSubmit	1711467948592	1711467948830	229	OK
REQUEST	PRL_CitizenC100_200_MIAMUploadContinue	PRL_CitizenC100_200_005_MIAMUploadContinue	1711467948831	1711467948868	OK	 
REQUEST	PRL_CitizenC100_200_MIAMUploadContinue	PRL_CitizenC100_200_005_MIAMUploadContinue Redirect 1	1711467948869	1711467948968	OK	 
GROUP	PRL_CitizenC100_200_MIAMUploadContinue	1711467948830	1711467949067	229	OK
REQUEST	PRL_CitizenC100_210_AskingCourtToDo	PRL_CitizenC100_210_005_AskingCourtToDo	1711467949069	1711467949109	OK	 
REQUEST	PRL_CitizenC100_210_AskingCourtToDo	PRL_CitizenC100_210_005_AskingCourtToDo Redirect 1	1711467949111	1711467949232	OK	 
GROUP	PRL_CitizenC100_210_AskingCourtToDo	1711467949067	1711467949328	254	OK
REQUEST	PRL_CitizenC100_220_WouldLikeCourtTo	PRL_CitizenC100_220_005_WouldLikeCourtTo	1711467949328	1711467949365	OK	 
REQUEST	PRL_CitizenC100_220_WouldLikeCourtTo	PRL_CitizenC100_220_005_WouldLikeCourtTo Redirect 1	1711467949366	1711467949488	OK	 
GROUP	PRL_CitizenC100_220_WouldLikeCourtTo	1711467949328	1711467949585	252	OK
REQUEST	PRL_CitizenC100_230_DescribeWhatCourt	PRL_CitizenC100_230_005_DescribeWhatCourt	1711467949586	1711467949625	OK	 
REQUEST	PRL_CitizenC100_230_DescribeWhatCourt	PRL_CitizenC100_230_005_DescribeWhatCourt Redirect 1	1711467949627	1711467949726	OK	 
GROUP	PRL_CitizenC100_230_DescribeWhatCourt	1711467949585	1711467949833	240	OK
REQUEST	PRL_CitizenC100_240_UrgentFirstHearing	PRL_CitizenC100_240_005_UrgentFirstHearing	1711467949834	1711467949875	OK	 
REQUEST	PRL_CitizenC100_240_UrgentFirstHearing	PRL_CitizenC100_240_005_UrgentFirstHearing Redirect 1	1711467949876	1711467949978	OK	 
GROUP	PRL_CitizenC100_240_UrgentFirstHearing	1711467949833	1711467950075	235	OK
REQUEST	PRL_CitizenC100_250_UrgentHearingDetails	PRL_CitizenC100_250_005_UrgentHearingDetails	1711467950078	1711467950116	OK	 
REQUEST	PRL_CitizenC100_250_UrgentHearingDetails	PRL_CitizenC100_250_005_UrgentHearingDetails Redirect 1	1711467950116	1711467950213	OK	 
GROUP	PRL_CitizenC100_250_UrgentHearingDetails	1711467950075	1711467950322	239	OK
REQUEST	PRL_CitizenC100_260_AskingForWithoutNotice	PRL_CitizenC100_260_005_AskingForWithoutNotice	1711467950323	1711467950361	OK	 
REQUEST	PRL_CitizenC100_260_AskingForWithoutNotice	PRL_CitizenC100_260_005_AskingForWithoutNotice Redirect 1	1711467950362	1711467950445	OK	 
GROUP	PRL_CitizenC100_260_AskingForWithoutNotice	1711467950322	1711467950541	212	OK
REQUEST	PRL_CitizenC100_270_WithoutNoticeDetails	PRL_CitizenC100_270_005_WithoutNoticeDetails	1711467950541	1711467950577	OK	 
REQUEST	PRL_CitizenC100_270_WithoutNoticeDetails	PRL_CitizenC100_270_005_WithoutNoticeDetails Redirect 1	1711467950578	1711467950675	OK	 
GROUP	PRL_CitizenC100_270_WithoutNoticeDetails	1711467950541	1711467950767	222	OK
REQUEST	PRL_CitizenC100_280_ChildrenName	PRL_CitizenC100_280_005_ChildrenName	1711467950768	1711467950809	OK	 
GROUP	PRL_CitizenC100_280_ChildrenName	1711467950767	1711467950817	41	OK
REQUEST	PRL_CitizenC100_285_ChildrenNameRedirect	PRL_CitizenC100_280_005_ChildrenName	1711467950820	1711467950918	OK	 
GROUP	PRL_CitizenC100_285_ChildrenNameRedirect	1711467950817	1711467951062	235	OK
REQUEST	PRL_CitizenC100_290_ChildDetails	PRL_CitizenC100_290_005_ChildDetails	1711467951062	1711467951104	OK	 
REQUEST	PRL_CitizenC100_290_ChildDetails	PRL_CitizenC100_290_005_ChildDetails Redirect 1	1711467951105	1711467951197	OK	 
GROUP	PRL_CitizenC100_290_ChildDetails	1711467951062	1711467951314	243	OK
REQUEST	PRL_CitizenC100_300_WhichDecision	PRL_CitizenC100_300_005_WhichDecision	1711467951315	1711467951359	OK	 
REQUEST	PRL_CitizenC100_300_WhichDecision	PRL_CitizenC100_300_005_WhichDecision Redirect 1	1711467951360	1711467951468	OK	 
GROUP	PRL_CitizenC100_300_WhichDecision	1711467951314	1711467951572	251	OK
REQUEST	PRL_CitizenC100_310_ParentalResponsibility	PRL_CitizenC100_310_005_ParentalResponsibility	1711467951574	1711467951613	OK	 
REQUEST	PRL_CitizenC100_310_ParentalResponsibility	PRL_CitizenC100_310_005_ParentalResponsibility Redirect 1	1711467951613	1711467951705	OK	 
GROUP	PRL_CitizenC100_310_ParentalResponsibility	1711467951573	1711467951800	222	OK
REQUEST	PRL_CitizenC100_320_FurtherInformation	PRL_CitizenC100_320_005_FurtherInformation	1711467951801	1711467951852	OK	 
REQUEST	PRL_CitizenC100_320_FurtherInformation	PRL_CitizenC100_320_005_FurtherInformation Redirect 1	1711467951853	1711467951948	OK	 
GROUP	PRL_CitizenC100_320_FurtherInformation	1711467951800	1711467952044	238	OK
REQUEST	PRL_CitizenC100_330_OtherChildren	PRL_CitizenC100_330_005_OtherChildren	1711467952045	1711467952123	OK	 
REQUEST	PRL_CitizenC100_330_OtherChildren	PRL_CitizenC100_330_005_OtherChildren Redirect 1	1711467952123	1711467952214	OK	 
GROUP	PRL_CitizenC100_330_OtherChildren	1711467952045	1711467952317	269	OK
REQUEST	PRL_CitizenC100_340_EnterYourName	PRL_CitizenC100_340_005_EnterYourName	1711467952317	1711467952355	OK	 
GROUP	PRL_CitizenC100_340_EnterYourName	1711467952317	1711467952355	38	OK
REQUEST	PRL_CitizenC100_345_EnterYourNameRedirect	PRL_CitizenC100_340_005_EnterYourName	1711467952355	1711467952452	OK	 
GROUP	PRL_CitizenC100_345_EnterYourNameRedirect	1711467952355	1711467952545	184	OK
REQUEST	PRL_CitizenC100_350_KnowContactDetails	PRL_CitizenC100_350_005_KnowContactDetails	1711467952545	1711467952582	OK	 
REQUEST	PRL_CitizenC100_350_KnowContactDetails	PRL_CitizenC100_350_005_KnowContactDetails Redirect 1	1711467952583	1711467952682	OK	 
GROUP	PRL_CitizenC100_350_KnowContactDetails	1711467952545	1711467952800	247	OK
REQUEST	PRL_CitizenC100_360_KeepDetailsPrivate	PRL_CitizenC100_360_005_KeepDetailsPrivate	1711467952800	1711467952848	OK	 
REQUEST	PRL_CitizenC100_360_KeepDetailsPrivate	PRL_CitizenC100_360_005_KeepDetailsPrivate Redirect 1	1711467952850	1711467952931	OK	 
GROUP	PRL_CitizenC100_360_KeepDetailsPrivate	1711467952800	1711467953045	239	OK
REQUEST	PRL_CitizenC100_370_KeepDetailsPrivateContinue	PRL_CitizenC100_370_005_KeepDetailsPrivateContinue	1711467953045	1711467953084	OK	 
REQUEST	PRL_CitizenC100_370_KeepDetailsPrivateContinue	PRL_CitizenC100_370_005_KeepDetailsPrivateContinue Redirect 1	1711467953085	1711467953177	OK	 
GROUP	PRL_CitizenC100_370_KeepDetailsPrivateContinue	1711467953045	1711467953318	265	OK
REQUEST	PRL_CitizenC100_380_ApplicantDetails	PRL_CitizenC100_380_005_ApplicantDetails	1711467953319	1711467953360	OK	 
REQUEST	PRL_CitizenC100_380_ApplicantDetails	PRL_CitizenC100_380_005_ApplicantDetails Redirect 1	1711467953361	1711467953450	OK	 
GROUP	PRL_CitizenC100_380_ApplicantDetails	1711467953318	1711467953564	240	OK
REQUEST	PRL_CitizenC100_390_ApplicantRelationship	PRL_CitizenC100_390_005_ApplicantRelationship	1711467953565	1711467953602	OK	 
REQUEST	PRL_CitizenC100_390_ApplicantRelationship	PRL_CitizenC100_390_005_ApplicantRelationship Redirect 1	1711467953603	1711467953686	OK	 
GROUP	PRL_CitizenC100_390_ApplicantRelationship	1711467953564	1711467953846	276	OK
REQUEST	PRL_CitizenC100_400_ApplicantPostcode	PRL_CitizenC100_400_005_ApplicantPostcode	1711467953848	1711467954443	OK	 
REQUEST	PRL_CitizenC100_400_ApplicantPostcode	PRL_CitizenC100_400_005_ApplicantPostcode Redirect 1	1711467954444	1711467954552	OK	 
GROUP	PRL_CitizenC100_400_ApplicantPostcode	1711467953846	1711467954661	808	OK
REQUEST	PRL_CitizenC100_410_ApplicantSelectAddress	PRL_CitizenC100_410_005_ApplicantSelectAddress	1711467954662	1711467954701	OK	 
REQUEST	PRL_CitizenC100_410_ApplicantSelectAddress	PRL_CitizenC100_410_005_ApplicantSelectAddress Redirect 1	1711467954701	1711467954802	OK	 
GROUP	PRL_CitizenC100_410_ApplicantSelectAddress	1711467954661	1711467955007	336	OK
REQUEST	PRL_CitizenC100_420_ApplicantAddress	PRL_CitizenC100_420_005_ApplicantAddress	1711467955009	1711467955066	OK	 
REQUEST	PRL_CitizenC100_420_ApplicantAddress	PRL_CitizenC100_420_005_ApplicantAddress Redirect 1	1711467955067	1711467955157	OK	 
GROUP	PRL_CitizenC100_420_ApplicantAddress	1711467955008	1711467955276	260	OK
REQUEST	PRL_CitizenC100_430_ApplicantContact	PRL_CitizenC100_430_005_ApplicantContact	1711467955277	1711467955323	OK	 
REQUEST	PRL_CitizenC100_430_ApplicantContact	PRL_CitizenC100_430_005_ApplicantContact Redirect 1	1711467955324	1711467955413	OK	 
GROUP	PRL_CitizenC100_430_ApplicantContact	1711467955276	1711467955513	233	OK
REQUEST	PRL_CitizenC100_440_ApplicantContactPreference	PRL_CitizenC100_440_005_ApplicantContactPreference	1711467955514	1711467955552	OK	 
REQUEST	PRL_CitizenC100_440_ApplicantContactPreference	PRL_CitizenC100_440_005_ApplicantContactPreference Redirect 1	1711467955553	1711467955669	OK	 
GROUP	PRL_CitizenC100_440_ApplicantContactPreference	1711467955514	1711467955770	251	OK
REQUEST	PRL_CitizenC100_450_RespondentName	PRL_CitizenC100_450_005_RespondentName	1711467955771	1711467955816	OK	 
GROUP	PRL_CitizenC100_450_RespondentName	1711467955770	1711467955817	45	OK
REQUEST	PRL_CitizenC100_460_RespondentNameRedirect	PRL_CitizenC100_460_005_RespondentNameRedirect	1711467955818	1711467956000	OK	 
GROUP	PRL_CitizenC100_460_RespondentNameRedirect	1711467955817	1711467956107	286	OK
REQUEST	PRL_CitizenC100_470_RespondentDetails	PRL_CitizenC100_470_005_RespondentDetails	1711467956108	1711467956159	OK	 
REQUEST	PRL_CitizenC100_470_RespondentDetails	PRL_CitizenC100_470_005_RespondentDetails Redirect 1	1711467956161	1711467956285	OK	 
GROUP	PRL_CitizenC100_470_RespondentDetails	1711467956107	1711467956387	275	OK
REQUEST	PRL_CitizenC100_480_RespondentRelationship	PRL_CitizenC100_480_005_RespondentRelationship	1711467956387	1711467956431	OK	 
REQUEST	PRL_CitizenC100_480_RespondentRelationship	PRL_CitizenC100_480_005_RespondentRelationship Redirect 1	1711467956432	1711467956554	OK	 
GROUP	PRL_CitizenC100_480_RespondentRelationship	1711467956387	1711467956738	349	OK
REQUEST	PRL_CitizenC100_490_RespondentPostcode	PRL_CitizenC100_490_005_RespondentPostcode	1711467956740	1711467957289	OK	 
REQUEST	PRL_CitizenC100_490_RespondentPostcode	PRL_CitizenC100_490_005_RespondentPostcode Redirect 1	1711467957290	1711467957397	OK	 
GROUP	PRL_CitizenC100_490_RespondentPostcode	1711467956738	1711467957495	751	OK
REQUEST	PRL_CitizenC100_500_RespondentSelectAddress	PRL_CitizenC100_500_005_RespondentSelectAddress	1711467957496	1711467957535	OK	 
REQUEST	PRL_CitizenC100_500_RespondentSelectAddress	PRL_CitizenC100_500_005_RespondentSelectAddress Redirect 1	1711467957536	1711467957640	OK	 
GROUP	PRL_CitizenC100_500_RespondentSelectAddress	1711467957495	1711467957743	238	OK
REQUEST	PRL_CitizenC100_510_RespondentAddress	PRL_CitizenC100_510_005_RespondentAddress	1711467957743	1711467957787	OK	 
REQUEST	PRL_CitizenC100_510_RespondentAddress	PRL_CitizenC100_510_005_RespondentAddress Redirect 1	1711467957788	1711467957872	OK	 
GROUP	PRL_CitizenC100_510_RespondentAddress	1711467957743	1711467957965	215	OK
REQUEST	PRL_CitizenC100_520_RespondentContact	PRL_CitizenC100_520_005_RespondentContact	1711467957965	1711467958004	OK	 
REQUEST	PRL_CitizenC100_520_RespondentContact	PRL_CitizenC100_520_005_RespondentContact Redirect 1	1711467958005	1711467958124	OK	 
GROUP	PRL_CitizenC100_520_RespondentContact	1711467957965	1711467958225	255	OK
REQUEST	PRL_CitizenC100_530_AnyoneElse	PRL_CitizenC100_530_005_AnyoneElse	1711467958226	1711467958266	OK	 
REQUEST	PRL_CitizenC100_530_AnyoneElse	PRL_CitizenC100_530_005_AnyoneElse Redirect 1	1711467958267	1711467958364	OK	 
GROUP	PRL_CitizenC100_530_AnyoneElse	1711467958226	1711467958492	262	OK
REQUEST	PRL_CitizenC100_540_ChildLiveWith	PRL_CitizenC100_540_005_ChildLiveWith	1711467958494	1711467958532	OK	 
REQUEST	PRL_CitizenC100_540_ChildLiveWith	PRL_CitizenC100_540_005_ChildLiveWith Redirect 1	1711467958532	1711467958628	OK	 
GROUP	PRL_CitizenC100_540_ChildLiveWith	1711467958493	1711467958721	223	OK
REQUEST	PRL_CitizenC100_550_InvolvedInCourt	PRL_CitizenC100_550_005_InvolvedInCourt	1711467958725	1711467958766	OK	 
REQUEST	PRL_CitizenC100_550_InvolvedInCourt	PRL_CitizenC100_550_005_InvolvedInCourt Redirect 1	1711467958768	1711467958856	OK	 
GROUP	PRL_CitizenC100_550_InvolvedInCourt	1711467958721	1711467958958	226	OK
REQUEST	PRL_CitizenC100_560_CourtCasesInfo	PRL_CitizenC100_560_005_CourtCasesInfo	1711467958959	1711467959000	OK	 
REQUEST	PRL_CitizenC100_560_CourtCasesInfo	PRL_CitizenC100_560_005_CourtCasesInfo Redirect 1	1711467959001	1711467959091	OK	 
GROUP	PRL_CitizenC100_560_CourtCasesInfo	1711467958958	1711467959192	228	OK
REQUEST	PRL_CitizenC100_570_DetailsOfCourtCases	PRL_CitizenC100_570_005_DetailsOfCourtCases	1711467959194	1711467959237	OK	 
REQUEST	PRL_CitizenC100_570_DetailsOfCourtCases	PRL_CitizenC100_570_005_DetailsOfCourtCases Redirect 1	1711467959239	1711467959326	OK	 
GROUP	PRL_CitizenC100_570_DetailsOfCourtCases	1711467959192	1711467959430	228	OK
REQUEST	PRL_CitizenC100_580_SafetyInfo	PRL_CitizenC100_580_005_SafetyInfo	1711467959431	1711467959473	OK	 
REQUEST	PRL_CitizenC100_580_SafetyInfo	PRL_CitizenC100_580_005_SafetyInfo Redirect 1	1711467959473	1711467959589	OK	 
GROUP	PRL_CitizenC100_580_SafetyInfo	1711467959430	1711467959688	250	OK
REQUEST	PRL_CitizenC100_590_SafetyConcerns	PRL_CitizenC100_590_005_SafetyConcerns	1711467959689	1711467959736	OK	 
REQUEST	PRL_CitizenC100_590_SafetyConcerns	PRL_CitizenC100_590_005_SafetyConcerns Redirect 1	1711467959737	1711467959820	OK	 
GROUP	PRL_CitizenC100_590_SafetyConcerns	1711467959689	1711467959914	219	OK
REQUEST	PRL_CitizenC100_600_ConcernedAbout	PRL_CitizenC100_600_005_ConcernedAbout	1711467959916	1711467959963	OK	 
REQUEST	PRL_CitizenC100_600_ConcernedAbout	PRL_CitizenC100_600_005_ConcernedAbout Redirect 1	1711467959965	1711467960075	OK	 
GROUP	PRL_CitizenC100_600_ConcernedAbout	1711467959915	1711467960186	263	OK
REQUEST	PRL_CitizenC100_610_TypeOfBehaviour	PRL_CitizenC100_610_005_TypeOfBehaviour	1711467960186	1711467960229	OK	 
REQUEST	PRL_CitizenC100_610_TypeOfBehaviour	PRL_CitizenC100_610_005_TypeOfBehaviour Redirect 1	1711467960230	1711467960337	OK	 
GROUP	PRL_CitizenC100_610_TypeOfBehaviour	1711467960186	1711467960431	239	OK
REQUEST	PRL_CitizenC100_620_DescribePyshicalAbuse	PRL_CitizenC100_620_005_DescribePyshicalAbuse	1711467960432	1711467960477	OK	 
REQUEST	PRL_CitizenC100_620_DescribePyshicalAbuse	PRL_CitizenC100_620_005_DescribePyshicalAbuse Redirect 1	1711467960479	1711467960626	OK	 
GROUP	PRL_CitizenC100_620_DescribePyshicalAbuse	1711467960432	1711467960725	286	OK
REQUEST	PRL_CitizenC100_630_ImpactedByDrug	PRL_CitizenC100_630_005_ImpactedByDrug	1711467960726	1711467960770	OK	 
REQUEST	PRL_CitizenC100_630_ImpactedByDrug	PRL_CitizenC100_630_005_ImpactedByDrug Redirect 1	1711467960770	1711467960851	OK	 
GROUP	PRL_CitizenC100_630_ImpactedByDrug	1711467960725	1711467960957	226	OK
REQUEST	PRL_CitizenC100_640_OtherConcerns	PRL_CitizenC100_640_005_OtherConcerns	1711467960958	1711467960998	OK	 
REQUEST	PRL_CitizenC100_640_OtherConcerns	PRL_CitizenC100_640_005_OtherConcerns Redirect 1	1711467960999	1711467961135	OK	 
GROUP	PRL_CitizenC100_640_OtherConcerns	1711467960957	1711467961260	296	OK
REQUEST	PRL_CitizenC100_650_KeepChildrenSafe	PRL_CitizenC100_650_005_KeepChildrenSafe	1711467961261	1711467961303	OK	 
REQUEST	PRL_CitizenC100_650_KeepChildrenSafe	PRL_CitizenC100_650_005_KeepChildrenSafe Redirect 1	1711467961303	1711467961389	OK	 
GROUP	PRL_CitizenC100_650_KeepChildrenSafe	1711467961260	1711467961525	260	OK
REQUEST	PRL_CitizenC100_660_ContactBetweenChildren	PRL_CitizenC100_660_005_ContactBetweenChildren	1711467961526	1711467961564	OK	 
REQUEST	PRL_CitizenC100_660_ContactBetweenChildren	PRL_CitizenC100_660_005_ContactBetweenChildren Redirect 1	1711467961565	1711467961650	OK	 
GROUP	PRL_CitizenC100_660_ContactBetweenChildren	1711467961525	1711467961748	217	OK
REQUEST	PRL_CitizenC100_670_ChildrenBasedOutsideEngland	PRL_CitizenC100_670_005_ChildrenBasedOutsideEngland	1711467961748	1711467961788	OK	 
REQUEST	PRL_CitizenC100_670_ChildrenBasedOutsideEngland	PRL_CitizenC100_670_005_ChildrenBasedOutsideEngland Redirect 1	1711467961789	1711467961885	OK	 
GROUP	PRL_CitizenC100_670_ChildrenBasedOutsideEngland	1711467961748	1711467961999	245	OK
REQUEST	PRL_CitizenC100_680_ParentsBasedOutsideEngland	PRL_CitizenC100_680_005_ParentsBasedOutsideEngland	1711467962000	1711467962038	OK	 
REQUEST	PRL_CitizenC100_680_ParentsBasedOutsideEngland	PRL_CitizenC100_680_005_ParentsBasedOutsideEngland Redirect 1	1711467962039	1711467962120	OK	 
GROUP	PRL_CitizenC100_680_ParentsBasedOutsideEngland	1711467961999	1711467962212	208	OK
REQUEST	PRL_CitizenC100_690_AnotherPersonApply	PRL_CitizenC100_690_005_AnotherPersonApply	1711467962212	1711467962253	OK	 
REQUEST	PRL_CitizenC100_690_AnotherPersonApply	PRL_CitizenC100_690_005_AnotherPersonApply Redirect 1	1711467962253	1711467962369	OK	 
GROUP	PRL_CitizenC100_690_AnotherPersonApply	1711467962212	1711467962581	365	OK
REQUEST	PRL_CitizenC100_700_AnotherCountryAsked	PRL_CitizenC100_700_005_AnotherCountryAsked	1711467962581	1711467962623	OK	 
REQUEST	PRL_CitizenC100_700_AnotherCountryAsked	PRL_CitizenC100_700_005_AnotherCountryAsked Redirect 1	1711467962623	1711467962707	OK	 
GROUP	PRL_CitizenC100_700_AnotherCountryAsked	1711467962581	1711467962831	244	OK
REQUEST	PRL_CitizenC100_710_TakePartInHearings	PRL_CitizenC100_710_005_TakePartInHearings	1711467962832	1711467962875	OK	 
REQUEST	PRL_CitizenC100_710_TakePartInHearings	PRL_CitizenC100_710_005_TakePartInHearings Redirect 1	1711467962876	1711467962955	OK	 
GROUP	PRL_CitizenC100_710_TakePartInHearings	1711467962831	1711467963143	303	OK
REQUEST	PRL_CitizenC100_720_LanguageRequirements	PRL_CitizenC100_720_005_LanguageRequirements	1711467963143	1711467963186	OK	 
REQUEST	PRL_CitizenC100_720_LanguageRequirements	PRL_CitizenC100_720_005_LanguageRequirements Redirect 1	1711467963186	1711467963286	OK	 
GROUP	PRL_CitizenC100_720_LanguageRequirements	1711467963143	1711467963383	235	OK
REQUEST	PRL_CitizenC100_730_SpecialArrangements	PRL_CitizenC100_730_005_SpecialArrangements	1711467963384	1711467963422	OK	 
REQUEST	PRL_CitizenC100_730_SpecialArrangements	PRL_CitizenC100_730_005_SpecialArrangements Redirect 1	1711467963423	1711467963506	OK	 
GROUP	PRL_CitizenC100_730_SpecialArrangements	1711467963383	1711467963610	221	OK
REQUEST	PRL_CitizenC100_740_NeedSupport	PRL_CitizenC100_740_005_NeedSupport	1711467963610	1711467963646	OK	 
REQUEST	PRL_CitizenC100_740_NeedSupport	PRL_CitizenC100_740_005_NeedSupport Redirect 1	1711467963647	1711467963697	OK	 
GROUP	PRL_CitizenC100_740_NeedSupport	1711467963610	1711467963794	179	OK
REQUEST	PRL_CitizenC100_750_DocumentsAlternativeFormat	PRL_CitizenC100_750_005_DocumentsAlternativeFormat	1711467963795	1711467963832	OK	 
REQUEST	PRL_CitizenC100_750_DocumentsAlternativeFormat	PRL_CitizenC100_750_005_DocumentsAlternativeFormat Redirect 1	1711467963832	1711467964525	OK	 
GROUP	PRL_CitizenC100_750_DocumentsAlternativeFormat	1711467963794	1711467964624	828	OK
REQUEST	PRL_CitizenC100_760_HelpWithPaying	PRL_CitizenC100_760_005_HelpWithPaying	1711467964625	1711467964660	OK	 
REQUEST	PRL_CitizenC100_760_HelpWithPaying	PRL_CitizenC100_760_005_HelpWithPaying Redirect 1	1711467964661	1711467965064	OK	 
GROUP	PRL_CitizenC100_760_HelpWithPaying	1711467964624	1711467965165	535	OK
REQUEST	PRL_CitizenC100_770_CheckYourAnswers	PRL_CitizenC100_770_005_CheckYourAnswers	1711467965165	1711467966623	KO	headerRegex((location,https:\/\/card.payments.service.gov.uk\/secure\/(.{8}-.{4}-.{4}-.{4}-.{12}))).find.exists, found nothing
GROUP	PRL_CitizenC100_770_CheckYourAnswers	1711467965165	1711467966633	1458	KO
USER	***** PRL Citizen Journey *****	END	1711467966637
