ASSERTION	AAECAAMFAAAAAAAAAFlA
RUN	simulations.PRL_Simulation	prl-simulation	1689858574730	 	3.3.1
USER	***** Private Law Create Case *****	1	START	1689858574977	1689858574977
REQUEST	1	XUI_010_Homepage	XUI_010_005_Homepage	1689858574990	1689858574998	KO	j.n.UnknownHostException: prl-cos-perftest.service.core-compute-perftest.internal: nodename nor servname provided, or not known
REQUEST	1	XUI_010_Homepage	XUI_Common_000_ConfigurationUI	1689858575003	1689858575109	OK	 
REQUEST	1	XUI_010_Homepage	XUI_Common_000_ConfigJson	1689858575120	1689858575206	OK	 
REQUEST	1	XUI_010_Homepage	XUI_Common_000_TsAndCs	1689858575210	1689858575245	OK	 
REQUEST	1	XUI_010_Homepage	XUI_Common_000_ConfigUI	1689858575246	1689858575278	OK	 
REQUEST	1	XUI_010_Homepage	XUI_Common_000_UserDetails	1689858575280	1689858575317	OK	 
REQUEST	1	XUI_010_Homepage	XUI_Common_000_IsAuthenticated	1689858575319	1689858575350	OK	 
REQUEST	1	XUI_010_Homepage	XUI_010_010_AuthLogin	1689858575353	1689858575397	OK	 
REQUEST	1	XUI_010_Homepage	XUI_010_010_AuthLogin Redirect 1	1689858575400	1689858575507	OK	 
REQUEST	1	XUI_010_Homepage	XUI_010_010_AuthLogin Redirect 2	1689858575508	1689858575566	OK	 
GROUP	1	XUI_010_Homepage	1689858574981	1689858575806	731	KO
REQUEST	1	XUI_020_Login	XUI_020_005_Login	1689858575808	1689858576367	OK	 
REQUEST	1	XUI_020_Login	XUI_020_005_Login Redirect 1	1689858576369	1689858576402	KO	regex(Manage cases).find.exists, found nothing
REQUEST	1	XUI_020_Login	XUI_Common_000_ConfigurationUI	1689858576404	1689858576434	OK	 
REQUEST	1	XUI_020_Login	XUI_Common_000_ConfigJson	1689858576436	1689858576447	OK	 
REQUEST	1	XUI_020_Login	XUI_Common_000_TsAndCs	1689858576449	1689858576477	OK	 
REQUEST	1	XUI_020_Login	XUI_Common_000_ConfigUI	1689858576478	1689858576511	OK	 
REQUEST	1	XUI_020_Login	XUI_Common_000_UserDetails	1689858576512	1689858576557	OK	 
REQUEST	1	XUI_020_Login	XUI_Common_000_IsAuthenticated	1689858576558	1689858576604	OK	 
REQUEST	1	XUI_020_Login	XUI_Common_000_MonitoringTools	1689858576605	1689858576637	OK	 
GROUP	1	XUI_020_Login	1689858575806	1689858576654	817	KO
REQUEST	1	XUI_PRL_030_SelectCase	XUI_PRL_040_005_SelectIssue	1689858576666	1689858576971	KO	jsonPath($.event_token).find.exists, found nothing
GROUP	1	XUI_PRL_030_SelectCase	1689858576655	1689858576973	305	KO
USER	***** Private Law Create Case *****	1	END	1689858574977	1689858576976
