ASSERTION	AAECAAMFAAAAAAAAAFlA
RUN	simulations.PRL_Simulation	prl-simulation	1686583287378	 	3.3.1
USER	***** Private Law Create Case *****	1	START	1686583287709	1686583287709
REQUEST	1	XUI_010_Homepage	XUI_010_005_Homepage	1686583287721	1686583287963	OK	 
REQUEST	1	XUI_010_Homepage	XUI_Common_000_ConfigurationUI	1686583287988	1686583290269	OK	 
REQUEST	1	XUI_010_Homepage	XUI_Common_000_ConfigJson	1686583290274	1686583290807	OK	 
REQUEST	1	XUI_010_Homepage	XUI_Common_000_TsAndCs	1686583290808	1686583291332	OK	 
REQUEST	1	XUI_010_Homepage	XUI_Common_000_ConfigUI	1686583291337	1686583291699	OK	 
REQUEST	1	XUI_010_Homepage	XUI_Common_000_UserDetails	1686583291701	1686583291949	OK	 
REQUEST	1	XUI_010_Homepage	XUI_Common_000_IsAuthenticated	1686583291953	1686583292068	OK	 
REQUEST	1	XUI_010_Homepage	XUI_010_010_AuthLogin	1686583292071	1686583292178	OK	 
REQUEST	1	XUI_010_Homepage	XUI_010_010_AuthLogin Redirect 1	1686583292182	1686583294015	OK	 
REQUEST	1	XUI_010_Homepage	XUI_010_010_AuthLogin Redirect 2	1686583294030	1686583294855	OK	 
GROUP	1	XUI_010_Homepage	1686583287713	1686583296785	8927	OK
REQUEST	1	XUI_020_Login	XUI_020_005_Login	1686583296788	1686583297071	OK	 
REQUEST	1	XUI_020_Login	XUI_020_005_Login Redirect 1	1686583297073	1686583298392	OK	 
REQUEST	1	XUI_020_Login	XUI_020_005_Login Redirect 2	1686583298393	1686583298517	OK	 
REQUEST	1	XUI_020_Login	XUI_Common_000_ConfigurationUI	1686583328824	1686583329747	OK	 
REQUEST	1	XUI_020_Login	XUI_Common_000_ConfigJson	1686583329748	1686583330021	OK	 
REQUEST	1	XUI_020_Login	XUI_Common_000_TsAndCs	1686583330022	1686583330232	OK	 
REQUEST	1	XUI_020_Login	XUI_Common_000_ConfigUI	1686583330233	1686583330797	OK	 
REQUEST	1	XUI_020_Login	XUI_Common_000_UserDetails	1686583330798	1686583331245	OK	 
REQUEST	1	XUI_020_Login	XUI_Common_000_IsAuthenticated	1686583331246	1686583331447	OK	 
REQUEST	1	XUI_020_Login	XUI_Common_000_MonitoringTools	1686583331448	1686583331669	OK	 
GROUP	1	XUI_020_Login	1686583296785	1686583331691	34868	OK
REQUEST	1	XUI_PRL_030_SelectCase	XUI_PRL_030_005_SelectCase	1686583331699	1686583332462	KO	status.find.in(200,201,202,203,204,205,206,207,208,209,304), found 406
GROUP	1	XUI_PRL_030_SelectCase	1686583331691	1686583332466	763	KO
USER	***** Private Law Create Case *****	1	END	1686583287709	1686583332468
