ASSERTION	AAECAAIFAAAAAAAAAFlA
RUN	simulations.PRL_Simulation	prl-simulation	1702998187181	 	3.9.5
USER	***** PRL Case Flags 2.1 Journey *****	START	1702998187705
REQUEST	XUI_010_Homepage	XUI_010_005_Homepage	1702998187715	1702998187857	OK	 
REQUEST	XUI_010_Homepage	XUI_Common_000_ConfigurationUI	1702998200816	1702998200868	OK	 
REQUEST	XUI_010_Homepage	XUI_Common_000_ConfigJson	1702998200870	1702998200912	OK	 
REQUEST	XUI_010_Homepage	XUI_Common_000_TsAndCs	1702998200914	1702998200948	OK	 
REQUEST	XUI_010_Homepage	XUI_Common_000_ConfigUI	1702998200948	1702998200984	OK	 
REQUEST	XUI_010_Homepage	XUI_Common_000_UserDetails	1702998200986	1702998201132	OK	 
REQUEST	XUI_010_Homepage	XUI_Common_000_IsAuthenticated	1702998201134	1702998201167	OK	 
REQUEST	XUI_010_Homepage	XUI_010_010_AuthLogin	1702998201170	1702998201248	OK	 
REQUEST	XUI_010_Homepage	XUI_010_010_AuthLogin Redirect 1	1702998201253	1702998201413	OK	 
REQUEST	XUI_010_Homepage	XUI_010_010_AuthLogin Redirect 2	1702998201414	1702998201476	OK	 
GROUP	XUI_010_Homepage	1702998187706	1702998202691	14889	OK
REQUEST	XUI_020_Login	XUI_020_005_Login	1702998202697	1702998202896	OK	 
REQUEST	XUI_020_Login	XUI_020_005_Login Redirect 1	1702998202898	1702998203877	OK	 
REQUEST	XUI_020_Login	XUI_020_005_Login Redirect 2	1702998203881	1702998203920	OK	 
REQUEST	XUI_020_Login	XUI_Common_000_ConfigurationUI	1702998216409	1702998216455	OK	 
REQUEST	XUI_020_Login	XUI_Common_000_ConfigJson	1702998216456	1702998216490	OK	 
REQUEST	XUI_020_Login	XUI_Common_000_TsAndCs	1702998216492	1702998216525	OK	 
REQUEST	XUI_020_Login	XUI_Common_000_ConfigUI	1702998216527	1702998216569	OK	 
REQUEST	XUI_020_Login	XUI_Common_000_UserDetails	1702998216570	1702998216991	OK	 
REQUEST	XUI_020_Login	XUI_Common_000_IsAuthenticated	1702998216993	1702998217055	OK	 
REQUEST	XUI_020_Login	XUI_Common_000_MonitoringTools	1702998217058	1702998217221	OK	 
GROUP	XUI_020_Login	1702998202691	1702998217245	14503	OK
GROUP	XUI_PRL_030_CreateCaseStart	1702998217246	1702998217247	0	OK
REQUEST	XUI_PRL_040_RequestSupport	XUI_PRL_040_005_RequestSupport	1702998217248	1702998218683	OK	 
REQUEST	XUI_PRL_040_RequestSupport	XUI_PRL_040_010_RequestSupport	1702998218684	1702998219268	KO	status.find.in([200, 209], 304), found 404
GROUP	XUI_PRL_040_RequestSupport	1702998217248	1702998219284	2019	KO
USER	***** PRL Case Flags 2.1 Journey *****	END	1702998219288
