ASSERTION	AAECAAIFAAAAAAAAAFlA
RUN	simulations.PRL_Simulation	prl-simulation	1711453603475	 	3.9.5
USER	***** PRL Citizen Journey *****	START	1711453603978
REQUEST	PRL_CitizenC100_010_PRLHome	PRL_CitizenC100_010_005_PRLHome	1711453603997	1711453604197	OK	 
REQUEST	PRL_CitizenC100_010_PRLHome	PRL_CitizenC100_010_005_PRLHome Redirect 1	1711453604204	1711453604302	OK	 
REQUEST	PRL_CitizenC100_010_PRLHome	PRL_CitizenC100_010_005_PRLHome Redirect 2	1711453604303	1711453604461	OK	 
REQUEST	PRL_CitizenC100_010_PRLHome	PRL_CitizenC100_010_005_PRLHome Redirect 3	1711453604462	1711453604596	OK	 
GROUP	PRL_CitizenC100_010_PRLHome	1711453603979	1711453604873	816	OK
REQUEST	PRL_CitizenC100_020_Login	PRL_CitizenC100_020_005_Login	1711453604874	1711453604960	OK	 
REQUEST	PRL_CitizenC100_020_Login	PRL_CitizenC100_020_005_Login Redirect 1	1711453604961	1711453605413	OK	 
REQUEST	PRL_CitizenC100_020_Login	PRL_CitizenC100_020_005_Login Redirect 2	1711453605414	1711453607770	OK	 
GROUP	PRL_CitizenC100_020_Login	1711453604873	1711453608796	3914	OK
REQUEST	PRL_CitizenC100_025_ChildArrangementsApplication	PRL_CitizenC100_025_005_ChildArrangementsApplication	1711453608797	1711453609308	OK	 
GROUP	PRL_CitizenC100_025_ChildArrangementsApplication	1711453608796	1711453609414	611	OK
REQUEST	PRL_CitizenC100_030_StartApplication	PRL_CitizenC100_030_005_StartApplication	1711453609414	1711453609689	OK	 
GROUP	PRL_CitizenC100_030_StartApplication	1711453609414	1711453609786	367	OK
REQUEST	PRL_CitizenC100_040_WhatYouWillNeed	PRL_CitizenC100_040_005_WhatYouWillNeed	1711453609787	1711453614937	OK	 
REQUEST	PRL_CitizenC100_040_WhatYouWillNeed	PRL_CitizenC100_040_005_WhatYouWillNeed Redirect 1	1711453614938	1711453615062	OK	 
GROUP	PRL_CitizenC100_040_WhatYouWillNeed	1711453609787	1711453615182	5389	OK
REQUEST	PRL_CitizenC100_060_ChildrenPostCode	PRL_CitizenC100_060_005_ChildrenPostCode	1711453615185	1711453615252	OK	 
REQUEST	PRL_CitizenC100_060_ChildrenPostCode	PRL_CitizenC100_060_005_ChildrenPostCode Redirect 1	1711453615254	1711453615342	OK	 
GROUP	PRL_CitizenC100_060_ChildrenPostCode	1711453615183	1711453615436	245	OK
REQUEST	PRL_CitizenC100_070_WrittenAgreement	PRL_CitizenC100_070_005_WrittenAgreement	1711453615437	1711453615497	OK	 
REQUEST	PRL_CitizenC100_070_WrittenAgreement	PRL_CitizenC100_070_005_WrittenAgreement Redirect 1	1711453615498	1711453615589	OK	 
GROUP	PRL_CitizenC100_070_WrittenAgreement	1711453615436	1711453615704	261	OK
REQUEST	PRL_CitizenC100_080_BeforeCourt	PRL_CitizenC100_080_005_BeforeCourt	1711453615704	1711453615750	OK	 
REQUEST	PRL_CitizenC100_080_BeforeCourt	PRL_CitizenC100_080_005_BeforeCourt Redirect 1	1711453615751	1711453615870	OK	 
GROUP	PRL_CitizenC100_080_BeforeCourt	1711453615704	1711453615963	254	OK
REQUEST	PRL_CitizenC100_090_ReachAgreement	PRL_CitizenC100_090_005_ReachAgreement	1711453615964	1711453616003	OK	 
REQUEST	PRL_CitizenC100_090_ReachAgreement	PRL_CitizenC100_090_005_ReachAgreement Redirect 1	1711453616005	1711453616138	OK	 
GROUP	PRL_CitizenC100_090_ReachAgreement	1711453615963	1711453616232	260	OK
REQUEST	PRL_CitizenC100_100_LegalRep	PRL_CitizenC100_100_005_LegalRep	1711453616233	1711453616289	OK	 
REQUEST	PRL_CitizenC100_100_LegalRep	PRL_CitizenC100_100_005_LegalRep Redirect 1	1711453616291	1711453616374	OK	 
GROUP	PRL_CitizenC100_100_LegalRep	1711453616232	1711453616475	236	OK
REQUEST	PRL_CitizenC100_110_PermissionFromCourt	PRL_CitizenC100_110_005_PermissionFromCourt	1711453616476	1711453616515	OK	 
REQUEST	PRL_CitizenC100_110_PermissionFromCourt	PRL_CitizenC100_110_005_PermissionFromCourt Redirect 1	1711453616516	1711453616615	OK	 
GROUP	PRL_CitizenC100_110_PermissionFromCourt	1711453616475	1711453616717	237	OK
REQUEST	PRL_CitizenC100_120_WhyPermissionFromCourt	PRL_CitizenC100_120_005_WhyPermissionFromCourt	1711453616718	1711453616759	OK	 
REQUEST	PRL_CitizenC100_120_WhyPermissionFromCourt	PRL_CitizenC100_120_005_WhyPermissionFromCourt Redirect 1	1711453616760	1711453616874	OK	 
GROUP	PRL_CitizenC100_120_WhyPermissionFromCourt	1711453616717	1711453616963	241	OK
REQUEST	PRL_CitizenC100_130_WhyCourtShouldGrant	PRL_CitizenC100_130_005_WhyCourtShouldGrant	1711453616964	1711453617002	OK	 
REQUEST	PRL_CitizenC100_130_WhyCourtShouldGrant	PRL_CitizenC100_130_005_WhyCourtShouldGrant Redirect 1	1711453617003	1711453617092	OK	 
GROUP	PRL_CitizenC100_130_WhyCourtShouldGrant	1711453616963	1711453617182	215	OK
REQUEST	PRL_CitizenC100_140_InvolvedInEmergencyProtection	PRL_CitizenC100_140_005_InvolvedInEmergencyProtection	1711453617183	1711453617223	OK	 
REQUEST	PRL_CitizenC100_140_InvolvedInEmergencyProtection	PRL_CitizenC100_140_005_InvolvedInEmergencyProtection Redirect 1	1711453617224	1711453617317	OK	 
GROUP	PRL_CitizenC100_140_InvolvedInEmergencyProtection	1711453617182	1711453617485	298	OK
REQUEST	PRL_CitizenC100_150_AttendingMIAM	PRL_CitizenC100_150_005_AttendingMIAM	1711453617486	1711453617528	OK	 
REQUEST	PRL_CitizenC100_150_AttendingMIAM	PRL_CitizenC100_150_005_AttendingMIAM Redirect 1	1711453617530	1711453617616	OK	 
GROUP	PRL_CitizenC100_150_AttendingMIAM	1711453617485	1711453617706	215	OK
REQUEST	PRL_CitizenC100_160_AttendedMIAM	PRL_CitizenC100_160_005_AttendedMIAM	1711453617707	1711453617744	OK	 
REQUEST	PRL_CitizenC100_160_AttendedMIAM	PRL_CitizenC100_160_005_AttendedMIAM Redirect 1	1711453617745	1711453617852	OK	 
GROUP	PRL_CitizenC100_160_AttendedMIAM	1711453617707	1711453617945	233	OK
REQUEST	PRL_CitizenC100_170_DocumentSigned	PRL_CitizenC100_170_005_DocumentSigned	1711453617946	1711453617985	OK	 
REQUEST	PRL_CitizenC100_170_DocumentSigned	PRL_CitizenC100_170_005_DocumentSigned Redirect 1	1711453617986	1711453618094	OK	 
GROUP	PRL_CitizenC100_170_DocumentSigned	1711453617945	1711453618191	239	OK
REQUEST	PRL_CitizenC100_180_MIAMUpload	PRL_CitizenC100_180_005_MIAMUpload	1711453618203	1711453620431	OK	 
REQUEST	PRL_CitizenC100_180_MIAMUpload	PRL_CitizenC100_180_005_MIAMUpload Redirect 1	1711453620433	1711453620480	OK	 
GROUP	PRL_CitizenC100_180_MIAMUpload	1711453618192	1711453620582	2373	OK
REQUEST	PRL_CitizenC100_190_MIAMUploadSubmit	PRL_CitizenC100_190_005_MIAMUploadSubmit	1711453620583	1711453620627	OK	 
REQUEST	PRL_CitizenC100_190_MIAMUploadSubmit	PRL_CitizenC100_190_005_MIAMUploadSubmit Redirect 1	1711453620627	1711453620731	OK	 
GROUP	PRL_CitizenC100_190_MIAMUploadSubmit	1711453620582	1711453620892	304	OK
REQUEST	PRL_CitizenC100_200_MIAMUploadContinue	PRL_CitizenC100_200_005_MIAMUploadContinue	1711453620893	1711453620935	OK	 
REQUEST	PRL_CitizenC100_200_MIAMUploadContinue	PRL_CitizenC100_200_005_MIAMUploadContinue Redirect 1	1711453620936	1711453621043	OK	 
GROUP	PRL_CitizenC100_200_MIAMUploadContinue	1711453620892	1711453621138	241	OK
REQUEST	PRL_CitizenC100_210_AskingCourtToDo	PRL_CitizenC100_210_005_AskingCourtToDo	1711453621139	1711453621178	OK	 
REQUEST	PRL_CitizenC100_210_AskingCourtToDo	PRL_CitizenC100_210_005_AskingCourtToDo Redirect 1	1711453621178	1711453621304	OK	 
GROUP	PRL_CitizenC100_210_AskingCourtToDo	1711453621138	1711453621405	261	OK
REQUEST	PRL_CitizenC100_220_WouldLikeCourtTo	PRL_CitizenC100_220_005_WouldLikeCourtTo	1711453621405	1711453621445	OK	 
REQUEST	PRL_CitizenC100_220_WouldLikeCourtTo	PRL_CitizenC100_220_005_WouldLikeCourtTo Redirect 1	1711453621446	1711453621524	OK	 
GROUP	PRL_CitizenC100_220_WouldLikeCourtTo	1711453621405	1711453621620	210	OK
REQUEST	PRL_CitizenC100_230_DescribeWhatCourt	PRL_CitizenC100_230_005_DescribeWhatCourt	1711453621621	1711453621659	OK	 
REQUEST	PRL_CitizenC100_230_DescribeWhatCourt	PRL_CitizenC100_230_005_DescribeWhatCourt Redirect 1	1711453621661	1711453621764	OK	 
GROUP	PRL_CitizenC100_230_DescribeWhatCourt	1711453621620	1711453621862	236	OK
REQUEST	PRL_CitizenC100_240_UrgentFirstHearing	PRL_CitizenC100_240_005_UrgentFirstHearing	1711453621863	1711453621912	OK	 
REQUEST	PRL_CitizenC100_240_UrgentFirstHearing	PRL_CitizenC100_240_005_UrgentFirstHearing Redirect 1	1711453621913	1711453621997	OK	 
GROUP	PRL_CitizenC100_240_UrgentFirstHearing	1711453621862	1711453622088	220	OK
REQUEST	PRL_CitizenC100_250_UrgentHearingDetails	PRL_CitizenC100_250_005_UrgentHearingDetails	1711453622089	1711453622129	OK	 
REQUEST	PRL_CitizenC100_250_UrgentHearingDetails	PRL_CitizenC100_250_005_UrgentHearingDetails Redirect 1	1711453622130	1711453622228	OK	 
GROUP	PRL_CitizenC100_250_UrgentHearingDetails	1711453622088	1711453622321	228	OK
REQUEST	PRL_CitizenC100_260_AskingForWithoutNotice	PRL_CitizenC100_260_005_AskingForWithoutNotice	1711453622322	1711453622364	OK	 
REQUEST	PRL_CitizenC100_260_AskingForWithoutNotice	PRL_CitizenC100_260_005_AskingForWithoutNotice Redirect 1	1711453622365	1711453622459	OK	 
GROUP	PRL_CitizenC100_260_AskingForWithoutNotice	1711453622321	1711453622549	223	OK
REQUEST	PRL_CitizenC100_270_WithoutNoticeDetails	PRL_CitizenC100_270_005_WithoutNoticeDetails	1711453622550	1711453622591	OK	 
REQUEST	PRL_CitizenC100_270_WithoutNoticeDetails	PRL_CitizenC100_270_005_WithoutNoticeDetails Redirect 1	1711453622592	1711453622677	OK	 
GROUP	PRL_CitizenC100_270_WithoutNoticeDetails	1711453622550	1711453622771	216	OK
REQUEST	PRL_CitizenC100_280_ChildrenName	PRL_CitizenC100_280_005_ChildrenName	1711453622772	1711453622812	OK	 
GROUP	PRL_CitizenC100_280_ChildrenName	1711453622771	1711453622816	40	OK
REQUEST	PRL_CitizenC100_285_ChildrenNameRedirect	PRL_CitizenC100_280_005_ChildrenName	1711453622817	1711453622950	OK	 
GROUP	PRL_CitizenC100_285_ChildrenNameRedirect	1711453622817	1711453623055	235	OK
REQUEST	PRL_CitizenC100_290_ChildDetails	PRL_CitizenC100_290_005_ChildDetails	1711453623056	1711453623099	OK	 
REQUEST	PRL_CitizenC100_290_ChildDetails	PRL_CitizenC100_290_005_ChildDetails Redirect 1	1711453623099	1711453623201	OK	 
GROUP	PRL_CitizenC100_290_ChildDetails	1711453623055	1711453623302	241	OK
REQUEST	PRL_CitizenC100_300_WhichDecision	PRL_CitizenC100_300_005_WhichDecision	1711453623303	1711453623342	OK	 
REQUEST	PRL_CitizenC100_300_WhichDecision	PRL_CitizenC100_300_005_WhichDecision Redirect 1	1711453623343	1711453623454	OK	 
GROUP	PRL_CitizenC100_300_WhichDecision	1711453623303	1711453623553	245	OK
REQUEST	PRL_CitizenC100_310_ParentalResponsibility	PRL_CitizenC100_310_005_ParentalResponsibility	1711453623553	1711453623596	OK	 
REQUEST	PRL_CitizenC100_310_ParentalResponsibility	PRL_CitizenC100_310_005_ParentalResponsibility Redirect 1	1711453623597	1711453623681	OK	 
GROUP	PRL_CitizenC100_310_ParentalResponsibility	1711453623553	1711453623800	243	OK
REQUEST	PRL_CitizenC100_320_FurtherInformation	PRL_CitizenC100_320_005_FurtherInformation	1711453623801	1711453623843	OK	 
REQUEST	PRL_CitizenC100_320_FurtherInformation	PRL_CitizenC100_320_005_FurtherInformation Redirect 1	1711453623844	1711453623969	OK	 
GROUP	PRL_CitizenC100_320_FurtherInformation	1711453623800	1711453624061	256	OK
REQUEST	PRL_CitizenC100_330_OtherChildren	PRL_CitizenC100_330_005_OtherChildren	1711453624062	1711453624100	OK	 
REQUEST	PRL_CitizenC100_330_OtherChildren	PRL_CitizenC100_330_005_OtherChildren Redirect 1	1711453624101	1711453624186	OK	 
GROUP	PRL_CitizenC100_330_OtherChildren	1711453624062	1711453624283	216	OK
REQUEST	PRL_CitizenC100_340_EnterYourName	PRL_CitizenC100_340_005_EnterYourName	1711453624284	1711453624337	OK	 
GROUP	PRL_CitizenC100_340_EnterYourName	1711453624283	1711453624338	53	OK
REQUEST	PRL_CitizenC100_345_EnterYourNameRedirect	PRL_CitizenC100_340_005_EnterYourName	1711453624338	1711453624444	OK	 
GROUP	PRL_CitizenC100_345_EnterYourNameRedirect	1711453624338	1711453624537	196	OK
REQUEST	PRL_CitizenC100_350_KnowContactDetails	PRL_CitizenC100_350_005_KnowContactDetails	1711453624539	1711453624578	OK	 
REQUEST	PRL_CitizenC100_350_KnowContactDetails	PRL_CitizenC100_350_005_KnowContactDetails Redirect 1	1711453624580	1711453624686	OK	 
GROUP	PRL_CitizenC100_350_KnowContactDetails	1711453624538	1711453624779	235	OK
REQUEST	PRL_CitizenC100_360_KeepDetailsPrivate	PRL_CitizenC100_360_005_KeepDetailsPrivate	1711453624780	1711453624821	OK	 
REQUEST	PRL_CitizenC100_360_KeepDetailsPrivate	PRL_CitizenC100_360_005_KeepDetailsPrivate Redirect 1	1711453624822	1711453624940	OK	 
GROUP	PRL_CitizenC100_360_KeepDetailsPrivate	1711453624780	1711453625027	243	OK
REQUEST	PRL_CitizenC100_370_KeepDetailsPrivateContinue	PRL_CitizenC100_370_005_KeepDetailsPrivateContinue	1711453625028	1711453625068	OK	 
REQUEST	PRL_CitizenC100_370_KeepDetailsPrivateContinue	PRL_CitizenC100_370_005_KeepDetailsPrivateContinue Redirect 1	1711453625069	1711453625167	OK	 
GROUP	PRL_CitizenC100_370_KeepDetailsPrivateContinue	1711453625027	1711453625264	232	OK
REQUEST	PRL_CitizenC100_380_ApplicantDetails	PRL_CitizenC100_380_005_ApplicantDetails	1711453625265	1711453625307	OK	 
REQUEST	PRL_CitizenC100_380_ApplicantDetails	PRL_CitizenC100_380_005_ApplicantDetails Redirect 1	1711453625308	1711453625438	OK	 
GROUP	PRL_CitizenC100_380_ApplicantDetails	1711453625264	1711453625531	261	OK
REQUEST	PRL_CitizenC100_390_ApplicantRelationship	PRL_CitizenC100_390_005_ApplicantRelationship	1711453625532	1711453625574	OK	 
REQUEST	PRL_CitizenC100_390_ApplicantRelationship	PRL_CitizenC100_390_005_ApplicantRelationship Redirect 1	1711453625576	1711453625681	OK	 
GROUP	PRL_CitizenC100_390_ApplicantRelationship	1711453625531	1711453625775	238	OK
REQUEST	PRL_CitizenC100_400_ApplicantPostcode	PRL_CitizenC100_400_005_ApplicantPostcode	1711453625776	1711453626405	OK	 
REQUEST	PRL_CitizenC100_400_ApplicantPostcode	PRL_CitizenC100_400_005_ApplicantPostcode Redirect 1	1711453626406	1711453626513	OK	 
GROUP	PRL_CitizenC100_400_ApplicantPostcode	1711453625775	1711453626620	838	OK
REQUEST	PRL_CitizenC100_410_ApplicantSelectAddress	PRL_CitizenC100_410_005_ApplicantSelectAddress	1711453626621	1711453626658	OK	 
REQUEST	PRL_CitizenC100_410_ApplicantSelectAddress	PRL_CitizenC100_410_005_ApplicantSelectAddress Redirect 1	1711453626659	1711453626746	OK	 
GROUP	PRL_CitizenC100_410_ApplicantSelectAddress	1711453626620	1711453626845	218	OK
REQUEST	PRL_CitizenC100_420_ApplicantAddress	PRL_CitizenC100_420_005_ApplicantAddress	1711453626845	1711453626884	OK	 
REQUEST	PRL_CitizenC100_420_ApplicantAddress	PRL_CitizenC100_420_005_ApplicantAddress Redirect 1	1711453626885	1711453626976	OK	 
GROUP	PRL_CitizenC100_420_ApplicantAddress	1711453626845	1711453627069	220	OK
REQUEST	PRL_CitizenC100_430_ApplicantContact	PRL_CitizenC100_430_005_ApplicantContact	1711453627070	1711453627110	OK	 
REQUEST	PRL_CitizenC100_430_ApplicantContact	PRL_CitizenC100_430_005_ApplicantContact Redirect 1	1711453627112	1711453627208	OK	 
GROUP	PRL_CitizenC100_430_ApplicantContact	1711453627070	1711453627292	219	OK
REQUEST	PRL_CitizenC100_440_ApplicantContactPreference	PRL_CitizenC100_440_005_ApplicantContactPreference	1711453627293	1711453627332	OK	 
REQUEST	PRL_CitizenC100_440_ApplicantContactPreference	PRL_CitizenC100_440_005_ApplicantContactPreference Redirect 1	1711453627333	1711453627417	OK	 
GROUP	PRL_CitizenC100_440_ApplicantContactPreference	1711453627292	1711453627503	205	OK
REQUEST	PRL_CitizenC100_450_RespondentName	PRL_CitizenC100_450_005_RespondentName	1711453627504	1711453627544	OK	 
GROUP	PRL_CitizenC100_450_RespondentName	1711453627503	1711453627545	40	OK
REQUEST	PRL_CitizenC100_460_RespondentNameRedirect	PRL_CitizenC100_460_005_RespondentNameRedirect	1711453627545	1711453627668	OK	 
GROUP	PRL_CitizenC100_460_RespondentNameRedirect	1711453627545	1711453627766	217	OK
REQUEST	PRL_CitizenC100_470_RespondentDetails	PRL_CitizenC100_470_005_RespondentDetails	1711453627767	1711453627809	OK	 
REQUEST	PRL_CitizenC100_470_RespondentDetails	PRL_CitizenC100_470_005_RespondentDetails Redirect 1	1711453627810	1711453627899	OK	 
GROUP	PRL_CitizenC100_470_RespondentDetails	1711453627766	1711453627993	222	OK
REQUEST	PRL_CitizenC100_480_RespondentRelationship	PRL_CitizenC100_480_005_RespondentRelationship	1711453627994	1711453628032	OK	 
REQUEST	PRL_CitizenC100_480_RespondentRelationship	PRL_CitizenC100_480_005_RespondentRelationship Redirect 1	1711453628032	1711453628129	OK	 
GROUP	PRL_CitizenC100_480_RespondentRelationship	1711453627993	1711453628216	219	OK
REQUEST	PRL_CitizenC100_490_RespondentPostcode	PRL_CitizenC100_490_005_RespondentPostcode	1711453628217	1711453628357	OK	 
REQUEST	PRL_CitizenC100_490_RespondentPostcode	PRL_CitizenC100_490_005_RespondentPostcode Redirect 1	1711453628358	1711453628458	OK	 
GROUP	PRL_CitizenC100_490_RespondentPostcode	1711453628217	1711453628559	337	OK
REQUEST	PRL_CitizenC100_500_RespondentSelectAddress	PRL_CitizenC100_500_005_RespondentSelectAddress	1711453628560	1711453628598	OK	 
REQUEST	PRL_CitizenC100_500_RespondentSelectAddress	PRL_CitizenC100_500_005_RespondentSelectAddress Redirect 1	1711453628599	1711453628690	OK	 
GROUP	PRL_CitizenC100_500_RespondentSelectAddress	1711453628559	1711453628799	236	OK
REQUEST	PRL_CitizenC100_510_RespondentAddress	PRL_CitizenC100_510_005_RespondentAddress	1711453628801	1711453628841	OK	 
REQUEST	PRL_CitizenC100_510_RespondentAddress	PRL_CitizenC100_510_005_RespondentAddress Redirect 1	1711453628842	1711453628948	OK	 
GROUP	PRL_CitizenC100_510_RespondentAddress	1711453628799	1711453629045	240	OK
REQUEST	PRL_CitizenC100_520_RespondentContact	PRL_CitizenC100_520_005_RespondentContact	1711453629046	1711453629086	OK	 
REQUEST	PRL_CitizenC100_520_RespondentContact	PRL_CitizenC100_520_005_RespondentContact Redirect 1	1711453629086	1711453629174	OK	 
GROUP	PRL_CitizenC100_520_RespondentContact	1711453629045	1711453629288	241	OK
REQUEST	PRL_CitizenC100_530_AnyoneElse	PRL_CitizenC100_530_005_AnyoneElse	1711453629289	1711453629327	OK	 
REQUEST	PRL_CitizenC100_530_AnyoneElse	PRL_CitizenC100_530_005_AnyoneElse Redirect 1	1711453629330	1711453629416	OK	 
GROUP	PRL_CitizenC100_530_AnyoneElse	1711453629288	1711453629506	210	OK
REQUEST	PRL_CitizenC100_540_ChildLiveWith	PRL_CitizenC100_540_005_ChildLiveWith	1711453629507	1711453629546	OK	 
REQUEST	PRL_CitizenC100_540_ChildLiveWith	PRL_CitizenC100_540_005_ChildLiveWith Redirect 1	1711453629547	1711453629662	OK	 
GROUP	PRL_CitizenC100_540_ChildLiveWith	1711453629506	1711453629777	266	OK
REQUEST	PRL_CitizenC100_550_InvolvedInCourt	PRL_CitizenC100_550_005_InvolvedInCourt	1711453629777	1711453629823	OK	 
REQUEST	PRL_CitizenC100_550_InvolvedInCourt	PRL_CitizenC100_550_005_InvolvedInCourt Redirect 1	1711453629824	1711453629912	OK	 
GROUP	PRL_CitizenC100_550_InvolvedInCourt	1711453629777	1711453630004	222	OK
REQUEST	PRL_CitizenC100_560_CourtCasesInfo	PRL_CitizenC100_560_005_CourtCasesInfo	1711453630005	1711453630042	OK	 
REQUEST	PRL_CitizenC100_560_CourtCasesInfo	PRL_CitizenC100_560_005_CourtCasesInfo Redirect 1	1711453630043	1711453630147	OK	 
GROUP	PRL_CitizenC100_560_CourtCasesInfo	1711453630005	1711453630256	247	OK
REQUEST	PRL_CitizenC100_570_DetailsOfCourtCases	PRL_CitizenC100_570_005_DetailsOfCourtCases	1711453630257	1711453630327	OK	 
REQUEST	PRL_CitizenC100_570_DetailsOfCourtCases	PRL_CitizenC100_570_005_DetailsOfCourtCases Redirect 1	1711453630328	1711453630453	OK	 
GROUP	PRL_CitizenC100_570_DetailsOfCourtCases	1711453630256	1711453630567	306	OK
REQUEST	PRL_CitizenC100_580_SafetyInfo	PRL_CitizenC100_580_005_SafetyInfo	1711453630568	1711453630615	OK	 
REQUEST	PRL_CitizenC100_580_SafetyInfo	PRL_CitizenC100_580_005_SafetyInfo Redirect 1	1711453630616	1711453630698	OK	 
GROUP	PRL_CitizenC100_580_SafetyInfo	1711453630567	1711453630852	279	OK
REQUEST	PRL_CitizenC100_590_SafetyConcerns	PRL_CitizenC100_590_005_SafetyConcerns	1711453630853	1711453630888	OK	 
REQUEST	PRL_CitizenC100_590_SafetyConcerns	PRL_CitizenC100_590_005_SafetyConcerns Redirect 1	1711453630889	1711453630980	OK	 
GROUP	PRL_CitizenC100_590_SafetyConcerns	1711453630852	1711453631078	218	OK
REQUEST	PRL_CitizenC100_600_ConcernedAbout	PRL_CitizenC100_600_005_ConcernedAbout	1711453631079	1711453631132	OK	 
REQUEST	PRL_CitizenC100_600_ConcernedAbout	PRL_CitizenC100_600_005_ConcernedAbout Redirect 1	1711453631133	1711453631223	OK	 
GROUP	PRL_CitizenC100_600_ConcernedAbout	1711453631078	1711453631312	229	OK
REQUEST	PRL_CitizenC100_610_TypeOfBehaviour	PRL_CitizenC100_610_005_TypeOfBehaviour	1711453631313	1711453631352	OK	 
REQUEST	PRL_CitizenC100_610_TypeOfBehaviour	PRL_CitizenC100_610_005_TypeOfBehaviour Redirect 1	1711453631353	1711453631443	OK	 
GROUP	PRL_CitizenC100_610_TypeOfBehaviour	1711453631312	1711453631559	242	OK
REQUEST	PRL_CitizenC100_620_DescribePyshicalAbuse	PRL_CitizenC100_620_005_DescribePyshicalAbuse	1711453631560	1711453631599	OK	 
REQUEST	PRL_CitizenC100_620_DescribePyshicalAbuse	PRL_CitizenC100_620_005_DescribePyshicalAbuse Redirect 1	1711453631600	1711453631688	OK	 
GROUP	PRL_CitizenC100_620_DescribePyshicalAbuse	1711453631559	1711453631808	245	OK
REQUEST	PRL_CitizenC100_630_ImpactedByDrug	PRL_CitizenC100_630_005_ImpactedByDrug	1711453631808	1711453631847	OK	 
REQUEST	PRL_CitizenC100_630_ImpactedByDrug	PRL_CitizenC100_630_005_ImpactedByDrug Redirect 1	1711453631848	1711453631938	OK	 
GROUP	PRL_CitizenC100_630_ImpactedByDrug	1711453631808	1711453632051	239	OK
REQUEST	PRL_CitizenC100_640_OtherConcerns	PRL_CitizenC100_640_005_OtherConcerns	1711453632051	1711453632089	OK	 
REQUEST	PRL_CitizenC100_640_OtherConcerns	PRL_CitizenC100_640_005_OtherConcerns Redirect 1	1711453632091	1711453632222	OK	 
GROUP	PRL_CitizenC100_640_OtherConcerns	1711453632051	1711453632313	258	OK
REQUEST	PRL_CitizenC100_650_KeepChildrenSafe	PRL_CitizenC100_650_005_KeepChildrenSafe	1711453632313	1711453632355	OK	 
REQUEST	PRL_CitizenC100_650_KeepChildrenSafe	PRL_CitizenC100_650_005_KeepChildrenSafe Redirect 1	1711453632356	1711453632449	OK	 
GROUP	PRL_CitizenC100_650_KeepChildrenSafe	1711453632313	1711453632539	222	OK
REQUEST	PRL_CitizenC100_660_ContactBetweenChildren	PRL_CitizenC100_660_005_ContactBetweenChildren	1711453632539	1711453632578	OK	 
REQUEST	PRL_CitizenC100_660_ContactBetweenChildren	PRL_CitizenC100_660_005_ContactBetweenChildren Redirect 1	1711453632578	1711453632672	OK	 
GROUP	PRL_CitizenC100_660_ContactBetweenChildren	1711453632539	1711453632762	220	OK
REQUEST	PRL_CitizenC100_670_ChildrenBasedOutsideEngland	PRL_CitizenC100_670_005_ChildrenBasedOutsideEngland	1711453632763	1711453632799	OK	 
REQUEST	PRL_CitizenC100_670_ChildrenBasedOutsideEngland	PRL_CitizenC100_670_005_ChildrenBasedOutsideEngland Redirect 1	1711453632800	1711453632906	OK	 
GROUP	PRL_CitizenC100_670_ChildrenBasedOutsideEngland	1711453632762	1711453633044	278	OK
REQUEST	PRL_CitizenC100_680_ParentsBasedOutsideEngland	PRL_CitizenC100_680_005_ParentsBasedOutsideEngland	1711453633044	1711453633083	OK	 
REQUEST	PRL_CitizenC100_680_ParentsBasedOutsideEngland	PRL_CitizenC100_680_005_ParentsBasedOutsideEngland Redirect 1	1711453633084	1711453633170	OK	 
GROUP	PRL_CitizenC100_680_ParentsBasedOutsideEngland	1711453633044	1711453633258	211	OK
REQUEST	PRL_CitizenC100_690_AnotherPersonApply	PRL_CitizenC100_690_005_AnotherPersonApply	1711453633258	1711453633323	OK	 
REQUEST	PRL_CitizenC100_690_AnotherPersonApply	PRL_CitizenC100_690_005_AnotherPersonApply Redirect 1	1711453633324	1711453633411	OK	 
GROUP	PRL_CitizenC100_690_AnotherPersonApply	1711453633258	1711453633506	243	OK
REQUEST	PRL_CitizenC100_700_AnotherCountryAsked	PRL_CitizenC100_700_005_AnotherCountryAsked	1711453633506	1711453633543	OK	 
REQUEST	PRL_CitizenC100_700_AnotherCountryAsked	PRL_CitizenC100_700_005_AnotherCountryAsked Redirect 1	1711453633543	1711453633628	OK	 
GROUP	PRL_CitizenC100_700_AnotherCountryAsked	1711453633506	1711453633736	228	OK
REQUEST	PRL_CitizenC100_710_TakePartInHearings	PRL_CitizenC100_710_005_TakePartInHearings	1711453633737	1711453633779	OK	 
REQUEST	PRL_CitizenC100_710_TakePartInHearings	PRL_CitizenC100_710_005_TakePartInHearings Redirect 1	1711453633779	1711453633865	OK	 
GROUP	PRL_CitizenC100_710_TakePartInHearings	1711453633737	1711453634120	379	OK
REQUEST	PRL_CitizenC100_720_LanguageRequirements	PRL_CitizenC100_720_005_LanguageRequirements	1711453634120	1711453634160	OK	 
REQUEST	PRL_CitizenC100_720_LanguageRequirements	PRL_CitizenC100_720_005_LanguageRequirements Redirect 1	1711453634160	1711453634245	OK	 
GROUP	PRL_CitizenC100_720_LanguageRequirements	1711453634120	1711453634339	216	OK
REQUEST	PRL_CitizenC100_730_SpecialArrangements	PRL_CitizenC100_730_005_SpecialArrangements	1711453634339	1711453634378	OK	 
REQUEST	PRL_CitizenC100_730_SpecialArrangements	PRL_CitizenC100_730_005_SpecialArrangements Redirect 1	1711453634378	1711453634478	OK	 
GROUP	PRL_CitizenC100_730_SpecialArrangements	1711453634339	1711453634575	233	OK
REQUEST	PRL_CitizenC100_740_NeedSupport	PRL_CitizenC100_740_005_NeedSupport	1711453634577	1711453634621	OK	 
REQUEST	PRL_CitizenC100_740_NeedSupport	PRL_CitizenC100_740_005_NeedSupport Redirect 1	1711453634621	1711453634677	OK	 
GROUP	PRL_CitizenC100_740_NeedSupport	1711453634576	1711453634770	190	OK
REQUEST	PRL_CitizenC100_750_DocumentsAlternativeFormat	PRL_CitizenC100_750_005_DocumentsAlternativeFormat	1711453634771	1711453634807	OK	 
REQUEST	PRL_CitizenC100_750_DocumentsAlternativeFormat	PRL_CitizenC100_750_005_DocumentsAlternativeFormat Redirect 1	1711453634808	1711453635316	OK	 
GROUP	PRL_CitizenC100_750_DocumentsAlternativeFormat	1711453634770	1711453635476	701	OK
REQUEST	PRL_CitizenC100_760_HelpWithPaying	PRL_CitizenC100_760_005_HelpWithPaying	1711453635477	1711453635516	OK	 
REQUEST	PRL_CitizenC100_760_HelpWithPaying	PRL_CitizenC100_760_005_HelpWithPaying Redirect 1	1711453635517	1711453635828	OK	 
GROUP	PRL_CitizenC100_760_HelpWithPaying	1711453635476	1711453635921	439	OK
REQUEST	PRL_CitizenC100_770_CheckYourAnswers	PRL_CitizenC100_770_005_CheckYourAnswers	1711453635922	1711453637874	KO	headerRegex((location,https://card.payments.service.gov.uk\/secure\/(.{8}-.{4}-.{4}-.{4}-.{12}))).find.exists, found nothing
GROUP	PRL_CitizenC100_770_CheckYourAnswers	1711453635921	1711453637883	1952	KO
USER	***** PRL Citizen Journey *****	END	1711453637885
