ASSERTION	AAECAAIFAAAAAAAAAFlA
RUN	simulations.PRL_Simulation	prl-simulation	1697537543266	 	3.9.5
USER	***** Private Law Create Case *****	START	1697537544297
REQUEST	XUI_010_Homepage	XUI_010_005_Homepage	1697537544318	1697537550823	OK	 
REQUEST	XUI_010_Homepage	XUI_Common_000_ConfigurationUI	1697537581259	1697537581318	OK	 
REQUEST	XUI_010_Homepage	XUI_Common_000_ConfigJson	1697537581320	1697537581339	OK	 
REQUEST	XUI_010_Homepage	XUI_Common_000_TsAndCs	1697537581340	1697537581402	OK	 
REQUEST	XUI_010_Homepage	XUI_Common_000_ConfigUI	1697537581406	1697537581544	OK	 
REQUEST	XUI_010_Homepage	XUI_Common_000_UserDetails	1697537581545	1697537581689	OK	 
REQUEST	XUI_010_Homepage	XUI_Common_000_IsAuthenticated	1697537581690	1697537581820	OK	 
REQUEST	XUI_010_Homepage	XUI_010_010_AuthLogin	1697537581824	1697537581870	OK	 
REQUEST	XUI_010_Homepage	XUI_010_010_AuthLogin Redirect 1	1697537581876	1697537585102	OK	 
REQUEST	XUI_010_Homepage	XUI_010_010_AuthLogin Redirect 2	1697537585104	1697537586056	OK	 
GROUP	XUI_010_Homepage	1697537544298	1697537590820	46421	OK
REQUEST	XUI_020_Login	XUI_020_005_Login	1697537590822	1697537591521	OK	 
REQUEST	XUI_020_Login	XUI_020_005_Login Redirect 1	1697537591522	1697537592143	OK	 
REQUEST	XUI_020_Login	XUI_020_005_Login Redirect 2	1697537592147	1697537592211	OK	 
REQUEST	XUI_020_Login	XUI_Common_000_ConfigurationUI	1697537618167	1697537618223	OK	 
REQUEST	XUI_020_Login	XUI_Common_000_ConfigJson	1697537618224	1697537618269	OK	 
REQUEST	XUI_020_Login	XUI_Common_000_TsAndCs	1697537618270	1697537618507	OK	 
REQUEST	XUI_020_Login	XUI_Common_000_ConfigUI	1697537618509	1697537618605	OK	 
REQUEST	XUI_020_Login	XUI_Common_000_UserDetails	1697537618607	1697537619570	OK	 
REQUEST	XUI_020_Login	XUI_Common_000_IsAuthenticated	1697537619570	1697537619820	OK	 
REQUEST	XUI_020_Login	XUI_Common_000_MonitoringTools	1697537619824	1697537620409	OK	 
GROUP	XUI_020_Login	1697537590820	1697537620430	29566	OK
REQUEST	XUI_PRL_030_CreateCaseStart	XUI_PRL_030_005_CreateCaseStart	1697537620432	1697537622619	OK	 
GROUP	XUI_PRL_030_CreateCaseStart	1697537620431	1697537622625	2187	OK
REQUEST	XUI_PRL_031_Type_Of_Application	XUI_PRL_031_005_Type_Of_Application	1697537622627	1697537624133	OK	 
GROUP	XUI_PRL_031_Type_Of_Application	1697537622625	1697537624134	1506	OK
REQUEST	XUI_PRL_032_ApplicationCheckYourAnswers	XUI_PRL_032_005_ApplicationCheckYourAnswers	1697537624135	1697537656705	OK	 
GROUP	XUI_PRL_032_ApplicationCheckYourAnswers	1697537624134	1697537656713	32570	OK
REQUEST	XUI_PRL_033_ApplicationDetails	XUI_PRL_033_005_ApplicationDetails	1697537656714	1697537664252	OK	 
GROUP	XUI_PRL_033_ApplicationDetails	1697537656714	1697537664286	7538	OK
REQUEST	XUI_PRL_034_EnterApplicationDetails	XUI_PRL_034_005_EnterApplicationDetails	1697537664286	1697537666178	OK	 
GROUP	XUI_PRL_034_EnterApplicationDetails	1697537664286	1697537666179	1892	OK
REQUEST	XUI_PRL_035_SubmitApplicationDetails	XUI_PRL_035_005_SubmitApplicationDetails	1697537666180	1697537675541	OK	 
GROUP	XUI_PRL_035_SubmitApplicationDetails	1697537666179	1697537675544	9361	OK
USER	***** Private Law Create Case *****	END	1697537675548
