ASSERTION	AAECAAIFAAAAAAAAAFlA
RUN	simulations.PRL_Simulation	prl-simulation	1706800683268	 	3.9.5
USER	***** PRL Citizen Journey *****	START	1706800683991
REQUEST	PRL_Citizen_010_PRLHome	PRL_Citizen_010_005_PRLHome	1706800684019	1706800684186	OK	 
REQUEST	PRL_Citizen_010_PRLHome	PRL_Citizen_010_005_PRLHome Redirect 1	1706800684197	1706800684361	OK	 
REQUEST	PRL_Citizen_010_PRLHome	PRL_Citizen_010_005_PRLHome Redirect 2	1706800684362	1706800684452	OK	 
REQUEST	PRL_Citizen_010_PRLHome	PRL_Citizen_010_005_PRLHome Redirect 3	1706800684453	1706800684542	OK	 
GROUP	PRL_Citizen_010_PRLHome	1706800683993	1706800684863	677	OK
REQUEST	PRL_Citizen_020_Login	PRL_Citizen_020_005_Login	1706800684898	1706800685087	OK	 
REQUEST	PRL_Citizen_020_Login	PRL_Citizen_020_005_Login Redirect 1	1706800685088	1706800685561	OK	 
REQUEST	PRL_Citizen_020_Login	PRL_Citizen_020_005_Login Redirect 2	1706800685561	1706800689152	OK	 
GROUP	PRL_Citizen_020_Login	1706800684863	1706800689320	4416	OK
REQUEST	PRL_Citizen_030_C100StartApplication	PRL_Citizen_030_005_C100StartApplication	1706800689320	1706800689876	OK	 
GROUP	PRL_Citizen_030_C100StartApplication	1706800689320	1706800689940	616	OK
REQUEST	PRL_Citizen_040_StartTheApplicationC100	PRL_Citizen_040_005_StartTheApplicationC100	1706800689940	1706800690482	OK	 
GROUP	PRL_Citizen_040_StartTheApplicationC100	1706800689940	1706800690554	607	OK
REQUEST	PRL_Citizen_041_Dashboard	PRL_Citizen_041_005_Dashboard	1706800690554	1706800690888	OK	 
REQUEST	PRL_Citizen_041_Dashboard	PRL_Citizen_041_005_Dashboard Redirect 1	1706800690889	1706800694576	OK	 
GROUP	PRL_Citizen_041_Dashboard	1706800690554	1706800694665	4108	OK
REQUEST	PRL_Citizen_042_ActivateAccessCode	PRL_Citizen_042_005_ActivateAccessCode	1706800694666	1706800695091	OK	 
GROUP	PRL_Citizen_042_ActivateAccessCode	1706800694665	1706800695184	509	OK
REQUEST	PRL_Citizen_043_CaseAdded	PRL_Citizen_043_005_AccessYourCase	1706800695186	1706800698919	OK	 
REQUEST	PRL_Citizen_043_CaseAdded	PRL_Citizen_043_005_AccessYourCase Redirect 1	1706800698920	1706800712599	OK	 
GROUP	PRL_Citizen_043_CaseAdded	1706800695184	1706800712675	17482	OK
REQUEST	PRL_Citizen_044_AccessCodeContinue	PRL_Citizen_044_005_AccessCodeContinue	1706800712677	1706800713110	OK	 
REQUEST	PRL_Citizen_044_AccessCodeContinue	PRL_Citizen_044_005_AccessCodeContinue Redirect 1	1706800713113	1706800713529	OK	 
GROUP	PRL_Citizen_044_AccessCodeContinue	1706800712675	1706800713600	913	OK
REQUEST	PRL_Citizen_045_AccessCase	PRL_Citizen_045_005_AccessCase	1706800713600	1706800714854	OK	 
REQUEST	PRL_Citizen_045_AccessCase	PRL_Citizen_045_005_AccessCase Redirect 1	1706800714855	1706800715149	OK	 
GROUP	PRL_Citizen_045_AccessCase	1706800713600	1706800715220	1616	OK
USER	***** PRL Citizen Journey *****	END	1706800715225
