ASSERTION	AAECAAIFAAAAAAAAAFlA
RUN	simulations.PRL_Simulation	prl-simulation	1702987579196	 	3.9.5
USER	***** PRL Case Flags 2.1 Journey *****	START	1702987579692
REQUEST	XUI_010_Homepage	XUI_010_005_Homepage	1702987579703	1702987579863	OK	 
REQUEST	XUI_010_Homepage	XUI_Common_000_ConfigurationUI	1702987594868	1702987594958	OK	 
REQUEST	XUI_010_Homepage	XUI_Common_000_ConfigJson	1702987594959	1702987594992	OK	 
REQUEST	XUI_010_Homepage	XUI_Common_000_TsAndCs	1702987594993	1702987595081	OK	 
REQUEST	XUI_010_Homepage	XUI_Common_000_ConfigUI	1702987595082	1702987595111	OK	 
REQUEST	XUI_010_Homepage	XUI_Common_000_UserDetails	1702987595112	1702987595139	OK	 
REQUEST	XUI_010_Homepage	XUI_Common_000_IsAuthenticated	1702987595140	1702987595191	OK	 
REQUEST	XUI_010_Homepage	XUI_010_010_AuthLogin	1702987595193	1702987595224	OK	 
REQUEST	XUI_010_Homepage	XUI_010_010_AuthLogin Redirect 1	1702987595226	1702987595428	OK	 
REQUEST	XUI_010_Homepage	XUI_010_010_AuthLogin Redirect 2	1702987595429	1702987595595	OK	 
GROUP	XUI_010_Homepage	1702987579694	1702987597641	17845	OK
REQUEST	XUI_020_Login	XUI_020_005_Login	1702987597645	1702987597793	OK	 
REQUEST	XUI_020_Login	XUI_020_005_Login Redirect 1	1702987597794	1702987598754	OK	 
REQUEST	XUI_020_Login	XUI_020_005_Login Redirect 2	1702987598755	1702987598817	OK	 
REQUEST	XUI_020_Login	XUI_Common_000_ConfigurationUI	1702987609316	1702987609369	OK	 
REQUEST	XUI_020_Login	XUI_Common_000_ConfigJson	1702987609370	1702987609457	OK	 
REQUEST	XUI_020_Login	XUI_Common_000_TsAndCs	1702987609458	1702987609543	OK	 
REQUEST	XUI_020_Login	XUI_Common_000_ConfigUI	1702987609544	1702987609596	OK	 
REQUEST	XUI_020_Login	XUI_Common_000_UserDetails	1702987609597	1702987610669	OK	 
REQUEST	XUI_020_Login	XUI_Common_000_IsAuthenticated	1702987610669	1702987610731	OK	 
REQUEST	XUI_020_Login	XUI_Common_000_MonitoringTools	1702987610736	1702987610793	OK	 
GROUP	XUI_020_Login	1702987597641	1702987610821	13134	OK
GROUP	XUI_PRL_030_CreateCaseStart	1702987610823	1702987610824	0	OK
REQUEST	XUI_PRL_040_TasksTab	XUI_PRL_040_005_TasksTab	1702987610827	1702987612371	KO	jsonPath($[0].id).find.exists, found nothing
GROUP	XUI_PRL_040_TasksTab	1702987610825	1702987612382	1544	KO
USER	***** PRL Case Flags 2.1 Journey *****	END	1702987612386
