ASSERTION	AAECAAIFAAAAAAAAAFlA
RUN	simulations.PRL_Simulation	prl-simulation	1697544993739	 	3.9.5
USER	***** Private Law Create Case *****	START	1697544994173
REQUEST	XUI_010_Homepage	XUI_010_005_Homepage	1697544994182	1697544994297	OK	 
REQUEST	XUI_010_Homepage	XUI_Common_000_ConfigurationUI	1697544995695	1697544995746	OK	 
REQUEST	XUI_010_Homepage	XUI_Common_000_ConfigJson	1697544995747	1697544995767	OK	 
REQUEST	XUI_010_Homepage	XUI_Common_000_TsAndCs	1697544995768	1697544995821	OK	 
REQUEST	XUI_010_Homepage	XUI_Common_000_ConfigUI	1697544995821	1697544995875	OK	 
REQUEST	XUI_010_Homepage	XUI_Common_000_UserDetails	1697544995877	1697544996103	OK	 
REQUEST	XUI_010_Homepage	XUI_Common_000_IsAuthenticated	1697544996104	1697544996147	OK	 
REQUEST	XUI_010_Homepage	XUI_010_010_AuthLogin	1697544996151	1697544996182	OK	 
REQUEST	XUI_010_Homepage	XUI_010_010_AuthLogin Redirect 1	1697544996186	1697544996307	OK	 
REQUEST	XUI_010_Homepage	XUI_010_010_AuthLogin Redirect 2	1697544996309	1697544996367	OK	 
GROUP	XUI_010_Homepage	1697544994174	1697544997494	3236	OK
REQUEST	XUI_020_Login	XUI_020_005_Login	1697544997495	1697544997621	OK	 
REQUEST	XUI_020_Login	XUI_020_005_Login Redirect 1	1697544997623	1697544998202	OK	 
REQUEST	XUI_020_Login	XUI_020_005_Login Redirect 2	1697544998203	1697544998235	OK	 
REQUEST	XUI_020_Login	XUI_Common_000_ConfigurationUI	1697544999746	1697544999806	OK	 
REQUEST	XUI_020_Login	XUI_Common_000_ConfigJson	1697544999806	1697544999836	OK	 
REQUEST	XUI_020_Login	XUI_Common_000_TsAndCs	1697544999837	1697545000012	OK	 
REQUEST	XUI_020_Login	XUI_Common_000_ConfigUI	1697545000014	1697545000049	OK	 
REQUEST	XUI_020_Login	XUI_Common_000_UserDetails	1697545000050	1697545000640	OK	 
REQUEST	XUI_020_Login	XUI_Common_000_IsAuthenticated	1697545000642	1697545000718	OK	 
REQUEST	XUI_020_Login	XUI_Common_000_MonitoringTools	1697545000722	1697545000774	OK	 
GROUP	XUI_020_Login	1697544997494	1697545000796	3261	OK
REQUEST	XUI_PRL_030_CreateCaseStart	XUI_PRL_030_005_CreateCaseStart	1697545000798	1697545009849	OK	 
GROUP	XUI_PRL_030_CreateCaseStart	1697545000797	1697545009858	9051	OK
REQUEST	XUI_PRL_031_Type_Of_Application	XUI_PRL_031_005_Type_Of_Application	1697545009860	1697545010761	OK	 
GROUP	XUI_PRL_031_Type_Of_Application	1697545009858	1697545010762	901	OK
REQUEST	XUI_PRL_032_ApplicationCheckYourAnswers	XUI_PRL_032_005_ApplicationCheckYourAnswers	1697545010763	1697545022239	OK	 
GROUP	XUI_PRL_032_ApplicationCheckYourAnswers	1697545010762	1697545022249	11476	OK
REQUEST	XUI_PRL_033_ApplicationDetails	XUI_PRL_033_005_ApplicationDetails	1697545022249	1697545024657	OK	 
GROUP	XUI_PRL_033_ApplicationDetails	1697545022249	1697545024690	2408	OK
REQUEST	XUI_PRL_034_EnterApplicationDetails	XUI_PRL_034_005_EnterApplicationDetails	1697545024691	1697545025344	OK	 
GROUP	XUI_PRL_034_EnterApplicationDetails	1697545024690	1697545025345	653	OK
REQUEST	XUI_PRL_035_SubmitApplicationDetails	XUI_PRL_035_005_SubmitApplicationDetails	1697545025345	1697545034650	OK	 
GROUP	XUI_PRL_035_SubmitApplicationDetails	1697545025345	1697545034652	9305	OK
REQUEST	XUI_PRL_036_SubmitAndPay	XUI_PRL_036_005_SubmitAndPay	1697545034653	1697545043337	OK	 
GROUP	XUI_PRL_036_SubmitAndPay	1697545034652	1697545043350	8684	OK
REQUEST	XUI_PRL_040_DummyPaymentConfirmation 	XUI_PRL_040_005_DummyPaymentConfirmation 	1697545043351	1697545043628	KO	status.find.in([200, 209], 304), found 403
GROUP	XUI_PRL_040_DummyPaymentConfirmation 	1697545043351	1697545043636	277	KO
USER	***** Private Law Create Case *****	END	1697545043640
