ASSERTION	AAECAAIFAAAAAAAAAFlA
RUN	simulations.PRL_Simulation	prl-simulation	1702990317574	 	3.9.5
USER	***** PRL Case Flags 2.1 Journey *****	START	1702990318642
REQUEST	XUI_010_Homepage	XUI_010_005_Homepage	1702990318650	1702990318781	OK	 
REQUEST	XUI_010_Homepage	XUI_Common_000_ConfigurationUI	1702990328808	1702990328836	OK	 
REQUEST	XUI_010_Homepage	XUI_Common_000_ConfigJson	1702990328840	1702990328874	OK	 
REQUEST	XUI_010_Homepage	XUI_Common_000_TsAndCs	1702990328878	1702990328913	OK	 
REQUEST	XUI_010_Homepage	XUI_Common_000_ConfigUI	1702990328915	1702990329214	OK	 
REQUEST	XUI_010_Homepage	XUI_Common_000_UserDetails	1702990329216	1702990329243	OK	 
REQUEST	XUI_010_Homepage	XUI_Common_000_IsAuthenticated	1702990329244	1702990329273	OK	 
REQUEST	XUI_010_Homepage	XUI_010_010_AuthLogin	1702990329277	1702990329321	OK	 
REQUEST	XUI_010_Homepage	XUI_010_010_AuthLogin Redirect 1	1702990329326	1702990329461	OK	 
REQUEST	XUI_010_Homepage	XUI_010_010_AuthLogin Redirect 2	1702990329464	1702990329579	OK	 
GROUP	XUI_010_Homepage	1702990318642	1702990332194	13440	OK
REQUEST	XUI_020_Login	XUI_020_005_Login	1702990332205	1702990332373	OK	 
REQUEST	XUI_020_Login	XUI_020_005_Login Redirect 1	1702990332375	1702990332970	OK	 
REQUEST	XUI_020_Login	XUI_020_005_Login Redirect 2	1702990332973	1702990333058	OK	 
REQUEST	XUI_020_Login	XUI_Common_000_ConfigurationUI	1702990340293	1702990340323	OK	 
REQUEST	XUI_020_Login	XUI_Common_000_ConfigJson	1702990340326	1702990340528	OK	 
REQUEST	XUI_020_Login	XUI_Common_000_TsAndCs	1702990340530	1702990340566	OK	 
REQUEST	XUI_020_Login	XUI_Common_000_ConfigUI	1702990340567	1702990340597	OK	 
REQUEST	XUI_020_Login	XUI_Common_000_UserDetails	1702990340599	1702990341045	OK	 
REQUEST	XUI_020_Login	XUI_Common_000_IsAuthenticated	1702990341046	1702990341089	OK	 
REQUEST	XUI_020_Login	XUI_Common_000_MonitoringTools	1702990341091	1702990341144	OK	 
GROUP	XUI_020_Login	1702990332195	1702990341175	8919	OK
GROUP	XUI_PRL_030_CreateCaseStart	1702990341176	1702990341177	0	OK
REQUEST	XUI_PRL_040_RequestSupport	XUI_PRL_040_005_RequestSupport	1702990341177	1702990342288	OK	 
REQUEST	XUI_PRL_040_RequestSupport	XUI_PRL_040_010_RequestSupport	1702990342290	1702990346614	OK	 
GROUP	XUI_PRL_040_RequestSupport	1702990341177	1702990346672	5435	OK
REQUEST	XUI_PRL_050_WhereFlagAdded	XUI_PRL_050_005_WhereFlagAdded	1702990346673	1702990347512	OK	 
REQUEST	XUI_PRL_050_WhereFlagAdded	XUI_PRL_050_010_WhereFlagAdded	1702990347514	1702990348293	OK	 
GROUP	XUI_PRL_050_WhereFlagAdded	1702990346672	1702990348295	1618	OK
REQUEST	XUI_PRL_070_RequestSupportSubmit	XUI_PRL_070_005_RequestSupportSubmit	1702990348304	1702990350796	OK	 
GROUP	XUI_PRL_070_RequestSupportSubmit	1702990348295	1702990350802	2492	OK
REQUEST	XUI_PRL_080_RequestSupport2	XUI_PRL_080_005_RequestSupport2	1702990350805	1702990351808	OK	 
REQUEST	XUI_PRL_080_RequestSupport2	XUI_PRL_080_010_RequestSupport2	1702990351812	1702990353946	OK	 
GROUP	XUI_PRL_080_RequestSupport2	1702990350803	1702990353992	3137	OK
REQUEST	XUI_PRL_090_WhereFlagAdded2	XUI_PRL_090_005_WhereFlagAdded2	1702990353992	1702990354678	OK	 
REQUEST	XUI_PRL_090_WhereFlagAdded2	XUI_PRL_090_010_WhereFlagAdded2	1702990354680	1702990355385	OK	 
GROUP	XUI_PRL_090_WhereFlagAdded2	1702990353992	1702990355387	1391	OK
REQUEST	XUI_PRL_100_RequestSupportSubmit2	XUI_PRL_100_005_RequestSupportSubmit2	1702990355388	1702990358389	OK	 
GROUP	XUI_PRL_100_RequestSupportSubmit2	1702990355387	1702990358394	3001	OK
REQUEST	XUI_PRL_080_RequestSupport3	XUI_PRL_080_005_RequestSupport3	1702990358397	1702990359112	OK	 
REQUEST	XUI_PRL_080_RequestSupport3	XUI_PRL_080_010_RequestSupport3	1702990359113	1702990361333	OK	 
GROUP	XUI_PRL_080_RequestSupport3	1702990358394	1702990361347	2935	OK
REQUEST	XUI_PRL_090_WhereFlagAdded3	XUI_PRL_090_005_WhereFlagAdded3	1702990361347	1702990361554	OK	 
REQUEST	XUI_PRL_090_WhereFlagAdded3	XUI_PRL_090_010_WhereFlagAdded3	1702990361556	1702990362157	OK	 
GROUP	XUI_PRL_090_WhereFlagAdded3	1702990361347	1702990362158	808	OK
REQUEST	XUI_PRL_100_RequestSupportSubmit3	XUI_PRL_100_005_RequestSupportSubmit2	1702990362159	1702990364809	OK	 
GROUP	XUI_PRL_100_RequestSupportSubmit3	1702990362158	1702990364813	2650	OK
REQUEST	XUI_PRL_080_RequestSupport4	XUI_PRL_080_005_RequestSupport4	1702990364815	1702990366452	OK	 
REQUEST	XUI_PRL_080_RequestSupport4	XUI_PRL_080_010_RequestSupport4	1702990366454	1702990368895	OK	 
GROUP	XUI_PRL_080_RequestSupport4	1702990364813	1702990368921	4078	OK
REQUEST	XUI_PRL_090_WhereFlagAdded4	XUI_PRL_090_005_WhereFlagAdded4	1702990368921	1702990369673	OK	 
REQUEST	XUI_PRL_090_WhereFlagAdded4	XUI_PRL_090_010_WhereFlagAdded4	1702990369674	1702990370665	OK	 
GROUP	XUI_PRL_090_WhereFlagAdded4	1702990368921	1702990370667	1743	OK
REQUEST	XUI_PRL_100_RequestSupportSubmit4	XUI_PRL_100_005_RequestSupportSubmit4	1702990370668	1702990373288	OK	 
GROUP	XUI_PRL_100_RequestSupportSubmit4	1702990370667	1702990373290	2620	OK
REQUEST	XUI_PRL_080_RequestSupport5	XUI_PRL_080_005_RequestSupport5	1702990373290	1702990374275	OK	 
REQUEST	XUI_PRL_080_RequestSupport5	XUI_PRL_080_010_RequestSupport5	1702990374277	1702990377207	OK	 
GROUP	XUI_PRL_080_RequestSupport5	1702990373290	1702990377232	3915	OK
REQUEST	XUI_PRL_090_WhereFlagAdded5	XUI_PRL_090_005_WhereFlagAdded5	1702990377232	1702990377637	OK	 
REQUEST	XUI_PRL_090_WhereFlagAdded5	XUI_PRL_090_010_WhereFlagAdded5	1702990377639	1702990377941	OK	 
GROUP	XUI_PRL_090_WhereFlagAdded5	1702990377232	1702990377943	707	OK
REQUEST	XUI_PRL_100_RequestSupportSubmit5	XUI_PRL_100_005_RequestSupportSubmit4	1702990377944	1702990379740	OK	 
GROUP	XUI_PRL_100_RequestSupportSubmit5	1702990377943	1702990379742	1796	OK
GROUP	XUI_PRL_030_CreateCaseStart	1702990379742	1702990379743	0	OK
REQUEST	XUI_PRL_040_ManageSupport	XUI_PRL_040_005_RequestSupport	1702990379743	1702990380992	OK	 
REQUEST	XUI_PRL_040_ManageSupport	XUI_PRL_040_010_RequestSupport	1702990380993	1702990383881	OK	 
GROUP	XUI_PRL_040_ManageSupport	1702990379743	1702990383903	4137	OK
REQUEST	XUI_PRL_070_ManageSupportSubmitSol	XUI_PRL_070_005_ManageSupportSubmitSol	1702990383904	1702990386512	OK	 
GROUP	XUI_PRL_070_ManageSupportSubmitSol	1702990383903	1702990386515	2608	OK
REQUEST	XUI_010_Homepage	XUI_010_005_Homepage	1702990386515	1702990386549	OK	 
REQUEST	XUI_010_Homepage	XUI_Common_000_ConfigurationUI	1702990399325	1702990399376	OK	 
REQUEST	XUI_010_Homepage	XUI_Common_000_ConfigJson	1702990399377	1702990399401	OK	 
REQUEST	XUI_010_Homepage	XUI_Common_000_TsAndCs	1702990399402	1702990399434	OK	 
REQUEST	XUI_010_Homepage	XUI_Common_000_ConfigUI	1702990399434	1702990399482	OK	 
REQUEST	XUI_010_Homepage	XUI_Common_000_UserDetails	1702990399483	1702990399517	OK	 
REQUEST	XUI_010_Homepage	XUI_Common_000_IsAuthenticated	1702990399518	1702990399549	OK	 
REQUEST	XUI_010_Homepage	XUI_010_010_AuthLogin	1702990399550	1702990399584	OK	 
REQUEST	XUI_010_Homepage	XUI_010_010_AuthLogin Redirect 1	1702990399586	1702990399839	OK	 
REQUEST	XUI_010_Homepage	XUI_010_010_AuthLogin Redirect 2	1702990399840	1702990400180	OK	 
GROUP	XUI_010_Homepage	1702990386515	1702990403207	16670	OK
REQUEST	XUI_020_LoginCa	XUI_020_005_LoginCa	1702990403208	1702990403295	OK	 
REQUEST	XUI_020_LoginCa	XUI_020_005_LoginCa Redirect 1	1702990403297	1702990404960	OK	 
REQUEST	XUI_020_LoginCa	XUI_020_005_LoginCa Redirect 2	1702990404962	1702990405083	OK	 
REQUEST	XUI_020_LoginCa	XUI_Common_000_ConfigurationUI	1702990418615	1702990418651	OK	 
REQUEST	XUI_020_LoginCa	XUI_Common_000_ConfigJson	1702990418651	1702990418682	OK	 
REQUEST	XUI_020_LoginCa	XUI_Common_000_TsAndCs	1702990418683	1702990418714	OK	 
REQUEST	XUI_020_LoginCa	XUI_Common_000_ConfigUI	1702990418715	1702990418744	OK	 
REQUEST	XUI_020_LoginCa	XUI_Common_000_UserDetails	1702990418745	1702990419236	OK	 
REQUEST	XUI_020_LoginCa	XUI_Common_000_IsAuthenticated	1702990419238	1702990419267	OK	 
REQUEST	XUI_020_LoginCa	XUI_Common_000_MonitoringTools	1702990419270	1702990419297	OK	 
GROUP	XUI_020_LoginCa	1702990403207	1702990419298	16070	OK
GROUP	XUI_PRL_030_CreateCaseStart	1702990419298	1702990419298	0	OK
REQUEST	XUI_PRL_040_ManageSupportFlags	XUI_PRL_040_005_ManageSupportFlags	1702990419298	1702990420315	OK	 
REQUEST	XUI_PRL_040_ManageSupportFlags	XUI_PRL_040_010_RequestSupport	1702990420316	1702990424325	OK	 
GROUP	XUI_PRL_040_ManageSupportFlags	1702990419298	1702990424433	5026	OK
REQUEST	XUI_PRL_050_SubmitSupportChange	XUI_PRL_050_005_SubmitSupportChange	1702990424433	1702990426489	OK	 
GROUP	XUI_PRL_050_SubmitSupportChange	1702990424433	1702990426490	2056	OK
GROUP	XUI_PRL_030_CreateCaseStart	1702990426490	1702990426491	0	OK
REQUEST	XUI_PRL_040_CreateFlag	XUI_PRL_040_005_CreateFlag	1702990426491	1702990427715	OK	 
REQUEST	XUI_PRL_040_CreateFlag	XUI_PRL_040_010_CreateFlag	1702990427717	1702990432817	OK	 
GROUP	XUI_PRL_040_CreateFlag	1702990426491	1702990432834	6324	OK
REQUEST	XUI_PRL_050_CreateFlag	XUI_PRL_050_005_CreateFlag	1702990432834	1702990433131	OK	 
REQUEST	XUI_PRL_050_CreateFlag	XUI_PRL_050_010_CreateFlag	1702990433133	1702990433435	OK	 
GROUP	XUI_PRL_050_CreateFlag	1702990432834	1702990433436	599	OK
REQUEST	XUI_PRL_060_CreateFlag	XUI_PRL_060_005_CreateFlag	1702990433437	1702990436043	OK	 
GROUP	XUI_PRL_060_CreateFlag	1702990433436	1702990436045	2606	OK
GROUP	XUI_PRL_030_CreateCaseStart	1702990436046	1702990436046	0	OK
REQUEST	XUI_PRL_040_RequestSupport	XUI_PRL_040_005_RequestSupport	1702990436047	1702990437156	OK	 
REQUEST	XUI_PRL_040_RequestSupport	XUI_PRL_040_010_RequestSupport	1702990437158	1702990438032	KO	status.find.in([200, 209], 304), found 404
GROUP	XUI_PRL_040_RequestSupport	1702990436046	1702990438045	1983	KO
USER	***** PRL Case Flags 2.1 Journey *****	END	1702990438049
