ASSERTION	AAECAAIFAAAAAAAAAFlA
RUN	simulations.PRL_Simulation	prl-simulation	1713461541276	 	3.9.5
USER	***** PRL CUI RA Journey *****	START	1713461542141
REQUEST	PRL_CitizenC100_010_PRLHome	PRL_CitizenC100_010_005_PRLHome	1713461542152	1713461542319	OK	 
REQUEST	PRL_CitizenC100_010_PRLHome	PRL_CitizenC100_010_005_PRLHome Redirect 1	1713461542326	1713461542402	OK	 
REQUEST	PRL_CitizenC100_010_PRLHome	PRL_CitizenC100_010_005_PRLHome Redirect 2	1713461542403	1713461542474	OK	 
REQUEST	PRL_CitizenC100_010_PRLHome	PRL_CitizenC100_010_005_PRLHome Redirect 3	1713461542475	1713461542655	OK	 
GROUP	PRL_CitizenC100_010_PRLHome	1713461542142	1713461543052	845	OK
REQUEST	PRL_CitizenC100_020_Login	PRL_CitizenC100_020_005_Login	1713461543054	1713461543207	OK	 
REQUEST	PRL_CitizenC100_020_Login	PRL_CitizenC100_020_005_Login Redirect 1	1713461543210	1713461543601	OK	 
REQUEST	PRL_CitizenC100_020_Login	PRL_CitizenC100_020_005_Login Redirect 2	1713461543603	1713461545437	OK	 
GROUP	PRL_CitizenC100_020_Login	1713461543052	1713461546663	3597	OK
REQUEST	PRL_CitizenC100_CUIRA_030_SelectCase	PRL_CitizenC100_CUIRA_030_SelectCase	1713461546664	1713461553943	OK	 
REQUEST	PRL_CitizenC100_CUIRA_030_SelectCase	PRL_CitizenC100_CUIRA_030_SelectCase Redirect 1	1713461553944	1713461554075	OK	 
GROUP	PRL_CitizenC100_CUIRA_030_SelectCase	1713461546663	1713461554222	7550	OK
REQUEST	PRL_CitizenC100_CUIRA_030_005_SelectCase	PRL_CitizenC100_CUIRA_030_005_SelectCase	1713461554223	1713461554413	OK	 
GROUP	PRL_CitizenC100_CUIRA_030_005_SelectCase	1713461554222	1713461554515	289	OK
REQUEST	PRL_CitizenC100_CUIRA_040_RAIntro	PRL_CitizenC100_CUIRA_040_RAIntro	1713461554516	1713461554970	OK	 
GROUP	PRL_CitizenC100_CUIRA_040_RAIntro	1713461554515	1713461555113	592	OK
REQUEST	PRL_CitizenC100_CUIRA_050_RAIntro	PRL_CitizenC100_CUIRA_050_RAIntro	1713461555114	1713461555188	OK	 
REQUEST	PRL_CitizenC100_CUIRA_050_RAIntro	PRL_CitizenC100_CUIRA_050_RAIntro Redirect 1	1713461555188	1713461555269	OK	 
REQUEST	PRL_CitizenC100_CUIRA_050_RAIntro	PRL_CitizenC100_CUIRA_050_RAIntro Redirect 2	1713461555270	1713461556704	KO	substring(Language requirements).find.exists, found nothing
GROUP	PRL_CitizenC100_CUIRA_050_RAIntro	1713461555113	1713461556715	1589	KO
USER	***** PRL CUI RA Journey *****	END	1713461556718
