ASSERTION	AAECAAIFAAAAAAAAAFlA
RUN	simulations.PRL_Simulation	prl-simulation	1697546620980	 	3.9.5
USER	***** Private Law Create Case *****	START	1697546621446
REQUEST	XUI_010_Homepage	XUI_010_005_Homepage	1697546621466	1697546621615	OK	 
REQUEST	XUI_010_Homepage	XUI_Common_000_ConfigurationUI	1697546622408	1697546622458	OK	 
REQUEST	XUI_010_Homepage	XUI_Common_000_ConfigJson	1697546622460	1697546622514	OK	 
REQUEST	XUI_010_Homepage	XUI_Common_000_TsAndCs	1697546622514	1697546622755	OK	 
REQUEST	XUI_010_Homepage	XUI_Common_000_ConfigUI	1697546622756	1697546622818	OK	 
REQUEST	XUI_010_Homepage	XUI_Common_000_UserDetails	1697546622818	1697546622860	OK	 
REQUEST	XUI_010_Homepage	XUI_Common_000_IsAuthenticated	1697546622861	1697546622901	OK	 
REQUEST	XUI_010_Homepage	XUI_010_010_AuthLogin	1697546622903	1697546623009	OK	 
REQUEST	XUI_010_Homepage	XUI_010_010_AuthLogin Redirect 1	1697546623011	1697546623570	OK	 
REQUEST	XUI_010_Homepage	XUI_010_010_AuthLogin Redirect 2	1697546623571	1697546623636	OK	 
GROUP	XUI_010_Homepage	1697546621447	1697546623910	2343	OK
REQUEST	XUI_020_Login	XUI_020_005_Login	1697546623912	1697546624722	OK	 
REQUEST	XUI_020_Login	XUI_020_005_Login Redirect 1	1697546624722	1697546625618	OK	 
REQUEST	XUI_020_Login	XUI_020_005_Login Redirect 2	1697546625619	1697546626030	OK	 
REQUEST	XUI_020_Login	XUI_Common_000_ConfigurationUI	1697546628772	1697546628811	OK	 
REQUEST	XUI_020_Login	XUI_Common_000_ConfigJson	1697546628814	1697546628826	OK	 
REQUEST	XUI_020_Login	XUI_Common_000_TsAndCs	1697546628830	1697546628898	OK	 
REQUEST	XUI_020_Login	XUI_Common_000_ConfigUI	1697546628901	1697546628955	OK	 
REQUEST	XUI_020_Login	XUI_Common_000_UserDetails	1697546628956	1697546630342	OK	 
REQUEST	XUI_020_Login	XUI_Common_000_IsAuthenticated	1697546630343	1697546630410	OK	 
REQUEST	XUI_020_Login	XUI_Common_000_MonitoringTools	1697546630413	1697546630508	OK	 
GROUP	XUI_020_Login	1697546623911	1697546630526	6576	OK
REQUEST	XUI_PRL_030_CreateCaseStart	XUI_PRL_030_005_CreateCaseStart	1697546630529	1697546636801	OK	 
GROUP	XUI_PRL_030_CreateCaseStart	1697546630527	1697546636812	6272	OK
REQUEST	XUI_PRL_031_Type_Of_Application	XUI_PRL_031_005_Type_Of_Application	1697546636815	1697546639324	OK	 
GROUP	XUI_PRL_031_Type_Of_Application	1697546636812	1697546639324	2509	OK
REQUEST	XUI_PRL_032_ApplicationCheckYourAnswers	XUI_PRL_032_005_ApplicationCheckYourAnswers	1697546639325	1697546650028	OK	 
GROUP	XUI_PRL_032_ApplicationCheckYourAnswers	1697546639324	1697546650040	10703	OK
REQUEST	XUI_PRL_033_ApplicationDetails	XUI_PRL_033_005_ApplicationDetails	1697546650040	1697546651838	OK	 
GROUP	XUI_PRL_033_ApplicationDetails	1697546650040	1697546651884	1798	OK
REQUEST	XUI_PRL_034_EnterApplicationDetails	XUI_PRL_034_005_EnterApplicationDetails	1697546651884	1697546652866	OK	 
GROUP	XUI_PRL_034_EnterApplicationDetails	1697546651884	1697546652866	982	OK
REQUEST	XUI_PRL_035_SubmitApplicationDetails	XUI_PRL_035_005_SubmitApplicationDetails	1697546652867	1697546662107	OK	 
GROUP	XUI_PRL_035_SubmitApplicationDetails	1697546652866	1697546662108	9240	OK
REQUEST	XUI_PRL_036_SubmitAndPay	XUI_PRL_036_005_SubmitAndPay	1697546662108	1697546672212	OK	 
GROUP	XUI_PRL_036_SubmitAndPay	1697546662108	1697546672222	10104	OK
REQUEST	XUI_PRL_037_ConfidentialityStatement	XUI_PRL_037_005_ConfidentialityStatement	1697546672223	1697546673071	OK	 
GROUP	XUI_PRL_037_ConfidentialityStatement	1697546672222	1697546673072	848	OK
REQUEST	XUI_PRL_038_Declaration	XUI_PRL_038_005_Declaration	1697546673073	1697546674739	OK	 
GROUP	XUI_PRL_038_Declaration	1697546673072	1697546674741	1666	OK
REQUEST	XUI_PRL_039_Continue	XUI_PRL_039_005_Continue	1697546674742	1697546676103	KO	regex("paymentServiceRequestReferenceNumber": "(.{4})-(.{13})").find.exists, found nothing
GROUP	XUI_PRL_039_Continue	1697546674741	1697546676114	1361	KO
USER	***** Private Law Create Case *****	END	1697546676117
