ASSERTION	AAECAAIFAAAAAAAAAFlA
RUN	simulations.PRL_Simulation	prl-simulation	1697620452604	 	3.9.5
USER	***** Private Law Create Case *****	START	1697620453049
REQUEST	XUI_010_Homepage	XUI_010_005_Homepage	1697620453074	1697620453362	OK	 
REQUEST	XUI_010_Homepage	XUI_Common_000_ConfigurationUI	1697620454332	1697620454403	OK	 
REQUEST	XUI_010_Homepage	XUI_Common_000_ConfigJson	1697620454406	1697620454425	OK	 
REQUEST	XUI_010_Homepage	XUI_Common_000_TsAndCs	1697620454425	1697620454483	OK	 
REQUEST	XUI_010_Homepage	XUI_Common_000_ConfigUI	1697620454483	1697620454581	OK	 
REQUEST	XUI_010_Homepage	XUI_Common_000_UserDetails	1697620454585	1697620454735	OK	 
REQUEST	XUI_010_Homepage	XUI_Common_000_IsAuthenticated	1697620454736	1697620454783	OK	 
REQUEST	XUI_010_Homepage	XUI_010_010_AuthLogin	1697620454786	1697620454841	OK	 
REQUEST	XUI_010_Homepage	XUI_010_010_AuthLogin Redirect 1	1697620454844	1697620455491	OK	 
REQUEST	XUI_010_Homepage	XUI_010_010_AuthLogin Redirect 2	1697620455491	1697620455545	OK	 
GROUP	XUI_010_Homepage	1697620453050	1697620456000	2841	OK
REQUEST	XUI_020_Login	XUI_020_005_Login	1697620456002	1697620456877	OK	 
REQUEST	XUI_020_Login	XUI_020_005_Login Redirect 1	1697620456878	1697620458355	OK	 
REQUEST	XUI_020_Login	XUI_020_005_Login Redirect 2	1697620458357	1697620458417	OK	 
REQUEST	XUI_020_Login	XUI_Common_000_ConfigurationUI	1697620459116	1697620459171	OK	 
REQUEST	XUI_020_Login	XUI_Common_000_ConfigJson	1697620459173	1697620459183	OK	 
REQUEST	XUI_020_Login	XUI_Common_000_TsAndCs	1697620459185	1697620459275	OK	 
REQUEST	XUI_020_Login	XUI_Common_000_ConfigUI	1697620459276	1697620459320	OK	 
REQUEST	XUI_020_Login	XUI_Common_000_UserDetails	1697620459321	1697620460681	OK	 
REQUEST	XUI_020_Login	XUI_Common_000_IsAuthenticated	1697620460683	1697620461284	OK	 
REQUEST	XUI_020_Login	XUI_Common_000_MonitoringTools	1697620461290	1697620461340	OK	 
GROUP	XUI_020_Login	1697620456001	1697620461377	5310	OK
REQUEST	XUI_PRL_030_CreateCaseStart	XUI_PRL_030_005_CreateCaseStart	1697620461380	1697620468868	OK	 
GROUP	XUI_PRL_030_CreateCaseStart	1697620461378	1697620468890	7488	OK
REQUEST	XUI_PRL_031_Type_Of_Application	XUI_PRL_031_005_Type_Of_Application	1697620468892	1697620470396	OK	 
GROUP	XUI_PRL_031_Type_Of_Application	1697620468890	1697620470397	1504	OK
REQUEST	XUI_PRL_032_ApplicationCheckYourAnswers	XUI_PRL_032_005_ApplicationCheckYourAnswers	1697620470399	1697620483149	OK	 
GROUP	XUI_PRL_032_ApplicationCheckYourAnswers	1697620470397	1697620483162	12750	OK
REQUEST	XUI_PRL_033_ApplicationDetails	XUI_PRL_033_005_ApplicationDetails	1697620483163	1697620486304	OK	 
GROUP	XUI_PRL_033_ApplicationDetails	1697620483162	1697620486341	3141	OK
REQUEST	XUI_PRL_034_EnterApplicationDetails	XUI_PRL_034_005_EnterApplicationDetails	1697620486341	1697620487279	OK	 
GROUP	XUI_PRL_034_EnterApplicationDetails	1697620486341	1697620487280	938	OK
REQUEST	XUI_PRL_035_SubmitApplicationDetails	XUI_PRL_035_005_SubmitApplicationDetails	1697620487282	1697620498296	OK	 
GROUP	XUI_PRL_035_SubmitApplicationDetails	1697620487280	1697620498298	11014	OK
REQUEST	XUI_PRL_036_SubmitAndPay	XUI_PRL_036_005_SubmitAndPay	1697620498298	1697620508604	OK	 
GROUP	XUI_PRL_036_SubmitAndPay	1697620498298	1697620508621	10306	OK
REQUEST	XUI_PRL_037_ConfidentialityStatement	XUI_PRL_037_005_ConfidentialityStatement	1697620508621	1697620510648	OK	 
GROUP	XUI_PRL_037_ConfidentialityStatement	1697620508621	1697620510649	2027	OK
REQUEST	XUI_PRL_038_Declaration	XUI_PRL_038_005_Declaration	1697620510651	1697620540741	KO	status.find.in([200, 209], 304), found 504
GROUP	XUI_PRL_038_Declaration	1697620510650	1697620540768	30090	KO
USER	***** Private Law Create Case *****	END	1697620540772
