ASSERTION	AAECAAIFAAAAAAAAAFlA
RUN	simulations.PRL_Simulation	prl-simulation	1697537046332	 	3.9.5
USER	***** Private Law Create Case *****	START	1697537046972
REQUEST	XUI_010_Homepage	XUI_010_005_Homepage	1697537046993	1697537047231	OK	 
REQUEST	XUI_010_Homepage	XUI_Common_000_ConfigurationUI	1697537089510	1697537089564	OK	 
REQUEST	XUI_010_Homepage	XUI_Common_000_ConfigJson	1697537089567	1697537089583	OK	 
REQUEST	XUI_010_Homepage	XUI_Common_000_TsAndCs	1697537089584	1697537089628	OK	 
REQUEST	XUI_010_Homepage	XUI_Common_000_ConfigUI	1697537089629	1697537089709	OK	 
REQUEST	XUI_010_Homepage	XUI_Common_000_UserDetails	1697537089709	1697537089753	OK	 
REQUEST	XUI_010_Homepage	XUI_Common_000_IsAuthenticated	1697537089754	1697537090065	OK	 
REQUEST	XUI_010_Homepage	XUI_010_010_AuthLogin	1697537090066	1697537090243	OK	 
REQUEST	XUI_010_Homepage	XUI_010_010_AuthLogin Redirect 1	1697537090245	1697537090647	OK	 
REQUEST	XUI_010_Homepage	XUI_010_010_AuthLogin Redirect 2	1697537090648	1697537090978	OK	 
GROUP	XUI_010_Homepage	1697537046973	1697537096246	49161	OK
REQUEST	XUI_020_Login	XUI_020_005_Login	1697537096249	1697537096620	OK	 
REQUEST	XUI_020_Login	XUI_020_005_Login Redirect 1	1697537096621	1697537097345	OK	 
REQUEST	XUI_020_Login	XUI_020_005_Login Redirect 2	1697537097348	1697537097597	OK	 
REQUEST	XUI_020_Login	XUI_Common_000_ConfigurationUI	1697537130441	1697537130487	OK	 
REQUEST	XUI_020_Login	XUI_Common_000_ConfigJson	1697537130488	1697537130539	OK	 
REQUEST	XUI_020_Login	XUI_Common_000_TsAndCs	1697537130540	1697537130599	OK	 
REQUEST	XUI_020_Login	XUI_Common_000_ConfigUI	1697537130602	1697537130711	OK	 
REQUEST	XUI_020_Login	XUI_Common_000_UserDetails	1697537130712	1697537131167	OK	 
REQUEST	XUI_020_Login	XUI_Common_000_IsAuthenticated	1697537131168	1697537131235	OK	 
REQUEST	XUI_020_Login	XUI_Common_000_MonitoringTools	1697537131237	1697537131303	OK	 
GROUP	XUI_020_Login	1697537096246	1697537131339	35038	OK
REQUEST	XUI_PRL_030_CreateCaseStart	XUI_PRL_030_005_CreateCaseStart	1697537131342	1697537133352	OK	 
GROUP	XUI_PRL_030_CreateCaseStart	1697537131340	1697537133358	2010	OK
REQUEST	XUI_PRL_031_Type_Of_Application	XUI_PRL_031_005_Type_Of_Application	1697537133361	1697537135616	OK	 
GROUP	XUI_PRL_031_Type_Of_Application	1697537133358	1697537135617	2255	OK
REQUEST	XUI_PRL_032_ApplicationCheckYourAnswers	XUI_PRL_032_005_ApplicationCheckYourAnswers	1697537135618	1697537154823	OK	 
GROUP	XUI_PRL_032_ApplicationCheckYourAnswers	1697537135617	1697537154838	19205	OK
REQUEST	XUI_PRL_033_ApplicationDetails	XUI_PRL_033_005_ApplicationDetails	1697537154839	1697537164450	OK	 
GROUP	XUI_PRL_033_ApplicationDetails	1697537154838	1697537164544	9611	OK
REQUEST	XUI_PRL_034_EnterApplicationDetails	XUI_PRL_034_005_EnterApplicationDetails	1697537164548	1697537165416	OK	 
GROUP	XUI_PRL_034_EnterApplicationDetails	1697537164544	1697537165417	868	OK
REQUEST	XUI_PRL_035_SubmitApplicationDetails	XUI_PRL_035_005_SubmitApplicationDetails	1697537165417	1697537178232	OK	 
GROUP	XUI_PRL_035_SubmitApplicationDetails	1697537165417	1697537178234	12815	OK
USER	***** Private Law Create Case *****	END	1697537178240
