ASSERTION	AAECAAIFAAAAAAAAAFlA
RUN	simulations.PRL_Simulation	prl-simulation	1697629977161	 	3.9.5
USER	***** Private Law Create Case *****	START	1697629978088
REQUEST	XUI_010_Homepage	XUI_010_005_Homepage	1697629978110	1697629978541	OK	 
REQUEST	XUI_010_Homepage	XUI_Common_000_ConfigurationUI	1697629999002	1697629999077	OK	 
REQUEST	XUI_010_Homepage	XUI_Common_000_ConfigJson	1697629999085	1697629999116	OK	 
REQUEST	XUI_010_Homepage	XUI_Common_000_TsAndCs	1697629999116	1697629999177	OK	 
REQUEST	XUI_010_Homepage	XUI_Common_000_ConfigUI	1697629999178	1697629999831	OK	 
REQUEST	XUI_010_Homepage	XUI_Common_000_UserDetails	1697629999832	1697629999926	OK	 
REQUEST	XUI_010_Homepage	XUI_Common_000_IsAuthenticated	1697629999926	1697630000074	OK	 
REQUEST	XUI_010_Homepage	XUI_010_010_AuthLogin	1697630000076	1697630000153	OK	 
REQUEST	XUI_010_Homepage	XUI_010_010_AuthLogin Redirect 1	1697630000155	1697630000547	OK	 
REQUEST	XUI_010_Homepage	XUI_010_010_AuthLogin Redirect 2	1697630000549	1697630000646	OK	 
GROUP	XUI_010_Homepage	1697629978089	1697630002562	24357	OK
REQUEST	XUI_020_Login	XUI_020_005_Login	1697630002564	1697630003684	OK	 
REQUEST	XUI_020_Login	XUI_020_005_Login Redirect 1	1697630003685	1697630006209	OK	 
REQUEST	XUI_020_Login	XUI_020_005_Login Redirect 2	1697630006211	1697630006735	OK	 
REQUEST	XUI_020_Login	XUI_Common_000_ConfigurationUI	1697630028457	1697630029441	OK	 
REQUEST	XUI_020_Login	XUI_Common_000_ConfigJson	1697630029442	1697630029485	OK	 
REQUEST	XUI_020_Login	XUI_Common_000_TsAndCs	1697630029486	1697630029586	OK	 
REQUEST	XUI_020_Login	XUI_Common_000_ConfigUI	1697630029587	1697630031144	OK	 
REQUEST	XUI_020_Login	XUI_Common_000_UserDetails	1697630031145	1697630032730	OK	 
REQUEST	XUI_020_Login	XUI_Common_000_IsAuthenticated	1697630032730	1697630032840	OK	 
REQUEST	XUI_020_Login	XUI_Common_000_MonitoringTools	1697630032841	1697630032927	OK	 
GROUP	XUI_020_Login	1697630002562	1697630032950	30351	OK
REQUEST	XUI_PRL_030_CreateCaseStart	XUI_PRL_030_005_CreateCaseStart	1697630032954	1697630041090	OK	 
GROUP	XUI_PRL_030_CreateCaseStart	1697630032952	1697630041098	8136	OK
REQUEST	XUI_PRL_031_Type_Of_Application	XUI_PRL_031_005_Type_Of_Application	1697630041100	1697630043662	OK	 
GROUP	XUI_PRL_031_Type_Of_Application	1697630041098	1697630043662	2562	OK
REQUEST	XUI_PRL_032_ApplicationCheckYourAnswers	XUI_PRL_032_005_ApplicationCheckYourAnswers	1697630043663	1697630066354	OK	 
GROUP	XUI_PRL_032_ApplicationCheckYourAnswers	1697630043662	1697630066363	22691	OK
REQUEST	XUI_PRL_033_ApplicationDetails	XUI_PRL_033_005_ApplicationDetails	1697630066364	1697630090132	OK	 
GROUP	XUI_PRL_033_ApplicationDetails	1697630066364	1697630090164	23768	OK
REQUEST	XUI_PRL_034_EnterApplicationDetails	XUI_PRL_034_005_EnterApplicationDetails	1697630090165	1697630091690	OK	 
GROUP	XUI_PRL_034_EnterApplicationDetails	1697630090164	1697630091691	1525	OK
REQUEST	XUI_PRL_035_SubmitApplicationDetails	XUI_PRL_035_005_SubmitApplicationDetails	1697630091693	1697630104807	OK	 
GROUP	XUI_PRL_035_SubmitApplicationDetails	1697630091691	1697630104809	13114	OK
REQUEST	XUI_PRL_036_SubmitAndPay	XUI_PRL_036_005_SubmitAndPay	1697630104810	1697630119137	OK	 
GROUP	XUI_PRL_036_SubmitAndPay	1697630104809	1697630119147	14327	OK
REQUEST	XUI_PRL_037_ConfidentialityStatement	XUI_PRL_037_005_ConfidentialityStatement	1697630119148	1697630120466	OK	 
GROUP	XUI_PRL_037_ConfidentialityStatement	1697630119147	1697630120467	1318	OK
REQUEST	XUI_PRL_038_Declaration	XUI_PRL_038_005_Declaration	1697630120468	1697630121366	OK	 
GROUP	XUI_PRL_038_Declaration	1697630120467	1697630121367	898	OK
REQUEST	XUI_PRL_039_Continue	XUI_PRL_039_005_Continue	1697630121368	1697630122879	OK	 
GROUP	XUI_PRL_039_Continue	1697630121367	1697630122880	1511	OK
REQUEST	XUI_PRL_040_Continue	XUI_PRL_039_005_Continue	1697630122880	1697630138126	OK	 
GROUP	XUI_PRL_040_Continue	1697630122880	1697630138131	15246	OK
REQUEST	XUI_PRL_042_DummyPaymentConfirmation 	XUI_PRL_040_005_DummyPaymentConfirmation 	1697630138133	1697630141323	OK	 
GROUP	XUI_PRL_042_DummyPaymentConfirmation 	1697630138132	1697630141324	3190	OK
REQUEST	XUI_PRL_041_PaymentOption	XUI_PRL_041_005_PaymentOption	1697630141327	1697630142888	KO	substring(SUBMITTED_NOT_PAID).find.exists, found nothing
GROUP	XUI_PRL_041_PaymentOption	1697630141324	1697630142898	1561	KO
USER	***** Private Law Create Case *****	END	1697630142900
