ASSERTION	AAECAAIFAAAAAAAAAFlA
RUN	simulations.PRL_Simulation	prl-simulation	1704805085904	 	3.9.5
USER	***** PRL Citizen Journey *****	START	1704805086965
REQUEST	XUI_010_Homepage	XUI_010_005_Homepage	1704805086973	1704805087367	OK	 
REQUEST	XUI_010_Homepage	XUI_Common_000_ConfigurationUI	1704805091040	1704805091177	OK	 
REQUEST	XUI_010_Homepage	XUI_Common_000_ConfigJson	1704805091178	1704805091276	OK	 
REQUEST	XUI_010_Homepage	XUI_Common_000_TsAndCs	1704805091279	1704805091362	OK	 
REQUEST	XUI_010_Homepage	XUI_Common_000_ConfigUI	1704805091364	1704805091454	OK	 
REQUEST	XUI_010_Homepage	XUI_Common_000_UserDetails	1704805091456	1704805091529	OK	 
REQUEST	XUI_010_Homepage	XUI_Common_000_IsAuthenticated	1704805091530	1704805091643	OK	 
REQUEST	XUI_010_Homepage	XUI_010_010_AuthLogin	1704805091648	1704805091733	OK	 
REQUEST	XUI_010_Homepage	XUI_010_010_AuthLogin Redirect 1	1704805091737	1704805091990	OK	 
REQUEST	XUI_010_Homepage	XUI_010_010_AuthLogin Redirect 2	1704805091991	1704805092250	OK	 
GROUP	XUI_010_Homepage	1704805086967	1704805093232	6145	OK
REQUEST	XUI_020_Login	XUI_020_005_Login	1704805093239	1704805093483	OK	 
REQUEST	XUI_020_Login	XUI_020_005_Login Redirect 1	1704805093485	1704805094176	OK	 
REQUEST	XUI_020_Login	XUI_020_005_Login Redirect 2	1704805094179	1704805094284	OK	 
REQUEST	XUI_020_Login	XUI_Common_000_ConfigurationUI	1704805096546	1704805096638	OK	 
REQUEST	XUI_020_Login	XUI_Common_000_ConfigJson	1704805096641	1704805096751	OK	 
REQUEST	XUI_020_Login	XUI_Common_000_TsAndCs	1704805096753	1704805096846	OK	 
REQUEST	XUI_020_Login	XUI_Common_000_ConfigUI	1704805096848	1704805096935	OK	 
REQUEST	XUI_020_Login	XUI_Common_000_UserDetails	1704805096937	1704805097724	OK	 
REQUEST	XUI_020_Login	XUI_Common_000_IsAuthenticated	1704805097726	1704805097821	OK	 
REQUEST	XUI_020_Login	XUI_Common_000_MonitoringTools	1704805097823	1704805097910	OK	 
GROUP	XUI_020_Login	1704805093232	1704805097953	4649	OK
ERROR	XUI_PRL_040_005_SelectIssue: Failed to build request: No attribute named 'caseId' is defined 	1704805097955
GROUP	XUI_PRL_030_SelectCase	1704805097953	1704805097956	0	KO
USER	***** PRL Citizen Journey *****	END	1704805097964
