ASSERTION	AAECAAICAAAAAAAAwFdA
ASSERTION	AAMAASBYVUlfUFJMX0MxMDBfNDYwX1N1Ym1pdEFuZFBheU5vdwIAAgIAAAAAAAAAVEA=
ASSERTION	AAMAARtYVUlfUFJMX0ZMNDAxXzQ5MF9TT1RTdWJtaXQCAAICAAAAAAAAAFRA
ASSERTION	AAMAASNQUkxfQ2l0aXplbkMxMDBfODEwXzAwNV9GaW5hbFN1Ym1pdAIAAgIAAAAAAAAAVEA=
RUN	simulations.PRL_Simulation	prl-simulation	1709031546047	 	3.9.5
USER	***** PRL Citizen Journey *****	START	1709031692730
REQUEST	XUI_010_Homepage	XUI_010_005_Homepage	1709031692753	1709031692913	OK	 
REQUEST	XUI_010_Homepage	XUI_Common_000_ConfigurationUI	1709031694527	1709031694568	OK	 
REQUEST	XUI_010_Homepage	XUI_Common_000_ConfigJson	1709031694571	1709031694673	OK	 
REQUEST	XUI_010_Homepage	XUI_Common_000_TsAndCs	1709031694677	1709031695047	OK	 
REQUEST	XUI_010_Homepage	XUI_Common_000_ConfigUI	1709031695049	1709031695150	OK	 
REQUEST	XUI_010_Homepage	XUI_Common_000_UserDetails	1709031695153	1709031695190	OK	 
REQUEST	XUI_010_Homepage	XUI_Common_000_IsAuthenticated	1709031695193	1709031695230	OK	 
REQUEST	XUI_010_Homepage	XUI_010_010_AuthLogin	1709031695234	1709031695267	OK	 
REQUEST	XUI_010_Homepage	XUI_010_010_AuthLogin Redirect 1	1709031695271	1709031695487	OK	 
REQUEST	XUI_010_Homepage	XUI_010_010_AuthLogin Redirect 2	1709031695491	1709031695582	OK	 
GROUP	XUI_010_Homepage	1709031692732	1709031695894	3026	OK
REQUEST	XUI_020_Login	XUI_020_005_Login	1709031699618	1709031699767	OK	 
REQUEST	XUI_020_Login	XUI_020_005_Login Redirect 1	1709031699769	1709031701253	OK	 
REQUEST	XUI_020_Login	XUI_020_005_Login Redirect 2	1709031701260	1709031701333	OK	 
REQUEST	XUI_020_Login	XUI_Common_000_ConfigurationUI	1709031702384	1709031702418	OK	 
REQUEST	XUI_020_Login	XUI_Common_000_ConfigJson	1709031702421	1709031702457	OK	 
REQUEST	XUI_020_Login	XUI_Common_000_TsAndCs	1709031702460	1709031702507	OK	 
REQUEST	XUI_020_Login	XUI_Common_000_ConfigUI	1709031702508	1709031702539	OK	 
REQUEST	XUI_020_Login	XUI_Common_000_UserDetails	1709031702541	1709031703096	OK	 
REQUEST	XUI_020_Login	XUI_Common_000_IsAuthenticated	1709031703099	1709031703176	OK	 
REQUEST	XUI_020_Login	XUI_Common_000_MonitoringTools	1709031703179	1709031703273	OK	 
GROUP	XUI_020_Login	1709031699606	1709031703310	3623	OK
REQUEST	XUI_PRL_030_CreateCaseStart	XUI_PRL_030_005_CreateCaseStart	1709031706101	1709031711320	OK	 
GROUP	XUI_PRL_030_CreateCaseStart	1709031706096	1709031711338	5219	OK
REQUEST	XUI_PRL_031_Type_Of_Application	XUI_PRL_031_005_Type_Of_Application	1709031714663	1709031715943	OK	 
GROUP	XUI_PRL_031_Type_Of_Application	1709031714653	1709031715944	1280	OK
REQUEST	XUI_PRL_032_ApplicationCheckYourAnswers	XUI_PRL_032_005_ApplicationCheckYourAnswers	1709031718852	1709031742222	OK	 
GROUP	XUI_PRL_032_ApplicationCheckYourAnswers	1709031718849	1709031742237	23370	OK
REQUEST	XUI_PRL_033_ApplicationDetails	XUI_PRL_033_005_ApplicationDetails	1709031744642	1709031746092	OK	 
GROUP	XUI_PRL_033_ApplicationDetails	1709031744639	1709031746146	1450	OK
ERROR	XUI_PRL_034_005_EnterApplicationDetails: Failed to build request: i.g.c.s.e.ElParserException: Failed to parse {
  "data": {
    "applicants": [
      {
        "value": {
          "firstName": "#{PRLRandomString} First",
          "lastName": "#{PRLRandomString} Last",
          "previousName": null,
          "dateOfBirt#": "#{PRLAppDobYear}-#{PRLAppDobMont#}-#{PRLAppDobDay}",
          "gender": "male",
          "placeOfBirt#": "London",
          "isAddressConfidential": "No",
          "isAtAddressLessT#an5Years": "No",
          "canYouProvideEmailAddress": "Yes",
          "email": "#{PRLRandomString}@gmail.com",
          "isEmailAddressConfidential": "No",
          "p#oneNumber": "0123456789",
          "isP#oneNumberConfidential": "Yes",
          "representativeFirstName": "#{PRLRandomString} Rep",
          "representativeLastName": "#{PRLRandomString} Name",
          "solicitorEmail": "#{PRLRandomString}email@gmail.com",
          "solicitorReference": "#{PRLRandomString} Ref",
          "dxNumber": "1234567890",
          "isDateOfBirt#Unknown": null,
          "isAddressUnknown": null,
          "landline": null,
          "relations#ipToC#ildren": null,
          "isDateOfBirt#Known": null,
          "isCurrentAddressKnown": null,
          "canYouProvideP#oneNumber": null,
          "isPlaceOfBirt#Known": null,
          "isAtAddressLessT#an5YearsWit#DontKnow": null,
          "doT#ey#aveLegalRepresentation": null,
          "sendSignUpLink": null,
          "solicitorTelep#one": null,
          "respondentLivedWit#Applicant": null,
          "applicantContactInstructions": null,
          "currentRespondent": null,
          "partyId": null,
          "solicitorPartyId": null,
          "solicitorOrgUuid": null,
          "contactPreferences": null,
          "isRemoveLegalRepresentativeRequested": null,
          "address": {
            "AddressLine1": "#{PRLRandomString} Address",
            "AddressLine2": "",
            "AddressLine3": "",
            "PostTown": "#{PRLRandomString}  Town",
            "County": "",
            "PostCode": "TW3 2##",
            "Country": "United Kingdom"
          },
          "solicitorOrg": {
            "OrganisationID": "#{orgref}",
            "OrganisationName": "#{orgname}"
          },
          "solicitorAddress": {
            "AddressLine1": "#{PRLRandomString} Soli ",
            "AddressLine2": "",
            "AddressLine3": "",
            "PostTown": "#{PRLRandomString} Soli Town",
            "County": "",
            "PostCode": "TW3 2##",
            "Country": "United Kingdom"
          },
          "applicantPreferredContact": []
        },
        "id": null
      }
    ]
  },
  "event": {
    "id": "applicantsDetails",
    "summary": "",
    "description": ""
  },
  "event_data": {
    "applicants": [
      {
        "value": {
          "firstName": "#{PRLRandomString} First",
          "lastName": "#{PRLRandomString} Last",
          "previousName": null,
          "dateOfBirt#": "#{PRLAppDobYear}-#{PRLAppDobMont#}-#{PRLAppDobDay}",
          "gender": "male",
          "placeOfBirt#": "London",
          "isAddressConfidential": "No",
          "isAtAddressLessT#an5Years": "No",
          "canYouProvideEmailAddress": "Yes",
          "email": "#{PRLRandomString}@gmail.com",
          "isEmailAddressConfidential": "No",
          "p#oneNumber": "0123456789",
          "isP#oneNumberConfidential": "Yes",
          "representativeFirstName": "#{PRLRandomString} Rep",
          "representativeLastName": "#{PRLRandomString} Name",
          "solicitorEmail": "#{PRLRandomString}email@gmail.com",
          "solicitorReference": "#{PRLRandomString} Ref",
          "dxNumber": "1234567890",
          "isDateOfBirt#Unknown": null,
          "isAddressUnknown": null,
          "landline": null,
          "relations#ipToC#ildren": null,
          "isDateOfBirt#Known": null,
          "isCurrentAddressKnown": null,
          "canYouProvideP#oneNumber": null,
          "isPlaceOfBirt#Known": null,
          "isAtAddressLessT#an5YearsWit#DontKnow": null,
          "doT#ey#aveLegalRepresentation": null,
          "sendSignUpLink": null,
          "solicitorTelep#one": null,
          "respondentLivedWit#Applicant": null,
          "applicantContactInstructions": null,
          "currentRespondent": null,
          "partyId": null,
          "solicitorPartyId": null,
          "solicitorOrgUuid": null,
          "contactPreferences": null,
          "isRemoveLegalRepresentativeRequested": null,
          "address": {
            "AddressLine1": "#{PRLRandomString} Address",
            "AddressLine2": "",
            "AddressLine3": "",
            "PostTown": "#{PRLRandomString}  Town",
            "County": "",
            "PostCode": "TW3 2##",
            "Country": "United Kingdom"
          },
          "solicitorOrg": {
            "OrganisationID": "#{orgref}",
            "OrganisationName": "#{orgname}"
          },
          "solicitorAddress": {
            "AddressLine1": "#{PRLRandomString} Soli ",
            "AddressLine2": "",
            "AddressLine3": "",
            "PostTown": "#{PRLRandomString} Soli Town",
            "County": "",
            "PostCode": "TW3 2##",
            "Country": "United Kingdom"
          },
          "applicantPreferredContact": []
        },
        "id": null
      }
    ]
  },
  "event_token": "#{event_token}",
  "ignore_warning": false,
  "case_reference": "#{caseId}"
} with error ''}' expected but '#' found' 	1709031749699
GROUP	XUI_PRL_034_EnterApplicationDetails	1709031749697	1709031749703	0	KO
USER	***** PRL Citizen Journey *****	END	1709031749712
USER	***** PRL Citizen Journey *****	START	1709031753718
REQUEST	XUI_010_Homepage	XUI_010_005_Homepage	1709031753721	1709031753866	OK	 
REQUEST	XUI_010_Homepage	XUI_Common_000_ConfigurationUI	1709031755006	1709031755057	OK	 
REQUEST	XUI_010_Homepage	XUI_Common_000_ConfigJson	1709031755058	1709031755092	OK	 
REQUEST	XUI_010_Homepage	XUI_Common_000_TsAndCs	1709031755092	1709031755127	OK	 
REQUEST	XUI_010_Homepage	XUI_Common_000_ConfigUI	1709031755127	1709031755160	OK	 
REQUEST	XUI_010_Homepage	XUI_Common_000_UserDetails	1709031755160	1709031755221	OK	 
REQUEST	XUI_010_Homepage	XUI_Common_000_IsAuthenticated	1709031755222	1709031755254	OK	 
REQUEST	XUI_010_Homepage	XUI_010_010_AuthLogin	1709031755255	1709031755310	OK	 
REQUEST	XUI_010_Homepage	XUI_010_010_AuthLogin Redirect 1	1709031755310	1709031755432	OK	 
REQUEST	XUI_010_Homepage	XUI_010_010_AuthLogin Redirect 2	1709031755433	1709031755483	OK	 
GROUP	XUI_010_Homepage	1709031753720	1709031755703	1965	OK
REQUEST	XUI_020_Login	XUI_020_005_Login	1709031758301	1709031758452	OK	 
REQUEST	XUI_020_Login	XUI_020_005_Login Redirect 1	1709031758455	1709031760001	OK	 
REQUEST	XUI_020_Login	XUI_020_005_Login Redirect 2	1709031760002	1709031760037	OK	 
REQUEST	XUI_020_Login	XUI_Common_000_ConfigurationUI	1709031761129	1709031761165	OK	 
REQUEST	XUI_020_Login	XUI_Common_000_ConfigJson	1709031761166	1709031761195	OK	 
REQUEST	XUI_020_Login	XUI_Common_000_TsAndCs	1709031761196	1709031761259	OK	 
REQUEST	XUI_020_Login	XUI_Common_000_ConfigUI	1709031761260	1709031761300	OK	 
REQUEST	XUI_020_Login	XUI_Common_000_UserDetails	1709031761303	1709031762117	OK	 
REQUEST	XUI_020_Login	XUI_Common_000_IsAuthenticated	1709031762117	1709031762306	OK	 
REQUEST	XUI_020_Login	XUI_Common_000_MonitoringTools	1709031762309	1709031762369	OK	 
GROUP	XUI_020_Login	1709031758298	1709031762371	4054	OK
REQUEST	XUI_PRL_030_CreateCaseStart	XUI_PRL_030_005_CreateCaseStart	1709031764964	1709031766442	OK	 
GROUP	XUI_PRL_030_CreateCaseStart	1709031764961	1709031766447	1478	OK
REQUEST	XUI_PRL_031_Type_Of_Application	XUI_PRL_031_005_Type_Of_Application	1709031768936	1709031770270	OK	 
GROUP	XUI_PRL_031_Type_Of_Application	1709031768933	1709031770272	1334	OK
REQUEST	XUI_PRL_032_ApplicationCheckYourAnswers	XUI_PRL_032_005_ApplicationCheckYourAnswers	1709031773457	1709031789645	OK	 
GROUP	XUI_PRL_032_ApplicationCheckYourAnswers	1709031773454	1709031789652	16188	OK
REQUEST	XUI_PRL_033_ApplicationDetails	XUI_PRL_033_005_ApplicationDetails	1709031792869	1709031794437	OK	 
GROUP	XUI_PRL_033_ApplicationDetails	1709031792866	1709031794467	1568	OK
ERROR	