ASSERTION	AAECAAIFAAAAAAAAAFlA
RUN	simulations.PRL_Simulation	prl-simulation	1702989193238	 	3.9.5
USER	***** PRL Case Flags 2.1 Journey *****	START	1702989193702
REQUEST	XUI_010_Homepage	XUI_010_005_Homepage	1702989193712	1702989193906	OK	 
REQUEST	XUI_010_Homepage	XUI_Common_000_ConfigurationUI	1702989206193	1702989206233	OK	 
REQUEST	XUI_010_Homepage	XUI_Common_000_ConfigJson	1702989206235	1702989206263	OK	 
REQUEST	XUI_010_Homepage	XUI_Common_000_TsAndCs	1702989206264	1702989206350	OK	 
REQUEST	XUI_010_Homepage	XUI_Common_000_ConfigUI	1702989206353	1702989206401	OK	 
REQUEST	XUI_010_Homepage	XUI_Common_000_UserDetails	1702989206403	1702989206430	OK	 
REQUEST	XUI_010_Homepage	XUI_Common_000_IsAuthenticated	1702989206431	1702989206457	OK	 
REQUEST	XUI_010_Homepage	XUI_010_010_AuthLogin	1702989206461	1702989206495	OK	 
REQUEST	XUI_010_Homepage	XUI_010_010_AuthLogin Redirect 1	1702989206499	1702989206649	OK	 
REQUEST	XUI_010_Homepage	XUI_010_010_AuthLogin Redirect 2	1702989206650	1702989206740	OK	 
GROUP	XUI_010_Homepage	1702989193704	1702989207792	13991	OK
REQUEST	XUI_020_Login	XUI_020_005_Login	1702989207798	1702989207937	OK	 
REQUEST	XUI_020_Login	XUI_020_005_Login Redirect 1	1702989207939	1702989208412	OK	 
REQUEST	XUI_020_Login	XUI_020_005_Login Redirect 2	1702989208415	1702989208458	OK	 
REQUEST	XUI_020_Login	XUI_Common_000_ConfigurationUI	1702989220971	1702989221081	OK	 
REQUEST	XUI_020_Login	XUI_Common_000_ConfigJson	1702989221084	1702989221115	OK	 
REQUEST	XUI_020_Login	XUI_Common_000_TsAndCs	1702989221117	1702989221147	OK	 
REQUEST	XUI_020_Login	XUI_Common_000_ConfigUI	1702989221148	1702989221187	OK	 
REQUEST	XUI_020_Login	XUI_Common_000_UserDetails	1702989221190	1702989221970	OK	 
REQUEST	XUI_020_Login	XUI_Common_000_IsAuthenticated	1702989221972	1702989222036	OK	 
REQUEST	XUI_020_Login	XUI_Common_000_MonitoringTools	1702989222037	1702989222098	OK	 
GROUP	XUI_020_Login	1702989207793	1702989222123	14277	OK
GROUP	XUI_PRL_030_CreateCaseStart	1702989222124	1702989222125	0	OK
REQUEST	XUI_PRL_040_RequestSupport	XUI_PRL_040_005_RequestSupport	1702989222126	1702989223548	OK	 
REQUEST	XUI_PRL_040_RequestSupport	XUI_PRL_040_010_RequestSupport	1702989223550	1702989228909	OK	 
GROUP	XUI_PRL_040_RequestSupport	1702989222126	1702989228954	6781	OK
REQUEST	XUI_PRL_050_WhereFlagAdded	XUI_PRL_050_005_WhereFlagAdded	1702989228955	1702989229684	OK	 
REQUEST	XUI_PRL_050_WhereFlagAdded	XUI_PRL_050_010_WhereFlagAdded	1702989229686	1702989230988	OK	 
GROUP	XUI_PRL_050_WhereFlagAdded	1702989228954	1702989230990	2031	OK
REQUEST	XUI_PRL_070_RequestSupportSubmit	XUI_PRL_070_005_RequestSupportSubmit	1702989230995	1702989234114	OK	 
GROUP	XUI_PRL_070_RequestSupportSubmit	1702989230990	1702989234119	3119	OK
REQUEST	XUI_PRL_080_RequestSupport2	XUI_PRL_080_005_RequestSupport2	1702989234120	1702989236145	OK	 
REQUEST	XUI_PRL_080_RequestSupport2	XUI_PRL_080_010_RequestSupport2	1702989236147	1702989244254	OK	 
GROUP	XUI_PRL_080_RequestSupport2	1702989234119	1702989244282	10132	OK
REQUEST	XUI_PRL_090_WhereFlagAdded2	XUI_PRL_090_005_WhereFlagAdded2	1702989244283	1702989245205	OK	 
REQUEST	XUI_PRL_090_WhereFlagAdded2	XUI_PRL_090_010_WhereFlagAdded2	1702989245208	1702989246088	OK	 
GROUP	XUI_PRL_090_WhereFlagAdded2	1702989244283	1702989246090	1802	OK
REQUEST	XUI_PRL_100_RequestSupportSubmit2	XUI_PRL_100_005_RequestSupportSubmit2	1702989246091	1702989248739	OK	 
GROUP	XUI_PRL_100_RequestSupportSubmit2	1702989246090	1702989248740	2648	OK
REQUEST	XUI_PRL_080_RequestSupport3	XUI_PRL_080_005_RequestSupport3	1702989248741	1702989250107	OK	 
REQUEST	XUI_PRL_080_RequestSupport3	XUI_PRL_080_010_RequestSupport3	1702989250108	1702989253718	OK	 
GROUP	XUI_PRL_080_RequestSupport3	1702989248740	1702989253733	4976	OK
REQUEST	XUI_PRL_090_WhereFlagAdded3	XUI_PRL_090_005_WhereFlagAdded3	1702989253733	1702989254066	OK	 
REQUEST	XUI_PRL_090_WhereFlagAdded3	XUI_PRL_090_010_WhereFlagAdded3	1702989254068	1702989254551	OK	 
GROUP	XUI_PRL_090_WhereFlagAdded3	1702989253733	1702989254552	816	OK
REQUEST	XUI_PRL_100_RequestSupportSubmit3	XUI_PRL_100_005_RequestSupportSubmit2	1702989254553	1702989258415	OK	 
GROUP	XUI_PRL_100_RequestSupportSubmit3	1702989254552	1702989258418	3862	OK
REQUEST	XUI_PRL_080_RequestSupport4	XUI_PRL_080_005_RequestSupport4	1702989258419	1702989259337	OK	 
REQUEST	XUI_PRL_080_RequestSupport4	XUI_PRL_080_010_RequestSupport4	1702989259338	1702989261608	OK	 
GROUP	XUI_PRL_080_RequestSupport4	1702989258418	1702989261624	3188	OK
REQUEST	XUI_PRL_090_WhereFlagAdded4	XUI_PRL_090_005_WhereFlagAdded4	1702989261625	1702989262563	OK	 
REQUEST	XUI_PRL_090_WhereFlagAdded4	XUI_PRL_090_010_WhereFlagAdded4	1702989262565	1702989263365	OK	 
GROUP	XUI_PRL_090_WhereFlagAdded4	1702989261624	1702989263366	1738	OK
REQUEST	XUI_PRL_100_RequestSupportSubmit4	XUI_PRL_100_005_RequestSupportSubmit4	1702989263367	1702989266986	OK	 
GROUP	XUI_PRL_100_RequestSupportSubmit4	1702989263366	1702989266987	3619	OK
REQUEST	XUI_PRL_080_RequestSupport5	XUI_PRL_080_005_RequestSupport5	1702989266988	1702989267459	OK	 
REQUEST	XUI_PRL_080_RequestSupport5	XUI_PRL_080_010_RequestSupport5	1702989267461	1702989269759	OK	 
GROUP	XUI_PRL_080_RequestSupport5	1702989266987	1702989269773	2769	OK
REQUEST	XUI_PRL_090_WhereFlagAdded5	XUI_PRL_090_005_WhereFlagAdded5	1702989269773	1702989270026	OK	 
REQUEST	XUI_PRL_090_WhereFlagAdded5	XUI_PRL_090_010_WhereFlagAdded5	1702989270028	1702989270382	OK	 
GROUP	XUI_PRL_090_WhereFlagAdded5	1702989269773	1702989270384	607	OK
REQUEST	XUI_PRL_100_RequestSupportSubmit5	XUI_PRL_100_005_RequestSupportSubmit4	1702989270385	1702989274292	OK	 
GROUP	XUI_PRL_100_RequestSupportSubmit5	1702989270384	1702989274295	3907	OK
GROUP	XUI_PRL_030_CreateCaseStart	1702989274295	1702989274295	0	OK
REQUEST	XUI_PRL_040_ManageSupport	XUI_PRL_040_005_RequestSupport	1702989274296	1702989274843	OK	 
REQUEST	XUI_PRL_040_ManageSupport	XUI_PRL_040_010_RequestSupport	1702989274845	1702989278396	OK	 
GROUP	XUI_PRL_040_ManageSupport	1702989274295	1702989278407	4098	OK
REQUEST	XUI_PRL_070_ManageSupportSubmitSol	XUI_PRL_070_005_ManageSupportSubmitSol	1702989278408	1702989281051	OK	 
GROUP	XUI_PRL_070_ManageSupportSubmitSol	1702989278407	1702989281054	2643	OK
REQUEST	XUI_010_Homepage	XUI_010_005_Homepage	1702989281055	1702989281197	OK	 
REQUEST	XUI_010_Homepage	XUI_Common_000_ConfigurationUI	1702989289104	1702989289148	OK	 
REQUEST	XUI_010_Homepage	XUI_Common_000_ConfigJson	1702989289149	1702989289178	OK	 
REQUEST	XUI_010_Homepage	XUI_Common_000_TsAndCs	1702989289180	1702989289258	OK	 
REQUEST	XUI_010_Homepage	XUI_Common_000_ConfigUI	1702989289259	1702989289290	OK	 
REQUEST	XUI_010_Homepage	XUI_Common_000_UserDetails	1702989289292	1702989289332	OK	 
REQUEST	XUI_010_Homepage	XUI_Common_000_IsAuthenticated	1702989289334	1702989289363	OK	 
REQUEST	XUI_010_Homepage	XUI_010_010_AuthLogin	1702989289364	1702989289396	OK	 
REQUEST	XUI_010_Homepage	XUI_010_010_AuthLogin Redirect 1	1702989289397	1702989289497	OK	 
REQUEST	XUI_010_Homepage	XUI_010_010_AuthLogin Redirect 2	1702989289498	1702989289570	OK	 
GROUP	XUI_010_Homepage	1702989281054	1702989290095	9018	OK
REQUEST	XUI_020_LoginCa	XUI_020_005_LoginCa	1702989290096	1702989290440	OK	 
REQUEST	XUI_020_LoginCa	XUI_020_005_LoginCa Redirect 1	1702989290441	1702989291180	OK	 
REQUEST	XUI_020_LoginCa	XUI_020_005_LoginCa Redirect 2	1702989291181	1702989291214	OK	 
REQUEST	XUI_020_LoginCa	XUI_Common_000_ConfigurationUI	1702989311568	1702989311622	OK	 
REQUEST	XUI_020_LoginCa	XUI_Common_000_ConfigJson	1702989311623	1702989311664	OK	 
REQUEST	XUI_020_LoginCa	XUI_Common_000_TsAndCs	1702989311667	1702989311697	OK	 
REQUEST	XUI_020_LoginCa	XUI_Common_000_ConfigUI	1702989311698	1702989311734	OK	 
REQUEST	XUI_020_LoginCa	XUI_Common_000_UserDetails	1702989311736	1702989312024	OK	 
REQUEST	XUI_020_LoginCa	XUI_Common_000_IsAuthenticated	1702989312026	1702989312070	OK	 
REQUEST	XUI_020_LoginCa	XUI_Common_000_MonitoringTools	1702989312071	1702989312113	OK	 
GROUP	XUI_020_LoginCa	1702989290095	1702989312114	22002	OK
GROUP	XUI_PRL_030_CreateCaseStart	1702989312114	1702989312115	0	OK
REQUEST	XUI_PRL_040_ManageSupportFlags	XUI_PRL_040_005_ManageSupportFlags	1702989312115	1702989313054	OK	 
REQUEST	XUI_PRL_040_ManageSupportFlags	XUI_PRL_040_010_RequestSupport	1702989313056	1702989316706	OK	 
GROUP	XUI_PRL_040_ManageSupportFlags	1702989312115	1702989316812	4589	OK
REQUEST	XUI_PRL_050_SubmitSupportChange	XUI_PRL_050_005_SubmitSupportChange	1702989316813	1702989319714	OK	 
GROUP	XUI_PRL_050_SubmitSupportChange	1702989316812	1702989319715	2901	OK
GROUP	XUI_PRL_030_CreateCaseStart	1702989319715	1702989319715	0	OK
REQUEST	XUI_PRL_040_CreateFlag	XUI_PRL_040_005_CreateFlag	1702989319716	1702989320526	OK	 
REQUEST	XUI_PRL_040_CreateFlag	XUI_PRL_040_010_CreateFlag	1702989320527	1702989327793	OK	 
GROUP	XUI_PRL_040_CreateFlag	1702989319715	1702989327808	8076	OK
REQUEST	XUI_PRL_050_CreateFlag	XUI_PRL_050_005_CreateFlag	1702989327808	1702989328204	OK	 
REQUEST	XUI_PRL_050_CreateFlag	XUI_PRL_050_010_CreateFlag	1702989328206	1702989328948	OK	 
GROUP	XUI_PRL_050_CreateFlag	1702989327808	1702989328949	1138	OK
REQUEST	XUI_PRL_060_CreateFlag	XUI_PRL_060_005_CreateFlag	1702989328951	1702989331904	OK	 
GROUP	XUI_PRL_060_CreateFlag	1702989328949	1702989331907	2953	OK
GROUP	XUI_PRL_030_CreateCaseStart	1702989331908	1702989331909	0	OK
REQUEST	XUI_PRL_040_RequestSupport	XUI_PRL_040_005_RequestSupport	1702989331909	1702989332299	OK	 
REQUEST	XUI_PRL_040_RequestSupport	XUI_PRL_040_010_RequestSupport	1702989332301	1702989333147	KO	status.find.in([200, 209], 304), found 404
GROUP	XUI_PRL_040_RequestSupport	1702989331909	1702989333156	1236	KO
USER	***** PRL Case Flags 2.1 Journey *****	END	1702989333159
