ASSERTION	AAECAAIFAAAAAAAAAFlA
RUN	simulations.PRL_Simulation	prl-simulation	1697622192630	 	3.9.5
USER	***** Private Law Create Case *****	START	1697622194271
REQUEST	XUI_010_Homepage	XUI_010_005_Homepage	1697622194289	1697622196647	OK	 
REQUEST	XUI_010_Homepage	XUI_Common_000_ConfigurationUI	1697622257371	1697622260777	OK	 
REQUEST	XUI_010_Homepage	XUI_Common_000_ConfigJson	1697622260779	1697622260930	OK	 
REQUEST	XUI_010_Homepage	XUI_Common_000_TsAndCs	1697622260931	1697622261050	OK	 
REQUEST	XUI_010_Homepage	XUI_Common_000_ConfigUI	1697622261052	1697622261153	OK	 
REQUEST	XUI_010_Homepage	XUI_Common_000_UserDetails	1697622261154	1697622261303	OK	 
REQUEST	XUI_010_Homepage	XUI_Common_000_IsAuthenticated	1697622261304	1697622261456	OK	 
REQUEST	XUI_010_Homepage	XUI_010_010_AuthLogin	1697622261459	1697622261653	OK	 
REQUEST	XUI_010_Homepage	XUI_010_010_AuthLogin Redirect 1	1697622261661	1697622261910	OK	 
REQUEST	XUI_010_Homepage	XUI_010_010_AuthLogin Redirect 2	1697622261914	1697622262243	OK	 
GROUP	XUI_010_Homepage	1697622194272	1697622264702	70312	OK
REQUEST	XUI_020_Login	XUI_020_005_Login	1697622264709	1697622270017	OK	 
REQUEST	XUI_020_Login	XUI_020_005_Login Redirect 1	1697622270020	1697622273794	OK	 
REQUEST	XUI_020_Login	XUI_020_005_Login Redirect 2	1697622273807	1697622273861	OK	 
REQUEST	XUI_020_Login	XUI_Common_000_ConfigurationUI	1697622334063	1697622334930	OK	 
REQUEST	XUI_020_Login	XUI_Common_000_ConfigJson	1697622334931	1697622334974	OK	 
REQUEST	XUI_020_Login	XUI_Common_000_TsAndCs	1697622334975	1697622335051	OK	 
REQUEST	XUI_020_Login	XUI_Common_000_ConfigUI	1697622335052	1697622335122	OK	 
REQUEST	XUI_020_Login	XUI_Common_000_UserDetails	1697622335123	1697622335542	OK	 
REQUEST	XUI_020_Login	XUI_Common_000_IsAuthenticated	1697622335543	1697622335608	OK	 
REQUEST	XUI_020_Login	XUI_Common_000_MonitoringTools	1697622335610	1697622335716	OK	 
GROUP	XUI_020_Login	1697622264703	1697622335737	70974	OK
REQUEST	XUI_PRL_030_CreateCaseStart	XUI_PRL_030_005_CreateCaseStart	1697622335740	1697622336240	OK	 
GROUP	XUI_PRL_030_CreateCaseStart	1697622335738	1697622336246	500	OK
REQUEST	XUI_PRL_031_Type_Of_Application	XUI_PRL_031_005_Type_Of_Application	1697622336248	1697622336809	OK	 
GROUP	XUI_PRL_031_Type_Of_Application	1697622336246	1697622336809	561	OK
REQUEST	XUI_PRL_032_ApplicationCheckYourAnswers	XUI_PRL_032_005_ApplicationCheckYourAnswers	1697622336810	1697622343475	OK	 
GROUP	XUI_PRL_032_ApplicationCheckYourAnswers	1697622336809	1697622343486	6665	OK
REQUEST	XUI_PRL_033_ApplicationDetails	XUI_PRL_033_005_ApplicationDetails	1697622343487	1697622348684	OK	 
GROUP	XUI_PRL_033_ApplicationDetails	1697622343486	1697622348719	5197	OK
REQUEST	XUI_PRL_034_EnterApplicationDetails	XUI_PRL_034_005_EnterApplicationDetails	1697622348720	1697622349507	OK	 
GROUP	XUI_PRL_034_EnterApplicationDetails	1697622348719	1697622349508	787	OK
REQUEST	XUI_PRL_035_SubmitApplicationDetails	XUI_PRL_035_005_SubmitApplicationDetails	1697622349508	1697622355575	OK	 
GROUP	XUI_PRL_035_SubmitApplicationDetails	1697622349508	1697622355576	6067	OK
REQUEST	XUI_PRL_036_SubmitAndPay	XUI_PRL_036_005_SubmitAndPay	1697622355578	1697622361464	OK	 
GROUP	XUI_PRL_036_SubmitAndPay	1697622355576	1697622361475	5886	OK
REQUEST	XUI_PRL_037_ConfidentialityStatement	XUI_PRL_037_005_ConfidentialityStatement	1697622361475	1697622362583	OK	 
GROUP	XUI_PRL_037_ConfidentialityStatement	1697622361475	1697622362584	1108	OK
REQUEST	XUI_PRL_038_Declaration	XUI_PRL_038_005_Declaration	1697622362584	1697622363432	OK	 
GROUP	XUI_PRL_038_Declaration	1697622362584	1697622363433	848	OK
REQUEST	XUI_PRL_039_Continue	XUI_PRL_039_005_Continue	1697622363433	1697622363896	OK	 
GROUP	XUI_PRL_039_Continue	1697622363433	1697622363897	463	OK
REQUEST	XUI_PRL_040_Continue	XUI_PRL_040_005_Continue	1697622363897	1697622364316	KO	status.find.in([200, 209], 304), found 404
GROUP	XUI_PRL_040_Continue	1697622363897	1697622364332	419	KO
USER	***** Private Law Create Case *****	END	1697622364338
