ASSERTION	AAECAAIFAAAAAAAAAFlA
RUN	simulations.PRL_Simulation	prl-simulation	1713461657267	 	3.9.5
USER	***** PRL CUI RA Journey *****	START	1713461657931
REQUEST	PRL_CitizenC100_010_PRLHome	PRL_CitizenC100_010_005_PRLHome	1713461657942	1713461658102	OK	 
REQUEST	PRL_CitizenC100_010_PRLHome	PRL_CitizenC100_010_005_PRLHome Redirect 1	1713461658109	1713461658174	OK	 
REQUEST	PRL_CitizenC100_010_PRLHome	PRL_CitizenC100_010_005_PRLHome Redirect 2	1713461658174	1713461658247	OK	 
REQUEST	PRL_CitizenC100_010_PRLHome	PRL_CitizenC100_010_005_PRLHome Redirect 3	1713461658248	1713461658422	OK	 
GROUP	PRL_CitizenC100_010_PRLHome	1713461657932	1713461658873	867	OK
REQUEST	PRL_CitizenC100_020_Login	PRL_CitizenC100_020_005_Login	1713461658875	1713461659015	OK	 
REQUEST	PRL_CitizenC100_020_Login	PRL_CitizenC100_020_005_Login Redirect 1	1713461659017	1713461659444	OK	 
REQUEST	PRL_CitizenC100_020_Login	PRL_CitizenC100_020_005_Login Redirect 2	1713461659444	1713461660969	OK	 
GROUP	PRL_CitizenC100_020_Login	1713461658873	1713461661187	2305	OK
REQUEST	PRL_CitizenC100_CUIRA_030_SelectCase	PRL_CitizenC100_CUIRA_030_SelectCase	1713461661188	1713461664129	OK	 
REQUEST	PRL_CitizenC100_CUIRA_030_SelectCase	PRL_CitizenC100_CUIRA_030_SelectCase Redirect 1	1713461664130	1713461664251	OK	 
GROUP	PRL_CitizenC100_CUIRA_030_SelectCase	1713461661188	1713461664379	3185	OK
REQUEST	PRL_CitizenC100_CUIRA_030_005_SelectCase	PRL_CitizenC100_CUIRA_030_005_SelectCase	1713461664379	1713461664493	OK	 
GROUP	PRL_CitizenC100_CUIRA_030_005_SelectCase	1713461664379	1713461664618	237	OK
REQUEST	PRL_CitizenC100_CUIRA_040_RAIntro	PRL_CitizenC100_CUIRA_040_RAIntro	1713461664619	1713461665777	OK	 
GROUP	PRL_CitizenC100_CUIRA_040_RAIntro	1713461664618	1713461665913	1292	OK
REQUEST	PRL_CitizenC100_CUIRA_050_RAIntro	PRL_CitizenC100_CUIRA_050_RAIntro	1713461665914	1713461665979	OK	 
REQUEST	PRL_CitizenC100_CUIRA_050_RAIntro	PRL_CitizenC100_CUIRA_050_RAIntro Redirect 1	1713461665980	1713461666063	OK	 
REQUEST	PRL_CitizenC100_CUIRA_050_RAIntro	PRL_CitizenC100_CUIRA_050_RAIntro Redirect 2	1713461666064	1713461666830	KO	substring(Language requirements).find.exists, found nothing
GROUP	PRL_CitizenC100_CUIRA_050_RAIntro	1713461665913	1713461666843	914	KO
USER	***** PRL CUI RA Journey *****	END	1713461666846
