ASSERTION	AAECAAIFAAAAAAAAAFlA
RUN	simulations.PRL_Simulation	prl-simulation	1713441234975	 	3.9.5
USER	***** PRL Citizen Journey *****	START	1713441235850
REQUEST	PRL_CitizenC100_010_PRLHome	PRL_CitizenC100_010_005_PRLHome	1713441235870	1713441236089	OK	 
REQUEST	PRL_CitizenC100_010_PRLHome	PRL_CitizenC100_010_005_PRLHome Redirect 1	1713441236096	1713441236184	OK	 
REQUEST	PRL_CitizenC100_010_PRLHome	PRL_CitizenC100_010_005_PRLHome Redirect 2	1713441236184	1713441236256	OK	 
REQUEST	PRL_CitizenC100_010_PRLHome	PRL_CitizenC100_010_005_PRLHome Redirect 3	1713441236257	1713441236446	OK	 
GROUP	PRL_CitizenC100_010_PRLHome	1713441235851	1713441236848	921	OK
REQUEST	PRL_CitizenC100_020_Login	PRL_CitizenC100_020_005_Login	1713441236850	1713441236958	OK	 
REQUEST	PRL_CitizenC100_020_Login	PRL_CitizenC100_020_005_Login Redirect 1	1713441236959	1713441237388	OK	 
REQUEST	PRL_CitizenC100_020_Login	PRL_CitizenC100_020_005_Login Redirect 2	1713441237389	1713441242426	OK	 
GROUP	PRL_CitizenC100_020_Login	1713441236848	1713441242719	5861	OK
REQUEST	PRL_CitizenC100_025_ChildArrangementsApplication	PRL_CitizenC100_025_005_ChildArrangementsApplication	1713441242720	1713441242847	OK	 
GROUP	PRL_CitizenC100_025_ChildArrangementsApplication	1713441242719	1713441242974	248	OK
REQUEST	PRL_CitizenC100_030_StartApplication	PRL_CitizenC100_030_005_StartApplication	1713441242974	1713441243052	OK	 
GROUP	PRL_CitizenC100_030_StartApplication	1713441242974	1713441243173	195	OK
REQUEST	PRL_CitizenC100_040_WhatYouWillNeed	PRL_CitizenC100_040_005_WhatYouWillNeed	1713441243173	1713441247314	OK	 
REQUEST	PRL_CitizenC100_040_WhatYouWillNeed	PRL_CitizenC100_040_005_WhatYouWillNeed Redirect 1	1713441247315	1713441247411	OK	 
GROUP	PRL_CitizenC100_040_WhatYouWillNeed	1713441243173	1713441247581	4400	OK
REQUEST	PRL_CitizenC100_060_ChildrenPostCode	PRL_CitizenC100_060_005_ChildrenPostCode	1713441247581	1713441247642	OK	 
REQUEST	PRL_CitizenC100_060_ChildrenPostCode	PRL_CitizenC100_060_005_ChildrenPostCode Redirect 1	1713441247643	1713441247713	OK	 
GROUP	PRL_CitizenC100_060_ChildrenPostCode	1713441247581	1713441247866	280	OK
REQUEST	PRL_CitizenC100_070_WrittenAgreement	PRL_CitizenC100_070_005_WrittenAgreement	1713441247867	1713441247940	OK	 
REQUEST	PRL_CitizenC100_070_WrittenAgreement	PRL_CitizenC100_070_005_WrittenAgreement Redirect 1	1713441247941	1713441248039	OK	 
GROUP	PRL_CitizenC100_070_WrittenAgreement	1713441247866	1713441248195	323	OK
REQUEST	PRL_CitizenC100_080_BeforeCourt	PRL_CitizenC100_080_005_BeforeCourt	1713441248196	1713441248266	OK	 
REQUEST	PRL_CitizenC100_080_BeforeCourt	PRL_CitizenC100_080_005_BeforeCourt Redirect 1	1713441248267	1713441248352	OK	 
GROUP	PRL_CitizenC100_080_BeforeCourt	1713441248196	1713441248472	273	OK
REQUEST	PRL_CitizenC100_090_ReachAgreement	PRL_CitizenC100_090_005_ReachAgreement	1713441248472	1713441248537	OK	 
REQUEST	PRL_CitizenC100_090_ReachAgreement	PRL_CitizenC100_090_005_ReachAgreement Redirect 1	1713441248538	1713441248635	OK	 
GROUP	PRL_CitizenC100_090_ReachAgreement	1713441248472	1713441248783	307	OK
REQUEST	PRL_CitizenC100_100_LegalRep	PRL_CitizenC100_100_005_LegalRep	1713441248784	1713441248836	OK	 
REQUEST	PRL_CitizenC100_100_LegalRep	PRL_CitizenC100_100_005_LegalRep Redirect 1	1713441248837	1713441248933	OK	 
GROUP	PRL_CitizenC100_100_LegalRep	1713441248783	1713441249041	253	OK
REQUEST	PRL_CitizenC100_110_PermissionFromCourt	PRL_CitizenC100_110_005_PermissionFromCourt	1713441249042	1713441249138	OK	 
REQUEST	PRL_CitizenC100_110_PermissionFromCourt	PRL_CitizenC100_110_005_PermissionFromCourt Redirect 1	1713441249139	1713441249227	OK	 
GROUP	PRL_CitizenC100_110_PermissionFromCourt	1713441249041	1713441249349	302	OK
REQUEST	PRL_CitizenC100_120_WhyPermissionFromCourt	PRL_CitizenC100_120_005_WhyPermissionFromCourt	1713441249350	1713441249422	OK	 
REQUEST	PRL_CitizenC100_120_WhyPermissionFromCourt	PRL_CitizenC100_120_005_WhyPermissionFromCourt Redirect 1	1713441249423	1713441250160	OK	 
GROUP	PRL_CitizenC100_120_WhyPermissionFromCourt	1713441249349	1713441250702	1347	OK
REQUEST	PRL_CitizenC100_130_WhyCourtShouldGrant	PRL_CitizenC100_130_005_WhyCourtShouldGrant	1713441250702	1713441250766	OK	 
REQUEST	PRL_CitizenC100_130_WhyCourtShouldGrant	PRL_CitizenC100_130_005_WhyCourtShouldGrant Redirect 1	1713441250766	1713441250837	OK	 
GROUP	PRL_CitizenC100_130_WhyCourtShouldGrant	1713441250702	1713441250983	279	OK
REQUEST	PRL_CitizenC100_140_InvolvedInEmergencyProtection	PRL_CitizenC100_140_005_InvolvedInEmergencyProtection	1713441250984	1713441251043	OK	 
REQUEST	PRL_CitizenC100_140_InvolvedInEmergencyProtection	PRL_CitizenC100_140_005_InvolvedInEmergencyProtection Redirect 1	1713441251044	1713441251126	OK	 
GROUP	PRL_CitizenC100_140_InvolvedInEmergencyProtection	1713441250983	1713441251248	262	OK
REQUEST	PRL_CitizenC100_150_AttendingMIAM	PRL_CitizenC100_150_005_AttendingMIAM	1713441251249	1713441251312	OK	 
REQUEST	PRL_CitizenC100_150_AttendingMIAM	PRL_CitizenC100_150_005_AttendingMIAM Redirect 1	1713441251312	1713441251416	OK	 
GROUP	PRL_CitizenC100_150_AttendingMIAM	1713441251248	1713441251514	264	OK
REQUEST	PRL_CitizenC100_160_AttendedMIAM	PRL_CitizenC100_160_005_AttendedMIAM	1713441251514	1713441251592	OK	 
REQUEST	PRL_CitizenC100_160_AttendedMIAM	PRL_CitizenC100_160_005_AttendedMIAM Redirect 1	1713441251594	1713441251678	OK	 
GROUP	PRL_CitizenC100_160_AttendedMIAM	1713441251514	1713441251803	286	OK
REQUEST	PRL_CitizenC100_170_DocumentSigned	PRL_CitizenC100_170_005_DocumentSigned	1713441251804	1713441251876	OK	 
REQUEST	PRL_CitizenC100_170_DocumentSigned	PRL_CitizenC100_170_005_DocumentSigned Redirect 1	1713441251876	1713441251959	OK	 
GROUP	PRL_CitizenC100_170_DocumentSigned	1713441251804	1713441252061	255	OK
REQUEST	PRL_CitizenC100_180_MIAMUpload	PRL_CitizenC100_180_005_MIAMUpload	1713441252070	1713441254558	OK	 
REQUEST	PRL_CitizenC100_180_MIAMUpload	PRL_CitizenC100_180_005_MIAMUpload Redirect 1	1713441254559	1713441254676	OK	 
GROUP	PRL_CitizenC100_180_MIAMUpload	1713441252061	1713441254814	2737	OK
REQUEST	PRL_CitizenC100_190_MIAMUploadSubmit	PRL_CitizenC100_190_005_MIAMUploadSubmit	1713441254815	1713441254877	OK	 
REQUEST	PRL_CitizenC100_190_MIAMUploadSubmit	PRL_CitizenC100_190_005_MIAMUploadSubmit Redirect 1	1713441254879	1713441254969	OK	 
GROUP	PRL_CitizenC100_190_MIAMUploadSubmit	1713441254814	1713441255123	301	OK
REQUEST	PRL_CitizenC100_200_MIAMUploadContinue	PRL_CitizenC100_200_005_MIAMUploadContinue	1713441255125	1713441255199	OK	 
REQUEST	PRL_CitizenC100_200_MIAMUploadContinue	PRL_CitizenC100_200_005_MIAMUploadContinue Redirect 1	1713441255202	1713441255273	OK	 
GROUP	PRL_CitizenC100_200_MIAMUploadContinue	1713441255124	1713441255398	264	OK
REQUEST	PRL_CitizenC100_210_AskingCourtToDo	PRL_CitizenC100_210_005_AskingCourtToDo	1713441255400	1713441255461	OK	 
REQUEST	PRL_CitizenC100_210_AskingCourtToDo	PRL_CitizenC100_210_005_AskingCourtToDo Redirect 1	1713441255463	1713441255539	OK	 
GROUP	PRL_CitizenC100_210_AskingCourtToDo	1713441255398	1713441255631	224	OK
REQUEST	PRL_CitizenC100_220_WouldLikeCourtTo	PRL_CitizenC100_220_005_WouldLikeCourtTo	1713441255633	1713441255708	OK	 
REQUEST	PRL_CitizenC100_220_WouldLikeCourtTo	PRL_CitizenC100_220_005_WouldLikeCourtTo Redirect 1	1713441255712	1713441255789	OK	 
GROUP	PRL_CitizenC100_220_WouldLikeCourtTo	1713441255632	1713441255882	243	OK
REQUEST	PRL_CitizenC100_230_DescribeWhatCourt	PRL_CitizenC100_230_005_DescribeWhatCourt	1713441255883	1713441255936	OK	 
REQUEST	PRL_CitizenC100_230_DescribeWhatCourt	PRL_CitizenC100_230_005_DescribeWhatCourt Redirect 1	1713441255938	1713441256019	OK	 
GROUP	PRL_CitizenC100_230_DescribeWhatCourt	1713441255882	1713441256119	229	OK
REQUEST	PRL_CitizenC100_240_UrgentFirstHearing	PRL_CitizenC100_240_005_UrgentFirstHearing	1713441256119	1713441256240	OK	 
REQUEST	PRL_CitizenC100_240_UrgentFirstHearing	PRL_CitizenC100_240_005_UrgentFirstHearing Redirect 1	1713441256241	1713441256313	OK	 
GROUP	PRL_CitizenC100_240_UrgentFirstHearing	1713441256119	1713441256402	280	OK
REQUEST	PRL_CitizenC100_250_UrgentHearingDetails	PRL_CitizenC100_250_005_UrgentHearingDetails	1713441256403	1713441256460	OK	 
REQUEST	PRL_CitizenC100_250_UrgentHearingDetails	PRL_CitizenC100_250_005_UrgentHearingDetails Redirect 1	1713441256463	1713441256541	OK	 
GROUP	PRL_CitizenC100_250_UrgentHearingDetails	1713441256402	1713441256639	230	OK
REQUEST	PRL_CitizenC100_260_AskingForWithoutNotice	PRL_CitizenC100_260_005_AskingForWithoutNotice	1713441256639	1713441256719	OK	 
REQUEST	PRL_CitizenC100_260_AskingForWithoutNotice	PRL_CitizenC100_260_005_AskingForWithoutNotice Redirect 1	1713441256720	1713441256800	OK	 
GROUP	PRL_CitizenC100_260_AskingForWithoutNotice	1713441256639	1713441256886	245	OK
REQUEST	PRL_CitizenC100_270_WithoutNoticeDetails	PRL_CitizenC100_270_005_WithoutNoticeDetails	1713441256887	1713441256972	OK	 
REQUEST	PRL_CitizenC100_270_WithoutNoticeDetails	PRL_CitizenC100_270_005_WithoutNoticeDetails Redirect 1	1713441256974	1713441257039	OK	 
GROUP	PRL_CitizenC100_270_WithoutNoticeDetails	1713441256886	1713441257135	243	OK
REQUEST	PRL_CitizenC100_280_ChildrenName	PRL_CitizenC100_280_005_ChildrenName	1713441257136	1713441257202	OK	 
GROUP	PRL_CitizenC100_280_ChildrenName	1713441257135	1713441257208	66	OK
REQUEST	PRL_CitizenC100_285_ChildrenNameRedirect	PRL_CitizenC100_280_005_ChildrenName	1713441257208	1713441257301	OK	 
GROUP	PRL_CitizenC100_285_ChildrenNameRedirect	1713441257208	1713441257415	203	OK
REQUEST	PRL_CitizenC100_290_ChildDetails	PRL_CitizenC100_290_005_ChildDetails	1713441257417	1713441257493	OK	 
REQUEST	PRL_CitizenC100_290_ChildDetails	PRL_CitizenC100_290_005_ChildDetails Redirect 1	1713441257495	1713441257569	OK	 
GROUP	PRL_CitizenC100_290_ChildDetails	1713441257416	1713441257677	255	OK
REQUEST	PRL_CitizenC100_300_WhichDecision	PRL_CitizenC100_300_005_WhichDecision	1713441257678	1713441257742	OK	 
REQUEST	PRL_CitizenC100_300_WhichDecision	PRL_CitizenC100_300_005_WhichDecision Redirect 1	1713441257743	1713441257812	OK	 
GROUP	PRL_CitizenC100_300_WhichDecision	1713441257677	1713441257901	219	OK
REQUEST	PRL_CitizenC100_310_ParentalResponsibility	PRL_CitizenC100_310_005_ParentalResponsibility	1713441257901	1713441257960	OK	 
REQUEST	PRL_CitizenC100_310_ParentalResponsibility	PRL_CitizenC100_310_005_ParentalResponsibility Redirect 1	1713441257960	1713441258029	OK	 
GROUP	PRL_CitizenC100_310_ParentalResponsibility	1713441257901	1713441258147	244	OK
REQUEST	PRL_CitizenC100_320_FurtherInformation	PRL_CitizenC100_320_005_FurtherInformation	1713441258148	1713441258203	OK	 
REQUEST	PRL_CitizenC100_320_FurtherInformation	PRL_CitizenC100_320_005_FurtherInformation Redirect 1	1713441258204	1713441258308	OK	 
GROUP	PRL_CitizenC100_320_FurtherInformation	1713441258147	1713441258402	249	OK
REQUEST	PRL_CitizenC100_330_OtherChildren	PRL_CitizenC100_330_005_OtherChildren	1713441258403	1713441258463	OK	 
REQUEST	PRL_CitizenC100_330_OtherChildren	PRL_CitizenC100_330_005_OtherChildren Redirect 1	1713441258464	1713441258542	OK	 
GROUP	PRL_CitizenC100_330_OtherChildren	1713441258403	1713441258662	255	OK
REQUEST	PRL_CitizenC100_340_EnterYourName	PRL_CitizenC100_340_005_EnterYourName	1713441258665	1713441258725	OK	 
GROUP	PRL_CitizenC100_340_EnterYourName	1713441258662	1713441258727	60	OK
REQUEST	PRL_CitizenC100_345_EnterYourNameRedirect	PRL_CitizenC100_340_005_EnterYourName	1713441258728	1713441258801	OK	 
GROUP	PRL_CitizenC100_345_EnterYourNameRedirect	1713441258727	1713441258924	194	OK
REQUEST	PRL_CitizenC100_350_KnowContactDetails	PRL_CitizenC100_350_005_KnowContactDetails	1713441258925	1713441259065	OK	 
REQUEST	PRL_CitizenC100_350_KnowContactDetails	PRL_CitizenC100_350_005_KnowContactDetails Redirect 1	1713441259065	1713441259156	OK	 
GROUP	PRL_CitizenC100_350_KnowContactDetails	1713441258924	1713441259259	332	OK
REQUEST	PRL_CitizenC100_360_KeepDetailsPrivate	PRL_CitizenC100_360_005_KeepDetailsPrivate	1713441259259	1713441259328	OK	 
REQUEST	PRL_CitizenC100_360_KeepDetailsPrivate	PRL_CitizenC100_360_005_KeepDetailsPrivate Redirect 1	1713441259328	1713441259435	OK	 
GROUP	PRL_CitizenC100_360_KeepDetailsPrivate	1713441259259	1713441259533	269	OK
REQUEST	PRL_CitizenC100_370_KeepDetailsPrivateContinue	PRL_CitizenC100_370_005_KeepDetailsPrivateContinue	1713441259534	1713441259588	OK	 
REQUEST	PRL_CitizenC100_370_KeepDetailsPrivateContinue	PRL_CitizenC100_370_005_KeepDetailsPrivateContinue Redirect 1	1713441259589	1713441259666	OK	 
GROUP	PRL_CitizenC100_370_KeepDetailsPrivateContinue	1713441259533	1713441259790	252	OK
REQUEST	PRL_CitizenC100_380_ApplicantDetails	PRL_CitizenC100_380_005_ApplicantDetails	1713441259790	1713441259873	OK	 
REQUEST	PRL_CitizenC100_380_ApplicantDetails	PRL_CitizenC100_380_005_ApplicantDetails Redirect 1	1713441259875	1713441259932	OK	 
GROUP	PRL_CitizenC100_380_ApplicantDetails	1713441259790	1713441260025	227	OK
REQUEST	PRL_CitizenC100_390_ApplicantRelationship	PRL_CitizenC100_390_005_ApplicantRelationship	1713441260026	1713441260091	OK	 
REQUEST	PRL_CitizenC100_390_ApplicantRelationship	PRL_CitizenC100_390_005_ApplicantRelationship Redirect 1	1713441260092	1713441260172	OK	 
GROUP	PRL_CitizenC100_390_ApplicantRelationship	1713441260025	1713441260321	293	OK
REQUEST	PRL_CitizenC100_400_ApplicantPostcode	PRL_CitizenC100_400_005_ApplicantPostcode	1713441260323	1713441260859	OK	 
REQUEST	PRL_CitizenC100_400_ApplicantPostcode	PRL_CitizenC100_400_005_ApplicantPostcode Redirect 1	1713441260860	1713441260926	OK	 
GROUP	PRL_CitizenC100_400_ApplicantPostcode	1713441260321	1713441261032	704	OK
REQUEST	PRL_CitizenC100_410_ApplicantSelectAddress	PRL_CitizenC100_410_005_ApplicantSelectAddress	1713441261032	1713441261091	OK	 
REQUEST	PRL_CitizenC100_410_ApplicantSelectAddress	PRL_CitizenC100_410_005_ApplicantSelectAddress Redirect 1	1713441261092	1713441261191	OK	 
GROUP	PRL_CitizenC100_410_ApplicantSelectAddress	1713441261032	1713441261299	258	OK
REQUEST	PRL_CitizenC100_420_ApplicantAddress	PRL_CitizenC100_420_005_ApplicantAddress	1713441261300	1713441261368	OK	 
REQUEST	PRL_CitizenC100_420_ApplicantAddress	PRL_CitizenC100_420_005_ApplicantAddress Redirect 1	1713441261369	1713441261433	OK	 
GROUP	PRL_CitizenC100_420_ApplicantAddress	1713441261299	1713441261571	268	OK
REQUEST	PRL_CitizenC100_430_ApplicantContact	PRL_CitizenC100_430_005_ApplicantContact	1713441261572	1713441261625	OK	 
REQUEST	PRL_CitizenC100_430_ApplicantContact	PRL_CitizenC100_430_005_ApplicantContact Redirect 1	1713441261627	1713441261709	OK	 
GROUP	PRL_CitizenC100_430_ApplicantContact	1713441261571	1713441261784	207	OK
REQUEST	PRL_CitizenC100_440_ApplicantContactPreference	PRL_CitizenC100_440_005_ApplicantContactPreference	1713441261785	1713441261841	OK	 
REQUEST	PRL_CitizenC100_440_ApplicantContactPreference	PRL_CitizenC100_440_005_ApplicantContactPreference Redirect 1	1713441261841	1713441261912	OK	 
GROUP	PRL_CitizenC100_440_ApplicantContactPreference	1713441261784	1713441261995	209	OK
REQUEST	PRL_CitizenC100_450_RespondentName	PRL_CitizenC100_450_005_RespondentName	1713441261996	1713441262082	OK	 
GROUP	PRL_CitizenC100_450_RespondentName	1713441261995	1713441262083	86	OK
REQUEST	PRL_CitizenC100_460_RespondentNameRedirect	PRL_CitizenC100_460_005_RespondentNameRedirect	1713441262083	1713441262167	OK	 
GROUP	PRL_CitizenC100_460_RespondentNameRedirect	1713441262083	1713441262273	188	OK
REQUEST	PRL_CitizenC100_470_RespondentDetails	PRL_CitizenC100_470_005_RespondentDetails	1713441262276	1713441262336	OK	 
REQUEST	PRL_CitizenC100_470_RespondentDetails	PRL_CitizenC100_470_005_RespondentDetails Redirect 1	1713441262337	1713441262410	OK	 
GROUP	PRL_CitizenC100_470_RespondentDetails	1713441262273	1713441262530	251	OK
REQUEST	PRL_CitizenC100_480_RespondentRelationship	PRL_CitizenC100_480_005_RespondentRelationship	1713441262531	1713441262586	OK	 
REQUEST	PRL_CitizenC100_480_RespondentRelationship	PRL_CitizenC100_480_005_RespondentRelationship Redirect 1	1713441262587	1713441262687	OK	 
GROUP	PRL_CitizenC100_480_RespondentRelationship	1713441262531	1713441262801	264	OK
REQUEST	PRL_CitizenC100_490_RespondentPostcode	PRL_CitizenC100_490_005_RespondentPostcode	1713441262804	1713441262964	OK	 
REQUEST	PRL_CitizenC100_490_RespondentPostcode	PRL_CitizenC100_490_005_RespondentPostcode Redirect 1	1713441262966	1713441263040	OK	 
GROUP	PRL_CitizenC100_490_RespondentPostcode	1713441262802	1713441263149	339	OK
REQUEST	PRL_CitizenC100_500_RespondentSelectAddress	PRL_CitizenC100_500_005_RespondentSelectAddress	1713441263149	1713441263224	OK	 
REQUEST	PRL_CitizenC100_500_RespondentSelectAddress	PRL_CitizenC100_500_005_RespondentSelectAddress Redirect 1	1713441263225	1713441263304	OK	 
GROUP	PRL_CitizenC100_500_RespondentSelectAddress	1713441263149	1713441263395	240	OK
REQUEST	PRL_CitizenC100_510_RespondentAddress	PRL_CitizenC100_510_005_RespondentAddress	1713441263395	1713441263448	OK	 
REQUEST	PRL_CitizenC100_510_RespondentAddress	PRL_CitizenC100_510_005_RespondentAddress Redirect 1	1713441263449	1713441263521	OK	 
GROUP	PRL_CitizenC100_510_RespondentAddress	1713441263395	1713441263602	205	OK
REQUEST	PRL_CitizenC100_520_RespondentContact	PRL_CitizenC100_520_005_RespondentContact	1713441263603	1713441263676	OK	 
REQUEST	PRL_CitizenC100_520_RespondentContact	PRL_CitizenC100_520_005_RespondentContact Redirect 1	1713441263676	1713441263754	OK	 
GROUP	PRL_CitizenC100_520_RespondentContact	1713441263602	1713441263847	239	OK
REQUEST	PRL_CitizenC100_530_AnyoneElse	PRL_CitizenC100_530_005_AnyoneElse	1713441263849	1713441263923	OK	 
REQUEST	PRL_CitizenC100_530_AnyoneElse	PRL_CitizenC100_530_005_AnyoneElse Redirect 1	1713441263924	1713441264037	OK	 
GROUP	PRL_CitizenC100_530_AnyoneElse	1713441263847	1713441264154	299	OK
REQUEST	PRL_CitizenC100_540_ChildLiveWith	PRL_CitizenC100_540_005_ChildLiveWith	1713441264154	1713441264228	OK	 
REQUEST	PRL_CitizenC100_540_ChildLiveWith	PRL_CitizenC100_540_005_ChildLiveWith Redirect 1	1713441264228	1713441264311	OK	 
GROUP	PRL_CitizenC100_540_ChildLiveWith	1713441264154	1713441264501	343	OK
REQUEST	PRL_CitizenC100_550_InvolvedInCourt	PRL_CitizenC100_550_005_InvolvedInCourt	1713441264502	1713441264561	OK	 
REQUEST	PRL_CitizenC100_550_InvolvedInCourt	PRL_CitizenC100_550_005_InvolvedInCourt Redirect 1	1713441264562	1713441264641	OK	 
GROUP	PRL_CitizenC100_550_InvolvedInCourt	1713441264501	1713441264812	306	OK
REQUEST	PRL_CitizenC100_560_CourtCasesInfo	PRL_CitizenC100_560_005_CourtCasesInfo	1713441264812	1713441264865	OK	 
REQUEST	PRL_CitizenC100_560_CourtCasesInfo	PRL_CitizenC100_560_005_CourtCasesInfo Redirect 1	1713441264866	1713441264944	OK	 
GROUP	PRL_CitizenC100_560_CourtCasesInfo	1713441264812	1713441265047	231	OK
REQUEST	PRL_CitizenC100_570_DetailsOfCourtCases	PRL_CitizenC100_570_005_DetailsOfCourtCases	1713441265049	1713441265163	OK	 
REQUEST	PRL_CitizenC100_570_DetailsOfCourtCases	PRL_CitizenC100_570_005_DetailsOfCourtCases Redirect 1	1713441265165	1713441265236	OK	 
GROUP	PRL_CitizenC100_570_DetailsOfCourtCases	1713441265048	1713441265322	266	OK
REQUEST	PRL_CitizenC100_580_SafetyInfo	PRL_CitizenC100_580_005_SafetyInfo	1713441265323	1713441265500	OK	 
REQUEST	PRL_CitizenC100_580_SafetyInfo	PRL_CitizenC100_580_005_SafetyInfo Redirect 1	1713441265500	1713441265585	OK	 
GROUP	PRL_CitizenC100_580_SafetyInfo	1713441265322	1713441265687	358	OK
REQUEST	PRL_CitizenC100_590_SafetyConcerns	PRL_CitizenC100_590_005_SafetyConcerns	1713441265688	1713441265764	OK	 
REQUEST	PRL_CitizenC100_590_SafetyConcerns	PRL_CitizenC100_590_005_SafetyConcerns Redirect 1	1713441265766	1713441265846	OK	 
GROUP	PRL_CitizenC100_590_SafetyConcerns	1713441265687	1713441265970	277	OK
REQUEST	PRL_CitizenC100_600_ConcernedAbout	PRL_CitizenC100_600_005_ConcernedAbout	1713441265970	1713441266037	OK	 
REQUEST	PRL_CitizenC100_600_ConcernedAbout	PRL_CitizenC100_600_005_ConcernedAbout Redirect 1	1713441266038	1713441266114	OK	 
GROUP	PRL_CitizenC100_600_ConcernedAbout	1713441265970	1713441266233	257	OK
REQUEST	PRL_CitizenC100_610_TypeOfBehaviour	PRL_CitizenC100_610_005_TypeOfBehaviour	1713441266233	1713441266291	OK	 
REQUEST	PRL_CitizenC100_610_TypeOfBehaviour	PRL_CitizenC100_610_005_TypeOfBehaviour Redirect 1	1713441266292	1713441266390	OK	 
GROUP	PRL_CitizenC100_610_TypeOfBehaviour	1713441266233	1713441266483	248	OK
REQUEST	PRL_CitizenC100_620_DescribePyshicalAbuse	PRL_CitizenC100_620_005_DescribePyshicalAbuse	1713441266484	1713441266551	OK	 
REQUEST	PRL_CitizenC100_620_DescribePyshicalAbuse	PRL_CitizenC100_620_005_DescribePyshicalAbuse Redirect 1	1713441266552	1713441266640	OK	 
GROUP	PRL_CitizenC100_620_DescribePyshicalAbuse	1713441266484	1713441266788	296	OK
REQUEST	PRL_CitizenC100_630_ImpactedByDrug	PRL_CitizenC100_630_005_ImpactedByDrug	1713441266789	1713441266841	OK	 
REQUEST	PRL_CitizenC100_630_ImpactedByDrug	PRL_CitizenC100_630_005_ImpactedByDrug Redirect 1	1713441266842	1713441266932	OK	 
GROUP	PRL_CitizenC100_630_ImpactedByDrug	1713441266788	1713441267015	220	OK
REQUEST	PRL_CitizenC100_640_OtherConcerns	PRL_CitizenC100_640_005_OtherConcerns	1713441267016	1713441267067	OK	 
REQUEST	PRL_CitizenC100_640_OtherConcerns	PRL_CitizenC100_640_005_OtherConcerns Redirect 1	1713441267067	1713441267156	OK	 
GROUP	PRL_CitizenC100_640_OtherConcerns	1713441267015	1713441267243	224	OK
REQUEST	PRL_CitizenC100_650_KeepChildrenSafe	PRL_CitizenC100_650_005_KeepChildrenSafe	1713441267245	1713441267293	OK	 
REQUEST	PRL_CitizenC100_650_KeepChildrenSafe	PRL_CitizenC100_650_005_KeepChildrenSafe Redirect 1	1713441267294	1713441267377	OK	 
GROUP	PRL_CitizenC100_650_KeepChildrenSafe	1713441267244	1713441267474	222	OK
REQUEST	PRL_CitizenC100_660_ContactBetweenChildren	PRL_CitizenC100_660_005_ContactBetweenChildren	1713441267474	1713441267523	OK	 
REQUEST	PRL_CitizenC100_660_ContactBetweenChildren	PRL_CitizenC100_660_005_ContactBetweenChildren Redirect 1	1713441267524	1713441267587	OK	 
GROUP	PRL_CitizenC100_660_ContactBetweenChildren	1713441267474	1713441267702	223	OK
REQUEST	PRL_CitizenC100_670_ChildrenBasedOutsideEngland	PRL_CitizenC100_670_005_ChildrenBasedOutsideEngland	1713441267704	1713441267759	OK	 
REQUEST	PRL_CitizenC100_670_ChildrenBasedOutsideEngland	PRL_CitizenC100_670_005_ChildrenBasedOutsideEngland Redirect 1	1713441267760	1713441267831	OK	 
GROUP	PRL_CitizenC100_670_ChildrenBasedOutsideEngland	1713441267703	1713441267961	250	OK
REQUEST	PRL_CitizenC100_680_ParentsBasedOutsideEngland	PRL_CitizenC100_680_005_ParentsBasedOutsideEngland	1713441267963	1713441268057	OK	 
REQUEST	PRL_CitizenC100_680_ParentsBasedOutsideEngland	PRL_CitizenC100_680_005_ParentsBasedOutsideEngland Redirect 1	1713441268058	1713441268139	OK	 
GROUP	PRL_CitizenC100_680_ParentsBasedOutsideEngland	1713441267961	1713441268251	286	OK
REQUEST	PRL_CitizenC100_690_AnotherPersonApply	PRL_CitizenC100_690_005_AnotherPersonApply	1713441268251	1713441268317	OK	 
REQUEST	PRL_CitizenC100_690_AnotherPersonApply	PRL_CitizenC100_690_005_AnotherPersonApply Redirect 1	1713441268319	1713441268380	OK	 
GROUP	PRL_CitizenC100_690_AnotherPersonApply	1713441268251	1713441268505	247	OK
REQUEST	PRL_CitizenC100_700_AnotherCountryAsked	PRL_CitizenC100_700_005_AnotherCountryAsked	1713441268506	1713441268565	OK	 
REQUEST	PRL_CitizenC100_700_AnotherCountryAsked	PRL_CitizenC100_700_005_AnotherCountryAsked Redirect 1	1713441268567	1713441268646	OK	 
GROUP	PRL_CitizenC100_700_AnotherCountryAsked	1713441268505	1713441268731	219	OK
REQUEST	PRL_CitizenC100_710_TakePartInHearings	PRL_CitizenC100_710_005_TakePartInHearings	1713441268731	1713441268789	OK	 
REQUEST	PRL_CitizenC100_710_TakePartInHearings	PRL_CitizenC100_710_005_TakePartInHearings Redirect 1	1713441268789	1713441268857	OK	 
GROUP	PRL_CitizenC100_710_TakePartInHearings	1713441268731	1713441269114	382	OK
REQUEST	PRL_CitizenC100_720_LanguageRequirements	PRL_CitizenC100_720_005_LanguageRequirements	1713441269115	1713441269176	OK	 
REQUEST	PRL_CitizenC100_720_LanguageRequirements	PRL_CitizenC100_720_005_LanguageRequirements Redirect 1	1713441269177	1713441269301	OK	 
GROUP	PRL_CitizenC100_720_LanguageRequirements	1713441269114	1713441269430	309	OK
REQUEST	PRL_CitizenC100_730_SpecialArrangements	PRL_CitizenC100_730_005_SpecialArrangements	1713441269432	1713441269569	OK	 
REQUEST	PRL_CitizenC100_730_SpecialArrangements	PRL_CitizenC100_730_005_SpecialArrangements Redirect 1	1713441269570	1713441269673	OK	 
GROUP	PRL_CitizenC100_730_SpecialArrangements	1713441269431	1713441269769	333	OK
REQUEST	PRL_CitizenC100_730_010_SpecialArrangements	PRL_CitizenC100_730_010_support-during-your-case	1713441269770	1713441269829	OK	 
REQUEST	PRL_CitizenC100_730_010_SpecialArrangements	PRL_CitizenC100_730_010_support-during-your-case Redirect 1	1713441269830	1713441269900	OK	 
GROUP	PRL_CitizenC100_730_010_SpecialArrangements	1713441269769	1713441270032	257	OK
REQUEST	PRL_CitizenC100_730_015_SpecialArrangements	PRL_CitizenC100_730_015_documents-support	1713441270035	1713441270095	OK	 
REQUEST	PRL_CitizenC100_730_015_SpecialArrangements	PRL_CitizenC100_730_015_documents-support Redirect 1	1713441270097	1713441271268	OK	 
GROUP	PRL_CitizenC100_730_015_SpecialArrangements	1713441270033	1713441271444	1404	OK
REQUEST	PRL_CitizenC100_760_HelpWithPaying	PRL_CitizenC100_760_005_HelpWithPaying	1713441271445	1713441271531	OK	 
REQUEST	PRL_CitizenC100_760_HelpWithPaying	PRL_CitizenC100_760_005_HelpWithPaying Redirect 1	1713441271532	1713441272617	OK	 
GROUP	PRL_CitizenC100_760_HelpWithPaying	1713441271444	1713441272763	1315	OK
REQUEST	PRL_CitizenC100_770_CheckYourAnswers	PRL_CitizenC100_770_005_CheckYourAnswers	1713441272764	1713441275431	KO	headerRegex((Location,https:\/\/card.payments.service.gov.uk\/secure\/(.{8}-.{4}-.{4}-.{4}-.{12}))).find.exists, found nothing
GROUP	PRL_CitizenC100_770_CheckYourAnswers	1713441272763	1713441275451	2667	KO
USER	***** PRL Citizen Journey *****	END	1713441275456
