ASSERTION	AAECAAIFAAAAAAAAAFlA
RUN	simulations.PRL_Simulation	prl-simulation	1697630530024	 	3.9.5
USER	***** Private Law Create Case *****	START	1697630530837
REQUEST	XUI_010_Homepage	XUI_010_005_Homepage	1697630530855	1697630531767	OK	 
REQUEST	XUI_010_Homepage	XUI_Common_000_ConfigurationUI	1697630556416	1697630557381	OK	 
REQUEST	XUI_010_Homepage	XUI_Common_000_ConfigJson	1697630557385	1697630557403	OK	 
REQUEST	XUI_010_Homepage	XUI_Common_000_TsAndCs	1697630557405	1697630557557	OK	 
REQUEST	XUI_010_Homepage	XUI_Common_000_ConfigUI	1697630557558	1697630557693	OK	 
REQUEST	XUI_010_Homepage	XUI_Common_000_UserDetails	1697630557695	1697630557860	OK	 
REQUEST	XUI_010_Homepage	XUI_Common_000_IsAuthenticated	1697630557863	1697630558057	OK	 
REQUEST	XUI_010_Homepage	XUI_010_010_AuthLogin	1697630558059	1697630558368	OK	 
REQUEST	XUI_010_Homepage	XUI_010_010_AuthLogin Redirect 1	1697630558374	1697630558748	OK	 
REQUEST	XUI_010_Homepage	XUI_010_010_AuthLogin Redirect 2	1697630558752	1697630559064	OK	 
GROUP	XUI_010_Homepage	1697630530839	1697630561875	30934	OK
REQUEST	XUI_020_Login	XUI_020_005_Login	1697630561877	1697630562087	OK	 
REQUEST	XUI_020_Login	XUI_020_005_Login Redirect 1	1697630562088	1697630563505	OK	 
REQUEST	XUI_020_Login	XUI_020_005_Login Redirect 2	1697630563507	1697630563594	OK	 
REQUEST	XUI_020_Login	XUI_Common_000_ConfigurationUI	1697630592395	1697630592448	OK	 
REQUEST	XUI_020_Login	XUI_Common_000_ConfigJson	1697630592450	1697630592476	OK	 
REQUEST	XUI_020_Login	XUI_Common_000_TsAndCs	1697630592477	1697630592827	OK	 
REQUEST	XUI_020_Login	XUI_Common_000_ConfigUI	1697630592829	1697630592880	OK	 
REQUEST	XUI_020_Login	XUI_Common_000_UserDetails	1697630592882	1697630593296	OK	 
REQUEST	XUI_020_Login	XUI_Common_000_IsAuthenticated	1697630593298	1697630593341	OK	 
REQUEST	XUI_020_Login	XUI_Common_000_MonitoringTools	1697630593345	1697630593407	OK	 
GROUP	XUI_020_Login	1697630561875	1697630593429	31509	OK
REQUEST	XUI_PRL_030_CreateCaseStart	XUI_PRL_030_005_CreateCaseStart	1697630593432	1697630594587	OK	 
GROUP	XUI_PRL_030_CreateCaseStart	1697630593430	1697630594593	1155	OK
REQUEST	XUI_PRL_031_Type_Of_Application	XUI_PRL_031_005_Type_Of_Application	1697630594595	1697630595507	OK	 
GROUP	XUI_PRL_031_Type_Of_Application	1697630594593	1697630595509	912	OK
REQUEST	XUI_PRL_032_ApplicationCheckYourAnswers	XUI_PRL_032_005_ApplicationCheckYourAnswers	1697630595510	1697630606746	OK	 
GROUP	XUI_PRL_032_ApplicationCheckYourAnswers	1697630595509	1697630606758	11236	OK
REQUEST	XUI_PRL_033_ApplicationDetails	XUI_PRL_033_005_ApplicationDetails	1697630606758	1697630610811	OK	 
GROUP	XUI_PRL_033_ApplicationDetails	1697630606758	1697630610844	4053	OK
REQUEST	XUI_PRL_034_EnterApplicationDetails	XUI_PRL_034_005_EnterApplicationDetails	1697630610845	1697630611545	OK	 
GROUP	XUI_PRL_034_EnterApplicationDetails	1697630610844	1697630611546	700	OK
REQUEST	XUI_PRL_035_SubmitApplicationDetails	XUI_PRL_035_005_SubmitApplicationDetails	1697630611546	1697630619072	OK	 
GROUP	XUI_PRL_035_SubmitApplicationDetails	1697630611546	1697630619072	7526	OK
REQUEST	XUI_PRL_036_SubmitAndPay	XUI_PRL_036_005_SubmitAndPay	1697630619073	1697630628102	OK	 
GROUP	XUI_PRL_036_SubmitAndPay	1697630619072	1697630628115	9029	OK
REQUEST	XUI_PRL_037_ConfidentialityStatement	XUI_PRL_037_005_ConfidentialityStatement	1697630628115	1697630628948	OK	 
GROUP	XUI_PRL_037_ConfidentialityStatement	1697630628115	1697630628949	833	OK
REQUEST	XUI_PRL_038_Declaration	XUI_PRL_038_005_Declaration	1697630628949	1697630629684	OK	 
GROUP	XUI_PRL_038_Declaration	1697630628949	1697630629685	735	OK
REQUEST	XUI_PRL_039_Continue	XUI_PRL_039_005_Continue	1697630629687	1697630630809	OK	 
GROUP	XUI_PRL_039_Continue	1697630629685	1697630630810	1122	OK
REQUEST	XUI_PRL_040_Continue	XUI_PRL_039_005_Continue	1697630630810	1697630642980	OK	 
GROUP	XUI_PRL_040_Continue	1697630630810	1697630642985	12170	OK
REQUEST	XUI_PRL_042_DummyPaymentConfirmation 	XUI_PRL_040_005_DummyPaymentConfirmation 	1697630642987	1697630644428	OK	 
GROUP	XUI_PRL_042_DummyPaymentConfirmation 	1697630642986	1697630644429	1441	OK
REQUEST	XUI_PRL_041_PaymentOption	XUI_PRL_041_005_PaymentOption	1697630644430	1697630645480	OK	 
GROUP	XUI_PRL_041_PaymentOption	1697630644429	1697630645484	1050	OK
ERROR	XUI_PRL_042_005_CardDetails: Failed to build request: No attribute named 'chargeId' is defined 	1697630645486
GROUP	XUI_PRL_042_CardDetails	1697630645484	1697630645487	0	KO
USER	***** Private Law Create Case *****	END	1697630645490
