ASSERTION	AAECAAIFAAAAAAAAAFlA
RUN	simulations.PRL_Simulation	prl-simulation	1706631594807	 	3.9.5
USER	***** PRL Citizen Journey *****	START	1706631595271
REQUEST	XUI_010_Homepage	XUI_010_005_Homepage	1706631595279	1706631595373	OK	 
REQUEST	XUI_010_Homepage	XUI_Common_000_ConfigurationUI	1706631596452	1706631596475	OK	 
REQUEST	XUI_010_Homepage	XUI_Common_000_ConfigJson	1706631596477	1706631596499	OK	 
REQUEST	XUI_010_Homepage	XUI_Common_000_TsAndCs	1706631596499	1706631596519	OK	 
REQUEST	XUI_010_Homepage	XUI_Common_000_ConfigUI	1706631596519	1706631596543	OK	 
REQUEST	XUI_010_Homepage	XUI_Common_000_UserDetails	1706631596544	1706631596701	OK	 
REQUEST	XUI_010_Homepage	XUI_Common_000_IsAuthenticated	1706631596702	1706631596744	OK	 
REQUEST	XUI_010_Homepage	XUI_010_010_AuthLogin	1706631596745	1706631596783	OK	 
REQUEST	XUI_010_Homepage	XUI_010_010_AuthLogin Redirect 1	1706631596785	1706631596852	OK	 
REQUEST	XUI_010_Homepage	XUI_010_010_AuthLogin Redirect 2	1706631596853	1706631596884	OK	 
GROUP	XUI_010_Homepage	1706631595272	1706631597113	1762	OK
REQUEST	XUI_020_Login	XUI_020_005_Login	1706631597116	1706631597223	OK	 
REQUEST	XUI_020_Login	XUI_020_005_Login Redirect 1	1706631597223	1706631597729	OK	 
REQUEST	XUI_020_Login	XUI_020_005_Login Redirect 2	1706631597730	1706631597760	OK	 
REQUEST	XUI_020_Login	XUI_Common_000_ConfigurationUI	1706631598835	1706631598863	OK	 
REQUEST	XUI_020_Login	XUI_Common_000_ConfigJson	1706631598864	1706631598890	OK	 
REQUEST	XUI_020_Login	XUI_Common_000_TsAndCs	1706631598890	1706631598914	OK	 
REQUEST	XUI_020_Login	XUI_Common_000_ConfigUI	1706631598915	1706631598938	OK	 
REQUEST	XUI_020_Login	XUI_Common_000_UserDetails	1706631598939	1706631599096	OK	 
REQUEST	XUI_020_Login	XUI_Common_000_IsAuthenticated	1706631599098	1706631599139	OK	 
REQUEST	XUI_020_Login	XUI_Common_000_MonitoringTools	1706631599141	1706631599191	OK	 
GROUP	XUI_020_Login	1706631597113	1706631599214	2065	OK
REQUEST	XUI_PRL_030_CreateCaseStart	XUI_PRL_030_005_CreateCaseStart	1706631599217	1706631599747	OK	 
GROUP	XUI_PRL_030_CreateCaseStart	1706631599215	1706631599762	530	OK
REQUEST	XUI_PRL_031_Type_Of_Application	XUI_PRL_031_005_Type_Of_Application	1706631599766	1706631600294	OK	 
GROUP	XUI_PRL_031_Type_Of_Application	1706631599762	1706631600294	528	OK
REQUEST	XUI_PRL_032_ApplicationCheckYourAnswers	XUI_PRL_032_005_ApplicationCheckYourAnswers	1706631600295	1706631605290	OK	 
GROUP	XUI_PRL_032_ApplicationCheckYourAnswers	1706631600294	1706631605301	4995	OK
REQUEST	XUI_PRL_033_ApplicationDetails	XUI_PRL_033_005_ApplicationDetails	1706631605301	1706631606517	OK	 
GROUP	XUI_PRL_033_ApplicationDetails	1706631605301	1706631606549	1216	OK
REQUEST	XUI_PRL_034_EnterApplicationDetails	XUI_PRL_034_005_EnterApplicationDetails	1706631606551	1706631606969	OK	 
GROUP	XUI_PRL_034_EnterApplicationDetails	1706631606549	1706631606970	418	OK
REQUEST	XUI_PRL_035_SubmitApplicationDetails	XUI_PRL_035_005_SubmitApplicationDetails	1706631606971	1706631609675	OK	 
GROUP	XUI_PRL_035_SubmitApplicationDetails	1706631606970	1706631609676	2704	OK
REQUEST	XUI_PRL_036_SubmitAndPay	XUI_PRL_036_005_SubmitAndPay	1706631609676	1706631616208	OK	 
GROUP	XUI_PRL_036_SubmitAndPay	1706631609676	1706631616216	6532	OK
REQUEST	XUI_PRL_037_ConfidentialityStatement	XUI_PRL_037_005_ConfidentialityStatement	1706631616216	1706631617016	OK	 
GROUP	XUI_PRL_037_ConfidentialityStatement	1706631616216	1706631617017	800	OK
REQUEST	XUI_PRL_038_Declaration	XUI_PRL_038_005_Declaration	1706631617017	1706631617200	OK	 
GROUP	XUI_PRL_038_Declaration	1706631617017	1706631617200	183	OK
REQUEST	XUI_PRL_039_Continue	XUI_PRL_039_005_Continue	1706631617201	1706631617801	OK	 
GROUP	XUI_PRL_039_Continue	1706631617200	1706631617802	600	OK
REQUEST	XUI_PRL_040_Continue	XUI_PRL_039_005_Continue	1706631617802	1706631623201	OK	 
GROUP	XUI_PRL_040_Continue	1706631617802	1706631623203	5399	OK
REQUEST	XUI_PRL_041_DummyPaymentConfirmation 	XUI_PRL_041_005_DummyPaymentConfirmation 	1706631623204	1706631623970	OK	 
GROUP	XUI_PRL_041_DummyPaymentConfirmation 	1706631623203	1706631623970	766	OK
REQUEST	XUI_PRL_042_PaymentOption	XUI_PRL_042_005_PaymentOption	1706631623971	1706631624799	OK	 
GROUP	XUI_PRL_042_PaymentOption	1706631623970	1706631624800	828	OK
REQUEST	XUI_PRL_043_PaymentOption	XUI_PRL_043_005_PaymentOption	1706631624800	1706631624950	OK	 
REQUEST	XUI_PRL_043_PaymentOption	XUI_PRL_043_005_PaymentOption Redirect 1	1706631624950	1706631625070	OK	 
GROUP	XUI_PRL_043_PaymentOption	1706631624800	1706631625229	414	OK
REQUEST	XUI_PRL_044_CardDetails	XUI_PRL_044_005_CardDetails	1706631625230	1706631625357	OK	 
REQUEST	XUI_PRL_044_CardDetails	XUI_PRL_044_005_CardDetails Redirect 1	1706631625357	1706631625413	OK	 
GROUP	XUI_PRL_044_CardDetails	1706631625229	1706631625416	184	OK
REQUEST	XUI_PRL_045_ConfirmPayment	XUI_PRL_045_005_ConfirmPayment	1706631625417	1706631625479	OK	 
REQUEST	XUI_PRL_045_ConfirmPayment	XUI_PRL_045_005_ConfirmPayment Redirect 1	1706631625480	1706631625516	OK	 
REQUEST	XUI_PRL_045_ConfirmPayment	XUI_PRL_045_005_ConfirmPayment Redirect 2	1706631625521	1706631627977	OK	 
GROUP	XUI_PRL_045_ConfirmPayment	1706631625416	1706631628143	2712	OK
USER	***** PRL Citizen Journey *****	END	1706631628148
