ASSERTION	AAECAAIFAAAAAAAAAFlA
RUN	simulations.PRL_Simulation	prl-simulation	1713460646266	 	3.9.5
USER	***** PRL CUI RA Journey *****	START	1713460647324
REQUEST	PRL_CitizenC100_010_PRLHome	PRL_CitizenC100_010_005_PRLHome	1713460647336	1713460647523	OK	 
REQUEST	PRL_CitizenC100_010_PRLHome	PRL_CitizenC100_010_005_PRLHome Redirect 1	1713460647530	1713460647584	OK	 
REQUEST	PRL_CitizenC100_010_PRLHome	PRL_CitizenC100_010_005_PRLHome Redirect 2	1713460647585	1713460647654	OK	 
REQUEST	PRL_CitizenC100_010_PRLHome	PRL_CitizenC100_010_005_PRLHome Redirect 3	1713460647655	1713460647828	OK	 
GROUP	PRL_CitizenC100_010_PRLHome	1713460647325	1713460648137	740	OK
REQUEST	PRL_CitizenC100_020_Login	PRL_CitizenC100_020_005_Login	1713460648139	1713460648250	OK	 
REQUEST	PRL_CitizenC100_020_Login	PRL_CitizenC100_020_005_Login Redirect 1	1713460648252	1713460648673	OK	 
REQUEST	PRL_CitizenC100_020_Login	PRL_CitizenC100_020_005_Login Redirect 2	1713460648674	1713460650756	OK	 
GROUP	PRL_CitizenC100_020_Login	1713460648138	1713460650974	2825	OK
REQUEST	PRL_CitizenC100_CUIRA_030_SelectCase	PRL_CitizenC100_CUIRA_030_SelectCase	1713460650975	1713460654094	OK	 
REQUEST	PRL_CitizenC100_CUIRA_030_SelectCase	PRL_CitizenC100_CUIRA_030_SelectCase Redirect 1	1713460654095	1713460654284	OK	 
GROUP	PRL_CitizenC100_CUIRA_030_SelectCase	1713460650974	1713460654423	3441	OK
REQUEST	PRL_CitizenC100_CUIRA_030_005_SelectCase	PRL_CitizenC100_CUIRA_030_005_SelectCase	1713460654424	1713460654547	OK	 
GROUP	PRL_CitizenC100_CUIRA_030_005_SelectCase	1713460654423	1713460654650	224	OK
REQUEST	PRL_CitizenC100_CUIRA_040_RAIntro	PRL_CitizenC100_CUIRA_040_RAIntro	1713460654650	1713460655617	OK	 
GROUP	PRL_CitizenC100_CUIRA_040_RAIntro	1713460654650	1713460655772	1117	OK
REQUEST	PRL_CitizenC100_CUIRA_050_RAIntro	PRL_CitizenC100_CUIRA_050_RAIntro	1713460655773	1713460655853	OK	 
REQUEST	PRL_CitizenC100_CUIRA_050_RAIntro	PRL_CitizenC100_CUIRA_050_RAIntro Redirect 1	1713460655854	1713460655918	OK	 
REQUEST	PRL_CitizenC100_CUIRA_050_RAIntro	PRL_CitizenC100_CUIRA_050_RAIntro Redirect 2	1713460655919	1713460656774	KO	substring(Child arrangements - Tell us if you need support - Private law - GOV.UK).find.exists, found nothing
GROUP	PRL_CitizenC100_CUIRA_050_RAIntro	1713460655772	1713460656786	999	KO
USER	***** PRL CUI RA Journey *****	END	1713460656790
