ASSERTION	AAECAAIFAAAAAAAAAFlA
RUN	simulations.PRL_Simulation	prl-simulation	1706630763751	 	3.9.5
USER	***** PRL Citizen Journey *****	START	1706630764286
REQUEST	PRL_Citizen_010_PRLHome	PRL_Citizen_010_005_PRLHome	1706630764307	1706630764458	OK	 
REQUEST	PRL_Citizen_010_PRLHome	PRL_Citizen_010_005_PRLHome Redirect 1	1706630764465	1706630764549	OK	 
REQUEST	PRL_Citizen_010_PRLHome	PRL_Citizen_010_005_PRLHome Redirect 2	1706630764549	1706630764625	OK	 
REQUEST	PRL_Citizen_010_PRLHome	PRL_Citizen_010_005_PRLHome Redirect 3	1706630764626	1706630764726	OK	 
GROUP	PRL_Citizen_010_PRLHome	1706630764287	1706630765024	630	OK
REQUEST	PRL_Citizen_020_Login	PRL_Citizen_020_005_Login	1706630765026	1706630765129	OK	 
REQUEST	PRL_Citizen_020_Login	PRL_Citizen_020_005_Login Redirect 1	1706630765139	1706630765752	OK	 
REQUEST	PRL_Citizen_020_Login	PRL_Citizen_020_005_Login Redirect 2	1706630765754	1706630767673	OK	 
GROUP	PRL_Citizen_020_Login	1706630765024	1706630767874	2824	OK
REQUEST	PRL_Citizen_030_C100StartApplication	PRL_Citizen_030_005_C100StartApplication	1706630767875	1706630768200	OK	 
GROUP	PRL_Citizen_030_C100StartApplication	1706630767875	1706630768278	394	OK
REQUEST	PRL_Citizen_040_StartTheApplicationC100	PRL_Citizen_040_005_StartTheApplicationC100	1706630768278	1706630768720	OK	 
GROUP	PRL_Citizen_040_StartTheApplicationC100	1706630768278	1706630768785	505	OK
REQUEST	PRL_Citizen_041_Dashboard	PRL_Citizen_041_005_Dashboard	1706630768786	1706630768984	OK	 
REQUEST	PRL_Citizen_041_Dashboard	PRL_Citizen_041_005_Dashboard Redirect 1	1706630768984	1706630771179	OK	 
GROUP	PRL_Citizen_041_Dashboard	1706630768785	1706630771435	2649	OK
REQUEST	PRL_Citizen_042_ActivateAccessCode	PRL_Citizen_042_005_ActivateAccessCode	1706630771435	1706630771895	OK	 
GROUP	PRL_Citizen_042_ActivateAccessCode	1706630771435	1706630772057	617	OK
REQUEST	PRL_Citizen_043_CaseAdded	PRL_Citizen_043_005_AccessYourCase	1706630772057	1706630773010	OK	 
REQUEST	PRL_Citizen_043_CaseAdded	PRL_Citizen_043_005_AccessYourCase Redirect 1	1706630773010	1706630773329	KO	substring(Case added to your account).find.exists, found nothing
GROUP	PRL_Citizen_043_CaseAdded	1706630772057	1706630773339	1272	KO
USER	***** PRL Citizen Journey *****	END	1706630773343
