ASSERTION	AAECAAIFAAAAAAAAAFlA
RUN	simulations.PRL_Simulation	prl-simulation	1697546105231	 	3.9.5
USER	***** Private Law Create Case *****	START	1697546105583
REQUEST	XUI_010_Homepage	XUI_010_005_Homepage	1697546105603	1697546105680	OK	 
REQUEST	XUI_010_Homepage	XUI_Common_000_ConfigurationUI	1697546106081	1697546106120	OK	 
REQUEST	XUI_010_Homepage	XUI_Common_000_ConfigJson	1697546106122	1697546106131	OK	 
REQUEST	XUI_010_Homepage	XUI_Common_000_TsAndCs	1697546106132	1697546106189	OK	 
REQUEST	XUI_010_Homepage	XUI_Common_000_ConfigUI	1697546106189	1697546106226	OK	 
REQUEST	XUI_010_Homepage	XUI_Common_000_UserDetails	1697546106227	1697546106274	OK	 
REQUEST	XUI_010_Homepage	XUI_Common_000_IsAuthenticated	1697546106274	1697546106311	OK	 
REQUEST	XUI_010_Homepage	XUI_010_010_AuthLogin	1697546106313	1697546106347	OK	 
REQUEST	XUI_010_Homepage	XUI_010_010_AuthLogin Redirect 1	1697546106349	1697546106415	OK	 
REQUEST	XUI_010_Homepage	XUI_010_010_AuthLogin Redirect 2	1697546106417	1697546106472	OK	 
GROUP	XUI_010_Homepage	1697546105584	1697546106795	1122	OK
REQUEST	XUI_020_Login	XUI_020_005_Login	1697546106801	1697546107268	OK	 
REQUEST	XUI_020_Login	XUI_020_005_Login Redirect 1	1697546107271	1697546107780	OK	 
REQUEST	XUI_020_Login	XUI_020_005_Login Redirect 2	1697546107782	1697546107825	OK	 
REQUEST	XUI_020_Login	XUI_Common_000_ConfigurationUI	1697546108303	1697546108364	OK	 
REQUEST	XUI_020_Login	XUI_Common_000_ConfigJson	1697546108364	1697546108378	OK	 
REQUEST	XUI_020_Login	XUI_Common_000_TsAndCs	1697546108379	1697546108425	OK	 
REQUEST	XUI_020_Login	XUI_Common_000_ConfigUI	1697546108426	1697546108468	OK	 
REQUEST	XUI_020_Login	XUI_Common_000_UserDetails	1697546108468	1697546109213	OK	 
REQUEST	XUI_020_Login	XUI_Common_000_IsAuthenticated	1697546109215	1697546109268	OK	 
REQUEST	XUI_020_Login	XUI_Common_000_MonitoringTools	1697546109271	1697546109326	OK	 
GROUP	XUI_020_Login	1697546106795	1697546109344	2511	OK
REQUEST	XUI_PRL_030_CreateCaseStart	XUI_PRL_030_005_CreateCaseStart	1697546109346	1697546113216	OK	 
GROUP	XUI_PRL_030_CreateCaseStart	1697546109345	1697546113226	3870	OK
REQUEST	XUI_PRL_031_Type_Of_Application	XUI_PRL_031_005_Type_Of_Application	1697546113228	1697546114280	OK	 
GROUP	XUI_PRL_031_Type_Of_Application	1697546113226	1697546114281	1052	OK
REQUEST	XUI_PRL_032_ApplicationCheckYourAnswers	XUI_PRL_032_005_ApplicationCheckYourAnswers	1697546114282	1697546125112	OK	 
GROUP	XUI_PRL_032_ApplicationCheckYourAnswers	1697546114281	1697546125122	10830	OK
REQUEST	XUI_PRL_033_ApplicationDetails	XUI_PRL_033_005_ApplicationDetails	1697546125123	1697546126871	OK	 
GROUP	XUI_PRL_033_ApplicationDetails	1697546125122	1697546126903	1748	OK
REQUEST	XUI_PRL_034_EnterApplicationDetails	XUI_PRL_034_005_EnterApplicationDetails	1697546126905	1697546128057	OK	 
GROUP	XUI_PRL_034_EnterApplicationDetails	1697546126903	1697546128058	1152	OK
REQUEST	XUI_PRL_035_SubmitApplicationDetails	XUI_PRL_035_005_SubmitApplicationDetails	1697546128059	1697546137394	OK	 
GROUP	XUI_PRL_035_SubmitApplicationDetails	1697546128058	1697546137394	9335	OK
REQUEST	XUI_PRL_036_SubmitAndPay	XUI_PRL_036_005_SubmitAndPay	1697546137395	1697546150763	OK	 
GROUP	XUI_PRL_036_SubmitAndPay	1697546137394	1697546150770	13368	OK
REQUEST	XUI_PRL_040_DummyPaymentConfirmation 	XUI_PRL_040_005_DummyPaymentConfirmation 	1697546150771	1697546153757	KO	jsonPath($.event_token).find.exists, found nothing
GROUP	XUI_PRL_040_DummyPaymentConfirmation 	1697546150771	1697546153768	2986	KO
USER	***** Private Law Create Case *****	END	1697546153771
