ASSERTION	AAECAAIFAAAAAAAAAFlA
RUN	simulations.PRL_Simulation	prl-simulation	1704804648926	 	3.9.5
USER	***** PRL Citizen Journey *****	START	1704804649767
REQUEST	XUI_010_Homepage	XUI_010_005_Homepage	1704804649775	1704804650236	OK	 
REQUEST	XUI_010_Homepage	XUI_Common_000_ConfigurationUI	1704804654504	1704804654623	OK	 
REQUEST	XUI_010_Homepage	XUI_Common_000_ConfigJson	1704804654626	1704804654712	OK	 
REQUEST	XUI_010_Homepage	XUI_Common_000_TsAndCs	1704804654713	1704804654805	OK	 
REQUEST	XUI_010_Homepage	XUI_Common_000_ConfigUI	1704804654805	1704804654898	OK	 
REQUEST	XUI_010_Homepage	XUI_Common_000_UserDetails	1704804654899	1704804654994	OK	 
REQUEST	XUI_010_Homepage	XUI_Common_000_IsAuthenticated	1704804654995	1704804655110	OK	 
REQUEST	XUI_010_Homepage	XUI_010_010_AuthLogin	1704804655113	1704804655199	OK	 
REQUEST	XUI_010_Homepage	XUI_010_010_AuthLogin Redirect 1	1704804655204	1704804655588	OK	 
REQUEST	XUI_010_Homepage	XUI_010_010_AuthLogin Redirect 2	1704804655590	1704804655789	OK	 
GROUP	XUI_010_Homepage	1704804649768	1704804656898	6992	OK
REQUEST	XUI_020_Login	XUI_020_005_Login	1704804656906	1704804657106	OK	 
REQUEST	XUI_020_Login	XUI_020_005_Login Redirect 1	1704804657108	1704804658184	OK	 
REQUEST	XUI_020_Login	XUI_020_005_Login Redirect 2	1704804658189	1704804658274	OK	 
REQUEST	XUI_020_Login	XUI_Common_000_ConfigurationUI	1704804661367	1704804661515	OK	 
REQUEST	XUI_020_Login	XUI_Common_000_ConfigJson	1704804661519	1704804661655	OK	 
REQUEST	XUI_020_Login	XUI_Common_000_TsAndCs	1704804661658	1704804661751	OK	 
REQUEST	XUI_020_Login	XUI_Common_000_ConfigUI	1704804661753	1704804661860	OK	 
REQUEST	XUI_020_Login	XUI_Common_000_UserDetails	1704804661862	1704804662862	OK	 
REQUEST	XUI_020_Login	XUI_Common_000_IsAuthenticated	1704804662863	1704804662993	OK	 
REQUEST	XUI_020_Login	XUI_Common_000_MonitoringTools	1704804662995	1704804663135	OK	 
GROUP	XUI_020_Login	1704804656898	1704804663173	6204	OK
REQUEST	XUI_PRL_030_CreateCaseStart	XUI_PRL_030_005_CreateCaseStart	1704804663175	1704804664583	OK	 
GROUP	XUI_PRL_030_CreateCaseStart	1704804663174	1704804664599	1408	OK
REQUEST	XUI_PRL_031_Type_Of_Application	XUI_PRL_031_005_Type_Of_Application	1704804664601	1704804666476	OK	 
GROUP	XUI_PRL_031_Type_Of_Application	1704804664599	1704804666476	1875	OK
REQUEST	XUI_PRL_032_ApplicationCheckYourAnswers	XUI_PRL_032_005_ApplicationCheckYourAnswers	1704804666479	1704804684443	OK	 
GROUP	XUI_PRL_032_ApplicationCheckYourAnswers	1704804666476	1704804684468	17964	OK
REQUEST	XUI_PRL_033_ApplicationDetails	XUI_PRL_033_005_ApplicationDetails	1704804684468	1704804686254	OK	 
GROUP	XUI_PRL_033_ApplicationDetails	1704804684468	1704804686285	1786	OK
REQUEST	XUI_PRL_034_EnterApplicationDetails	XUI_PRL_034_005_EnterApplicationDetails	1704804686285	1704804687766	OK	 
GROUP	XUI_PRL_034_EnterApplicationDetails	1704804686285	1704804687768	1481	OK
REQUEST	XUI_PRL_035_SubmitApplicationDetails	XUI_PRL_035_005_SubmitApplicationDetails	1704804687769	1704804694953	OK	 
GROUP	XUI_PRL_035_SubmitApplicationDetails	1704804687768	1704804694955	7184	OK
REQUEST	XUI_PRL_036_SubmitAndPay	XUI_PRL_036_005_SubmitAndPay	1704804694956	1704804703666	OK	 
GROUP	XUI_PRL_036_SubmitAndPay	1704804694955	1704804703689	8710	OK
REQUEST	XUI_PRL_037_ConfidentialityStatement	XUI_PRL_037_005_ConfidentialityStatement	1704804703690	1704804704294	OK	 
GROUP	XUI_PRL_037_ConfidentialityStatement	1704804703689	1704804704295	604	OK
REQUEST	XUI_PRL_038_Declaration	XUI_PRL_038_005_Declaration	1704804704296	1704804705388	OK	 
GROUP	XUI_PRL_038_Declaration	1704804704295	1704804705389	1092	OK
REQUEST	XUI_PRL_039_Continue	XUI_PRL_039_005_Continue	1704804705391	1704804707273	OK	 
GROUP	XUI_PRL_039_Continue	1704804705390	1704804707275	1882	OK
REQUEST	XUI_PRL_040_Continue	XUI_PRL_039_005_Continue	1704804707276	1704804718611	OK	 
GROUP	XUI_PRL_040_Continue	1704804707275	1704804718622	11335	OK
REQUEST	XUI_PRL_041_DummyPaymentConfirmation 	XUI_PRL_041_005_DummyPaymentConfirmation 	1704804718625	1704804721167	OK	 
GROUP	XUI_PRL_041_DummyPaymentConfirmation 	1704804718622	1704804721168	2542	OK
REQUEST	XUI_PRL_042_PaymentOption	XUI_PRL_042_005_PaymentOption	1704804721169	1704804722424	OK	 
GROUP	XUI_PRL_042_PaymentOption	1704804721168	1704804722428	1255	OK
REQUEST	XUI_PRL_043_PaymentOption	XUI_PRL_043_005_PaymentOption	1704804722429	1704804722838	OK	 
REQUEST	XUI_PRL_043_PaymentOption	XUI_PRL_043_005_PaymentOption Redirect 1	1704804722840	1704804723055	OK	 
GROUP	XUI_PRL_043_PaymentOption	1704804722428	1704804723749	1304	OK
REQUEST	XUI_PRL_044_CardDetails	XUI_PRL_044_005_CardDetails	1704804723751	1704804723942	OK	 
REQUEST	XUI_PRL_044_CardDetails	XUI_PRL_044_005_CardDetails Redirect 1	1704804723943	1704804724075	OK	 
GROUP	XUI_PRL_044_CardDetails	1704804723749	1704804724086	324	OK
REQUEST	XUI_PRL_045_ConfirmPayment	XUI_PRL_045_005_ConfirmPayment	1704804724087	1704804724230	OK	 
REQUEST	XUI_PRL_045_ConfirmPayment	XUI_PRL_045_005_ConfirmPayment Redirect 1	1704804724230	1704804724327	OK	 
REQUEST	XUI_PRL_045_ConfirmPayment	XUI_PRL_045_005_ConfirmPayment Redirect 2	1704804724335	1704804726792	OK	 
GROUP	XUI_PRL_045_ConfirmPayment	1704804724086	1704804727253	3152	OK
REQUEST	XUI_010_Homepage	XUI_010_005_Homepage	1704804727254	1704804727342	OK	 
REQUEST	XUI_010_Homepage	XUI_Common_000_ConfigurationUI	1704804729416	1704804729558	OK	 
REQUEST	XUI_010_Homepage	XUI_Common_000_ConfigJson	1704804729559	1704804729652	OK	 
REQUEST	XUI_010_Homepage	XUI_Common_000_TsAndCs	1704804729655	1704804729759	OK	 
REQUEST	XUI_010_Homepage	XUI_Common_000_ConfigUI	1704804729760	1704804729896	OK	 
REQUEST	XUI_010_Homepage	XUI_Common_000_UserDetails	1704804729898	1704804729989	OK	 
REQUEST	XUI_010_Homepage	XUI_Common_000_IsAuthenticated	1704804729991	1704804730086	OK	 
REQUEST	XUI_010_Homepage	XUI_010_010_AuthLogin	1704804730087	1704804730188	OK	 
REQUEST	XUI_010_Homepage	XUI_010_010_AuthLogin Redirect 1	1704804730189	1704804730499	OK	 
REQUEST	XUI_010_Homepage	XUI_010_010_AuthLogin Redirect 2	1704804730501	1704804730802	OK	 
GROUP	XUI_010_Homepage	1704804727254	1704804731445	4161	OK
REQUEST	XUI_020_Login	XUI_020_005_Login	1704804731446	1704804742841	KO	regex(Manage cases).find.exists, found nothing
GROUP	XUI_020_Login	1704804731445	1704804742849	11395	KO
USER	***** PRL Citizen Journey *****	END	1704804742859
