ASSERTION	AAECAAMFAAAAAAAAAFlA
RUN	simulations.PRL_Simulation	prl-simulation	1689942434687	 	3.3.1
USER	***** Cafcas Full Test *****	1	START	1689942434921	1689942434921
REQUEST	1		CAFCAS_000_Auth	1689942434931	1689942435001	OK	 
REQUEST	1		CAFCAS_000_GetBearerToken	1689942435012	1689942435462	OK	 
REQUEST	1		CafcasAPI_000_searchCasesByDates	1689942435485	1689942438184	OK	 
REQUEST	1		CAFCAS_000_Auth	1689942438187	1689942438198	OK	 
REQUEST	1		CAFCAS_000_GetBearerToken	1689942438201	1689942438363	OK	 
REQUEST	1		CafcasAPI_000_downloadDocument	1689942438366	1689942443491	OK	 
REQUEST	1		CAFCAS_000_Auth	1689942443495	1689942443547	OK	 
REQUEST	1		CAFCAS_000_GetBearerToken	1689942443549	1689942443789	OK	 
REQUEST	1		CafcasAPI_000_downloadDocument	1689942443791	1689942448786	OK	 
REQUEST	1		CAFCAS_000_Auth	1689942448789	1689942448801	OK	 
REQUEST	1		CAFCAS_000_GetBearerToken	1689942448802	1689942448973	OK	 
REQUEST	1		CafcasAPI_000_downloadDocument	1689942448975	1689942454724	OK	 
REQUEST	1		CAFCAS_000_Auth	1689942454730	1689942454746	OK	 
REQUEST	1		CAFCAS_000_GetBearerToken	1689942454748	1689942455001	OK	 
REQUEST	1		CafcasAPI_000_downloadDocument	1689942455004	1689942460840	OK	 
REQUEST	1		CAFCAS_000_Auth	1689942460846	1689942460861	OK	 
REQUEST	1		CAFCAS_000_GetBearerToken	1689942460863	1689942461165	OK	 
REQUEST	1		CafcasAPI_000_downloadDocument	1689942461169	1689942466549	OK	 
REQUEST	1		CAFCAS_000_Auth	1689942466552	1689942466582	OK	 
REQUEST	1		CAFCAS_000_GetBearerToken	1689942466583	1689942466795	OK	 
REQUEST	1		CafcasAPI_000_downloadDocument	1689942466798	1689942473707	OK	 
REQUEST	1		CAFCAS_000_Auth	1689942473708	1689942473733	OK	 
REQUEST	1		CAFCAS_000_GetBearerToken	1689942473734	1689942473946	OK	 
REQUEST	1		CafcasAPI_000_downloadDocument	1689942473948	1689942477564	OK	 
REQUEST	1		CAFCAS_000_Auth	1689942477564	1689942477588	OK	 
REQUEST	1		CAFCAS_000_GetBearerToken	1689942477589	1689942477858	OK	 
REQUEST	1		CafcasAPI_000_downloadDocument	1689942477862	1689942485645	OK	 
REQUEST	1		CAFCAS_000_Auth	1689942485650	1689942485665	OK	 
REQUEST	1		CAFCAS_000_GetBearerToken	1689942485666	1689942488415	OK	 
REQUEST	1		CafcasAPI_000_downloadDocument	1689942488420	1689942493877	OK	 
REQUEST	1		CAFCAS_000_Auth	1689942493884	1689942493897	OK	 
REQUEST	1		CAFCAS_000_GetBearerToken	1689942493899	1689942494243	OK	 
REQUEST	1		CafcasAPI_000_downloadDocument	1689942494248	1689942497049	OK	 
REQUEST	1		CAFCAS_000_Auth	1689942497055	1689942497066	OK	 
REQUEST	1		CAFCAS_000_GetBearerToken	1689942497068	1689942497379	OK	 
REQUEST	1		CafcasAPI_000_downloadDocument	1689942497383	1689942499450	OK	 
REQUEST	1		CAFCAS_000_Auth	1689942499455	1689942499467	OK	 
REQUEST	1		CAFCAS_000_GetBearerToken	1689942499469	1689942499874	OK	 
REQUEST	1		CafcasAPI_000_downloadDocument	1689942499878	1689942503534	OK	 
REQUEST	1		CAFCAS_000_Auth	1689942503542	1689942503560	OK	 
REQUEST	1		CAFCAS_000_GetBearerToken	1689942503563	1689942503788	OK	 
REQUEST	1		CafcasAPI_000_downloadDocument	1689942503791	1689942505979	OK	 
REQUEST	1		CAFCAS_000_Auth	1689942505986	1689942505999	OK	 
REQUEST	1		CAFCAS_000_GetBearerToken	1689942506000	1689942506292	OK	 
REQUEST	1		CafcasAPI_000_downloadDocument	1689942506295	1689942507499	OK	 
REQUEST	1		CAFCAS_000_Auth	1689942507501	1689942507512	OK	 
REQUEST	1		CAFCAS_000_GetBearerToken	1689942507513	1689942507674	OK	 
REQUEST	1		CafcasAPI_000_downloadDocument	1689942507676	1689942514980	OK	 
USER	***** Cafcas Full Test *****	1	END	1689942434921	1689942514992
