ASSERTION	AAECAAIFAAAAAAAAAFlA
RUN	simulations.PRL_Simulation	prl-simulation	1706049321362	 	3.9.5
USER	***** PRL Citizen Journey *****	START	1706049322283
REQUEST	XUI_010_Homepage	XUI_010_005_Homepage	1706049322291	1706049322876	OK	 
REQUEST	XUI_010_Homepage	XUI_Common_000_ConfigurationUI	1706049325450	1706049325485	OK	 
REQUEST	XUI_010_Homepage	XUI_Common_000_ConfigJson	1706049325487	1706049325545	OK	 
REQUEST	XUI_010_Homepage	XUI_Common_000_TsAndCs	1706049325545	1706049325575	OK	 
REQUEST	XUI_010_Homepage	XUI_Common_000_ConfigUI	1706049325576	1706049325613	OK	 
REQUEST	XUI_010_Homepage	XUI_Common_000_UserDetails	1706049325613	1706049325665	OK	 
REQUEST	XUI_010_Homepage	XUI_Common_000_IsAuthenticated	1706049325666	1706049325697	OK	 
REQUEST	XUI_010_Homepage	XUI_010_010_AuthLogin	1706049325698	1706049325746	OK	 
REQUEST	XUI_010_Homepage	XUI_010_010_AuthLogin Redirect 1	1706049325748	1706049325837	OK	 
REQUEST	XUI_010_Homepage	XUI_010_010_AuthLogin Redirect 2	1706049325837	1706049325886	OK	 
GROUP	XUI_010_Homepage	1706049322284	1706049326300	3944	OK
REQUEST	XUI_020_Login	XUI_020_005_Login	1706049326303	1706049326415	OK	 
REQUEST	XUI_020_Login	XUI_020_005_Login Redirect 1	1706049326416	1706049327034	OK	 
REQUEST	XUI_020_Login	XUI_020_005_Login Redirect 2	1706049327036	1706049327076	OK	 
REQUEST	XUI_020_Login	XUI_Common_000_ConfigurationUI	1706049329347	1706049329384	OK	 
REQUEST	XUI_020_Login	XUI_Common_000_ConfigJson	1706049329385	1706049329418	OK	 
REQUEST	XUI_020_Login	XUI_Common_000_TsAndCs	1706049329420	1706049329449	OK	 
REQUEST	XUI_020_Login	XUI_Common_000_ConfigUI	1706049329450	1706049329484	OK	 
REQUEST	XUI_020_Login	XUI_Common_000_UserDetails	1706049329485	1706049330178	OK	 
REQUEST	XUI_020_Login	XUI_Common_000_IsAuthenticated	1706049330180	1706049330233	OK	 
REQUEST	XUI_020_Login	XUI_Common_000_MonitoringTools	1706049330235	1706049330290	OK	 
GROUP	XUI_020_Login	1706049326300	1706049330313	3972	OK
REQUEST	XUI_PRL_030_CreateCaseStart	XUI_PRL_030_005_CreateCaseStart	1706049330319	1706049332809	OK	 
GROUP	XUI_PRL_030_CreateCaseStart	1706049330316	1706049332818	2490	OK
REQUEST	XUI_PRL_031_Type_Of_Application	XUI_PRL_031_005_Type_Of_Application	1706049332821	1706049333589	OK	 
GROUP	XUI_PRL_031_Type_Of_Application	1706049332818	1706049333590	768	OK
REQUEST	XUI_PRL_032_ApplicationCheckYourAnswers	XUI_PRL_032_005_ApplicationCheckYourAnswers	1706049333590	1706049350939	OK	 
GROUP	XUI_PRL_032_ApplicationCheckYourAnswers	1706049333590	1706049350950	17349	OK
REQUEST	XUI_PRL_033_ApplicationDetails	XUI_PRL_033_005_ApplicationDetails	1706049350950	1706049354416	OK	 
GROUP	XUI_PRL_033_ApplicationDetails	1706049350950	1706049354478	3466	OK
REQUEST	XUI_PRL_034_EnterApplicationDetails	XUI_PRL_034_005_EnterApplicationDetails	1706049354479	1706049355337	OK	 
GROUP	XUI_PRL_034_EnterApplicationDetails	1706049354478	1706049355337	858	OK
REQUEST	XUI_PRL_035_SubmitApplicationDetails	XUI_PRL_035_005_SubmitApplicationDetails	1706049355337	1706049363616	OK	 
GROUP	XUI_PRL_035_SubmitApplicationDetails	1706049355337	1706049363617	8279	OK
REQUEST	XUI_PRL_036_SubmitAndPay	XUI_PRL_036_005_SubmitAndPay	1706049363618	1706049374380	OK	 
GROUP	XUI_PRL_036_SubmitAndPay	1706049363617	1706049374388	10762	OK
REQUEST	XUI_PRL_037_ConfidentialityStatement	XUI_PRL_037_005_ConfidentialityStatement	1706049374389	1706049375196	OK	 
GROUP	XUI_PRL_037_ConfidentialityStatement	1706049374388	1706049375197	807	OK
REQUEST	XUI_PRL_038_Declaration	XUI_PRL_038_005_Declaration	1706049375197	1706049375677	OK	 
GROUP	XUI_PRL_038_Declaration	1706049375197	1706049375677	480	OK
REQUEST	XUI_PRL_039_Continue	XUI_PRL_039_005_Continue	1706049375678	1706049377362	OK	 
GROUP	XUI_PRL_039_Continue	1706049375677	1706049377365	1684	OK
REQUEST	XUI_PRL_040_Continue	XUI_PRL_039_005_Continue	1706049377366	1706049387035	OK	 
GROUP	XUI_PRL_040_Continue	1706049377365	1706049387047	9669	OK
REQUEST	XUI_PRL_041_DummyPaymentConfirmation 	XUI_PRL_041_005_DummyPaymentConfirmation 	1706049387047	1706049387761	OK	 
GROUP	XUI_PRL_041_DummyPaymentConfirmation 	1706049387047	1706049387763	714	OK
REQUEST	XUI_PRL_042_PaymentOption	XUI_PRL_042_005_PaymentOption	1706049387766	1706049391154	OK	 
GROUP	XUI_PRL_042_PaymentOption	1706049387763	1706049391160	3388	OK
REQUEST	XUI_PRL_043_PaymentOption	XUI_PRL_043_005_PaymentOption	1706049391162	1706049391393	OK	 
REQUEST	XUI_PRL_043_PaymentOption	XUI_PRL_043_005_PaymentOption Redirect 1	1706049391395	1706049391502	OK	 
GROUP	XUI_PRL_043_PaymentOption	1706049391161	1706049391660	487	OK
REQUEST	XUI_PRL_044_CardDetails	XUI_PRL_044_005_CardDetails	1706049391661	1706049391793	OK	 
REQUEST	XUI_PRL_044_CardDetails	XUI_PRL_044_005_CardDetails Redirect 1	1706049391795	1706049391928	OK	 
GROUP	XUI_PRL_044_CardDetails	1706049391660	1706049391946	266	OK
REQUEST	XUI_PRL_045_ConfirmPayment	XUI_PRL_045_005_ConfirmPayment	1706049391947	1706049392028	OK	 
REQUEST	XUI_PRL_045_ConfirmPayment	XUI_PRL_045_005_ConfirmPayment Redirect 1	1706049392029	1706049392070	OK	 
REQUEST	XUI_PRL_045_ConfirmPayment	XUI_PRL_045_005_ConfirmPayment Redirect 2	1706049392076	1706049395010	OK	 
GROUP	XUI_PRL_045_ConfirmPayment	1706049391946	1706049395814	3850	OK
USER	***** PRL Citizen Journey *****	END	1706049395817
