ASSERTION	AAECAAIFAAAAAAAAAFlA
RUN	simulations.PRL_Simulation	prl-simulation	1704474561695	 	3.9.5
USER	***** PRL Case Flags 2.1 Journey *****	START	1704474562222
REQUEST	XUI_010_Homepage	XUI_010_005_Homepage	1704474562232	1704474562389	OK	 
REQUEST	XUI_010_Homepage	XUI_Common_000_ConfigurationUI	1704474601491	1704474601568	OK	 
REQUEST	XUI_010_Homepage	XUI_Common_000_ConfigJson	1704474601573	1704474601607	OK	 
REQUEST	XUI_010_Homepage	XUI_Common_000_TsAndCs	1704474601609	1704474601648	OK	 
REQUEST	XUI_010_Homepage	XUI_Common_000_ConfigUI	1704474601649	1704474601708	OK	 
REQUEST	XUI_010_Homepage	XUI_Common_000_UserDetails	1704474601711	1704474601761	OK	 
REQUEST	XUI_010_Homepage	XUI_Common_000_IsAuthenticated	1704474601762	1704474601817	OK	 
REQUEST	XUI_010_Homepage	XUI_010_010_AuthLogin	1704474601821	1704474601867	OK	 
REQUEST	XUI_010_Homepage	XUI_010_010_AuthLogin Redirect 1	1704474601874	1704474602156	OK	 
REQUEST	XUI_010_Homepage	XUI_010_010_AuthLogin Redirect 2	1704474602158	1704474602233	OK	 
GROUP	XUI_010_Homepage	1704474562223	1704474604375	42029	OK
REQUEST	XUI_020_Login	XUI_020_005_Login	1704474604378	1704474604929	OK	 
REQUEST	XUI_020_Login	XUI_020_005_Login Redirect 1	1704474604931	1704474607010	OK	 
REQUEST	XUI_020_Login	XUI_020_005_Login Redirect 2	1704474607016	1704474607367	OK	 
REQUEST	XUI_020_Login	XUI_Common_000_ConfigurationUI	1704474634760	1704474634789	OK	 
REQUEST	XUI_020_Login	XUI_Common_000_ConfigJson	1704474634791	1704474634824	OK	 
REQUEST	XUI_020_Login	XUI_Common_000_TsAndCs	1704474634828	1704474634866	OK	 
REQUEST	XUI_020_Login	XUI_Common_000_ConfigUI	1704474634868	1704474634937	OK	 
REQUEST	XUI_020_Login	XUI_Common_000_UserDetails	1704474634940	1704474636476	OK	 
REQUEST	XUI_020_Login	XUI_Common_000_IsAuthenticated	1704474636478	1704474636565	OK	 
REQUEST	XUI_020_Login	XUI_Common_000_MonitoringTools	1704474636568	1704474636629	OK	 
GROUP	XUI_020_Login	1704474604375	1704474636668	32220	OK
REQUEST	XUI_PRL_030_SearchCase	XUI_PRL_030_005_SearchCase	1704474636669	1704474655934	OK	 
GROUP	XUI_PRL_030_SearchCase	1704474636669	1704474656007	19265	OK
REQUEST	XUI_PRL_040_NoticeOfChangeCase	XUI_PRL_040_005_NoticeOfChangeCase	1704474656008	1704474663395	OK	 
GROUP	XUI_PRL_040_NoticeOfChangeCase	1704474656007	1704474663396	7387	OK
REQUEST	XUI_PRL_050_EnterDetails	XUI_PRL_050_005_EnterDetails	1704474663406	1704474671322	KO	status.find.in([200, 209], 304), found 400
GROUP	XUI_PRL_050_EnterDetails	1704474663398	1704474671346	7916	KO
USER	***** PRL Case Flags 2.1 Journey *****	END	1704474671351
