ASSERTION	AAECAAIFAAAAAAAAAFlA
RUN	simulations.PRL_Simulation	prl-simulation	1706800832791	 	3.9.5
USER	***** PRL Citizen Journey *****	START	1706800833277
REQUEST	XUI_010_Homepage	XUI_010_005_Homepage	1706800833286	1706800833422	OK	 
REQUEST	XUI_010_Homepage	XUI_Common_000_ConfigurationUI	1706800834517	1706800834549	OK	 
REQUEST	XUI_010_Homepage	XUI_Common_000_ConfigJson	1706800834551	1706800834577	OK	 
REQUEST	XUI_010_Homepage	XUI_Common_000_TsAndCs	1706800834577	1706800834612	OK	 
REQUEST	XUI_010_Homepage	XUI_Common_000_ConfigUI	1706800834612	1706800834636	OK	 
REQUEST	XUI_010_Homepage	XUI_Common_000_UserDetails	1706800834637	1706800834664	OK	 
REQUEST	XUI_010_Homepage	XUI_Common_000_IsAuthenticated	1706800834665	1706800834696	OK	 
REQUEST	XUI_010_Homepage	XUI_010_010_AuthLogin	1706800834697	1706800834725	OK	 
REQUEST	XUI_010_Homepage	XUI_010_010_AuthLogin Redirect 1	1706800834727	1706800835066	OK	 
REQUEST	XUI_010_Homepage	XUI_010_010_AuthLogin Redirect 2	1706800835067	1706800835157	OK	 
GROUP	XUI_010_Homepage	1706800833278	1706800835417	2050	OK
REQUEST	XUI_020_Login	XUI_020_005_Login	1706800835420	1706800835600	OK	 
REQUEST	XUI_020_Login	XUI_020_005_Login Redirect 1	1706800835600	1706800836542	OK	 
REQUEST	XUI_020_Login	XUI_020_005_Login Redirect 2	1706800836543	1706800836567	OK	 
REQUEST	XUI_020_Login	XUI_Common_000_ConfigurationUI	1706800837598	1706800837629	OK	 
REQUEST	XUI_020_Login	XUI_Common_000_ConfigJson	1706800837630	1706800837659	OK	 
REQUEST	XUI_020_Login	XUI_Common_000_TsAndCs	1706800837659	1706800837685	OK	 
REQUEST	XUI_020_Login	XUI_Common_000_ConfigUI	1706800837686	1706800837726	OK	 
REQUEST	XUI_020_Login	XUI_Common_000_UserDetails	1706800837727	1706800838343	OK	 
REQUEST	XUI_020_Login	XUI_Common_000_IsAuthenticated	1706800838344	1706800838419	OK	 
REQUEST	XUI_020_Login	XUI_Common_000_MonitoringTools	1706800838419	1706800838489	OK	 
GROUP	XUI_020_Login	1706800835417	1706800838510	3061	OK
REQUEST	XUI_010_Homepage	XUI_010_005_Homepage	1706800838512	1706800838532	OK	 
REQUEST	XUI_010_Homepage	XUI_Common_000_ConfigurationUI	1706800839557	1706800839591	OK	 
REQUEST	XUI_010_Homepage	XUI_Common_000_ConfigJson	1706800839592	1706800839623	OK	 
REQUEST	XUI_010_Homepage	XUI_Common_000_TsAndCs	1706800839624	1706800839656	OK	 
REQUEST	XUI_010_Homepage	XUI_Common_000_ConfigUI	1706800839656	1706800839688	OK	 
REQUEST	XUI_010_Homepage	XUI_Common_000_UserDetails	1706800839689	1706800839712	OK	 
REQUEST	XUI_010_Homepage	XUI_Common_000_IsAuthenticated	1706800839712	1706800839741	OK	 
REQUEST	XUI_010_Homepage	XUI_010_010_AuthLogin	1706800839742	1706800839789	OK	 
REQUEST	XUI_010_Homepage	XUI_010_010_AuthLogin Redirect 1	1706800839789	1706800839836	OK	 
REQUEST	XUI_010_Homepage	XUI_010_010_AuthLogin Redirect 2	1706800839836	1706800839937	OK	 
GROUP	XUI_010_Homepage	1706800838512	1706800840096	1573	OK
REQUEST	XUI_020_Login	XUI_020_005_Login	1706800840097	1706800840209	OK	 
REQUEST	XUI_020_Login	XUI_020_005_Login Redirect 1	1706800840212	1706800841251	OK	 
REQUEST	XUI_020_Login	XUI_020_005_Login Redirect 2	1706800841251	1706800841277	OK	 
REQUEST	XUI_020_Login	XUI_Common_000_ConfigurationUI	1706800842306	1706800842338	OK	 
REQUEST	XUI_020_Login	XUI_Common_000_ConfigJson	1706800842338	1706800842373	OK	 
REQUEST	XUI_020_Login	XUI_Common_000_TsAndCs	1706800842373	1706800842426	OK	 
REQUEST	XUI_020_Login	XUI_Common_000_ConfigUI	1706800842426	1706800842449	OK	 
REQUEST	XUI_020_Login	XUI_Common_000_UserDetails	1706800842450	1706800843055	OK	 
REQUEST	XUI_020_Login	XUI_Common_000_IsAuthenticated	1706800843059	1706800843089	OK	 
REQUEST	XUI_020_Login	XUI_Common_000_MonitoringTools	1706800843092	1706800843127	OK	 
GROUP	XUI_020_Login	1706800840097	1706800843129	3019	OK
REQUEST	XUI_PRL_030_TaskTab	XUI_PRL_030_005_SelectIssue	1706800843132	1706800844591	OK	 
GROUP	XUI_PRL_030_TaskTab	1706800843131	1706800844602	1459	OK
REQUEST	XUI_PRL_031_AssignToMe	XUI_PRL_031_005_AssignToMe	1706800844604	1706800845922	OK	 
GROUP	XUI_PRL_031_AssignToMe	1706800844602	1706800845923	1318	OK
REQUEST	XUI_PRL_040_SelectCase	XUI_PRL_040_005_SelectIssue	1706800845927	1706800851657	OK	 
REQUEST	XUI_PRL_040_SelectCase	XUI_Common_000_UserDetails	1706800851661	1706800851701	OK	 
GROUP	XUI_PRL_040_SelectCase	1706800845923	1706800851702	5770	OK
REQUEST	XUI_PRL_050_LocalCourt	XUI_PRL_050_005_LocalCourt	1706800851703	1706800853178	OK	 
REQUEST	XUI_PRL_050_LocalCourt	XUI_Common_000_UserDetails	1706800853179	1706800853213	OK	 
GROUP	XUI_PRL_050_LocalCourt	1706800851702	1706800853213	1509	OK
REQUEST	XUI_PRL_060_LocalCourtSubmit	XUI_PRL_060_005_LocalCourtSubmit	1706800853214	1706800880988	OK	 
REQUEST	XUI_PRL_060_LocalCourtSubmit	XUI_Common_000_UserDetails	1706800880992	1706800881031	OK	 
GROUP	XUI_PRL_060_LocalCourtSubmit	1706800853213	1706800881031	27813	OK
REQUEST	XUI_PRL_070_SendToGateKeeper	XUI_PRL_070_005_SendToGateKeeper	1706800881032	1706800884354	OK	 
REQUEST	XUI_PRL_070_SendToGateKeeper	XUI_Common_000_UserDetails	1706800884365	1706800884570	OK	 
GROUP	XUI_PRL_070_SendToGateKeeper	1706800881031	1706800884573	3527	OK
REQUEST	XUI_PRL_080_AddGateKeeper	XUI_PRL_080_005_AddGateKeeper	1706800884574	1706800885143	OK	 
GROUP	XUI_PRL_080_AddGateKeeper	1706800884573	1706800885145	569	OK
REQUEST	XUI_PRL_090_GateKeeperSubmit	XUI_PRL_090_005_GateKeeperSubmit	1706800885146	1706800886011	OK	 
GROUP	XUI_PRL_090_GateKeeperSubmit	1706800885145	1706800886013	865	OK
REQUEST	XUI_PRL_180_ServiceOfApplication	XUI_PRL_180_005_ServiceOfApplication	1706800886014	1706800887109	OK	 
REQUEST	XUI_PRL_180_ServiceOfApplication	XUI_Common_000_UserDetails	1706800887126	1706800887158	OK	 
GROUP	XUI_PRL_180_ServiceOfApplication	1706800886013	1706800887159	1127	OK
REQUEST	XUI_PRL_190_PD36QUpload	XUI_PRL_190_005_PD36QUpload	1706800887167	1706800888136	OK	 
GROUP	XUI_PRL_190_PD36QUpload	1706800887159	1706800888142	969	OK
REQUEST	XUI_PRL_200_SpecialArrangementsUpload	XUI_PRL_200_005_SpecialArrangementsUpload	1706800888144	1706800889202	OK	 
GROUP	XUI_PRL_200_SpecialArrangementsUpload	1706800888142	1706800889205	1058	OK
REQUEST	XUI_PRL_210_AdditionalDocumentsUpload	XUI_PRL_210_005_AdditionalDocumentsUpload	1706800889207	1706800890061	OK	 
GROUP	XUI_PRL_210_AdditionalDocumentsUpload	1706800889205	1706800890064	854	OK
REQUEST	XUI_PRL_220_DocumentUpload	XUI_PRL_220_005_DocumentUpload	1706800890064	1706800891188	OK	 
GROUP	XUI_PRL_220_DocumentUpload	1706800890064	1706800891189	1124	OK
REQUEST	XUI_PRL_230_PersonallyServed	XUI_PRL_230_005_PersonallyServed	1706800891190	1706800892345	OK	 
GROUP	XUI_PRL_230_PersonallyServed	1706800891189	1706800892347	1155	OK
USER	***** PRL Citizen Journey *****	END	1706800892355
