ASSERTION	AAECAAIFAAAAAAAAAFlA
RUN	simulations.PRL_Simulation	prl-simulation	1706053079239	 	3.9.5
USER	***** PRL Case Flags 2.1 Journey *****	START	1706053080711
REQUEST	XUI_010_Homepage	XUI_010_005_Homepage	1706053080723	1706053080867	OK	 
REQUEST	XUI_010_Homepage	XUI_Common_000_ConfigurationUI	1706053083079	1706053083113	OK	 
REQUEST	XUI_010_Homepage	XUI_Common_000_ConfigJson	1706053083118	1706053083145	OK	 
REQUEST	XUI_010_Homepage	XUI_Common_000_TsAndCs	1706053083149	1706053083181	OK	 
REQUEST	XUI_010_Homepage	XUI_Common_000_ConfigUI	1706053083182	1706053083216	OK	 
REQUEST	XUI_010_Homepage	XUI_Common_000_UserDetails	1706053083217	1706053083255	OK	 
REQUEST	XUI_010_Homepage	XUI_Common_000_IsAuthenticated	1706053083256	1706053083303	OK	 
REQUEST	XUI_010_Homepage	XUI_010_010_AuthLogin	1706053083306	1706053083343	OK	 
REQUEST	XUI_010_Homepage	XUI_010_010_AuthLogin Redirect 1	1706053083348	1706053083591	OK	 
REQUEST	XUI_010_Homepage	XUI_010_010_AuthLogin Redirect 2	1706053083592	1706053083666	OK	 
GROUP	XUI_010_Homepage	1706053080714	1706053083951	3127	OK
REQUEST	XUI_020_Login	XUI_020_005_Login	1706053083954	1706053106819	OK	 
REQUEST	XUI_020_Login	XUI_020_005_Login Redirect 1	1706053106820	1706053113696	OK	 
REQUEST	XUI_020_Login	XUI_020_005_Login Redirect 2	1706053113697	1706053113728	OK	 
REQUEST	XUI_020_Login	XUI_Common_000_ConfigurationUI	1706053116006	1706053116079	OK	 
REQUEST	XUI_020_Login	XUI_Common_000_ConfigJson	1706053116080	1706053116122	OK	 
REQUEST	XUI_020_Login	XUI_Common_000_TsAndCs	1706053116122	1706053116156	OK	 
REQUEST	XUI_020_Login	XUI_Common_000_ConfigUI	1706053116157	1706053116191	OK	 
REQUEST	XUI_020_Login	XUI_Common_000_UserDetails	1706053116192	1706053128719	OK	 
REQUEST	XUI_020_Login	XUI_Common_000_IsAuthenticated	1706053128721	1706053128777	OK	 
REQUEST	XUI_020_Login	XUI_Common_000_MonitoringTools	1706053128778	1706053128835	OK	 
GROUP	XUI_020_Login	1706053083952	1706053128856	44869	OK
REQUEST	XUI_PRL_031_SelectCase	XUI_PRL_031_005_SelectCase	1706053128857	1706053139113	OK	 
GROUP	XUI_PRL_031_SelectCase	1706053128857	1706053139114	10256	OK
REQUEST	XUI_PRL_032_SelectApplication	XUI_PRL_032_005_SelectApplication	1706053139115	1706053139271	OK	 
REQUEST	XUI_PRL_032_SelectApplication	XUI_PRL_032_010_SelectApplication	1706053139273	1706053149879	OK	 
GROUP	XUI_PRL_032_SelectApplication	1706053139114	1706053149917	10762	OK
REQUEST	XUI_PRL_033_SelectSupport	XUI_PRL_033_005_SelectSupport	1706053149918	1706053149970	OK	 
GROUP	XUI_PRL_033_SelectSupport	1706053149917	1706053149971	52	OK
REQUEST	XUI_PRL_034_SelectCaseDocuments	XUI_PRL_034_005_SelectCaseDocuments	1706053149971	1706053150044	OK	 
GROUP	XUI_PRL_034_SelectCaseDocuments	1706053149971	1706053150045	73	OK
REQUEST	XUI_PRL_035_SelectHistory	XUI_PRL_035_005_SelectHistory	1706053150045	1706053150119	OK	 
GROUP	XUI_PRL_035_SelectHistory	1706053150045	1706053150119	74	OK
REQUEST	XUI_PRL_036_SelectServiceRequest	XUI_PRL_036_005_SelectServiceRequest	1706053150119	1706053150191	OK	 
REQUEST	XUI_PRL_036_SelectServiceRequest	XUI_PRL_036_010_SelectServiceRequest	1706053150192	1706053164481	OK	 
GROUP	XUI_PRL_036_SelectServiceRequest	1706053150119	1706053164481	14361	OK
USER	***** PRL Case Flags 2.1 Journey *****	END	1706053164491
