ASSERTION	AAECAAMFAAAAAAAAAFlA
RUN	simulations.XUI_Simulation	xui-simulation	1686564581005	 	3.3.1
USER	***** Private Law Create Case *****	1	START	1686564581307	1686564581307
REQUEST	1	XUI_010_Homepage	XUI_010_005_Homepage	1686564581318	1686564581388	OK	 
REQUEST	1	XUI_010_Homepage	XUI_Common_000_ConfigurationUI	1686564581413	1686564581555	OK	 
REQUEST	1	XUI_010_Homepage	XUI_Common_000_ConfigJson	1686564581559	1686564581597	OK	 
REQUEST	1	XUI_010_Homepage	XUI_Common_000_TsAndCs	1686564581599	1686564581654	OK	 
REQUEST	1	XUI_010_Homepage	XUI_Common_000_ConfigUI	1686564581655	1686564581710	OK	 
REQUEST	1	XUI_010_Homepage	XUI_Common_000_UserDetails	1686564581711	1686564581819	OK	 
REQUEST	1	XUI_010_Homepage	XUI_Common_000_IsAuthenticated	1686564581820	1686564582123	OK	 
REQUEST	1	XUI_010_Homepage	XUI_010_010_AuthLogin	1686564582125	1686564582481	OK	 
REQUEST	1	XUI_010_Homepage	XUI_010_010_AuthLogin Redirect 1	1686564582483	1686564582606	OK	 
REQUEST	1	XUI_010_Homepage	XUI_010_010_AuthLogin Redirect 2	1686564582607	1686564582723	OK	 
GROUP	1	XUI_010_Homepage	1686564581311	1686564585286	3894	OK
REQUEST	1	XUI_020_Login	XUI_020_005_Login	1686564585289	1686564585548	OK	 
REQUEST	1	XUI_020_Login	XUI_020_005_Login Redirect 1	1686564585549	1686564585901	OK	 
REQUEST	1	XUI_020_Login	XUI_020_005_Login Redirect 2	1686564585902	1686564585973	OK	 
REQUEST	1	XUI_020_Login	XUI_Common_000_ConfigurationUI	1686564622612	1686564622906	OK	 
REQUEST	1	XUI_020_Login	XUI_Common_000_ConfigJson	1686564622907	1686564623029	OK	 
REQUEST	1	XUI_020_Login	XUI_Common_000_TsAndCs	1686564623030	1686564623084	OK	 
REQUEST	1	XUI_020_Login	XUI_Common_000_ConfigUI	1686564623085	1686564623179	OK	 
REQUEST	1	XUI_020_Login	XUI_Common_000_UserDetails	1686564623180	1686564624048	OK	 
REQUEST	1	XUI_020_Login	XUI_Common_000_IsAuthenticated	1686564624049	1686564624305	OK	 
REQUEST	1	XUI_020_Login	XUI_Common_000_MonitoringTools	1686564624306	1686564624666	OK	 
GROUP	1	XUI_020_Login	1686564585287	1686564624683	39365	OK
REQUEST	1	XUI_PRL_C100_030_CreateCase	XUI_PRL_C100_030_CreateCase	1686564624692	1686564624886	KO	substring(PRIVATELAW).find.exists, found nothing
GROUP	1	XUI_PRL_C100_030_CreateCase	1686564624684	1686564624888	194	KO
USER	***** Private Law Create Case *****	1	END	1686564581307	1686564624892
