ASSERTION	AAECAAIFAAAAAAAAAFlA
RUN	simulations.PRL_Simulation	prl-simulation	1702994066898	 	3.9.5
USER	***** PRL Case Flags 2.1 Journey *****	START	1702994067538
REQUEST	XUI_010_Homepage	XUI_010_005_Homepage	1702994067547	1702994067707	OK	 
REQUEST	XUI_010_Homepage	XUI_Common_000_ConfigurationUI	1702994083101	1702994083133	OK	 
REQUEST	XUI_010_Homepage	XUI_Common_000_ConfigJson	1702994083136	1702994083174	OK	 
REQUEST	XUI_010_Homepage	XUI_Common_000_TsAndCs	1702994083176	1702994083217	OK	 
REQUEST	XUI_010_Homepage	XUI_Common_000_ConfigUI	1702994083219	1702994083359	OK	 
REQUEST	XUI_010_Homepage	XUI_Common_000_UserDetails	1702994083360	1702994083392	OK	 
REQUEST	XUI_010_Homepage	XUI_Common_000_IsAuthenticated	1702994083394	1702994083426	OK	 
REQUEST	XUI_010_Homepage	XUI_010_010_AuthLogin	1702994083429	1702994083477	OK	 
REQUEST	XUI_010_Homepage	XUI_010_010_AuthLogin Redirect 1	1702994083480	1702994083602	OK	 
REQUEST	XUI_010_Homepage	XUI_010_010_AuthLogin Redirect 2	1702994083605	1702994083693	OK	 
GROUP	XUI_010_Homepage	1702994067539	1702994084530	16894	OK
REQUEST	XUI_020_Login	XUI_020_005_Login	1702994084535	1702994084642	OK	 
REQUEST	XUI_020_Login	XUI_020_005_Login Redirect 1	1702994084643	1702994085328	OK	 
REQUEST	XUI_020_Login	XUI_020_005_Login Redirect 2	1702994085332	1702994085383	OK	 
REQUEST	XUI_020_Login	XUI_Common_000_ConfigurationUI	1702994099866	1702994099915	OK	 
REQUEST	XUI_020_Login	XUI_Common_000_ConfigJson	1702994099917	1702994099967	OK	 
REQUEST	XUI_020_Login	XUI_Common_000_TsAndCs	1702994099969	1702994100026	OK	 
REQUEST	XUI_020_Login	XUI_Common_000_ConfigUI	1702994100028	1702994100061	OK	 
REQUEST	XUI_020_Login	XUI_Common_000_UserDetails	1702994100062	1702994100716	OK	 
REQUEST	XUI_020_Login	XUI_Common_000_IsAuthenticated	1702994100717	1702994100758	OK	 
REQUEST	XUI_020_Login	XUI_Common_000_MonitoringTools	1702994100759	1702994100809	OK	 
GROUP	XUI_020_Login	1702994084530	1702994100831	16257	OK
REQUEST	XUI_PRL_030_CreateCaseStart	XUI_PRL_030_005_CreateCaseStart	1702994100835	1702994102304	OK	 
GROUP	XUI_PRL_030_CreateCaseStart	1702994100832	1702994102317	1469	OK
REQUEST	XUI_PRL_031_Type_Of_Application	XUI_PRL_031_005_Type_Of_Application	1702994102320	1702994103340	OK	 
GROUP	XUI_PRL_031_Type_Of_Application	1702994102317	1702994103341	1020	OK
REQUEST	XUI_PRL_032_ApplicationCheckYourAnswers	XUI_PRL_032_005_ApplicationCheckYourAnswers	1702994103343	1702994116537	OK	 
GROUP	XUI_PRL_032_ApplicationCheckYourAnswers	1702994103341	1702994116548	13194	OK
REQUEST	XUI_PRL_033_ApplicationDetails	XUI_PRL_033_005_ApplicationDetails	1702994116548	1702994122186	OK	 
GROUP	XUI_PRL_033_ApplicationDetails	1702994116548	1702994122225	5638	OK
REQUEST	XUI_PRL_034_EnterApplicationDetails	XUI_PRL_034_005_EnterApplicationDetails	1702994122226	1702994123410	OK	 
GROUP	XUI_PRL_034_EnterApplicationDetails	1702994122225	1702994123411	1184	OK
REQUEST	XUI_PRL_035_SubmitApplicationDetails	XUI_PRL_035_005_SubmitApplicationDetails	1702994123413	1702994130124	OK	 
GROUP	XUI_PRL_035_SubmitApplicationDetails	1702994123411	1702994130126	6711	OK
REQUEST	XUI_PRL_036_SubmitAndPay	XUI_PRL_036_005_SubmitAndPay	1702994130127	1702994136888	OK	 
GROUP	XUI_PRL_036_SubmitAndPay	1702994130126	1702994136900	6761	OK
REQUEST	XUI_PRL_037_ConfidentialityStatement	XUI_PRL_037_005_ConfidentialityStatement	1702994136900	1702994137656	OK	 
GROUP	XUI_PRL_037_ConfidentialityStatement	1702994136900	1702994137657	756	OK
REQUEST	XUI_PRL_038_Declaration	XUI_PRL_038_005_Declaration	1702994137657	1702994138362	OK	 
GROUP	XUI_PRL_038_Declaration	1702994137657	1702994138363	705	OK
REQUEST	XUI_PRL_039_Continue	XUI_PRL_039_005_Continue	1702994138364	1702994139767	OK	 
GROUP	XUI_PRL_039_Continue	1702994138363	1702994139770	1403	OK
REQUEST	XUI_PRL_040_Continue	XUI_PRL_039_005_Continue	1702994139770	1702994150756	OK	 
GROUP	XUI_PRL_040_Continue	1702994139770	1702994150758	10986	OK
REQUEST	XUI_PRL_041_DummyPaymentConfirmation 	XUI_PRL_041_005_DummyPaymentConfirmation 	1702994150759	1702994153126	OK	 
GROUP	XUI_PRL_041_DummyPaymentConfirmation 	1702994150758	1702994153127	2367	OK
REQUEST	XUI_PRL_042_PaymentOption	XUI_PRL_042_005_PaymentOption	1702994153128	1702994154014	OK	 
GROUP	XUI_PRL_042_PaymentOption	1702994153127	1702994154017	886	OK
REQUEST	XUI_PRL_043_PaymentOption	XUI_PRL_043_005_PaymentOption	1702994154018	1702994154136	OK	 
REQUEST	XUI_PRL_043_PaymentOption	XUI_PRL_043_005_PaymentOption Redirect 1	1702994154138	1702994154215	OK	 
GROUP	XUI_PRL_043_PaymentOption	1702994154017	1702994154366	338	OK
REQUEST	XUI_PRL_044_CardDetails	XUI_PRL_044_005_CardDetails	1702994154367	1702994154514	OK	 
REQUEST	XUI_PRL_044_CardDetails	XUI_PRL_044_005_CardDetails Redirect 1	1702994154514	1702994154555	OK	 
GROUP	XUI_PRL_044_CardDetails	1702994154366	1702994154559	189	OK
REQUEST	XUI_PRL_045_ConfirmPayment	XUI_PRL_045_005_ConfirmPayment	1702994154559	1702994154625	OK	 
REQUEST	XUI_PRL_045_ConfirmPayment	XUI_PRL_045_005_ConfirmPayment Redirect 1	1702994154626	1702994154662	OK	 
REQUEST	XUI_PRL_045_ConfirmPayment	XUI_PRL_045_005_ConfirmPayment Redirect 2	1702994154667	1702994156762	OK	 
GROUP	XUI_PRL_045_ConfirmPayment	1702994154559	1702994157311	2743	OK
REQUEST	XUI_PRL_030_CreateCaseStart	XUI_PRL_030_005_CreateCaseStart	1702994157312	1702994158672	OK	 
GROUP	XUI_PRL_030_CreateCaseStart	1702994157311	1702994158673	1360	OK
REQUEST	XUI_PRL_031_Type_Of_Application	XUI_PRL_031_005_Type_Of_Application	1702994158673	1702994159426	OK	 
GROUP	XUI_PRL_031_Type_Of_Application	1702994158673	1702994159426	753	OK
REQUEST	XUI_PRL_032_ApplicationCheckYourAnswers	XUI_PRL_032_005_ApplicationCheckYourAnswers	1702994159427	1702994170487	OK	 
GROUP	XUI_PRL_032_ApplicationCheckYourAnswers	1702994159426	1702994170488	11060	OK
REQUEST	XUI_PRL_033_ApplicationDetails	XUI_PRL_033_005_ApplicationDetails	1702994170488	1702994179923	OK	 
GROUP	XUI_PRL_033_ApplicationDetails	1702994170488	1702994179942	9435	OK
REQUEST	XUI_PRL_034_EnterApplicationDetails	XUI_PRL_034_005_EnterApplicationDetails	1702994179942	1702994180578	OK	 
GROUP	XUI_PRL_034_EnterApplicationDetails	1702994179942	1702994180579	636	OK
REQUEST	XUI_PRL_035_SubmitApplicationDetails	XUI_PRL_035_005_SubmitApplicationDetails	1702994180581	1702994186147	OK	 
GROUP	XUI_PRL_035_SubmitApplicationDetails	1702994180579	1702994186148	5566	OK
REQUEST	XUI_PRL_036_SubmitAndPay	XUI_PRL_036_005_SubmitAndPay	1702994186149	1702994192296	OK	 
GROUP	XUI_PRL_036_SubmitAndPay	1702994186148	1702994192299	6147	OK
REQUEST	XUI_PRL_037_ConfidentialityStatement	XUI_PRL_037_005_ConfidentialityStatement	1702994192300	1702994192905	OK	 
GROUP	XUI_PRL_037_ConfidentialityStatement	1702994192299	1702994192906	605	OK
REQUEST	XUI_PRL_038_Declaration	XUI_PRL_038_005_Declaration	1702994192908	1702994193724	OK	 
GROUP	XUI_PRL_038_Declaration	1702994192906	1702994193725	816	OK
REQUEST	XUI_PRL_039_Continue	XUI_PRL_039_005_Continue	1702994193726	1702994196537	OK	 
GROUP	XUI_PRL_039_Continue	1702994193725	1702994196539	2811	OK
REQUEST	XUI_PRL_040_Continue	XUI_PRL_039_005_Continue	1702994196541	1702994203679	OK	 
GROUP	XUI_PRL_040_Continue	1702994196539	1702994203684	7138	OK
REQUEST	XUI_PRL_041_DummyPaymentConfirmation 	XUI_PRL_041_005_DummyPaymentConfirmation 	1702994203684	1702994204478	OK	 
GROUP	XUI_PRL_041_DummyPaymentConfirmation 	1702994203684	1702994204479	794	OK
REQUEST	XUI_PRL_042_PaymentOption	XUI_PRL_042_005_PaymentOption	1702994204479	1702994204986	OK	 
GROUP	XUI_PRL_042_PaymentOption	1702994204479	1702994204988	507	OK
REQUEST	XUI_PRL_043_PaymentOption	XUI_PRL_043_005_PaymentOption	1702994204988	1702994205036	OK	 
REQUEST	XUI_PRL_043_PaymentOption	XUI_PRL_043_005_PaymentOption Redirect 1	1702994205037	1702994205118	OK	 
GROUP	XUI_PRL_043_PaymentOption	1702994204988	1702994205124	130	OK
REQUEST	XUI_PRL_044_CardDetails	XUI_PRL_044_005_CardDetails	1702994205124	1702994205227	OK	 
REQUEST	XUI_PRL_044_CardDetails	XUI_PRL_044_005_CardDetails Redirect 1	1702994205228	1702994205291	OK	 
GROUP	XUI_PRL_044_CardDetails	1702994205124	1702994205296	167	OK
REQUEST	XUI_PRL_045_ConfirmPayment	XUI_PRL_045_005_ConfirmPayment	1702994205296	1702994205418	OK	 
REQUEST	XUI_PRL_045_ConfirmPayment	XUI_PRL_045_005_ConfirmPayment Redirect 1	1702994205420	1702994205462	OK	 
REQUEST	XUI_PRL_045_ConfirmPayment	XUI_PRL_045_005_ConfirmPayment Redirect 2	1702994205463	1702994207132	OK	 
GROUP	XUI_PRL_045_ConfirmPayment	1702994205296	1702994208254	2949	OK
REQUEST	XUI_PRL_030_CreateCaseStart	XUI_PRL_030_005_CreateCaseStart	1702994208255	1702994208914	OK	 
GROUP	XUI_PRL_030_CreateCaseStart	1702994208254	1702994208916	659	OK
REQUEST	XUI_PRL_031_Type_Of_Application	XUI_PRL_031_005_Type_Of_Application	1702994208916	1702994209743	OK	 
GROUP	XUI_PRL_031_Type_Of_Application	1702994208916	1702994209743	827	OK
REQUEST	XUI_PRL_032_ApplicationCheckYourAnswers	XUI_PRL_032_005_ApplicationCheckYourAnswers	1702994209744	1702994221504	OK	 
GROUP	XUI_PRL_032_ApplicationCheckYourAnswers	1702994209743	1702994221511	11760	OK
REQUEST	XUI_PRL_033_ApplicationDetails	XUI_PRL_033_005_ApplicationDetails	1702994221512	1702994226690	OK	 
GROUP	XUI_PRL_033_ApplicationDetails	1702994221511	1702994226707	5178	OK
REQUEST	XUI_PRL_034_EnterApplicationDetails	XUI_PRL_034_005_EnterApplicationDetails	1702994226707	1702994227293	OK	 
GROUP	XUI_PRL_034_EnterApplicationDetails	1702994226707	1702994227294	586	OK
REQUEST	XUI_PRL_035_SubmitApplicationDetails	XUI_PRL_035_005_SubmitApplicationDetails	1702994227295	1702994232855	OK	 
GROUP	XUI_PRL_035_SubmitApplicationDetails	1702994227294	1702994232857	5560	OK
REQUEST	XUI_PRL_036_SubmitAndPay	XUI_PRL_036_005_SubmitAndPay	1702994232858	1702994239353	OK	 
GROUP	XUI_PRL_036_SubmitAndPay	1702994232857	1702994239357	6495	OK
REQUEST	XUI_PRL_037_ConfidentialityStatement	XUI_PRL_037_005_ConfidentialityStatement	1702994239358	1702994240070	OK	 
GROUP	XUI_PRL_037_ConfidentialityStatement	1702994239357	1702994240071	712	OK
REQUEST	XUI_PRL_038_Declaration	XUI_PRL_038_005_Declaration	1702994240072	1702994240725	OK	 
GROUP	XUI_PRL_038_Declaration	1702994240071	1702994240726	653	OK
REQUEST	XUI_PRL_039_Continue	XUI_PRL_039_005_Continue	1702994240727	1702994241713	OK	 
GROUP	XUI_PRL_039_Continue	1702994240726	1702994241714	986	OK
REQUEST	XUI_PRL_040_Continue	XUI_PRL_039_005_Continue	1702994241715	1702994251912	OK	 
GROUP	XUI_PRL_040_Continue	1702994241714	1702994251916	10197	OK
REQUEST	XUI_PRL_041_DummyPaymentConfirmation 	XUI_PRL_041_005_DummyPaymentConfirmation 	1702994251917	1702994252978	OK	 
GROUP	XUI_PRL_041_DummyPaymentConfirmation 	1702994251916	1702994252979	1061	OK
REQUEST	XUI_PRL_042_PaymentOption	XUI_PRL_042_005_PaymentOption	1702994252980	1702994253818	OK	 
GROUP	XUI_PRL_042_PaymentOption	1702994252979	1702994253820	838	OK
REQUEST	XUI_PRL_043_PaymentOption	XUI_PRL_043_005_PaymentOption	1702994253820	1702994253908	OK	 
REQUEST	XUI_PRL_043_PaymentOption	XUI_PRL_043_005_PaymentOption Redirect 1	1702994253909	1702994254089	OK	 
GROUP	XUI_PRL_043_PaymentOption	1702994253820	1702994254096	269	OK
REQUEST	XUI_PRL_044_CardDetails	XUI_PRL_044_005_CardDetails	1702994254096	1702994254263	OK	 
REQUEST	XUI_PRL_044_CardDetails	XUI_PRL_044_005_CardDetails Redirect 1	1702994254264	1702994254449	OK	 
GROUP	XUI_PRL_044_CardDetails	1702994254096	1702994254453	353	OK
REQUEST	XUI_PRL_045_ConfirmPayment	XUI_PRL_045_005_ConfirmPayment	1702994254453	1702994254601	OK	 
REQUEST	XUI_PRL_045_ConfirmPayment	XUI_PRL_045_005_ConfirmPayment Redirect 1	1702994254602	1702994254643	OK	 
REQUEST	XUI_PRL_045_ConfirmPayment	XUI_PRL_045_005_ConfirmPayment Redirect 2	1702994254645	1702994256408	OK	 
GROUP	XUI_PRL_045_ConfirmPayment	1702994254453	1702994256877	2416	OK
REQUEST	XUI_PRL_030_CreateCaseStart	XUI_PRL_030_005_CreateCaseStart	1702994256878	1702994257569	OK	 
GROUP	XUI_PRL_030_CreateCaseStart	1702994256877	1702994257570	691	OK
REQUEST	XUI_PRL_031_Type_Of_Application	XUI_PRL_031_005_Type_Of_Application	1702994257571	1702994258132	OK	 
GROUP	XUI_PRL_031_Type_Of_Application	1702994257570	1702994258133	561	OK
REQUEST	XUI_PRL_032_ApplicationCheckYourAnswers	XUI_PRL_032_005_ApplicationCheckYourAnswers	1702994258133	1702994268548	OK	 
GROUP	XUI_PRL_032_ApplicationCheckYourAnswers	1702994258133	1702994268550	10415	OK
REQUEST	XUI_PRL_033_ApplicationDetails	XUI_PRL_033_005_ApplicationDetails	1702994268550	1702994273309	OK	 
GROUP	XUI_PRL_033_ApplicationDetails	1702994268550	1702994273324	4759	OK
REQUEST	XUI_PRL_034_EnterApplicationDetails	XUI_PRL_034_005_EnterApplicationDetails	1702994273325	1702994274051	OK	 
GROUP	XUI_PRL_034_EnterApplicationDetails	1702994273324	1702994274052	726	OK
REQUEST	XUI_PRL_035_SubmitApplicationDetails	XUI_PRL_035_005_SubmitApplicationDetails	1702994274054	1702994279521	OK	 
GROUP	XUI_PRL_035_SubmitApplicationDetails	1702994274052	1702994279523	5467	OK
REQUEST	XUI_PRL_036_SubmitAndPay	XUI_PRL_036_005_SubmitAndPay	1702994279525	1702994285415	OK	 
GROUP	XUI_PRL_036_SubmitAndPay	1702994279523	1702994285418	5890	OK
REQUEST	XUI_PRL_037_ConfidentialityStatement	XUI_PRL_037_005_ConfidentialityStatement	1702994285418	1702994285987	OK	 
GROUP	XUI_PRL_037_ConfidentialityStatement	1702994285418	1702994285988	569	OK
REQUEST	XUI_PRL_038_Declaration	XUI_PRL_038_005_Declaration	1702994285989	1702994286500	OK	 
GROUP	XUI_PRL_038_Declaration	1702994285988	1702994286501	511	OK
REQUEST	XUI_PRL_039_Continue	XUI_PRL_039_005_Continue	1702994286502	1702994287973	OK	 
GROUP	XUI_PRL_039_Continue	1702994286501	1702994287974	1471	OK
REQUEST	XUI_PRL_040_Continue	XUI_PRL_039_005_Continue	1702994287975	1702994295885	OK	 
GROUP	XUI_PRL_040_Continue	1702994287974	1702994295888	7910	OK
REQUEST	XUI_PRL_041_DummyPaymentConfirmation 	XUI_PRL_041_005_DummyPaymentConfirmation 	1702994295888	1702994296625	OK	 
GROUP	XUI_PRL_041_DummyPaymentConfirmation 	1702994295888	1702994296626	737	OK
REQUEST	XUI_PRL_042_PaymentOption	XUI_PRL_042_005_PaymentOption	1702994296626	1702994297458	OK	 
GROUP	XUI_PRL_042_PaymentOption	1702994296626	1702994297459	832	OK
REQUEST	XUI_PRL_043_PaymentOption	XUI_PRL_043_005_PaymentOption	1702994297460	1702994297506	OK	 
REQUEST	XUI_PRL_043_PaymentOption	XUI_PRL_043_005_PaymentOption Redirect 1	1702994297507	1702994297575	OK	 
GROUP	XUI_PRL_043_PaymentOption	1702994297459	1702994297580	115	OK
REQUEST	XUI_PRL_044_CardDetails	XUI_PRL_044_005_CardDetails	1702994297580	1702994297707	OK	 
REQUEST	XUI_PRL_044_CardDetails	XUI_PRL_044_005_CardDetails Redirect 1	1702994297708	1702994297763	OK	 
GROUP	XUI_PRL_044_CardDetails	1702994297580	1702994297765	183	OK
REQUEST	XUI_PRL_045_ConfirmPayment	XUI_PRL_045_005_ConfirmPayment	1702994297765	1702994297832	OK	 
REQUEST	XUI_PRL_045_ConfirmPayment	XUI_PRL_045_005_ConfirmPayment Redirect 1	1702994297832	1702994297873	OK	 
REQUEST	XUI_PRL_045_ConfirmPayment	XUI_PRL_045_005_ConfirmPayment Redirect 2	1702994297873	1702994299602	OK	 
GROUP	XUI_PRL_045_ConfirmPayment	1702994297765	1702994300128	2358	OK
REQUEST	XUI_PRL_030_CreateCaseStart	XUI_PRL_030_005_CreateCaseStart	1702994300129	1702994300915	OK	 
GROUP	XUI_PRL_030_CreateCaseStart	1702994300128	1702994300917	786	OK
REQUEST	XUI_PRL_031_Type_Of_Application	XUI_PRL_031_005_Type_Of_Application	1702994300918	1702994301502	OK	 
GROUP	XUI_PRL_031_Type_Of_Application	1702994300917	1702994301503	584	OK
REQUEST	XUI_PRL_032_ApplicationCheckYourAnswers	XUI_PRL_032_005_ApplicationCheckYourAnswers	1702994301504	1702994308253	OK	 
GROUP	XUI_PRL_032_ApplicationCheckYourAnswers	1702994301503	1702994308257	6749	OK
REQUEST	XUI_PRL_033_ApplicationDetails	XUI_PRL_033_005_ApplicationDetails	1702994308258	1702994314461	OK	 
GROUP	XUI_PRL_033_ApplicationDetails	1702994308257	1702994314478	6203	OK
REQUEST	XUI_PRL_034_EnterApplicationDetails	XUI_PRL_034_005_EnterApplicationDetails	1702994314479	1702994315279	OK	 
GROUP	XUI_PRL_034_EnterApplicationDetails	1702994314478	1702994315279	800	OK
REQUEST	XUI_PRL_035_SubmitApplicationDetails	XUI_PRL_035_005_SubmitApplicationDetails	1702994315280	1702994321220	OK	 
GROUP	XUI_PRL_035_SubmitApplicationDetails	1702994315279	1702994321222	5940	OK
REQUEST	XUI_PRL_036_SubmitAndPay	XUI_PRL_036_005_SubmitAndPay	1702994321223	1702994327197	OK	 
GROUP	XUI_PRL_036_SubmitAndPay	1702994321222	1702994327201	5974	OK
REQUEST	XUI_PRL_037_ConfidentialityStatement	XUI_PRL_037_005_ConfidentialityStatement	1702994327201	1702994327870	OK	 
GROUP	XUI_PRL_037_ConfidentialityStatement	1702994327201	1702994327871	669	OK
REQUEST	XUI_PRL_038_Declaration	XUI_PRL_038_005_Declaration	1702994327871	1702994328444	OK	 
GROUP	XUI_PRL_038_Declaration	1702994327871	1702994328445	573	OK
REQUEST	XUI_PRL_039_Continue	XUI_PRL_039_005_Continue	1702994328446	1702994330461	OK	 
GROUP	XUI_PRL_039_Continue	1702994328445	1702994330463	2015	OK
REQUEST	XUI_PRL_040_Continue	XUI_PRL_039_005_Continue	1702994330464	1702994338412	OK	 
GROUP	XUI_PRL_040_Continue	1702994330463	1702994338416	7948	OK
REQUEST	XUI_PRL_041_DummyPaymentConfirmation 	XUI_PRL_041_005_DummyPaymentConfirmation 	1702994338416	1702994339748	OK	 
GROUP	XUI_PRL_041_DummyPaymentConfirmation 	1702994338416	1702994339749	1332	OK
REQUEST	XUI_PRL_042_PaymentOption	XUI_PRL_042_005_PaymentOption	1702994339750	1702994340320	OK	 
GROUP	XUI_PRL_042_PaymentOption	1702994339749	1702994340322	570	OK
REQUEST	XUI_PRL_043_PaymentOption	XUI_PRL_043_005_PaymentOption	1702994340323	1702994340375	OK	 
REQUEST	XUI_PRL_043_PaymentOption	XUI_PRL_043_005_PaymentOption Redirect 1	1702994340376	1702994340441	OK	 
GROUP	XUI_PRL_043_PaymentOption	1702994340322	1702994340446	118	OK
REQUEST	XUI_PRL_044_CardDetails	XUI_PRL_044_005_CardDetails	1702994340446	1702994340570	OK	 
REQUEST	XUI_PRL_044_CardDetails	XUI_PRL_044_005_CardDetails Redirect 1	1702994340571	1702994340618	OK	 
GROUP	XUI_PRL_044_CardDetails	1702994340446	1702994340621	172	OK
REQUEST	XUI_PRL_045_ConfirmPayment	XUI_PRL_045_005_ConfirmPayment	1702994340622	1702994340691	OK	 
REQUEST	XUI_PRL_045_ConfirmPayment	XUI_PRL_045_005_ConfirmPayment Redirect 1	1702994340692	1702994340727	OK	 
REQUEST	XUI_PRL_045_ConfirmPayment	XUI_PRL_045_005_ConfirmPayment Redirect 2	1702994340728	1702994342631	OK	 
GROUP	XUI_PRL_045_ConfirmPayment	1702994340621	1702994343554	2925	OK
REQUEST	XUI_PRL_030_CreateCaseStart	XUI_PRL_030_005_CreateCaseStart	1702994343555	1702994344268	OK	 
GROUP	XUI_PRL_030_CreateCaseStart	1702994343554	1702994344270	713	OK
REQUEST	XUI_PRL_031_Type_Of_Application	XUI_PRL_031_005_Type_Of_Application	1702994344270	1702994344868	OK	 
GROUP	XUI_PRL_031_Type_Of_Application	1702994344270	1702994344868	598	OK
REQUEST	XUI_PRL_032_ApplicationCheckYourAnswers	XUI_PRL_032_005_ApplicationCheckYourAnswers	1702994344869	1702994352621	OK	 
GROUP	XUI_PRL_032_ApplicationCheckYourAnswers	1702994344868	1702994352626	7752	OK
REQUEST	XUI_PRL_033_ApplicationDetails	XUI_PRL_033_005_ApplicationDetails	1702994352627	1702994357517	OK	 
GROUP	XUI_PRL_033_ApplicationDetails	1702994352626	1702994357535	4890	OK
REQUEST	XUI_PRL_034_EnterApplicationDetails	XUI_PRL_034_005_EnterApplicationDetails	1702994357536	1702994358129	OK	 
GROUP	XUI_PRL_034_EnterApplicationDetails	1702994357535	1702994358130	593	OK
REQUEST	XUI_PRL_035_SubmitApplicationDetails	XUI_PRL_035_005_SubmitApplicationDetails	1702994358131	1702994364678	OK	 
GROUP	XUI_PRL_035_SubmitApplicationDetails	1702994358130	1702994364680	6547	OK
REQUEST	XUI_PRL_036_SubmitAndPay	XUI_PRL_036_005_SubmitAndPay	1702994364681	1702994368773	OK	 
GROUP	XUI_PRL_036_SubmitAndPay	1702994364680	1702994368774	4092	OK
REQUEST	XUI_PRL_037_ConfidentialityStatement	XUI_PRL_037_005_ConfidentialityStatement	1702994368774	1702994369444	OK	 
GROUP	XUI_PRL_037_ConfidentialityStatement	1702994368774	1702994369445	670	OK
REQUEST	XUI_PRL_038_Declaration	XUI_PRL_038_005_Declaration	1702994369446	1702994370046	OK	 
GROUP	XUI_PRL_038_Declaration	1702994369445	1702994370047	600	OK
REQUEST	XUI_PRL_039_Continue	XUI_PRL_039_005_Continue	1702994370048	1702994371173	OK	 
GROUP	XUI_PRL_039_Continue	1702994370047	1702994371175	1125	OK
REQUEST	XUI_PRL_040_Continue	XUI_PRL_039_005_Continue	1702994371176	1702994380181	OK	 
GROUP	XUI_PRL_040_Continue	1702994371175	1702994380185	9005	OK
REQUEST	XUI_PRL_041_DummyPaymentConfirmation 	XUI_PRL_041_005_DummyPaymentConfirmation 	1702994380185	1702994381733	OK	 
GROUP	XUI_PRL_041_DummyPaymentConfirmation 	1702994380185	1702994381734	1548	OK
REQUEST	XUI_PRL_042_PaymentOption	XUI_PRL_042_005_PaymentOption	1702994381735	1702994382508	OK	 
GROUP	XUI_PRL_042_PaymentOption	1702994381734	1702994382509	773	OK
REQUEST	XUI_PRL_043_PaymentOption	XUI_PRL_043_005_PaymentOption	1702994382510	1702994382603	OK	 
REQUEST	XUI_PRL_043_PaymentOption	XUI_PRL_043_005_PaymentOption Redirect 1	1702994382604	1702994382732	OK	 
GROUP	XUI_PRL_043_PaymentOption	1702994382509	1702994382737	222	OK
REQUEST	XUI_PRL_044_CardDetails	XUI_PRL_044_005_CardDetails	1702994382738	1702994383062	OK	 
REQUEST	XUI_PRL_044_CardDetails	XUI_PRL_044_005_CardDetails Redirect 1	1702994383063	1702994383117	OK	 
GROUP	XUI_PRL_044_CardDetails	1702994382737	1702994383119	379	OK
REQUEST	XUI_PRL_045_ConfirmPayment	XUI_PRL_045_005_ConfirmPayment	1702994383119	1702994383197	OK	 
REQUEST	XUI_PRL_045_ConfirmPayment	XUI_PRL_045_005_ConfirmPayment Redirect 1	1702994383197	1702994383228	OK	 
REQUEST	XUI_PRL_045_ConfirmPayment	XUI_PRL_045_005_ConfirmPayment Redirect 2	1702994383228	1702994385300	OK	 
GROUP	XUI_PRL_045_ConfirmPayment	1702994383119	1702994386278	3154	OK
REQUEST	XUI_PRL_030_CreateCaseStart	XUI_PRL_030_005_CreateCaseStart	1702994386279	1702994387215	OK	 
GROUP	XUI_PRL_030_CreateCaseStart	1702994386278	1702994387217	936	OK
REQUEST	XUI_PRL_031_Type_Of_Application	XUI_PRL_031_005_Type_Of_Application	1702994387218	1702994387749	OK	 
GROUP	XUI_PRL_031_Type_Of_Application	1702994387217	1702994387750	531	OK
REQUEST	XUI_PRL_032_ApplicationCheckYourAnswers	XUI_PRL_032_005_ApplicationCheckYourAnswers	1702994387750	1702994397659	OK	 
GROUP	XUI_PRL_032_ApplicationCheckYourAnswers	1702994387750	1702994397661	9909	OK
REQUEST	XUI_PRL_033_ApplicationDetails	XUI_PRL_033_005_ApplicationDetails	1702994397661	1702994402579	OK	 
GROUP	XUI_PRL_033_ApplicationDetails	1702994397661	1702994402602	4918	OK
REQUEST	XUI_PRL_034_EnterApplicationDetails	XUI_PRL_034_005_EnterApplicationDetails	1702994402602	1702994403099	OK	 
GROUP	XUI_PRL_034_EnterApplicationDetails	1702994402602	1702994403103	497	OK
REQUEST	XUI_PRL_035_SubmitApplicationDetails	XUI_PRL_035_005_SubmitApplicationDetails	1702994403103	1702994411310	OK	 
GROUP	XUI_PRL_035_SubmitApplicationDetails	1702994403103	1702994411312	8207	OK
REQUEST	XUI_PRL_036_SubmitAndPay	XUI_PRL_036_005_SubmitAndPay	1702994411313	1702994411632	KO	status.find.in([200, 209], 304), found 500
GROUP	XUI_PRL_036_SubmitAndPay	1702994411312	1702994411637	319	KO
USER	***** PRL Case Flags 2.1 Journey *****	END	1702994411641
