ASSERTION	AAECAAMFAAAAAAAAAFlA
RUN	simulations.XUI_Simulation	xui-simulation	1678809417214	 	3.3.1
USER	***** Private Law Create Case *****	1	START	1678809418208	1678809418208
REQUEST	1	PRL_CitizenC100_010_PRLHome	PRL_CitizenC100_010_005_PRLHome	1678809418244	1678809418357	OK	 
REQUEST	1	PRL_CitizenC100_010_PRLHome	PRL_CitizenC100_010_005_PRLHome Redirect 1	1678809418395	1678809418478	OK	 
REQUEST	1	PRL_CitizenC100_010_PRLHome	PRL_CitizenC100_010_005_PRLHome Redirect 2	1678809418482	1678809418670	OK	 
GROUP	1	PRL_CitizenC100_010_PRLHome	1678809418219	1678809418980	556	OK
REQUEST	1	PRL_CitizenC100_020_Login	PRL_CitizenC100_020_005_Login	1678809418990	1678809419506	OK	 
REQUEST	1	PRL_CitizenC100_020_Login	PRL_CitizenC100_020_005_Login Redirect 1	1678809419516	1678809420192	OK	 
REQUEST	1	PRL_CitizenC100_020_Login	PRL_CitizenC100_020_005_Login Redirect 2	1678809420197	1678809424317	OK	 
GROUP	1	PRL_CitizenC100_020_Login	1678809418980	1678809424482	5457	OK
REQUEST	1	PRL_CitizenC100_030_StartApplication	PRL_CitizenC100_030_005_StartApplication	1678809424484	1678809424531	OK	 
GROUP	1	PRL_CitizenC100_030_StartApplication	1678809424483	1678809424582	78	OK
REQUEST	1	PRL_CitizenC100_040_WhatYouWillNeed	PRL_CitizenC100_040_005_WhatYouWillNeed	1678809424583	1678809435001	OK	 
REQUEST	1	PRL_CitizenC100_040_WhatYouWillNeed	PRL_CitizenC100_040_005_WhatYouWillNeed Redirect 1	1678809435006	1678809435067	OK	 
GROUP	1	PRL_CitizenC100_040_WhatYouWillNeed	1678809424583	1678809435162	10546	OK
REQUEST	1	PRL_CitizenC100_050_CaseName	PRL_CitizenC100_050_005_CaseName	1678809435162	1678809435199	OK	 
REQUEST	1	PRL_CitizenC100_050_CaseName	PRL_CitizenC100_050_005_CaseName Redirect 1	1678809435202	1678809435241	OK	 
GROUP	1	PRL_CitizenC100_050_CaseName	1678809435162	1678809435331	156	OK
REQUEST	1	PRL_CitizenC100_060_ChildrenPostCode	PRL_CitizenC100_060_005_ChildrenPostCode	1678809435333	1678809435365	OK	 
REQUEST	1	PRL_CitizenC100_060_ChildrenPostCode	PRL_CitizenC100_060_005_ChildrenPostCode Redirect 1	1678809435367	1678809435430	OK	 
GROUP	1	PRL_CitizenC100_060_ChildrenPostCode	1678809435331	1678809435497	148	OK
REQUEST	1	PRL_CitizenC100_070_WrittenAgreement	PRL_CitizenC100_070_005_WrittenAgreement	1678809435498	1678809435543	OK	 
REQUEST	1	PRL_CitizenC100_070_WrittenAgreement	PRL_CitizenC100_070_005_WrittenAgreement Redirect 1	1678809435544	1678809435598	OK	 
GROUP	1	PRL_CitizenC100_070_WrittenAgreement	1678809435498	1678809435653	149	OK
REQUEST	1	PRL_CitizenC100_080_BeforeCourt	PRL_CitizenC100_080_005_BeforeCourt	1678809435655	1678809435704	OK	 
REQUEST	1	PRL_CitizenC100_080_BeforeCourt	PRL_CitizenC100_080_005_BeforeCourt Redirect 1	1678809435709	1678809435742	OK	 
GROUP	1	PRL_CitizenC100_080_BeforeCourt	1678809435653	1678809435793	125	OK
REQUEST	1	PRL_CitizenC100_090_ReachAgreement	PRL_CitizenC100_090_005_ReachAgreement	1678809435794	1678809435824	OK	 
REQUEST	1	PRL_CitizenC100_090_ReachAgreement	PRL_CitizenC100_090_005_ReachAgreement Redirect 1	1678809435826	1678809435860	OK	 
GROUP	1	PRL_CitizenC100_090_ReachAgreement	1678809435793	1678809435919	115	OK
REQUEST	1	PRL_CitizenC100_100_LegalRep	PRL_CitizenC100_100_005_LegalRep	1678809435920	1678809435953	OK	 
REQUEST	1	PRL_CitizenC100_100_LegalRep	PRL_CitizenC100_100_005_LegalRep Redirect 1	1678809435954	1678809435984	OK	 
GROUP	1	PRL_CitizenC100_100_LegalRep	1678809435919	1678809436038	112	OK
REQUEST	1	PRL_CitizenC100_110_PermissionFromCourt	PRL_CitizenC100_110_005_PermissionFromCourt	1678809436039	1678809436068	OK	 
REQUEST	1	PRL_CitizenC100_110_PermissionFromCourt	PRL_CitizenC100_110_005_PermissionFromCourt Redirect 1	1678809436070	1678809436104	OK	 
GROUP	1	PRL_CitizenC100_110_PermissionFromCourt	1678809436038	1678809436159	112	OK
REQUEST	1	PRL_CitizenC100_120_WhyPermissionFromCourt	PRL_CitizenC100_120_005_WhyPermissionFromCourt	1678809436162	1678809436194	OK	 
REQUEST	1	PRL_CitizenC100_120_WhyPermissionFromCourt	PRL_CitizenC100_120_005_WhyPermissionFromCourt Redirect 1	1678809436196	1678809436224	OK	 
GROUP	1	PRL_CitizenC100_120_WhyPermissionFromCourt	1678809436159	1678809436279	109	OK
REQUEST	1	PRL_CitizenC100_130_WhyCourtShouldGrant	PRL_CitizenC100_130_005_WhyCourtShouldGrant	1678809436279	1678809436311	OK	 
REQUEST	1	PRL_CitizenC100_130_WhyCourtShouldGrant	PRL_CitizenC100_130_005_WhyCourtShouldGrant Redirect 1	1678809436312	1678809436344	OK	 
GROUP	1	PRL_CitizenC100_130_WhyCourtShouldGrant	1678809436279	1678809436403	117	OK
REQUEST	1	PRL_CitizenC100_140_InvolvedInEmergencyProtection	PRL_CitizenC100_140_005_InvolvedInEmergencyProtection	1678809436404	1678809436434	OK	 
REQUEST	1	PRL_CitizenC100_140_InvolvedInEmergencyProtection	PRL_CitizenC100_140_005_InvolvedInEmergencyProtection Redirect 1	1678809436435	1678809436462	OK	 
GROUP	1	PRL_CitizenC100_140_InvolvedInEmergencyProtection	1678809436403	1678809436513	103	OK
REQUEST	1	PRL_CitizenC100_150_AttendingMIAM	PRL_CitizenC100_150_005_AttendingMIAM	1678809436513	1678809436542	OK	 
REQUEST	1	PRL_CitizenC100_150_AttendingMIAM	PRL_CitizenC100_150_005_AttendingMIAM Redirect 1	1678809436543	1678809436571	OK	 
GROUP	1	PRL_CitizenC100_150_AttendingMIAM	1678809436513	1678809436619	102	OK
REQUEST	1	PRL_CitizenC100_160_AttendedMIAM	PRL_CitizenC100_160_005_AttendedMIAM	1678809436620	1678809436649	OK	 
REQUEST	1	PRL_CitizenC100_160_AttendedMIAM	PRL_CitizenC100_160_005_AttendedMIAM Redirect 1	1678809436651	1678809436696	OK	 
GROUP	1	PRL_CitizenC100_160_AttendedMIAM	1678809436619	1678809436749	121	OK
REQUEST	1	PRL_CitizenC100_170_DocumentSigned	PRL_CitizenC100_170_005_DocumentSigned	1678809436750	1678809436778	OK	 
REQUEST	1	PRL_CitizenC100_170_DocumentSigned	PRL_CitizenC100_170_005_DocumentSigned Redirect 1	1678809436780	1678809436813	OK	 
GROUP	1	PRL_CitizenC100_170_DocumentSigned	1678809436749	1678809436867	109	OK
REQUEST	1	PRL_CitizenC100_180_MIAMUpload	PRL_CitizenC100_180_005_MIAMUpload	1678809436907	1678809438141	OK	 
REQUEST	1	PRL_CitizenC100_180_MIAMUpload	PRL_CitizenC100_180_005_MIAMUpload Redirect 1	1678809438145	1678809438180	OK	 
GROUP	1	PRL_CitizenC100_180_MIAMUpload	1678809436868	1678809438247	1332	OK
REQUEST	1	PRL_CitizenC100_190_MIAMUploadSubmit	PRL_CitizenC100_190_005_MIAMUploadSubmit	1678809438249	1678809438965	OK	 
REQUEST	1	PRL_CitizenC100_190_MIAMUploadSubmit	PRL_CitizenC100_190_005_MIAMUploadSubmit Redirect 1	1678809438969	1678809439014	OK	 
REQUEST	1	PRL_CitizenC100_190_MIAMUploadSubmit	PRL_CitizenC100_190_005_MIAMUploadSubmit Redirect 2	1678809439020	1678809439054	OK	 
GROUP	1	PRL_CitizenC100_190_MIAMUploadSubmit	1678809438247	1678809439201	935	OK
REQUEST	1	PRL_CitizenC100_200_MIAMUploadContinue	PRL_CitizenC100_200_005_MIAMUploadContinue	1678809439203	1678809439235	OK	 
REQUEST	1	PRL_CitizenC100_200_MIAMUploadContinue	PRL_CitizenC100_200_005_MIAMUploadContinue Redirect 1	1678809439236	1678809439276	OK	 
GROUP	1	PRL_CitizenC100_200_MIAMUploadContinue	1678809439201	1678809439316	108	OK
REQUEST	1	PRL_CitizenC100_210_AskingCourtToDo	PRL_CitizenC100_210_005_AskingCourtToDo	1678809439318	1678809439348	OK	 
REQUEST	1	PRL_CitizenC100_210_AskingCourtToDo	PRL_CitizenC100_210_005_AskingCourtToDo Redirect 1	1678809439350	1678809439383	OK	 
GROUP	1	PRL_CitizenC100_210_AskingCourtToDo	1678809439316	1678809439443	118	OK
REQUEST	1	PRL_CitizenC100_220_WouldLikeCourtTo	PRL_CitizenC100_220_005_WouldLikeCourtTo	1678809439443	1678809439472	OK	 
REQUEST	1	PRL_CitizenC100_220_WouldLikeCourtTo	PRL_CitizenC100_220_005_WouldLikeCourtTo Redirect 1	1678809439473	1678809439501	OK	 
GROUP	1	PRL_CitizenC100_220_WouldLikeCourtTo	1678809439443	1678809439558	108	OK
REQUEST	1	PRL_CitizenC100_230_DescribeWhatCourt	PRL_CitizenC100_230_005_DescribeWhatCourt	1678809439560	1678809439589	OK	 
REQUEST	1	PRL_CitizenC100_230_DescribeWhatCourt	PRL_CitizenC100_230_005_DescribeWhatCourt Redirect 1	1678809439590	1678809439618	OK	 
GROUP	1	PRL_CitizenC100_230_DescribeWhatCourt	1678809439558	1678809439669	103	OK
REQUEST	1	PRL_CitizenC100_240_UrgentFirstHearing	PRL_CitizenC100_240_005_UrgentFirstHearing	1678809439669	1678809439703	OK	 
REQUEST	1	PRL_CitizenC100_240_UrgentFirstHearing	PRL_CitizenC100_240_005_UrgentFirstHearing Redirect 1	1678809439707	1678809439767	OK	 
GROUP	1	PRL_CitizenC100_240_UrgentFirstHearing	1678809439669	1678809439834	150	OK
REQUEST	1	PRL_CitizenC100_250_UrgentHearingDetails	PRL_CitizenC100_250_005_UrgentHearingDetails	1678809439835	1678809439868	OK	 
REQUEST	1	PRL_CitizenC100_250_UrgentHearingDetails	PRL_CitizenC100_250_005_UrgentHearingDetails Redirect 1	1678809439870	1678809439900	OK	 
GROUP	1	PRL_CitizenC100_250_UrgentHearingDetails	1678809439834	1678809439968	125	OK
REQUEST	1	PRL_CitizenC100_260_AskingForWithoutNotice	PRL_CitizenC100_260_005_AskingForWithoutNotice	1678809439968	1678809439997	OK	 
REQUEST	1	PRL_CitizenC100_260_AskingForWithoutNotice	PRL_CitizenC100_260_005_AskingForWithoutNotice Redirect 1	1678809439999	1678809440027	OK	 
GROUP	1	PRL_CitizenC100_260_AskingForWithoutNotice	1678809439968	1678809440092	119	OK
REQUEST	1	PRL_CitizenC100_270_WithoutNoticeDetails	PRL_CitizenC100_270_005_WithoutNoticeDetails	1678809440093	1678809440128	OK	 
REQUEST	1	PRL_CitizenC100_270_WithoutNoticeDetails	PRL_CitizenC100_270_005_WithoutNoticeDetails Redirect 1	1678809440130	1678809440172	OK	 
GROUP	1	PRL_CitizenC100_270_WithoutNoticeDetails	1678809440092	1678809440226	127	OK
REQUEST	1	PRL_CitizenC100_280_ChildrenName	PRL_CitizenC100_280_005_ChildrenName	1678809440228	1678809440256	OK	 
GROUP	1	PRL_CitizenC100_280_ChildrenName	1678809440226	1678809440268	28	OK
REQUEST	1	PRL_CitizenC100_285_ChildrenNameRedirect	PRL_CitizenC100_280_005_ChildrenName	1678809440268	1678809440321	OK	 
GROUP	1	PRL_CitizenC100_285_ChildrenNameRedirect	1678809440268	1678809440391	110	OK
REQUEST	1	PRL_CitizenC100_290_ChildDetails	PRL_CitizenC100_290_005_ChildDetails	1678809440392	1678809440424	OK	 
REQUEST	1	PRL_CitizenC100_290_ChildDetails	PRL_CitizenC100_290_005_ChildDetails Redirect 1	1678809440427	1678809440459	OK	 
GROUP	1	PRL_CitizenC100_290_ChildDetails	1678809440392	1678809440515	113	OK
REQUEST	1	PRL_CitizenC100_300_WhichDecision	PRL_CitizenC100_300_005_WhichDecision	1678809440516	1678809440544	OK	 
REQUEST	1	PRL_CitizenC100_300_WhichDecision	PRL_CitizenC100_300_005_WhichDecision Redirect 1	1678809440545	1678809440595	OK	 
GROUP	1	PRL_CitizenC100_300_WhichDecision	1678809440516	1678809440645	125	OK
REQUEST	1	PRL_CitizenC100_310_ParentalResponsibility	PRL_CitizenC100_310_005_ParentalResponsibility	1678809440646	1678809440678	OK	 
REQUEST	1	PRL_CitizenC100_310_ParentalResponsibility	PRL_CitizenC100_310_005_ParentalResponsibility Redirect 1	1678809440679	1678809440720	OK	 
GROUP	1	PRL_CitizenC100_310_ParentalResponsibility	1678809440645	1678809440769	120	OK
REQUEST	1	PRL_CitizenC100_320_FurtherInformation	PRL_CitizenC100_320_005_FurtherInformation	1678809440771	1678809440804	OK	 
REQUEST	1	PRL_CitizenC100_320_FurtherInformation	PRL_CitizenC100_320_005_FurtherInformation Redirect 1	1678809440806	1678809440838	OK	 
GROUP	1	PRL_CitizenC100_320_FurtherInformation	1678809440770	1678809440902	118	OK
REQUEST	1	PRL_CitizenC100_330_OtherChildren	PRL_CitizenC100_330_005_OtherChildren	1678809440904	1678809440953	OK	 
REQUEST	1	PRL_CitizenC100_330_OtherChildren	PRL_CitizenC100_330_005_OtherChildren Redirect 1	1678809440955	1678809441063	OK	 
GROUP	1	PRL_CitizenC100_330_OtherChildren	1678809440903	1678809441119	205	OK
REQUEST	1	PRL_CitizenC100_340_EnterYourName	PRL_CitizenC100_340_005_EnterYourName	1678809441120	1678809441165	OK	 
GROUP	1	PRL_CitizenC100_340_EnterYourName	1678809441119	1678809441167	45	OK
REQUEST	1	PRL_CitizenC100_345_EnterYourNameRedirect	PRL_CitizenC100_340_005_EnterYourName	1678809441169	1678809441218	OK	 
GROUP	1	PRL_CitizenC100_345_EnterYourNameRedirect	1678809441167	1678809441274	100	OK
REQUEST	1	PRL_CitizenC100_350_KnowContactDetails	PRL_CitizenC100_350_005_KnowContactDetails	1678809441276	1678809441310	OK	 
REQUEST	1	PRL_CitizenC100_350_KnowContactDetails	PRL_CitizenC100_350_005_KnowContactDetails Redirect 1	1678809441312	1678809441362	OK	 
GROUP	1	PRL_CitizenC100_350_KnowContactDetails	1678809441274	1678809441424	141	OK
REQUEST	1	PRL_CitizenC100_360_KeepDetailsPrivate	PRL_CitizenC100_360_005_KeepDetailsPrivate	1678809441424	1678809441469	OK	 
REQUEST	1	PRL_CitizenC100_360_KeepDetailsPrivate	PRL_CitizenC100_360_005_KeepDetailsPrivate Redirect 1	1678809441471	1678809441519	OK	 
GROUP	1	PRL_CitizenC100_360_KeepDetailsPrivate	1678809441424	1678809441570	141	OK
REQUEST	1	PRL_CitizenC100_370_KeepDetailsPrivateContinue	PRL_CitizenC100_370_005_KeepDetailsPrivateContinue	1678809441571	1678809441601	OK	 
REQUEST	1	PRL_CitizenC100_370_KeepDetailsPrivateContinue	PRL_CitizenC100_370_005_KeepDetailsPrivateContinue Redirect 1	1678809441605	1678809441660	OK	 
GROUP	1	PRL_CitizenC100_370_KeepDetailsPrivateContinue	1678809441570	1678809441728	148	OK
REQUEST	1	PRL_CitizenC100_380_ApplicantDetails	PRL_CitizenC100_380_005_ApplicantDetails	1678809441729	1678809441760	OK	 
REQUEST	1	PRL_CitizenC100_380_ApplicantDetails	PRL_CitizenC100_380_005_ApplicantDetails Redirect 1	1678809441761	1678809441796	OK	 
GROUP	1	PRL_CitizenC100_380_ApplicantDetails	1678809441728	1678809441849	115	OK
REQUEST	1	PRL_CitizenC100_390_ApplicantRelationship	PRL_CitizenC100_390_005_ApplicantRelationship	1678809441851	1678809441884	OK	 
REQUEST	1	PRL_CitizenC100_390_ApplicantRelationship	PRL_CitizenC100_390_005_ApplicantRelationship Redirect 1	1678809441885	1678809441950	OK	 
GROUP	1	PRL_CitizenC100_390_ApplicantRelationship	1678809441849	1678809442011	145	OK
REQUEST	1	PRL_CitizenC100_400_ApplicantPostcode	PRL_CitizenC100_400_005_ApplicantPostcode	1678809442014	1678809442642	OK	 
REQUEST	1	PRL_CitizenC100_400_ApplicantPostcode	PRL_CitizenC100_400_005_ApplicantPostcode Redirect 1	1678809442645	1678809442683	OK	 
GROUP	1	PRL_CitizenC100_400_ApplicantPostcode	1678809442011	1678809442745	721	OK
REQUEST	1	PRL_CitizenC100_410_ApplicantSelectAddress	PRL_CitizenC100_410_005_ApplicantSelectAddress	1678809442746	1678809442777	OK	 
REQUEST	1	PRL_CitizenC100_410_ApplicantSelectAddress	PRL_CitizenC100_410_005_ApplicantSelectAddress Redirect 1	1678809442778	1678809442816	OK	 
GROUP	1	PRL_CitizenC100_410_ApplicantSelectAddress	1678809442745	1678809442871	119	OK
REQUEST	1	PRL_CitizenC100_420_ApplicantAddress	PRL_CitizenC100_420_005_ApplicantAddress	1678809442872	1678809442906	OK	 
REQUEST	1	PRL_CitizenC100_420_ApplicantAddress	PRL_CitizenC100_420_005_ApplicantAddress Redirect 1	1678809442907	1678809442974	OK	 
GROUP	1	PRL_CitizenC100_420_ApplicantAddress	1678809442872	1678809443028	148	OK
REQUEST	1	PRL_CitizenC100_430_ApplicantContact	PRL_CitizenC100_430_005_ApplicantContact	1678809443029	1678809443059	OK	 
REQUEST	1	PRL_CitizenC100_430_ApplicantContact	PRL_CitizenC100_430_005_ApplicantContact Redirect 1	1678809443061	1678809443113	OK	 
GROUP	1	PRL_CitizenC100_430_ApplicantContact	1678809443028	1678809443161	127	OK
REQUEST	1	PRL_CitizenC100_440_ApplicantContactPreference	PRL_CitizenC100_440_005_ApplicantContactPreference	1678809443161	1678809443192	OK	 
REQUEST	1	PRL_CitizenC100_440_ApplicantContactPreference	PRL_CitizenC100_440_005_ApplicantContactPreference Redirect 1	1678809443194	1678809443229	OK	 
GROUP	1	PRL_CitizenC100_440_ApplicantContactPreference	1678809443161	1678809443285	119	OK
REQUEST	1	PRL_CitizenC100_450_RespondentName	PRL_CitizenC100_450_005_RespondentName	1678809443285	1678809443334	OK	 
GROUP	1	PRL_CitizenC100_450_RespondentName	1678809443285	1678809443336	49	OK
REQUEST	1	PRL_CitizenC100_460_RespondentNameRedirect	PRL_CitizenC100_460_005_RespondentNameRedirect	1678809443336	1678809443395	OK	 
GROUP	1	PRL_CitizenC100_460_RespondentNameRedirect	1678809443336	1678809443453	111	OK
REQUEST	1	PRL_CitizenC100_470_RespondentDetails	PRL_CitizenC100_470_005_RespondentDetails	1678809443456	1678809443492	OK	 
REQUEST	1	PRL_CitizenC100_470_RespondentDetails	PRL_CitizenC100_470_005_RespondentDetails Redirect 1	1678809443494	1678809443540	OK	 
GROUP	1	PRL_CitizenC100_470_RespondentDetails	1678809443453	1678809443592	129	OK
REQUEST	1	PRL_CitizenC100_480_RespondentRelationship	PRL_CitizenC100_480_005_RespondentRelationship	1678809443595	1678809443625	OK	 
REQUEST	1	PRL_CitizenC100_480_RespondentRelationship	PRL_CitizenC100_480_005_RespondentRelationship Redirect 1	1678809443628	1678809443691	OK	 
GROUP	1	PRL_CitizenC100_480_RespondentRelationship	1678809443592	1678809443792	189	OK
REQUEST	1	PRL_CitizenC100_490_RespondentPostcode	PRL_CitizenC100_490_005_RespondentPostcode	1678809443795	1678809444384	OK	 
REQUEST	1	PRL_CitizenC100_490_RespondentPostcode	PRL_CitizenC100_490_005_RespondentPostcode Redirect 1	1678809444386	1678809444423	OK	 
GROUP	1	PRL_CitizenC100_490_RespondentPostcode	1678809443792	1678809444489	687	OK
REQUEST	1	PRL_CitizenC100_500_RespondentSelectAddress	PRL_CitizenC100_500_005_RespondentSelectAddress	1678809444492	1678809444521	OK	 
REQUEST	1	PRL_CitizenC100_500_RespondentSelectAddress	PRL_CitizenC100_500_005_RespondentSelectAddress Redirect 1	1678809444522	1678809444603	OK	 
GROUP	1	PRL_CitizenC100_500_RespondentSelectAddress	1678809444490	1678809444656	157	OK
REQUEST	1	PRL_CitizenC100_510_RespondentAddress	PRL_CitizenC100_510_005_RespondentAddress	1678809444656	1678809444687	OK	 
REQUEST	1	PRL_CitizenC100_510_RespondentAddress	PRL_CitizenC100_510_005_RespondentAddress Redirect 1	1678809444688	1678809444723	OK	 
GROUP	1	PRL_CitizenC100_510_RespondentAddress	1678809444656	1678809444775	115	OK
REQUEST	1	PRL_CitizenC100_520_RespondentContact	PRL_CitizenC100_520_005_RespondentContact	1678809444776	1678809444808	OK	 
REQUEST	1	PRL_CitizenC100_520_RespondentContact	PRL_CitizenC100_520_005_RespondentContact Redirect 1	1678809444810	1678809444844	OK	 
GROUP	1	PRL_CitizenC100_520_RespondentContact	1678809444775	1678809444894	113	OK
REQUEST	1	PRL_CitizenC100_530_AnyoneElse	PRL_CitizenC100_530_005_AnyoneElse	1678809444896	1678809444931	OK	 
REQUEST	1	PRL_CitizenC100_530_AnyoneElse	PRL_CitizenC100_530_005_AnyoneElse Redirect 1	1678809444934	1678809444980	OK	 
GROUP	1	PRL_CitizenC100_530_AnyoneElse	1678809444894	1678809445033	130	OK
REQUEST	1	PRL_CitizenC100_540_ChildLiveWith	PRL_CitizenC100_540_005_ChildLiveWith	1678809445034	1678809445072	OK	 
REQUEST	1	PRL_CitizenC100_540_ChildLiveWith	PRL_CitizenC100_540_005_ChildLiveWith Redirect 1	1678809445073	1678809445104	OK	 
GROUP	1	PRL_CitizenC100_540_ChildLiveWith	1678809445033	1678809445154	115	OK
REQUEST	1	PRL_CitizenC100_550_InvolvedInCourt	PRL_CitizenC100_550_005_InvolvedInCourt	1678809445154	1678809445184	OK	 
REQUEST	1	PRL_CitizenC100_550_InvolvedInCourt	PRL_CitizenC100_550_005_InvolvedInCourt Redirect 1	1678809445185	1678809445225	OK	 
GROUP	1	PRL_CitizenC100_550_InvolvedInCourt	1678809445154	1678809445290	131	OK
REQUEST	1	PRL_CitizenC100_560_CourtCasesInfo	PRL_CitizenC100_560_005_CourtCasesInfo	1678809445292	1678809445326	OK	 
REQUEST	1	PRL_CitizenC100_560_CourtCasesInfo	PRL_CitizenC100_560_005_CourtCasesInfo Redirect 1	1678809445328	1678809445359	OK	 
GROUP	1	PRL_CitizenC100_560_CourtCasesInfo	1678809445290	1678809445399	102	OK
REQUEST	1	PRL_CitizenC100_570_DetailsOfCourtCases	PRL_CitizenC100_570_005_DetailsOfCourtCases	1678809445400	1678809445446	OK	 
REQUEST	1	PRL_CitizenC100_570_DetailsOfCourtCases	PRL_CitizenC100_570_005_DetailsOfCourtCases Redirect 1	1678809445449	1678809445479	OK	 
GROUP	1	PRL_CitizenC100_570_DetailsOfCourtCases	1678809445399	1678809445537	130	OK
REQUEST	1	PRL_CitizenC100_580_SafetyInfo	PRL_CitizenC100_580_005_SafetyInfo	1678809445537	1678809445573	OK	 
REQUEST	1	PRL_CitizenC100_580_SafetyInfo	PRL_CitizenC100_580_005_SafetyInfo Redirect 1	1678809445574	1678809445611	OK	 
GROUP	1	PRL_CitizenC100_580_SafetyInfo	1678809445537	1678809445662	121	OK
REQUEST	1	PRL_CitizenC100_590_SafetyConcerns	PRL_CitizenC100_590_005_SafetyConcerns	1678809445662	1678809445689	OK	 
REQUEST	1	PRL_CitizenC100_590_SafetyConcerns	PRL_CitizenC100_590_005_SafetyConcerns Redirect 1	1678809445691	1678809445728	OK	 
GROUP	1	PRL_CitizenC100_590_SafetyConcerns	1678809445662	1678809445782	114	OK
REQUEST	1	PRL_CitizenC100_600_ConcernedAbout	PRL_CitizenC100_600_005_ConcernedAbout	1678809445782	1678809445811	OK	 
REQUEST	1	PRL_CitizenC100_600_ConcernedAbout	PRL_CitizenC100_600_005_ConcernedAbout Redirect 1	1678809445812	1678809445850	OK	 
GROUP	1	PRL_CitizenC100_600_ConcernedAbout	1678809445782	1678809445925	137	OK
REQUEST	1	PRL_CitizenC100_610_TypeOfBehaviour	PRL_CitizenC100_610_005_TypeOfBehaviour	1678809445926	1678809445954	OK	 
REQUEST	1	PRL_CitizenC100_610_TypeOfBehaviour	PRL_CitizenC100_610_005_TypeOfBehaviour Redirect 1	1678809445957	1678809445987	OK	 
GROUP	1	PRL_CitizenC100_610_TypeOfBehaviour	1678809445925	1678809446041	105	OK
REQUEST	1	PRL_CitizenC100_620_DescribePyshicalAbuse	PRL_CitizenC100_620_005_DescribePyshicalAbuse	1678809446042	1678809446071	OK	 
REQUEST	1	PRL_CitizenC100_620_DescribePyshicalAbuse	PRL_CitizenC100_620_005_DescribePyshicalAbuse Redirect 1	1678809446072	1678809446104	OK	 
GROUP	1	PRL_CitizenC100_620_DescribePyshicalAbuse	1678809446041	1678809446170	114	OK
REQUEST	1	PRL_CitizenC100_630_ImpactedByDrug	PRL_CitizenC100_630_005_ImpactedByDrug	1678809446173	1678809446207	OK	 
REQUEST	1	PRL_CitizenC100_630_ImpactedByDrug	PRL_CitizenC100_630_005_ImpactedByDrug Redirect 1	1678809446208	1678809446247	OK	 
GROUP	1	PRL_CitizenC100_630_ImpactedByDrug	1678809446170	1678809446319	141	OK
REQUEST	1	PRL_CitizenC100_640_OtherConcerns	PRL_CitizenC100_640_005_OtherConcerns	1678809446320	1678809446349	OK	 
REQUEST	1	PRL_CitizenC100_640_OtherConcerns	PRL_CitizenC100_640_005_OtherConcerns Redirect 1	1678809446350	1678809446381	OK	 
GROUP	1	PRL_CitizenC100_640_OtherConcerns	1678809446319	1678809446441	116	OK
REQUEST	1	PRL_CitizenC100_650_KeepChildrenSafe	PRL_CitizenC100_650_005_KeepChildrenSafe	1678809446442	1678809446471	OK	 
REQUEST	1	PRL_CitizenC100_650_KeepChildrenSafe	PRL_CitizenC100_650_005_KeepChildrenSafe Redirect 1	1678809446472	1678809446537	OK	 
GROUP	1	PRL_CitizenC100_650_KeepChildrenSafe	1678809446441	1678809446585	139	OK
REQUEST	1	PRL_CitizenC100_660_ContactBetweenChildren	PRL_CitizenC100_660_005_ContactBetweenChildren	1678809446585	1678809446621	OK	 
REQUEST	1	PRL_CitizenC100_660_ContactBetweenChildren	PRL_CitizenC100_660_005_ContactBetweenChildren Redirect 1	1678809446622	1678809446650	OK	 
GROUP	1	PRL_CitizenC100_660_ContactBetweenChildren	1678809446585	1678809446718	128	OK
REQUEST	1	PRL_CitizenC100_670_ChildrenBasedOutsideEngland	PRL_CitizenC100_670_005_ChildrenBasedOutsideEngland	1678809446719	1678809446749	OK	 
REQUEST	1	PRL_CitizenC100_670_ChildrenBasedOutsideEngland	PRL_CitizenC100_670_005_ChildrenBasedOutsideEngland Redirect 1	1678809446750	1678809446780	OK	 
GROUP	1	PRL_CitizenC100_670_ChildrenBasedOutsideEngland	1678809446718	1678809446832	109	OK
REQUEST	1	PRL_CitizenC100_680_ParentsBasedOutsideEngland	PRL_CitizenC100_680_005_ParentsBasedOutsideEngland	1678809446833	1678809446860	OK	 
REQUEST	1	PRL_CitizenC100_680_ParentsBasedOutsideEngland	PRL_CitizenC100_680_005_ParentsBasedOutsideEngland Redirect 1	1678809446862	1678809446890	OK	 
GROUP	1	PRL_CitizenC100_680_ParentsBasedOutsideEngland	1678809446832	1678809446980	141	OK
REQUEST	1	PRL_CitizenC100_690_AnotherPersonApply	PRL_CitizenC100_690_005_AnotherPersonApply	1678809446981	1678809447010	OK	 
REQUEST	1	PRL_CitizenC100_690_AnotherPersonApply	PRL_CitizenC100_690_005_AnotherPersonApply Redirect 1	1678809447011	1678809447037	OK	 
GROUP	1	PRL_CitizenC100_690_AnotherPersonApply	1678809446980	1678809447150	164	OK
REQUEST	1	PRL_CitizenC100_700_AnotherCountryAsked	PRL_CitizenC100_700_005_AnotherCountryAsked	1678809447151	1678809447182	OK	 
REQUEST	1	PRL_CitizenC100_700_AnotherCountryAsked	PRL_CitizenC100_700_005_AnotherCountryAsked Redirect 1	1678809447183	1678809447220	OK	 
GROUP	1	PRL_CitizenC100_700_AnotherCountryAsked	1678809447150	1678809447270	114	OK
REQUEST	1	PRL_CitizenC100_710_TakePartInHearings	PRL_CitizenC100_710_005_TakePartInHearings	1678809447270	1678809447299	OK	 
REQUEST	1	PRL_CitizenC100_710_TakePartInHearings	PRL_CitizenC100_710_005_TakePartInHearings Redirect 1	1678809447300	1678809447334	OK	 
GROUP	1	PRL_CitizenC100_710_TakePartInHearings	1678809447270	1678809447387	113	OK
REQUEST	1	PRL_CitizenC100_720_LanguageRequirements	PRL_CitizenC100_720_005_LanguageRequirements	1678809447387	1678809447416	OK	 
REQUEST	1	PRL_CitizenC100_720_LanguageRequirements	PRL_CitizenC100_720_005_LanguageRequirements Redirect 1	1678809447417	1678809447510	OK	 
GROUP	1	PRL_CitizenC100_720_LanguageRequirements	1678809447387	1678809447568	170	OK
REQUEST	1	PRL_CitizenC100_730_SpecialArrangements	PRL_CitizenC100_730_005_SpecialArrangements	1678809447570	1678809447602	OK	 
REQUEST	1	PRL_CitizenC100_730_SpecialArrangements	PRL_CitizenC100_730_005_SpecialArrangements Redirect 1	1678809447604	1678809447634	OK	 
GROUP	1	PRL_CitizenC100_730_SpecialArrangements	1678809447568	1678809447693	118	OK
REQUEST	1	PRL_CitizenC100_740_NeedSupport	PRL_CitizenC100_740_005_NeedSupport	1678809447693	1678809447724	OK	 
REQUEST	1	PRL_CitizenC100_740_NeedSupport	PRL_CitizenC100_740_005_NeedSupport Redirect 1	1678809447725	1678809447757	OK	 
GROUP	1	PRL_CitizenC100_740_NeedSupport	1678809447693	1678809447818	117	OK
REQUEST	1	PRL_CitizenC100_750_DocumentsAlternativeFormat	PRL_CitizenC100_750_005_DocumentsAlternativeFormat	1678809447821	1678809447851	OK	 
REQUEST	1	PRL_CitizenC100_750_DocumentsAlternativeFormat	PRL_CitizenC100_750_005_DocumentsAlternativeFormat Redirect 1	1678809447853	1678809448583	OK	 
GROUP	1	PRL_CitizenC100_750_DocumentsAlternativeFormat	1678809447818	1678809448641	811	OK
REQUEST	1	PRL_CitizenC100_760_HelpWithPaying	PRL_CitizenC100_760_005_HelpWithPaying	1678809448642	1678809448673	OK	 
REQUEST	1	PRL_CitizenC100_760_HelpWithPaying	PRL_CitizenC100_760_005_HelpWithPaying Redirect 1	1678809448674	1678809453779	OK	 
GROUP	1	PRL_CitizenC100_760_HelpWithPaying	1678809448642	1678809453862	5214	OK
REQUEST	1	PRL_CitizenC100_770_CheckYourAnswers	PRL_CitizenC100_770_005_CheckYourAnswers	1678809453862	1678809459236	OK	 
GROUP	1	PRL_CitizenC100_770_CheckYourAnswers	1678809453862	1678809459249	5374	OK
REQUEST	1	PRL_CitizenC100_780_CheckYourAnswersRedirect	PRL_CitizenC100_780_005_CheckYourAnswersRedirect	1678809459254	1678809459388	OK	 
GROUP	1	PRL_CitizenC100_780_CheckYourAnswersRedirect	1678809459249	1678809459391	134	OK
REQUEST	1	PRL_CitizenC100_790_CheckYourAnswersFinal	PRL_CitizenC100_790_005_CheckYourAnswersFinal	1678809459392	1678809459492	OK	 
GROUP	1	PRL_CitizenC100_790_CheckYourAnswersFinal	1678809459391	1678809459638	229	OK
REQUEST	1	PRL_CitizenC100_800_EnterCardDetails	PRL_CitizenC100_800_005_EnterCardDetails	1678809459639	1678809459746	OK	 
REQUEST	1	PRL_CitizenC100_800_EnterCardDetails	PRL_CitizenC100_800_005_EnterCardDetails Redirect 1	1678809459749	1678809459816	OK	 
GROUP	1	PRL_CitizenC100_800_EnterCardDetails	1678809459639	1678809459825	175	OK
REQUEST	1	PRL_CitizenC100_810_FinalSubmit	PRL_CitizenC100_810_005_FinalSubmit	1678809459829	1678809459957	OK	 
REQUEST	1	PRL_CitizenC100_810_FinalSubmit	PRL_CitizenC100_810_005_FinalSubmit Redirect 1	1678809459959	1678809460001	OK	 
REQUEST	1	PRL_CitizenC100_810_FinalSubmit	PRL_CitizenC100_810_005_FinalSubmit Redirect 2	1678809460003	1678809473776	OK	 
REQUEST	1	PRL_CitizenC100_810_FinalSubmit	PRL_CitizenC100_810_005_FinalSubmit Redirect 3	1678809473780	1678809473810	OK	 
GROUP	1	PRL_CitizenC100_810_FinalSubmit	1678809459827	1678809473862	14014	OK
REQUEST	1	PRL_CitizenC100_820_Logout	PRL_CitizenC100_820_005_Logout	1678809473862	1678809473906	OK	 
REQUEST	1	PRL_CitizenC100_820_Logout	PRL_CitizenC100_820_005_Logout Redirect 1	1678809473907	1678809473943	OK	 
REQUEST	1	PRL_CitizenC100_820_Logout	PRL_CitizenC100_820_005_Logout Redirect 2	1678809473944	1678809473972	OK	 
REQUEST	1	PRL_CitizenC100_820_Logout	PRL_CitizenC100_820_005_Logout Redirect 3	1678809473974	1678809474009	OK	 
GROUP	1	PRL_CitizenC100_820_Logout	1678809473862	1678809474049	175	OK
USER	***** Private Law Create Case *****	1	END	1678809418208	1678809474066
