ASSERTION	AAECAAIFAAAAAAAAAFlA
RUN	simulations.PRL_Simulation	prl-simulation	1697619410206	 	3.9.5
USER	***** Private Law Create Case *****	START	1697619410707
REQUEST	XUI_010_Homepage	XUI_010_005_Homepage	1697619410728	1697619410903	OK	 
REQUEST	XUI_010_Homepage	XUI_Common_000_ConfigurationUI	1697619411508	1697619411535	OK	 
REQUEST	XUI_010_Homepage	XUI_Common_000_ConfigJson	1697619411540	1697619411551	OK	 
REQUEST	XUI_010_Homepage	XUI_Common_000_TsAndCs	1697619411552	1697619411594	OK	 
REQUEST	XUI_010_Homepage	XUI_Common_000_ConfigUI	1697619411594	1697619411632	OK	 
REQUEST	XUI_010_Homepage	XUI_Common_000_UserDetails	1697619411633	1697619411896	OK	 
REQUEST	XUI_010_Homepage	XUI_Common_000_IsAuthenticated	1697619411899	1697619411953	OK	 
REQUEST	XUI_010_Homepage	XUI_010_010_AuthLogin	1697619411955	1697619411986	OK	 
REQUEST	XUI_010_Homepage	XUI_010_010_AuthLogin Redirect 1	1697619411988	1697619412874	OK	 
REQUEST	XUI_010_Homepage	XUI_010_010_AuthLogin Redirect 2	1697619412875	1697619413263	OK	 
GROUP	XUI_010_Homepage	1697619410708	1697619413611	2776	OK
REQUEST	XUI_020_Login	XUI_020_005_Login	1697619413613	1697619413946	OK	 
REQUEST	XUI_020_Login	XUI_020_005_Login Redirect 1	1697619413946	1697619414799	OK	 
REQUEST	XUI_020_Login	XUI_020_005_Login Redirect 2	1697619414800	1697619414833	OK	 
REQUEST	XUI_020_Login	XUI_Common_000_ConfigurationUI	1697619415318	1697619415357	OK	 
REQUEST	XUI_020_Login	XUI_Common_000_ConfigJson	1697619415358	1697619415370	OK	 
REQUEST	XUI_020_Login	XUI_Common_000_TsAndCs	1697619415371	1697619415438	OK	 
REQUEST	XUI_020_Login	XUI_Common_000_ConfigUI	1697619415439	1697619415540	OK	 
REQUEST	XUI_020_Login	XUI_Common_000_UserDetails	1697619415540	1697619416299	OK	 
REQUEST	XUI_020_Login	XUI_Common_000_IsAuthenticated	1697619416300	1697619416365	OK	 
REQUEST	XUI_020_Login	XUI_Common_000_MonitoringTools	1697619416366	1697619416396	OK	 
GROUP	XUI_020_Login	1697619413611	1697619416430	2775	OK
REQUEST	XUI_PRL_030_CreateCaseStart	XUI_PRL_030_005_CreateCaseStart	1697619416436	1697619417225	OK	 
GROUP	XUI_PRL_030_CreateCaseStart	1697619416433	1697619417231	789	OK
REQUEST	XUI_PRL_031_Type_Of_Application	XUI_PRL_031_005_Type_Of_Application	1697619417233	1697619418401	OK	 
GROUP	XUI_PRL_031_Type_Of_Application	1697619417231	1697619418401	1168	OK
REQUEST	XUI_PRL_032_ApplicationCheckYourAnswers	XUI_PRL_032_005_ApplicationCheckYourAnswers	1697619418402	1697619425128	OK	 
GROUP	XUI_PRL_032_ApplicationCheckYourAnswers	1697619418401	1697619425138	6726	OK
REQUEST	XUI_PRL_033_ApplicationDetails	XUI_PRL_033_005_ApplicationDetails	1697619425138	1697619426194	OK	 
GROUP	XUI_PRL_033_ApplicationDetails	1697619425138	1697619426228	1056	OK
REQUEST	XUI_PRL_034_EnterApplicationDetails	XUI_PRL_034_005_EnterApplicationDetails	1697619426229	1697619426832	OK	 
GROUP	XUI_PRL_034_EnterApplicationDetails	1697619426228	1697619426833	603	OK
REQUEST	XUI_PRL_035_SubmitApplicationDetails	XUI_PRL_035_005_SubmitApplicationDetails	1697619426834	1697619431323	OK	 
GROUP	XUI_PRL_035_SubmitApplicationDetails	1697619426833	1697619431324	4489	OK
REQUEST	XUI_PRL_036_SubmitAndPay	XUI_PRL_036_005_SubmitAndPay	1697619431324	1697619439482	OK	 
GROUP	XUI_PRL_036_SubmitAndPay	1697619431324	1697619439492	8158	OK
REQUEST	XUI_PRL_037_ConfidentialityStatement	XUI_PRL_037_005_ConfidentialityStatement	1697619439492	1697619439961	OK	 
GROUP	XUI_PRL_037_ConfidentialityStatement	1697619439492	1697619439962	469	OK
REQUEST	XUI_PRL_038_Declaration	XUI_PRL_038_005_Declaration	1697619439962	1697619440785	OK	 
GROUP	XUI_PRL_038_Declaration	1697619439962	1697619440785	823	OK
REQUEST	XUI_PRL_039_Continue	XUI_PRL_039_005_Continue	1697619440786	1697619442406	OK	 
GROUP	XUI_PRL_039_Continue	1697619440785	1697619442406	1620	OK
REQUEST	XUI_PRL_040_Continue	XUI_PRL_040_005_Continue	1697619442407	1697619442451	KO	substring(payment_group_reference).find.exists, found nothing
GROUP	XUI_PRL_040_Continue	1697619442406	1697619442459	44	KO
USER	***** Private Law Create Case *****	END	1697619442463
