ASSERTION	AAECAAIFAAAAAAAAAFlA
RUN	simulations.PRL_Simulation	prl-simulation	1706628904170	 	3.9.5
USER	***** PRL Citizen Journey *****	START	1706628904662
REQUEST	PRL_CitizenC100_010_PRLHome	PRL_CitizenC100_010_005_PRLHome	1706628904681	1706628904798	OK	 
REQUEST	PRL_CitizenC100_010_PRLHome	PRL_CitizenC100_010_005_PRLHome Redirect 1	1706628904808	1706628904880	OK	 
REQUEST	PRL_CitizenC100_010_PRLHome	PRL_CitizenC100_010_005_PRLHome Redirect 2	1706628904880	1706628904938	OK	 
REQUEST	PRL_CitizenC100_010_PRLHome	PRL_CitizenC100_010_005_PRLHome Redirect 3	1706628904939	1706628905029	OK	 
GROUP	PRL_CitizenC100_010_PRLHome	1706628904663	1706628905283	535	OK
REQUEST	PRL_CitizenC100_020_Login	PRL_CitizenC100_020_005_Login	1706628905285	1706628905408	OK	 
REQUEST	PRL_CitizenC100_020_Login	PRL_CitizenC100_020_005_Login Redirect 1	1706628905409	1706628906031	OK	 
REQUEST	PRL_CitizenC100_020_Login	PRL_CitizenC100_020_005_Login Redirect 2	1706628906034	1706628908758	OK	 
GROUP	PRL_CitizenC100_020_Login	1706628905283	1706628918791	13494	OK
REQUEST	PRL_CitizenC100_025_ChildArrangementsApplication	PRL_CitizenC100_025_005_ChildArrangementsApplication	1706628918792	1706628919353	OK	 
GROUP	PRL_CitizenC100_025_ChildArrangementsApplication	1706628918792	1706628919478	678	OK
REQUEST	PRL_CitizenC100_030_StartApplication	PRL_CitizenC100_030_005_StartApplication	1706628919479	1706628919780	OK	 
GROUP	PRL_CitizenC100_030_StartApplication	1706628919478	1706628919884	401	OK
REQUEST	PRL_CitizenC100_040_WhatYouWillNeed	PRL_CitizenC100_040_005_WhatYouWillNeed	1706628919884	1706628926708	OK	 
REQUEST	PRL_CitizenC100_040_WhatYouWillNeed	PRL_CitizenC100_040_005_WhatYouWillNeed Redirect 1	1706628926711	1706628926814	OK	 
GROUP	PRL_CitizenC100_040_WhatYouWillNeed	1706628919884	1706628926954	7058	OK
REQUEST	PRL_CitizenC100_050_CaseName	PRL_CitizenC100_050_005_CaseName	1706628926955	1706628927017	OK	 
REQUEST	PRL_CitizenC100_050_CaseName	PRL_CitizenC100_050_005_CaseName Redirect 1	1706628927018	1706628927079	OK	 
GROUP	PRL_CitizenC100_050_CaseName	1706628926954	1706628927208	244	OK
REQUEST	PRL_CitizenC100_060_ChildrenPostCode	PRL_CitizenC100_060_005_ChildrenPostCode	1706628927209	1706628927277	OK	 
REQUEST	PRL_CitizenC100_060_ChildrenPostCode	PRL_CitizenC100_060_005_ChildrenPostCode Redirect 1	1706628927279	1706628927332	OK	 
GROUP	PRL_CitizenC100_060_ChildrenPostCode	1706628927208	1706628927421	204	OK
REQUEST	PRL_CitizenC100_070_WrittenAgreement	PRL_CitizenC100_070_005_WrittenAgreement	1706628927422	1706628927471	OK	 
REQUEST	PRL_CitizenC100_070_WrittenAgreement	PRL_CitizenC100_070_005_WrittenAgreement Redirect 1	1706628927471	1706628927554	OK	 
GROUP	PRL_CitizenC100_070_WrittenAgreement	1706628927421	1706628927640	216	OK
REQUEST	PRL_CitizenC100_080_BeforeCourt	PRL_CitizenC100_080_005_BeforeCourt	1706628927640	1706628927700	OK	 
REQUEST	PRL_CitizenC100_080_BeforeCourt	PRL_CitizenC100_080_005_BeforeCourt Redirect 1	1706628927702	1706628927759	OK	 
GROUP	PRL_CitizenC100_080_BeforeCourt	1706628927640	1706628927873	226	OK
REQUEST	PRL_CitizenC100_090_ReachAgreement	PRL_CitizenC100_090_005_ReachAgreement	1706628927873	1706628927925	OK	 
REQUEST	PRL_CitizenC100_090_ReachAgreement	PRL_CitizenC100_090_005_ReachAgreement Redirect 1	1706628927927	1706628927981	OK	 
GROUP	PRL_CitizenC100_090_ReachAgreement	1706628927873	1706628928077	200	OK
REQUEST	PRL_CitizenC100_100_LegalRep	PRL_CitizenC100_100_005_LegalRep	1706628928077	1706628928141	OK	 
REQUEST	PRL_CitizenC100_100_LegalRep	PRL_CitizenC100_100_005_LegalRep Redirect 1	1706628928143	1706628928225	OK	 
GROUP	PRL_CitizenC100_100_LegalRep	1706628928077	1706628928317	233	OK
REQUEST	PRL_CitizenC100_110_PermissionFromCourt	PRL_CitizenC100_110_005_PermissionFromCourt	1706628928318	1706628928384	OK	 
REQUEST	PRL_CitizenC100_110_PermissionFromCourt	PRL_CitizenC100_110_005_PermissionFromCourt Redirect 1	1706628928387	1706628928446	OK	 
GROUP	PRL_CitizenC100_110_PermissionFromCourt	1706628928318	1706628928609	283	OK
REQUEST	PRL_CitizenC100_120_WhyPermissionFromCourt	PRL_CitizenC100_120_005_WhyPermissionFromCourt	1706628928611	1706628928660	OK	 
REQUEST	PRL_CitizenC100_120_WhyPermissionFromCourt	PRL_CitizenC100_120_005_WhyPermissionFromCourt Redirect 1	1706628928662	1706628928718	OK	 
GROUP	PRL_CitizenC100_120_WhyPermissionFromCourt	1706628928610	1706628928820	202	OK
REQUEST	PRL_CitizenC100_130_WhyCourtShouldGrant	PRL_CitizenC100_130_005_WhyCourtShouldGrant	1706628928820	1706628928887	OK	 
REQUEST	PRL_CitizenC100_130_WhyCourtShouldGrant	PRL_CitizenC100_130_005_WhyCourtShouldGrant Redirect 1	1706628928888	1706628928951	OK	 
GROUP	PRL_CitizenC100_130_WhyCourtShouldGrant	1706628928820	1706628929065	238	OK
REQUEST	PRL_CitizenC100_140_InvolvedInEmergencyProtection	PRL_CitizenC100_140_005_InvolvedInEmergencyProtection	1706628929065	1706628929125	OK	 
REQUEST	PRL_CitizenC100_140_InvolvedInEmergencyProtection	PRL_CitizenC100_140_005_InvolvedInEmergencyProtection Redirect 1	1706628929127	1706628929242	OK	 
GROUP	PRL_CitizenC100_140_InvolvedInEmergencyProtection	1706628929065	1706628929338	265	OK
REQUEST	PRL_CitizenC100_150_AttendingMIAM	PRL_CitizenC100_150_005_AttendingMIAM	1706628929339	1706628929422	OK	 
REQUEST	PRL_CitizenC100_150_AttendingMIAM	PRL_CitizenC100_150_005_AttendingMIAM Redirect 1	1706628929423	1706628929501	OK	 
GROUP	PRL_CitizenC100_150_AttendingMIAM	1706628929339	1706628929590	248	OK
REQUEST	PRL_CitizenC100_160_AttendedMIAM	PRL_CitizenC100_160_005_AttendedMIAM	1706628929591	1706628929652	OK	 
REQUEST	PRL_CitizenC100_160_AttendedMIAM	PRL_CitizenC100_160_005_AttendedMIAM Redirect 1	1706628929654	1706628929703	OK	 
GROUP	PRL_CitizenC100_160_AttendedMIAM	1706628929590	1706628929780	186	OK
REQUEST	PRL_CitizenC100_170_DocumentSigned	PRL_CitizenC100_170_005_DocumentSigned	1706628929780	1706628929856	OK	 
REQUEST	PRL_CitizenC100_170_DocumentSigned	PRL_CitizenC100_170_005_DocumentSigned Redirect 1	1706628929856	1706628929923	OK	 
GROUP	PRL_CitizenC100_170_DocumentSigned	1706628929780	1706628930053	268	OK
REQUEST	PRL_CitizenC100_180_MIAMUpload	PRL_CitizenC100_180_005_MIAMUpload	1706628930064	1706628933472	OK	 
REQUEST	PRL_CitizenC100_180_MIAMUpload	PRL_CitizenC100_180_005_MIAMUpload Redirect 1	1706628933473	1706628933565	OK	 
GROUP	PRL_CitizenC100_180_MIAMUpload	1706628930053	1706628933666	3595	OK
REQUEST	PRL_CitizenC100_190_MIAMUploadSubmit	PRL_CitizenC100_190_005_MIAMUploadSubmit	1706628933667	1706628933711	OK	 
REQUEST	PRL_CitizenC100_190_MIAMUploadSubmit	PRL_CitizenC100_190_005_MIAMUploadSubmit Redirect 1	1706628933712	1706628933781	OK	 
GROUP	PRL_CitizenC100_190_MIAMUploadSubmit	1706628933666	1706628933886	212	OK
REQUEST	PRL_CitizenC100_200_MIAMUploadContinue	PRL_CitizenC100_200_005_MIAMUploadContinue	1706628933887	1706628933932	OK	 
REQUEST	PRL_CitizenC100_200_MIAMUploadContinue	PRL_CitizenC100_200_005_MIAMUploadContinue Redirect 1	1706628933933	1706628933999	OK	 
GROUP	PRL_CitizenC100_200_MIAMUploadContinue	1706628933886	1706628934099	209	OK
REQUEST	PRL_CitizenC100_210_AskingCourtToDo	PRL_CitizenC100_210_005_AskingCourtToDo	1706628934100	1706628934146	OK	 
REQUEST	PRL_CitizenC100_210_AskingCourtToDo	PRL_CitizenC100_210_005_AskingCourtToDo Redirect 1	1706628934147	1706628934238	OK	 
GROUP	PRL_CitizenC100_210_AskingCourtToDo	1706628934100	1706628934314	208	OK
REQUEST	PRL_CitizenC100_220_WouldLikeCourtTo	PRL_CitizenC100_220_005_WouldLikeCourtTo	1706628934315	1706628934371	OK	 
REQUEST	PRL_CitizenC100_220_WouldLikeCourtTo	PRL_CitizenC100_220_005_WouldLikeCourtTo Redirect 1	1706628934372	1706628934447	OK	 
GROUP	PRL_CitizenC100_220_WouldLikeCourtTo	1706628934314	1706628934545	225	OK
REQUEST	PRL_CitizenC100_230_DescribeWhatCourt	PRL_CitizenC100_230_005_DescribeWhatCourt	1706628934546	1706628935011	OK	 
REQUEST	PRL_CitizenC100_230_DescribeWhatCourt	PRL_CitizenC100_230_005_DescribeWhatCourt Redirect 1	1706628935014	1706628935074	OK	 
GROUP	PRL_CitizenC100_230_DescribeWhatCourt	1706628934545	1706628935162	608	OK
REQUEST	PRL_CitizenC100_240_UrgentFirstHearing	PRL_CitizenC100_240_005_UrgentFirstHearing	1706628935163	1706628935219	OK	 
REQUEST	PRL_CitizenC100_240_UrgentFirstHearing	PRL_CitizenC100_240_005_UrgentFirstHearing Redirect 1	1706628935221	1706628935299	OK	 
GROUP	PRL_CitizenC100_240_UrgentFirstHearing	1706628935163	1706628935389	221	OK
REQUEST	PRL_CitizenC100_250_UrgentHearingDetails	PRL_CitizenC100_250_005_UrgentHearingDetails	1706628935389	1706628935801	OK	 
REQUEST	PRL_CitizenC100_250_UrgentHearingDetails	PRL_CitizenC100_250_005_UrgentHearingDetails Redirect 1	1706628935803	1706628935893	OK	 
GROUP	PRL_CitizenC100_250_UrgentHearingDetails	1706628935389	1706628936006	610	OK
REQUEST	PRL_CitizenC100_260_AskingForWithoutNotice	PRL_CitizenC100_260_005_AskingForWithoutNotice	1706628936006	1706628936059	OK	 
REQUEST	PRL_CitizenC100_260_AskingForWithoutNotice	PRL_CitizenC100_260_005_AskingForWithoutNotice Redirect 1	1706628936059	1706628936167	OK	 
GROUP	PRL_CitizenC100_260_AskingForWithoutNotice	1706628936006	1706628936254	242	OK
REQUEST	PRL_CitizenC100_270_WithoutNoticeDetails	PRL_CitizenC100_270_005_WithoutNoticeDetails	1706628936255	1706628936307	OK	 
REQUEST	PRL_CitizenC100_270_WithoutNoticeDetails	PRL_CitizenC100_270_005_WithoutNoticeDetails Redirect 1	1706628936309	1706628936381	OK	 
GROUP	PRL_CitizenC100_270_WithoutNoticeDetails	1706628936254	1706628936476	215	OK
REQUEST	PRL_CitizenC100_280_ChildrenName	PRL_CitizenC100_280_005_ChildrenName	1706628936476	1706628936520	OK	 
GROUP	PRL_CitizenC100_280_ChildrenName	1706628936476	1706628936522	44	OK
REQUEST	PRL_CitizenC100_285_ChildrenNameRedirect	PRL_CitizenC100_280_005_ChildrenName	1706628936522	1706628936599	OK	 
GROUP	PRL_CitizenC100_285_ChildrenNameRedirect	1706628936522	1706628936679	155	OK
REQUEST	PRL_CitizenC100_290_ChildDetails	PRL_CitizenC100_290_005_ChildDetails	1706628936680	1706628936738	OK	 
REQUEST	PRL_CitizenC100_290_ChildDetails	PRL_CitizenC100_290_005_ChildDetails Redirect 1	1706628936738	1706628936803	OK	 
GROUP	PRL_CitizenC100_290_ChildDetails	1706628936679	1706628936882	199	OK
REQUEST	PRL_CitizenC100_300_WhichDecision	PRL_CitizenC100_300_005_WhichDecision	1706628936883	1706628936935	OK	 
REQUEST	PRL_CitizenC100_300_WhichDecision	PRL_CitizenC100_300_005_WhichDecision Redirect 1	1706628936936	1706628937020	OK	 
GROUP	PRL_CitizenC100_300_WhichDecision	1706628936882	1706628937160	274	OK
REQUEST	PRL_CitizenC100_310_ParentalResponsibility	PRL_CitizenC100_310_005_ParentalResponsibility	1706628937162	1706628937216	OK	 
REQUEST	PRL_CitizenC100_310_ParentalResponsibility	PRL_CitizenC100_310_005_ParentalResponsibility Redirect 1	1706628937218	1706628937288	OK	 
GROUP	PRL_CitizenC100_310_ParentalResponsibility	1706628937160	1706628937392	222	OK
REQUEST	PRL_CitizenC100_320_FurtherInformation	PRL_CitizenC100_320_005_FurtherInformation	1706628937393	1706628937448	OK	 
REQUEST	PRL_CitizenC100_320_FurtherInformation	PRL_CitizenC100_320_005_FurtherInformation Redirect 1	1706628937449	1706628937511	OK	 
GROUP	PRL_CitizenC100_320_FurtherInformation	1706628937392	1706628937985	589	OK
REQUEST	PRL_CitizenC100_330_OtherChildren	PRL_CitizenC100_330_005_OtherChildren	1706628937986	1706628938049	OK	 
REQUEST	PRL_CitizenC100_330_OtherChildren	PRL_CitizenC100_330_005_OtherChildren Redirect 1	1706628938050	1706628938117	OK	 
GROUP	PRL_CitizenC100_330_OtherChildren	1706628937985	1706628938191	199	OK
REQUEST	PRL_CitizenC100_340_EnterYourName	PRL_CitizenC100_340_005_EnterYourName	1706628938192	1706628938320	OK	 
GROUP	PRL_CitizenC100_340_EnterYourName	1706628938192	1706628938323	128	OK
REQUEST	PRL_CitizenC100_345_EnterYourNameRedirect	PRL_CitizenC100_340_005_EnterYourName	1706628938323	1706628938371	OK	 
GROUP	PRL_CitizenC100_345_EnterYourNameRedirect	1706628938323	1706628938550	221	OK
REQUEST	PRL_CitizenC100_350_KnowContactDetails	PRL_CitizenC100_350_005_KnowContactDetails	1706628938550	1706628938599	OK	 
REQUEST	PRL_CitizenC100_350_KnowContactDetails	PRL_CitizenC100_350_005_KnowContactDetails Redirect 1	1706628938600	1706628938671	OK	 
GROUP	PRL_CitizenC100_350_KnowContactDetails	1706628938550	1706628938799	243	OK
REQUEST	PRL_CitizenC100_360_KeepDetailsPrivate	PRL_CitizenC100_360_005_KeepDetailsPrivate	1706628938800	1706628938869	OK	 
REQUEST	PRL_CitizenC100_360_KeepDetailsPrivate	PRL_CitizenC100_360_005_KeepDetailsPrivate Redirect 1	1706628938870	1706628938987	OK	 
GROUP	PRL_CitizenC100_360_KeepDetailsPrivate	1706628938799	1706628940240	1437	OK
REQUEST	PRL_CitizenC100_370_KeepDetailsPrivateContinue	PRL_CitizenC100_370_005_KeepDetailsPrivateContinue	1706628940242	1706628940297	OK	 
REQUEST	PRL_CitizenC100_370_KeepDetailsPrivateContinue	PRL_CitizenC100_370_005_KeepDetailsPrivateContinue Redirect 1	1706628940298	1706628940380	OK	 
GROUP	PRL_CitizenC100_370_KeepDetailsPrivateContinue	1706628940241	1706628940521	276	OK
REQUEST	PRL_CitizenC100_380_ApplicantDetails	PRL_CitizenC100_380_005_ApplicantDetails	1706628940521	1706628940602	OK	 
REQUEST	PRL_CitizenC100_380_ApplicantDetails	PRL_CitizenC100_380_005_ApplicantDetails Redirect 1	1706628940603	1706628940699	OK	 
GROUP	PRL_CitizenC100_380_ApplicantDetails	1706628940521	1706628940805	279	OK
REQUEST	PRL_CitizenC100_390_ApplicantRelationship	PRL_CitizenC100_390_005_ApplicantRelationship	1706628940806	1706628940851	OK	 
REQUEST	PRL_CitizenC100_390_ApplicantRelationship	PRL_CitizenC100_390_005_ApplicantRelationship Redirect 1	1706628940852	1706628940915	OK	 
GROUP	PRL_CitizenC100_390_ApplicantRelationship	1706628940805	1706628941010	197	OK
REQUEST	PRL_CitizenC100_400_ApplicantPostcode	PRL_CitizenC100_400_005_ApplicantPostcode	1706628941010	1706628941666	OK	 
REQUEST	PRL_CitizenC100_400_ApplicantPostcode	PRL_CitizenC100_400_005_ApplicantPostcode Redirect 1	1706628941669	1706628941748	OK	 
GROUP	PRL_CitizenC100_400_ApplicantPostcode	1706628941010	1706628941835	814	OK
REQUEST	PRL_CitizenC100_410_ApplicantSelectAddress	PRL_CitizenC100_410_005_ApplicantSelectAddress	1706628941837	1706628941883	OK	 
REQUEST	PRL_CitizenC100_410_ApplicantSelectAddress	PRL_CitizenC100_410_005_ApplicantSelectAddress Redirect 1	1706628941884	1706628941973	OK	 
GROUP	PRL_CitizenC100_410_ApplicantSelectAddress	1706628941836	1706628942057	215	OK
REQUEST	PRL_CitizenC100_420_ApplicantAddress	PRL_CitizenC100_420_005_ApplicantAddress	1706628942058	1706628942099	OK	 
REQUEST	PRL_CitizenC100_420_ApplicantAddress	PRL_CitizenC100_420_005_ApplicantAddress Redirect 1	1706628942099	1706628942173	OK	 
GROUP	PRL_CitizenC100_420_ApplicantAddress	1706628942057	1706628942271	209	OK
REQUEST	PRL_CitizenC100_430_ApplicantContact	PRL_CitizenC100_430_005_ApplicantContact	1706628942273	1706628942328	OK	 
REQUEST	PRL_CitizenC100_430_ApplicantContact	PRL_CitizenC100_430_005_ApplicantContact Redirect 1	1706628942330	1706628942406	OK	 
GROUP	PRL_CitizenC100_430_ApplicantContact	1706628942271	1706628942506	226	OK
REQUEST	PRL_CitizenC100_440_ApplicantContactPreference	PRL_CitizenC100_440_005_ApplicantContactPreference	1706628942506	1706628942543	OK	 
REQUEST	PRL_CitizenC100_440_ApplicantContactPreference	PRL_CitizenC100_440_005_ApplicantContactPreference Redirect 1	1706628942543	1706628942679	OK	 
GROUP	PRL_CitizenC100_440_ApplicantContactPreference	1706628942506	1706628943214	704	OK
REQUEST	PRL_CitizenC100_450_RespondentName	PRL_CitizenC100_450_005_RespondentName	1706628943216	1706628943303	OK	 
GROUP	PRL_CitizenC100_450_RespondentName	1706628943214	1706628943305	87	OK
REQUEST	PRL_CitizenC100_460_RespondentNameRedirect	PRL_CitizenC100_460_005_RespondentNameRedirect	1706628943306	1706628943488	OK	 
GROUP	PRL_CitizenC100_460_RespondentNameRedirect	1706628943305	1706628943570	262	OK
REQUEST	PRL_CitizenC100_470_RespondentDetails	PRL_CitizenC100_470_005_RespondentDetails	1706628943571	1706628943640	KO	status.find.in([200, 209], 304), found 500
GROUP	PRL_CitizenC100_470_RespondentDetails	1706628943570	1706628943653	69	KO
USER	***** PRL Citizen Journey *****	END	1706628943658
