ASSERTION	AAECAAIFAAAAAAAAAFlA
RUN	simulations.PRL_Simulation	prl-simulation	1697546765907	 	3.9.5
USER	***** Private Law Create Case *****	START	1697546766275
REQUEST	XUI_010_Homepage	XUI_010_005_Homepage	1697546766294	1697546766394	OK	 
REQUEST	XUI_010_Homepage	XUI_Common_000_ConfigurationUI	1697546767128	1697546767197	OK	 
REQUEST	XUI_010_Homepage	XUI_Common_000_ConfigJson	1697546767199	1697546767210	OK	 
REQUEST	XUI_010_Homepage	XUI_Common_000_TsAndCs	1697546767210	1697546767545	OK	 
REQUEST	XUI_010_Homepage	XUI_Common_000_ConfigUI	1697546767548	1697546767611	OK	 
REQUEST	XUI_010_Homepage	XUI_Common_000_UserDetails	1697546767611	1697546767679	OK	 
REQUEST	XUI_010_Homepage	XUI_Common_000_IsAuthenticated	1697546767680	1697546767719	OK	 
REQUEST	XUI_010_Homepage	XUI_010_010_AuthLogin	1697546767725	1697546767767	OK	 
REQUEST	XUI_010_Homepage	XUI_010_010_AuthLogin Redirect 1	1697546767770	1697546767864	OK	 
REQUEST	XUI_010_Homepage	XUI_010_010_AuthLogin Redirect 2	1697546767865	1697546767942	OK	 
GROUP	XUI_010_Homepage	1697546766276	1697546768210	1840	OK
REQUEST	XUI_020_Login	XUI_020_005_Login	1697546768211	1697546768653	OK	 
REQUEST	XUI_020_Login	XUI_020_005_Login Redirect 1	1697546768654	1697546768951	OK	 
REQUEST	XUI_020_Login	XUI_020_005_Login Redirect 2	1697546768954	1697546769117	OK	 
REQUEST	XUI_020_Login	XUI_Common_000_ConfigurationUI	1697546769641	1697546769710	OK	 
REQUEST	XUI_020_Login	XUI_Common_000_ConfigJson	1697546769711	1697546769724	OK	 
REQUEST	XUI_020_Login	XUI_Common_000_TsAndCs	1697546769726	1697546770001	OK	 
REQUEST	XUI_020_Login	XUI_Common_000_ConfigUI	1697546770002	1697546770044	OK	 
REQUEST	XUI_020_Login	XUI_Common_000_UserDetails	1697546770045	1697546770733	OK	 
REQUEST	XUI_020_Login	XUI_Common_000_IsAuthenticated	1697546770736	1697546770834	OK	 
REQUEST	XUI_020_Login	XUI_Common_000_MonitoringTools	1697546770837	1697546770909	OK	 
GROUP	XUI_020_Login	1697546768210	1697546770929	2678	OK
REQUEST	XUI_PRL_030_CreateCaseStart	XUI_PRL_030_005_CreateCaseStart	1697546770931	1697546772160	OK	 
GROUP	XUI_PRL_030_CreateCaseStart	1697546770930	1697546772167	1229	OK
REQUEST	XUI_PRL_031_Type_Of_Application	XUI_PRL_031_005_Type_Of_Application	1697546772170	1697546773281	OK	 
GROUP	XUI_PRL_031_Type_Of_Application	1697546772168	1697546773282	1111	OK
REQUEST	XUI_PRL_032_ApplicationCheckYourAnswers	XUI_PRL_032_005_ApplicationCheckYourAnswers	1697546773282	1697546779629	OK	 
GROUP	XUI_PRL_032_ApplicationCheckYourAnswers	1697546773282	1697546779642	6347	OK
REQUEST	XUI_PRL_033_ApplicationDetails	XUI_PRL_033_005_ApplicationDetails	1697546779643	1697546781199	OK	 
GROUP	XUI_PRL_033_ApplicationDetails	1697546779642	1697546781236	1556	OK
REQUEST	XUI_PRL_034_EnterApplicationDetails	XUI_PRL_034_005_EnterApplicationDetails	1697546781237	1697546781883	OK	 
GROUP	XUI_PRL_034_EnterApplicationDetails	1697546781236	1697546781884	646	OK
REQUEST	XUI_PRL_035_SubmitApplicationDetails	XUI_PRL_035_005_SubmitApplicationDetails	1697546781885	1697546787339	OK	 
GROUP	XUI_PRL_035_SubmitApplicationDetails	1697546781884	1697546787342	5454	OK
REQUEST	XUI_PRL_036_SubmitAndPay	XUI_PRL_036_005_SubmitAndPay	1697546787342	1697546797868	OK	 
GROUP	XUI_PRL_036_SubmitAndPay	1697546787342	1697546797880	10526	OK
REQUEST	XUI_PRL_037_ConfidentialityStatement	XUI_PRL_037_005_ConfidentialityStatement	1697546797880	1697546798851	OK	 
GROUP	XUI_PRL_037_ConfidentialityStatement	1697546797880	1697546798853	971	OK
REQUEST	XUI_PRL_038_Declaration	XUI_PRL_038_005_Declaration	1697546798854	1697546800010	OK	 
GROUP	XUI_PRL_038_Declaration	1697546798853	1697546800012	1156	OK
REQUEST	XUI_PRL_039_Continue	XUI_PRL_039_005_Continue	1697546800012	1697546800825	KO	regex(paymentServiceRequestReferenceNumber": "(.{4})-(.{13})).find.exists, found nothing
GROUP	XUI_PRL_039_Continue	1697546800012	1697546800836	813	KO
USER	***** Private Law Create Case *****	END	1697546800841
