ASSERTION	AAECAAIFAAAAAAAAAFlA
RUN	simulations.PRL_Simulation	prl-simulation	1697618220576	 	3.9.5
USER	***** Private Law Create Case *****	START	1697618220997
REQUEST	XUI_010_Homepage	XUI_010_005_Homepage	1697618221022	1697618221128	OK	 
REQUEST	XUI_010_Homepage	XUI_Common_000_ConfigurationUI	1697618222752	1697618222883	OK	 
REQUEST	XUI_010_Homepage	XUI_Common_000_ConfigJson	1697618222884	1697618222905	OK	 
REQUEST	XUI_010_Homepage	XUI_Common_000_TsAndCs	1697618222906	1697618222947	OK	 
REQUEST	XUI_010_Homepage	XUI_Common_000_ConfigUI	1697618222947	1697618222972	OK	 
REQUEST	XUI_010_Homepage	XUI_Common_000_UserDetails	1697618222973	1697618223038	OK	 
REQUEST	XUI_010_Homepage	XUI_Common_000_IsAuthenticated	1697618223039	1697618223101	OK	 
REQUEST	XUI_010_Homepage	XUI_010_010_AuthLogin	1697618223104	1697618223148	OK	 
REQUEST	XUI_010_Homepage	XUI_010_010_AuthLogin Redirect 1	1697618223151	1697618223250	OK	 
REQUEST	XUI_010_Homepage	XUI_010_010_AuthLogin Redirect 2	1697618223251	1697618223304	OK	 
GROUP	XUI_010_Homepage	1697618220998	1697618223668	2558	OK
REQUEST	XUI_020_Login	XUI_020_005_Login	1697618223670	1697618224163	OK	 
REQUEST	XUI_020_Login	XUI_020_005_Login Redirect 1	1697618224164	1697618224680	OK	 
REQUEST	XUI_020_Login	XUI_020_005_Login Redirect 2	1697618224680	1697618224752	OK	 
REQUEST	XUI_020_Login	XUI_Common_000_ConfigurationUI	1697618225402	1697618225445	OK	 
REQUEST	XUI_020_Login	XUI_Common_000_ConfigJson	1697618225445	1697618225487	OK	 
REQUEST	XUI_020_Login	XUI_Common_000_TsAndCs	1697618225488	1697618225520	OK	 
REQUEST	XUI_020_Login	XUI_Common_000_ConfigUI	1697618225520	1697618225558	OK	 
REQUEST	XUI_020_Login	XUI_Common_000_UserDetails	1697618225559	1697618225939	OK	 
REQUEST	XUI_020_Login	XUI_Common_000_IsAuthenticated	1697618225940	1697618226075	OK	 
REQUEST	XUI_020_Login	XUI_Common_000_MonitoringTools	1697618226077	1697618226156	OK	 
GROUP	XUI_020_Login	1697618223668	1697618226175	2476	OK
REQUEST	XUI_PRL_030_CreateCaseStart	XUI_PRL_030_005_CreateCaseStart	1697618226179	1697618228864	OK	 
GROUP	XUI_PRL_030_CreateCaseStart	1697618226177	1697618228879	2685	OK
REQUEST	XUI_PRL_031_Type_Of_Application	XUI_PRL_031_005_Type_Of_Application	1697618228882	1697618232810	OK	 
GROUP	XUI_PRL_031_Type_Of_Application	1697618228879	1697618232811	3928	OK
REQUEST	XUI_PRL_032_ApplicationCheckYourAnswers	XUI_PRL_032_005_ApplicationCheckYourAnswers	1697618232812	1697618248708	OK	 
GROUP	XUI_PRL_032_ApplicationCheckYourAnswers	1697618232811	1697618248719	15896	OK
REQUEST	XUI_PRL_033_ApplicationDetails	XUI_PRL_033_005_ApplicationDetails	1697618248719	1697618251130	OK	 
GROUP	XUI_PRL_033_ApplicationDetails	1697618248719	1697618251178	2411	OK
REQUEST	XUI_PRL_034_EnterApplicationDetails	XUI_PRL_034_005_EnterApplicationDetails	1697618251178	1697618252502	OK	 
GROUP	XUI_PRL_034_EnterApplicationDetails	1697618251178	1697618252503	1324	OK
REQUEST	XUI_PRL_035_SubmitApplicationDetails	XUI_PRL_035_005_SubmitApplicationDetails	1697618252504	1697618263216	OK	 
GROUP	XUI_PRL_035_SubmitApplicationDetails	1697618252503	1697618263221	10712	OK
REQUEST	XUI_PRL_036_SubmitAndPay	XUI_PRL_036_005_SubmitAndPay	1697618263222	1697618277367	OK	 
GROUP	XUI_PRL_036_SubmitAndPay	1697618263221	1697618277377	14145	OK
REQUEST	XUI_PRL_037_ConfidentialityStatement	XUI_PRL_037_005_ConfidentialityStatement	1697618277379	1697618280990	OK	 
GROUP	XUI_PRL_037_ConfidentialityStatement	1697618277377	1697618280991	3611	OK
REQUEST	XUI_PRL_038_Declaration	XUI_PRL_038_005_Declaration	1697618280991	1697618282243	OK	 
GROUP	XUI_PRL_038_Declaration	1697618280991	1697618282244	1252	OK
REQUEST	XUI_PRL_039_Continue	XUI_PRL_039_005_Continue	1697618282244	1697618282837	OK	 
GROUP	XUI_PRL_039_Continue	1697618282244	1697618282837	593	OK
REQUEST	XUI_PRL_040_Continue	XUI_PRL_040_005_Continue	1697618282839	1697618300254	KO	status.find.in([200, 209], 304), found 409
GROUP	XUI_PRL_040_Continue	1697618282837	1697618300268	17415	KO
USER	***** Private Law Create Case *****	END	1697618300275
