ASSERTION	AAECAAIFAAAAAAAAAFlA
RUN	simulations.PRL_Simulation	prl-simulation	1697627444355	 	3.9.5
USER	***** Private Law Create Case *****	START	1697627446519
REQUEST	XUI_010_Homepage	XUI_010_005_Homepage	1697627446545	1697627452883	OK	 
REQUEST	XUI_010_Homepage	XUI_Common_000_ConfigurationUI	1697627474557	1697627474606	OK	 
REQUEST	XUI_010_Homepage	XUI_Common_000_ConfigJson	1697627474608	1697627474649	OK	 
REQUEST	XUI_010_Homepage	XUI_Common_000_TsAndCs	1697627474650	1697627474697	OK	 
REQUEST	XUI_010_Homepage	XUI_Common_000_ConfigUI	1697627474698	1697627474789	OK	 
REQUEST	XUI_010_Homepage	XUI_Common_000_UserDetails	1697627474790	1697627474853	OK	 
REQUEST	XUI_010_Homepage	XUI_Common_000_IsAuthenticated	1697627474854	1697627474923	OK	 
REQUEST	XUI_010_Homepage	XUI_010_010_AuthLogin	1697627474925	1697627475000	OK	 
REQUEST	XUI_010_Homepage	XUI_010_010_AuthLogin Redirect 1	1697627475002	1697627475417	OK	 
REQUEST	XUI_010_Homepage	XUI_010_010_AuthLogin Redirect 2	1697627475418	1697627475755	OK	 
GROUP	XUI_010_Homepage	1697627446520	1697627482038	35408	OK
REQUEST	XUI_020_Login	XUI_020_005_Login	1697627482040	1697627482946	OK	 
REQUEST	XUI_020_Login	XUI_020_005_Login Redirect 1	1697627482946	1697627485007	OK	 
REQUEST	XUI_020_Login	XUI_020_005_Login Redirect 2	1697627485009	1697627487460	OK	 
REQUEST	XUI_020_Login	XUI_Common_000_ConfigurationUI	1697627515489	1697627515562	OK	 
REQUEST	XUI_020_Login	XUI_Common_000_ConfigJson	1697627515563	1697627515586	OK	 
REQUEST	XUI_020_Login	XUI_Common_000_TsAndCs	1697627515587	1697627515649	OK	 
REQUEST	XUI_020_Login	XUI_Common_000_ConfigUI	1697627515650	1697627515686	OK	 
REQUEST	XUI_020_Login	XUI_Common_000_UserDetails	1697627515687	1697627516792	OK	 
REQUEST	XUI_020_Login	XUI_Common_000_IsAuthenticated	1697627516793	1697627516866	OK	 
REQUEST	XUI_020_Login	XUI_Common_000_MonitoringTools	1697627516868	1697627516934	OK	 
GROUP	XUI_020_Login	1697627482038	1697627516961	34882	OK
REQUEST	XUI_PRL_030_CreateCaseStart	XUI_PRL_030_005_CreateCaseStart	1697627516966	1697627529859	OK	 
GROUP	XUI_PRL_030_CreateCaseStart	1697627516962	1697627529867	12893	OK
REQUEST	XUI_PRL_031_Type_Of_Application	XUI_PRL_031_005_Type_Of_Application	1697627529869	1697627534216	OK	 
GROUP	XUI_PRL_031_Type_Of_Application	1697627529867	1697627534216	4347	OK
REQUEST	XUI_PRL_032_ApplicationCheckYourAnswers	XUI_PRL_032_005_ApplicationCheckYourAnswers	1697627534217	1697627552225	OK	 
GROUP	XUI_PRL_032_ApplicationCheckYourAnswers	1697627534216	1697627552239	18008	OK
REQUEST	XUI_PRL_033_ApplicationDetails	XUI_PRL_033_005_ApplicationDetails	1697627552240	1697627562133	OK	 
GROUP	XUI_PRL_033_ApplicationDetails	1697627552239	1697627562182	9893	OK
REQUEST	XUI_PRL_034_EnterApplicationDetails	XUI_PRL_034_005_EnterApplicationDetails	1697627562183	1697627563878	OK	 
GROUP	XUI_PRL_034_EnterApplicationDetails	1697627562182	1697627563879	1695	OK
REQUEST	XUI_PRL_035_SubmitApplicationDetails	XUI_PRL_035_005_SubmitApplicationDetails	1697627563880	1697627576930	OK	 
GROUP	XUI_PRL_035_SubmitApplicationDetails	1697627563879	1697627576931	13050	OK
REQUEST	XUI_PRL_036_SubmitAndPay	XUI_PRL_036_005_SubmitAndPay	1697627576931	1697627593758	OK	 
GROUP	XUI_PRL_036_SubmitAndPay	1697627576931	1697627593767	16827	OK
REQUEST	XUI_PRL_037_ConfidentialityStatement	XUI_PRL_037_005_ConfidentialityStatement	1697627593768	1697627595330	OK	 
GROUP	XUI_PRL_037_ConfidentialityStatement	1697627593767	1697627595331	1562	OK
REQUEST	XUI_PRL_038_Declaration	XUI_PRL_038_005_Declaration	1697627595331	1697627596668	OK	 
GROUP	XUI_PRL_038_Declaration	1697627595331	1697627596669	1337	OK
REQUEST	XUI_PRL_039_Continue	XUI_PRL_039_005_Continue	1697627596669	1697627597652	OK	 
GROUP	XUI_PRL_039_Continue	1697627596669	1697627597652	983	OK
USER	***** Private Law Create Case *****	END	1697627597656
