ASSERTION	AAECAAIFAAAAAAAAAFlA
RUN	simulations.PRL_Simulation	prl-simulation	1704804452180	 	3.9.5
USER	***** PRL Citizen Journey *****	START	1704804453657
REQUEST	XUI_010_Homepage	XUI_010_005_Homepage	1704804453666	1704804454426	OK	 
REQUEST	XUI_010_Homepage	XUI_Common_000_ConfigurationUI	1704804456968	1704804457108	OK	 
REQUEST	XUI_010_Homepage	XUI_Common_000_ConfigJson	1704804457113	1704804457208	OK	 
REQUEST	XUI_010_Homepage	XUI_Common_000_TsAndCs	1704804457211	1704804457297	OK	 
REQUEST	XUI_010_Homepage	XUI_Common_000_ConfigUI	1704804457299	1704804457391	OK	 
REQUEST	XUI_010_Homepage	XUI_Common_000_UserDetails	1704804457391	1704804457466	OK	 
REQUEST	XUI_010_Homepage	XUI_Common_000_IsAuthenticated	1704804457468	1704804457621	OK	 
REQUEST	XUI_010_Homepage	XUI_010_010_AuthLogin	1704804457628	1704804457717	OK	 
REQUEST	XUI_010_Homepage	XUI_010_010_AuthLogin Redirect 1	1704804457721	1704804458088	OK	 
REQUEST	XUI_010_Homepage	XUI_010_010_AuthLogin Redirect 2	1704804458090	1704804458418	OK	 
GROUP	XUI_010_Homepage	1704804453659	1704804459952	6175	OK
REQUEST	XUI_020_Login	XUI_020_005_Login	1704804459962	1704804460161	OK	 
REQUEST	XUI_020_Login	XUI_020_005_Login Redirect 1	1704804460162	1704804461151	OK	 
REQUEST	XUI_020_Login	XUI_020_005_Login Redirect 2	1704804461153	1704804461257	OK	 
REQUEST	XUI_020_Login	XUI_Common_000_ConfigurationUI	1704804463905	1704804464005	OK	 
REQUEST	XUI_020_Login	XUI_Common_000_ConfigJson	1704804464008	1704804464190	OK	 
REQUEST	XUI_020_Login	XUI_Common_000_TsAndCs	1704804464193	1704804464284	OK	 
REQUEST	XUI_020_Login	XUI_Common_000_ConfigUI	1704804464286	1704804464398	OK	 
REQUEST	XUI_020_Login	XUI_Common_000_UserDetails	1704804464400	1704804464950	OK	 
REQUEST	XUI_020_Login	XUI_Common_000_IsAuthenticated	1704804464952	1704804465041	OK	 
REQUEST	XUI_020_Login	XUI_Common_000_MonitoringTools	1704804465043	1704804465171	OK	 
GROUP	XUI_020_Login	1704804459952	1704804465212	5183	OK
REQUEST	XUI_PRL_030_CreateCaseStart	XUI_PRL_030_005_CreateCaseStart	1704804465214	1704804466919	OK	 
GROUP	XUI_PRL_030_CreateCaseStart	1704804465213	1704804466935	1705	OK
REQUEST	XUI_PRL_031_Type_Of_Application	XUI_PRL_031_005_Type_Of_Application	1704804466941	1704804467597	OK	 
GROUP	XUI_PRL_031_Type_Of_Application	1704804466935	1704804467597	656	OK
REQUEST	XUI_PRL_032_ApplicationCheckYourAnswers	XUI_PRL_032_005_ApplicationCheckYourAnswers	1704804467599	1704804468842	KO	status.find.in([200, 209], 304), found 404
GROUP	XUI_PRL_032_ApplicationCheckYourAnswers	1704804467597	1704804468866	1243	KO
USER	***** PRL Citizen Journey *****	END	1704804468870
