ASSERTION	AAECAAIFAAAAAAAAAFlA
RUN	simulations.PRL_Simulation	prl-simulation	1713461792924	 	3.9.5
USER	***** PRL CUI RA Journey *****	START	1713461793744
REQUEST	PRL_CitizenC100_010_PRLHome	PRL_CitizenC100_010_005_PRLHome	1713461793755	1713461793934	OK	 
REQUEST	PRL_CitizenC100_010_PRLHome	PRL_CitizenC100_010_005_PRLHome Redirect 1	1713461793941	1713461794021	OK	 
REQUEST	PRL_CitizenC100_010_PRLHome	PRL_CitizenC100_010_005_PRLHome Redirect 2	1713461794021	1713461794079	OK	 
REQUEST	PRL_CitizenC100_010_PRLHome	PRL_CitizenC100_010_005_PRLHome Redirect 3	1713461794080	1713461794250	OK	 
GROUP	PRL_CitizenC100_010_PRLHome	1713461793745	1713461794664	847	OK
REQUEST	PRL_CitizenC100_020_Login	PRL_CitizenC100_020_005_Login	1713461794666	1713461794788	OK	 
REQUEST	PRL_CitizenC100_020_Login	PRL_CitizenC100_020_005_Login Redirect 1	1713461794790	1713461795203	OK	 
REQUEST	PRL_CitizenC100_020_Login	PRL_CitizenC100_020_005_Login Redirect 2	1713461795204	1713461797036	OK	 
GROUP	PRL_CitizenC100_020_Login	1713461794664	1713461797266	2593	OK
REQUEST	PRL_CitizenC100_CUIRA_030_SelectCase	PRL_CitizenC100_CUIRA_030_SelectCase	1713461797267	1713461800863	OK	 
REQUEST	PRL_CitizenC100_CUIRA_030_SelectCase	PRL_CitizenC100_CUIRA_030_SelectCase Redirect 1	1713461800864	1713461800985	OK	 
GROUP	PRL_CitizenC100_CUIRA_030_SelectCase	1713461797266	1713461801129	3858	OK
REQUEST	PRL_CitizenC100_CUIRA_030_005_SelectCase	PRL_CitizenC100_CUIRA_030_005_SelectCase	1713461801129	1713461801237	OK	 
GROUP	PRL_CitizenC100_CUIRA_030_005_SelectCase	1713461801129	1713461801347	216	OK
REQUEST	PRL_CitizenC100_CUIRA_040_RAIntro	PRL_CitizenC100_CUIRA_040_RAIntro	1713461801348	1713461801827	OK	 
GROUP	PRL_CitizenC100_CUIRA_040_RAIntro	1713461801347	1713461802274	922	OK
REQUEST	PRL_CitizenC100_CUIRA_050_RAIntro	PRL_CitizenC100_CUIRA_050_RAIntro	1713461802276	1713461802364	OK	 
REQUEST	PRL_CitizenC100_CUIRA_050_RAIntro	PRL_CitizenC100_CUIRA_050_RAIntro Redirect 1	1713461802365	1713461802435	OK	 
REQUEST	PRL_CitizenC100_CUIRA_050_RAIntro	PRL_CitizenC100_CUIRA_050_RAIntro Redirect 2	1713461802436	1713461803723	KO	substring(language-requirements-and-special-arrangements).find.exists, found nothing
GROUP	PRL_CitizenC100_CUIRA_050_RAIntro	1713461802274	1713461803736	1445	KO
USER	***** PRL CUI RA Journey *****	END	1713461803739
