ASSERTION	AAECAAIFAAAAAAAAAFlA
RUN	simulations.PRL_Simulation	prl-simulation	1706096433680	 	3.9.5
USER	***** PRL Case Flags 2.1 Journey *****	START	1706096434373
REQUEST	XUI_010_Homepage	XUI_010_005_Homepage	1706096434381	1706096434580	OK	 
REQUEST	XUI_010_Homepage	XUI_Common_000_ConfigurationUI	1706096440171	1706096440207	OK	 
REQUEST	XUI_010_Homepage	XUI_Common_000_ConfigJson	1706096440211	1706096440256	OK	 
REQUEST	XUI_010_Homepage	XUI_Common_000_TsAndCs	1706096440261	1706096440318	OK	 
REQUEST	XUI_010_Homepage	XUI_Common_000_ConfigUI	1706096440321	1706096440356	OK	 
REQUEST	XUI_010_Homepage	XUI_Common_000_UserDetails	1706096440361	1706096440401	OK	 
REQUEST	XUI_010_Homepage	XUI_Common_000_IsAuthenticated	1706096440404	1706096440452	OK	 
REQUEST	XUI_010_Homepage	XUI_010_010_AuthLogin	1706096440465	1706096440504	OK	 
REQUEST	XUI_010_Homepage	XUI_010_010_AuthLogin Redirect 1	1706096440518	1706096440739	OK	 
REQUEST	XUI_010_Homepage	XUI_010_010_AuthLogin Redirect 2	1706096440743	1706096440822	OK	 
GROUP	XUI_010_Homepage	1706096434374	1706096441296	6757	OK
REQUEST	XUI_020_Login	XUI_020_005_Login	1706096441301	1706096441431	OK	 
REQUEST	XUI_020_Login	XUI_020_005_Login Redirect 1	1706096441433	1706096442151	OK	 
REQUEST	XUI_020_Login	XUI_020_005_Login Redirect 2	1706096442163	1706096442203	OK	 
REQUEST	XUI_020_Login	XUI_Common_000_ConfigurationUI	1706096444683	1706096444730	OK	 
REQUEST	XUI_020_Login	XUI_Common_000_ConfigJson	1706096444733	1706096444825	OK	 
REQUEST	XUI_020_Login	XUI_Common_000_TsAndCs	1706096444831	1706096444896	OK	 
REQUEST	XUI_020_Login	XUI_Common_000_ConfigUI	1706096444899	1706096444933	OK	 
REQUEST	XUI_020_Login	XUI_Common_000_UserDetails	1706096444936	1706096445884	OK	 
REQUEST	XUI_020_Login	XUI_Common_000_IsAuthenticated	1706096445890	1706096445966	OK	 
REQUEST	XUI_020_Login	XUI_Common_000_MonitoringTools	1706096445969	1706096446098	OK	 
GROUP	XUI_020_Login	1706096441296	1706096446151	4746	OK
REQUEST	XUI_PRL_030_CreateCaseStart	XUI_PRL_030_005_CreateCaseStart	1706096446154	1706096448731	OK	 
GROUP	XUI_PRL_030_CreateCaseStart	1706096446152	1706096448757	2577	OK
REQUEST	XUI_PRL_031_Type_Of_Application	XUI_PRL_031_005_Type_Of_Application	1706096448764	1706096450641	OK	 
GROUP	XUI_PRL_031_Type_Of_Application	1706096448757	1706096450644	1877	OK
REQUEST	XUI_PRL_032_ApplicationCheckYourAnswers	XUI_PRL_032_005_ApplicationCheckYourAnswers	1706096450646	1706096470260	OK	 
GROUP	XUI_PRL_032_ApplicationCheckYourAnswers	1706096450644	1706096470288	19614	OK
REQUEST	XUI_PRL_033_ApplicationDetails	XUI_PRL_033_005_ApplicationDetails	1706096470289	1706096473090	OK	 
GROUP	XUI_PRL_033_ApplicationDetails	1706096470288	1706096473150	2801	OK
REQUEST	XUI_PRL_034_EnterApplicationDetails	XUI_PRL_034_005_EnterApplicationDetails	1706096473151	1706096474715	OK	 
GROUP	XUI_PRL_034_EnterApplicationDetails	1706096473150	1706096474719	1564	OK
REQUEST	XUI_PRL_035_SubmitApplicationDetails	XUI_PRL_035_005_SubmitApplicationDetails	1706096474722	1706096482591	OK	 
GROUP	XUI_PRL_035_SubmitApplicationDetails	1706096474719	1706096482596	7869	OK
REQUEST	XUI_PRL_036_SubmitAndPay	XUI_PRL_036_005_SubmitAndPay	1706096482599	1706096491579	OK	 
GROUP	XUI_PRL_036_SubmitAndPay	1706096482597	1706096491601	8980	OK
REQUEST	XUI_PRL_037_ConfidentialityStatement	XUI_PRL_037_005_ConfidentialityStatement	1706096491602	1706096492855	OK	 
GROUP	XUI_PRL_037_ConfidentialityStatement	1706096491601	1706096492857	1253	OK
REQUEST	XUI_PRL_038_Declaration	XUI_PRL_038_005_Declaration	1706096492861	1706096494697	OK	 
GROUP	XUI_PRL_038_Declaration	1706096492857	1706096494699	1836	OK
REQUEST	XUI_PRL_039_Continue	XUI_PRL_039_005_Continue	1706096494702	1706096496109	OK	 
GROUP	XUI_PRL_039_Continue	1706096494700	1706096496113	1407	OK
REQUEST	XUI_PRL_040_Continue	XUI_PRL_039_005_Continue	1706096496118	1706096507153	OK	 
GROUP	XUI_PRL_040_Continue	1706096496113	1706096507163	11035	OK
REQUEST	XUI_PRL_041_DummyPaymentConfirmation 	XUI_PRL_041_005_DummyPaymentConfirmation 	1706096507165	1706096508362	OK	 
GROUP	XUI_PRL_041_DummyPaymentConfirmation 	1706096507163	1706096508362	1197	OK
REQUEST	XUI_PRL_042_PaymentOption	XUI_PRL_042_005_PaymentOption	1706096508363	1706096509363	OK	 
GROUP	XUI_PRL_042_PaymentOption	1706096508363	1706096509372	1000	OK
REQUEST	XUI_PRL_043_PaymentOption	XUI_PRL_043_005_PaymentOption	1706096509374	1706096509894	OK	 
REQUEST	XUI_PRL_043_PaymentOption	XUI_PRL_043_005_PaymentOption Redirect 1	1706096509899	1706096510112	OK	 
GROUP	XUI_PRL_043_PaymentOption	1706096509372	1706096510390	996	OK
REQUEST	XUI_PRL_044_CardDetails	XUI_PRL_044_005_CardDetails	1706096510390	1706096510512	OK	 
REQUEST	XUI_PRL_044_CardDetails	XUI_PRL_044_005_CardDetails Redirect 1	1706096510514	1706096510574	OK	 
GROUP	XUI_PRL_044_CardDetails	1706096510390	1706096510593	183	OK
REQUEST	XUI_PRL_045_ConfirmPayment	XUI_PRL_045_005_ConfirmPayment	1706096510594	1706096510675	OK	 
REQUEST	XUI_PRL_045_ConfirmPayment	XUI_PRL_045_005_ConfirmPayment Redirect 1	1706096510677	1706096510717	OK	 
REQUEST	XUI_PRL_045_ConfirmPayment	XUI_PRL_045_005_ConfirmPayment Redirect 2	1706096510737	1706096513460	OK	 
GROUP	XUI_PRL_045_ConfirmPayment	1706096510593	1706096513707	3079	OK
REQUEST	XUI_PRL_030_CreateCaseStart	XUI_PRL_030_005_CreateCaseStart	1706096513708	1706096516498	OK	 
GROUP	XUI_PRL_030_CreateCaseStart	1706096513708	1706096516503	2790	OK
REQUEST	XUI_PRL_031_Type_Of_Application	XUI_PRL_031_005_Type_Of_Application	1706096516506	1706096517348	OK	 
GROUP	XUI_PRL_031_Type_Of_Application	1706096516503	1706096517349	842	OK
REQUEST	XUI_PRL_032_ApplicationCheckYourAnswers	XUI_PRL_032_005_ApplicationCheckYourAnswers	1706096517352	1706096530259	OK	 
GROUP	XUI_PRL_032_ApplicationCheckYourAnswers	1706096517349	1706096530263	12907	OK
REQUEST	XUI_PRL_033_ApplicationDetails	XUI_PRL_033_005_ApplicationDetails	1706096530263	1706096532255	OK	 
GROUP	XUI_PRL_033_ApplicationDetails	1706096530263	1706096532269	1992	OK
REQUEST	XUI_PRL_034_EnterApplicationDetails	XUI_PRL_034_005_EnterApplicationDetails	1706096532270	1706096533417	OK	 
GROUP	XUI_PRL_034_EnterApplicationDetails	1706096532269	1706096533420	1147	OK
REQUEST	XUI_PRL_035_SubmitApplicationDetails	XUI_PRL_035_005_SubmitApplicationDetails	1706096533423	1706096540122	OK	 
GROUP	XUI_PRL_035_SubmitApplicationDetails	1706096533421	1706096540125	6699	OK
REQUEST	XUI_PRL_036_SubmitAndPay	XUI_PRL_036_005_SubmitAndPay	1706096540126	1706096547186	OK	 
GROUP	XUI_PRL_036_SubmitAndPay	1706096540125	1706096547192	7060	OK
REQUEST	XUI_PRL_037_ConfidentialityStatement	XUI_PRL_037_005_ConfidentialityStatement	1706096547195	1706096548082	OK	 
GROUP	XUI_PRL_037_ConfidentialityStatement	1706096547192	1706096548084	887	OK
REQUEST	XUI_PRL_038_Declaration	XUI_PRL_038_005_Declaration	1706096548086	1706096548580	OK	 
GROUP	XUI_PRL_038_Declaration	1706096548084	1706096548583	494	OK
REQUEST	XUI_PRL_039_Continue	XUI_PRL_039_005_Continue	1706096548585	1706096549361	OK	 
GROUP	XUI_PRL_039_Continue	1706096548583	1706096549364	776	OK
REQUEST	XUI_PRL_040_Continue	XUI_PRL_039_005_Continue	1706096549369	1706096555587	OK	 
GROUP	XUI_PRL_040_Continue	1706096549364	1706096555596	6218	OK
REQUEST	XUI_PRL_041_DummyPaymentConfirmation 	XUI_PRL_041_005_DummyPaymentConfirmation 	1706096555598	1706096556639	OK	 
GROUP	XUI_PRL_041_DummyPaymentConfirmation 	1706096555596	1706096556640	1041	OK
REQUEST	XUI_PRL_042_PaymentOption	XUI_PRL_042_005_PaymentOption	1706096556644	1706096557493	OK	 
GROUP	XUI_PRL_042_PaymentOption	1706096556640	1706096557495	849	OK
REQUEST	XUI_PRL_043_PaymentOption	XUI_PRL_043_005_PaymentOption	1706096557497	1706096557550	OK	 
REQUEST	XUI_PRL_043_PaymentOption	XUI_PRL_043_005_PaymentOption Redirect 1	1706096557553	1706096557652	OK	 
GROUP	XUI_PRL_043_PaymentOption	1706096557495	1706096557670	153	OK
REQUEST	XUI_PRL_044_CardDetails	XUI_PRL_044_005_CardDetails	1706096557671	1706096557795	OK	 
REQUEST	XUI_PRL_044_CardDetails	XUI_PRL_044_005_CardDetails Redirect 1	1706096557797	1706096557848	OK	 
GROUP	XUI_PRL_044_CardDetails	1706096557670	1706096557860	176	OK
REQUEST	XUI_PRL_045_ConfirmPayment	XUI_PRL_045_005_ConfirmPayment	1706096557860	1706096557948	OK	 
REQUEST	XUI_PRL_045_ConfirmPayment	XUI_PRL_045_005_ConfirmPayment Redirect 1	1706096557950	1706096557994	OK	 
REQUEST	XUI_PRL_045_ConfirmPayment	XUI_PRL_045_005_ConfirmPayment Redirect 2	1706096557996	1706096560099	OK	 
GROUP	XUI_PRL_045_ConfirmPayment	1706096557860	1706096560264	2391	OK
REQUEST	XUI_PRL_030_CreateCaseStart	XUI_PRL_030_005_CreateCaseStart	1706096560265	1706096561425	OK	 
GROUP	XUI_PRL_030_CreateCaseStart	1706096560264	1706096561429	1160	OK
REQUEST	XUI_PRL_031_Type_Of_Application	XUI_PRL_031_005_Type_Of_Application	1706096561431	1706096562201	OK	 
GROUP	XUI_PRL_031_Type_Of_Application	1706096561429	1706096562203	770	OK
REQUEST	XUI_PRL_032_ApplicationCheckYourAnswers	XUI_PRL_032_005_ApplicationCheckYourAnswers	1706096562204	1706096574516	OK	 
GROUP	XUI_PRL_032_ApplicationCheckYourAnswers	1706096562203	1706096574518	12312	OK
REQUEST	XUI_PRL_033_ApplicationDetails	XUI_PRL_033_005_ApplicationDetails	1706096574519	1706096576138	OK	 
GROUP	XUI_PRL_033_ApplicationDetails	1706096574518	1706096576178	1619	OK
REQUEST	XUI_PRL_034_EnterApplicationDetails	XUI_PRL_034_005_EnterApplicationDetails	1706096576179	1706096576648	OK	 
GROUP	XUI_PRL_034_EnterApplicationDetails	1706096576178	1706096576651	469	OK
REQUEST	XUI_PRL_035_SubmitApplicationDetails	XUI_PRL_035_005_SubmitApplicationDetails	1706096576658	1706096582845	OK	 
GROUP	XUI_PRL_035_SubmitApplicationDetails	1706096576651	1706096582850	6187	OK
REQUEST	XUI_PRL_036_SubmitAndPay	XUI_PRL_036_005_SubmitAndPay	1706096582852	1706096589061	OK	 
GROUP	XUI_PRL_036_SubmitAndPay	1706096582850	1706096589067	6209	OK
REQUEST	XUI_PRL_037_ConfidentialityStatement	XUI_PRL_037_005_ConfidentialityStatement	1706096589070	1706096589644	OK	 
GROUP	XUI_PRL_037_ConfidentialityStatement	1706096589067	1706096589647	574	OK
REQUEST	XUI_PRL_038_Declaration	XUI_PRL_038_005_Declaration	1706096589649	1706096590360	OK	 
GROUP	XUI_PRL_038_Declaration	1706096589647	1706096590362	711	OK
REQUEST	XUI_PRL_039_Continue	XUI_PRL_039_005_Continue	1706096590364	1706096591180	OK	 
GROUP	XUI_PRL_039_Continue	1706096590362	1706096591184	816	OK
REQUEST	XUI_PRL_040_Continue	XUI_PRL_039_005_Continue	1706096591186	1706096601273	OK	 
GROUP	XUI_PRL_040_Continue	1706096591184	1706096601281	10087	OK
REQUEST	XUI_PRL_041_DummyPaymentConfirmation 	XUI_PRL_041_005_DummyPaymentConfirmation 	1706096601282	1706096602209	OK	 
GROUP	XUI_PRL_041_DummyPaymentConfirmation 	1706096601281	1706096602210	927	OK
REQUEST	XUI_PRL_042_PaymentOption	XUI_PRL_042_005_PaymentOption	1706096602212	1706096602854	OK	 
GROUP	XUI_PRL_042_PaymentOption	1706096602210	1706096602858	642	OK
REQUEST	XUI_PRL_043_PaymentOption	XUI_PRL_043_005_PaymentOption	1706096602859	1706096602917	OK	 
REQUEST	XUI_PRL_043_PaymentOption	XUI_PRL_043_005_PaymentOption Redirect 1	1706096602919	1706096602991	OK	 
GROUP	XUI_PRL_043_PaymentOption	1706096602858	1706096603006	131	OK
REQUEST	XUI_PRL_044_CardDetails	XUI_PRL_044_005_CardDetails	1706096603006	1706096603146	OK	 
REQUEST	XUI_PRL_044_CardDetails	XUI_PRL_044_005_CardDetails Redirect 1	1706096603148	1706096603197	OK	 
GROUP	XUI_PRL_044_CardDetails	1706096603006	1706096603205	190	OK
REQUEST	XUI_PRL_045_ConfirmPayment	XUI_PRL_045_005_ConfirmPayment	1706096603214	1706096603299	OK	 
REQUEST	XUI_PRL_045_ConfirmPayment	XUI_PRL_045_005_ConfirmPayment Redirect 1	1706096603299	1706096603340	OK	 
REQUEST	XUI_PRL_045_ConfirmPayment	XUI_PRL_045_005_ConfirmPayment Redirect 2	1706096603341	1706096605607	OK	 
GROUP	XUI_PRL_045_ConfirmPayment	1706096603205	1706096606247	3023	OK
REQUEST	XUI_PRL_030_CreateCaseStart	XUI_PRL_030_005_CreateCaseStart	1706096606249	1706096607126	OK	 
GROUP	XUI_PRL_030_CreateCaseStart	1706096606248	1706096607131	877	OK
REQUEST	XUI_PRL_031_Type_Of_Application	XUI_PRL_031_005_Type_Of_Application	1706096607133	1706096607990	OK	 
GROUP	XUI_PRL_031_Type_Of_Application	1706096607131	1706096607992	857	OK
REQUEST	XUI_PRL_032_ApplicationCheckYourAnswers	XUI_PRL_032_005_ApplicationCheckYourAnswers	1706096607994	1706096615673	OK	 
GROUP	XUI_PRL_032_ApplicationCheckYourAnswers	1706096607992	1706096615676	7679	OK
REQUEST	XUI_PRL_033_ApplicationDetails	XUI_PRL_033_005_ApplicationDetails	1706096615677	1706096618336	OK	 
GROUP	XUI_PRL_033_ApplicationDetails	1706096615676	1706096618377	2659	OK
REQUEST	XUI_PRL_034_EnterApplicationDetails	XUI_PRL_034_005_EnterApplicationDetails	1706096618378	1706096618832	OK	 
GROUP	XUI_PRL_034_EnterApplicationDetails	1706096618377	1706096618834	454	OK
REQUEST	XUI_PRL_035_SubmitApplicationDetails	XUI_PRL_035_005_SubmitApplicationDetails	1706096618836	1706096623769	OK	 
GROUP	XUI_PRL_035_SubmitApplicationDetails	1706096618834	1706096623773	4933	OK
REQUEST	XUI_PRL_036_SubmitAndPay	XUI_PRL_036_005_SubmitAndPay	1706096623775	1706096629613	OK	 
GROUP	XUI_PRL_036_SubmitAndPay	1706096623773	1706096629617	5838	OK
REQUEST	XUI_PRL_037_ConfidentialityStatement	XUI_PRL_037_005_ConfidentialityStatement	1706096629619	1706096630245	OK	 
GROUP	XUI_PRL_037_ConfidentialityStatement	1706096629617	1706096630247	626	OK
REQUEST	XUI_PRL_038_Declaration	XUI_PRL_038_005_Declaration	1706096630249	1706096631015	OK	 
GROUP	XUI_PRL_038_Declaration	1706096630248	1706096631019	766	OK
REQUEST	XUI_PRL_039_Continue	XUI_PRL_039_005_Continue	1706096631021	1706096631479	OK	 
GROUP	XUI_PRL_039_Continue	1706096631019	1706096631483	458	OK
REQUEST	XUI_PRL_040_Continue	XUI_PRL_039_005_Continue	1706096631485	1706096639325	OK	 
GROUP	XUI_PRL_040_Continue	1706096631483	1706096639333	7840	OK
REQUEST	XUI_PRL_041_DummyPaymentConfirmation 	XUI_PRL_041_005_DummyPaymentConfirmation 	1706096639334	1706096640075	OK	 
GROUP	XUI_PRL_041_DummyPaymentConfirmation 	1706096639333	1706096640076	741	OK
REQUEST	XUI_PRL_042_PaymentOption	XUI_PRL_042_005_PaymentOption	1706096640078	1706096640787	OK	 
GROUP	XUI_PRL_042_PaymentOption	1706096640076	1706096640789	709	OK
REQUEST	XUI_PRL_043_PaymentOption	XUI_PRL_043_005_PaymentOption	1706096640789	1706096640838	OK	 
REQUEST	XUI_PRL_043_PaymentOption	XUI_PRL_043_005_PaymentOption Redirect 1	1706096640839	1706096640920	OK	 
GROUP	XUI_PRL_043_PaymentOption	1706096640789	1706096640935	131	OK
REQUEST	XUI_PRL_044_CardDetails	XUI_PRL_044_005_CardDetails	1706096640936	1706096641036	OK	 
REQUEST	XUI_PRL_044_CardDetails	XUI_PRL_044_005_CardDetails Redirect 1	1706096641038	1706096641099	OK	 
GROUP	XUI_PRL_044_CardDetails	1706096640935	1706096641112	162	OK
REQUEST	XUI_PRL_045_ConfirmPayment	XUI_PRL_045_005_ConfirmPayment	1706096641113	1706096641209	OK	 
REQUEST	XUI_PRL_045_ConfirmPayment	XUI_PRL_045_005_ConfirmPayment Redirect 1	1706096641211	1706096641254	OK	 
REQUEST	XUI_PRL_045_ConfirmPayment	XUI_PRL_045_005_ConfirmPayment Redirect 2	1706096641258	1706096643517	OK	 
GROUP	XUI_PRL_045_ConfirmPayment	1706096641112	1706096643746	2619	OK
REQUEST	XUI_PRL_030_CreateCaseStart	XUI_PRL_030_005_CreateCaseStart	1706096643750	1706096644769	OK	 
GROUP	XUI_PRL_030_CreateCaseStart	1706096643747	1706096644774	1019	OK
REQUEST	XUI_PRL_031_Type_Of_Application	XUI_PRL_031_005_Type_Of_Application	1706096644776	1706096645556	OK	 
GROUP	XUI_PRL_031_Type_Of_Application	1706096644774	1706096645558	780	OK
REQUEST	XUI_PRL_032_ApplicationCheckYourAnswers	XUI_PRL_032_005_ApplicationCheckYourAnswers	1706096645560	1706096653911	OK	 
GROUP	XUI_PRL_032_ApplicationCheckYourAnswers	1706096645558	1706096653918	8351	OK
REQUEST	XUI_PRL_033_ApplicationDetails	XUI_PRL_033_005_ApplicationDetails	1706096653920	1706096655572	OK	 
GROUP	XUI_PRL_033_ApplicationDetails	1706096653918	1706096655584	1652	OK
REQUEST	XUI_PRL_034_EnterApplicationDetails	XUI_PRL_034_005_EnterApplicationDetails	1706096655585	1706096656069	OK	 
GROUP	XUI_PRL_034_EnterApplicationDetails	1706096655584	1706096656071	484	OK
REQUEST	XUI_PRL_035_SubmitApplicationDetails	XUI_PRL_035_005_SubmitApplicationDetails	1706096656073	1706096663749	OK	 
GROUP	XUI_PRL_035_SubmitApplicationDetails	1706096656071	1706096663751	7676	OK
REQUEST	XUI_PRL_036_SubmitAndPay	XUI_PRL_036_005_SubmitAndPay	1706096663752	1706096669960	OK	 
GROUP	XUI_PRL_036_SubmitAndPay	1706096663751	1706096669964	6208	OK
REQUEST	XUI_PRL_037_ConfidentialityStatement	XUI_PRL_037_005_ConfidentialityStatement	1706096669965	1706096670524	OK	 
GROUP	XUI_PRL_037_ConfidentialityStatement	1706096669964	1706096670526	559	OK
REQUEST	XUI_PRL_038_Declaration	XUI_PRL_038_005_Declaration	1706096670530	1706096671156	OK	 
GROUP	XUI_PRL_038_Declaration	1706096670526	1706096671158	626	OK
REQUEST	XUI_PRL_039_Continue	XUI_PRL_039_005_Continue	1706096671160	1706096679201	OK	 
GROUP	XUI_PRL_039_Continue	1706096671158	1706096679204	8041	OK
REQUEST	XUI_PRL_040_Continue	XUI_PRL_039_005_Continue	1706096679206	1706096686344	OK	 
GROUP	XUI_PRL_040_Continue	1706096679204	1706096686352	7138	OK
REQUEST	XUI_PRL_041_DummyPaymentConfirmation 	XUI_PRL_041_005_DummyPaymentConfirmation 	1706096686353	1706096687131	OK	 
GROUP	XUI_PRL_041_DummyPaymentConfirmation 	1706096686352	1706096687133	778	OK
REQUEST	XUI_PRL_042_PaymentOption	XUI_PRL_042_005_PaymentOption	1706096687135	1706096687848	OK	 
GROUP	XUI_PRL_042_PaymentOption	1706096687133	1706096687851	713	OK
REQUEST	XUI_PRL_043_PaymentOption	XUI_PRL_043_005_PaymentOption	1706096687852	1706096687907	OK	 
REQUEST	XUI_PRL_043_PaymentOption	XUI_PRL_043_005_PaymentOption Redirect 1	1706096687908	1706096687983	OK	 
GROUP	XUI_PRL_043_PaymentOption	1706096687851	1706096687994	131	OK
REQUEST	XUI_PRL_044_CardDetails	XUI_PRL_044_005_CardDetails	1706096687994	1706096688219	OK	 
REQUEST	XUI_PRL_044_CardDetails	XUI_PRL_044_005_CardDetails Redirect 1	1706096688222	1706096688268	OK	 
GROUP	XUI_PRL_044_CardDetails	1706096687994	1706096688276	272	OK
REQUEST	XUI_PRL_045_ConfirmPayment	XUI_PRL_045_005_ConfirmPayment	1706096688279	1706096688354	OK	 
REQUEST	XUI_PRL_045_ConfirmPayment	XUI_PRL_045_005_ConfirmPayment Redirect 1	1706096688356	1706096688395	OK	 
REQUEST	XUI_PRL_045_ConfirmPayment	XUI_PRL_045_005_ConfirmPayment Redirect 2	1706096688397	1706096690646	OK	 
GROUP	XUI_PRL_045_ConfirmPayment	1706096688279	1706096691533	3244	OK
REQUEST	XUI_PRL_030_CreateCaseStart	XUI_PRL_030_005_CreateCaseStart	1706096691535	1706096692447	OK	 
GROUP	XUI_PRL_030_CreateCaseStart	1706096691533	1706096692451	912	OK
REQUEST	XUI_PRL_031_Type_Of_Application	XUI_PRL_031_005_Type_Of_Application	1706096692453	1706096693379	OK	 
GROUP	XUI_PRL_031_Type_Of_Application	1706096692451	1706096693381	926	OK
REQUEST	XUI_PRL_032_ApplicationCheckYourAnswers	XUI_PRL_032_005_ApplicationCheckYourAnswers	1706096693382	1706096704470	OK	 
GROUP	XUI_PRL_032_ApplicationCheckYourAnswers	1706096693381	1706096704473	11088	OK
REQUEST	XUI_PRL_033_ApplicationDetails	XUI_PRL_033_005_ApplicationDetails	1706096704474	1706096706636	OK	 
GROUP	XUI_PRL_033_ApplicationDetails	1706096704473	1706096706661	2162	OK
REQUEST	XUI_PRL_034_EnterApplicationDetails	XUI_PRL_034_005_EnterApplicationDetails	1706096706662	1706096707100	OK	 
GROUP	XUI_PRL_034_EnterApplicationDetails	1706096706661	1706096707101	438	OK
REQUEST	XUI_PRL_035_SubmitApplicationDetails	XUI_PRL_035_005_SubmitApplicationDetails	1706096707102	1706096713372	OK	 
GROUP	XUI_PRL_035_SubmitApplicationDetails	1706096707101	1706096713375	6270	OK
REQUEST	XUI_PRL_036_SubmitAndPay	XUI_PRL_036_005_SubmitAndPay	1706096713379	1706096719663	OK	 
GROUP	XUI_PRL_036_SubmitAndPay	1706096713375	1706096719668	6284	OK
REQUEST	XUI_PRL_037_ConfidentialityStatement	XUI_PRL_037_005_ConfidentialityStatement	1706096719669	1706096720902	OK	 
GROUP	XUI_PRL_037_ConfidentialityStatement	1706096719668	1706096720904	1233	OK
REQUEST	XUI_PRL_038_Declaration	XUI_PRL_038_005_Declaration	1706096720906	1706096721946	OK	 
GROUP	XUI_PRL_038_Declaration	1706096720904	1706096721950	1040	OK
REQUEST	XUI_PRL_039_Continue	XUI_PRL_039_005_Continue	1706096721952	1706096722821	OK	 
GROUP	XUI_PRL_039_Continue	1706096721950	1706096722823	869	OK
REQUEST	XUI_PRL_040_Continue	XUI_PRL_039_005_Continue	1706096722825	1706096729905	OK	 
GROUP	XUI_PRL_040_Continue	1706096722823	1706096729910	7080	OK
REQUEST	XUI_PRL_041_DummyPaymentConfirmation 	XUI_PRL_041_005_DummyPaymentConfirmation 	1706096729911	1706096730280	OK	 
GROUP	XUI_PRL_041_DummyPaymentConfirmation 	1706096729910	1706096730281	369	OK
REQUEST	XUI_PRL_042_PaymentOption	XUI_PRL_042_005_PaymentOption	1706096730282	1706096730855	OK	 
GROUP	XUI_PRL_042_PaymentOption	1706096730281	1706096730859	573	OK
REQUEST	XUI_PRL_043_PaymentOption	XUI_PRL_043_005_PaymentOption	1706096730860	1706096730918	OK	 
REQUEST	XUI_PRL_043_PaymentOption	XUI_PRL_043_005_PaymentOption Redirect 1	1706096730920	1706096731005	OK	 
GROUP	XUI_PRL_043_PaymentOption	1706096730859	1706096731025	144	OK
REQUEST	XUI_PRL_044_CardDetails	XUI_PRL_044_005_CardDetails	1706096731025	1706096731210	OK	 
REQUEST	XUI_PRL_044_CardDetails	XUI_PRL_044_005_CardDetails Redirect 1	1706096731210	1706096731261	OK	 
GROUP	XUI_PRL_044_CardDetails	1706096731025	1706096731263	237	OK
REQUEST	XUI_PRL_045_ConfirmPayment	XUI_PRL_045_005_ConfirmPayment	1706096731263	1706096731358	OK	 
REQUEST	XUI_PRL_045_ConfirmPayment	XUI_PRL_045_005_ConfirmPayment Redirect 1	1706096731358	1706096731530	OK	 
REQUEST	XUI_PRL_045_ConfirmPayment	XUI_PRL_045_005_ConfirmPayment Redirect 2	1706096731533	1706096733630	OK	 
GROUP	XUI_PRL_045_ConfirmPayment	1706096731263	1706096793654	62376	OK
REQUEST	XUI_PRL_030_CreateCaseStart	XUI_PRL_030_005_CreateCaseStart	1706096793659	1706096795516	OK	 
GROUP	XUI_PRL_030_CreateCaseStart	1706096793655	1706096795521	1857	OK
REQUEST	XUI_PRL_031_Type_Of_Application	XUI_PRL_031_005_Type_Of_Application	1706096795523	1706096796494	OK	 
GROUP	XUI_PRL_031_Type_Of_Application	1706096795521	1706096796496	971	OK
REQUEST	XUI_PRL_032_ApplicationCheckYourAnswers	XUI_PRL_032_005_ApplicationCheckYourAnswers	1706096796499	1706096811979	OK	 
GROUP	XUI_PRL_032_ApplicationCheckYourAnswers	1706096796496	1706096811989	15480	OK
REQUEST	XUI_PRL_033_ApplicationDetails	XUI_PRL_033_005_ApplicationDetails	1706096811991	1706096814909	OK	 
GROUP	XUI_PRL_033_ApplicationDetails	1706096811989	1706096814940	2918	OK
REQUEST	XUI_PRL_034_EnterApplicationDetails	XUI_PRL_034_005_EnterApplicationDetails	1706096814940	1706096815752	OK	 
GROUP	XUI_PRL_034_EnterApplicationDetails	1706096814940	1706096815754	812	OK
REQUEST	XUI_PRL_035_SubmitApplicationDetails	XUI_PRL_035_005_SubmitApplicationDetails	1706096815756	1706096823095	OK	 
GROUP	XUI_PRL_035_SubmitApplicationDetails	1706096815754	1706096823100	7339	OK
REQUEST	XUI_PRL_036_SubmitAndPay	XUI_PRL_036_005_SubmitAndPay	1706096823102	1706096830275	OK	 
GROUP	XUI_PRL_036_SubmitAndPay	1706096823100	1706096830279	7173	OK
REQUEST	XUI_PRL_037_ConfidentialityStatement	XUI_PRL_037_005_ConfidentialityStatement	1706096830281	1706096831831	OK	 
GROUP	XUI_PRL_037_ConfidentialityStatement	1706096830279	1706096831833	1550	OK
REQUEST	XUI_PRL_038_Declaration	XUI_PRL_038_005_Declaration	1706096831835	1706096833193	OK	 
GROUP	XUI_PRL_038_Declaration	1706096831833	1706096833195	1358	OK
REQUEST	XUI_PRL_039_Continue	XUI_PRL_039_005_Continue	1706096833196	1706096834589	OK	 
GROUP	XUI_PRL_039_Continue	1706096833195	1706096834592	1393	OK
REQUEST	XUI_PRL_040_Continue	XUI_PRL_039_005_Continue	1706096834593	1706096844400	OK	 
GROUP	XUI_PRL_040_Continue	1706096834592	1706096844405	9807	OK
REQUEST	XUI_PRL_041_DummyPaymentConfirmation 	XUI_PRL_041_005_DummyPaymentConfirmation 	1706096844408	1706096846138	OK	 
GROUP	XUI_PRL_041_DummyPaymentConfirmation 	1706096844405	1706096846140	1730	OK
REQUEST	XUI_PRL_042_PaymentOption	XUI_PRL_042_005_PaymentOption	1706096846142	1706096847246	OK	 
GROUP	XUI_PRL_042_PaymentOption	1706096846140	1706096847249	1104	OK
REQUEST	XUI_PRL_043_PaymentOption	XUI_PRL_043_005_PaymentOption	1706096847250	1706096847384	OK	 
REQUEST	XUI_PRL_043_PaymentOption	XUI_PRL_043_005_PaymentOption Redirect 1	1706096847386	1706096847531	OK	 
GROUP	XUI_PRL_043_PaymentOption	1706096847249	1706096847541	280	OK
REQUEST	XUI_PRL_044_CardDetails	XUI_PRL_044_005_CardDetails	1706096847542	1706096847718	OK	 
REQUEST	XUI_PRL_044_CardDetails	XUI_PRL_044_005_CardDetails Redirect 1	1706096847720	1706096847849	OK	 
GROUP	XUI_PRL_044_CardDetails	1706096847542	1706096847855	306	OK
REQUEST	XUI_PRL_045_ConfirmPayment	XUI_PRL_045_005_ConfirmPayment	1706096847856	1706096848008	OK	 
REQUEST	XUI_PRL_045_ConfirmPayment	XUI_PRL_045_005_ConfirmPayment Redirect 1	1706096848009	1706096848121	OK	 
REQUEST	XUI_PRL_045_ConfirmPayment	XUI_PRL_045_005_ConfirmPayment Redirect 2	1706096848122	1706096850367	OK	 
GROUP	XUI_PRL_045_ConfirmPayment	1706096847855	1706096850570	2702	OK
REQUEST	XUI_PRL_030_CreateCaseStart	XUI_PRL_030_005_CreateCaseStart	1706096850572	1706096851730	OK	 
GROUP	XUI_PRL_030_CreateCaseStart	1706096850570	1706096851734	1158	OK
REQUEST	XUI_PRL_031_Type_Of_Application	XUI_PRL_031_005_Type_Of_Application	1706096851735	1706096852409	OK	 
GROUP	XUI_PRL_031_Type_Of_Application	1706096851734	1706096852411	674	OK
REQUEST	XUI_PRL_032_ApplicationCheckYourAnswers	XUI_PRL_032_005_ApplicationCheckYourAnswers	1706096852412	1706096863337	OK	 
GROUP	XUI_PRL_032_ApplicationCheckYourAnswers	1706096852411	1706096863343	10925	OK
REQUEST	XUI_PRL_033_ApplicationDetails	XUI_PRL_033_005_ApplicationDetails	1706096863344	1706096864923	OK	 
GROUP	XUI_PRL_033_ApplicationDetails	1706096863343	1706096864961	1579	OK
REQUEST	XUI_PRL_034_EnterApplicationDetails	XUI_PRL_034_005_EnterApplicationDetails	1706096864962	1706096865619	OK	 
GROUP	XUI_PRL_034_EnterApplicationDetails	1706096864961	1706096865621	657	OK
REQUEST	XUI_PRL_035_SubmitApplicationDetails	XUI_PRL_035_005_SubmitApplicationDetails	1706096865623	1706096873066	OK	 
GROUP	XUI_PRL_035_SubmitApplicationDetails	1706096865621	1706096873069	7443	OK
REQUEST	XUI_PRL_036_SubmitAndPay	XUI_PRL_036_005_SubmitAndPay	1706096873071	1706096878354	OK	 
GROUP	XUI_PRL_036_SubmitAndPay	1706096873069	1706096878360	5283	OK
REQUEST	XUI_PRL_037_ConfidentialityStatement	XUI_PRL_037_005_ConfidentialityStatement	1706096878362	1706096878928	OK	 
GROUP	XUI_PRL_037_ConfidentialityStatement	1706096878360	1706096878930	566	OK
REQUEST	XUI_PRL_038_Declaration	XUI_PRL_038_005_Declaration	1706096878931	1706096880065	OK	 
GROUP	XUI_PRL_038_Declaration	1706096878930	1706096880066	1134	OK
REQUEST	XUI_PRL_039_Continue	XUI_PRL_039_005_Continue	1706096880067	1706096880994	OK	 
GROUP	XUI_PRL_039_Continue	1706096880066	1706096880997	927	OK
REQUEST	XUI_PRL_040_Continue	XUI_PRL_039_005_Continue	1706096880998	1706096888019	OK	 
GROUP	XUI_PRL_040_Continue	1706096880997	1706096888025	7021	OK
REQUEST	XUI_PRL_041_DummyPaymentConfirmation 	XUI_PRL_041_005_DummyPaymentConfirmation 	1706096888029	1706096889116	OK	 
GROUP	XUI_PRL_041_DummyPaymentConfirmation 	1706096888026	1706096889119	1087	OK
REQUEST	XUI_PRL_042_PaymentOption	XUI_PRL_042_005_PaymentOption	1706096889121	1706096889859	OK	 
GROUP	XUI_PRL_042_PaymentOption	1706096889119	1706096889861	738	OK
REQUEST	XUI_PRL_043_PaymentOption	XUI_PRL_043_005_PaymentOption	1706096889862	1706096889914	OK	 
REQUEST	XUI_PRL_043_PaymentOption	XUI_PRL_043_005_PaymentOption Redirect 1	1706096889916	1706096889991	OK	 
GROUP	XUI_PRL_043_PaymentOption	1706096889862	1706096890001	128	OK
REQUEST	XUI_PRL_044_CardDetails	XUI_PRL_044_005_CardDetails	1706096890002	1706096890123	OK	 
REQUEST	XUI_PRL_044_CardDetails	XUI_PRL_044_005_CardDetails Redirect 1	1706096890125	1706096890177	OK	 
GROUP	XUI_PRL_044_CardDetails	1706096890001	1706096890185	174	OK
REQUEST	XUI_PRL_045_ConfirmPayment	XUI_PRL_045_005_ConfirmPayment	1706096890185	1706096890254	OK	 
REQUEST	XUI_PRL_045_ConfirmPayment	XUI_PRL_045_005_ConfirmPayment Redirect 1	1706096890256	1706096890304	OK	 
REQUEST	XUI_PRL_045_ConfirmPayment	XUI_PRL_045_005_ConfirmPayment Redirect 2	1706096890305	1706096892455	OK	 
GROUP	XUI_PRL_045_ConfirmPayment	1706096890185	1706096892608	2414	OK
REQUEST	XUI_PRL_030_CreateCaseStart	XUI_PRL_030_005_CreateCaseStart	1706096892609	1706096893356	OK	 
GROUP	XUI_PRL_030_CreateCaseStart	1706096892608	1706096893361	747	OK
REQUEST	XUI_PRL_031_Type_Of_Application	XUI_PRL_031_005_Type_Of_Application	1706096893362	1706096894029	OK	 
GROUP	XUI_PRL_031_Type_Of_Application	1706096893361	1706096894031	667	OK
REQUEST	XUI_PRL_032_ApplicationCheckYourAnswers	XUI_PRL_032_005_ApplicationCheckYourAnswers	1706096894033	1706096902343	OK	 
GROUP	XUI_PRL_032_ApplicationCheckYourAnswers	1706096894031	1706096902349	8310	OK
REQUEST	XUI_PRL_033_ApplicationDetails	XUI_PRL_033_005_ApplicationDetails	1706096902350	1706096904405	OK	 
GROUP	XUI_PRL_033_ApplicationDetails	1706096902349	1706096904436	2055	OK
REQUEST	XUI_PRL_034_EnterApplicationDetails	XUI_PRL_034_005_EnterApplicationDetails	1706096904436	1706096905553	OK	 
GROUP	XUI_PRL_034_EnterApplicationDetails	1706096904436	1706096905555	1117	OK
REQUEST	XUI_PRL_035_SubmitApplicationDetails	XUI_PRL_035_005_SubmitApplicationDetails	1706096905557	1706096910139	OK	 
GROUP	XUI_PRL_035_SubmitApplicationDetails	1706096905555	1706096910142	4582	OK
REQUEST	XUI_PRL_036_SubmitAndPay	XUI_PRL_036_005_SubmitAndPay	1706096910143	1706096916341	OK	 
GROUP	XUI_PRL_036_SubmitAndPay	1706096910142	1706096916345	6198	OK
REQUEST	XUI_PRL_037_ConfidentialityStatement	XUI_PRL_037_005_ConfidentialityStatement	1706096916346	1706096917284	OK	 
GROUP	XUI_PRL_037_ConfidentialityStatement	1706096916345	1706096917286	938	OK
REQUEST	XUI_PRL_038_Declaration	XUI_PRL_038_005_Declaration	1706096917290	1706096918355	OK	 
GROUP	XUI_PRL_038_Declaration	1706096917286	1706096918357	1065	OK
REQUEST	XUI_PRL_039_Continue	XUI_PRL_039_005_Continue	1706096918359	1706096919373	OK	 
GROUP	XUI_PRL_039_Continue	1706096918357	1706096919376	1014	OK
REQUEST	XUI_PRL_040_Continue	XUI_PRL_039_005_Continue	1706096919378	1706096927094	OK	 
GROUP	XUI_PRL_040_Continue	1706096919376	1706096927100	7716	OK
REQUEST	XUI_PRL_041_DummyPaymentConfirmation 	XUI_PRL_041_005_DummyPaymentConfirmation 	1706096927101	1706096928034	OK	 
GROUP	XUI_PRL_041_DummyPaymentConfirmation 	1706096927100	1706096928035	933	OK
REQUEST	XUI_PRL_042_PaymentOption	XUI_PRL_042_005_PaymentOption	1706096928038	1706096928904	OK	 
GROUP	XUI_PRL_042_PaymentOption	1706096928035	1706096928907	866	OK
REQUEST	XUI_PRL_043_PaymentOption	XUI_PRL_043_005_PaymentOption	1706096928908	1706096929081	OK	 
REQUEST	XUI_PRL_043_PaymentOption	XUI_PRL_043_005_PaymentOption Redirect 1	1706096929083	1706096929243	OK	 
GROUP	XUI_PRL_043_PaymentOption	1706096928907	1706096929256	334	OK
REQUEST	XUI_PRL_044_CardDetails	XUI_PRL_044_005_CardDetails	1706096929258	1706096929420	OK	 
REQUEST	XUI_PRL_044_CardDetails	XUI_PRL_044_005_CardDetails Redirect 1	1706096929421	1706096929615	OK	 
GROUP	XUI_PRL_044_CardDetails	1706096929256	1706096929621	357	OK
REQUEST	XUI_PRL_045_ConfirmPayment	XUI_PRL_045_005_ConfirmPayment	1706096929621	1706096929773	OK	 
REQUEST	XUI_PRL_045_ConfirmPayment	XUI_PRL_045_005_ConfirmPayment Redirect 1	1706096929775	1706096929951	OK	 
REQUEST	XUI_PRL_045_ConfirmPayment	XUI_PRL_045_005_ConfirmPayment Redirect 2	1706096929953	1706096931775	OK	 
GROUP	XUI_PRL_045_ConfirmPayment	1706096929621	1706096931954	2323	OK
REQUEST	XUI_PRL_030_CreateCaseStart	XUI_PRL_030_005_CreateCaseStart	1706096931955	1706096933096	OK	 
GROUP	XUI_PRL_030_CreateCaseStart	1706096931954	1706096933100	1141	OK
REQUEST	XUI_PRL_031_Type_Of_Application	XUI_PRL_031_005_Type_Of_Application	1706096933101	1706096933714	OK	 
GROUP	XUI_PRL_031_Type_Of_Application	1706096933100	1706096933718	613	OK
REQUEST	XUI_PRL_032_ApplicationCheckYourAnswers	XUI_PRL_032_005_ApplicationCheckYourAnswers	1706096933720	1706096944510	OK	 
GROUP	XUI_PRL_032_ApplicationCheckYourAnswers	1706096933718	1706096944518	10790	OK
REQUEST	XUI_PRL_033_ApplicationDetails	XUI_PRL_033_005_ApplicationDetails	1706096944519	1706096946388	OK	 
GROUP	XUI_PRL_033_ApplicationDetails	1706096944518	1706096946412	1869	OK
REQUEST	XUI_PRL_034_EnterApplicationDetails	XUI_PRL_034_005_EnterApplicationDetails	1706096946413	1706096947604	OK	 
GROUP	XUI_PRL_034_EnterApplicationDetails	1706096946412	1706096947606	1191	OK
REQUEST	XUI_PRL_035_SubmitApplicationDetails	XUI_PRL_035_005_SubmitApplicationDetails	1706096947611	1706096953186	OK	 
GROUP	XUI_PRL_035_SubmitApplicationDetails	1706096947606	1706096953190	5575	OK
REQUEST	XUI_PRL_036_SubmitAndPay	XUI_PRL_036_005_SubmitAndPay	1706096953192	1706096957646	OK	 
GROUP	XUI_PRL_036_SubmitAndPay	1706096953190	1706096957652	4454	OK
REQUEST	