ASSERTION	AAECAAIFAAAAAAAAAFlA
RUN	simulations.PRL_Simulation	prl-simulation	1706627110913	 	3.9.5
USER	***** PRL Citizen Journey *****	START	1706627111414
REQUEST	PRL_CitizenC100_010_PRLHome	PRL_CitizenC100_010_005_PRLHome	1706627111435	1706627111534	OK	 
REQUEST	PRL_CitizenC100_010_PRLHome	PRL_CitizenC100_010_005_PRLHome Redirect 1	1706627111545	1706627111614	OK	 
REQUEST	PRL_CitizenC100_010_PRLHome	PRL_CitizenC100_010_005_PRLHome Redirect 2	1706627111614	1706627111668	OK	 
REQUEST	PRL_CitizenC100_010_PRLHome	PRL_CitizenC100_010_005_PRLHome Redirect 3	1706627111669	1706627111776	OK	 
GROUP	PRL_CitizenC100_010_PRLHome	1706627111415	1706627112023	528	OK
REQUEST	PRL_CitizenC100_020_Login	PRL_CitizenC100_020_005_Login	1706627112025	1706627112178	OK	 
REQUEST	PRL_CitizenC100_020_Login	PRL_CitizenC100_020_005_Login Redirect 1	1706627112179	1706627112590	OK	 
REQUEST	PRL_CitizenC100_020_Login	PRL_CitizenC100_020_005_Login Redirect 2	1706627112594	1706627114477	OK	 
GROUP	PRL_CitizenC100_020_Login	1706627112024	1706627114647	2596	OK
REQUEST	PRL_CitizenC100_025_ChildArrangementsApplication	PRL_CitizenC100_025_005_ChildArrangementsApplication	1706627114647	1706627115036	OK	 
GROUP	PRL_CitizenC100_025_ChildArrangementsApplication	1706627114647	1706627115118	461	OK
REQUEST	PRL_CitizenC100_030_StartApplication	PRL_CitizenC100_030_005_StartApplication	1706627115119	1706627115421	OK	 
GROUP	PRL_CitizenC100_030_StartApplication	1706627115119	1706627115555	426	OK
REQUEST	PRL_CitizenC100_040_WhatYouWillNeed	PRL_CitizenC100_040_005_WhatYouWillNeed	1706627115556	1706627118898	OK	 
REQUEST	PRL_CitizenC100_040_WhatYouWillNeed	PRL_CitizenC100_040_005_WhatYouWillNeed Redirect 1	1706627118901	1706627119207	OK	 
GROUP	PRL_CitizenC100_040_WhatYouWillNeed	1706627115555	1706627119265	3692	OK
REQUEST	PRL_CitizenC100_050_CaseName	PRL_CitizenC100_050_005_CaseName	1706627119267	1706627119319	OK	 
REQUEST	PRL_CitizenC100_050_CaseName	PRL_CitizenC100_050_005_CaseName Redirect 1	1706627119320	1706627119453	OK	 
GROUP	PRL_CitizenC100_050_CaseName	1706627119266	1706627119516	240	OK
REQUEST	PRL_CitizenC100_060_ChildrenPostCode	PRL_CitizenC100_060_005_ChildrenPostCode	1706627119519	1706627119571	OK	 
REQUEST	PRL_CitizenC100_060_ChildrenPostCode	PRL_CitizenC100_060_005_ChildrenPostCode Redirect 1	1706627119573	1706627119924	OK	 
GROUP	PRL_CitizenC100_060_ChildrenPostCode	1706627119517	1706627119971	433	OK
REQUEST	PRL_CitizenC100_070_WrittenAgreement	PRL_CitizenC100_070_005_WrittenAgreement	1706627119971	1706627120034	OK	 
REQUEST	PRL_CitizenC100_070_WrittenAgreement	PRL_CitizenC100_070_005_WrittenAgreement Redirect 1	1706627120036	1706627120093	OK	 
GROUP	PRL_CitizenC100_070_WrittenAgreement	1706627119971	1706627120207	226	OK
REQUEST	PRL_CitizenC100_080_BeforeCourt	PRL_CitizenC100_080_005_BeforeCourt	1706627120208	1706627120256	OK	 
REQUEST	PRL_CitizenC100_080_BeforeCourt	PRL_CitizenC100_080_005_BeforeCourt Redirect 1	1706627120258	1706627120338	OK	 
GROUP	PRL_CitizenC100_080_BeforeCourt	1706627120207	1706627120380	167	OK
REQUEST	PRL_CitizenC100_090_ReachAgreement	PRL_CitizenC100_090_005_ReachAgreement	1706627120381	1706627120413	OK	 
REQUEST	PRL_CitizenC100_090_ReachAgreement	PRL_CitizenC100_090_005_ReachAgreement Redirect 1	1706627120415	1706627120512	OK	 
GROUP	PRL_CitizenC100_090_ReachAgreement	1706627120380	1706627120567	178	OK
REQUEST	PRL_CitizenC100_100_LegalRep	PRL_CitizenC100_100_005_LegalRep	1706627120568	1706627120607	OK	 
REQUEST	PRL_CitizenC100_100_LegalRep	PRL_CitizenC100_100_005_LegalRep Redirect 1	1706627120608	1706627120666	OK	 
GROUP	PRL_CitizenC100_100_LegalRep	1706627120567	1706627120712	139	OK
REQUEST	PRL_CitizenC100_110_PermissionFromCourt	PRL_CitizenC100_110_005_PermissionFromCourt	1706627120713	1706627120775	OK	 
REQUEST	PRL_CitizenC100_110_PermissionFromCourt	PRL_CitizenC100_110_005_PermissionFromCourt Redirect 1	1706627120778	1706627120846	OK	 
GROUP	PRL_CitizenC100_110_PermissionFromCourt	1706627120712	1706627120885	163	OK
REQUEST	PRL_CitizenC100_120_WhyPermissionFromCourt	PRL_CitizenC100_120_005_WhyPermissionFromCourt	1706627120886	1706627120926	OK	 
REQUEST	PRL_CitizenC100_120_WhyPermissionFromCourt	PRL_CitizenC100_120_005_WhyPermissionFromCourt Redirect 1	1706627120927	1706627120984	OK	 
GROUP	PRL_CitizenC100_120_WhyPermissionFromCourt	1706627120885	1706627121058	162	OK
REQUEST	PRL_CitizenC100_130_WhyCourtShouldGrant	PRL_CitizenC100_130_005_WhyCourtShouldGrant	1706627121059	1706627121090	OK	 
REQUEST	PRL_CitizenC100_130_WhyCourtShouldGrant	PRL_CitizenC100_130_005_WhyCourtShouldGrant Redirect 1	1706627121091	1706627121173	OK	 
GROUP	PRL_CitizenC100_130_WhyCourtShouldGrant	1706627121058	1706627121218	151	OK
REQUEST	PRL_CitizenC100_140_InvolvedInEmergencyProtection	PRL_CitizenC100_140_005_InvolvedInEmergencyProtection	1706627121219	1706627121252	OK	 
REQUEST	PRL_CitizenC100_140_InvolvedInEmergencyProtection	PRL_CitizenC100_140_005_InvolvedInEmergencyProtection Redirect 1	1706627121253	1706627121349	OK	 
GROUP	PRL_CitizenC100_140_InvolvedInEmergencyProtection	1706627121219	1706627121421	196	OK
REQUEST	PRL_CitizenC100_150_AttendingMIAM	PRL_CitizenC100_150_005_AttendingMIAM	1706627121423	1706627121461	OK	 
REQUEST	PRL_CitizenC100_150_AttendingMIAM	PRL_CitizenC100_150_005_AttendingMIAM Redirect 1	1706627121465	1706627121507	OK	 
GROUP	PRL_CitizenC100_150_AttendingMIAM	1706627121421	1706627121545	116	OK
REQUEST	PRL_CitizenC100_160_AttendedMIAM	PRL_CitizenC100_160_005_AttendedMIAM	1706627121545	1706627121575	OK	 
REQUEST	PRL_CitizenC100_160_AttendedMIAM	PRL_CitizenC100_160_005_AttendedMIAM Redirect 1	1706627121576	1706627121637	OK	 
GROUP	PRL_CitizenC100_160_AttendedMIAM	1706627121545	1706627121681	132	OK
REQUEST	PRL_CitizenC100_170_DocumentSigned	PRL_CitizenC100_170_005_DocumentSigned	1706627121682	1706627121713	OK	 
REQUEST	PRL_CitizenC100_170_DocumentSigned	PRL_CitizenC100_170_005_DocumentSigned Redirect 1	1706627121714	1706627121796	OK	 
GROUP	PRL_CitizenC100_170_DocumentSigned	1706627121681	1706627121896	190	OK
REQUEST	PRL_CitizenC100_180_MIAMUpload	PRL_CitizenC100_180_005_MIAMUpload	1706627121910	1706627123200	OK	 
REQUEST	PRL_CitizenC100_180_MIAMUpload	PRL_CitizenC100_180_005_MIAMUpload Redirect 1	1706627123203	1706627123292	OK	 
GROUP	PRL_CitizenC100_180_MIAMUpload	1706627121896	1706627123343	1422	OK
REQUEST	PRL_CitizenC100_190_MIAMUploadSubmit	PRL_CitizenC100_190_005_MIAMUploadSubmit	1706627123344	1706627154769	KO	status.find.in([200, 209], 304), found 504
GROUP	PRL_CitizenC100_190_MIAMUploadSubmit	1706627123343	1706627154789	31425	KO
USER	***** PRL Citizen Journey *****	END	1706627154795
