ASSERTION	AAECAAIFAAAAAAAAAFlA
RUN	simulations.PRL_Simulation	prl-simulation	1704803941197	 	3.9.5
USER	***** PRL Citizen Journey *****	START	1704803941794
REQUEST	XUI_010_Homepage	XUI_010_005_Homepage	1704803941802	1704803942153	OK	 
REQUEST	XUI_010_Homepage	XUI_Common_000_ConfigurationUI	1704803947797	1704803947928	OK	 
REQUEST	XUI_010_Homepage	XUI_Common_000_ConfigJson	1704803947932	1704803948008	OK	 
REQUEST	XUI_010_Homepage	XUI_Common_000_TsAndCs	1704803948009	1704803948097	OK	 
REQUEST	XUI_010_Homepage	XUI_Common_000_ConfigUI	1704803948098	1704803948209	OK	 
REQUEST	XUI_010_Homepage	XUI_Common_000_UserDetails	1704803948210	1704803948277	OK	 
REQUEST	XUI_010_Homepage	XUI_Common_000_IsAuthenticated	1704803948278	1704803948394	OK	 
REQUEST	XUI_010_Homepage	XUI_010_010_AuthLogin	1704803948400	1704803948512	OK	 
REQUEST	XUI_010_Homepage	XUI_010_010_AuthLogin Redirect 1	1704803948517	1704803948815	OK	 
REQUEST	XUI_010_Homepage	XUI_010_010_AuthLogin Redirect 2	1704803948816	1704803949100	OK	 
GROUP	XUI_010_Homepage	1704803941794	1704803950023	8105	OK
REQUEST	XUI_020_Login	XUI_020_005_Login	1704803950036	1704803950254	OK	 
REQUEST	XUI_020_Login	XUI_020_005_Login Redirect 1	1704803950257	1704803950885	OK	 
REQUEST	XUI_020_Login	XUI_020_005_Login Redirect 2	1704803950888	1704803950969	OK	 
REQUEST	XUI_020_Login	XUI_Common_000_ConfigurationUI	1704803953992	1704803954083	OK	 
REQUEST	XUI_020_Login	XUI_Common_000_ConfigJson	1704803954084	1704803954188	OK	 
REQUEST	XUI_020_Login	XUI_Common_000_TsAndCs	1704803954190	1704803954267	OK	 
REQUEST	XUI_020_Login	XUI_Common_000_ConfigUI	1704803954269	1704803954384	OK	 
REQUEST	XUI_020_Login	XUI_Common_000_UserDetails	1704803954386	1704803955186	OK	 
REQUEST	XUI_020_Login	XUI_Common_000_IsAuthenticated	1704803955188	1704803955266	OK	 
REQUEST	XUI_020_Login	XUI_Common_000_MonitoringTools	1704803955267	1704803955365	OK	 
GROUP	XUI_020_Login	1704803950024	1704803955403	5305	OK
REQUEST	XUI_PRL_030_CreateCaseStart	XUI_PRL_030_005_CreateCaseStart	1704803955406	1704803960510	OK	 
GROUP	XUI_PRL_030_CreateCaseStart	1704803955404	1704803960519	5104	OK
REQUEST	XUI_PRL_031_Type_Of_Application	XUI_PRL_031_005_Type_Of_Application	1704803960526	1704803962148	OK	 
GROUP	XUI_PRL_031_Type_Of_Application	1704803960519	1704803962149	1622	OK
REQUEST	XUI_PRL_032_ApplicationCheckYourAnswers	XUI_PRL_032_005_ApplicationCheckYourAnswers	1704803962150	1704803963931	KO	status.find.in([200, 209], 304), found 404
GROUP	XUI_PRL_032_ApplicationCheckYourAnswers	1704803962149	1704803963949	1781	KO
USER	***** PRL Citizen Journey *****	END	1704803963955
