ASSERTION	AAECAAMFAAAAAAAAAFlA
RUN	simulations.PRL_Simulation	prl-simulation	1686582401620	 	3.3.1
USER	***** Private Law Create Case *****	1	START	1686582401903	1686582401903
REQUEST	1	XUI_010_Homepage	XUI_010_005_Homepage	1686582401915	1686582401962	OK	 
REQUEST	1	XUI_010_Homepage	XUI_Common_000_ConfigurationUI	1686582401978	1686582402137	OK	 
REQUEST	1	XUI_010_Homepage	XUI_Common_000_ConfigJson	1686582402146	1686582402180	OK	 
REQUEST	1	XUI_010_Homepage	XUI_Common_000_TsAndCs	1686582402182	1686582402243	OK	 
REQUEST	1	XUI_010_Homepage	XUI_Common_000_ConfigUI	1686582402244	1686582402411	OK	 
REQUEST	1	XUI_010_Homepage	XUI_Common_000_UserDetails	1686582402414	1686582402612	OK	 
REQUEST	1	XUI_010_Homepage	XUI_Common_000_IsAuthenticated	1686582402616	1686582402920	OK	 
REQUEST	1	XUI_010_Homepage	XUI_010_010_AuthLogin	1686582402923	1686582403136	OK	 
REQUEST	1	XUI_010_Homepage	XUI_010_010_AuthLogin Redirect 1	1686582403140	1686582404460	OK	 
REQUEST	1	XUI_010_Homepage	XUI_010_010_AuthLogin Redirect 2	1686582404463	1686582404998	OK	 
GROUP	1	XUI_010_Homepage	1686582401908	1686582407162	5148	OK
REQUEST	1	XUI_020_Login	XUI_020_005_Login	1686582407165	1686582407366	OK	 
REQUEST	1	XUI_020_Login	XUI_020_005_Login Redirect 1	1686582407368	1686582407819	OK	 
REQUEST	1	XUI_020_Login	XUI_020_005_Login Redirect 2	1686582407819	1686582407889	OK	 
REQUEST	1	XUI_020_Login	XUI_Common_000_ConfigurationUI	1686582442687	1686582442809	OK	 
REQUEST	1	XUI_020_Login	XUI_Common_000_ConfigJson	1686582442810	1686582442959	OK	 
REQUEST	1	XUI_020_Login	XUI_Common_000_TsAndCs	1686582442960	1686582443070	OK	 
REQUEST	1	XUI_020_Login	XUI_Common_000_ConfigUI	1686582443071	1686582443152	OK	 
REQUEST	1	XUI_020_Login	XUI_Common_000_UserDetails	1686582443153	1686582443292	OK	 
REQUEST	1	XUI_020_Login	XUI_Common_000_IsAuthenticated	1686582443293	1686582443344	OK	 
REQUEST	1	XUI_020_Login	XUI_Common_000_MonitoringTools	1686582443349	1686582443440	OK	 
GROUP	1	XUI_020_Login	1686582407162	1686582443460	36260	OK
REQUEST	1	XUI_PRL_030_SelectCase	XUI_PRL_030_005_SelectCase	1686582443469	1686582443680	KO	status.find.in(200,201,202,203,204,205,206,207,208,209,304), found 406
GROUP	1	XUI_PRL_030_SelectCase	1686582443461	1686582443682	211	KO
USER	***** Private Law Create Case *****	1	END	1686582401903	1686582443684
