ASSERTION	AAECAAIFAAAAAAAAAFlA
RUN	simulations.PRL_Simulation	prl-simulation	1706632546264	 	3.9.5
USER	***** PRL Citizen Journey *****	START	1706632546704
REQUEST	XUI_010_Homepage	XUI_010_005_Homepage	1706632546712	1706632546815	OK	 
REQUEST	XUI_010_Homepage	XUI_Common_000_ConfigurationUI	1706632547905	1706632547931	OK	 
REQUEST	XUI_010_Homepage	XUI_Common_000_ConfigJson	1706632547935	1706632547956	OK	 
REQUEST	XUI_010_Homepage	XUI_Common_000_TsAndCs	1706632547957	1706632547986	OK	 
REQUEST	XUI_010_Homepage	XUI_Common_000_ConfigUI	1706632547987	1706632548009	OK	 
REQUEST	XUI_010_Homepage	XUI_Common_000_UserDetails	1706632548009	1706632548038	OK	 
REQUEST	XUI_010_Homepage	XUI_Common_000_IsAuthenticated	1706632548038	1706632548064	OK	 
REQUEST	XUI_010_Homepage	XUI_010_010_AuthLogin	1706632548065	1706632548091	OK	 
REQUEST	XUI_010_Homepage	XUI_010_010_AuthLogin Redirect 1	1706632548093	1706632548166	OK	 
REQUEST	XUI_010_Homepage	XUI_010_010_AuthLogin Redirect 2	1706632548166	1706632548228	OK	 
GROUP	XUI_010_Homepage	1706632546704	1706632548446	1656	OK
REQUEST	XUI_020_Login	XUI_020_005_Login	1706632548449	1706632548514	OK	 
REQUEST	XUI_020_Login	XUI_020_005_Login Redirect 1	1706632548515	1706632548970	OK	 
REQUEST	XUI_020_Login	XUI_020_005_Login Redirect 2	1706632548976	1706632548999	OK	 
REQUEST	XUI_020_Login	XUI_Common_000_ConfigurationUI	1706632550047	1706632550072	OK	 
REQUEST	XUI_020_Login	XUI_Common_000_ConfigJson	1706632550073	1706632550096	OK	 
REQUEST	XUI_020_Login	XUI_Common_000_TsAndCs	1706632550097	1706632550130	OK	 
REQUEST	XUI_020_Login	XUI_Common_000_ConfigUI	1706632550133	1706632550167	OK	 
REQUEST	XUI_020_Login	XUI_Common_000_UserDetails	1706632550169	1706632550546	OK	 
REQUEST	XUI_020_Login	XUI_Common_000_IsAuthenticated	1706632550549	1706632550591	OK	 
REQUEST	XUI_020_Login	XUI_Common_000_MonitoringTools	1706632550593	1706632550637	OK	 
GROUP	XUI_020_Login	1706632548446	1706632550660	2165	OK
REQUEST	XUI_010_Homepage	XUI_010_005_Homepage	1706632550661	1706632550682	OK	 
REQUEST	XUI_010_Homepage	XUI_Common_000_ConfigurationUI	1706632551725	1706632551754	OK	 
REQUEST	XUI_010_Homepage	XUI_Common_000_ConfigJson	1706632551755	1706632551776	OK	 
REQUEST	XUI_010_Homepage	XUI_Common_000_TsAndCs	1706632551777	1706632551802	OK	 
REQUEST	XUI_010_Homepage	XUI_Common_000_ConfigUI	1706632551802	1706632551827	OK	 
REQUEST	XUI_010_Homepage	XUI_Common_000_UserDetails	1706632551827	1706632551853	OK	 
REQUEST	XUI_010_Homepage	XUI_Common_000_IsAuthenticated	1706632551853	1706632551875	OK	 
REQUEST	XUI_010_Homepage	XUI_010_010_AuthLogin	1706632551875	1706632551898	OK	 
REQUEST	XUI_010_Homepage	XUI_010_010_AuthLogin Redirect 1	1706632551898	1706632552009	OK	 
REQUEST	XUI_010_Homepage	XUI_010_010_AuthLogin Redirect 2	1706632552011	1706632552071	OK	 
GROUP	XUI_010_Homepage	1706632550661	1706632552272	1593	OK
REQUEST	XUI_020_Login	XUI_020_005_Login	1706632552273	1706632552411	OK	 
REQUEST	XUI_020_Login	XUI_020_005_Login Redirect 1	1706632552413	1706632553242	OK	 
REQUEST	XUI_020_Login	XUI_020_005_Login Redirect 2	1706632553244	1706632553272	OK	 
REQUEST	XUI_020_Login	XUI_Common_000_ConfigurationUI	1706632554308	1706632554331	OK	 
REQUEST	XUI_020_Login	XUI_Common_000_ConfigJson	1706632554331	1706632554356	OK	 
REQUEST	XUI_020_Login	XUI_Common_000_TsAndCs	1706632554356	1706632554385	OK	 
REQUEST	XUI_020_Login	XUI_Common_000_ConfigUI	1706632554386	1706632554412	OK	 
REQUEST	XUI_020_Login	XUI_Common_000_UserDetails	1706632554413	1706632554676	OK	 
REQUEST	XUI_020_Login	XUI_Common_000_IsAuthenticated	1706632554679	1706632554704	OK	 
REQUEST	XUI_020_Login	XUI_Common_000_MonitoringTools	1706632554707	1706632554753	OK	 
GROUP	XUI_020_Login	1706632552272	1706632554755	2467	OK
REQUEST	XUI_PRL_030_TaskTab	XUI_PRL_030_005_SelectIssue	1706632554756	1706632555104	OK	 
GROUP	XUI_PRL_030_TaskTab	1706632554755	1706632555110	348	OK
REQUEST	XUI_PRL_031_AssignToMe	XUI_PRL_031_005_AssignToMe	1706632555111	1706632555273	OK	 
GROUP	XUI_PRL_031_AssignToMe	1706632555110	1706632555276	162	OK
REQUEST	XUI_PRL_040_SelectCase	XUI_PRL_040_005_SelectIssue	1706632555282	1706632556843	OK	 
REQUEST	XUI_PRL_040_SelectCase	XUI_Common_000_UserDetails	1706632556847	1706632556876	OK	 
GROUP	XUI_PRL_040_SelectCase	1706632555276	1706632556877	1590	OK
REQUEST	XUI_PRL_050_LocalCourt	XUI_PRL_050_005_LocalCourt	1706632556877	1706632557203	OK	 
REQUEST	XUI_PRL_050_LocalCourt	XUI_Common_000_UserDetails	1706632557207	1706632557237	OK	 
GROUP	XUI_PRL_050_LocalCourt	1706632556877	1706632557240	356	OK
REQUEST	XUI_PRL_060_LocalCourtSubmit	XUI_PRL_060_005_LocalCourtSubmit	1706632557240	1706632571740	OK	 
REQUEST	XUI_PRL_060_LocalCourtSubmit	XUI_Common_000_UserDetails	1706632571743	1706632571767	OK	 
GROUP	XUI_PRL_060_LocalCourtSubmit	1706632557240	1706632571767	14524	OK
REQUEST	XUI_PRL_070_SendToGateKeeper	XUI_PRL_070_005_SendToGateKeeper	1706632571767	1706632573649	OK	 
REQUEST	XUI_PRL_070_SendToGateKeeper	XUI_Common_000_UserDetails	1706632573655	1706632573694	OK	 
GROUP	XUI_PRL_070_SendToGateKeeper	1706632571767	1706632573695	1921	OK
REQUEST	XUI_PRL_080_AddGateKeeper	XUI_PRL_080_005_AddGateKeeper	1706632573695	1706632574355	OK	 
GROUP	XUI_PRL_080_AddGateKeeper	1706632573695	1706632574356	660	OK
REQUEST	XUI_PRL_090_GateKeeperSubmit	XUI_PRL_090_005_GateKeeperSubmit	1706632574357	1706632575115	OK	 
GROUP	XUI_PRL_090_GateKeeperSubmit	1706632574356	1706632575116	758	OK
REQUEST	XUI_PRL_180_ServiceOfApplication	XUI_PRL_180_005_ServiceOfApplication	1706632575116	1706632575912	OK	 
REQUEST	XUI_PRL_180_ServiceOfApplication	XUI_Common_000_UserDetails	1706632575921	1706632575963	OK	 
GROUP	XUI_PRL_180_ServiceOfApplication	1706632575116	1706632575964	838	OK
REQUEST	XUI_PRL_190_PD36QUpload	XUI_PRL_190_005_PD36QUpload	1706632575970	1706632576403	OK	 
GROUP	XUI_PRL_190_PD36QUpload	1706632575964	1706632576408	433	OK
REQUEST	XUI_PRL_200_SpecialArrangementsUpload	XUI_PRL_200_005_SpecialArrangementsUpload	1706632576409	1706632576883	OK	 
GROUP	XUI_PRL_200_SpecialArrangementsUpload	1706632576408	1706632576884	474	OK
REQUEST	XUI_PRL_210_AdditionalDocumentsUpload	XUI_PRL_210_005_AdditionalDocumentsUpload	1706632576885	1706632577222	OK	 
GROUP	XUI_PRL_210_AdditionalDocumentsUpload	1706632576884	1706632577224	337	OK
REQUEST	XUI_PRL_220_DocumentUpload	XUI_PRL_220_005_DocumentUpload	1706632577225	1706632577421	OK	 
GROUP	XUI_PRL_220_DocumentUpload	1706632577224	1706632577422	196	OK
REQUEST	XUI_PRL_230_PersonallyServed	XUI_PRL_230_005_PersonallyServed	1706632577423	1706632577624	OK	 
GROUP	XUI_PRL_230_PersonallyServed	1706632577422	1706632577625	201	OK
REQUEST	XUI_PRL_240_ServiceSubmit	XUI_PRL_240_005_ServiceSubmit	1706632577625	1706632580647	KO	regex(accessCode":"(\w{8})).find.exists, found nothing
GROUP	XUI_PRL_240_ServiceSubmit	1706632577625	1706632580661	3022	KO
USER	***** PRL Citizen Journey *****	END	1706632580665
