ASSERTION	AAECAAIFAAAAAAAAAFlA
RUN	simulations.PRL_Simulation	prl-simulation	1713514212671	 	3.9.5
USER	***** PRL CUI RA Journey *****	START	1713514213841
REQUEST	PRL_CitizenC100_010_PRLHome	PRL_CitizenC100_010_005_PRLHome	1713514213851	1713514214067	OK	 
REQUEST	PRL_CitizenC100_010_PRLHome	PRL_CitizenC100_010_005_PRLHome Redirect 1	1713514214074	1713514214145	OK	 
REQUEST	PRL_CitizenC100_010_PRLHome	PRL_CitizenC100_010_005_PRLHome Redirect 2	1713514214146	1713514214278	OK	 
REQUEST	PRL_CitizenC100_010_PRLHome	PRL_CitizenC100_010_005_PRLHome Redirect 3	1713514214279	1713514217464	OK	 
GROUP	PRL_CitizenC100_010_PRLHome	1713514213842	1713514217800	3887	OK
REQUEST	PRL_CitizenC100_020_Login	PRL_CitizenC100_020_005_Login	1713514217802	1713514219358	OK	 
REQUEST	PRL_CitizenC100_020_Login	PRL_CitizenC100_020_005_Login Redirect 1	1713514219359	1713514219803	OK	 
REQUEST	PRL_CitizenC100_020_Login	PRL_CitizenC100_020_005_Login Redirect 2	1713514219805	1713514225236	OK	 
GROUP	PRL_CitizenC100_020_Login	1713514217800	1713514225524	7712	OK
REQUEST	PRL_CitizenC100_CUIRA_030_SelectCase	PRL_CitizenC100_CUIRA_030_SelectCase	1713514225525	1713514231726	OK	 
REQUEST	PRL_CitizenC100_CUIRA_030_SelectCase	PRL_CitizenC100_CUIRA_030_SelectCase Redirect 1	1713514231727	1713514231992	OK	 
GROUP	PRL_CitizenC100_CUIRA_030_SelectCase	1713514225524	1713514232172	6639	OK
REQUEST	PRL_CitizenC100_CUIRA_030_005_SelectCase	PRL_CitizenC100_CUIRA_030_005_SelectCase	1713514232172	1713514232309	OK	 
GROUP	PRL_CitizenC100_CUIRA_030_005_SelectCase	1713514232172	1713514232468	294	OK
REQUEST	PRL_CitizenC100_CUIRA_040_RAIntro	PRL_CitizenC100_CUIRA_040_RAIntro	1713514232469	1713514234577	OK	 
GROUP	PRL_CitizenC100_CUIRA_040_RAIntro	1713514232468	1713514234722	2249	OK
REQUEST	PRL_CitizenC100_CUIRA_050_RAIntro	PRL_CitizenC100_CUIRA_050_RAIntro	1713514234723	1713514234795	OK	 
REQUEST	PRL_CitizenC100_CUIRA_050_RAIntro	PRL_CitizenC100_CUIRA_050_RAIntro Redirect 1	1713514234796	1713514234948	OK	 
REQUEST	PRL_CitizenC100_CUIRA_050_RAIntro	PRL_CitizenC100_CUIRA_050_RAIntro Redirect 2	1713514234949	1713514238430	KO	substring(language-requirements-and-special-arrangements).find.exists, found nothing
GROUP	PRL_CitizenC100_CUIRA_050_RAIntro	1713514234723	1713514238441	3705	KO
USER	***** PRL CUI RA Journey *****	END	1713514238445
