ASSERTION	AAECAAIFAAAAAAAAAFlA
RUN	simulations.PRL_Simulation	prl-simulation	1706796226201	 	3.9.5
USER	***** PRL Citizen Journey *****	START	1706796226631
REQUEST	XUI_010_Homepage	XUI_010_005_Homepage	1706796226639	1706796226718	OK	 
REQUEST	XUI_010_Homepage	XUI_Common_000_ConfigurationUI	1706796227789	1706796227813	OK	 
REQUEST	XUI_010_Homepage	XUI_Common_000_ConfigJson	1706796227815	1706796227839	OK	 
REQUEST	XUI_010_Homepage	XUI_Common_000_TsAndCs	1706796227840	1706796227874	OK	 
REQUEST	XUI_010_Homepage	XUI_Common_000_ConfigUI	1706796227874	1706796227910	OK	 
REQUEST	XUI_010_Homepage	XUI_Common_000_UserDetails	1706796227910	1706796227992	OK	 
REQUEST	XUI_010_Homepage	XUI_Common_000_IsAuthenticated	1706796227993	1706796228017	OK	 
REQUEST	XUI_010_Homepage	XUI_010_010_AuthLogin	1706796228020	1706796228046	OK	 
REQUEST	XUI_010_Homepage	XUI_010_010_AuthLogin Redirect 1	1706796228048	1706796228164	OK	 
REQUEST	XUI_010_Homepage	XUI_010_010_AuthLogin Redirect 2	1706796228168	1706796228226	OK	 
GROUP	XUI_010_Homepage	1706796226632	1706796228741	2015	OK
REQUEST	XUI_020_Login	XUI_020_005_Login	1706796228747	1706796228880	OK	 
REQUEST	XUI_020_Login	XUI_020_005_Login Redirect 1	1706796228881	1706796229782	OK	 
REQUEST	XUI_020_Login	XUI_020_005_Login Redirect 2	1706796229783	1706796229814	OK	 
REQUEST	XUI_020_Login	XUI_Common_000_ConfigurationUI	1706796230834	1706796230869	OK	 
REQUEST	XUI_020_Login	XUI_Common_000_ConfigJson	1706796230870	1706796230906	OK	 
REQUEST	XUI_020_Login	XUI_Common_000_TsAndCs	1706796230907	1706796230939	OK	 
REQUEST	XUI_020_Login	XUI_Common_000_ConfigUI	1706796230940	1706796230971	OK	 
REQUEST	XUI_020_Login	XUI_Common_000_UserDetails	1706796230972	1706796231504	OK	 
REQUEST	XUI_020_Login	XUI_Common_000_IsAuthenticated	1706796231506	1706796231583	OK	 
REQUEST	XUI_020_Login	XUI_Common_000_MonitoringTools	1706796231586	1706796231658	OK	 
GROUP	XUI_020_Login	1706796228741	1706796231680	2898	OK
REQUEST	XUI_PRL_030_CreateCaseStart	XUI_PRL_030_005_CreateCaseStart	1706796231682	1706796232653	OK	 
GROUP	XUI_PRL_030_CreateCaseStart	1706796231681	1706796232668	971	OK
REQUEST	XUI_PRL_031_Type_Of_Application	XUI_PRL_031_005_Type_Of_Application	1706796232671	1706796233573	OK	 
GROUP	XUI_PRL_031_Type_Of_Application	1706796232668	1706796233576	902	OK
REQUEST	XUI_PRL_032_ApplicationCheckYourAnswers	XUI_PRL_032_005_ApplicationCheckYourAnswers	1706796233577	1706796245294	OK	 
GROUP	XUI_PRL_032_ApplicationCheckYourAnswers	1706796233576	1706796245303	11717	OK
REQUEST	XUI_PRL_033_ApplicationDetails	XUI_PRL_033_005_ApplicationDetails	1706796245303	1706796246407	OK	 
GROUP	XUI_PRL_033_ApplicationDetails	1706796245303	1706796246440	1104	OK
REQUEST	XUI_PRL_034_EnterApplicationDetails	XUI_PRL_034_005_EnterApplicationDetails	1706796246442	1706796247154	OK	 
GROUP	XUI_PRL_034_EnterApplicationDetails	1706796246441	1706796247156	712	OK
REQUEST	XUI_PRL_035_SubmitApplicationDetails	XUI_PRL_035_005_SubmitApplicationDetails	1706796247158	1706796254820	OK	 
GROUP	XUI_PRL_035_SubmitApplicationDetails	1706796247156	1706796254822	7662	OK
REQUEST	XUI_PRL_036_SubmitAndPay	XUI_PRL_036_005_SubmitAndPay	1706796254823	1706796261976	OK	 
GROUP	XUI_PRL_036_SubmitAndPay	1706796254822	1706796261993	7153	OK
REQUEST	XUI_PRL_037_ConfidentialityStatement	XUI_PRL_037_005_ConfidentialityStatement	1706796261994	1706796262773	OK	 
GROUP	XUI_PRL_037_ConfidentialityStatement	1706796261993	1706796262773	779	OK
REQUEST	XUI_PRL_038_Declaration	XUI_PRL_038_005_Declaration	1706796262774	1706796263952	OK	 
GROUP	XUI_PRL_038_Declaration	1706796262773	1706796263954	1178	OK
REQUEST	XUI_PRL_039_Continue	XUI_PRL_039_005_Continue	1706796263956	1706796264963	OK	 
GROUP	XUI_PRL_039_Continue	1706796263954	1706796264967	1007	OK
REQUEST	XUI_PRL_040_Continue	XUI_PRL_039_005_Continue	1706796264968	1706796271395	OK	 
GROUP	XUI_PRL_040_Continue	1706796264967	1706796271400	6427	OK
REQUEST	XUI_PRL_041_DummyPaymentConfirmation 	XUI_PRL_041_005_DummyPaymentConfirmation 	1706796271400	1706796272280	OK	 
GROUP	XUI_PRL_041_DummyPaymentConfirmation 	1706796271400	1706796272280	880	OK
REQUEST	XUI_PRL_042_PaymentOption	XUI_PRL_042_005_PaymentOption	1706796272280	1706796273074	OK	 
GROUP	XUI_PRL_042_PaymentOption	1706796272280	1706796273079	794	OK
REQUEST	XUI_PRL_043_PaymentOption	XUI_PRL_043_005_PaymentOption	1706796273080	1706796273200	OK	 
REQUEST	XUI_PRL_043_PaymentOption	XUI_PRL_043_005_PaymentOption Redirect 1	1706796273200	1706796273290	OK	 
GROUP	XUI_PRL_043_PaymentOption	1706796273080	1706796273454	365	OK
REQUEST	XUI_PRL_044_CardDetails	XUI_PRL_044_005_CardDetails	1706796273455	1706796273574	OK	 
REQUEST	XUI_PRL_044_CardDetails	XUI_PRL_044_005_CardDetails Redirect 1	1706796273575	1706796273629	OK	 
GROUP	XUI_PRL_044_CardDetails	1706796273454	1706796273634	174	OK
REQUEST	XUI_PRL_045_ConfirmPayment	XUI_PRL_045_005_ConfirmPayment	1706796273634	1706796273714	OK	 
REQUEST	XUI_PRL_045_ConfirmPayment	XUI_PRL_045_005_ConfirmPayment Redirect 1	1706796273714	1706796273757	OK	 
REQUEST	XUI_PRL_045_ConfirmPayment	XUI_PRL_045_005_ConfirmPayment Redirect 2	1706796273762	1706796276288	OK	 
GROUP	XUI_PRL_045_ConfirmPayment	1706796273634	1706796276463	2820	OK
USER	***** PRL Citizen Journey *****	END	1706796276468
