ASSERTION	AAECAAIFAAAAAAAAAFlA
RUN	simulations.PRL_Simulation	prl-simulation	1706053921889	 	3.9.5
USER	***** PRL Case Flags 2.1 Journey *****	START	1706053922721
REQUEST	XUI_010_Homepage	XUI_010_005_Homepage	1706053922731	1706053922864	OK	 
REQUEST	XUI_010_Homepage	XUI_Common_000_ConfigurationUI	1706053926153	1706053926187	OK	 
REQUEST	XUI_010_Homepage	XUI_Common_000_ConfigJson	1706053926189	1706053926221	OK	 
REQUEST	XUI_010_Homepage	XUI_Common_000_TsAndCs	1706053926222	1706053926254	OK	 
REQUEST	XUI_010_Homepage	XUI_Common_000_ConfigUI	1706053926255	1706053926301	OK	 
REQUEST	XUI_010_Homepage	XUI_Common_000_UserDetails	1706053926301	1706053926325	OK	 
REQUEST	XUI_010_Homepage	XUI_Common_000_IsAuthenticated	1706053926326	1706053926382	OK	 
REQUEST	XUI_010_Homepage	XUI_010_010_AuthLogin	1706053926384	1706053926417	OK	 
REQUEST	XUI_010_Homepage	XUI_010_010_AuthLogin Redirect 1	1706053926419	1706053926603	OK	 
REQUEST	XUI_010_Homepage	XUI_010_010_AuthLogin Redirect 2	1706053926604	1706053926688	OK	 
GROUP	XUI_010_Homepage	1706053922723	1706053926945	4133	OK
REQUEST	XUI_020_LoginCa	XUI_020_005_LoginCa	1706053926948	1706053946405	OK	 
REQUEST	XUI_020_LoginCa	XUI_020_005_LoginCa Redirect 1	1706053946406	1706053946927	OK	 
REQUEST	XUI_020_LoginCa	XUI_020_005_LoginCa Redirect 2	1706053946930	1706053946964	OK	 
REQUEST	XUI_020_LoginCa	XUI_Common_000_ConfigurationUI	1706053949225	1706053949299	OK	 
REQUEST	XUI_020_LoginCa	XUI_Common_000_ConfigJson	1706053949300	1706053949365	OK	 
REQUEST	XUI_020_LoginCa	XUI_Common_000_TsAndCs	1706053949367	1706053949441	OK	 
REQUEST	XUI_020_LoginCa	XUI_Common_000_ConfigUI	1706053949443	1706053949515	OK	 
REQUEST	XUI_020_LoginCa	XUI_Common_000_UserDetails	1706053949517	1706053949794	OK	 
REQUEST	XUI_020_LoginCa	XUI_Common_000_IsAuthenticated	1706053949795	1706053949870	OK	 
REQUEST	XUI_020_LoginCa	XUI_Common_000_MonitoringTools	1706053949871	1706053949908	OK	 
GROUP	XUI_020_LoginCa	1706053926945	1706053949931	22944	OK
REQUEST	XUI_PRL_031_SelectCase	XUI_PRL_031_005_SelectCase	1706053949931	1706053953526	OK	 
GROUP	XUI_PRL_031_SelectCase	1706053949931	1706053953527	3595	OK
REQUEST	XUI_PRL_032_SelectApplication	XUI_PRL_032_005_SelectApplication	1706053953527	1706053953564	OK	 
REQUEST	XUI_PRL_032_SelectApplication	XUI_PRL_032_010_SelectApplication	1706053953564	1706053956910	OK	 
GROUP	XUI_PRL_032_SelectApplication	1706053953527	1706053956970	3383	OK
REQUEST	XUI_PRL_033_SelectSupport	XUI_PRL_033_005_SelectSupport	1706053956971	1706053957030	OK	 
GROUP	XUI_PRL_033_SelectSupport	1706053956971	1706053957030	59	OK
REQUEST	XUI_PRL_034_SelectCaseDocuments	XUI_PRL_034_005_SelectCaseDocuments	1706053957031	1706053957069	OK	 
GROUP	XUI_PRL_034_SelectCaseDocuments	1706053957030	1706053957069	38	OK
REQUEST	XUI_PRL_035_SelectHistory	XUI_PRL_035_005_SelectHistory	1706053957069	1706053957100	OK	 
GROUP	XUI_PRL_035_SelectHistory	1706053957069	1706053957101	31	OK
REQUEST	XUI_PRL_036_SelectServiceRequest	XUI_PRL_036_005_SelectServiceRequest	1706053957102	1706053957133	OK	 
REQUEST	XUI_PRL_036_SelectServiceRequest	XUI_PRL_036_010_SelectServiceRequest	1706053957134	1706053957577	KO	status.find.in([200, 209], 304), found 403
GROUP	XUI_PRL_036_SelectServiceRequest	1706053957101	1706053957587	474	KO
USER	***** PRL Case Flags 2.1 Journey *****	END	1706053957591
