ASSERTION	AAECAAMFAAAAAAAAAFlA
RUN	simulations.XUI_Simulation	xui-simulation	1678809549403	 	3.3.1
USER	***** Private Law Create Case *****	1	START	1678809550501	1678809550501
REQUEST	1	PRL_CitizenC100_010_PRLHome	PRL_CitizenC100_010_005_PRLHome	1678809550538	1678809550648	OK	 
REQUEST	1	PRL_CitizenC100_010_PRLHome	PRL_CitizenC100_010_005_PRLHome Redirect 1	1678809550690	1678809550751	OK	 
REQUEST	1	PRL_CitizenC100_010_PRLHome	PRL_CitizenC100_010_005_PRLHome Redirect 2	1678809550756	1678809550836	OK	 
GROUP	1	PRL_CitizenC100_010_PRLHome	1678809550512	1678809551146	438	OK
REQUEST	1	PRL_CitizenC100_020_Login	PRL_CitizenC100_020_005_Login	1678809551151	1678809551883	OK	 
REQUEST	1	PRL_CitizenC100_020_Login	PRL_CitizenC100_020_005_Login Redirect 1	1678809551891	1678809552319	OK	 
REQUEST	1	PRL_CitizenC100_020_Login	PRL_CitizenC100_020_005_Login Redirect 2	1678809552325	1678809556386	OK	 
GROUP	1	PRL_CitizenC100_020_Login	1678809551146	1678809556530	5344	OK
REQUEST	1	PRL_CitizenC100_030_StartApplication	PRL_CitizenC100_030_005_StartApplication	1678809556530	1678809556581	OK	 
GROUP	1	PRL_CitizenC100_030_StartApplication	1678809556530	1678809556676	129	OK
REQUEST	1	PRL_CitizenC100_040_WhatYouWillNeed	PRL_CitizenC100_040_005_WhatYouWillNeed	1678809556677	1678809569206	OK	 
REQUEST	1	PRL_CitizenC100_040_WhatYouWillNeed	PRL_CitizenC100_040_005_WhatYouWillNeed Redirect 1	1678809569212	1678809569253	OK	 
GROUP	1	PRL_CitizenC100_040_WhatYouWillNeed	1678809556676	1678809569346	12644	OK
REQUEST	1	PRL_CitizenC100_050_CaseName	PRL_CitizenC100_050_005_CaseName	1678809569347	1678809569381	OK	 
REQUEST	1	PRL_CitizenC100_050_CaseName	PRL_CitizenC100_050_005_CaseName Redirect 1	1678809569384	1678809569419	OK	 
GROUP	1	PRL_CitizenC100_050_CaseName	1678809569346	1678809569487	125	OK
REQUEST	1	PRL_CitizenC100_060_ChildrenPostCode	PRL_CitizenC100_060_005_ChildrenPostCode	1678809569490	1678809569539	OK	 
REQUEST	1	PRL_CitizenC100_060_ChildrenPostCode	PRL_CitizenC100_060_005_ChildrenPostCode Redirect 1	1678809569540	1678809569578	OK	 
GROUP	1	PRL_CitizenC100_060_ChildrenPostCode	1678809569487	1678809569646	141	OK
REQUEST	1	PRL_CitizenC100_070_WrittenAgreement	PRL_CitizenC100_070_005_WrittenAgreement	1678809569646	1678809569680	OK	 
REQUEST	1	PRL_CitizenC100_070_WrittenAgreement	PRL_CitizenC100_070_005_WrittenAgreement Redirect 1	1678809569682	1678809569729	OK	 
GROUP	1	PRL_CitizenC100_070_WrittenAgreement	1678809569646	1678809569789	136	OK
REQUEST	1	PRL_CitizenC100_080_BeforeCourt	PRL_CitizenC100_080_005_BeforeCourt	1678809569789	1678809569828	OK	 
REQUEST	1	PRL_CitizenC100_080_BeforeCourt	PRL_CitizenC100_080_005_BeforeCourt Redirect 1	1678809569834	1678809569867	OK	 
GROUP	1	PRL_CitizenC100_080_BeforeCourt	1678809569789	1678809569923	121	OK
REQUEST	1	PRL_CitizenC100_090_ReachAgreement	PRL_CitizenC100_090_005_ReachAgreement	1678809569924	1678809569962	OK	 
REQUEST	1	PRL_CitizenC100_090_ReachAgreement	PRL_CitizenC100_090_005_ReachAgreement Redirect 1	1678809569965	1678809570021	OK	 
GROUP	1	PRL_CitizenC100_090_ReachAgreement	1678809569923	1678809570082	143	OK
REQUEST	1	PRL_CitizenC100_100_LegalRep	PRL_CitizenC100_100_005_LegalRep	1678809570084	1678809570128	OK	 
REQUEST	1	PRL_CitizenC100_100_LegalRep	PRL_CitizenC100_100_005_LegalRep Redirect 1	1678809570129	1678809570197	OK	 
GROUP	1	PRL_CitizenC100_100_LegalRep	1678809570082	1678809570253	163	OK
REQUEST	1	PRL_CitizenC100_110_PermissionFromCourt	PRL_CitizenC100_110_005_PermissionFromCourt	1678809570254	1678809570285	OK	 
REQUEST	1	PRL_CitizenC100_110_PermissionFromCourt	PRL_CitizenC100_110_005_PermissionFromCourt Redirect 1	1678809570286	1678809570371	OK	 
GROUP	1	PRL_CitizenC100_110_PermissionFromCourt	1678809570253	1678809570429	168	OK
REQUEST	1	PRL_CitizenC100_120_WhyPermissionFromCourt	PRL_CitizenC100_120_005_WhyPermissionFromCourt	1678809570432	1678809570467	OK	 
REQUEST	1	PRL_CitizenC100_120_WhyPermissionFromCourt	PRL_CitizenC100_120_005_WhyPermissionFromCourt Redirect 1	1678809570469	1678809570518	OK	 
GROUP	1	PRL_CitizenC100_120_WhyPermissionFromCourt	1678809570429	1678809570574	135	OK
REQUEST	1	PRL_CitizenC100_130_WhyCourtShouldGrant	PRL_CitizenC100_130_005_WhyCourtShouldGrant	1678809570575	1678809570654	OK	 
REQUEST	1	PRL_CitizenC100_130_WhyCourtShouldGrant	PRL_CitizenC100_130_005_WhyCourtShouldGrant Redirect 1	1678809570655	1678809570687	OK	 
GROUP	1	PRL_CitizenC100_130_WhyCourtShouldGrant	1678809570574	1678809570760	177	OK
REQUEST	1	PRL_CitizenC100_140_InvolvedInEmergencyProtection	PRL_CitizenC100_140_005_InvolvedInEmergencyProtection	1678809570761	1678809570789	OK	 
REQUEST	1	PRL_CitizenC100_140_InvolvedInEmergencyProtection	PRL_CitizenC100_140_005_InvolvedInEmergencyProtection Redirect 1	1678809570790	1678809570842	OK	 
GROUP	1	PRL_CitizenC100_140_InvolvedInEmergencyProtection	1678809570761	1678809570897	130	OK
REQUEST	1	PRL_CitizenC100_150_AttendingMIAM	PRL_CitizenC100_150_005_AttendingMIAM	1678809570898	1678809570928	OK	 
REQUEST	1	PRL_CitizenC100_150_AttendingMIAM	PRL_CitizenC100_150_005_AttendingMIAM Redirect 1	1678809570929	1678809570984	OK	 
GROUP	1	PRL_CitizenC100_150_AttendingMIAM	1678809570897	1678809571034	131	OK
REQUEST	1	PRL_CitizenC100_160_AttendedMIAM	PRL_CitizenC100_160_005_AttendedMIAM	1678809571035	1678809571063	OK	 
REQUEST	1	PRL_CitizenC100_160_AttendedMIAM	PRL_CitizenC100_160_005_AttendedMIAM Redirect 1	1678809571064	1678809571100	OK	 
GROUP	1	PRL_CitizenC100_160_AttendedMIAM	1678809571034	1678809571181	138	OK
REQUEST	1	PRL_CitizenC100_170_DocumentSigned	PRL_CitizenC100_170_005_DocumentSigned	1678809571182	1678809571229	OK	 
REQUEST	1	PRL_CitizenC100_170_DocumentSigned	PRL_CitizenC100_170_005_DocumentSigned Redirect 1	1678809571230	1678809571262	OK	 
GROUP	1	PRL_CitizenC100_170_DocumentSigned	1678809571181	1678809571327	129	OK
REQUEST	1	PRL_CitizenC100_180_MIAMUpload	PRL_CitizenC100_180_005_MIAMUpload	1678809571363	1678809572491	OK	 
REQUEST	1	PRL_CitizenC100_180_MIAMUpload	PRL_CitizenC100_180_005_MIAMUpload Redirect 1	1678809572498	1678809572535	OK	 
GROUP	1	PRL_CitizenC100_180_MIAMUpload	1678809571327	1678809572603	1227	OK
REQUEST	1	PRL_CitizenC100_190_MIAMUploadSubmit	PRL_CitizenC100_190_005_MIAMUploadSubmit	1678809572604	1678809573281	OK	 
REQUEST	1	PRL_CitizenC100_190_MIAMUploadSubmit	PRL_CitizenC100_190_005_MIAMUploadSubmit Redirect 1	1678809573288	1678809573358	OK	 
REQUEST	1	PRL_CitizenC100_190_MIAMUploadSubmit	PRL_CitizenC100_190_005_MIAMUploadSubmit Redirect 2	1678809573363	1678809573393	OK	 
GROUP	1	PRL_CitizenC100_190_MIAMUploadSubmit	1678809572603	1678809573515	890	OK
REQUEST	1	PRL_CitizenC100_200_MIAMUploadContinue	PRL_CitizenC100_200_005_MIAMUploadContinue	1678809573516	1678809573552	OK	 
REQUEST	1	PRL_CitizenC100_200_MIAMUploadContinue	PRL_CitizenC100_200_005_MIAMUploadContinue Redirect 1	1678809573553	1678809573594	OK	 
GROUP	1	PRL_CitizenC100_200_MIAMUploadContinue	1678809573516	1678809573662	140	OK
REQUEST	1	PRL_CitizenC100_210_AskingCourtToDo	PRL_CitizenC100_210_005_AskingCourtToDo	1678809573665	1678809573695	OK	 
REQUEST	1	PRL_CitizenC100_210_AskingCourtToDo	PRL_CitizenC100_210_005_AskingCourtToDo Redirect 1	1678809573696	1678809573736	OK	 
GROUP	1	PRL_CitizenC100_210_AskingCourtToDo	1678809573662	1678809573794	124	OK
REQUEST	1	PRL_CitizenC100_220_WouldLikeCourtTo	PRL_CitizenC100_220_005_WouldLikeCourtTo	1678809573795	1678809573868	OK	 
REQUEST	1	PRL_CitizenC100_220_WouldLikeCourtTo	PRL_CitizenC100_220_005_WouldLikeCourtTo Redirect 1	1678809573870	1678809573954	OK	 
GROUP	1	PRL_CitizenC100_220_WouldLikeCourtTo	1678809573795	1678809574010	207	OK
REQUEST	1	PRL_CitizenC100_230_DescribeWhatCourt	PRL_CitizenC100_230_005_DescribeWhatCourt	1678809574012	1678809574043	OK	 
REQUEST	1	PRL_CitizenC100_230_DescribeWhatCourt	PRL_CitizenC100_230_005_DescribeWhatCourt Redirect 1	1678809574046	1678809574077	OK	 
GROUP	1	PRL_CitizenC100_230_DescribeWhatCourt	1678809574010	1678809574137	116	OK
REQUEST	1	PRL_CitizenC100_240_UrgentFirstHearing	PRL_CitizenC100_240_005_UrgentFirstHearing	1678809574138	1678809574172	OK	 
REQUEST	1	PRL_CitizenC100_240_UrgentFirstHearing	PRL_CitizenC100_240_005_UrgentFirstHearing Redirect 1	1678809574173	1678809574210	OK	 
GROUP	1	PRL_CitizenC100_240_UrgentFirstHearing	1678809574137	1678809574270	121	OK
REQUEST	1	PRL_CitizenC100_250_UrgentHearingDetails	PRL_CitizenC100_250_005_UrgentHearingDetails	1678809574271	1678809574304	OK	 
REQUEST	1	PRL_CitizenC100_250_UrgentHearingDetails	PRL_CitizenC100_250_005_UrgentHearingDetails Redirect 1	1678809574305	1678809574357	OK	 
GROUP	1	PRL_CitizenC100_250_UrgentHearingDetails	1678809574270	1678809574413	138	OK
REQUEST	1	PRL_CitizenC100_260_AskingForWithoutNotice	PRL_CitizenC100_260_005_AskingForWithoutNotice	1678809574414	1678809574481	OK	 
REQUEST	1	PRL_CitizenC100_260_AskingForWithoutNotice	PRL_CitizenC100_260_005_AskingForWithoutNotice Redirect 1	1678809574485	1678809574525	OK	 
GROUP	1	PRL_CitizenC100_260_AskingForWithoutNotice	1678809574414	1678809574590	169	OK
REQUEST	1	PRL_CitizenC100_270_WithoutNoticeDetails	PRL_CitizenC100_270_005_WithoutNoticeDetails	1678809574591	1678809574627	OK	 
REQUEST	1	PRL_CitizenC100_270_WithoutNoticeDetails	PRL_CitizenC100_270_005_WithoutNoticeDetails Redirect 1	1678809574629	1678809574663	OK	 
GROUP	1	PRL_CitizenC100_270_WithoutNoticeDetails	1678809574590	1678809574723	126	OK
REQUEST	1	PRL_CitizenC100_280_ChildrenName	PRL_CitizenC100_280_005_ChildrenName	1678809574726	1678809574757	OK	 
GROUP	1	PRL_CitizenC100_280_ChildrenName	1678809574723	1678809574766	31	OK
REQUEST	1	PRL_CitizenC100_285_ChildrenNameRedirect	PRL_CitizenC100_280_005_ChildrenName	1678809574767	1678809574831	OK	 
GROUP	1	PRL_CitizenC100_285_ChildrenNameRedirect	1678809574766	1678809574892	113	OK
REQUEST	1	PRL_CitizenC100_290_ChildDetails	PRL_CitizenC100_290_005_ChildDetails	1678809574894	1678809574924	OK	 
REQUEST	1	PRL_CitizenC100_290_ChildDetails	PRL_CitizenC100_290_005_ChildDetails Redirect 1	1678809574926	1678809574964	OK	 
GROUP	1	PRL_CitizenC100_290_ChildDetails	1678809574892	1678809575018	117	OK
REQUEST	1	PRL_CitizenC100_300_WhichDecision	PRL_CitizenC100_300_005_WhichDecision	1678809575018	1678809575050	OK	 
REQUEST	1	PRL_CitizenC100_300_WhichDecision	PRL_CitizenC100_300_005_WhichDecision Redirect 1	1678809575052	1678809575156	OK	 
GROUP	1	PRL_CitizenC100_300_WhichDecision	1678809575018	1678809575212	189	OK
REQUEST	1	PRL_CitizenC100_310_ParentalResponsibility	PRL_CitizenC100_310_005_ParentalResponsibility	1678809575213	1678809575243	OK	 
REQUEST	1	PRL_CitizenC100_310_ParentalResponsibility	PRL_CitizenC100_310_005_ParentalResponsibility Redirect 1	1678809575245	1678809575297	OK	 
GROUP	1	PRL_CitizenC100_310_ParentalResponsibility	1678809575212	1678809575354	135	OK
REQUEST	1	PRL_CitizenC100_320_FurtherInformation	PRL_CitizenC100_320_005_FurtherInformation	1678809575355	1678809575392	OK	 
REQUEST	1	PRL_CitizenC100_320_FurtherInformation	PRL_CitizenC100_320_005_FurtherInformation Redirect 1	1678809575394	1678809575427	OK	 
GROUP	1	PRL_CitizenC100_320_FurtherInformation	1678809575354	1678809575480	117	OK
REQUEST	1	PRL_CitizenC100_330_OtherChildren	PRL_CitizenC100_330_005_OtherChildren	1678809575483	1678809575518	OK	 
REQUEST	1	PRL_CitizenC100_330_OtherChildren	PRL_CitizenC100_330_005_OtherChildren Redirect 1	1678809575520	1678809575560	OK	 
GROUP	1	PRL_CitizenC100_330_OtherChildren	1678809575480	1678809575625	128	OK
REQUEST	1	PRL_CitizenC100_340_EnterYourName	PRL_CitizenC100_340_005_EnterYourName	1678809575627	1678809575660	OK	 
GROUP	1	PRL_CitizenC100_340_EnterYourName	1678809575625	1678809575662	33	OK
REQUEST	1	PRL_CitizenC100_345_EnterYourNameRedirect	PRL_CitizenC100_340_005_EnterYourName	1678809575663	1678809575726	OK	 
GROUP	1	PRL_CitizenC100_345_EnterYourNameRedirect	1678809575662	1678809575787	120	OK
REQUEST	1	PRL_CitizenC100_350_KnowContactDetails	PRL_CitizenC100_350_005_KnowContactDetails	1678809575788	1678809575823	OK	 
REQUEST	1	PRL_CitizenC100_350_KnowContactDetails	PRL_CitizenC100_350_005_KnowContactDetails Redirect 1	1678809575825	1678809575874	OK	 
GROUP	1	PRL_CitizenC100_350_KnowContactDetails	1678809575787	1678809575937	141	OK
REQUEST	1	PRL_CitizenC100_360_KeepDetailsPrivate	PRL_CitizenC100_360_005_KeepDetailsPrivate	1678809575938	1678809575976	OK	 
REQUEST	1	PRL_CitizenC100_360_KeepDetailsPrivate	PRL_CitizenC100_360_005_KeepDetailsPrivate Redirect 1	1678809575977	1678809576051	OK	 
GROUP	1	PRL_CitizenC100_360_KeepDetailsPrivate	1678809575937	1678809576114	170	OK
REQUEST	1	PRL_CitizenC100_370_KeepDetailsPrivateContinue	PRL_CitizenC100_370_005_KeepDetailsPrivateContinue	1678809576115	1678809576143	OK	 
REQUEST	1	PRL_CitizenC100_370_KeepDetailsPrivateContinue	PRL_CitizenC100_370_005_KeepDetailsPrivateContinue Redirect 1	1678809576145	1678809576198	OK	 
GROUP	1	PRL_CitizenC100_370_KeepDetailsPrivateContinue	1678809576114	1678809576250	129	OK
REQUEST	1	PRL_CitizenC100_380_ApplicantDetails	PRL_CitizenC100_380_005_ApplicantDetails	1678809576251	1678809576290	OK	 
REQUEST	1	PRL_CitizenC100_380_ApplicantDetails	PRL_CitizenC100_380_005_ApplicantDetails Redirect 1	1678809576292	1678809576363	OK	 
GROUP	1	PRL_CitizenC100_380_ApplicantDetails	1678809576250	1678809576417	159	OK
REQUEST	1	PRL_CitizenC100_390_ApplicantRelationship	PRL_CitizenC100_390_005_ApplicantRelationship	1678809576418	1678809576453	OK	 
REQUEST	1	PRL_CitizenC100_390_ApplicantRelationship	PRL_CitizenC100_390_005_ApplicantRelationship Redirect 1	1678809576454	1678809576500	OK	 
GROUP	1	PRL_CitizenC100_390_ApplicantRelationship	1678809576417	1678809576566	136	OK
REQUEST	1	PRL_CitizenC100_400_ApplicantPostcode	PRL_CitizenC100_400_005_ApplicantPostcode	1678809576569	1678809577305	OK	 
REQUEST	1	PRL_CitizenC100_400_ApplicantPostcode	PRL_CitizenC100_400_005_ApplicantPostcode Redirect 1	1678809577308	1678809577379	OK	 
GROUP	1	PRL_CitizenC100_400_ApplicantPostcode	1678809576566	1678809577454	871	OK
REQUEST	1	PRL_CitizenC100_410_ApplicantSelectAddress	PRL_CitizenC100_410_005_ApplicantSelectAddress	1678809577456	1678809577489	OK	 
REQUEST	1	PRL_CitizenC100_410_ApplicantSelectAddress	PRL_CitizenC100_410_005_ApplicantSelectAddress Redirect 1	1678809577492	1678809577549	OK	 
GROUP	1	PRL_CitizenC100_410_ApplicantSelectAddress	1678809577454	1678809577636	168	OK
REQUEST	1	PRL_CitizenC100_420_ApplicantAddress	PRL_CitizenC100_420_005_ApplicantAddress	1678809577637	1678809577672	OK	 
REQUEST	1	PRL_CitizenC100_420_ApplicantAddress	PRL_CitizenC100_420_005_ApplicantAddress Redirect 1	1678809577674	1678809577734	OK	 
GROUP	1	PRL_CitizenC100_420_ApplicantAddress	1678809577637	1678809577790	148	OK
REQUEST	1	PRL_CitizenC100_430_ApplicantContact	PRL_CitizenC100_430_005_ApplicantContact	1678809577791	1678809577825	OK	 
REQUEST	1	PRL_CitizenC100_430_ApplicantContact	PRL_CitizenC100_430_005_ApplicantContact Redirect 1	1678809577826	1678809577871	OK	 
GROUP	1	PRL_CitizenC100_430_ApplicantContact	1678809577790	1678809577925	130	OK
REQUEST	1	PRL_CitizenC100_440_ApplicantContactPreference	PRL_CitizenC100_440_005_ApplicantContactPreference	1678809577926	1678809577958	OK	 
REQUEST	1	PRL_CitizenC100_440_ApplicantContactPreference	PRL_CitizenC100_440_005_ApplicantContactPreference Redirect 1	1678809577960	1678809578021	OK	 
GROUP	1	PRL_CitizenC100_440_ApplicantContactPreference	1678809577925	1678809578074	144	OK
REQUEST	1	PRL_CitizenC100_450_RespondentName	PRL_CitizenC100_450_005_RespondentName	1678809578074	1678809578109	OK	 
GROUP	1	PRL_CitizenC100_450_RespondentName	1678809578074	1678809578111	35	OK
REQUEST	1	PRL_CitizenC100_460_RespondentNameRedirect	PRL_CitizenC100_460_005_RespondentNameRedirect	1678809578112	1678809578162	OK	 
GROUP	1	PRL_CitizenC100_460_RespondentNameRedirect	1678809578111	1678809578264	145	OK
REQUEST	1	PRL_CitizenC100_470_RespondentDetails	PRL_CitizenC100_470_005_RespondentDetails	1678809578268	1678809578303	OK	 
REQUEST	1	PRL_CitizenC100_470_RespondentDetails	PRL_CitizenC100_470_005_RespondentDetails Redirect 1	1678809578304	1678809578362	OK	 
GROUP	1	PRL_CitizenC100_470_RespondentDetails	1678809578264	1678809578417	140	OK
REQUEST	1	PRL_CitizenC100_480_RespondentRelationship	PRL_CitizenC100_480_005_RespondentRelationship	1678809578419	1678809578454	OK	 
REQUEST	1	PRL_CitizenC100_480_RespondentRelationship	PRL_CitizenC100_480_005_RespondentRelationship Redirect 1	1678809578457	1678809578522	OK	 
GROUP	1	PRL_CitizenC100_480_RespondentRelationship	1678809578417	1678809578579	151	OK
REQUEST	1	PRL_CitizenC100_490_RespondentPostcode	PRL_CitizenC100_490_005_RespondentPostcode	1678809578583	1678809579214	OK	 
REQUEST	1	PRL_CitizenC100_490_RespondentPostcode	PRL_CitizenC100_490_005_RespondentPostcode Redirect 1	1678809579217	1678809579255	OK	 
GROUP	1	PRL_CitizenC100_490_RespondentPostcode	1678809578579	1678809579351	762	OK
REQUEST	1	PRL_CitizenC100_500_RespondentSelectAddress	PRL_CitizenC100_500_005_RespondentSelectAddress	1678809579352	1678809579385	OK	 
REQUEST	1	PRL_CitizenC100_500_RespondentSelectAddress	PRL_CitizenC100_500_005_RespondentSelectAddress Redirect 1	1678809579387	1678809579485	OK	 
GROUP	1	PRL_CitizenC100_500_RespondentSelectAddress	1678809579351	1678809579541	183	OK
REQUEST	1	PRL_CitizenC100_510_RespondentAddress	PRL_CitizenC100_510_005_RespondentAddress	1678809579542	1678809579570	OK	 
REQUEST	1	PRL_CitizenC100_510_RespondentAddress	PRL_CitizenC100_510_005_RespondentAddress Redirect 1	1678809579573	1678809579612	OK	 
GROUP	1	PRL_CitizenC100_510_RespondentAddress	1678809579541	1678809579665	117	OK
REQUEST	1	PRL_CitizenC100_520_RespondentContact	PRL_CitizenC100_520_005_RespondentContact	1678809579665	1678809579702	OK	 
REQUEST	1	PRL_CitizenC100_520_RespondentContact	PRL_CitizenC100_520_005_RespondentContact Redirect 1	1678809579703	1678809579732	OK	 
GROUP	1	PRL_CitizenC100_520_RespondentContact	1678809579665	1678809579789	119	OK
REQUEST	1	PRL_CitizenC100_530_AnyoneElse	PRL_CitizenC100_530_005_AnyoneElse	1678809579792	1678809579822	OK	 
REQUEST	1	PRL_CitizenC100_530_AnyoneElse	PRL_CitizenC100_530_005_AnyoneElse Redirect 1	1678809579823	1678809579877	OK	 
GROUP	1	PRL_CitizenC100_530_AnyoneElse	1678809579789	1678809579935	137	OK
REQUEST	1	PRL_CitizenC100_540_ChildLiveWith	PRL_CitizenC100_540_005_ChildLiveWith	1678809579935	1678809579972	OK	 
REQUEST	1	PRL_CitizenC100_540_ChildLiveWith	PRL_CitizenC100_540_005_ChildLiveWith Redirect 1	1678809579973	1678809580003	OK	 
GROUP	1	PRL_CitizenC100_540_ChildLiveWith	1678809579935	1678809580059	121	OK
REQUEST	1	PRL_CitizenC100_550_InvolvedInCourt	PRL_CitizenC100_550_005_InvolvedInCourt	1678809580061	1678809580093	OK	 
REQUEST	1	PRL_CitizenC100_550_InvolvedInCourt	PRL_CitizenC100_550_005_InvolvedInCourt Redirect 1	1678809580093	1678809580143	OK	 
GROUP	1	PRL_CitizenC100_550_InvolvedInCourt	1678809580060	1678809580195	131	OK
REQUEST	1	PRL_CitizenC100_560_CourtCasesInfo	PRL_CitizenC100_560_005_CourtCasesInfo	1678809580197	1678809580228	OK	 
REQUEST	1	PRL_CitizenC100_560_CourtCasesInfo	PRL_CitizenC100_560_005_CourtCasesInfo Redirect 1	1678809580230	1678809580272	OK	 
GROUP	1	PRL_CitizenC100_560_CourtCasesInfo	1678809580195	1678809580351	149	OK
REQUEST	1	PRL_CitizenC100_570_DetailsOfCourtCases	PRL_CitizenC100_570_005_DetailsOfCourtCases	1678809580352	1678809580386	OK	 
REQUEST	1	PRL_CitizenC100_570_DetailsOfCourtCases	PRL_CitizenC100_570_005_DetailsOfCourtCases Redirect 1	1678809580388	1678809580460	OK	 
GROUP	1	PRL_CitizenC100_570_DetailsOfCourtCases	1678809580351	1678809580513	156	OK
REQUEST	1	PRL_CitizenC100_580_SafetyInfo	PRL_CitizenC100_580_005_SafetyInfo	1678809580514	1678809580544	OK	 
REQUEST	1	PRL_CitizenC100_580_SafetyInfo	PRL_CitizenC100_580_005_SafetyInfo Redirect 1	1678809580545	1678809580575	OK	 
GROUP	1	PRL_CitizenC100_580_SafetyInfo	1678809580513	1678809580625	105	OK
REQUEST	1	PRL_CitizenC100_590_SafetyConcerns	PRL_CitizenC100_590_005_SafetyConcerns	1678809580626	1678809580653	OK	 
REQUEST	1	PRL_CitizenC100_590_SafetyConcerns	PRL_CitizenC100_590_005_SafetyConcerns Redirect 1	1678809580654	1678809580688	OK	 
GROUP	1	PRL_CitizenC100_590_SafetyConcerns	1678809580625	1678809580747	118	OK
REQUEST	1	PRL_CitizenC100_600_ConcernedAbout	PRL_CitizenC100_600_005_ConcernedAbout	1678809580748	1678809580799	OK	 
REQUEST	1	PRL_CitizenC100_600_ConcernedAbout	PRL_CitizenC100_600_005_ConcernedAbout Redirect 1	1678809580801	1678809580835	OK	 
GROUP	1	PRL_CitizenC100_600_ConcernedAbout	1678809580747	1678809580889	134	OK
REQUEST	1	PRL_CitizenC100_610_TypeOfBehaviour	PRL_CitizenC100_610_005_TypeOfBehaviour	1678809580890	1678809580919	OK	 
REQUEST	1	PRL_CitizenC100_610_TypeOfBehaviour	PRL_CitizenC100_610_005_TypeOfBehaviour Redirect 1	1678809580922	1678809580973	OK	 
GROUP	1	PRL_CitizenC100_610_TypeOfBehaviour	1678809580890	1678809581025	126	OK
REQUEST	1	PRL_CitizenC100_620_DescribePyshicalAbuse	PRL_CitizenC100_620_005_DescribePyshicalAbuse	1678809581025	1678809581056	OK	 
REQUEST	1	PRL_CitizenC100_620_DescribePyshicalAbuse	PRL_CitizenC100_620_005_DescribePyshicalAbuse Redirect 1	1678809581059	1678809581111	OK	 
GROUP	1	PRL_CitizenC100_620_DescribePyshicalAbuse	1678809581025	1678809581167	126	OK
REQUEST	1	PRL_CitizenC100_630_ImpactedByDrug	PRL_CitizenC100_630_005_ImpactedByDrug	1678809581170	1678809581205	OK	 
REQUEST	1	PRL_CitizenC100_630_ImpactedByDrug	PRL_CitizenC100_630_005_ImpactedByDrug Redirect 1	1678809581206	1678809581243	OK	 
GROUP	1	PRL_CitizenC100_630_ImpactedByDrug	1678809581167	1678809581304	130	OK
REQUEST	1	PRL_CitizenC100_640_OtherConcerns	PRL_CitizenC100_640_005_OtherConcerns	1678809581305	1678809581335	OK	 
REQUEST	1	PRL_CitizenC100_640_OtherConcerns	PRL_CitizenC100_640_005_OtherConcerns Redirect 1	1678809581337	1678809581407	OK	 
GROUP	1	PRL_CitizenC100_640_OtherConcerns	1678809581304	1678809581479	166	OK
REQUEST	1	PRL_CitizenC100_650_KeepChildrenSafe	PRL_CitizenC100_650_005_KeepChildrenSafe	1678809581479	1678809581513	OK	 
REQUEST	1	PRL_CitizenC100_650_KeepChildrenSafe	PRL_CitizenC100_650_005_KeepChildrenSafe Redirect 1	1678809581514	1678809581568	OK	 
GROUP	1	PRL_CitizenC100_650_KeepChildrenSafe	1678809581479	1678809581622	140	OK
REQUEST	1	PRL_CitizenC100_660_ContactBetweenChildren	PRL_CitizenC100_660_005_ContactBetweenChildren	1678809581622	1678809581655	OK	 
REQUEST	1	PRL_CitizenC100_660_ContactBetweenChildren	PRL_CitizenC100_660_005_ContactBetweenChildren Redirect 1	1678809581656	1678809581691	OK	 
GROUP	1	PRL_CitizenC100_660_ContactBetweenChildren	1678809581622	1678809581757	131	OK
REQUEST	1	PRL_CitizenC100_670_ChildrenBasedOutsideEngland	PRL_CitizenC100_670_005_ChildrenBasedOutsideEngland	1678809581757	1678809581784	OK	 
REQUEST	1	PRL_CitizenC100_670_ChildrenBasedOutsideEngland	PRL_CitizenC100_670_005_ChildrenBasedOutsideEngland Redirect 1	1678809581785	1678809581844	OK	 
GROUP	1	PRL_CitizenC100_670_ChildrenBasedOutsideEngland	1678809581757	1678809581891	131	OK
REQUEST	1	PRL_CitizenC100_680_ParentsBasedOutsideEngland	PRL_CitizenC100_680_005_ParentsBasedOutsideEngland	1678809581892	1678809581926	OK	 
REQUEST	1	PRL_CitizenC100_680_ParentsBasedOutsideEngland	PRL_CitizenC100_680_005_ParentsBasedOutsideEngland Redirect 1	1678809581928	1678809581960	OK	 
GROUP	1	PRL_CitizenC100_680_ParentsBasedOutsideEngland	1678809581891	1678809582016	119	OK
REQUEST	1	PRL_CitizenC100_690_AnotherPersonApply	PRL_CitizenC100_690_005_AnotherPersonApply	1678809582017	1678809582045	OK	 
REQUEST	1	PRL_CitizenC100_690_AnotherPersonApply	PRL_CitizenC100_690_005_AnotherPersonApply Redirect 1	1678809582045	1678809582096	OK	 
GROUP	1	PRL_CitizenC100_690_AnotherPersonApply	1678809582016	1678809582155	134	OK
REQUEST	1	PRL_CitizenC100_700_AnotherCountryAsked	PRL_CitizenC100_700_005_AnotherCountryAsked	1678809582157	1678809582188	OK	 
REQUEST	1	PRL_CitizenC100_700_AnotherCountryAsked	PRL_CitizenC100_700_005_AnotherCountryAsked Redirect 1	1678809582189	1678809582219	OK	 
GROUP	1	PRL_CitizenC100_700_AnotherCountryAsked	1678809582156	1678809582266	105	OK
REQUEST	1	PRL_CitizenC100_710_TakePartInHearings	PRL_CitizenC100_710_005_TakePartInHearings	1678809582267	1678809582301	OK	 
REQUEST	1	PRL_CitizenC100_710_TakePartInHearings	PRL_CitizenC100_710_005_TakePartInHearings Redirect 1	1678809582302	1678809582340	OK	 
GROUP	1	PRL_CitizenC100_710_TakePartInHearings	1678809582266	1678809582397	126	OK
REQUEST	1	PRL_CitizenC100_720_LanguageRequirements	PRL_CitizenC100_720_005_LanguageRequirements	1678809582397	1678809582427	OK	 
REQUEST	1	PRL_CitizenC100_720_LanguageRequirements	PRL_CitizenC100_720_005_LanguageRequirements Redirect 1	1678809582427	1678809582455	OK	 
GROUP	1	PRL_CitizenC100_720_LanguageRequirements	1678809582397	1678809582512	106	OK
REQUEST	1	PRL_CitizenC100_730_SpecialArrangements	PRL_CitizenC100_730_005_SpecialArrangements	1678809582514	1678809582548	OK	 
REQUEST	1	PRL_CitizenC100_730_SpecialArrangements	PRL_CitizenC100_730_005_SpecialArrangements Redirect 1	1678809582550	1678809582580	OK	 
GROUP	1	PRL_CitizenC100_730_SpecialArrangements	1678809582513	1678809582634	114	OK
REQUEST	1	PRL_CitizenC100_740_NeedSupport	PRL_CitizenC100_740_005_NeedSupport	1678809582635	1678809582669	OK	 
REQUEST	1	PRL_CitizenC100_740_NeedSupport	PRL_CitizenC100_740_005_NeedSupport Redirect 1	1678809582677	1678809582713	OK	 
GROUP	1	PRL_CitizenC100_740_NeedSupport	1678809582634	1678809582769	117	OK
REQUEST	1	PRL_CitizenC100_750_DocumentsAlternativeFormat	PRL_CitizenC100_750_005_DocumentsAlternativeFormat	1678809582771	1678809582800	OK	 
REQUEST	1	PRL_CitizenC100_750_DocumentsAlternativeFormat	PRL_CitizenC100_750_005_DocumentsAlternativeFormat Redirect 1	1678809582802	1678809583654	OK	 
GROUP	1	PRL_CitizenC100_750_DocumentsAlternativeFormat	1678809582769	1678809583715	935	OK
REQUEST	1	PRL_CitizenC100_760_HelpWithPaying	PRL_CitizenC100_760_005_HelpWithPaying	1678809583716	1678809583745	OK	 
REQUEST	1	PRL_CitizenC100_760_HelpWithPaying	PRL_CitizenC100_760_005_HelpWithPaying Redirect 1	1678809583747	1678809587547	OK	 
GROUP	1	PRL_CitizenC100_760_HelpWithPaying	1678809583715	1678809587611	3886	OK
REQUEST	1	PRL_CitizenC100_770_CheckYourAnswers	PRL_CitizenC100_770_005_CheckYourAnswers	1678809587612	1678809592537	OK	 
GROUP	1	PRL_CitizenC100_770_CheckYourAnswers	1678809587611	1678809592542	4925	OK
REQUEST	1	PRL_CitizenC100_780_CheckYourAnswersRedirect	PRL_CitizenC100_780_005_CheckYourAnswersRedirect	1678809592544	1678809592680	OK	 
GROUP	1	PRL_CitizenC100_780_CheckYourAnswersRedirect	1678809592542	1678809592683	136	OK
REQUEST	1	PRL_CitizenC100_790_CheckYourAnswersFinal	PRL_CitizenC100_790_005_CheckYourAnswersFinal	1678809592685	1678809592802	OK	 
GROUP	1	PRL_CitizenC100_790_CheckYourAnswersFinal	1678809592683	1678809592940	243	OK
REQUEST	1	PRL_CitizenC100_800_EnterCardDetails	PRL_CitizenC100_800_005_EnterCardDetails	1678809592941	1678809593083	OK	 
REQUEST	1	PRL_CitizenC100_800_EnterCardDetails	PRL_CitizenC100_800_005_EnterCardDetails Redirect 1	1678809593086	1678809593139	OK	 
GROUP	1	PRL_CitizenC100_800_EnterCardDetails	1678809592940	1678809593147	196	OK
REQUEST	1	PRL_CitizenC100_810_FinalSubmit	PRL_CitizenC100_810_005_FinalSubmit	1678809593148	1678809593215	OK	 
REQUEST	1	PRL_CitizenC100_810_FinalSubmit	PRL_CitizenC100_810_005_FinalSubmit Redirect 1	1678809593216	1678809593257	OK	 
REQUEST	1	PRL_CitizenC100_810_FinalSubmit	PRL_CitizenC100_810_005_FinalSubmit Redirect 2	1678809593258	1678809607203	OK	 
REQUEST	1	PRL_CitizenC100_810_FinalSubmit	PRL_CitizenC100_810_005_FinalSubmit Redirect 3	1678809607209	1678809607249	OK	 
GROUP	1	PRL_CitizenC100_810_FinalSubmit	1678809593148	1678809607327	14157	OK
REQUEST	1	PRL_CitizenC100_820_Logout	PRL_CitizenC100_820_005_Logout	1678809607327	1678809607391	OK	 
REQUEST	1	PRL_CitizenC100_820_Logout	PRL_CitizenC100_820_005_Logout Redirect 1	1678809607391	1678809607436	OK	 
REQUEST	1	PRL_CitizenC100_820_Logout	PRL_CitizenC100_820_005_Logout Redirect 2	1678809607438	1678809607479	OK	 
REQUEST	1	PRL_CitizenC100_820_Logout	PRL_CitizenC100_820_005_Logout Redirect 3	1678809607482	1678809607567	OK	 
GROUP	1	PRL_CitizenC100_820_Logout	1678809607327	1678809607617	275	OK
USER	***** Private Law Create Case *****	1	END	1678809550501	1678809607634
