ASSERTION	AAECAAIFAAAAAAAAAFlA
RUN	simulations.PRL_Simulation	prl-simulation	1706794800344	 	3.9.5
USER	***** PRL Citizen Journey *****	START	1706794801082
REQUEST	XUI_010_Homepage	XUI_010_005_Homepage	1706794801091	1706794801193	OK	 
REQUEST	XUI_010_Homepage	XUI_Common_000_ConfigurationUI	1706794802308	1706794802339	OK	 
REQUEST	XUI_010_Homepage	XUI_Common_000_ConfigJson	1706794802341	1706794802369	OK	 
REQUEST	XUI_010_Homepage	XUI_Common_000_TsAndCs	1706794802370	1706794802397	OK	 
REQUEST	XUI_010_Homepage	XUI_Common_000_ConfigUI	1706794802398	1706794802419	OK	 
REQUEST	XUI_010_Homepage	XUI_Common_000_UserDetails	1706794802419	1706794802452	OK	 
REQUEST	XUI_010_Homepage	XUI_Common_000_IsAuthenticated	1706794802453	1706794802480	OK	 
REQUEST	XUI_010_Homepage	XUI_010_010_AuthLogin	1706794802482	1706794802507	OK	 
REQUEST	XUI_010_Homepage	XUI_010_010_AuthLogin Redirect 1	1706794802510	1706794802597	OK	 
REQUEST	XUI_010_Homepage	XUI_010_010_AuthLogin Redirect 2	1706794802597	1706794802636	OK	 
GROUP	XUI_010_Homepage	1706794801083	1706794802838	1657	OK
REQUEST	XUI_020_Login	XUI_020_005_Login	1706794802841	1706794802996	OK	 
REQUEST	XUI_020_Login	XUI_020_005_Login Redirect 1	1706794802996	1706794803609	OK	 
REQUEST	XUI_020_Login	XUI_020_005_Login Redirect 2	1706794803613	1706794803641	OK	 
REQUEST	XUI_020_Login	XUI_Common_000_ConfigurationUI	1706794804665	1706794804694	OK	 
REQUEST	XUI_020_Login	XUI_Common_000_ConfigJson	1706794804695	1706794804723	OK	 
REQUEST	XUI_020_Login	XUI_Common_000_TsAndCs	1706794804725	1706794804750	OK	 
REQUEST	XUI_020_Login	XUI_Common_000_ConfigUI	1706794804753	1706794804781	OK	 
REQUEST	XUI_020_Login	XUI_Common_000_UserDetails	1706794804783	1706794805430	OK	 
REQUEST	XUI_020_Login	XUI_Common_000_IsAuthenticated	1706794805434	1706794805494	OK	 
REQUEST	XUI_020_Login	XUI_Common_000_MonitoringTools	1706794805496	1706794805553	OK	 
GROUP	XUI_020_Login	1706794802838	1706794805601	2692	OK
REQUEST	XUI_PRL_030_CreateCaseStart	XUI_PRL_030_005_CreateCaseStart	1706794805604	1706794807674	OK	 
GROUP	XUI_PRL_030_CreateCaseStart	1706794805603	1706794807682	2070	OK
REQUEST	XUI_PRL_031_Type_Of_Application	XUI_PRL_031_005_Type_Of_Application	1706794807685	1706794808271	OK	 
GROUP	XUI_PRL_031_Type_Of_Application	1706794807682	1706794808272	586	OK
REQUEST	XUI_PRL_032_ApplicationCheckYourAnswers	XUI_PRL_032_005_ApplicationCheckYourAnswers	1706794808274	1706794816186	OK	 
GROUP	XUI_PRL_032_ApplicationCheckYourAnswers	1706794808273	1706794816204	7912	OK
REQUEST	XUI_PRL_033_ApplicationDetails	XUI_PRL_033_005_ApplicationDetails	1706794816204	1706794817225	OK	 
GROUP	XUI_PRL_033_ApplicationDetails	1706794816204	1706794817257	1021	OK
REQUEST	XUI_PRL_034_EnterApplicationDetails	XUI_PRL_034_005_EnterApplicationDetails	1706794817259	1706794817880	OK	 
GROUP	XUI_PRL_034_EnterApplicationDetails	1706794817257	1706794817884	621	OK
REQUEST	XUI_PRL_035_SubmitApplicationDetails	XUI_PRL_035_005_SubmitApplicationDetails	1706794817888	1706794822091	OK	 
GROUP	XUI_PRL_035_SubmitApplicationDetails	1706794817884	1706794822092	4203	OK
REQUEST	XUI_PRL_036_SubmitAndPay	XUI_PRL_036_005_SubmitAndPay	1706794822092	1706794831533	OK	 
GROUP	XUI_PRL_036_SubmitAndPay	1706794822092	1706794831548	9441	OK
REQUEST	XUI_PRL_037_ConfidentialityStatement	XUI_PRL_037_005_ConfidentialityStatement	1706794831548	1706794832160	OK	 
GROUP	XUI_PRL_037_ConfidentialityStatement	1706794831548	1706794832162	612	OK
REQUEST	XUI_PRL_038_Declaration	XUI_PRL_038_005_Declaration	1706794832167	1706794832626	OK	 
GROUP	XUI_PRL_038_Declaration	1706794832162	1706794832627	459	OK
REQUEST	XUI_PRL_039_Continue	XUI_PRL_039_005_Continue	1706794832628	1706794833681	OK	 
GROUP	XUI_PRL_039_Continue	1706794832627	1706794833684	1053	OK
REQUEST	XUI_PRL_040_Continue	XUI_PRL_039_005_Continue	1706794833686	1706794842595	OK	 
GROUP	XUI_PRL_040_Continue	1706794833684	1706794842600	8909	OK
REQUEST	XUI_PRL_041_DummyPaymentConfirmation 	XUI_PRL_041_005_DummyPaymentConfirmation 	1706794842600	1706794844358	OK	 
GROUP	XUI_PRL_041_DummyPaymentConfirmation 	1706794842600	1706794844361	1758	OK
REQUEST	XUI_PRL_042_PaymentOption	XUI_PRL_042_005_PaymentOption	1706794844363	1706794845263	OK	 
GROUP	XUI_PRL_042_PaymentOption	1706794844361	1706794845270	900	OK
REQUEST	XUI_PRL_043_PaymentOption	XUI_PRL_043_005_PaymentOption	1706794845271	1706794845407	OK	 
REQUEST	XUI_PRL_043_PaymentOption	XUI_PRL_043_005_PaymentOption Redirect 1	1706794845409	1706794845530	OK	 
GROUP	XUI_PRL_043_PaymentOption	1706794845270	1706794845698	417	OK
REQUEST	XUI_PRL_044_CardDetails	XUI_PRL_044_005_CardDetails	1706794845699	1706794845821	OK	 
REQUEST	XUI_PRL_044_CardDetails	XUI_PRL_044_005_CardDetails Redirect 1	1706794845826	1706794845880	OK	 
GROUP	XUI_PRL_044_CardDetails	1706794845699	1706794845886	177	OK
REQUEST	XUI_PRL_045_ConfirmPayment	XUI_PRL_045_005_ConfirmPayment	1706794845887	1706794845973	OK	 
REQUEST	XUI_PRL_045_ConfirmPayment	XUI_PRL_045_005_ConfirmPayment Redirect 1	1706794845974	1706794846011	OK	 
REQUEST	XUI_PRL_045_ConfirmPayment	XUI_PRL_045_005_ConfirmPayment Redirect 2	1706794846019	1706794847781	OK	 
GROUP	XUI_PRL_045_ConfirmPayment	1706794845886	1706794847943	2037	OK
USER	***** PRL Citizen Journey *****	END	1706794847950
