ASSERTION	AAECAAIFAAAAAAAAAFlA
RUN	simulations.PRL_Simulation	prl-simulation	1697618716544	 	3.9.5
USER	***** Private Law Create Case *****	START	1697618716945
REQUEST	XUI_010_Homepage	XUI_010_005_Homepage	1697618716967	1697618717077	OK	 
REQUEST	XUI_010_Homepage	XUI_Common_000_ConfigurationUI	1697618718518	1697618718564	OK	 
REQUEST	XUI_010_Homepage	XUI_Common_000_ConfigJson	1697618718566	1697618718579	OK	 
REQUEST	XUI_010_Homepage	XUI_Common_000_TsAndCs	1697618718580	1697618718618	OK	 
REQUEST	XUI_010_Homepage	XUI_Common_000_ConfigUI	1697618718619	1697618718655	OK	 
REQUEST	XUI_010_Homepage	XUI_Common_000_UserDetails	1697618718656	1697618718709	OK	 
REQUEST	XUI_010_Homepage	XUI_Common_000_IsAuthenticated	1697618718710	1697618718951	OK	 
REQUEST	XUI_010_Homepage	XUI_010_010_AuthLogin	1697618718953	1697618718989	OK	 
REQUEST	XUI_010_Homepage	XUI_010_010_AuthLogin Redirect 1	1697618718991	1697618719430	OK	 
REQUEST	XUI_010_Homepage	XUI_010_010_AuthLogin Redirect 2	1697618719431	1697618719506	OK	 
GROUP	XUI_010_Homepage	1697618716946	1697618719780	2733	OK
REQUEST	XUI_020_Login	XUI_020_005_Login	1697618719782	1697618720655	OK	 
REQUEST	XUI_020_Login	XUI_020_005_Login Redirect 1	1697618720655	1697618722161	OK	 
REQUEST	XUI_020_Login	XUI_020_005_Login Redirect 2	1697618722161	1697618722190	OK	 
REQUEST	XUI_020_Login	XUI_Common_000_ConfigurationUI	1697618722578	1697618722790	OK	 
REQUEST	XUI_020_Login	XUI_Common_000_ConfigJson	1697618722791	1697618722814	OK	 
REQUEST	XUI_020_Login	XUI_Common_000_TsAndCs	1697618722815	1697618722841	OK	 
REQUEST	XUI_020_Login	XUI_Common_000_ConfigUI	1697618722841	1697618722879	OK	 
REQUEST	XUI_020_Login	XUI_Common_000_UserDetails	1697618722880	1697618724188	OK	 
REQUEST	XUI_020_Login	XUI_Common_000_IsAuthenticated	1697618724189	1697618724326	OK	 
REQUEST	XUI_020_Login	XUI_Common_000_MonitoringTools	1697618724328	1697618724379	OK	 
GROUP	XUI_020_Login	1697618719781	1697618724405	4587	OK
REQUEST	XUI_PRL_030_CreateCaseStart	XUI_PRL_030_005_CreateCaseStart	1697618724409	1697618732489	OK	 
GROUP	XUI_PRL_030_CreateCaseStart	1697618724406	1697618732495	8080	OK
REQUEST	XUI_PRL_031_Type_Of_Application	XUI_PRL_031_005_Type_Of_Application	1697618732502	1697618733957	OK	 
GROUP	XUI_PRL_031_Type_Of_Application	1697618732495	1697618733958	1455	OK
REQUEST	XUI_PRL_032_ApplicationCheckYourAnswers	XUI_PRL_032_005_ApplicationCheckYourAnswers	1697618733958	1697618748226	OK	 
GROUP	XUI_PRL_032_ApplicationCheckYourAnswers	1697618733958	1697618748235	14268	OK
REQUEST	XUI_PRL_033_ApplicationDetails	XUI_PRL_033_005_ApplicationDetails	1697618748235	1697618749915	OK	 
GROUP	XUI_PRL_033_ApplicationDetails	1697618748235	1697618749947	1680	OK
REQUEST	XUI_PRL_034_EnterApplicationDetails	XUI_PRL_034_005_EnterApplicationDetails	1697618749948	1697618750829	OK	 
GROUP	XUI_PRL_034_EnterApplicationDetails	1697618749947	1697618750832	881	OK
REQUEST	XUI_PRL_035_SubmitApplicationDetails	XUI_PRL_035_005_SubmitApplicationDetails	1697618750835	1697618759372	OK	 
GROUP	XUI_PRL_035_SubmitApplicationDetails	1697618750832	1697618759373	8537	OK
REQUEST	XUI_PRL_036_SubmitAndPay	XUI_PRL_036_005_SubmitAndPay	1697618759373	1697618773824	OK	 
GROUP	XUI_PRL_036_SubmitAndPay	1697618759373	1697618773841	14451	OK
REQUEST	XUI_PRL_037_ConfidentialityStatement	XUI_PRL_037_005_ConfidentialityStatement	1697618773841	1697618774055	OK	 
GROUP	XUI_PRL_037_ConfidentialityStatement	1697618773841	1697618774055	214	OK
REQUEST	XUI_PRL_038_Declaration	XUI_PRL_038_005_Declaration	1697618774056	1697618779040	OK	 
GROUP	XUI_PRL_038_Declaration	1697618774055	1697618779041	4984	OK
REQUEST	XUI_PRL_039_Continue	XUI_PRL_039_005_Continue	1697618779041	1697618779827	OK	 
GROUP	XUI_PRL_039_Continue	1697618779041	1697618779829	786	OK
REQUEST	XUI_PRL_040_Continue	XUI_PRL_040_005_Continue	1697618779830	1697618791530	KO	status.find.in([200, 209], 304), found 409
GROUP	XUI_PRL_040_Continue	1697618779829	1697618791545	11700	KO
USER	***** Private Law Create Case *****	END	1697618791548
