ASSERTION	AAECAAIFAAAAAAAAAFlA
RUN	simulations.PRL_Simulation	prl-simulation	1704804025841	 	3.9.5
USER	***** PRL Citizen Journey *****	START	1704804026598
REQUEST	XUI_010_Homepage	XUI_010_005_Homepage	1704804026606	1704804026970	OK	 
REQUEST	XUI_010_Homepage	XUI_Common_000_ConfigurationUI	1704804029568	1704804029762	OK	 
REQUEST	XUI_010_Homepage	XUI_Common_000_ConfigJson	1704804029767	1704804029857	OK	 
REQUEST	XUI_010_Homepage	XUI_Common_000_TsAndCs	1704804029860	1704804029964	OK	 
REQUEST	XUI_010_Homepage	XUI_Common_000_ConfigUI	1704804029966	1704804030041	OK	 
REQUEST	XUI_010_Homepage	XUI_Common_000_UserDetails	1704804030044	1704804030162	OK	 
REQUEST	XUI_010_Homepage	XUI_Common_000_IsAuthenticated	1704804030163	1704804030248	OK	 
REQUEST	XUI_010_Homepage	XUI_010_010_AuthLogin	1704804030253	1704804030338	OK	 
REQUEST	XUI_010_Homepage	XUI_010_010_AuthLogin Redirect 1	1704804030344	1704804030629	OK	 
REQUEST	XUI_010_Homepage	XUI_010_010_AuthLogin Redirect 2	1704804030632	1704804030858	OK	 
GROUP	XUI_010_Homepage	1704804026599	1704804032414	5686	OK
REQUEST	XUI_020_Login	XUI_020_005_Login	1704804032417	1704804032620	OK	 
REQUEST	XUI_020_Login	XUI_020_005_Login Redirect 1	1704804032624	1704804033438	OK	 
REQUEST	XUI_020_Login	XUI_020_005_Login Redirect 2	1704804033443	1704804033524	OK	 
REQUEST	XUI_020_Login	XUI_Common_000_ConfigurationUI	1704804035309	1704804035403	OK	 
REQUEST	XUI_020_Login	XUI_Common_000_ConfigJson	1704804035404	1704804035558	OK	 
REQUEST	XUI_020_Login	XUI_Common_000_TsAndCs	1704804035561	1704804035641	OK	 
REQUEST	XUI_020_Login	XUI_Common_000_ConfigUI	1704804035643	1704804035742	OK	 
REQUEST	XUI_020_Login	XUI_Common_000_UserDetails	1704804035745	1704804037003	OK	 
REQUEST	XUI_020_Login	XUI_Common_000_IsAuthenticated	1704804037005	1704804037093	OK	 
REQUEST	XUI_020_Login	XUI_Common_000_MonitoringTools	1704804037094	1704804037188	OK	 
GROUP	XUI_020_Login	1704804032414	1704804037221	4741	OK
REQUEST	XUI_PRL_030_CreateCaseStart	XUI_PRL_030_005_CreateCaseStart	1704804037224	1704804039169	OK	 
GROUP	XUI_PRL_030_CreateCaseStart	1704804037222	1704804039178	1945	OK
REQUEST	XUI_PRL_031_Type_Of_Application	XUI_PRL_031_005_Type_Of_Application	1704804039186	1704804041304	OK	 
GROUP	XUI_PRL_031_Type_Of_Application	1704804039178	1704804041305	2118	OK
REQUEST	XUI_PRL_032_ApplicationCheckYourAnswers	XUI_PRL_032_005_ApplicationCheckYourAnswers	1704804041306	1704804042500	KO	status.find.in([200, 209], 304), found 406
GROUP	XUI_PRL_032_ApplicationCheckYourAnswers	1704804041305	1704804042512	1194	KO
USER	***** PRL Citizen Journey *****	END	1704804042521
