ASSERTION	AAECAAMFAAAAAAAAAFlA
RUN	simulations.PRL_Simulation	prl-simulation	1686656218794	 	3.3.1
USER	***** Private Law Create Case *****	1	START	1686656219051	1686656219051
REQUEST	1	XUI_010_Homepage	XUI_010_005_Homepage	1686656219062	1686656219316	OK	 
REQUEST	1	XUI_010_Homepage	XUI_Common_000_ConfigurationUI	1686656219349	1686656219511	OK	 
REQUEST	1	XUI_010_Homepage	XUI_Common_000_ConfigJson	1686656219516	1686656219536	OK	 
REQUEST	1	XUI_010_Homepage	XUI_Common_000_TsAndCs	1686656219537	1686656219598	OK	 
REQUEST	1	XUI_010_Homepage	XUI_Common_000_ConfigUI	1686656219599	1686656219646	OK	 
REQUEST	1	XUI_010_Homepage	XUI_Common_000_UserDetails	1686656219647	1686656219701	OK	 
REQUEST	1	XUI_010_Homepage	XUI_Common_000_IsAuthenticated	1686656219702	1686656219746	OK	 
REQUEST	1	XUI_010_Homepage	XUI_010_010_AuthLogin	1686656219748	1686656219807	OK	 
REQUEST	1	XUI_010_Homepage	XUI_010_010_AuthLogin Redirect 1	1686656219811	1686656219964	OK	 
REQUEST	1	XUI_010_Homepage	XUI_010_010_AuthLogin Redirect 2	1686656219965	1686656220113	OK	 
GROUP	1	XUI_010_Homepage	1686656219055	1686656227281	8135	OK
REQUEST	1	XUI_020_Login	XUI_020_005_Login	1686656227286	1686656227876	OK	 
REQUEST	1	XUI_020_Login	XUI_020_005_Login Redirect 1	1686656227878	1686656228416	OK	 
REQUEST	1	XUI_020_Login	XUI_020_005_Login Redirect 2	1686656228421	1686656229537	OK	 
REQUEST	1	XUI_020_Login	XUI_Common_000_ConfigurationUI	1686656259191	1686656259282	OK	 
REQUEST	1	XUI_020_Login	XUI_Common_000_ConfigJson	1686656259283	1686656259309	OK	 
REQUEST	1	XUI_020_Login	XUI_Common_000_TsAndCs	1686656259310	1686656259348	OK	 
REQUEST	1	XUI_020_Login	XUI_Common_000_ConfigUI	1686656259349	1686656259426	OK	 
REQUEST	1	XUI_020_Login	XUI_Common_000_UserDetails	1686656259427	1686656259533	OK	 
REQUEST	1	XUI_020_Login	XUI_Common_000_IsAuthenticated	1686656259534	1686656259599	OK	 
REQUEST	1	XUI_020_Login	XUI_Common_000_MonitoringTools	1686656259601	1686656259662	OK	 
GROUP	1	XUI_020_Login	1686656227281	1686656259679	32346	OK
REQUEST	1	XUI_PRL_030_SelectCase	XUI_PRL_030_005_SelectCase	1686656259687	1686656260130	KO	status.find.in(200,201,202,203,204,205,206,207,208,209,304), found 406
GROUP	1	XUI_PRL_030_SelectCase	1686656259679	1686656260132	443	KO
USER	***** Private Law Create Case *****	1	END	1686656219051	1686656260135
