ASSERTION	AAECAAIFAAAAAAAAAFlA
RUN	simulations.PRL_Simulation	prl-simulation	1706056742130	 	3.9.5
USER	***** PRL Case Flags 2.1 Journey *****	START	1706056742613
REQUEST	XUI_010_Homepage	XUI_010_005_Homepage	1706056742621	1706056742728	OK	 
REQUEST	XUI_010_Homepage	XUI_Common_000_ConfigurationUI	1706056747757	1706056747785	OK	 
REQUEST	XUI_010_Homepage	XUI_Common_000_ConfigJson	1706056747787	1706056747816	OK	 
REQUEST	XUI_010_Homepage	XUI_Common_000_TsAndCs	1706056747817	1706056747852	OK	 
REQUEST	XUI_010_Homepage	XUI_Common_000_ConfigUI	1706056747853	1706056747886	OK	 
REQUEST	XUI_010_Homepage	XUI_Common_000_UserDetails	1706056747887	1706056747923	OK	 
REQUEST	XUI_010_Homepage	XUI_Common_000_IsAuthenticated	1706056747924	1706056747954	OK	 
REQUEST	XUI_010_Homepage	XUI_010_010_AuthLogin	1706056747957	1706056748007	OK	 
REQUEST	XUI_010_Homepage	XUI_010_010_AuthLogin Redirect 1	1706056748012	1706056748123	OK	 
REQUEST	XUI_010_Homepage	XUI_010_010_AuthLogin Redirect 2	1706056748125	1706056748197	OK	 
GROUP	XUI_010_Homepage	1706056742614	1706056748452	5749	OK
REQUEST	XUI_020_Login	XUI_020_005_Login	1706056748455	1706056748573	OK	 
REQUEST	XUI_020_Login	XUI_020_005_Login Redirect 1	1706056748573	1706056749155	OK	 
REQUEST	XUI_020_Login	XUI_020_005_Login Redirect 2	1706056749157	1706056749189	OK	 
REQUEST	XUI_020_Login	XUI_Common_000_ConfigurationUI	1706056750969	1706056751046	OK	 
REQUEST	XUI_020_Login	XUI_Common_000_ConfigJson	1706056751046	1706056751079	OK	 
REQUEST	XUI_020_Login	XUI_Common_000_TsAndCs	1706056751080	1706056751124	OK	 
REQUEST	XUI_020_Login	XUI_Common_000_ConfigUI	1706056751125	1706056751310	OK	 
REQUEST	XUI_020_Login	XUI_Common_000_UserDetails	1706056751313	1706056751943	OK	 
REQUEST	XUI_020_Login	XUI_Common_000_IsAuthenticated	1706056751945	1706056752003	OK	 
REQUEST	XUI_020_Login	XUI_Common_000_MonitoringTools	1706056752004	1706056752067	OK	 
GROUP	XUI_020_Login	1706056748453	1706056752093	3597	OK
REQUEST	XUI_PRL_031_SelectCase	XUI_PRL_031_005_SelectCase	1706056752095	1706056755062	OK	 
GROUP	XUI_PRL_031_SelectCase	1706056752094	1706056755063	2967	OK
REQUEST	XUI_PRL_032_SelectApplication	XUI_PRL_032_005_SelectApplication	1706056755063	1706056755189	OK	 
REQUEST	XUI_PRL_032_SelectApplication	XUI_PRL_032_010_SelectApplication	1706056755190	1706056759367	OK	 
GROUP	XUI_PRL_032_SelectApplication	1706056755063	1706056759396	4303	OK
REQUEST	XUI_PRL_033_SelectSupport	XUI_PRL_033_005_SelectSupport	1706056759396	1706056759664	OK	 
GROUP	XUI_PRL_033_SelectSupport	1706056759396	1706056759666	268	OK
REQUEST	XUI_PRL_034_SelectCaseDocuments	XUI_PRL_034_005_SelectCaseDocuments	1706056759666	1706056759842	OK	 
GROUP	XUI_PRL_034_SelectCaseDocuments	1706056759666	1706056759843	176	OK
REQUEST	XUI_PRL_035_SelectHistory	XUI_PRL_035_005_SelectHistory	1706056759844	1706056760023	OK	 
GROUP	XUI_PRL_035_SelectHistory	1706056759843	1706056760025	179	OK
REQUEST	XUI_PRL_036_SelectServiceRequest	XUI_PRL_036_005_SelectServiceRequest	1706056760026	1706056760197	OK	 
REQUEST	XUI_PRL_036_SelectServiceRequest	XUI_PRL_036_010_SelectServiceRequest	1706056760198	1706056761422	OK	 
GROUP	XUI_PRL_036_SelectServiceRequest	1706056760025	1706056761423	1395	OK
GROUP	XUI_PRL_070_CreateCaseStart	1706056761423	1706056761426	0	OK
REQUEST	XUI_PRL_070_RequestSupport	XUI_PRL_070_005_RequestSupport	1706056761427	1706056762784	OK	 
REQUEST	XUI_PRL_070_RequestSupport	XUI_PRL_070_010_RequestSupport	1706056762785	1706056763839	OK	 
GROUP	XUI_PRL_070_RequestSupport	1706056761426	1706056763899	2411	OK
REQUEST	XUI_PRL_033_SelectSupport	XUI_PRL_033_005_SelectSupport	1706056763899	1706056763951	OK	 
GROUP	XUI_PRL_033_SelectSupport	1706056763899	1706056763951	52	OK
REQUEST	XUI_PRL_080_WhereFlagAdded	XUI_PRL_080_005_WhereFlagAdded	1706056763952	1706056764218	OK	 
REQUEST	XUI_PRL_080_WhereFlagAdded	XUI_PRL_080_010_WhereFlagAdded	1706056764219	1706056764945	OK	 
GROUP	XUI_PRL_080_WhereFlagAdded	1706056763951	1706056764948	992	OK
REQUEST	XUI_PRL_080_RequestSupportSubmit	XUI_PRL_080_005_RequestSupportSubmit	1706056764953	1706056765860	KO	status.find.in([200, 209], 304), found 404
GROUP	XUI_PRL_080_RequestSupportSubmit	1706056764948	1706056765880	907	KO
USER	***** PRL Case Flags 2.1 Journey *****	END	1706056765886
