ASSERTION	AAECAAIFAAAAAAAAAFlA
RUN	simulations.PRL_Simulation	prl-simulation	1697548384198	 	3.9.5
USER	***** Private Law Create Case *****	START	1697548384661
REQUEST	XUI_010_Homepage	XUI_010_005_Homepage	1697548384682	1697548384788	OK	 
REQUEST	XUI_010_Homepage	XUI_Common_000_ConfigurationUI	1697548387730	1697548387793	OK	 
REQUEST	XUI_010_Homepage	XUI_Common_000_ConfigJson	1697548387795	1697548387810	OK	 
REQUEST	XUI_010_Homepage	XUI_Common_000_TsAndCs	1697548387811	1697548387863	OK	 
REQUEST	XUI_010_Homepage	XUI_Common_000_ConfigUI	1697548387864	1697548387902	OK	 
REQUEST	XUI_010_Homepage	XUI_Common_000_UserDetails	1697548387903	1697548387938	OK	 
REQUEST	XUI_010_Homepage	XUI_Common_000_IsAuthenticated	1697548387938	1697548388045	OK	 
REQUEST	XUI_010_Homepage	XUI_010_010_AuthLogin	1697548388047	1697548388077	OK	 
REQUEST	XUI_010_Homepage	XUI_010_010_AuthLogin Redirect 1	1697548388079	1697548388589	OK	 
REQUEST	XUI_010_Homepage	XUI_010_010_AuthLogin Redirect 2	1697548388590	1697548388677	OK	 
GROUP	XUI_010_Homepage	1697548384662	1697548398751	13982	OK
REQUEST	XUI_020_Login	XUI_020_005_Login	1697548398760	1697548399521	OK	 
REQUEST	XUI_020_Login	XUI_020_005_Login Redirect 1	1697548399522	1697548400668	OK	 
REQUEST	XUI_020_Login	XUI_020_005_Login Redirect 2	1697548400672	1697548400706	OK	 
REQUEST	XUI_020_Login	XUI_Common_000_ConfigurationUI	1697548401104	1697548401147	OK	 
REQUEST	XUI_020_Login	XUI_Common_000_ConfigJson	1697548401148	1697548401160	OK	 
REQUEST	XUI_020_Login	XUI_Common_000_TsAndCs	1697548401161	1697548401206	OK	 
REQUEST	XUI_020_Login	XUI_Common_000_ConfigUI	1697548401206	1697548401310	OK	 
REQUEST	XUI_020_Login	XUI_Common_000_UserDetails	1697548401311	1697548402124	OK	 
REQUEST	XUI_020_Login	XUI_Common_000_IsAuthenticated	1697548402125	1697548402189	OK	 
REQUEST	XUI_020_Login	XUI_Common_000_MonitoringTools	1697548402194	1697548402234	OK	 
GROUP	XUI_020_Login	1697548398752	1697548402264	3453	OK
REQUEST	XUI_PRL_030_CreateCaseStart	XUI_PRL_030_005_CreateCaseStart	1697548402267	1697548410499	OK	 
GROUP	XUI_PRL_030_CreateCaseStart	1697548402265	1697548410520	8232	OK
REQUEST	XUI_PRL_031_Type_Of_Application	XUI_PRL_031_005_Type_Of_Application	1697548410523	1697548411646	OK	 
GROUP	XUI_PRL_031_Type_Of_Application	1697548410520	1697548411647	1123	OK
REQUEST	XUI_PRL_032_ApplicationCheckYourAnswers	XUI_PRL_032_005_ApplicationCheckYourAnswers	1697548411647	1697548426985	OK	 
GROUP	XUI_PRL_032_ApplicationCheckYourAnswers	1697548411647	1697548426997	15338	OK
REQUEST	XUI_PRL_033_ApplicationDetails	XUI_PRL_033_005_ApplicationDetails	1697548427002	1697548427695	OK	 
GROUP	XUI_PRL_033_ApplicationDetails	1697548426997	1697548427761	693	OK
REQUEST	XUI_PRL_034_EnterApplicationDetails	XUI_PRL_034_005_EnterApplicationDetails	1697548427762	1697548429244	OK	 
GROUP	XUI_PRL_034_EnterApplicationDetails	1697548427761	1697548429253	1482	OK
REQUEST	XUI_PRL_035_SubmitApplicationDetails	XUI_PRL_035_005_SubmitApplicationDetails	1697548429254	1697548436707	OK	 
GROUP	XUI_PRL_035_SubmitApplicationDetails	1697548429253	1697548436710	7453	OK
REQUEST	XUI_PRL_036_SubmitAndPay	XUI_PRL_036_005_SubmitAndPay	1697548436711	1697548450355	OK	 
GROUP	XUI_PRL_036_SubmitAndPay	1697548436710	1697548450368	13644	OK
REQUEST	XUI_PRL_037_ConfidentialityStatement	XUI_PRL_037_005_ConfidentialityStatement	1697548450369	1697548450877	OK	 
GROUP	XUI_PRL_037_ConfidentialityStatement	1697548450368	1697548450878	508	OK
REQUEST	XUI_PRL_038_Declaration	XUI_PRL_038_005_Declaration	1697548450879	1697548451720	OK	 
GROUP	XUI_PRL_038_Declaration	1697548450879	1697548451721	841	OK
REQUEST	XUI_PRL_039_Continue	XUI_PRL_039_005_Continue	1697548451721	1697548452458	OK	 
GROUP	XUI_PRL_039_Continue	1697548451721	1697548452459	737	OK
REQUEST	XUI_PRL_040_Continue	XUI_PRL_040_005_Continue	1697548452467	1697548452491	KO	j.n.UnknownHostException: manage-case.${env}.platform.hmcts.net: nodename nor servname provided, or not known
GROUP	XUI_PRL_040_Continue	1697548452459	1697548452492	24	KO
USER	***** Private Law Create Case *****	END	1697548452496
