ASSERTION	AAECAAIFAAAAAAAAAFlA
RUN	simulations.PRL_Simulation	prl-simulation	1704816099518	 	3.9.5
USER	***** PRL Citizen Journey *****	START	1704816100362
REQUEST	XUI_010_Homepage	XUI_010_005_Homepage	1704816100371	1704816101320	OK	 
REQUEST	XUI_010_Homepage	XUI_Common_000_ConfigurationUI	1704816144346	1704816144776	OK	 
REQUEST	XUI_010_Homepage	XUI_Common_000_ConfigJson	1704816144783	1704816144962	OK	 
REQUEST	XUI_010_Homepage	XUI_Common_000_TsAndCs	1704816144969	1704816145080	OK	 
REQUEST	XUI_010_Homepage	XUI_Common_000_ConfigUI	1704816145081	1704816145180	OK	 
REQUEST	XUI_010_Homepage	XUI_Common_000_UserDetails	1704816145182	1704816145312	OK	 
REQUEST	XUI_010_Homepage	XUI_Common_000_IsAuthenticated	1704816145313	1704816145746	OK	 
REQUEST	XUI_010_Homepage	XUI_010_010_AuthLogin	1704816145751	1704816146047	OK	 
REQUEST	XUI_010_Homepage	XUI_010_010_AuthLogin Redirect 1	1704816146051	1704816146747	OK	 
REQUEST	XUI_010_Homepage	XUI_010_010_AuthLogin Redirect 2	1704816146749	1704816147068	OK	 
GROUP	XUI_010_Homepage	1704816100363	1704816151080	50597	OK
REQUEST	XUI_020_Login	XUI_020_005_Login	1704816151085	1704816151300	OK	 
REQUEST	XUI_020_Login	XUI_020_005_Login Redirect 1	1704816151303	1704816152113	OK	 
REQUEST	XUI_020_Login	XUI_020_005_Login Redirect 2	1704816152117	1704816152222	OK	 
REQUEST	XUI_020_Login	XUI_Common_000_ConfigurationUI	1704816170381	1704816170491	OK	 
REQUEST	XUI_020_Login	XUI_Common_000_ConfigJson	1704816170493	1704816170617	OK	 
REQUEST	XUI_020_Login	XUI_Common_000_TsAndCs	1704816170620	1704816170721	OK	 
REQUEST	XUI_020_Login	XUI_Common_000_ConfigUI	1704816170722	1704816170874	OK	 
REQUEST	XUI_020_Login	XUI_Common_000_UserDetails	1704816170878	1704816172057	OK	 
REQUEST	XUI_020_Login	XUI_Common_000_IsAuthenticated	1704816172059	1704816172264	OK	 
REQUEST	XUI_020_Login	XUI_Common_000_MonitoringTools	1704816172268	1704816172436	OK	 
GROUP	XUI_020_Login	1704816151080	1704816172471	21320	OK
REQUEST	XUI_PRL_030_SelectCase	XUI_PRL_040_005_SelectIssue	1704816172474	1704816176197	OK	 
REQUEST	XUI_PRL_030_SelectCase	XUI_Common_000_UserDetails	1704816176215	1704816176442	OK	 
GROUP	XUI_PRL_030_SelectCase	1704816172472	1704816176450	3950	OK
REQUEST	XUI_PRL_050_LocalCourt	XUI_PRL_050_005_LocalCourt	1704816176458	1704816178218	OK	 
REQUEST	XUI_PRL_050_LocalCourt	XUI_Common_000_UserDetails	1704816178220	1704816178586	OK	 
GROUP	XUI_PRL_050_LocalCourt	1704816176450	1704816178588	2126	OK
REQUEST	XUI_PRL_060_LocalCourtSubmit	XUI_PRL_060_005_LocalCourtSubmit	1704816178590	1704816203148	OK	 
REQUEST	XUI_PRL_060_LocalCourtSubmit	XUI_Common_000_UserDetails	1704816203156	1704816203270	OK	 
GROUP	XUI_PRL_060_LocalCourtSubmit	1704816178588	1704816203272	24672	OK
REQUEST	XUI_PRL_070_SendToGateKeeper	XUI_PRL_070_005_SendToGateKeeper	1704816203272	1704816206581	OK	 
REQUEST	XUI_PRL_070_SendToGateKeeper	XUI_Common_000_UserDetails	1704816206595	1704816206708	OK	 
GROUP	XUI_PRL_070_SendToGateKeeper	1704816203272	1704816206709	3422	OK
REQUEST	XUI_PRL_080_AddGateKeeper	XUI_PRL_080_005_AddGateKeeper	1704816206710	1704816207903	OK	 
GROUP	XUI_PRL_080_AddGateKeeper	1704816206709	1704816207904	1193	OK
REQUEST	XUI_PRL_090_GateKeeperSubmit	XUI_PRL_090_005_GateKeeperSubmit	1704816207906	1704816211598	OK	 
GROUP	XUI_PRL_090_GateKeeperSubmit	1704816207904	1704816211601	3692	OK
REQUEST	XUI_PRL_180_ServiceOfApplication	XUI_PRL_180_005_ServiceOfApplication	1704816211602	1704816213719	KO	jsonPath($.case_fields[26].formatted_value.list_items.list_items[0].code).find.exists, found nothing
GROUP	XUI_PRL_180_ServiceOfApplication	1704816211601	1704816213747	2117	KO
USER	***** PRL Citizen Journey *****	END	1704816213750
