ASSERTION	AAECAAIFAAAAAAAAAFlA
RUN	simulations.PRL_Simulation	prl-simulation	1706632473533	 	3.9.5
USER	***** PRL Citizen Journey *****	START	1706632474297
REQUEST	XUI_010_Homepage	XUI_010_005_Homepage	1706632474316	1706632474417	OK	 
REQUEST	XUI_010_Homepage	XUI_Common_000_ConfigurationUI	1706632475746	1706632475774	OK	 
REQUEST	XUI_010_Homepage	XUI_Common_000_ConfigJson	1706632475775	1706632475817	OK	 
REQUEST	XUI_010_Homepage	XUI_Common_000_TsAndCs	1706632475818	1706632475842	OK	 
REQUEST	XUI_010_Homepage	XUI_Common_000_ConfigUI	1706632475843	1706632475872	OK	 
REQUEST	XUI_010_Homepage	XUI_Common_000_UserDetails	1706632475872	1706632476562	OK	 
REQUEST	XUI_010_Homepage	XUI_Common_000_IsAuthenticated	1706632476563	1706632476589	OK	 
REQUEST	XUI_010_Homepage	XUI_010_010_AuthLogin	1706632476594	1706632476623	OK	 
REQUEST	XUI_010_Homepage	XUI_010_010_AuthLogin Redirect 1	1706632476627	1706632476728	OK	 
REQUEST	XUI_010_Homepage	XUI_010_010_AuthLogin Redirect 2	1706632476728	1706632476792	OK	 
GROUP	XUI_010_Homepage	1706632474299	1706632477031	2595	OK
REQUEST	XUI_020_Login	XUI_020_005_Login	1706632477034	1706632477122	OK	 
REQUEST	XUI_020_Login	XUI_020_005_Login Redirect 1	1706632477124	1706632477790	OK	 
REQUEST	XUI_020_Login	XUI_020_005_Login Redirect 2	1706632477792	1706632477814	OK	 
REQUEST	XUI_020_Login	XUI_Common_000_ConfigurationUI	1706632478853	1706632478885	OK	 
REQUEST	XUI_020_Login	XUI_Common_000_ConfigJson	1706632478886	1706632478916	OK	 
REQUEST	XUI_020_Login	XUI_Common_000_TsAndCs	1706632478917	1706632478957	OK	 
REQUEST	XUI_020_Login	XUI_Common_000_ConfigUI	1706632478959	1706632478986	OK	 
REQUEST	XUI_020_Login	XUI_Common_000_UserDetails	1706632478989	1706632479354	OK	 
REQUEST	XUI_020_Login	XUI_Common_000_IsAuthenticated	1706632479354	1706632479399	OK	 
REQUEST	XUI_020_Login	XUI_Common_000_MonitoringTools	1706632479399	1706632479449	OK	 
GROUP	XUI_020_Login	1706632477031	1706632479467	2401	OK
REQUEST	XUI_010_Homepage	XUI_010_005_Homepage	1706632479470	1706632479494	OK	 
REQUEST	XUI_010_Homepage	XUI_Common_000_ConfigurationUI	1706632480533	1706632480560	OK	 
REQUEST	XUI_010_Homepage	XUI_Common_000_ConfigJson	1706632480561	1706632480584	OK	 
REQUEST	XUI_010_Homepage	XUI_Common_000_TsAndCs	1706632480584	1706632480620	OK	 
REQUEST	XUI_010_Homepage	XUI_Common_000_ConfigUI	1706632480621	1706632480643	OK	 
REQUEST	XUI_010_Homepage	XUI_Common_000_UserDetails	1706632480644	1706632480666	OK	 
REQUEST	XUI_010_Homepage	XUI_Common_000_IsAuthenticated	1706632480666	1706632480711	OK	 
REQUEST	XUI_010_Homepage	XUI_010_010_AuthLogin	1706632480711	1706632480736	OK	 
REQUEST	XUI_010_Homepage	XUI_010_010_AuthLogin Redirect 1	1706632480737	1706632480785	OK	 
REQUEST	XUI_010_Homepage	XUI_010_010_AuthLogin Redirect 2	1706632480785	1706632480825	OK	 
GROUP	XUI_010_Homepage	1706632479470	1706632481018	1540	OK
REQUEST	XUI_020_Login	XUI_020_005_Login	1706632481019	1706632481101	OK	 
REQUEST	XUI_020_Login	XUI_020_005_Login Redirect 1	1706632481102	1706632481687	OK	 
REQUEST	XUI_020_Login	XUI_020_005_Login Redirect 2	1706632481688	1706632481713	OK	 
REQUEST	XUI_020_Login	XUI_Common_000_ConfigurationUI	1706632482796	1706632482824	OK	 
REQUEST	XUI_020_Login	XUI_Common_000_ConfigJson	1706632482826	1706632482848	OK	 
REQUEST	XUI_020_Login	XUI_Common_000_TsAndCs	1706632482851	1706632482878	OK	 
REQUEST	XUI_020_Login	XUI_Common_000_ConfigUI	1706632482880	1706632482907	OK	 
REQUEST	XUI_020_Login	XUI_Common_000_UserDetails	1706632482909	1706632482963	OK	 
REQUEST	XUI_020_Login	XUI_Common_000_IsAuthenticated	1706632482964	1706632482991	OK	 
REQUEST	XUI_020_Login	XUI_Common_000_MonitoringTools	1706632482993	1706632483017	OK	 
GROUP	XUI_020_Login	1706632481018	1706632483018	1982	OK
REQUEST	XUI_PRL_030_TaskTab	XUI_PRL_030_005_SelectIssue	1706632483020	1706632483103	KO	jsonPath(#[0].id).find.exists extraction crashed: '$' expected but '#' found
GROUP	XUI_PRL_030_TaskTab	1706632483019	1706632483126	83	KO
USER	***** PRL Citizen Journey *****	END	1706632483131
