ASSERTION	AAECAAMFAAAAAAAAAFlA
RUN	simulations.XUI_Simulation	xui-simulation	1678810034444	 	3.3.1
USER	***** Private Law Create Case *****	1	START	1678810035313	1678810035313
REQUEST	1	PRL_CitizenC100_010_PRLHome	PRL_CitizenC100_010_005_PRLHome	1678810035353	1678810035460	OK	 
REQUEST	1	PRL_CitizenC100_010_PRLHome	PRL_CitizenC100_010_005_PRLHome Redirect 1	1678810035489	1678810035571	OK	 
REQUEST	1	PRL_CitizenC100_010_PRLHome	PRL_CitizenC100_010_005_PRLHome Redirect 2	1678810035575	1678810035666	OK	 
GROUP	1	PRL_CitizenC100_010_PRLHome	1678810035327	1678810035971	467	OK
REQUEST	1	PRL_CitizenC100_020_Login	PRL_CitizenC100_020_005_Login	1678810035978	1678810036374	OK	 
REQUEST	1	PRL_CitizenC100_020_Login	PRL_CitizenC100_020_005_Login Redirect 1	1678810036380	1678810036730	OK	 
REQUEST	1	PRL_CitizenC100_020_Login	PRL_CitizenC100_020_005_Login Redirect 2	1678810036733	1678810038572	OK	 
GROUP	1	PRL_CitizenC100_020_Login	1678810035971	1678810038733	2728	OK
REQUEST	1	PRL_CitizenC100_030_StartApplication	PRL_CitizenC100_030_005_StartApplication	1678810038735	1678810038811	OK	 
GROUP	1	PRL_CitizenC100_030_StartApplication	1678810038733	1678810038887	134	OK
REQUEST	1	PRL_CitizenC100_040_WhatYouWillNeed	PRL_CitizenC100_040_005_WhatYouWillNeed	1678810038887	1678810047230	OK	 
REQUEST	1	PRL_CitizenC100_040_WhatYouWillNeed	PRL_CitizenC100_040_005_WhatYouWillNeed Redirect 1	1678810047235	1678810047277	OK	 
GROUP	1	PRL_CitizenC100_040_WhatYouWillNeed	1678810038887	1678810047364	8447	OK
REQUEST	1	PRL_CitizenC100_050_CaseName	PRL_CitizenC100_050_005_CaseName	1678810047366	1678810047414	OK	 
REQUEST	1	PRL_CitizenC100_050_CaseName	PRL_CitizenC100_050_005_CaseName Redirect 1	1678810047416	1678810047448	OK	 
GROUP	1	PRL_CitizenC100_050_CaseName	1678810047364	1678810047514	130	OK
REQUEST	1	PRL_CitizenC100_060_ChildrenPostCode	PRL_CitizenC100_060_005_ChildrenPostCode	1678810047518	1678810047546	OK	 
REQUEST	1	PRL_CitizenC100_060_ChildrenPostCode	PRL_CitizenC100_060_005_ChildrenPostCode Redirect 1	1678810047549	1678810047579	OK	 
GROUP	1	PRL_CitizenC100_060_ChildrenPostCode	1678810047515	1678810047635	109	OK
REQUEST	1	PRL_CitizenC100_070_WrittenAgreement	PRL_CitizenC100_070_005_WrittenAgreement	1678810047636	1678810047668	OK	 
REQUEST	1	PRL_CitizenC100_070_WrittenAgreement	PRL_CitizenC100_070_005_WrittenAgreement Redirect 1	1678810047670	1678810047721	OK	 
GROUP	1	PRL_CitizenC100_070_WrittenAgreement	1678810047635	1678810047779	137	OK
REQUEST	1	PRL_CitizenC100_080_BeforeCourt	PRL_CitizenC100_080_005_BeforeCourt	1678810047780	1678810047812	OK	 
REQUEST	1	PRL_CitizenC100_080_BeforeCourt	PRL_CitizenC100_080_005_BeforeCourt Redirect 1	1678810047815	1678810047850	OK	 
GROUP	1	PRL_CitizenC100_080_BeforeCourt	1678810047779	1678810047909	117	OK
REQUEST	1	PRL_CitizenC100_090_ReachAgreement	PRL_CitizenC100_090_005_ReachAgreement	1678810047912	1678810047946	OK	 
REQUEST	1	PRL_CitizenC100_090_ReachAgreement	PRL_CitizenC100_090_005_ReachAgreement Redirect 1	1678810047948	1678810047986	OK	 
GROUP	1	PRL_CitizenC100_090_ReachAgreement	1678810047909	1678810048048	124	OK
REQUEST	1	PRL_CitizenC100_100_LegalRep	PRL_CitizenC100_100_005_LegalRep	1678810048051	1678810048081	OK	 
REQUEST	1	PRL_CitizenC100_100_LegalRep	PRL_CitizenC100_100_005_LegalRep Redirect 1	1678810048082	1678810048150	OK	 
GROUP	1	PRL_CitizenC100_100_LegalRep	1678810048049	1678810048200	146	OK
REQUEST	1	PRL_CitizenC100_110_PermissionFromCourt	PRL_CitizenC100_110_005_PermissionFromCourt	1678810048201	1678810048229	OK	 
REQUEST	1	PRL_CitizenC100_110_PermissionFromCourt	PRL_CitizenC100_110_005_PermissionFromCourt Redirect 1	1678810048231	1678810048269	OK	 
GROUP	1	PRL_CitizenC100_110_PermissionFromCourt	1678810048200	1678810048332	123	OK
REQUEST	1	PRL_CitizenC100_120_WhyPermissionFromCourt	PRL_CitizenC100_120_005_WhyPermissionFromCourt	1678810048334	1678810048366	OK	 
REQUEST	1	PRL_CitizenC100_120_WhyPermissionFromCourt	PRL_CitizenC100_120_005_WhyPermissionFromCourt Redirect 1	1678810048368	1678810048442	OK	 
GROUP	1	PRL_CitizenC100_120_WhyPermissionFromCourt	1678810048332	1678810048498	159	OK
REQUEST	1	PRL_CitizenC100_130_WhyCourtShouldGrant	PRL_CitizenC100_130_005_WhyCourtShouldGrant	1678810048498	1678810048534	OK	 
REQUEST	1	PRL_CitizenC100_130_WhyCourtShouldGrant	PRL_CitizenC100_130_005_WhyCourtShouldGrant Redirect 1	1678810048535	1678810048566	OK	 
GROUP	1	PRL_CitizenC100_130_WhyCourtShouldGrant	1678810048498	1678810048629	120	OK
REQUEST	1	PRL_CitizenC100_140_InvolvedInEmergencyProtection	PRL_CitizenC100_140_005_InvolvedInEmergencyProtection	1678810048629	1678810048661	OK	 
REQUEST	1	PRL_CitizenC100_140_InvolvedInEmergencyProtection	PRL_CitizenC100_140_005_InvolvedInEmergencyProtection Redirect 1	1678810048662	1678810048719	OK	 
GROUP	1	PRL_CitizenC100_140_InvolvedInEmergencyProtection	1678810048629	1678810048767	133	OK
REQUEST	1	PRL_CitizenC100_150_AttendingMIAM	PRL_CitizenC100_150_005_AttendingMIAM	1678810048767	1678810048796	OK	 
REQUEST	1	PRL_CitizenC100_150_AttendingMIAM	PRL_CitizenC100_150_005_AttendingMIAM Redirect 1	1678810048797	1678810048829	OK	 
GROUP	1	PRL_CitizenC100_150_AttendingMIAM	1678810048767	1678810048896	123	OK
REQUEST	1	PRL_CitizenC100_160_AttendedMIAM	PRL_CitizenC100_160_005_AttendedMIAM	1678810048897	1678810048926	OK	 
REQUEST	1	PRL_CitizenC100_160_AttendedMIAM	PRL_CitizenC100_160_005_AttendedMIAM Redirect 1	1678810048929	1678810048982	OK	 
GROUP	1	PRL_CitizenC100_160_AttendedMIAM	1678810048896	1678810049032	128	OK
REQUEST	1	PRL_CitizenC100_170_DocumentSigned	PRL_CitizenC100_170_005_DocumentSigned	1678810049032	1678810049061	OK	 
REQUEST	1	PRL_CitizenC100_170_DocumentSigned	PRL_CitizenC100_170_005_DocumentSigned Redirect 1	1678810049062	1678810049099	OK	 
GROUP	1	PRL_CitizenC100_170_DocumentSigned	1678810049032	1678810049160	116	OK
REQUEST	1	PRL_CitizenC100_180_MIAMUpload	PRL_CitizenC100_180_005_MIAMUpload	1678810049200	1678810050405	OK	 
REQUEST	1	PRL_CitizenC100_180_MIAMUpload	PRL_CitizenC100_180_005_MIAMUpload Redirect 1	1678810050415	1678810050470	OK	 
GROUP	1	PRL_CitizenC100_180_MIAMUpload	1678810049160	1678810050530	1316	OK
REQUEST	1	PRL_CitizenC100_190_MIAMUploadSubmit	PRL_CitizenC100_190_005_MIAMUploadSubmit	1678810050532	1678810051211	OK	 
REQUEST	1	PRL_CitizenC100_190_MIAMUploadSubmit	PRL_CitizenC100_190_005_MIAMUploadSubmit Redirect 1	1678810051219	1678810051256	OK	 
REQUEST	1	PRL_CitizenC100_190_MIAMUploadSubmit	PRL_CitizenC100_190_005_MIAMUploadSubmit Redirect 2	1678810051262	1678810051298	OK	 
GROUP	1	PRL_CitizenC100_190_MIAMUploadSubmit	1678810050531	1678810051407	851	OK
REQUEST	1	PRL_CitizenC100_200_MIAMUploadContinue	PRL_CitizenC100_200_005_MIAMUploadContinue	1678810051408	1678810051450	OK	 
REQUEST	1	PRL_CitizenC100_200_MIAMUploadContinue	PRL_CitizenC100_200_005_MIAMUploadContinue Redirect 1	1678810051452	1678810051488	OK	 
GROUP	1	PRL_CitizenC100_200_MIAMUploadContinue	1678810051407	1678810051545	130	OK
REQUEST	1	PRL_CitizenC100_210_AskingCourtToDo	PRL_CitizenC100_210_005_AskingCourtToDo	1678810051546	1678810051575	OK	 
REQUEST	1	PRL_CitizenC100_210_AskingCourtToDo	PRL_CitizenC100_210_005_AskingCourtToDo Redirect 1	1678810051577	1678810051606	OK	 
GROUP	1	PRL_CitizenC100_210_AskingCourtToDo	1678810051545	1678810051665	112	OK
REQUEST	1	PRL_CitizenC100_220_WouldLikeCourtTo	PRL_CitizenC100_220_005_WouldLikeCourtTo	1678810051666	1678810051697	OK	 
REQUEST	1	PRL_CitizenC100_220_WouldLikeCourtTo	PRL_CitizenC100_220_005_WouldLikeCourtTo Redirect 1	1678810051698	1678810051730	OK	 
GROUP	1	PRL_CitizenC100_220_WouldLikeCourtTo	1678810051665	1678810051784	114	OK
REQUEST	1	PRL_CitizenC100_230_DescribeWhatCourt	PRL_CitizenC100_230_005_DescribeWhatCourt	1678810051787	1678810051832	OK	 
REQUEST	1	PRL_CitizenC100_230_DescribeWhatCourt	PRL_CitizenC100_230_005_DescribeWhatCourt Redirect 1	1678810051834	1678810051868	OK	 
GROUP	1	PRL_CitizenC100_230_DescribeWhatCourt	1678810051784	1678810051922	128	OK
REQUEST	1	PRL_CitizenC100_240_UrgentFirstHearing	PRL_CitizenC100_240_005_UrgentFirstHearing	1678810051922	1678810051953	OK	 
REQUEST	1	PRL_CitizenC100_240_UrgentFirstHearing	PRL_CitizenC100_240_005_UrgentFirstHearing Redirect 1	1678810051954	1678810052065	OK	 
GROUP	1	PRL_CitizenC100_240_UrgentFirstHearing	1678810051922	1678810052124	190	OK
REQUEST	1	PRL_CitizenC100_250_UrgentHearingDetails	PRL_CitizenC100_250_005_UrgentHearingDetails	1678810052124	1678810052156	OK	 
REQUEST	1	PRL_CitizenC100_250_UrgentHearingDetails	PRL_CitizenC100_250_005_UrgentHearingDetails Redirect 1	1678810052157	1678810052190	OK	 
GROUP	1	PRL_CitizenC100_250_UrgentHearingDetails	1678810052124	1678810052246	116	OK
REQUEST	1	PRL_CitizenC100_260_AskingForWithoutNotice	PRL_CitizenC100_260_005_AskingForWithoutNotice	1678810052247	1678810052282	OK	 
REQUEST	1	PRL_CitizenC100_260_AskingForWithoutNotice	PRL_CitizenC100_260_005_AskingForWithoutNotice Redirect 1	1678810052283	1678810052354	OK	 
GROUP	1	PRL_CitizenC100_260_AskingForWithoutNotice	1678810052246	1678810052407	155	OK
REQUEST	1	PRL_CitizenC100_270_WithoutNoticeDetails	PRL_CitizenC100_270_005_WithoutNoticeDetails	1678810052408	1678810052435	OK	 
REQUEST	1	PRL_CitizenC100_270_WithoutNoticeDetails	PRL_CitizenC100_270_005_WithoutNoticeDetails Redirect 1	1678810052436	1678810052486	OK	 
GROUP	1	PRL_CitizenC100_270_WithoutNoticeDetails	1678810052407	1678810052538	125	OK
REQUEST	1	PRL_CitizenC100_280_ChildrenName	PRL_CitizenC100_280_005_ChildrenName	1678810052540	1678810052572	OK	 
GROUP	1	PRL_CitizenC100_280_ChildrenName	1678810052538	1678810052580	32	OK
REQUEST	1	PRL_CitizenC100_285_ChildrenNameRedirect	PRL_CitizenC100_280_005_ChildrenName	1678810052580	1678810052659	OK	 
GROUP	1	PRL_CitizenC100_285_ChildrenNameRedirect	1678810052580	1678810052720	128	OK
REQUEST	1	PRL_CitizenC100_290_ChildDetails	PRL_CitizenC100_290_005_ChildDetails	1678810052721	1678810052759	OK	 
REQUEST	1	PRL_CitizenC100_290_ChildDetails	PRL_CitizenC100_290_005_ChildDetails Redirect 1	1678810052761	1678810052801	OK	 
GROUP	1	PRL_CitizenC100_290_ChildDetails	1678810052720	1678810052872	143	OK
REQUEST	1	PRL_CitizenC100_300_WhichDecision	PRL_CitizenC100_300_005_WhichDecision	1678810052873	1678810052906	OK	 
REQUEST	1	PRL_CitizenC100_300_WhichDecision	PRL_CitizenC100_300_005_WhichDecision Redirect 1	1678810052908	1678810052981	OK	 
GROUP	1	PRL_CitizenC100_300_WhichDecision	1678810052872	1678810053037	155	OK
REQUEST	1	PRL_CitizenC100_310_ParentalResponsibility	PRL_CitizenC100_310_005_ParentalResponsibility	1678810053038	1678810053067	OK	 
REQUEST	1	PRL_CitizenC100_310_ParentalResponsibility	PRL_CitizenC100_310_005_ParentalResponsibility Redirect 1	1678810053068	1678810053107	OK	 
GROUP	1	PRL_CitizenC100_310_ParentalResponsibility	1678810053037	1678810053158	116	OK
REQUEST	1	PRL_CitizenC100_320_FurtherInformation	PRL_CitizenC100_320_005_FurtherInformation	1678810053159	1678810053190	OK	 
REQUEST	1	PRL_CitizenC100_320_FurtherInformation	PRL_CitizenC100_320_005_FurtherInformation Redirect 1	1678810053191	1678810053224	OK	 
GROUP	1	PRL_CitizenC100_320_FurtherInformation	1678810053158	1678810053278	109	OK
REQUEST	1	PRL_CitizenC100_330_OtherChildren	PRL_CitizenC100_330_005_OtherChildren	1678810053279	1678810053307	OK	 
REQUEST	1	PRL_CitizenC100_330_OtherChildren	PRL_CitizenC100_330_005_OtherChildren Redirect 1	1678810053308	1678810053339	OK	 
GROUP	1	PRL_CitizenC100_330_OtherChildren	1678810053279	1678810053411	124	OK
REQUEST	1	PRL_CitizenC100_340_EnterYourName	PRL_CitizenC100_340_005_EnterYourName	1678810053412	1678810053445	OK	 
GROUP	1	PRL_CitizenC100_340_EnterYourName	1678810053411	1678810053448	33	OK
REQUEST	1	PRL_CitizenC100_345_EnterYourNameRedirect	PRL_CitizenC100_340_005_EnterYourName	1678810053451	1678810053510	OK	 
GROUP	1	PRL_CitizenC100_345_EnterYourNameRedirect	1678810053448	1678810053561	103	OK
REQUEST	1	PRL_CitizenC100_350_KnowContactDetails	PRL_CitizenC100_350_005_KnowContactDetails	1678810053564	1678810053594	OK	 
REQUEST	1	PRL_CitizenC100_350_KnowContactDetails	PRL_CitizenC100_350_005_KnowContactDetails Redirect 1	1678810053596	1678810053642	OK	 
GROUP	1	PRL_CitizenC100_350_KnowContactDetails	1678810053561	1678810053702	130	OK
REQUEST	1	PRL_CitizenC100_360_KeepDetailsPrivate	PRL_CitizenC100_360_005_KeepDetailsPrivate	1678810053703	1678810053734	OK	 
REQUEST	1	PRL_CitizenC100_360_KeepDetailsPrivate	PRL_CitizenC100_360_005_KeepDetailsPrivate Redirect 1	1678810053735	1678810053794	OK	 
GROUP	1	PRL_CitizenC100_360_KeepDetailsPrivate	1678810053702	1678810053856	148	OK
REQUEST	1	PRL_CitizenC100_370_KeepDetailsPrivateContinue	PRL_CitizenC100_370_005_KeepDetailsPrivateContinue	1678810053859	1678810053890	OK	 
REQUEST	1	PRL_CitizenC100_370_KeepDetailsPrivateContinue	PRL_CitizenC100_370_005_KeepDetailsPrivateContinue Redirect 1	1678810053894	1678810053940	OK	 
GROUP	1	PRL_CitizenC100_370_KeepDetailsPrivateContinue	1678810053856	1678810053999	131	OK
REQUEST	1	PRL_CitizenC100_380_ApplicantDetails	PRL_CitizenC100_380_005_ApplicantDetails	1678810054002	1678810054036	OK	 
REQUEST	1	PRL_CitizenC100_380_ApplicantDetails	PRL_CitizenC100_380_005_ApplicantDetails Redirect 1	1678810054038	1678810054100	OK	 
GROUP	1	PRL_CitizenC100_380_ApplicantDetails	1678810053999	1678810054152	141	OK
REQUEST	1	PRL_CitizenC100_390_ApplicantRelationship	PRL_CitizenC100_390_005_ApplicantRelationship	1678810054153	1678810054183	OK	 
REQUEST	1	PRL_CitizenC100_390_ApplicantRelationship	PRL_CitizenC100_390_005_ApplicantRelationship Redirect 1	1678810054185	1678810054219	OK	 
GROUP	1	PRL_CitizenC100_390_ApplicantRelationship	1678810054152	1678810054283	116	OK
REQUEST	1	PRL_CitizenC100_400_ApplicantPostcode	PRL_CitizenC100_400_005_ApplicantPostcode	1678810054284	1678810054802	OK	 
REQUEST	1	PRL_CitizenC100_400_ApplicantPostcode	PRL_CitizenC100_400_005_ApplicantPostcode Redirect 1	1678810054805	1678810054863	OK	 
GROUP	1	PRL_CitizenC100_400_ApplicantPostcode	1678810054283	1678810054919	622	OK
REQUEST	1	PRL_CitizenC100_410_ApplicantSelectAddress	PRL_CitizenC100_410_005_ApplicantSelectAddress	1678810054920	1678810054957	OK	 
REQUEST	1	PRL_CitizenC100_410_ApplicantSelectAddress	PRL_CitizenC100_410_005_ApplicantSelectAddress Redirect 1	1678810054960	1678810054996	OK	 
GROUP	1	PRL_CitizenC100_410_ApplicantSelectAddress	1678810054919	1678810055061	130	OK
REQUEST	1	PRL_CitizenC100_420_ApplicantAddress	PRL_CitizenC100_420_005_ApplicantAddress	1678810055062	1678810055093	OK	 
REQUEST	1	PRL_CitizenC100_420_ApplicantAddress	PRL_CitizenC100_420_005_ApplicantAddress Redirect 1	1678810055096	1678810055197	OK	 
GROUP	1	PRL_CitizenC100_420_ApplicantAddress	1678810055061	1678810055248	180	OK
REQUEST	1	PRL_CitizenC100_430_ApplicantContact	PRL_CitizenC100_430_005_ApplicantContact	1678810055249	1678810055287	OK	 
REQUEST	1	PRL_CitizenC100_430_ApplicantContact	PRL_CitizenC100_430_005_ApplicantContact Redirect 1	1678810055288	1678810055322	OK	 
GROUP	1	PRL_CitizenC100_430_ApplicantContact	1678810055248	1678810055379	125	OK
REQUEST	1	PRL_CitizenC100_440_ApplicantContactPreference	PRL_CitizenC100_440_005_ApplicantContactPreference	1678810055380	1678810055418	OK	 
REQUEST	1	PRL_CitizenC100_440_ApplicantContactPreference	PRL_CitizenC100_440_005_ApplicantContactPreference Redirect 1	1678810055421	1678810055480	OK	 
GROUP	1	PRL_CitizenC100_440_ApplicantContactPreference	1678810055379	1678810055529	141	OK
REQUEST	1	PRL_CitizenC100_450_RespondentName	PRL_CitizenC100_450_005_RespondentName	1678810055530	1678810055562	OK	 
GROUP	1	PRL_CitizenC100_450_RespondentName	1678810055529	1678810055564	32	OK
REQUEST	1	PRL_CitizenC100_460_RespondentNameRedirect	PRL_CitizenC100_460_005_RespondentNameRedirect	1678810055565	1678810055608	OK	 
GROUP	1	PRL_CitizenC100_460_RespondentNameRedirect	1678810055564	1678810055672	102	OK
REQUEST	1	PRL_CitizenC100_470_RespondentDetails	PRL_CitizenC100_470_005_RespondentDetails	1678810055676	1678810055716	OK	 
REQUEST	1	PRL_CitizenC100_470_RespondentDetails	PRL_CitizenC100_470_005_RespondentDetails Redirect 1	1678810055719	1678810055777	OK	 
GROUP	1	PRL_CitizenC100_470_RespondentDetails	1678810055672	1678810055831	145	OK
REQUEST	1	PRL_CitizenC100_480_RespondentRelationship	PRL_CitizenC100_480_005_RespondentRelationship	1678810055833	1678810055862	OK	 
REQUEST	1	PRL_CitizenC100_480_RespondentRelationship	PRL_CitizenC100_480_005_RespondentRelationship Redirect 1	1678810055864	1678810055918	OK	 
GROUP	1	PRL_CitizenC100_480_RespondentRelationship	1678810055831	1678810055985	146	OK
REQUEST	1	PRL_CitizenC100_490_RespondentPostcode	PRL_CitizenC100_490_005_RespondentPostcode	1678810055988	1678810056120	OK	 
REQUEST	1	PRL_CitizenC100_490_RespondentPostcode	PRL_CitizenC100_490_005_RespondentPostcode Redirect 1	1678810056121	1678810056179	OK	 
GROUP	1	PRL_CitizenC100_490_RespondentPostcode	1678810055985	1678810056231	238	OK
REQUEST	1	PRL_CitizenC100_500_RespondentSelectAddress	PRL_CitizenC100_500_005_RespondentSelectAddress	1678810056231	1678810056265	OK	 
REQUEST	1	PRL_CitizenC100_500_RespondentSelectAddress	PRL_CitizenC100_500_005_RespondentSelectAddress Redirect 1	1678810056267	1678810056311	OK	 
GROUP	1	PRL_CitizenC100_500_RespondentSelectAddress	1678810056231	1678810056368	131	OK
REQUEST	1	PRL_CitizenC100_510_RespondentAddress	PRL_CitizenC100_510_005_RespondentAddress	1678810056369	1678810056398	OK	 
REQUEST	1	PRL_CitizenC100_510_RespondentAddress	PRL_CitizenC100_510_005_RespondentAddress Redirect 1	1678810056399	1678810056460	OK	 
GROUP	1	PRL_CitizenC100_510_RespondentAddress	1678810056368	1678810056511	137	OK
REQUEST	1	PRL_CitizenC100_520_RespondentContact	PRL_CitizenC100_520_005_RespondentContact	1678810056512	1678810056542	OK	 
REQUEST	1	PRL_CitizenC100_520_RespondentContact	PRL_CitizenC100_520_005_RespondentContact Redirect 1	1678810056543	1678810056574	OK	 
GROUP	1	PRL_CitizenC100_520_RespondentContact	1678810056512	1678810056627	112	OK
REQUEST	1	PRL_CitizenC100_530_AnyoneElse	PRL_CitizenC100_530_005_AnyoneElse	1678810056628	1678810056658	OK	 
REQUEST	1	PRL_CitizenC100_530_AnyoneElse	PRL_CitizenC100_530_005_AnyoneElse Redirect 1	1678810056660	1678810056750	OK	 
GROUP	1	PRL_CitizenC100_530_AnyoneElse	1678810056627	1678810056796	163	OK
REQUEST	1	PRL_CitizenC100_540_ChildLiveWith	PRL_CitizenC100_540_005_ChildLiveWith	1678810056798	1678810056828	OK	 
REQUEST	1	PRL_CitizenC100_540_ChildLiveWith	PRL_CitizenC100_540_005_ChildLiveWith Redirect 1	1678810056829	1678810056857	OK	 
GROUP	1	PRL_CitizenC100_540_ChildLiveWith	1678810056797	1678810056913	112	OK
REQUEST	1	PRL_CitizenC100_550_InvolvedInCourt	PRL_CitizenC100_550_005_InvolvedInCourt	1678810056914	1678810056946	OK	 
REQUEST	1	PRL_CitizenC100_550_InvolvedInCourt	PRL_CitizenC100_550_005_InvolvedInCourt Redirect 1	1678810056947	1678810057005	OK	 
GROUP	1	PRL_CitizenC100_550_InvolvedInCourt	1678810056913	1678810057057	139	OK
REQUEST	1	PRL_CitizenC100_560_CourtCasesInfo	PRL_CitizenC100_560_005_CourtCasesInfo	1678810057058	1678810057087	OK	 
REQUEST	1	PRL_CitizenC100_560_CourtCasesInfo	PRL_CitizenC100_560_005_CourtCasesInfo Redirect 1	1678810057089	1678810057124	OK	 
GROUP	1	PRL_CitizenC100_560_CourtCasesInfo	1678810057057	1678810057175	112	OK
REQUEST	1	PRL_CitizenC100_570_DetailsOfCourtCases	PRL_CitizenC100_570_005_DetailsOfCourtCases	1678810057175	1678810057207	OK	 
REQUEST	1	PRL_CitizenC100_570_DetailsOfCourtCases	PRL_CitizenC100_570_005_DetailsOfCourtCases Redirect 1	1678810057208	1678810057281	OK	 
GROUP	1	PRL_CitizenC100_570_DetailsOfCourtCases	1678810057175	1678810057339	160	OK
REQUEST	1	PRL_CitizenC100_580_SafetyInfo	PRL_CitizenC100_580_005_SafetyInfo	1678810057339	1678810057367	OK	 
REQUEST	1	PRL_CitizenC100_580_SafetyInfo	PRL_CitizenC100_580_005_SafetyInfo Redirect 1	1678810057368	1678810057404	OK	 
GROUP	1	PRL_CitizenC100_580_SafetyInfo	1678810057339	1678810057459	115	OK
REQUEST	1	PRL_CitizenC100_590_SafetyConcerns	PRL_CitizenC100_590_005_SafetyConcerns	1678810057459	1678810057497	OK	 
REQUEST	1	PRL_CitizenC100_590_SafetyConcerns	PRL_CitizenC100_590_005_SafetyConcerns Redirect 1	1678810057498	1678810057560	OK	 
GROUP	1	PRL_CitizenC100_590_SafetyConcerns	1678810057459	1678810057644	180	OK
REQUEST	1	PRL_CitizenC100_600_ConcernedAbout	PRL_CitizenC100_600_005_ConcernedAbout	1678810057645	1678810057685	OK	 
REQUEST	1	PRL_CitizenC100_600_ConcernedAbout	PRL_CitizenC100_600_005_ConcernedAbout Redirect 1	1678810057686	1678810057722	OK	 
GROUP	1	PRL_CitizenC100_600_ConcernedAbout	1678810057644	1678810057791	140	OK
REQUEST	1	PRL_CitizenC100_610_TypeOfBehaviour	PRL_CitizenC100_610_005_TypeOfBehaviour	1678810057791	1678810057820	OK	 
REQUEST	1	PRL_CitizenC100_610_TypeOfBehaviour	PRL_CitizenC100_610_005_TypeOfBehaviour Redirect 1	1678810057823	1678810057891	OK	 
GROUP	1	PRL_CitizenC100_610_TypeOfBehaviour	1678810057791	1678810057994	158	OK
REQUEST	1	PRL_CitizenC100_620_DescribePyshicalAbuse	PRL_CitizenC100_620_005_DescribePyshicalAbuse	1678810057995	1678810058025	OK	 
REQUEST	1	PRL_CitizenC100_620_DescribePyshicalAbuse	PRL_CitizenC100_620_005_DescribePyshicalAbuse Redirect 1	1678810058027	1678810058056	OK	 
GROUP	1	PRL_CitizenC100_620_DescribePyshicalAbuse	1678810057994	1678810058132	123	OK
REQUEST	1	PRL_CitizenC100_630_ImpactedByDrug	PRL_CitizenC100_630_005_ImpactedByDrug	1678810058135	1678810058166	OK	 
REQUEST	1	PRL_CitizenC100_630_ImpactedByDrug	PRL_CitizenC100_630_005_ImpactedByDrug Redirect 1	1678810058168	1678810058223	OK	 
GROUP	1	PRL_CitizenC100_630_ImpactedByDrug	1678810058132	1678810058278	138	OK
REQUEST	1	PRL_CitizenC100_640_OtherConcerns	PRL_CitizenC100_640_005_OtherConcerns	1678810058279	1678810058313	OK	 
REQUEST	1	PRL_CitizenC100_640_OtherConcerns	PRL_CitizenC100_640_005_OtherConcerns Redirect 1	1678810058315	1678810058348	OK	 
GROUP	1	PRL_CitizenC100_640_OtherConcerns	1678810058278	1678810058400	116	OK
REQUEST	1	PRL_CitizenC100_650_KeepChildrenSafe	PRL_CitizenC100_650_005_KeepChildrenSafe	1678810058400	1678810058431	OK	 
REQUEST	1	PRL_CitizenC100_650_KeepChildrenSafe	PRL_CitizenC100_650_005_KeepChildrenSafe Redirect 1	1678810058433	1678810058482	OK	 
GROUP	1	PRL_CitizenC100_650_KeepChildrenSafe	1678810058400	1678810058540	135	OK
REQUEST	1	PRL_CitizenC100_660_ContactBetweenChildren	PRL_CitizenC100_660_005_ContactBetweenChildren	1678810058540	1678810058576	OK	 
REQUEST	1	PRL_CitizenC100_660_ContactBetweenChildren	PRL_CitizenC100_660_005_ContactBetweenChildren Redirect 1	1678810058578	1678810058608	OK	 
GROUP	1	PRL_CitizenC100_660_ContactBetweenChildren	1678810058540	1678810058670	125	OK
REQUEST	1	PRL_CitizenC100_670_ChildrenBasedOutsideEngland	PRL_CitizenC100_670_005_ChildrenBasedOutsideEngland	1678810058671	1678810058701	OK	 
REQUEST	1	PRL_CitizenC100_670_ChildrenBasedOutsideEngland	PRL_CitizenC100_670_005_ChildrenBasedOutsideEngland Redirect 1	1678810058702	1678810058780	OK	 
GROUP	1	PRL_CitizenC100_670_ChildrenBasedOutsideEngland	1678810058670	1678810058827	153	OK
REQUEST	1	PRL_CitizenC100_680_ParentsBasedOutsideEngland	PRL_CitizenC100_680_005_ParentsBasedOutsideEngland	1678810058827	1678810058857	OK	 
REQUEST	1	PRL_CitizenC100_680_ParentsBasedOutsideEngland	PRL_CitizenC100_680_005_ParentsBasedOutsideEngland Redirect 1	1678810058858	1678810058888	OK	 
GROUP	1	PRL_CitizenC100_680_ParentsBasedOutsideEngland	1678810058827	1678810058949	117	OK
REQUEST	1	PRL_CitizenC100_690_AnotherPersonApply	PRL_CitizenC100_690_005_AnotherPersonApply	1678810058950	1678810058980	OK	 
REQUEST	1	PRL_CitizenC100_690_AnotherPersonApply	PRL_CitizenC100_690_005_AnotherPersonApply Redirect 1	1678810058981	1678810059017	OK	 
GROUP	1	PRL_CitizenC100_690_AnotherPersonApply	1678810058949	1678810059065	112	OK
REQUEST	1	PRL_CitizenC100_700_AnotherCountryAsked	PRL_CitizenC100_700_005_AnotherCountryAsked	1678810059067	1678810059103	OK	 
REQUEST	1	PRL_CitizenC100_700_AnotherCountryAsked	PRL_CitizenC100_700_005_AnotherCountryAsked Redirect 1	1678810059104	1678810059155	OK	 
GROUP	1	PRL_CitizenC100_700_AnotherCountryAsked	1678810059066	1678810059212	141	OK
REQUEST	1	PRL_CitizenC100_710_TakePartInHearings	PRL_CitizenC100_710_005_TakePartInHearings	1678810059213	1678810059241	OK	 
REQUEST	1	PRL_CitizenC100_710_TakePartInHearings	PRL_CitizenC100_710_005_TakePartInHearings Redirect 1	1678810059242	1678810059277	OK	 
GROUP	1	PRL_CitizenC100_710_TakePartInHearings	1678810059212	1678810059330	114	OK
REQUEST	1	PRL_CitizenC100_720_LanguageRequirements	PRL_CitizenC100_720_005_LanguageRequirements	1678810059331	1678810059360	OK	 
REQUEST	1	PRL_CitizenC100_720_LanguageRequirements	PRL_CitizenC100_720_005_LanguageRequirements Redirect 1	1678810059362	1678810059423	OK	 
GROUP	1	PRL_CitizenC100_720_LanguageRequirements	1678810059331	1678810059480	138	OK
REQUEST	1	PRL_CitizenC100_730_SpecialArrangements	PRL_CitizenC100_730_005_SpecialArrangements	1678810059482	1678810059513	OK	 
REQUEST	1	PRL_CitizenC100_730_SpecialArrangements	PRL_CitizenC100_730_005_SpecialArrangements Redirect 1	1678810059515	1678810059545	OK	 
GROUP	1	PRL_CitizenC100_730_SpecialArrangements	1678810059480	1678810059599	113	OK
REQUEST	1	PRL_CitizenC100_740_NeedSupport	PRL_CitizenC100_740_005_NeedSupport	1678810059600	1678810059633	OK	 
REQUEST	1	PRL_CitizenC100_740_NeedSupport	PRL_CitizenC100_740_005_NeedSupport Redirect 1	1678810059640	1678810059670	OK	 
GROUP	1	PRL_CitizenC100_740_NeedSupport	1678810059599	1678810059723	111	OK
REQUEST	1	PRL_CitizenC100_750_DocumentsAlternativeFormat	PRL_CitizenC100_750_005_DocumentsAlternativeFormat	1678810059726	1678810059762	OK	 
REQUEST	1	PRL_CitizenC100_750_DocumentsAlternativeFormat	PRL_CitizenC100_750_005_DocumentsAlternativeFormat Redirect 1	1678810059763	1678810059878	OK	 
GROUP	1	PRL_CitizenC100_750_DocumentsAlternativeFormat	1678810059723	1678810059944	214	OK
REQUEST	1	PRL_CitizenC100_760_HelpWithPaying	PRL_CitizenC100_760_005_HelpWithPaying	1678810059945	1678810059975	OK	 
REQUEST	1	PRL_CitizenC100_760_HelpWithPaying	PRL_CitizenC100_760_005_HelpWithPaying Redirect 1	1678810059976	1678810061775	OK	 
GROUP	1	PRL_CitizenC100_760_HelpWithPaying	1678810059944	1678810061851	1899	OK
REQUEST	1	PRL_CitizenC100_770_CheckYourAnswers	PRL_CitizenC100_770_005_CheckYourAnswers	1678810061851	1678810064737	OK	 
GROUP	1	PRL_CitizenC100_770_CheckYourAnswers	1678810061851	1678810064741	2886	OK
REQUEST	1	PRL_CitizenC100_780_CheckYourAnswersRedirect	PRL_CitizenC100_780_005_CheckYourAnswersRedirect	1678810064742	1678810064883	OK	 
GROUP	1	PRL_CitizenC100_780_CheckYourAnswersRedirect	1678810064741	1678810064885	141	OK
REQUEST	1	PRL_CitizenC100_790_CheckYourAnswersFinal	PRL_CitizenC100_790_005_CheckYourAnswersFinal	1678810064886	1678810064996	OK	 
GROUP	1	PRL_CitizenC100_790_CheckYourAnswersFinal	1678810064885	1678810065164	262	OK
REQUEST	1	PRL_CitizenC100_800_EnterCardDetails	PRL_CitizenC100_800_005_EnterCardDetails	1678810065168	1678810065304	OK	 
REQUEST	1	PRL_CitizenC100_800_EnterCardDetails	PRL_CitizenC100_800_005_EnterCardDetails Redirect 1	1678810065344	1678810065429	OK	 
GROUP	1	PRL_CitizenC100_800_EnterCardDetails	1678810065165	1678810065482	223	OK
REQUEST	1	PRL_CitizenC100_810_FinalSubmit	PRL_CitizenC100_810_005_FinalSubmit	1678810065484	1678810065572	OK	 
REQUEST	1	PRL_CitizenC100_810_FinalSubmit	PRL_CitizenC100_810_005_FinalSubmit Redirect 1	1678810065575	1678810065610	OK	 
REQUEST	1	PRL_CitizenC100_810_FinalSubmit	PRL_CitizenC100_810_005_FinalSubmit Redirect 2	1678810065612	1678810077974	OK	 
REQUEST	1	PRL_CitizenC100_810_FinalSubmit	PRL_CitizenC100_810_005_FinalSubmit Redirect 3	1678810077979	1678810078016	OK	 
GROUP	1	PRL_CitizenC100_810_FinalSubmit	1678810065482	1678810078111	12598	OK
REQUEST	1	PRL_CitizenC100_820_Logout	PRL_CitizenC100_820_005_Logout	1678810078117	1678810078177	OK	 
REQUEST	1	PRL_CitizenC100_820_Logout	PRL_CitizenC100_820_005_Logout Redirect 1	1678810078195	1678810078227	OK	 
REQUEST	1	PRL_CitizenC100_820_Logout	PRL_CitizenC100_820_005_Logout Redirect 2	1678810078230	1678810078293	OK	 
REQUEST	1	PRL_CitizenC100_820_Logout	PRL_CitizenC100_820_005_Logout Redirect 3	1678810078295	1678810078348	OK	 
GROUP	1	PRL_CitizenC100_820_Logout	1678810078112	1678810078437	281	OK
USER	***** Private Law Create Case *****	1	END	1678810035313	1678810078469
