ASSERTION	AAECAAIFAAAAAAAAAFlA
RUN	simulations.PRL_Simulation	prl-simulation	1706091128152	 	3.9.5
USER	***** PRL Case Flags 2.1 Journey *****	START	1706091128912
REQUEST	XUI_010_Homepage	XUI_010_005_Homepage	1706091128931	1706091129086	OK	 
REQUEST	XUI_010_Homepage	XUI_Common_000_ConfigurationUI	1706091131409	1706091131447	OK	 
REQUEST	XUI_010_Homepage	XUI_Common_000_ConfigJson	1706091131448	1706091131491	OK	 
REQUEST	XUI_010_Homepage	XUI_Common_000_TsAndCs	1706091131493	1706091131522	OK	 
REQUEST	XUI_010_Homepage	XUI_Common_000_ConfigUI	1706091131524	1706091131555	OK	 
REQUEST	XUI_010_Homepage	XUI_Common_000_UserDetails	1706091131557	1706091131613	OK	 
REQUEST	XUI_010_Homepage	XUI_Common_000_IsAuthenticated	1706091131614	1706091131644	OK	 
REQUEST	XUI_010_Homepage	XUI_010_010_AuthLogin	1706091131648	1706091131679	OK	 
REQUEST	XUI_010_Homepage	XUI_010_010_AuthLogin Redirect 1	1706091131684	1706091131806	OK	 
REQUEST	XUI_010_Homepage	XUI_010_010_AuthLogin Redirect 2	1706091131807	1706091131852	OK	 
GROUP	XUI_010_Homepage	1706091128916	1706091132145	3116	OK
REQUEST	XUI_020_Login	XUI_020_005_Login	1706091132149	1706091132336	OK	 
REQUEST	XUI_020_Login	XUI_020_005_Login Redirect 1	1706091132337	1706091133466	OK	 
REQUEST	XUI_020_Login	XUI_020_005_Login Redirect 2	1706091133469	1706091133501	OK	 
REQUEST	XUI_020_Login	XUI_Common_000_ConfigurationUI	1706091138385	1706091138415	OK	 
REQUEST	XUI_020_Login	XUI_Common_000_ConfigJson	1706091138417	1706091138447	OK	 
REQUEST	XUI_020_Login	XUI_Common_000_TsAndCs	1706091138448	1706091138487	OK	 
REQUEST	XUI_020_Login	XUI_Common_000_ConfigUI	1706091138488	1706091138533	OK	 
REQUEST	XUI_020_Login	XUI_Common_000_UserDetails	1706091138535	1706091139934	OK	 
REQUEST	XUI_020_Login	XUI_Common_000_IsAuthenticated	1706091139936	1706091139991	OK	 
REQUEST	XUI_020_Login	XUI_Common_000_MonitoringTools	1706091139992	1706091140046	OK	 
GROUP	XUI_020_Login	1706091132146	1706091140081	7877	OK
REQUEST	XUI_PRL_031_SelectCase	XUI_PRL_031_005_SelectCase	1706091140085	1706091145393	OK	 
GROUP	XUI_PRL_031_SelectCase	1706091140085	1706091145394	5308	OK
REQUEST	XUI_PRL_032_SelectApplication	XUI_PRL_032_005_SelectApplication	1706091145395	1706091145520	OK	 
REQUEST	XUI_PRL_032_SelectApplication	XUI_PRL_032_010_SelectApplication	1706091145523	1706091151996	OK	 
GROUP	XUI_PRL_032_SelectApplication	1706091145394	1706091152029	6598	OK
REQUEST	XUI_PRL_033_SelectSupport	XUI_PRL_033_005_SelectSupport	1706091152054	1706091152125	OK	 
GROUP	XUI_PRL_033_SelectSupport	1706091152029	1706091152126	71	OK
REQUEST	XUI_PRL_034_SelectCaseDocuments	XUI_PRL_034_005_SelectCaseDocuments	1706091152126	1706091152188	OK	 
GROUP	XUI_PRL_034_SelectCaseDocuments	1706091152126	1706091152189	62	OK
REQUEST	XUI_PRL_035_SelectHistory	XUI_PRL_035_005_SelectHistory	1706091152190	1706091152271	OK	 
GROUP	XUI_PRL_035_SelectHistory	1706091152189	1706091152272	81	OK
REQUEST	XUI_PRL_036_SelectServiceRequest	XUI_PRL_036_005_SelectServiceRequest	1706091152272	1706091152348	OK	 
REQUEST	XUI_PRL_036_SelectServiceRequest	XUI_PRL_036_010_SelectServiceRequest	1706091152351	1706091153540	OK	 
GROUP	XUI_PRL_036_SelectServiceRequest	1706091152272	1706091153542	1265	OK
REQUEST	XUI_PRL_037_SelectParties	XUI_PRL_037_005_SelectParties	1706091153542	1706091153651	OK	 
REQUEST	XUI_PRL_037_SelectParties	XUI_PRL_037_010_SelectParties	1706091153653	1706091155476	OK	 
GROUP	XUI_PRL_037_SelectParties	1706091153542	1706091155477	1932	OK
USER	***** PRL Case Flags 2.1 Journey *****	END	1706091155487
