ASSERTION	AAECAAIFAAAAAAAAAFlA
RUN	simulations.PRL_Simulation	prl-simulation	1706618142880	 	3.9.5
USER	***** PRL Citizen Journey *****	START	1706618143412
REQUEST	XUI_010_Homepage	XUI_010_005_Homepage	1706618143420	1706618143559	OK	 
REQUEST	XUI_010_Homepage	XUI_Common_000_ConfigurationUI	1706618144632	1706618144659	OK	 
REQUEST	XUI_010_Homepage	XUI_Common_000_ConfigJson	1706618144660	1706618144690	OK	 
REQUEST	XUI_010_Homepage	XUI_Common_000_TsAndCs	1706618144690	1706618144716	OK	 
REQUEST	XUI_010_Homepage	XUI_Common_000_ConfigUI	1706618144716	1706618144749	OK	 
REQUEST	XUI_010_Homepage	XUI_Common_000_UserDetails	1706618144750	1706618144781	OK	 
REQUEST	XUI_010_Homepage	XUI_Common_000_IsAuthenticated	1706618144782	1706618144806	OK	 
REQUEST	XUI_010_Homepage	XUI_010_010_AuthLogin	1706618144807	1706618144837	OK	 
REQUEST	XUI_010_Homepage	XUI_010_010_AuthLogin Redirect 1	1706618144839	1706618145330	OK	 
REQUEST	XUI_010_Homepage	XUI_010_010_AuthLogin Redirect 2	1706618145335	1706618148510	OK	 
GROUP	XUI_010_Homepage	1706618143414	1706618148772	5283	OK
REQUEST	XUI_020_Login	XUI_020_005_Login	1706618148777	1706618149051	OK	 
REQUEST	XUI_020_Login	XUI_020_005_Login Redirect 1	1706618149051	1706618149719	OK	 
REQUEST	XUI_020_Login	XUI_020_005_Login Redirect 2	1706618149725	1706618149756	OK	 
REQUEST	XUI_020_Login	XUI_Common_000_ConfigurationUI	1706618150869	1706618150899	OK	 
REQUEST	XUI_020_Login	XUI_Common_000_ConfigJson	1706618150902	1706618150929	OK	 
REQUEST	XUI_020_Login	XUI_Common_000_TsAndCs	1706618150932	1706618150966	OK	 
REQUEST	XUI_020_Login	XUI_Common_000_ConfigUI	1706618150968	1706618151007	OK	 
REQUEST	XUI_020_Login	XUI_Common_000_UserDetails	1706618151010	1706618151771	OK	 
REQUEST	XUI_020_Login	XUI_Common_000_IsAuthenticated	1706618151775	1706618151836	OK	 
REQUEST	XUI_020_Login	XUI_Common_000_MonitoringTools	1706618151838	1706618151909	OK	 
GROUP	XUI_020_Login	1706618148772	1706618151947	3101	OK
REQUEST	XUI_PRL_030_CreateCaseStart	XUI_PRL_030_005_CreateCaseStart	1706618151950	1706618155627	OK	 
GROUP	XUI_PRL_030_CreateCaseStart	1706618151948	1706618155635	3677	OK
REQUEST	XUI_PRL_031_Type_Of_Application	XUI_PRL_031_005_Type_Of_Application	1706618155638	1706618157532	OK	 
GROUP	XUI_PRL_031_Type_Of_Application	1706618155635	1706618157534	1894	OK
REQUEST	XUI_PRL_032_ApplicationCheckYourAnswers	XUI_PRL_032_005_ApplicationCheckYourAnswers	1706618157536	1706618176430	OK	 
GROUP	XUI_PRL_032_ApplicationCheckYourAnswers	1706618157534	1706618176450	18894	OK
REQUEST	XUI_PRL_033_ApplicationDetails	XUI_PRL_033_005_ApplicationDetails	1706618176451	1706618178448	OK	 
GROUP	XUI_PRL_033_ApplicationDetails	1706618176450	1706618178482	1997	OK
REQUEST	XUI_PRL_034_EnterApplicationDetails	XUI_PRL_034_005_EnterApplicationDetails	1706618178482	1706618179263	OK	 
GROUP	XUI_PRL_034_EnterApplicationDetails	1706618178482	1706618179266	781	OK
REQUEST	XUI_PRL_035_SubmitApplicationDetails	XUI_PRL_035_005_SubmitApplicationDetails	1706618179268	1706618184399	OK	 
GROUP	XUI_PRL_035_SubmitApplicationDetails	1706618179266	1706618184400	5131	OK
REQUEST	XUI_PRL_036_SubmitAndPay	XUI_PRL_036_005_SubmitAndPay	1706618184401	1706618195134	OK	 
GROUP	XUI_PRL_036_SubmitAndPay	1706618184400	1706618195143	10733	OK
REQUEST	XUI_PRL_037_ConfidentialityStatement	XUI_PRL_037_005_ConfidentialityStatement	1706618195143	1706618196365	OK	 
GROUP	XUI_PRL_037_ConfidentialityStatement	1706618195143	1706618196367	1222	OK
REQUEST	XUI_PRL_038_Declaration	XUI_PRL_038_005_Declaration	1706618196369	1706618197182	OK	 
GROUP	XUI_PRL_038_Declaration	1706618196367	1706618197184	813	OK
REQUEST	XUI_PRL_039_Continue	XUI_PRL_039_005_Continue	1706618197186	1706618198824	OK	 
GROUP	XUI_PRL_039_Continue	1706618197185	1706618198830	1638	OK
REQUEST	XUI_PRL_040_Continue	XUI_PRL_039_005_Continue	1706618198830	1706618209800	OK	 
GROUP	XUI_PRL_040_Continue	1706618198830	1706618209808	10970	OK
REQUEST	XUI_PRL_041_DummyPaymentConfirmation 	XUI_PRL_041_005_DummyPaymentConfirmation 	1706618209809	1706618210513	OK	 
GROUP	XUI_PRL_041_DummyPaymentConfirmation 	1706618209808	1706618210515	704	OK
REQUEST	XUI_PRL_042_PaymentOption	XUI_PRL_042_005_PaymentOption	1706618210518	1706618211314	OK	 
GROUP	XUI_PRL_042_PaymentOption	1706618210516	1706618211320	796	OK
REQUEST	XUI_PRL_043_PaymentOption	XUI_PRL_043_005_PaymentOption	1706618211321	1706618211457	OK	 
REQUEST	XUI_PRL_043_PaymentOption	XUI_PRL_043_005_PaymentOption Redirect 1	1706618211459	1706618211555	OK	 
GROUP	XUI_PRL_043_PaymentOption	1706618211320	1706618211733	397	OK
REQUEST	XUI_PRL_044_CardDetails	XUI_PRL_044_005_CardDetails	1706618211734	1706618211854	OK	 
REQUEST	XUI_PRL_044_CardDetails	XUI_PRL_044_005_CardDetails Redirect 1	1706618211855	1706618211914	OK	 
GROUP	XUI_PRL_044_CardDetails	1706618211733	1706618211924	180	OK
REQUEST	XUI_PRL_045_ConfirmPayment	XUI_PRL_045_005_ConfirmPayment	1706618211924	1706618212022	OK	 
REQUEST	XUI_PRL_045_ConfirmPayment	XUI_PRL_045_005_ConfirmPayment Redirect 1	1706618212023	1706618212063	OK	 
REQUEST	XUI_PRL_045_ConfirmPayment	XUI_PRL_045_005_ConfirmPayment Redirect 2	1706618212075	1706618214754	OK	 
GROUP	XUI_PRL_045_ConfirmPayment	1706618211924	1706618219125	7178	OK
USER	***** PRL Citizen Journey *****	END	1706618219130
