ASSERTION	AAECAAIFAAAAAAAAAFlA
RUN	simulations.PRL_Simulation	prl-simulation	1711452937862	 	3.9.5
USER	***** PRL Citizen Journey *****	START	1711452938432
REQUEST	PRL_CitizenC100_010_PRLHome	PRL_CitizenC100_010_005_PRLHome	1711452938453	1711452938601	OK	 
REQUEST	PRL_CitizenC100_010_PRLHome	PRL_CitizenC100_010_005_PRLHome Redirect 1	1711452938608	1711452938699	OK	 
REQUEST	PRL_CitizenC100_010_PRLHome	PRL_CitizenC100_010_005_PRLHome Redirect 2	1711452938700	1711452938802	OK	 
REQUEST	PRL_CitizenC100_010_PRLHome	PRL_CitizenC100_010_005_PRLHome Redirect 3	1711452938802	1711452938953	OK	 
GROUP	PRL_CitizenC100_010_PRLHome	1711452938433	1711452939287	775	OK
REQUEST	PRL_CitizenC100_020_Login	PRL_CitizenC100_020_005_Login	1711452939289	1711452939409	OK	 
REQUEST	PRL_CitizenC100_020_Login	PRL_CitizenC100_020_005_Login Redirect 1	1711452939411	1711452940017	OK	 
REQUEST	PRL_CitizenC100_020_Login	PRL_CitizenC100_020_005_Login Redirect 2	1711452940019	1711452942987	OK	 
GROUP	PRL_CitizenC100_020_Login	1711452939287	1711452943272	3972	OK
REQUEST	PRL_CitizenC100_025_ChildArrangementsApplication	PRL_CitizenC100_025_005_ChildArrangementsApplication	1711452943273	1711452943805	OK	 
GROUP	PRL_CitizenC100_025_ChildArrangementsApplication	1711452943272	1711452943975	695	OK
REQUEST	PRL_CitizenC100_030_StartApplication	PRL_CitizenC100_030_005_StartApplication	1711452943975	1711452944419	OK	 
GROUP	PRL_CitizenC100_030_StartApplication	1711452943975	1711452944561	581	OK
REQUEST	PRL_CitizenC100_040_WhatYouWillNeed	PRL_CitizenC100_040_005_WhatYouWillNeed	1711452944561	1711452952200	OK	 
REQUEST	PRL_CitizenC100_040_WhatYouWillNeed	PRL_CitizenC100_040_005_WhatYouWillNeed Redirect 1	1711452952200	1711452952351	OK	 
GROUP	PRL_CitizenC100_040_WhatYouWillNeed	1711452944561	1711452952612	8044	OK
REQUEST	PRL_CitizenC100_060_ChildrenPostCode	PRL_CitizenC100_060_005_ChildrenPostCode	1711452952614	1711452952670	OK	 
REQUEST	PRL_CitizenC100_060_ChildrenPostCode	PRL_CitizenC100_060_005_ChildrenPostCode Redirect 1	1711452952672	1711452952854	OK	 
GROUP	PRL_CitizenC100_060_ChildrenPostCode	1711452952612	1711452953013	392	OK
REQUEST	PRL_CitizenC100_070_WrittenAgreement	PRL_CitizenC100_070_005_WrittenAgreement	1711452953014	1711452953066	OK	 
REQUEST	PRL_CitizenC100_070_WrittenAgreement	PRL_CitizenC100_070_005_WrittenAgreement Redirect 1	1711452953068	1711452953214	OK	 
GROUP	PRL_CitizenC100_070_WrittenAgreement	1711452953013	1711452953352	333	OK
REQUEST	PRL_CitizenC100_080_BeforeCourt	PRL_CitizenC100_080_005_BeforeCourt	1711452953354	1711452953405	OK	 
REQUEST	PRL_CitizenC100_080_BeforeCourt	PRL_CitizenC100_080_005_BeforeCourt Redirect 1	1711452953406	1711452953584	OK	 
GROUP	PRL_CitizenC100_080_BeforeCourt	1711452953353	1711452953734	372	OK
REQUEST	PRL_CitizenC100_090_ReachAgreement	PRL_CitizenC100_090_005_ReachAgreement	1711452953735	1711452953784	OK	 
REQUEST	PRL_CitizenC100_090_ReachAgreement	PRL_CitizenC100_090_005_ReachAgreement Redirect 1	1711452953785	1711452953891	OK	 
GROUP	PRL_CitizenC100_090_ReachAgreement	1711452953734	1711452954023	282	OK
REQUEST	PRL_CitizenC100_100_LegalRep	PRL_CitizenC100_100_005_LegalRep	1711452954025	1711452954076	OK	 
REQUEST	PRL_CitizenC100_100_LegalRep	PRL_CitizenC100_100_005_LegalRep Redirect 1	1711452954077	1711452954243	OK	 
GROUP	PRL_CitizenC100_100_LegalRep	1711452954024	1711452954378	351	OK
REQUEST	PRL_CitizenC100_110_PermissionFromCourt	PRL_CitizenC100_110_005_PermissionFromCourt	1711452954379	1711452954441	OK	 
REQUEST	PRL_CitizenC100_110_PermissionFromCourt	PRL_CitizenC100_110_005_PermissionFromCourt Redirect 1	1711452954442	1711452954585	OK	 
GROUP	PRL_CitizenC100_110_PermissionFromCourt	1711452954378	1711452954723	338	OK
REQUEST	PRL_CitizenC100_120_WhyPermissionFromCourt	PRL_CitizenC100_120_005_WhyPermissionFromCourt	1711452954724	1711452954766	OK	 
REQUEST	PRL_CitizenC100_120_WhyPermissionFromCourt	PRL_CitizenC100_120_005_WhyPermissionFromCourt Redirect 1	1711452954767	1711452954884	OK	 
GROUP	PRL_CitizenC100_120_WhyPermissionFromCourt	1711452954723	1711452955023	293	OK
REQUEST	PRL_CitizenC100_130_WhyCourtShouldGrant	PRL_CitizenC100_130_005_WhyCourtShouldGrant	1711452955024	1711452955065	OK	 
REQUEST	PRL_CitizenC100_130_WhyCourtShouldGrant	PRL_CitizenC100_130_005_WhyCourtShouldGrant Redirect 1	1711452955066	1711452955253	OK	 
GROUP	PRL_CitizenC100_130_WhyCourtShouldGrant	1711452955023	1711452955379	352	OK
REQUEST	PRL_CitizenC100_140_InvolvedInEmergencyProtection	PRL_CitizenC100_140_005_InvolvedInEmergencyProtection	1711452955380	1711452955419	OK	 
REQUEST	PRL_CitizenC100_140_InvolvedInEmergencyProtection	PRL_CitizenC100_140_005_InvolvedInEmergencyProtection Redirect 1	1711452955420	1711452955528	OK	 
GROUP	PRL_CitizenC100_140_InvolvedInEmergencyProtection	1711452955379	1711452955671	285	OK
REQUEST	PRL_CitizenC100_150_AttendingMIAM	PRL_CitizenC100_150_005_AttendingMIAM	1711452955672	1711452955708	OK	 
REQUEST	PRL_CitizenC100_150_AttendingMIAM	PRL_CitizenC100_150_005_AttendingMIAM Redirect 1	1711452955710	1711452955833	OK	 
GROUP	PRL_CitizenC100_150_AttendingMIAM	1711452955671	1711452955984	307	OK
REQUEST	PRL_CitizenC100_160_AttendedMIAM	PRL_CitizenC100_160_005_AttendedMIAM	1711452955986	1711452956048	OK	 
REQUEST	PRL_CitizenC100_160_AttendedMIAM	PRL_CitizenC100_160_005_AttendedMIAM Redirect 1	1711452956049	1711452956222	OK	 
GROUP	PRL_CitizenC100_160_AttendedMIAM	1711452955985	1711452956358	367	OK
REQUEST	PRL_CitizenC100_170_DocumentSigned	PRL_CitizenC100_170_005_DocumentSigned	1711452956359	1711452956397	OK	 
REQUEST	PRL_CitizenC100_170_DocumentSigned	PRL_CitizenC100_170_005_DocumentSigned Redirect 1	1711452956398	1711452956519	OK	 
GROUP	PRL_CitizenC100_170_DocumentSigned	1711452956358	1711452956658	293	OK
REQUEST	PRL_CitizenC100_180_MIAMUpload	PRL_CitizenC100_180_005_MIAMUpload	1711452956667	1711452957731	KO	substring(applicant__miam_certificate).find.exists, found nothing
GROUP	PRL_CitizenC100_180_MIAMUpload	1711452956659	1711452957740	1064	KO
USER	***** PRL Citizen Journey *****	END	1711452957743
