ASSERTION	AAECAAIFAAAAAAAAAFlA
RUN	simulations.PRL_Simulation	prl-simulation	1704816708232	 	3.9.5
USER	***** PRL Citizen Journey *****	START	1704816709109
REQUEST	XUI_010_Homepage	XUI_010_005_Homepage	1704816709119	1704816709713	OK	 
REQUEST	XUI_010_Homepage	XUI_Common_000_ConfigurationUI	1704816720787	1704816720869	OK	 
REQUEST	XUI_010_Homepage	XUI_Common_000_ConfigJson	1704816720874	1704816720970	OK	 
REQUEST	XUI_010_Homepage	XUI_Common_000_TsAndCs	1704816720972	1704816721273	OK	 
REQUEST	XUI_010_Homepage	XUI_Common_000_ConfigUI	1704816721277	1704816721363	OK	 
REQUEST	XUI_010_Homepage	XUI_Common_000_UserDetails	1704816721364	1704816721501	OK	 
REQUEST	XUI_010_Homepage	XUI_Common_000_IsAuthenticated	1704816721503	1704816721621	OK	 
REQUEST	XUI_010_Homepage	XUI_010_010_AuthLogin	1704816721628	1704816721780	OK	 
REQUEST	XUI_010_Homepage	XUI_010_010_AuthLogin Redirect 1	1704816721790	1704816722221	OK	 
REQUEST	XUI_010_Homepage	XUI_010_010_AuthLogin Redirect 2	1704816722224	1704816722526	OK	 
GROUP	XUI_010_Homepage	1704816709110	1704816724396	15147	OK
REQUEST	XUI_020_Login	XUI_020_005_Login	1704816724404	1704816725274	OK	 
REQUEST	XUI_020_Login	XUI_020_005_Login Redirect 1	1704816725276	1704816726007	OK	 
REQUEST	XUI_020_Login	XUI_020_005_Login Redirect 2	1704816726014	1704816726120	OK	 
REQUEST	XUI_020_Login	XUI_Common_000_ConfigurationUI	1704816738539	1704816738684	OK	 
REQUEST	XUI_020_Login	XUI_Common_000_ConfigJson	1704816738686	1704816738808	OK	 
REQUEST	XUI_020_Login	XUI_Common_000_TsAndCs	1704816738810	1704816738920	OK	 
REQUEST	XUI_020_Login	XUI_Common_000_ConfigUI	1704816738923	1704816739198	OK	 
REQUEST	XUI_020_Login	XUI_Common_000_UserDetails	1704816739199	1704816740080	OK	 
REQUEST	XUI_020_Login	XUI_Common_000_IsAuthenticated	1704816740082	1704816740232	OK	 
REQUEST	XUI_020_Login	XUI_Common_000_MonitoringTools	1704816740234	1704816740373	OK	 
GROUP	XUI_020_Login	1704816724396	1704816740410	15939	OK
REQUEST	XUI_PRL_030_CreateCaseStart	XUI_PRL_030_005_CreateCaseStart	1704816740413	1704816744057	OK	 
GROUP	XUI_PRL_030_CreateCaseStart	1704816740411	1704816744085	3644	OK
REQUEST	XUI_PRL_031_Type_Of_Application	XUI_PRL_031_005_Type_Of_Application	1704816744087	1704816745049	OK	 
GROUP	XUI_PRL_031_Type_Of_Application	1704816744085	1704816745051	962	OK
REQUEST	XUI_PRL_032_ApplicationCheckYourAnswers	XUI_PRL_032_005_ApplicationCheckYourAnswers	1704816745054	1704816759216	OK	 
GROUP	XUI_PRL_032_ApplicationCheckYourAnswers	1704816745052	1704816759237	14162	OK
REQUEST	XUI_PRL_033_ApplicationDetails	XUI_PRL_033_005_ApplicationDetails	1704816759237	1704816763548	OK	 
GROUP	XUI_PRL_033_ApplicationDetails	1704816759237	1704816763601	4311	OK
REQUEST	XUI_PRL_034_EnterApplicationDetails	XUI_PRL_034_005_EnterApplicationDetails	1704816763601	1704816764699	OK	 
GROUP	XUI_PRL_034_EnterApplicationDetails	1704816763601	1704816764701	1098	OK
REQUEST	XUI_PRL_035_SubmitApplicationDetails	XUI_PRL_035_005_SubmitApplicationDetails	1704816764702	1704816777955	OK	 
GROUP	XUI_PRL_035_SubmitApplicationDetails	1704816764701	1704816777958	13253	OK
REQUEST	XUI_PRL_036_SubmitAndPay	XUI_PRL_036_005_SubmitAndPay	1704816777959	1704816784714	OK	 
GROUP	XUI_PRL_036_SubmitAndPay	1704816777958	1704816784725	6755	OK
REQUEST	XUI_PRL_037_ConfidentialityStatement	XUI_PRL_037_005_ConfidentialityStatement	1704816784725	1704816785612	OK	 
GROUP	XUI_PRL_037_ConfidentialityStatement	1704816784725	1704816785613	887	OK
REQUEST	XUI_PRL_038_Declaration	XUI_PRL_038_005_Declaration	1704816785614	1704816786977	OK	 
GROUP	XUI_PRL_038_Declaration	1704816785613	1704816786978	1363	OK
REQUEST	XUI_PRL_039_Continue	XUI_PRL_039_005_Continue	1704816786980	1704816789590	OK	 
GROUP	XUI_PRL_039_Continue	1704816786979	1704816789593	2610	OK
REQUEST	XUI_PRL_040_Continue	XUI_PRL_039_005_Continue	1704816789596	1704816800089	OK	 
GROUP	XUI_PRL_040_Continue	1704816789593	1704816800108	10493	OK
REQUEST	XUI_PRL_041_DummyPaymentConfirmation 	XUI_PRL_041_005_DummyPaymentConfirmation 	1704816800108	1704816802680	OK	 
GROUP	XUI_PRL_041_DummyPaymentConfirmation 	1704816800108	1704816802681	2572	OK
REQUEST	XUI_PRL_042_PaymentOption	XUI_PRL_042_005_PaymentOption	1704816802682	1704816803614	OK	 
GROUP	XUI_PRL_042_PaymentOption	1704816802681	1704816803615	932	OK
REQUEST	XUI_PRL_043_PaymentOption	XUI_PRL_043_005_PaymentOption	1704816803615	1704816804037	OK	 
REQUEST	XUI_PRL_043_PaymentOption	XUI_PRL_043_005_PaymentOption Redirect 1	1704816804038	1704816804281	OK	 
GROUP	XUI_PRL_043_PaymentOption	1704816803615	1704816805205	1580	OK
REQUEST	XUI_PRL_044_CardDetails	XUI_PRL_044_005_CardDetails	1704816805207	1704816805394	OK	 
REQUEST	XUI_PRL_044_CardDetails	XUI_PRL_044_005_CardDetails Redirect 1	1704816805395	1704816805513	OK	 
GROUP	XUI_PRL_044_CardDetails	1704816805205	1704816805527	306	OK
REQUEST	XUI_PRL_045_ConfirmPayment	XUI_PRL_045_005_ConfirmPayment	1704816805527	1704816805674	OK	 
REQUEST	XUI_PRL_045_ConfirmPayment	XUI_PRL_045_005_ConfirmPayment Redirect 1	1704816805675	1704816805781	OK	 
REQUEST	XUI_PRL_045_ConfirmPayment	XUI_PRL_045_005_ConfirmPayment Redirect 2	1704816805795	1704816809389	OK	 
GROUP	XUI_PRL_045_ConfirmPayment	1704816805527	1704816811624	6072	OK
REQUEST	XUI_010_Homepage	XUI_010_005_Homepage	1704816811630	1704816811755	OK	 
REQUEST	XUI_010_Homepage	XUI_Common_000_ConfigurationUI	1704816826232	1704816826398	OK	 
REQUEST	XUI_010_Homepage	XUI_Common_000_ConfigJson	1704816826400	1704816826554	OK	 
REQUEST	XUI_010_Homepage	XUI_Common_000_TsAndCs	1704816826556	1704816826652	OK	 
REQUEST	XUI_010_Homepage	XUI_Common_000_ConfigUI	1704816826653	1704816826761	OK	 
REQUEST	XUI_010_Homepage	XUI_Common_000_UserDetails	1704816826762	1704816826903	OK	 
REQUEST	XUI_010_Homepage	XUI_Common_000_IsAuthenticated	1704816826904	1704816827069	OK	 
REQUEST	XUI_010_Homepage	XUI_010_010_AuthLogin	1704816827070	1704816827325	OK	 
REQUEST	XUI_010_Homepage	XUI_010_010_AuthLogin Redirect 1	1704816827327	1704816827838	OK	 
REQUEST	XUI_010_Homepage	XUI_010_010_AuthLogin Redirect 2	1704816827839	1704816828526	OK	 
GROUP	XUI_010_Homepage	1704816811626	1704816833232	21574	OK
REQUEST	XUI_020_Login	XUI_020_005_Login	1704816833233	1704816833470	OK	 
REQUEST	XUI_020_Login	XUI_020_005_Login Redirect 1	1704816833471	1704816833876	OK	 
REQUEST	XUI_020_Login	XUI_020_005_Login Redirect 2	1704816833876	1704816834005	OK	 
REQUEST	XUI_020_Login	XUI_Common_000_ConfigurationUI	1704816845991	1704816846130	OK	 
REQUEST	XUI_020_Login	XUI_Common_000_ConfigJson	1704816846130	1704816846253	OK	 
REQUEST	XUI_020_Login	XUI_Common_000_TsAndCs	1704816846254	1704816846343	OK	 
REQUEST	XUI_020_Login	XUI_Common_000_ConfigUI	1704816846344	1704816846483	OK	 
REQUEST	XUI_020_Login	XUI_Common_000_UserDetails	1704816846489	1704816847058	OK	 
REQUEST	XUI_020_Login	XUI_Common_000_IsAuthenticated	1704816847060	1704816847180	OK	 
REQUEST	XUI_020_Login	XUI_Common_000_MonitoringTools	1704816847181	1704816847422	OK	 
GROUP	XUI_020_Login	1704816833232	1704816847424	14173	OK
REQUEST	XUI_PRL_030_SelectCase	XUI_PRL_040_005_SelectIssue	1704816847426	1704816851106	OK	 
REQUEST	XUI_PRL_030_SelectCase	XUI_Common_000_UserDetails	1704816851110	1704816851326	OK	 
GROUP	XUI_PRL_030_SelectCase	1704816847424	1704816851327	3896	OK
REQUEST	XUI_PRL_050_LocalCourt	XUI_PRL_050_005_LocalCourt	1704816851329	1704816852686	OK	 
REQUEST	XUI_PRL_050_LocalCourt	XUI_Common_000_UserDetails	1704816852688	1704816852865	OK	 
GROUP	XUI_PRL_050_LocalCourt	1704816851327	1704816852868	1534	OK
REQUEST	XUI_PRL_060_LocalCourtSubmit	XUI_PRL_060_005_LocalCourtSubmit	1704816852869	1704816876023	OK	 
REQUEST	XUI_PRL_060_LocalCourtSubmit	XUI_Common_000_UserDetails	1704816876027	1704816876175	OK	 
GROUP	XUI_PRL_060_LocalCourtSubmit	1704816852868	1704816876175	23302	OK
REQUEST	XUI_PRL_070_SendToGateKeeper	XUI_PRL_070_005_SendToGateKeeper	1704816876176	1704816879852	OK	 
REQUEST	XUI_PRL_070_SendToGateKeeper	XUI_Common_000_UserDetails	1704816879857	1704816879986	OK	 
GROUP	XUI_PRL_070_SendToGateKeeper	1704816876176	1704816879987	3805	OK
REQUEST	XUI_PRL_080_AddGateKeeper	XUI_PRL_080_005_AddGateKeeper	1704816879988	1704816881041	OK	 
GROUP	XUI_PRL_080_AddGateKeeper	1704816879987	1704816881043	1053	OK
REQUEST	XUI_PRL_090_GateKeeperSubmit	XUI_PRL_090_005_GateKeeperSubmit	1704816881044	1704816883203	OK	 
GROUP	XUI_PRL_090_GateKeeperSubmit	1704816881043	1704816883206	2159	OK
REQUEST	XUI_PRL_180_ServiceOfApplication	XUI_PRL_180_005_ServiceOfApplication	1704816883207	1704816884534	OK	 
REQUEST	XUI_PRL_180_ServiceOfApplication	XUI_Common_000_UserDetails	1704816884544	1704816884643	OK	 
GROUP	XUI_PRL_180_ServiceOfApplication	1704816883206	1704816884644	1426	OK
REQUEST	XUI_PRL_190_PD36QUpload	XUI_PRL_190_005_PD36QUpload	1704816884660	1704816885077	OK	 
GROUP	XUI_PRL_190_PD36QUpload	1704816884644	1704816885079	417	OK
REQUEST	XUI_PRL_200_SpecialArrangementsUpload	XUI_PRL_200_005_SpecialArrangementsUpload	1704816885080	1704816885485	OK	 
GROUP	XUI_PRL_200_SpecialArrangementsUpload	1704816885079	1704816885486	405	OK
REQUEST	XUI_PRL_210_AdditionalDocumentsUpload	XUI_PRL_210_005_AdditionalDocumentsUpload	1704816885488	1704816886120	OK	 
GROUP	XUI_PRL_210_AdditionalDocumentsUpload	1704816885486	1704816886121	632	OK
REQUEST	XUI_PRL_220_DocumentUpload	XUI_PRL_220_005_DocumentUpload	1704816886122	1704816887050	OK	 
GROUP	XUI_PRL_220_DocumentUpload	1704816886121	1704816887051	928	OK
REQUEST	XUI_PRL_230_PersonallyServed	XUI_PRL_230_005_PersonallyServed	1704816887052	1704816887818	OK	 
GROUP	XUI_PRL_230_PersonallyServed	1704816887051	1704816887819	766	OK
REQUEST	XUI_PRL_240_ServiceSubmit	XUI_PRL_240_005_ServiceSubmit	1704816887820	1704816898927	OK	 
GROUP	XUI_PRL_240_ServiceSubmit	1704816887819	1704816898932	11107	KO
USER	***** PRL Citizen Journey *****	END	1704816898938
