ASSERTION	AAECAAIFAAAAAAAAAFlA
RUN	simulations.PRL_Simulation	prl-simulation	1706797095695	 	3.9.5
USER	***** PRL Citizen Journey *****	START	1706797096180
REQUEST	XUI_010_Homepage	XUI_010_005_Homepage	1706797096188	1706797096265	OK	 
REQUEST	XUI_010_Homepage	XUI_Common_000_ConfigurationUI	1706797097340	1706797097366	OK	 
REQUEST	XUI_010_Homepage	XUI_Common_000_ConfigJson	1706797097367	1706797097392	OK	 
REQUEST	XUI_010_Homepage	XUI_Common_000_TsAndCs	1706797097393	1706797097427	OK	 
REQUEST	XUI_010_Homepage	XUI_Common_000_ConfigUI	1706797097427	1706797097469	OK	 
REQUEST	XUI_010_Homepage	XUI_Common_000_UserDetails	1706797097469	1706797097511	OK	 
REQUEST	XUI_010_Homepage	XUI_Common_000_IsAuthenticated	1706797097511	1706797097539	OK	 
REQUEST	XUI_010_Homepage	XUI_010_010_AuthLogin	1706797097541	1706797097572	OK	 
REQUEST	XUI_010_Homepage	XUI_010_010_AuthLogin Redirect 1	1706797097574	1706797097656	OK	 
REQUEST	XUI_010_Homepage	XUI_010_010_AuthLogin Redirect 2	1706797097657	1706797097738	OK	 
GROUP	XUI_010_Homepage	1706797096180	1706797097979	1713	OK
REQUEST	XUI_020_Login	XUI_020_005_Login	1706797097981	1706797098145	OK	 
REQUEST	XUI_020_Login	XUI_020_005_Login Redirect 1	1706797098146	1706797098965	OK	 
REQUEST	XUI_020_Login	XUI_020_005_Login Redirect 2	1706797098970	1706797099036	OK	 
REQUEST	XUI_020_Login	XUI_Common_000_ConfigurationUI	1706797100110	1706797100147	OK	 
REQUEST	XUI_020_Login	XUI_Common_000_ConfigJson	1706797100148	1706797100177	OK	 
REQUEST	XUI_020_Login	XUI_Common_000_TsAndCs	1706797100179	1706797100206	OK	 
REQUEST	XUI_020_Login	XUI_Common_000_ConfigUI	1706797100209	1706797100249	OK	 
REQUEST	XUI_020_Login	XUI_Common_000_UserDetails	1706797100252	1706797101259	OK	 
REQUEST	XUI_020_Login	XUI_Common_000_IsAuthenticated	1706797101260	1706797101328	OK	 
REQUEST	XUI_020_Login	XUI_Common_000_MonitoringTools	1706797101329	1706797101394	OK	 
GROUP	XUI_020_Login	1706797097979	1706797101412	3393	OK
REQUEST	XUI_010_Homepage	XUI_010_005_Homepage	1706797101414	1706797101448	OK	 
REQUEST	XUI_010_Homepage	XUI_Common_000_ConfigurationUI	1706797102474	1706797102516	OK	 
REQUEST	XUI_010_Homepage	XUI_Common_000_ConfigJson	1706797102516	1706797102547	OK	 
REQUEST	XUI_010_Homepage	XUI_Common_000_TsAndCs	1706797102548	1706797102584	OK	 
REQUEST	XUI_010_Homepage	XUI_Common_000_ConfigUI	1706797102585	1706797102618	OK	 
REQUEST	XUI_010_Homepage	XUI_Common_000_UserDetails	1706797102621	1706797102647	OK	 
REQUEST	XUI_010_Homepage	XUI_Common_000_IsAuthenticated	1706797102647	1706797102671	OK	 
REQUEST	XUI_010_Homepage	XUI_010_010_AuthLogin	1706797102672	1706797102718	OK	 
REQUEST	XUI_010_Homepage	XUI_010_010_AuthLogin Redirect 1	1706797102719	1706797102753	OK	 
REQUEST	XUI_010_Homepage	XUI_010_010_AuthLogin Redirect 2	1706797102754	1706797102821	OK	 
GROUP	XUI_010_Homepage	1706797101414	1706797102994	1557	OK
REQUEST	XUI_020_Login	XUI_020_005_Login	1706797102995	1706797103112	OK	 
REQUEST	XUI_020_Login	XUI_020_005_Login Redirect 1	1706797103114	1706797103676	OK	 
REQUEST	XUI_020_Login	XUI_020_005_Login Redirect 2	1706797103680	1706797103709	OK	 
REQUEST	XUI_020_Login	XUI_Common_000_ConfigurationUI	1706797104744	1706797104775	OK	 
REQUEST	XUI_020_Login	XUI_Common_000_ConfigJson	1706797104776	1706797104809	OK	 
REQUEST	XUI_020_Login	XUI_Common_000_TsAndCs	1706797104810	1706797104849	OK	 
REQUEST	XUI_020_Login	XUI_Common_000_ConfigUI	1706797104850	1706797104876	OK	 
REQUEST	XUI_020_Login	XUI_Common_000_UserDetails	1706797104877	1706797105379	OK	 
REQUEST	XUI_020_Login	XUI_Common_000_IsAuthenticated	1706797105382	1706797105411	OK	 
REQUEST	XUI_020_Login	XUI_Common_000_MonitoringTools	1706797105414	1706797105449	OK	 
GROUP	XUI_020_Login	1706797102994	1706797105452	2437	OK
REQUEST	XUI_PRL_030_TaskTab	XUI_PRL_030_005_SelectIssue	1706797105454	1706797107055	OK	 
GROUP	XUI_PRL_030_TaskTab	1706797105453	1706797107062	1601	OK
REQUEST	XUI_PRL_031_AssignToMe	XUI_PRL_031_005_AssignToMe	1706797107064	1706797108591	OK	 
GROUP	XUI_PRL_031_AssignToMe	1706797107062	1706797108591	1527	OK
REQUEST	XUI_PRL_040_SelectCase	XUI_PRL_040_005_SelectIssue	1706797108597	1706797113407	OK	 
REQUEST	XUI_PRL_040_SelectCase	XUI_Common_000_UserDetails	1706797113416	1706797113440	OK	 
GROUP	XUI_PRL_040_SelectCase	1706797108591	1706797113443	4834	OK
REQUEST	XUI_PRL_050_LocalCourt	XUI_PRL_050_005_LocalCourt	1706797113444	1706797114763	OK	 
REQUEST	XUI_PRL_050_LocalCourt	XUI_Common_000_UserDetails	1706797114766	1706797114792	OK	 
GROUP	XUI_PRL_050_LocalCourt	1706797113443	1706797114796	1345	OK
REQUEST	XUI_PRL_060_LocalCourtSubmit	XUI_PRL_060_005_LocalCourtSubmit	1706797114797	1706797137278	OK	 
REQUEST	XUI_PRL_060_LocalCourtSubmit	XUI_Common_000_UserDetails	1706797137280	1706797137351	OK	 
GROUP	XUI_PRL_060_LocalCourtSubmit	1706797114796	1706797137352	22552	OK
REQUEST	XUI_PRL_070_SendToGateKeeper	XUI_PRL_070_005_SendToGateKeeper	1706797137352	1706797140965	OK	 
REQUEST	XUI_PRL_070_SendToGateKeeper	XUI_Common_000_UserDetails	1706797140981	1706797141009	OK	 
GROUP	XUI_PRL_070_SendToGateKeeper	1706797137352	1706797141010	3641	OK
REQUEST	XUI_PRL_080_AddGateKeeper	XUI_PRL_080_005_AddGateKeeper	1706797141010	1706797141962	OK	 
GROUP	XUI_PRL_080_AddGateKeeper	1706797141010	1706797141963	952	OK
REQUEST	XUI_PRL_090_GateKeeperSubmit	XUI_PRL_090_005_GateKeeperSubmit	1706797141964	1706797144578	OK	 
GROUP	XUI_PRL_090_GateKeeperSubmit	1706797141963	1706797144580	2614	OK
REQUEST	XUI_PRL_180_ServiceOfApplication	XUI_PRL_180_005_ServiceOfApplication	1706797144581	1706797146499	OK	 
REQUEST	XUI_PRL_180_ServiceOfApplication	XUI_Common_000_UserDetails	1706797146514	1706797146555	OK	 
GROUP	XUI_PRL_180_ServiceOfApplication	1706797144580	1706797146555	1959	OK
REQUEST	XUI_PRL_190_PD36QUpload	XUI_PRL_190_005_PD36QUpload	1706797146563	1706797147538	OK	 
GROUP	XUI_PRL_190_PD36QUpload	1706797146555	1706797147539	975	OK
REQUEST	XUI_PRL_200_SpecialArrangementsUpload	XUI_PRL_200_005_SpecialArrangementsUpload	1706797147539	1706797148797	OK	 
GROUP	XUI_PRL_200_SpecialArrangementsUpload	1706797147539	1706797148800	1258	OK
REQUEST	XUI_PRL_210_AdditionalDocumentsUpload	XUI_PRL_210_005_AdditionalDocumentsUpload	1706797148801	1706797149295	OK	 
GROUP	XUI_PRL_210_AdditionalDocumentsUpload	1706797148800	1706797149299	494	OK
REQUEST	XUI_PRL_220_DocumentUpload	XUI_PRL_220_005_DocumentUpload	1706797149302	1706797150679	OK	 
GROUP	XUI_PRL_220_DocumentUpload	1706797149299	1706797150682	1377	OK
REQUEST	XUI_PRL_230_PersonallyServed	XUI_PRL_230_005_PersonallyServed	1706797150684	1706797152011	OK	 
GROUP	XUI_PRL_230_PersonallyServed	1706797150682	1706797152011	1327	OK
USER	***** PRL Citizen Journey *****	END	1706797152015
