ASSERTION	AAECAAIFAAAAAAAAAFlA
RUN	simulations.PRL_Simulation	prl-simulation	1706712935912	 	3.9.5
USER	***** PRL Citizen Journey *****	START	1706712936432
REQUEST	XUI_010_Homepage	XUI_010_005_Homepage	1706712936440	1706712936545	OK	 
REQUEST	XUI_010_Homepage	XUI_Common_000_ConfigurationUI	1706712937867	1706712937911	OK	 
REQUEST	XUI_010_Homepage	XUI_Common_000_ConfigJson	1706712937912	1706712937956	OK	 
REQUEST	XUI_010_Homepage	XUI_Common_000_TsAndCs	1706712937956	1706712938002	OK	 
REQUEST	XUI_010_Homepage	XUI_Common_000_ConfigUI	1706712938002	1706712938040	OK	 
REQUEST	XUI_010_Homepage	XUI_Common_000_UserDetails	1706712938041	1706712938095	OK	 
REQUEST	XUI_010_Homepage	XUI_Common_000_IsAuthenticated	1706712938096	1706712938136	OK	 
REQUEST	XUI_010_Homepage	XUI_010_010_AuthLogin	1706712938141	1706712938179	OK	 
REQUEST	XUI_010_Homepage	XUI_010_010_AuthLogin Redirect 1	1706712938192	1706712938297	OK	 
REQUEST	XUI_010_Homepage	XUI_010_010_AuthLogin Redirect 2	1706712938300	1706712938335	OK	 
GROUP	XUI_010_Homepage	1706712936433	1706712938564	2026	OK
REQUEST	XUI_020_Login	XUI_020_005_Login	1706712938567	1706712938680	OK	 
REQUEST	XUI_020_Login	XUI_020_005_Login Redirect 1	1706712938681	1706712939242	OK	 
REQUEST	XUI_020_Login	XUI_020_005_Login Redirect 2	1706712939247	1706712939297	OK	 
REQUEST	XUI_020_Login	XUI_Common_000_ConfigurationUI	1706712940608	1706712940645	OK	 
REQUEST	XUI_020_Login	XUI_Common_000_ConfigJson	1706712940649	1706712940688	OK	 
REQUEST	XUI_020_Login	XUI_Common_000_TsAndCs	1706712940690	1706712940729	OK	 
REQUEST	XUI_020_Login	XUI_Common_000_ConfigUI	1706712940730	1706712940758	OK	 
REQUEST	XUI_020_Login	XUI_Common_000_UserDetails	1706712940765	1706712941144	OK	 
REQUEST	XUI_020_Login	XUI_Common_000_IsAuthenticated	1706712941146	1706712941208	OK	 
REQUEST	XUI_020_Login	XUI_Common_000_MonitoringTools	1706712941216	1706712941289	OK	 
GROUP	XUI_020_Login	1706712938564	1706712941333	2684	OK
REQUEST	XUI_PRL_030_CreateCaseStart	XUI_PRL_030_005_CreateCaseStart	1706712941337	1706712943601	OK	 
GROUP	XUI_PRL_030_CreateCaseStart	1706712941335	1706712943623	2264	OK
REQUEST	XUI_PRL_031_Type_Of_Application	XUI_PRL_031_005_Type_Of_Application	1706712943627	1706712944825	OK	 
GROUP	XUI_PRL_031_Type_Of_Application	1706712943623	1706712944827	1198	OK
REQUEST	XUI_PRL_032_ApplicationCheckYourAnswers	XUI_PRL_032_005_ApplicationCheckYourAnswers	1706712944833	1706712959292	OK	 
GROUP	XUI_PRL_032_ApplicationCheckYourAnswers	1706712944827	1706712959302	14459	OK
REQUEST	XUI_PRL_033_ApplicationDetails	XUI_PRL_033_005_ApplicationDetails	1706712959303	1706712960770	OK	 
GROUP	XUI_PRL_033_ApplicationDetails	1706712959302	1706712960803	1467	OK
REQUEST	XUI_PRL_034_EnterApplicationDetails	XUI_PRL_034_005_EnterApplicationDetails	1706712960804	1706712961606	OK	 
GROUP	XUI_PRL_034_EnterApplicationDetails	1706712960803	1706712961606	802	OK
REQUEST	XUI_PRL_035_SubmitApplicationDetails	XUI_PRL_035_005_SubmitApplicationDetails	1706712961607	1706712968248	OK	 
GROUP	XUI_PRL_035_SubmitApplicationDetails	1706712961606	1706712968249	6641	OK
REQUEST	XUI_PRL_036_SubmitAndPay	XUI_PRL_036_005_SubmitAndPay	1706712968250	1706712980562	OK	 
GROUP	XUI_PRL_036_SubmitAndPay	1706712968249	1706712980580	12312	OK
REQUEST	XUI_PRL_037_ConfidentialityStatement	XUI_PRL_037_005_ConfidentialityStatement	1706712980581	1706712981160	OK	 
GROUP	XUI_PRL_037_ConfidentialityStatement	1706712980580	1706712981163	579	OK
REQUEST	XUI_PRL_038_Declaration	XUI_PRL_038_005_Declaration	1706712981164	1706712981728	OK	 
GROUP	XUI_PRL_038_Declaration	1706712981163	1706712981728	564	OK
REQUEST	XUI_PRL_039_Continue	XUI_PRL_039_005_Continue	1706712981728	1706712983144	OK	 
GROUP	XUI_PRL_039_Continue	1706712981728	1706712983146	1416	OK
REQUEST	XUI_PRL_040_Continue	XUI_PRL_039_005_Continue	1706712983146	1706712993701	OK	 
GROUP	XUI_PRL_040_Continue	1706712983146	1706712993704	10555	OK
REQUEST	XUI_PRL_041_DummyPaymentConfirmation 	XUI_PRL_041_005_DummyPaymentConfirmation 	1706712993704	1706712994169	OK	 
GROUP	XUI_PRL_041_DummyPaymentConfirmation 	1706712993704	1706712994171	465	OK
REQUEST	XUI_PRL_042_PaymentOption	XUI_PRL_042_005_PaymentOption	1706712994173	1706712994869	OK	 
GROUP	XUI_PRL_042_PaymentOption	1706712994171	1706712994876	696	OK
REQUEST	XUI_PRL_043_PaymentOption	XUI_PRL_043_005_PaymentOption	1706712994877	1706712995020	OK	 
REQUEST	XUI_PRL_043_PaymentOption	XUI_PRL_043_005_PaymentOption Redirect 1	1706712995022	1706712995137	OK	 
GROUP	XUI_PRL_043_PaymentOption	1706712994876	1706712995310	417	OK
REQUEST	XUI_PRL_044_CardDetails	XUI_PRL_044_005_CardDetails	1706712995310	1706712995431	OK	 
REQUEST	XUI_PRL_044_CardDetails	XUI_PRL_044_005_CardDetails Redirect 1	1706712995432	1706712995493	OK	 
GROUP	XUI_PRL_044_CardDetails	1706712995310	1706712995505	183	OK
REQUEST	XUI_PRL_045_ConfirmPayment	XUI_PRL_045_005_ConfirmPayment	1706712995506	1706712995606	OK	 
REQUEST	XUI_PRL_045_ConfirmPayment	XUI_PRL_045_005_ConfirmPayment Redirect 1	1706712995608	1706712995648	OK	 
REQUEST	XUI_PRL_045_ConfirmPayment	XUI_PRL_045_005_ConfirmPayment Redirect 2	1706712995661	1706712998064	OK	 
GROUP	XUI_PRL_045_ConfirmPayment	1706712995505	1706712998218	2690	OK
REQUEST	XUI_PRL_030_CreateCaseStart	XUI_PRL_030_005_CreateCaseStart	1706712998219	1706712998819	OK	 
GROUP	XUI_PRL_030_CreateCaseStart	1706712998219	1706712998821	600	OK
REQUEST	XUI_PRL_031_Type_Of_Application	XUI_PRL_031_005_Type_Of_Application	1706712998822	1706712999539	OK	 
GROUP	XUI_PRL_031_Type_Of_Application	1706712998821	1706712999540	717	OK
REQUEST	XUI_PRL_032_ApplicationCheckYourAnswers	XUI_PRL_032_005_ApplicationCheckYourAnswers	1706712999540	1706713010911	OK	 
GROUP	XUI_PRL_032_ApplicationCheckYourAnswers	1706712999540	1706713010914	11371	OK
REQUEST	XUI_PRL_033_ApplicationDetails	XUI_PRL_033_005_ApplicationDetails	1706713010915	1706713012649	OK	 
GROUP	XUI_PRL_033_ApplicationDetails	1706713010914	1706713012661	1734	OK
REQUEST	XUI_PRL_034_EnterApplicationDetails	XUI_PRL_034_005_EnterApplicationDetails	1706713012662	1706713013299	OK	 
GROUP	XUI_PRL_034_EnterApplicationDetails	1706713012661	1706713013300	637	OK
REQUEST	XUI_PRL_035_SubmitApplicationDetails	XUI_PRL_035_005_SubmitApplicationDetails	1706713013302	1706713020634	OK	 
GROUP	XUI_PRL_035_SubmitApplicationDetails	1706713013301	1706713020637	7332	OK
REQUEST	XUI_PRL_036_SubmitAndPay	XUI_PRL_036_005_SubmitAndPay	1706713020639	1706713026232	OK	 
GROUP	XUI_PRL_036_SubmitAndPay	1706713020637	1706713026234	5593	OK
REQUEST	XUI_PRL_037_ConfidentialityStatement	XUI_PRL_037_005_ConfidentialityStatement	1706713026235	1706713027015	OK	 
GROUP	XUI_PRL_037_ConfidentialityStatement	1706713026234	1706713027017	780	OK
REQUEST	XUI_PRL_038_Declaration	XUI_PRL_038_005_Declaration	1706713027019	1706713027759	OK	 
GROUP	XUI_PRL_038_Declaration	1706713027017	1706713027759	740	OK
REQUEST	XUI_PRL_039_Continue	XUI_PRL_039_005_Continue	1706713027760	1706713028609	OK	 
GROUP	XUI_PRL_039_Continue	1706713027759	1706713028610	849	OK
REQUEST	XUI_PRL_040_Continue	XUI_PRL_039_005_Continue	1706713028611	1706713036916	OK	 
GROUP	XUI_PRL_040_Continue	1706713028610	1706713036918	8305	OK
REQUEST	XUI_PRL_041_DummyPaymentConfirmation 	XUI_PRL_041_005_DummyPaymentConfirmation 	1706713036919	1706713037070	OK	 
GROUP	XUI_PRL_041_DummyPaymentConfirmation 	1706713036919	1706713037070	151	OK
REQUEST	XUI_PRL_042_PaymentOption	XUI_PRL_042_005_PaymentOption	1706713037070	1706713037689	OK	 
GROUP	XUI_PRL_042_PaymentOption	1706713037070	1706713037691	619	OK
REQUEST	XUI_PRL_043_PaymentOption	XUI_PRL_043_005_PaymentOption	1706713037691	1706713037747	OK	 
REQUEST	XUI_PRL_043_PaymentOption	XUI_PRL_043_005_PaymentOption Redirect 1	1706713037748	1706713037846	OK	 
GROUP	XUI_PRL_043_PaymentOption	1706713037691	1706713037859	155	OK
REQUEST	XUI_PRL_044_CardDetails	XUI_PRL_044_005_CardDetails	1706713037859	1706713037973	OK	 
REQUEST	XUI_PRL_044_CardDetails	XUI_PRL_044_005_CardDetails Redirect 1	1706713037974	1706713038030	OK	 
GROUP	XUI_PRL_044_CardDetails	1706713037859	1706713038037	171	OK
REQUEST	XUI_PRL_045_ConfirmPayment	XUI_PRL_045_005_ConfirmPayment	1706713038037	1706713038107	OK	 
REQUEST	XUI_PRL_045_ConfirmPayment	XUI_PRL_045_005_ConfirmPayment Redirect 1	1706713038109	1706713038156	OK	 
REQUEST	XUI_PRL_045_ConfirmPayment	XUI_PRL_045_005_ConfirmPayment Redirect 2	1706713038157	1706713040150	OK	 
GROUP	XUI_PRL_045_ConfirmPayment	1706713038037	1706713040270	2222	OK
REQUEST	XUI_PRL_030_CreateCaseStart	XUI_PRL_030_005_CreateCaseStart	1706713040270	1706713040676	OK	 
GROUP	XUI_PRL_030_CreateCaseStart	1706713040270	1706713040680	406	OK
REQUEST	XUI_PRL_031_Type_Of_Application	XUI_PRL_031_005_Type_Of_Application	1706713040682	1706713041042	OK	 
GROUP	XUI_PRL_031_Type_Of_Application	1706713040680	1706713041044	360	OK
REQUEST	XUI_PRL_032_ApplicationCheckYourAnswers	XUI_PRL_032_005_ApplicationCheckYourAnswers	1706713041046	1706713049724	OK	 
GROUP	XUI_PRL_032_ApplicationCheckYourAnswers	1706713041044	1706713049726	8678	OK
REQUEST	XUI_PRL_033_ApplicationDetails	XUI_PRL_033_005_ApplicationDetails	1706713049726	1706713050442	OK	 
GROUP	XUI_PRL_033_ApplicationDetails	1706713049726	1706713050458	716	OK
REQUEST	XUI_PRL_034_EnterApplicationDetails	XUI_PRL_034_005_EnterApplicationDetails	1706713050458	1706713051924	OK	 
GROUP	XUI_PRL_034_EnterApplicationDetails	1706713050458	1706713051926	1466	OK
REQUEST	XUI_PRL_035_SubmitApplicationDetails	XUI_PRL_035_005_SubmitApplicationDetails	1706713051927	1706713057293	OK	 
GROUP	XUI_PRL_035_SubmitApplicationDetails	1706713051926	1706713057294	5366	OK
REQUEST	XUI_PRL_036_SubmitAndPay	XUI_PRL_036_005_SubmitAndPay	1706713057295	1706713064020	OK	 
GROUP	XUI_PRL_036_SubmitAndPay	1706713057294	1706713064024	6725	OK
REQUEST	XUI_PRL_037_ConfidentialityStatement	XUI_PRL_037_005_ConfidentialityStatement	1706713064025	1706713064420	OK	 
GROUP	XUI_PRL_037_ConfidentialityStatement	1706713064024	1706713064422	395	OK
REQUEST	XUI_PRL_038_Declaration	XUI_PRL_038_005_Declaration	1706713064424	1706713065238	OK	 
GROUP	XUI_PRL_038_Declaration	1706713064423	1706713065239	814	OK
REQUEST	XUI_PRL_039_Continue	XUI_PRL_039_005_Continue	1706713065239	1706713065882	OK	 
GROUP	XUI_PRL_039_Continue	1706713065239	1706713065885	643	OK
REQUEST	XUI_PRL_040_Continue	XUI_PRL_039_005_Continue	1706713065886	1706713072965	OK	 
GROUP	XUI_PRL_040_Continue	1706713065885	1706713072969	7079	OK
REQUEST	XUI_PRL_041_DummyPaymentConfirmation 	XUI_PRL_041_005_DummyPaymentConfirmation 	1706713072970	1706713073842	OK	 
GROUP	XUI_PRL_041_DummyPaymentConfirmation 	1706713072969	1706713073843	872	OK
REQUEST	XUI_PRL_042_PaymentOption	XUI_PRL_042_005_PaymentOption	1706713073845	1706713074669	OK	 
GROUP	XUI_PRL_042_PaymentOption	1706713073843	1706713074670	824	OK
REQUEST	XUI_PRL_043_PaymentOption	XUI_PRL_043_005_PaymentOption	1706713074670	1706713074721	OK	 
REQUEST	XUI_PRL_043_PaymentOption	XUI_PRL_043_005_PaymentOption Redirect 1	1706713074721	1706713074801	OK	 
GROUP	XUI_PRL_043_PaymentOption	1706713074670	1706713074808	132	OK
REQUEST	XUI_PRL_044_CardDetails	XUI_PRL_044_005_CardDetails	1706713074808	1706713074923	OK	 
REQUEST	XUI_PRL_044_CardDetails	XUI_PRL_044_005_CardDetails Redirect 1	1706713074923	1706713074983	OK	 
GROUP	XUI_PRL_044_CardDetails	1706713074808	1706713074986	176	OK
REQUEST	XUI_PRL_045_ConfirmPayment	XUI_PRL_045_005_ConfirmPayment	1706713074987	1706713075078	OK	 
REQUEST	XUI_PRL_045_ConfirmPayment	XUI_PRL_045_005_ConfirmPayment Redirect 1	1706713075079	1706713075124	OK	 
REQUEST	XUI_PRL_045_ConfirmPayment	XUI_PRL_045_005_ConfirmPayment Redirect 2	1706713075125	1706713076809	OK	 
GROUP	XUI_PRL_045_ConfirmPayment	1706713074986	1706713076892	1893	OK
REQUEST	XUI_PRL_030_CreateCaseStart	XUI_PRL_030_005_CreateCaseStart	1706713076892	1706713077534	OK	 
GROUP	XUI_PRL_030_CreateCaseStart	1706713076892	1706713077539	642	OK
REQUEST	XUI_PRL_031_Type_Of_Application	XUI_PRL_031_005_Type_Of_Application	1706713077540	1706713078265	OK	 
GROUP	XUI_PRL_031_Type_Of_Application	1706713077539	1706713078265	725	OK
REQUEST	XUI_PRL_032_ApplicationCheckYourAnswers	XUI_PRL_032_005_ApplicationCheckYourAnswers	1706713078266	1706713087207	OK	 
GROUP	XUI_PRL_032_ApplicationCheckYourAnswers	1706713078265	1706713087209	8941	OK
REQUEST	XUI_PRL_033_ApplicationDetails	XUI_PRL_033_005_ApplicationDetails	1706713087210	1706713088287	OK	 
GROUP	XUI_PRL_033_ApplicationDetails	1706713087209	1706713088296	1077	OK
REQUEST	XUI_PRL_034_EnterApplicationDetails	XUI_PRL_034_005_EnterApplicationDetails	1706713088297	1706713088832	OK	 
GROUP	XUI_PRL_034_EnterApplicationDetails	1706713088296	1706713088834	535	OK
REQUEST	XUI_PRL_035_SubmitApplicationDetails	XUI_PRL_035_005_SubmitApplicationDetails	1706713088835	1706713093365	OK	 
GROUP	XUI_PRL_035_SubmitApplicationDetails	1706713088834	1706713093368	4530	OK
REQUEST	XUI_PRL_036_SubmitAndPay	XUI_PRL_036_005_SubmitAndPay	1706713093370	1706713099132	OK	 
GROUP	XUI_PRL_036_SubmitAndPay	1706713093368	1706713099135	5762	OK
REQUEST	XUI_PRL_037_ConfidentialityStatement	XUI_PRL_037_005_ConfidentialityStatement	1706713099138	1706713099747	OK	 
GROUP	XUI_PRL_037_ConfidentialityStatement	1706713099135	1706713099748	609	OK
REQUEST	XUI_PRL_038_Declaration	XUI_PRL_038_005_Declaration	1706713099749	1706713100361	OK	 
GROUP	XUI_PRL_038_Declaration	1706713099748	1706713100363	612	OK
REQUEST	XUI_PRL_039_Continue	XUI_PRL_039_005_Continue	1706713100365	1706713101390	OK	 
GROUP	XUI_PRL_039_Continue	1706713100363	1706713101393	1025	OK
REQUEST	XUI_PRL_040_Continue	XUI_PRL_039_005_Continue	1706713101394	1706713108863	OK	 
GROUP	XUI_PRL_040_Continue	1706713101393	1706713108868	7469	OK
REQUEST	XUI_PRL_041_DummyPaymentConfirmation 	XUI_PRL_041_005_DummyPaymentConfirmation 	1706713108869	1706713109578	OK	 
GROUP	XUI_PRL_041_DummyPaymentConfirmation 	1706713108868	1706713109580	709	OK
REQUEST	XUI_PRL_042_PaymentOption	XUI_PRL_042_005_PaymentOption	1706713109582	1706713110136	OK	 
GROUP	XUI_PRL_042_PaymentOption	1706713109580	1706713110138	554	OK
REQUEST	XUI_PRL_043_PaymentOption	XUI_PRL_043_005_PaymentOption	1706713110140	1706713110189	OK	 
REQUEST	XUI_PRL_043_PaymentOption	XUI_PRL_043_005_PaymentOption Redirect 1	1706713110190	1706713110265	OK	 
GROUP	XUI_PRL_043_PaymentOption	1706713110138	1706713110268	125	OK
REQUEST	XUI_PRL_044_CardDetails	XUI_PRL_044_005_CardDetails	1706713110268	1706713110373	OK	 
REQUEST	XUI_PRL_044_CardDetails	XUI_PRL_044_005_CardDetails Redirect 1	1706713110374	1706713110437	OK	 
GROUP	XUI_PRL_044_CardDetails	1706713110268	1706713110442	169	OK
REQUEST	XUI_PRL_045_ConfirmPayment	XUI_PRL_045_005_ConfirmPayment	1706713110442	1706713110508	OK	 
REQUEST	XUI_PRL_045_ConfirmPayment	XUI_PRL_045_005_ConfirmPayment Redirect 1	1706713110510	1706713110549	OK	 
REQUEST	XUI_PRL_045_ConfirmPayment	XUI_PRL_045_005_ConfirmPayment Redirect 2	1706713110551	1706713112180	OK	 
GROUP	XUI_PRL_045_ConfirmPayment	1706713110442	1706713112305	1850	OK
REQUEST	XUI_PRL_030_CreateCaseStart	XUI_PRL_030_005_CreateCaseStart	1706713112305	1706713113449	OK	 
GROUP	XUI_PRL_030_CreateCaseStart	1706713112305	1706713113453	1144	OK
REQUEST	XUI_PRL_031_Type_Of_Application	XUI_PRL_031_005_Type_Of_Application	1706713113454	1706713113737	OK	 
GROUP	XUI_PRL_031_Type_Of_Application	1706713113453	1706713113737	283	OK
REQUEST	XUI_PRL_032_ApplicationCheckYourAnswers	XUI_PRL_032_005_ApplicationCheckYourAnswers	1706713113737	1706713122333	OK	 
GROUP	XUI_PRL_032_ApplicationCheckYourAnswers	1706713113737	1706713122339	8596	OK
REQUEST	XUI_PRL_033_ApplicationDetails	XUI_PRL_033_005_ApplicationDetails	1706713122340	1706713123384	OK	 
GROUP	XUI_PRL_033_ApplicationDetails	1706713122339	1706713123395	1044	OK
REQUEST	XUI_PRL_034_EnterApplicationDetails	XUI_PRL_034_005_EnterApplicationDetails	1706713123396	1706713123812	OK	 
GROUP	XUI_PRL_034_EnterApplicationDetails	1706713123395	1706713123814	416	OK
REQUEST	XUI_PRL_035_SubmitApplicationDetails	XUI_PRL_035_005_SubmitApplicationDetails	1706713123815	1706713128627	OK	 
GROUP	XUI_PRL_035_SubmitApplicationDetails	1706713123814	1706713128630	4812	OK
REQUEST	XUI_PRL_036_SubmitAndPay	XUI_PRL_036_005_SubmitAndPay	1706713128631	1706713133950	OK	 
GROUP	XUI_PRL_036_SubmitAndPay	1706713128630	1706713133954	5319	OK
REQUEST	XUI_PRL_037_ConfidentialityStatement	XUI_PRL_037_005_ConfidentialityStatement	1706713133955	1706713134564	OK	 
GROUP	XUI_PRL_037_ConfidentialityStatement	1706713133954	1706713134566	609	OK
REQUEST	XUI_PRL_038_Declaration	XUI_PRL_038_005_Declaration	1706713134568	1706713135077	OK	 
GROUP	XUI_PRL_038_Declaration	1706713134566	1706713135079	509	OK
REQUEST	XUI_PRL_039_Continue	XUI_PRL_039_005_Continue	1706713135081	1706713135692	OK	 
GROUP	XUI_PRL_039_Continue	1706713135079	1706713135693	611	OK
REQUEST	XUI_PRL_040_Continue	XUI_PRL_039_005_Continue	1706713135694	1706713141066	OK	 
GROUP	XUI_PRL_040_Continue	1706713135693	1706713141068	5372	OK
REQUEST	XUI_PRL_041_DummyPaymentConfirmation 	XUI_PRL_041_005_DummyPaymentConfirmation 	1706713141069	1706713141526	OK	 
GROUP	XUI_PRL_041_DummyPaymentConfirmation 	1706713141068	1706713141526	457	OK
REQUEST	XUI_PRL_042_PaymentOption	XUI_PRL_042_005_PaymentOption	1706713141526	1706713142344	OK	 
GROUP	XUI_PRL_042_PaymentOption	1706713141526	1706713142346	818	OK
REQUEST	XUI_PRL_043_PaymentOption	XUI_PRL_043_005_PaymentOption	1706713142347	1706713142402	OK	 
REQUEST	XUI_PRL_043_PaymentOption	XUI_PRL_043_005_PaymentOption Redirect 1	1706713142404	1706713142480	OK	 
GROUP	XUI_PRL_043_PaymentOption	1706713142347	1706713142487	132	OK
REQUEST	XUI_PRL_044_CardDetails	XUI_PRL_044_005_CardDetails	1706713142487	1706713142608	OK	 
REQUEST	XUI_PRL_044_CardDetails	XUI_PRL_044_005_CardDetails Redirect 1	1706713142610	1706713142656	OK	 
GROUP	XUI_PRL_044_CardDetails	1706713142487	1706713142660	168	OK
REQUEST	XUI_PRL_045_ConfirmPayment	XUI_PRL_045_005_ConfirmPayment	1706713142661	1706713142735	OK	 
REQUEST	XUI_PRL_045_ConfirmPayment	XUI_PRL_045_005_ConfirmPayment Redirect 1	1706713142736	1706713142780	OK	 
REQUEST	XUI_PRL_045_ConfirmPayment	XUI_PRL_045_005_ConfirmPayment Redirect 2	1706713142780	1706713145010	OK	 
GROUP	XUI_PRL_045_ConfirmPayment	1706713142660	1706713145120	2451	OK
USER	***** PRL Citizen Journey *****	END	1706713145126
