ASSERTION	AAECAAIFAAAAAAAAAFlA
RUN	simulations.PRL_Simulation	prl-simulation	1713461014982	 	3.9.5
USER	***** PRL CUI RA Journey *****	START	1713461016016
REQUEST	PRL_CitizenC100_010_PRLHome	PRL_CitizenC100_010_005_PRLHome	1713461016027	1713461016188	OK	 
REQUEST	PRL_CitizenC100_010_PRLHome	PRL_CitizenC100_010_005_PRLHome Redirect 1	1713461016194	1713461016269	OK	 
REQUEST	PRL_CitizenC100_010_PRLHome	PRL_CitizenC100_010_005_PRLHome Redirect 2	1713461016270	1713461016316	OK	 
REQUEST	PRL_CitizenC100_010_PRLHome	PRL_CitizenC100_010_005_PRLHome Redirect 3	1713461016317	1713461016525	OK	 
GROUP	PRL_CitizenC100_010_PRLHome	1713461016017	1713461016837	752	OK
REQUEST	PRL_CitizenC100_020_Login	PRL_CitizenC100_020_005_Login	1713461016839	1713461017003	OK	 
REQUEST	PRL_CitizenC100_020_Login	PRL_CitizenC100_020_005_Login Redirect 1	1713461017006	1713461017386	OK	 
REQUEST	PRL_CitizenC100_020_Login	PRL_CitizenC100_020_005_Login Redirect 2	1713461017387	1713461018900	OK	 
GROUP	PRL_CitizenC100_020_Login	1713461016838	1713461019117	2270	OK
REQUEST	PRL_CitizenC100_CUIRA_030_SelectCase	PRL_CitizenC100_CUIRA_030_SelectCase	1713461019118	1713461022534	OK	 
REQUEST	PRL_CitizenC100_CUIRA_030_SelectCase	PRL_CitizenC100_CUIRA_030_SelectCase Redirect 1	1713461022535	1713461022636	OK	 
GROUP	PRL_CitizenC100_CUIRA_030_SelectCase	1713461019117	1713461022773	3648	OK
REQUEST	PRL_CitizenC100_CUIRA_030_005_SelectCase	PRL_CitizenC100_CUIRA_030_005_SelectCase	1713461022774	1713461022890	OK	 
GROUP	PRL_CitizenC100_CUIRA_030_005_SelectCase	1713461022774	1713461023009	233	OK
REQUEST	PRL_CitizenC100_CUIRA_040_RAIntro	PRL_CitizenC100_CUIRA_040_RAIntro	1713461023010	1713461023779	OK	 
GROUP	PRL_CitizenC100_CUIRA_040_RAIntro	1713461023009	1713461023929	915	OK
REQUEST	PRL_CitizenC100_CUIRA_050_RAIntro	PRL_CitizenC100_CUIRA_050_RAIntro	1713461023930	1713461023994	OK	 
REQUEST	PRL_CitizenC100_CUIRA_050_RAIntro	PRL_CitizenC100_CUIRA_050_RAIntro Redirect 1	1713461023995	1713461024092	OK	 
REQUEST	PRL_CitizenC100_CUIRA_050_RAIntro	PRL_CitizenC100_CUIRA_050_RAIntro Redirect 2	1713461024094	1713461025750	KO	substring(Child arrangements - Tell us if you need support - Private law - GOV.UK).find.exists, found nothing
GROUP	PRL_CitizenC100_CUIRA_050_RAIntro	1713461023929	1713461025762	1817	KO
USER	***** PRL CUI RA Journey *****	END	1713461025766
