ASSERTION	AAECAAMFAAAAAAAAAFlA
RUN	simulations.PRL_Simulation	prl-simulation	1687777128741	 	3.3.1
USER	***** Private Law Create Case *****	1	START	1687777129170	1687777129170
REQUEST	1	PRL_Citizen_010_PRLHome	PRL_Citizen_010_005_PRLHome	1687777129192	1687777129304	OK	 
REQUEST	1	PRL_Citizen_010_PRLHome	PRL_Citizen_010_005_PRLHome Redirect 1	1687777129315	1687777129363	OK	 
REQUEST	1	PRL_Citizen_010_PRLHome	PRL_Citizen_010_005_PRLHome Redirect 2	1687777129364	1687777129506	OK	 
REQUEST	1	PRL_Citizen_010_PRLHome	PRL_Citizen_010_005_PRLHome Redirect 3	1687777129507	1687777135568	OK	 
GROUP	1	PRL_Citizen_010_PRLHome	1687777129174	1687777145769	16513	OK
REQUEST	1	PRL_Citizen_020_Login	PRL_Citizen_020_005_Login	1687777145772	1687777146448	OK	 
REQUEST	1	PRL_Citizen_020_Login	PRL_Citizen_020_005_Login Redirect 1	1687777146450	1687777146910	OK	 
REQUEST	1	PRL_Citizen_020_Login	PRL_Citizen_020_005_Login Redirect 2	1687777146911	1687777150020	OK	 
GROUP	1	PRL_Citizen_020_Login	1687777145769	1687777150231	4449	OK
REQUEST	1	PRL_Citizen_030_C100StartApplication	PRL_Citizen_030_005_C100StartApplication	1687777150231	1687777150377	OK	 
GROUP	1	PRL_Citizen_030_C100StartApplication	1687777150231	1687777150530	295	OK
REQUEST	1	PRL_Citizen_040_StartTheApplicationC100	PRL_Citizen_040_005_StartTheApplicationC100	1687777150530	1687777150651	OK	 
GROUP	1	PRL_Citizen_040_StartTheApplicationC100	1687777150530	1687777150859	327	OK
REQUEST	1	PRL_Citizen_041_Dashboard	PRL_Citizen_041_005_Dashboard	1687777150859	1687777150929	OK	 
REQUEST	1	PRL_Citizen_041_Dashboard	PRL_Citizen_041_005_Dashboard Redirect 1	1687777150930	1687777155019	OK	 
GROUP	1	PRL_Citizen_041_Dashboard	1687777150859	1687777157335	6474	OK
REQUEST	1	PRL_Citizen_042_ActivateAccessCode	PRL_Citizen_042_005_ActivateAccessCode	1687777157335	1687777157481	OK	 
GROUP	1	PRL_Citizen_042_ActivateAccessCode	1687777157335	1687777157844	506	OK
REQUEST	1	PRL_Citizen_043_CaseAdded	PRL_Citizen_043_005_AccessYourCase	1687777157844	1687777161130	OK	 
REQUEST	1	PRL_Citizen_043_CaseAdded	PRL_Citizen_043_005_AccessYourCase Redirect 1	1687777161131	1687777170415	OK	 
GROUP	1	PRL_Citizen_043_CaseAdded	1687777157844	1687777171305	13456	OK
REQUEST	1	PRL_Citizen_044_AccessCodeContinue	PRL_Citizen_044_005_AccessCodeContinue	1687777171305	1687777171526	OK	 
REQUEST	1	PRL_Citizen_044_AccessCodeContinue	PRL_Citizen_044_005_AccessCodeContinue Redirect 1	1687777171527	1687777172275	KO	substring(You have a new order from the court).find.exists, found nothing
GROUP	1	PRL_Citizen_044_AccessCodeContinue	1687777171305	1687777172280	969	KO
USER	***** Private Law Create Case *****	1	END	1687777129170	1687777172283
