ASSERTION	AAECAAIFAAAAAAAAAFlA
RUN	simulations.PRL_Simulation	prl-simulation	1713433209623	 	3.9.5
USER	***** PRL Citizen Journey *****	START	1713433211079
REQUEST	PRL_CitizenC100_010_PRLHome	PRL_CitizenC100_010_005_PRLHome	1713433211099	1713433211273	OK	 
REQUEST	PRL_CitizenC100_010_PRLHome	PRL_CitizenC100_010_005_PRLHome Redirect 1	1713433211281	1713433211362	OK	 
REQUEST	PRL_CitizenC100_010_PRLHome	PRL_CitizenC100_010_005_PRLHome Redirect 2	1713433211362	1713433211421	OK	 
REQUEST	PRL_CitizenC100_010_PRLHome	PRL_CitizenC100_010_005_PRLHome Redirect 3	1713433211422	1713433211589	OK	 
GROUP	PRL_CitizenC100_010_PRLHome	1713433211080	1713433211940	781	OK
REQUEST	PRL_CitizenC100_020_Login	PRL_CitizenC100_020_005_Login	1713433211942	1713433212099	OK	 
REQUEST	PRL_CitizenC100_020_Login	PRL_CitizenC100_020_005_Login Redirect 1	1713433212100	1713433212645	OK	 
REQUEST	PRL_CitizenC100_020_Login	PRL_CitizenC100_020_005_Login Redirect 2	1713433212647	1713433213658	OK	 
GROUP	PRL_CitizenC100_020_Login	1713433211940	1713433213917	1966	OK
REQUEST	PRL_CitizenC100_025_ChildArrangementsApplication	PRL_CitizenC100_025_005_ChildArrangementsApplication	1713433213917	1713433214071	OK	 
GROUP	PRL_CitizenC100_025_ChildArrangementsApplication	1713433213917	1713433214219	295	OK
REQUEST	PRL_CitizenC100_030_StartApplication	PRL_CitizenC100_030_005_StartApplication	1713433214219	1713433214306	OK	 
GROUP	PRL_CitizenC100_030_StartApplication	1713433214219	1713433214431	208	OK
REQUEST	PRL_CitizenC100_040_WhatYouWillNeed	PRL_CitizenC100_040_005_WhatYouWillNeed	1713433214431	1713433218184	OK	 
REQUEST	PRL_CitizenC100_040_WhatYouWillNeed	PRL_CitizenC100_040_005_WhatYouWillNeed Redirect 1	1713433218185	1713433218292	OK	 
GROUP	PRL_CitizenC100_040_WhatYouWillNeed	1713433214431	1713433218448	4009	OK
REQUEST	PRL_CitizenC100_060_ChildrenPostCode	PRL_CitizenC100_060_005_ChildrenPostCode	1713433218449	1713433219518	OK	 
REQUEST	PRL_CitizenC100_060_ChildrenPostCode	PRL_CitizenC100_060_005_ChildrenPostCode Redirect 1	1713433219519	1713433219622	OK	 
GROUP	PRL_CitizenC100_060_ChildrenPostCode	1713433218448	1713433219809	1356	OK
REQUEST	PRL_CitizenC100_070_WrittenAgreement	PRL_CitizenC100_070_005_WrittenAgreement	1713433219810	1713433219900	OK	 
REQUEST	PRL_CitizenC100_070_WrittenAgreement	PRL_CitizenC100_070_005_WrittenAgreement Redirect 1	1713433219901	1713433219976	OK	 
GROUP	PRL_CitizenC100_070_WrittenAgreement	1713433219809	1713433220116	304	OK
REQUEST	PRL_CitizenC100_080_BeforeCourt	PRL_CitizenC100_080_005_BeforeCourt	1713433220117	1713433220175	OK	 
REQUEST	PRL_CitizenC100_080_BeforeCourt	PRL_CitizenC100_080_005_BeforeCourt Redirect 1	1713433220176	1713433220254	OK	 
GROUP	PRL_CitizenC100_080_BeforeCourt	1713433220116	1713433220347	227	OK
REQUEST	PRL_CitizenC100_090_ReachAgreement	PRL_CitizenC100_090_005_ReachAgreement	1713433220347	1713433220416	OK	 
REQUEST	PRL_CitizenC100_090_ReachAgreement	PRL_CitizenC100_090_005_ReachAgreement Redirect 1	1713433220417	1713433220534	OK	 
GROUP	PRL_CitizenC100_090_ReachAgreement	1713433220347	1713433220744	395	OK
REQUEST	PRL_CitizenC100_100_LegalRep	PRL_CitizenC100_100_005_LegalRep	1713433220745	1713433220809	OK	 
REQUEST	PRL_CitizenC100_100_LegalRep	PRL_CitizenC100_100_005_LegalRep Redirect 1	1713433220810	1713433220893	OK	 
GROUP	PRL_CitizenC100_100_LegalRep	1713433220745	1713433220987	239	OK
REQUEST	PRL_CitizenC100_110_PermissionFromCourt	PRL_CitizenC100_110_005_PermissionFromCourt	1713433220988	1713433221109	OK	 
REQUEST	PRL_CitizenC100_110_PermissionFromCourt	PRL_CitizenC100_110_005_PermissionFromCourt Redirect 1	1713433221109	1713433221239	OK	 
GROUP	PRL_CitizenC100_110_PermissionFromCourt	1713433220987	1713433221327	337	OK
REQUEST	PRL_CitizenC100_120_WhyPermissionFromCourt	PRL_CitizenC100_120_005_WhyPermissionFromCourt	1713433221327	1713433221409	OK	 
REQUEST	PRL_CitizenC100_120_WhyPermissionFromCourt	PRL_CitizenC100_120_005_WhyPermissionFromCourt Redirect 1	1713433221409	1713433221474	OK	 
GROUP	PRL_CitizenC100_120_WhyPermissionFromCourt	1713433221327	1713433221578	248	OK
REQUEST	PRL_CitizenC100_130_WhyCourtShouldGrant	PRL_CitizenC100_130_005_WhyCourtShouldGrant	1713433221578	1713433221636	OK	 
REQUEST	PRL_CitizenC100_130_WhyCourtShouldGrant	PRL_CitizenC100_130_005_WhyCourtShouldGrant Redirect 1	1713433221636	1713433221696	OK	 
GROUP	PRL_CitizenC100_130_WhyCourtShouldGrant	1713433221578	1713433221781	201	OK
REQUEST	PRL_CitizenC100_140_InvolvedInEmergencyProtection	PRL_CitizenC100_140_005_InvolvedInEmergencyProtection	1713433221781	1713433221842	OK	 
REQUEST	PRL_CitizenC100_140_InvolvedInEmergencyProtection	PRL_CitizenC100_140_005_InvolvedInEmergencyProtection Redirect 1	1713433221843	1713433221951	OK	 
GROUP	PRL_CitizenC100_140_InvolvedInEmergencyProtection	1713433221781	1713433222047	263	OK
REQUEST	PRL_CitizenC100_150_AttendingMIAM	PRL_CitizenC100_150_005_AttendingMIAM	1713433222048	1713433222122	OK	 
REQUEST	PRL_CitizenC100_150_AttendingMIAM	PRL_CitizenC100_150_005_AttendingMIAM Redirect 1	1713433222123	1713433222200	OK	 
GROUP	PRL_CitizenC100_150_AttendingMIAM	1713433222047	1713433222290	240	OK
REQUEST	PRL_CitizenC100_160_AttendedMIAM	PRL_CitizenC100_160_005_AttendedMIAM	1713433222290	1713433222342	OK	 
REQUEST	PRL_CitizenC100_160_AttendedMIAM	PRL_CitizenC100_160_005_AttendedMIAM Redirect 1	1713433222342	1713433222416	OK	 
GROUP	PRL_CitizenC100_160_AttendedMIAM	1713433222290	1713433222513	222	OK
REQUEST	PRL_CitizenC100_170_DocumentSigned	PRL_CitizenC100_170_005_DocumentSigned	1713433222514	1713433222579	OK	 
REQUEST	PRL_CitizenC100_170_DocumentSigned	PRL_CitizenC100_170_005_DocumentSigned Redirect 1	1713433222579	1713433222686	OK	 
GROUP	PRL_CitizenC100_170_DocumentSigned	1713433222513	1713433222788	272	OK
REQUEST	PRL_CitizenC100_180_MIAMUpload	PRL_CitizenC100_180_005_MIAMUpload	1713433222795	1713433225222	OK	 
REQUEST	PRL_CitizenC100_180_MIAMUpload	PRL_CitizenC100_180_005_MIAMUpload Redirect 1	1713433225225	1713433225359	OK	 
GROUP	PRL_CitizenC100_180_MIAMUpload	1713433222788	1713433225491	2685	OK
REQUEST	PRL_CitizenC100_190_MIAMUploadSubmit	PRL_CitizenC100_190_005_MIAMUploadSubmit	1713433225493	1713433225544	OK	 
REQUEST	PRL_CitizenC100_190_MIAMUploadSubmit	PRL_CitizenC100_190_005_MIAMUploadSubmit Redirect 1	1713433225544	1713433225612	OK	 
GROUP	PRL_CitizenC100_190_MIAMUploadSubmit	1713433225492	1713433225757	257	OK
REQUEST	PRL_CitizenC100_200_MIAMUploadContinue	PRL_CitizenC100_200_005_MIAMUploadContinue	1713433225757	1713433225827	OK	 
REQUEST	PRL_CitizenC100_200_MIAMUploadContinue	PRL_CitizenC100_200_005_MIAMUploadContinue Redirect 1	1713433225831	1713433225915	OK	 
GROUP	PRL_CitizenC100_200_MIAMUploadContinue	1713433225757	1713433226027	261	OK
REQUEST	PRL_CitizenC100_210_AskingCourtToDo	PRL_CitizenC100_210_005_AskingCourtToDo	1713433226033	1713433226099	OK	 
REQUEST	PRL_CitizenC100_210_AskingCourtToDo	PRL_CitizenC100_210_005_AskingCourtToDo Redirect 1	1713433226099	1713433226171	OK	 
GROUP	PRL_CitizenC100_210_AskingCourtToDo	1713433226027	1713433226256	213	OK
REQUEST	PRL_CitizenC100_220_WouldLikeCourtTo	PRL_CitizenC100_220_005_WouldLikeCourtTo	1713433226257	1713433226358	OK	 
REQUEST	PRL_CitizenC100_220_WouldLikeCourtTo	PRL_CitizenC100_220_005_WouldLikeCourtTo Redirect 1	1713433226359	1713433226430	OK	 
GROUP	PRL_CitizenC100_220_WouldLikeCourtTo	1713433226256	1713433226566	301	OK
REQUEST	PRL_CitizenC100_230_DescribeWhatCourt	PRL_CitizenC100_230_005_DescribeWhatCourt	1713433226568	1713433226627	OK	 
REQUEST	PRL_CitizenC100_230_DescribeWhatCourt	PRL_CitizenC100_230_005_DescribeWhatCourt Redirect 1	1713433226628	1713433226711	OK	 
GROUP	PRL_CitizenC100_230_DescribeWhatCourt	1713433226567	1713433226800	225	OK
REQUEST	PRL_CitizenC100_240_UrgentFirstHearing	PRL_CitizenC100_240_005_UrgentFirstHearing	1713433226803	1713433226867	OK	 
REQUEST	PRL_CitizenC100_240_UrgentFirstHearing	PRL_CitizenC100_240_005_UrgentFirstHearing Redirect 1	1713433226870	1713433226927	OK	 
GROUP	PRL_CitizenC100_240_UrgentFirstHearing	1713433226800	1713433227028	214	OK
REQUEST	PRL_CitizenC100_250_UrgentHearingDetails	PRL_CitizenC100_250_005_UrgentHearingDetails	1713433227029	1713433227100	OK	 
REQUEST	PRL_CitizenC100_250_UrgentHearingDetails	PRL_CitizenC100_250_005_UrgentHearingDetails Redirect 1	1713433227103	1713433227167	OK	 
GROUP	PRL_CitizenC100_250_UrgentHearingDetails	1713433227028	1713433227290	254	OK
REQUEST	PRL_CitizenC100_260_AskingForWithoutNotice	PRL_CitizenC100_260_005_AskingForWithoutNotice	1713433227291	1713433227349	OK	 
REQUEST	PRL_CitizenC100_260_AskingForWithoutNotice	PRL_CitizenC100_260_005_AskingForWithoutNotice Redirect 1	1713433227349	1713433227432	OK	 
GROUP	PRL_CitizenC100_260_AskingForWithoutNotice	1713433227291	1713433227519	207	OK
REQUEST	PRL_CitizenC100_270_WithoutNoticeDetails	PRL_CitizenC100_270_005_WithoutNoticeDetails	1713433227519	1713433227593	OK	 
REQUEST	PRL_CitizenC100_270_WithoutNoticeDetails	PRL_CitizenC100_270_005_WithoutNoticeDetails Redirect 1	1713433227594	1713433227674	OK	 
GROUP	PRL_CitizenC100_270_WithoutNoticeDetails	1713433227519	1713433227781	257	OK
REQUEST	PRL_CitizenC100_280_ChildrenName	PRL_CitizenC100_280_005_ChildrenName	1713433227782	1713433227858	OK	 
GROUP	PRL_CitizenC100_280_ChildrenName	1713433227781	1713433227865	76	OK
REQUEST	PRL_CitizenC100_285_ChildrenNameRedirect	PRL_CitizenC100_280_005_ChildrenName	1713433227866	1713433227943	OK	 
GROUP	PRL_CitizenC100_285_ChildrenNameRedirect	1713433227865	1713433228067	196	OK
REQUEST	PRL_CitizenC100_290_ChildDetails	PRL_CitizenC100_290_005_ChildDetails	1713433228068	1713433228133	OK	 
REQUEST	PRL_CitizenC100_290_ChildDetails	PRL_CitizenC100_290_005_ChildDetails Redirect 1	1713433228134	1713433228227	OK	 
GROUP	PRL_CitizenC100_290_ChildDetails	1713433228068	1713433228338	265	OK
REQUEST	PRL_CitizenC100_300_WhichDecision	PRL_CitizenC100_300_005_WhichDecision	1713433228341	1713433228392	OK	 
REQUEST	PRL_CitizenC100_300_WhichDecision	PRL_CitizenC100_300_005_WhichDecision Redirect 1	1713433228395	1713433228477	OK	 
GROUP	PRL_CitizenC100_300_WhichDecision	1713433228339	1713433228582	231	OK
REQUEST	PRL_CitizenC100_310_ParentalResponsibility	PRL_CitizenC100_310_005_ParentalResponsibility	1713433228584	1713433228688	OK	 
REQUEST	PRL_CitizenC100_310_ParentalResponsibility	PRL_CitizenC100_310_005_ParentalResponsibility Redirect 1	1713433228689	1713433228746	OK	 
GROUP	PRL_CitizenC100_310_ParentalResponsibility	1713433228583	1713433228821	234	OK
REQUEST	PRL_CitizenC100_320_FurtherInformation	PRL_CitizenC100_320_005_FurtherInformation	1713433228822	1713433228877	OK	 
REQUEST	PRL_CitizenC100_320_FurtherInformation	PRL_CitizenC100_320_005_FurtherInformation Redirect 1	1713433228878	1713433228949	OK	 
GROUP	PRL_CitizenC100_320_FurtherInformation	1713433228821	1713433229027	202	OK
REQUEST	PRL_CitizenC100_330_OtherChildren	PRL_CitizenC100_330_005_OtherChildren	1713433229034	1713433229114	OK	 
REQUEST	PRL_CitizenC100_330_OtherChildren	PRL_CitizenC100_330_005_OtherChildren Redirect 1	1713433229114	1713433229186	OK	 
GROUP	PRL_CitizenC100_330_OtherChildren	1713433229027	1713433229305	270	OK
REQUEST	PRL_CitizenC100_340_EnterYourName	PRL_CitizenC100_340_005_EnterYourName	1713433229306	1713433229400	OK	 
GROUP	PRL_CitizenC100_340_EnterYourName	1713433229305	1713433229400	94	OK
REQUEST	PRL_CitizenC100_345_EnterYourNameRedirect	PRL_CitizenC100_340_005_EnterYourName	1713433229400	1713433229472	OK	 
GROUP	PRL_CitizenC100_345_EnterYourNameRedirect	1713433229400	1713433229577	176	OK
REQUEST	PRL_CitizenC100_350_KnowContactDetails	PRL_CitizenC100_350_005_KnowContactDetails	1713433229577	1713433229636	OK	 
REQUEST	PRL_CitizenC100_350_KnowContactDetails	PRL_CitizenC100_350_005_KnowContactDetails Redirect 1	1713433229637	1713433229723	OK	 
GROUP	PRL_CitizenC100_350_KnowContactDetails	1713433229577	1713433229812	228	OK
REQUEST	PRL_CitizenC100_360_KeepDetailsPrivate	PRL_CitizenC100_360_005_KeepDetailsPrivate	1713433229813	1713433229884	OK	 
REQUEST	PRL_CitizenC100_360_KeepDetailsPrivate	PRL_CitizenC100_360_005_KeepDetailsPrivate Redirect 1	1713433229890	1713433229955	OK	 
GROUP	PRL_CitizenC100_360_KeepDetailsPrivate	1713433229813	1713433230166	344	OK
REQUEST	PRL_CitizenC100_370_KeepDetailsPrivateContinue	PRL_CitizenC100_370_005_KeepDetailsPrivateContinue	1713433230170	1713433230249	OK	 
REQUEST	PRL_CitizenC100_370_KeepDetailsPrivateContinue	PRL_CitizenC100_370_005_KeepDetailsPrivateContinue Redirect 1	1713433230250	1713433230348	OK	 
GROUP	PRL_CitizenC100_370_KeepDetailsPrivateContinue	1713433230166	1713433230437	265	OK
REQUEST	PRL_CitizenC100_380_ApplicantDetails	PRL_CitizenC100_380_005_ApplicantDetails	1713433230438	1713433230507	OK	 
REQUEST	PRL_CitizenC100_380_ApplicantDetails	PRL_CitizenC100_380_005_ApplicantDetails Redirect 1	1713433230508	1713433230595	OK	 
GROUP	PRL_CitizenC100_380_ApplicantDetails	1713433230437	1713433230701	256	OK
REQUEST	PRL_CitizenC100_390_ApplicantRelationship	PRL_CitizenC100_390_005_ApplicantRelationship	1713433230702	1713433230744	OK	 
REQUEST	PRL_CitizenC100_390_ApplicantRelationship	PRL_CitizenC100_390_005_ApplicantRelationship Redirect 1	1713433230745	1713433230822	OK	 
GROUP	PRL_CitizenC100_390_ApplicantRelationship	1713433230701	1713433231177	468	OK
REQUEST	PRL_CitizenC100_400_ApplicantPostcode	PRL_CitizenC100_400_005_ApplicantPostcode	1713433231178	1713433231714	OK	 
REQUEST	PRL_CitizenC100_400_ApplicantPostcode	PRL_CitizenC100_400_005_ApplicantPostcode Redirect 1	1713433231715	1713433231803	OK	 
GROUP	PRL_CitizenC100_400_ApplicantPostcode	1713433231177	1713433232048	858	OK
REQUEST	PRL_CitizenC100_410_ApplicantSelectAddress	PRL_CitizenC100_410_005_ApplicantSelectAddress	1713433232049	1713433232125	OK	 
REQUEST	PRL_CitizenC100_410_ApplicantSelectAddress	PRL_CitizenC100_410_005_ApplicantSelectAddress Redirect 1	1713433232126	1713433232198	OK	 
GROUP	PRL_CitizenC100_410_ApplicantSelectAddress	1713433232048	1713433232475	419	OK
REQUEST	PRL_CitizenC100_420_ApplicantAddress	PRL_CitizenC100_420_005_ApplicantAddress	1713433232476	1713433232593	OK	 
REQUEST	PRL_CitizenC100_420_ApplicantAddress	PRL_CitizenC100_420_005_ApplicantAddress Redirect 1	1713433232595	1713433232665	OK	 
GROUP	PRL_CitizenC100_420_ApplicantAddress	1713433232475	1713433232750	269	OK
REQUEST	PRL_CitizenC100_430_ApplicantContact	PRL_CitizenC100_430_005_ApplicantContact	1713433232751	1713433232798	OK	 
REQUEST	PRL_CitizenC100_430_ApplicantContact	PRL_CitizenC100_430_005_ApplicantContact Redirect 1	1713433232799	1713433232869	OK	 
GROUP	PRL_CitizenC100_430_ApplicantContact	1713433232750	1713433232977	220	OK
REQUEST	PRL_CitizenC100_440_ApplicantContactPreference	PRL_CitizenC100_440_005_ApplicantContactPreference	1713433232977	1713433233054	OK	 
REQUEST	PRL_CitizenC100_440_ApplicantContactPreference	PRL_CitizenC100_440_005_ApplicantContactPreference Redirect 1	1713433233054	1713433233146	OK	 
GROUP	PRL_CitizenC100_440_ApplicantContactPreference	1713433232977	1713433233239	258	OK
REQUEST	PRL_CitizenC100_450_RespondentName	PRL_CitizenC100_450_005_RespondentName	1713433233240	1713433233295	OK	 
GROUP	PRL_CitizenC100_450_RespondentName	1713433233239	1713433233296	55	OK
REQUEST	PRL_CitizenC100_460_RespondentNameRedirect	PRL_CitizenC100_460_005_RespondentNameRedirect	1713433233297	1713433233396	OK	 
GROUP	PRL_CitizenC100_460_RespondentNameRedirect	1713433233296	1713433233529	226	OK
REQUEST	PRL_CitizenC100_470_RespondentDetails	PRL_CitizenC100_470_005_RespondentDetails	1713433233533	1713433233614	OK	 
REQUEST	PRL_CitizenC100_470_RespondentDetails	PRL_CitizenC100_470_005_RespondentDetails Redirect 1	1713433233615	1713433233793	OK	 
GROUP	PRL_CitizenC100_470_RespondentDetails	1713433233530	1713433233896	357	OK
REQUEST	PRL_CitizenC100_480_RespondentRelationship	PRL_CitizenC100_480_005_RespondentRelationship	1713433233896	1713433233956	OK	 
REQUEST	PRL_CitizenC100_480_RespondentRelationship	PRL_CitizenC100_480_005_RespondentRelationship Redirect 1	1713433233958	1713433234011	OK	 
GROUP	PRL_CitizenC100_480_RespondentRelationship	1713433233896	1713433234096	192	OK
REQUEST	PRL_CitizenC100_490_RespondentPostcode	PRL_CitizenC100_490_005_RespondentPostcode	1713433234097	1713433234267	OK	 
REQUEST	PRL_CitizenC100_490_RespondentPostcode	PRL_CitizenC100_490_005_RespondentPostcode Redirect 1	1713433234268	1713433234351	OK	 
GROUP	PRL_CitizenC100_490_RespondentPostcode	1713433234096	1713433234441	338	OK
REQUEST	PRL_CitizenC100_500_RespondentSelectAddress	PRL_CitizenC100_500_005_RespondentSelectAddress	1713433234442	1713433234501	OK	 
REQUEST	PRL_CitizenC100_500_RespondentSelectAddress	PRL_CitizenC100_500_005_RespondentSelectAddress Redirect 1	1713433234502	1713433234594	OK	 
GROUP	PRL_CitizenC100_500_RespondentSelectAddress	1713433234441	1713433234699	252	OK
REQUEST	PRL_CitizenC100_510_RespondentAddress	PRL_CitizenC100_510_005_RespondentAddress	1713433234700	1713433234782	OK	 
REQUEST	PRL_CitizenC100_510_RespondentAddress	PRL_CitizenC100_510_005_RespondentAddress Redirect 1	1713433234783	1713433234846	OK	 
GROUP	PRL_CitizenC100_510_RespondentAddress	1713433234699	1713433234972	267	OK
REQUEST	PRL_CitizenC100_520_RespondentContact	PRL_CitizenC100_520_005_RespondentContact	1713433234973	1713433235026	OK	 
REQUEST	PRL_CitizenC100_520_RespondentContact	PRL_CitizenC100_520_005_RespondentContact Redirect 1	1713433235027	1713433235097	OK	 
GROUP	PRL_CitizenC100_520_RespondentContact	1713433234972	1713433235195	217	OK
REQUEST	PRL_CitizenC100_530_AnyoneElse	PRL_CitizenC100_530_005_AnyoneElse	1713433235197	1713433235269	OK	 
REQUEST	PRL_CitizenC100_530_AnyoneElse	PRL_CitizenC100_530_005_AnyoneElse Redirect 1	1713433235270	1713433235332	OK	 
GROUP	PRL_CitizenC100_530_AnyoneElse	1713433235195	1713433235420	218	OK
REQUEST	PRL_CitizenC100_540_ChildLiveWith	PRL_CitizenC100_540_005_ChildLiveWith	1713433235421	1713433235483	OK	 
REQUEST	PRL_CitizenC100_540_ChildLiveWith	PRL_CitizenC100_540_005_ChildLiveWith Redirect 1	1713433235484	1713433235552	OK	 
GROUP	PRL_CitizenC100_540_ChildLiveWith	1713433235420	1713433235651	224	OK
REQUEST	PRL_CitizenC100_550_InvolvedInCourt	PRL_CitizenC100_550_005_InvolvedInCourt	1713433235652	1713433235723	OK	 
REQUEST	PRL_CitizenC100_550_InvolvedInCourt	PRL_CitizenC100_550_005_InvolvedInCourt Redirect 1	1713433235724	1713433235793	OK	 
GROUP	PRL_CitizenC100_550_InvolvedInCourt	1713433235651	1713433235893	236	OK
REQUEST	PRL_CitizenC100_560_CourtCasesInfo	PRL_CitizenC100_560_005_CourtCasesInfo	1713433235894	1713433235956	OK	 
REQUEST	PRL_CitizenC100_560_CourtCasesInfo	PRL_CitizenC100_560_005_CourtCasesInfo Redirect 1	1713433235957	1713433236049	OK	 
GROUP	PRL_CitizenC100_560_CourtCasesInfo	1713433235893	1713433236155	256	OK
REQUEST	PRL_CitizenC100_570_DetailsOfCourtCases	PRL_CitizenC100_570_005_DetailsOfCourtCases	1713433236155	1713433236209	OK	 
REQUEST	PRL_CitizenC100_570_DetailsOfCourtCases	PRL_CitizenC100_570_005_DetailsOfCourtCases Redirect 1	1713433236210	1713433236298	OK	 
GROUP	PRL_CitizenC100_570_DetailsOfCourtCases	1713433236155	1713433236397	237	OK
REQUEST	PRL_CitizenC100_580_SafetyInfo	PRL_CitizenC100_580_005_SafetyInfo	1713433236399	1713433236483	OK	 
REQUEST	PRL_CitizenC100_580_SafetyInfo	PRL_CitizenC100_580_005_SafetyInfo Redirect 1	1713433236484	1713433236558	OK	 
GROUP	PRL_CitizenC100_580_SafetyInfo	1713433236398	1713433236631	224	OK
REQUEST	PRL_CitizenC100_590_SafetyConcerns	PRL_CitizenC100_590_005_SafetyConcerns	1713433236632	1713433236684	OK	 
REQUEST	PRL_CitizenC100_590_SafetyConcerns	PRL_CitizenC100_590_005_SafetyConcerns Redirect 1	1713433236685	1713433236758	OK	 
GROUP	PRL_CitizenC100_590_SafetyConcerns	1713433236631	1713433236845	204	OK
REQUEST	PRL_CitizenC100_600_ConcernedAbout	PRL_CitizenC100_600_005_ConcernedAbout	1713433236845	1713433236935	OK	 
REQUEST	PRL_CitizenC100_600_ConcernedAbout	PRL_CitizenC100_600_005_ConcernedAbout Redirect 1	1713433236936	1713433237018	OK	 
GROUP	PRL_CitizenC100_600_ConcernedAbout	1713433236845	1713433237105	255	OK
REQUEST	PRL_CitizenC100_610_TypeOfBehaviour	PRL_CitizenC100_610_005_TypeOfBehaviour	1713433237105	1713433237183	OK	 
REQUEST	PRL_CitizenC100_610_TypeOfBehaviour	PRL_CitizenC100_610_005_TypeOfBehaviour Redirect 1	1713433237184	1713433237259	OK	 
GROUP	PRL_CitizenC100_610_TypeOfBehaviour	1713433237105	1713433237380	268	OK
REQUEST	PRL_CitizenC100_620_DescribePyshicalAbuse	PRL_CitizenC100_620_005_DescribePyshicalAbuse	1713433237381	1713433237432	OK	 
REQUEST	PRL_CitizenC100_620_DescribePyshicalAbuse	PRL_CitizenC100_620_005_DescribePyshicalAbuse Redirect 1	1713433237433	1713433237498	OK	 
GROUP	PRL_CitizenC100_620_DescribePyshicalAbuse	1713433237380	1713433237631	243	OK
REQUEST	PRL_CitizenC100_630_ImpactedByDrug	PRL_CitizenC100_630_005_ImpactedByDrug	1713433237632	1713433237686	OK	 
REQUEST	PRL_CitizenC100_630_ImpactedByDrug	PRL_CitizenC100_630_005_ImpactedByDrug Redirect 1	1713433237687	1713433237746	OK	 
GROUP	PRL_CitizenC100_630_ImpactedByDrug	1713433237631	1713433237823	187	OK
REQUEST	PRL_CitizenC100_640_OtherConcerns	PRL_CitizenC100_640_005_OtherConcerns	1713433237824	1713433237886	OK	 
REQUEST	PRL_CitizenC100_640_OtherConcerns	PRL_CitizenC100_640_005_OtherConcerns Redirect 1	1713433237887	1713433237945	OK	 
GROUP	PRL_CitizenC100_640_OtherConcerns	1713433237823	1713433238058	228	OK
REQUEST	PRL_CitizenC100_650_KeepChildrenSafe	PRL_CitizenC100_650_005_KeepChildrenSafe	1713433238059	1713433238114	OK	 
REQUEST	PRL_CitizenC100_650_KeepChildrenSafe	PRL_CitizenC100_650_005_KeepChildrenSafe Redirect 1	1713433238115	1713433238197	OK	 
GROUP	PRL_CitizenC100_650_KeepChildrenSafe	1713433238058	1713433238284	220	OK
REQUEST	PRL_CitizenC100_660_ContactBetweenChildren	PRL_CitizenC100_660_005_ContactBetweenChildren	1713433238285	1713433238364	OK	 
REQUEST	PRL_CitizenC100_660_ContactBetweenChildren	PRL_CitizenC100_660_005_ContactBetweenChildren Redirect 1	1713433238364	1713433238432	OK	 
GROUP	PRL_CitizenC100_660_ContactBetweenChildren	1713433238284	1713433238525	239	OK
REQUEST	PRL_CitizenC100_670_ChildrenBasedOutsideEngland	PRL_CitizenC100_670_005_ChildrenBasedOutsideEngland	1713433238527	1713433238583	OK	 
REQUEST	PRL_CitizenC100_670_ChildrenBasedOutsideEngland	PRL_CitizenC100_670_005_ChildrenBasedOutsideEngland Redirect 1	1713433238584	1713433238680	OK	 
GROUP	PRL_CitizenC100_670_ChildrenBasedOutsideEngland	1713433238525	1713433238779	248	OK
REQUEST	PRL_CitizenC100_680_ParentsBasedOutsideEngland	PRL_CitizenC100_680_005_ParentsBasedOutsideEngland	1713433238779	1713433238853	OK	 
REQUEST	PRL_CitizenC100_680_ParentsBasedOutsideEngland	PRL_CitizenC100_680_005_ParentsBasedOutsideEngland Redirect 1	1713433238854	1713433238945	OK	 
GROUP	PRL_CitizenC100_680_ParentsBasedOutsideEngland	1713433238779	1713433239146	362	OK
REQUEST	PRL_CitizenC100_690_AnotherPersonApply	PRL_CitizenC100_690_005_AnotherPersonApply	1713433239146	1713433239196	OK	 
REQUEST	PRL_CitizenC100_690_AnotherPersonApply	PRL_CitizenC100_690_005_AnotherPersonApply Redirect 1	1713433239197	1713433239295	OK	 
GROUP	PRL_CitizenC100_690_AnotherPersonApply	1713433239146	1713433239368	217	OK
REQUEST	PRL_CitizenC100_700_AnotherCountryAsked	PRL_CitizenC100_700_005_AnotherCountryAsked	1713433239369	1713433239610	OK	 
REQUEST	PRL_CitizenC100_700_AnotherCountryAsked	PRL_CitizenC100_700_005_AnotherCountryAsked Redirect 1	1713433239611	1713433239688	OK	 
GROUP	PRL_CitizenC100_700_AnotherCountryAsked	1713433239368	1713433239780	407	OK
REQUEST	PRL_CitizenC100_710_TakePartInHearings	PRL_CitizenC100_710_005_TakePartInHearings	1713433239780	1713433239841	OK	 
REQUEST	PRL_CitizenC100_710_TakePartInHearings	PRL_CitizenC100_710_005_TakePartInHearings Redirect 1	1713433239842	1713433239908	OK	 
GROUP	PRL_CitizenC100_710_TakePartInHearings	1713433239780	1713433240025	237	OK
REQUEST	PRL_CitizenC100_720_LanguageRequirements	PRL_CitizenC100_720_005_LanguageRequirements	1713433240026	1713433240133	OK	 
REQUEST	PRL_CitizenC100_720_LanguageRequirements	PRL_CitizenC100_720_005_LanguageRequirements Redirect 1	1713433240133	1713433240212	OK	 
GROUP	PRL_CitizenC100_720_LanguageRequirements	1713433240025	1713433240308	279	OK
REQUEST	PRL_CitizenC100_730_SpecialArrangements	PRL_CitizenC100_730_005_SpecialArrangements	1713433240309	1713433240369	OK	 
REQUEST	PRL_CitizenC100_730_SpecialArrangements	PRL_CitizenC100_730_005_SpecialArrangements Redirect 1	1713433240369	1713433240436	OK	 
GROUP	PRL_CitizenC100_730_SpecialArrangements	1713433240308	1713433240562	244	OK
REQUEST	PRL_CitizenC100_740_NeedSupport	PRL_CitizenC100_740_005_NeedSupport	1713433240563	1713433240641	KO	status.find.in([200, 209], 304), found 404
GROUP	PRL_CitizenC100_740_NeedSupport	1713433240562	1713433240665	78	KO
USER	***** PRL Citizen Journey *****	END	1713433240669
