ASSERTION	AAECAAIFAAAAAAAAAFlA
RUN	simulations.PRL_Simulation	prl-simulation	1713527024879	 	3.9.5
USER	***** PRL CUI RA Journey *****	START	1713527025759
REQUEST	PRL_CitizenC100_010_PRLHome	PRL_CitizenC100_010_005_PRLHome	1713527025770	1713527025988	OK	 
REQUEST	PRL_CitizenC100_010_PRLHome	PRL_CitizenC100_010_005_PRLHome Redirect 1	1713527025997	1713527026066	OK	 
REQUEST	PRL_CitizenC100_010_PRLHome	PRL_CitizenC100_010_005_PRLHome Redirect 2	1713527026066	1713527026121	OK	 
REQUEST	PRL_CitizenC100_010_PRLHome	PRL_CitizenC100_010_005_PRLHome Redirect 3	1713527026121	1713527026505	OK	 
GROUP	PRL_CitizenC100_010_PRLHome	1713527025760	1713527026908	1064	OK
REQUEST	PRL_CitizenC100_020_Login	PRL_CitizenC100_020_005_Login	1713527026910	1713527027045	OK	 
REQUEST	PRL_CitizenC100_020_Login	PRL_CitizenC100_020_005_Login Redirect 1	1713527027047	1713527027516	OK	 
REQUEST	PRL_CitizenC100_020_Login	PRL_CitizenC100_020_005_Login Redirect 2	1713527027519	1713527029666	OK	 
GROUP	PRL_CitizenC100_020_Login	1713527026908	1713527029939	3012	OK
REQUEST	PRL_CitizenC100_CUIRA_030_SelectCase	PRL_CitizenC100_CUIRA_030_SelectCase	1713527029939	1713527038867	OK	 
REQUEST	PRL_CitizenC100_CUIRA_030_SelectCase	PRL_CitizenC100_CUIRA_030_SelectCase Redirect 1	1713527038870	1713527038991	OK	 
GROUP	PRL_CitizenC100_CUIRA_030_SelectCase	1713527029939	1713527039154	9202	OK
REQUEST	PRL_CitizenC100_CUIRA_030_005_SelectCase	PRL_CitizenC100_CUIRA_030_005_SelectCase	1713527039155	1713527039265	OK	 
GROUP	PRL_CitizenC100_CUIRA_030_005_SelectCase	1713527039154	1713527039366	208	OK
REQUEST	PRL_CitizenC100_CUIRA_040_RAIntro	PRL_CitizenC100_CUIRA_040_RAIntro	1713527039366	1713527040055	OK	 
GROUP	PRL_CitizenC100_CUIRA_040_RAIntro	1713527039366	1713527040207	835	OK
REQUEST	PRL_CitizenC100_CUIRA_050_RAIntro	PRL_CitizenC100_CUIRA_050_RAIntro	1713527040209	1713527040298	OK	 
REQUEST	PRL_CitizenC100_CUIRA_050_RAIntro	PRL_CitizenC100_CUIRA_050_RAIntro Redirect 1	1713527040301	1713527040404	OK	 
GROUP	PRL_CitizenC100_CUIRA_050_RAIntro	1713527040208	1713527040548	330	OK
REQUEST	PRL_CitizenC100_CUIRA_060_RAIntro	PRL_CitizenC100_CUIRA_060_RAIntro	1713527040549	1713527040627	OK	 
REQUEST	PRL_CitizenC100_CUIRA_060_RAIntro	PRL_CitizenC100_CUIRA_060_RAIntro Redirect 1	1713527040628	1713527040709	OK	 
GROUP	PRL_CitizenC100_CUIRA_060_RAIntro	1713527040548	1713527040851	296	OK
REQUEST	PRL_CitizenC100_CUIRA_070_RAIntro	PRL_CitizenC100_CUIRA_070_RAIntro	1713527040851	1713527041968	OK	 
REQUEST	PRL_CitizenC100_CUIRA_070_RAIntro	PRL_CitizenC100_CUIRA_070_RAIntro Redirect 1	1713527041970	1713527043768	OK	 
REQUEST	PRL_CitizenC100_CUIRA_070_RAIntro	PRL_CitizenC100_CUIRA_070_RAIntro Redirect 2	1713527043771	1713527044949	OK	 
REQUEST	PRL_CitizenC100_CUIRA_070_RAIntro	PRL_CitizenC100_CUIRA_070_RAIntro Redirect 3	1713527044953	1713527046298	OK	 
GROUP	PRL_CitizenC100_CUIRA_070_RAIntro	1713527040851	1713527046532	5665	OK
REQUEST	PRL_CitizenC100_CUIRA_110_SupportRequired	PRL_CitizenC100_CUIRA_110_SupportRequired	1713527046533	1713527046895	OK	 
REQUEST	PRL_CitizenC100_CUIRA_110_SupportRequired	PRL_CitizenC100_CUIRA_110_SupportRequired Redirect 1	1713527046898	1713527047281	OK	 
GROUP	PRL_CitizenC100_CUIRA_110_SupportRequired	1713527046532	1713527047457	915	OK
REQUEST	PRL_CitizenC100_CUIRA_120_BuildingAdjustment	PRL_CitizenC100_CUIRA_120_BuildingAdjustment	1713527047458	1713527047662	OK	 
REQUEST	PRL_CitizenC100_CUIRA_120_BuildingAdjustment	PRL_CitizenC100_CUIRA_120_BuildingAdjustment Redirect 1	1713527047664	1713527048188	OK	 
GROUP	PRL_CitizenC100_CUIRA_120_BuildingAdjustment	1713527047457	1713527048530	1066	OK
REQUEST	PRL_CitizenC100_CUIRA_130_CommunicatingandUnderstanding	PRL_CitizenC100_CUIRA_130_CommunicatingandUnderstanding	1713527048532	1713527048801	OK	 
REQUEST	PRL_CitizenC100_CUIRA_130_CommunicatingandUnderstanding	PRL_CitizenC100_CUIRA_130_CommunicatingandUnderstanding Redirect 1	1713527048804	1713527049370	OK	 
GROUP	PRL_CitizenC100_CUIRA_130_CommunicatingandUnderstanding	1713527048531	1713527049495	954	OK
REQUEST	PRL_CitizenC100_CUIRA_140_CommunicatingandUnderstanding	PRL_CitizenC100_CUIRA_140_CommunicatingandUnderstanding	1713527049496	1713527049637	OK	 
REQUEST	PRL_CitizenC100_CUIRA_140_CommunicatingandUnderstanding	PRL_CitizenC100_CUIRA_140_CommunicatingandUnderstanding Redirect 1	1713527049639	1713527049980	OK	 
GROUP	PRL_CitizenC100_CUIRA_140_CommunicatingandUnderstanding	1713527049495	1713527050113	608	OK
REQUEST	PRL_CitizenC100_CUIRA_150_ComfortableDuringHearing	PRL_CitizenC100_CUIRA_150_CommunicatingandUnderstanding	1713527050115	1713527050588	OK	 
REQUEST	PRL_CitizenC100_CUIRA_150_ComfortableDuringHearing	PRL_CitizenC100_CUIRA_150_CommunicatingandUnderstanding Redirect 1	1713527050590	1713527050716	OK	 
GROUP	PRL_CitizenC100_CUIRA_150_ComfortableDuringHearing	1713527050114	1713527050843	722	OK
USER	***** PRL CUI RA Journey *****	END	1713527050846
