ASSERTION	AAECAAIFAAAAAAAAAFlA
RUN	simulations.PRL_Simulation	prl-simulation	1704887388618	 	3.9.5
USER	***** PRL Citizen Journey *****	START	1704887389312
REQUEST	XUI_010_Homepage	XUI_010_005_Homepage	1704887389320	1704887389531	OK	 
REQUEST	XUI_010_Homepage	XUI_Common_000_ConfigurationUI	1704887424585	1704887424665	OK	 
REQUEST	XUI_010_Homepage	XUI_Common_000_ConfigJson	1704887424676	1704887424734	OK	 
REQUEST	XUI_010_Homepage	XUI_Common_000_TsAndCs	1704887424735	1704887424788	OK	 
REQUEST	XUI_010_Homepage	XUI_Common_000_ConfigUI	1704887424789	1704887424987	OK	 
REQUEST	XUI_010_Homepage	XUI_Common_000_UserDetails	1704887424990	1704887425519	OK	 
REQUEST	XUI_010_Homepage	XUI_Common_000_IsAuthenticated	1704887425524	1704887425594	OK	 
REQUEST	XUI_010_Homepage	XUI_010_010_AuthLogin	1704887425604	1704887425653	OK	 
REQUEST	XUI_010_Homepage	XUI_010_010_AuthLogin Redirect 1	1704887425666	1704887425885	OK	 
REQUEST	XUI_010_Homepage	XUI_010_010_AuthLogin Redirect 2	1704887425893	1704887426146	OK	 
GROUP	XUI_010_Homepage	1704887389313	1704887427938	38459	OK
REQUEST	XUI_020_Login	XUI_020_005_Login	1704887427954	1704887428069	OK	 
REQUEST	XUI_020_Login	XUI_020_005_Login Redirect 1	1704887428072	1704887428718	OK	 
REQUEST	XUI_020_Login	XUI_020_005_Login Redirect 2	1704887428726	1704887428808	OK	 
REQUEST	XUI_020_Login	XUI_Common_000_ConfigurationUI	1704887455966	1704887456012	OK	 
REQUEST	XUI_020_Login	XUI_Common_000_ConfigJson	1704887456015	1704887456060	OK	 
REQUEST	XUI_020_Login	XUI_Common_000_TsAndCs	1704887456064	1704887456106	OK	 
REQUEST	XUI_020_Login	XUI_Common_000_ConfigUI	1704887456108	1704887456161	OK	 
REQUEST	XUI_020_Login	XUI_Common_000_UserDetails	1704887456165	1704887456660	OK	 
REQUEST	XUI_020_Login	XUI_Common_000_IsAuthenticated	1704887456664	1704887456737	OK	 
REQUEST	XUI_020_Login	XUI_Common_000_MonitoringTools	1704887456742	1704887456806	OK	 
GROUP	XUI_020_Login	1704887427939	1704887456855	28802	OK
REQUEST	XUI_PRL_030_CreateCaseStart	XUI_PRL_030_005_CreateCaseStart	1704887456859	1704887457532	OK	 
GROUP	XUI_PRL_030_CreateCaseStart	1704887456856	1704887457557	673	OK
REQUEST	XUI_PRL_031_Type_Of_Application	XUI_PRL_031_005_Type_Of_Application	1704887457562	1704887458069	OK	 
GROUP	XUI_PRL_031_Type_Of_Application	1704887457557	1704887458071	507	OK
REQUEST	XUI_PRL_032_ApplicationCheckYourAnswers	XUI_PRL_032_005_ApplicationCheckYourAnswers	1704887458073	1704887463479	OK	 
GROUP	XUI_PRL_032_ApplicationCheckYourAnswers	1704887458071	1704887463504	5406	OK
REQUEST	XUI_PRL_033_ApplicationDetails	XUI_PRL_033_005_ApplicationDetails	1704887463504	1704887469530	OK	 
GROUP	XUI_PRL_033_ApplicationDetails	1704887463504	1704887469590	6026	OK
REQUEST	XUI_PRL_034_EnterApplicationDetails	XUI_PRL_034_005_EnterApplicationDetails	1704887469591	1704887470442	OK	 
GROUP	XUI_PRL_034_EnterApplicationDetails	1704887469590	1704887470444	851	OK
REQUEST	XUI_PRL_035_SubmitApplicationDetails	XUI_PRL_035_005_SubmitApplicationDetails	1704887470447	1704887474263	OK	 
GROUP	XUI_PRL_035_SubmitApplicationDetails	1704887470444	1704887474268	3816	OK
REQUEST	XUI_PRL_036_SubmitAndPay	XUI_PRL_036_005_SubmitAndPay	1704887474271	1704887479292	OK	 
GROUP	XUI_PRL_036_SubmitAndPay	1704887474268	1704887479323	5021	OK
REQUEST	XUI_PRL_037_ConfidentialityStatement	XUI_PRL_037_005_ConfidentialityStatement	1704887479324	1704887479547	OK	 
GROUP	XUI_PRL_037_ConfidentialityStatement	1704887479323	1704887479548	223	OK
REQUEST	XUI_PRL_038_Declaration	XUI_PRL_038_005_Declaration	1704887479549	1704887480156	OK	 
GROUP	XUI_PRL_038_Declaration	1704887479548	1704887480158	607	OK
REQUEST	XUI_PRL_039_Continue	XUI_PRL_039_005_Continue	1704887480160	1704887481154	OK	 
GROUP	XUI_PRL_039_Continue	1704887480158	1704887481159	994	OK
REQUEST	XUI_PRL_040_Continue	XUI_PRL_039_005_Continue	1704887481162	1704887485145	OK	 
GROUP	XUI_PRL_040_Continue	1704887481159	1704887485157	3983	OK
REQUEST	XUI_PRL_041_DummyPaymentConfirmation 	XUI_PRL_041_005_DummyPaymentConfirmation 	1704887485158	1704887485787	OK	 
GROUP	XUI_PRL_041_DummyPaymentConfirmation 	1704887485157	1704887485789	629	OK
REQUEST	XUI_PRL_042_PaymentOption	XUI_PRL_042_005_PaymentOption	1704887485792	1704887486583	OK	 
GROUP	XUI_PRL_042_PaymentOption	1704887485789	1704887486593	791	OK
REQUEST	XUI_PRL_043_PaymentOption	XUI_PRL_043_005_PaymentOption	1704887486595	1704887486834	OK	 
REQUEST	XUI_PRL_043_PaymentOption	XUI_PRL_043_005_PaymentOption Redirect 1	1704887486836	1704887487009	OK	 
GROUP	XUI_PRL_043_PaymentOption	1704887486593	1704887487559	951	OK
REQUEST	XUI_PRL_044_CardDetails	XUI_PRL_044_005_CardDetails	1704887487559	1704887487757	OK	 
REQUEST	XUI_PRL_044_CardDetails	XUI_PRL_044_005_CardDetails Redirect 1	1704887487761	1704887487851	OK	 
GROUP	XUI_PRL_044_CardDetails	1704887487559	1704887487868	289	OK
REQUEST	XUI_PRL_045_ConfirmPayment	XUI_PRL_045_005_ConfirmPayment	1704887487868	1704887487969	OK	 
REQUEST	XUI_PRL_045_ConfirmPayment	XUI_PRL_045_005_ConfirmPayment Redirect 1	1704887487972	1704887488022	OK	 
REQUEST	XUI_PRL_045_ConfirmPayment	XUI_PRL_045_005_ConfirmPayment Redirect 2	1704887488030	1704887490198	OK	 
GROUP	XUI_PRL_045_ConfirmPayment	1704887487868	1704887490572	2682	OK
REQUEST	XUI_010_Homepage	XUI_010_005_Homepage	1704887490572	1704887490644	OK	 
REQUEST	XUI_010_Homepage	XUI_Common_000_ConfigurationUI	1704887502013	1704887502077	OK	 
REQUEST	XUI_010_Homepage	XUI_Common_000_ConfigJson	1704887502077	1704887502123	OK	 
REQUEST	XUI_010_Homepage	XUI_Common_000_TsAndCs	1704887502125	1704887502200	OK	 
REQUEST	XUI_010_Homepage	XUI_Common_000_ConfigUI	1704887502202	1704887502247	OK	 
REQUEST	XUI_010_Homepage	XUI_Common_000_UserDetails	1704887502249	1704887502306	OK	 
REQUEST	XUI_010_Homepage	XUI_Common_000_IsAuthenticated	1704887502308	1704887502396	OK	 
REQUEST	XUI_010_Homepage	XUI_010_010_AuthLogin	1704887502398	1704887502436	OK	 
REQUEST	XUI_010_Homepage	XUI_010_010_AuthLogin Redirect 1	1704887502438	1704887502566	OK	 
REQUEST	XUI_010_Homepage	XUI_010_010_AuthLogin Redirect 2	1704887502568	1704887502646	OK	 
GROUP	XUI_010_Homepage	1704887490572	1704887503355	12761	OK
REQUEST	XUI_020_Login	XUI_020_005_Login	1704887503358	1704887503463	OK	 
REQUEST	XUI_020_Login	XUI_020_005_Login Redirect 1	1704887503465	1704887504128	OK	 
REQUEST	XUI_020_Login	XUI_020_005_Login Redirect 2	1704887504131	1704887504184	OK	 
REQUEST	XUI_020_Login	XUI_Common_000_ConfigurationUI	1704887515048	1704887515109	OK	 
REQUEST	XUI_020_Login	XUI_Common_000_ConfigJson	1704887515111	1704887515156	OK	 
REQUEST	XUI_020_Login	XUI_Common_000_TsAndCs	1704887515158	1704887515223	OK	 
REQUEST	XUI_020_Login	XUI_Common_000_ConfigUI	1704887515225	1704887515293	OK	 
REQUEST	XUI_020_Login	XUI_Common_000_UserDetails	1704887515295	1704887515490	OK	 
REQUEST	XUI_020_Login	XUI_Common_000_IsAuthenticated	1704887515491	1704887515539	OK	 
REQUEST	XUI_020_Login	XUI_Common_000_MonitoringTools	1704887515540	1704887515920	OK	 
GROUP	XUI_020_Login	1704887503356	1704887515922	12544	OK
REQUEST	XUI_PRL_030_TaskTab	XUI_PRL_040_005_SelectIssue	1704887515923	1704887520212	KO	regex("id": "(\w{8})-(\w{4})-(\w{4})-(\w{4})-(\w{12})").find.exists, found nothing
GROUP	XUI_PRL_030_TaskTab	1704887515922	1704887520219	4289	KO
USER	***** PRL Citizen Journey *****	END	1704887520227
