ASSERTION	AAECAAIFAAAAAAAAAFlA
RUN	simulations.PRL_Simulation	prl-simulation	1704885633644	 	3.9.5
USER	***** PRL Citizen Journey *****	START	1704885634166
REQUEST	XUI_010_Homepage	XUI_010_005_Homepage	1704885634174	1704885634339	OK	 
REQUEST	XUI_010_Homepage	XUI_Common_000_ConfigurationUI	1704885638078	1704885638130	OK	 
REQUEST	XUI_010_Homepage	XUI_Common_000_ConfigJson	1704885638136	1704885638176	OK	 
REQUEST	XUI_010_Homepage	XUI_Common_000_TsAndCs	1704885638180	1704885638233	OK	 
REQUEST	XUI_010_Homepage	XUI_Common_000_ConfigUI	1704885638235	1704885638284	OK	 
REQUEST	XUI_010_Homepage	XUI_Common_000_UserDetails	1704885638288	1704885638331	OK	 
REQUEST	XUI_010_Homepage	XUI_Common_000_IsAuthenticated	1704885638333	1704885638399	OK	 
REQUEST	XUI_010_Homepage	XUI_010_010_AuthLogin	1704885638405	1704885638450	OK	 
REQUEST	XUI_010_Homepage	XUI_010_010_AuthLogin Redirect 1	1704885638455	1704885638726	OK	 
REQUEST	XUI_010_Homepage	XUI_010_010_AuthLogin Redirect 2	1704885638730	1704885638847	OK	 
GROUP	XUI_010_Homepage	1704885634167	1704885639551	5270	OK
REQUEST	XUI_020_Login	XUI_020_005_Login	1704885639556	1704885639717	OK	 
REQUEST	XUI_020_Login	XUI_020_005_Login Redirect 1	1704885639720	1704885640328	OK	 
REQUEST	XUI_020_Login	XUI_020_005_Login Redirect 2	1704885640333	1704885640417	OK	 
REQUEST	XUI_020_Login	XUI_Common_000_ConfigurationUI	1704885644393	1704885644435	OK	 
REQUEST	XUI_020_Login	XUI_Common_000_ConfigJson	1704885644436	1704885644499	OK	 
REQUEST	XUI_020_Login	XUI_Common_000_TsAndCs	1704885644500	1704885644553	OK	 
REQUEST	XUI_020_Login	XUI_Common_000_ConfigUI	1704885644555	1704885644606	OK	 
REQUEST	XUI_020_Login	XUI_Common_000_UserDetails	1704885644607	1704885645681	OK	 
REQUEST	XUI_020_Login	XUI_Common_000_IsAuthenticated	1704885645685	1704885645752	OK	 
REQUEST	XUI_020_Login	XUI_Common_000_MonitoringTools	1704885645755	1704885645820	OK	 
GROUP	XUI_020_Login	1704885639552	1704885645857	6237	OK
REQUEST	XUI_PRL_030_CreateCaseStart	XUI_PRL_030_005_CreateCaseStart	1704885645860	1704885648755	OK	 
GROUP	XUI_PRL_030_CreateCaseStart	1704885645858	1704885648772	2895	OK
REQUEST	XUI_PRL_031_Type_Of_Application	XUI_PRL_031_005_Type_Of_Application	1704885648774	1704885649840	OK	 
GROUP	XUI_PRL_031_Type_Of_Application	1704885648772	1704885649841	1066	OK
REQUEST	XUI_PRL_032_ApplicationCheckYourAnswers	XUI_PRL_032_005_ApplicationCheckYourAnswers	1704885649842	1704885663123	OK	 
GROUP	XUI_PRL_032_ApplicationCheckYourAnswers	1704885649841	1704885663143	13281	OK
REQUEST	XUI_PRL_033_ApplicationDetails	XUI_PRL_033_005_ApplicationDetails	1704885663144	1704885665762	OK	 
GROUP	XUI_PRL_033_ApplicationDetails	1704885663144	1704885665816	2618	OK
REQUEST	XUI_PRL_034_EnterApplicationDetails	XUI_PRL_034_005_EnterApplicationDetails	1704885665816	1704885666737	OK	 
GROUP	XUI_PRL_034_EnterApplicationDetails	1704885665816	1704885666740	921	OK
REQUEST	XUI_PRL_035_SubmitApplicationDetails	XUI_PRL_035_005_SubmitApplicationDetails	1704885666742	1704885673880	OK	 
GROUP	XUI_PRL_035_SubmitApplicationDetails	1704885666740	1704885673884	7138	OK
REQUEST	XUI_PRL_036_SubmitAndPay	XUI_PRL_036_005_SubmitAndPay	1704885673886	1704885681440	OK	 
GROUP	XUI_PRL_036_SubmitAndPay	1704885673884	1704885681457	7554	OK
REQUEST	XUI_PRL_037_ConfidentialityStatement	XUI_PRL_037_005_ConfidentialityStatement	1704885681457	1704885681892	OK	 
GROUP	XUI_PRL_037_ConfidentialityStatement	1704885681457	1704885681895	435	OK
REQUEST	XUI_PRL_038_Declaration	XUI_PRL_038_005_Declaration	1704885681897	1704885682441	OK	 
GROUP	XUI_PRL_038_Declaration	1704885681895	1704885682444	544	OK
REQUEST	XUI_PRL_039_Continue	XUI_PRL_039_005_Continue	1704885682445	1704885683004	OK	 
GROUP	XUI_PRL_039_Continue	1704885682444	1704885683005	559	OK
REQUEST	XUI_PRL_040_Continue	XUI_PRL_039_005_Continue	1704885683006	1704885689999	OK	 
GROUP	XUI_PRL_040_Continue	1704885683005	1704885690001	6993	OK
REQUEST	XUI_PRL_041_DummyPaymentConfirmation 	XUI_PRL_041_005_DummyPaymentConfirmation 	1704885690001	1704885690474	OK	 
GROUP	XUI_PRL_041_DummyPaymentConfirmation 	1704885690001	1704885690475	473	OK
REQUEST	XUI_PRL_042_PaymentOption	XUI_PRL_042_005_PaymentOption	1704885690476	1704885691724	OK	 
GROUP	XUI_PRL_042_PaymentOption	1704885690475	1704885691729	1248	OK
REQUEST	XUI_PRL_043_PaymentOption	XUI_PRL_043_005_PaymentOption	1704885691730	1704885692026	OK	 
REQUEST	XUI_PRL_043_PaymentOption	XUI_PRL_043_005_PaymentOption Redirect 1	1704885692027	1704885692177	OK	 
GROUP	XUI_PRL_043_PaymentOption	1704885691729	1704885692486	744	OK
REQUEST	XUI_PRL_044_CardDetails	XUI_PRL_044_005_CardDetails	1704885692486	1704885692659	OK	 
REQUEST	XUI_PRL_044_CardDetails	XUI_PRL_044_005_CardDetails Redirect 1	1704885692660	1704885692748	OK	 
GROUP	XUI_PRL_044_CardDetails	1704885692486	1704885692758	262	OK
REQUEST	XUI_PRL_045_ConfirmPayment	XUI_PRL_045_005_ConfirmPayment	1704885692758	1704885692835	OK	 
REQUEST	XUI_PRL_045_ConfirmPayment	XUI_PRL_045_005_ConfirmPayment Redirect 1	1704885692836	1704885692892	OK	 
REQUEST	XUI_PRL_045_ConfirmPayment	XUI_PRL_045_005_ConfirmPayment Redirect 2	1704885692902	1704885695791	OK	 
GROUP	XUI_PRL_045_ConfirmPayment	1704885692758	1704885696160	3385	OK
REQUEST	XUI_010_Homepage	XUI_010_005_Homepage	1704885696161	1704885696210	OK	 
REQUEST	XUI_010_Homepage	XUI_Common_000_ConfigurationUI	1704885700836	1704885701349	OK	 
REQUEST	XUI_010_Homepage	XUI_Common_000_ConfigJson	1704885701352	1704885701388	OK	 
REQUEST	XUI_010_Homepage	XUI_Common_000_TsAndCs	1704885701390	1704885701436	OK	 
REQUEST	XUI_010_Homepage	XUI_Common_000_ConfigUI	1704885701438	1704885701485	OK	 
REQUEST	XUI_010_Homepage	XUI_Common_000_UserDetails	1704885701487	1704885701526	OK	 
REQUEST	XUI_010_Homepage	XUI_Common_000_IsAuthenticated	1704885701526	1704885701590	OK	 
REQUEST	XUI_010_Homepage	XUI_010_010_AuthLogin	1704885701593	1704885701637	OK	 
REQUEST	XUI_010_Homepage	XUI_010_010_AuthLogin Redirect 1	1704885701639	1704885701767	OK	 
REQUEST	XUI_010_Homepage	XUI_010_010_AuthLogin Redirect 2	1704885701768	1704885701831	OK	 
GROUP	XUI_010_Homepage	1704885696161	1704885702300	6113	OK
REQUEST	XUI_020_Login	XUI_020_005_Login	1704885702301	1704885702432	OK	 
REQUEST	XUI_020_Login	XUI_020_005_Login Redirect 1	1704885702436	1704885703958	OK	 
REQUEST	XUI_020_Login	XUI_020_005_Login Redirect 2	1704885703959	1704885704010	OK	 
REQUEST	XUI_020_Login	XUI_Common_000_ConfigurationUI	1704885708500	1704885708564	OK	 
REQUEST	XUI_020_Login	XUI_Common_000_ConfigJson	1704885708564	1704885708640	OK	 
REQUEST	XUI_020_Login	XUI_Common_000_TsAndCs	1704885708641	1704885708806	OK	 
REQUEST	XUI_020_Login	XUI_Common_000_ConfigUI	1704885708808	1704885708860	OK	 
REQUEST	XUI_020_Login	XUI_Common_000_UserDetails	1704885708863	1704885709153	OK	 
REQUEST	XUI_020_Login	XUI_Common_000_IsAuthenticated	1704885709157	1704885709219	OK	 
REQUEST	XUI_020_Login	XUI_Common_000_MonitoringTools	1704885709220	1704885709264	OK	 
GROUP	XUI_020_Login	1704885702300	1704885709264	6946	OK
REQUEST	XUI_PRL_030_TaskTab	XUI_PRL_040_005_SelectIssue	1704885709265	1704885710383	KO	jsonPath($.[0].id).find.exists extraction crashed: string matching regex '[^*.\[\]()=!<>\s]+' expected but '[' found
GROUP	XUI_PRL_030_TaskTab	1704885709264	1704885710391	1118	KO
USER	***** PRL Citizen Journey *****	END	1704885710400
