ASSERTION	AAECAAIFAAAAAAAAAFlA
RUN	simulations.PRL_Simulation	prl-simulation	1706784504337	 	3.9.5
USER	***** PRL Citizen Journey *****	START	1706784505092
REQUEST	XUI_010_Homepage	XUI_010_005_Homepage	1706784505100	1706784505215	OK	 
REQUEST	XUI_010_Homepage	XUI_Common_000_ConfigurationUI	1706784506345	1706784506373	OK	 
REQUEST	XUI_010_Homepage	XUI_Common_000_ConfigJson	1706784506374	1706784506398	OK	 
REQUEST	XUI_010_Homepage	XUI_Common_000_TsAndCs	1706784506398	1706784506519	OK	 
REQUEST	XUI_010_Homepage	XUI_Common_000_ConfigUI	1706784506520	1706784506549	OK	 
REQUEST	XUI_010_Homepage	XUI_Common_000_UserDetails	1706784506549	1706784506583	OK	 
REQUEST	XUI_010_Homepage	XUI_Common_000_IsAuthenticated	1706784506584	1706784506616	OK	 
REQUEST	XUI_010_Homepage	XUI_010_010_AuthLogin	1706784506619	1706784506671	OK	 
REQUEST	XUI_010_Homepage	XUI_010_010_AuthLogin Redirect 1	1706784506679	1706784507054	OK	 
REQUEST	XUI_010_Homepage	XUI_010_010_AuthLogin Redirect 2	1706784507058	1706784507112	OK	 
GROUP	XUI_010_Homepage	1706784505093	1706784507390	2166	OK
REQUEST	XUI_020_Login	XUI_020_005_Login	1706784507394	1706784507536	OK	 
REQUEST	XUI_020_Login	XUI_020_005_Login Redirect 1	1706784507537	1706784508283	OK	 
REQUEST	XUI_020_Login	XUI_020_005_Login Redirect 2	1706784508292	1706784508324	OK	 
REQUEST	XUI_020_Login	XUI_Common_000_ConfigurationUI	1706784509348	1706784509380	OK	 
REQUEST	XUI_020_Login	XUI_Common_000_ConfigJson	1706784509380	1706784509407	OK	 
REQUEST	XUI_020_Login	XUI_Common_000_TsAndCs	1706784509408	1706784509439	OK	 
REQUEST	XUI_020_Login	XUI_Common_000_ConfigUI	1706784509440	1706784509468	OK	 
REQUEST	XUI_020_Login	XUI_Common_000_UserDetails	1706784509468	1706784510573	OK	 
REQUEST	XUI_020_Login	XUI_Common_000_IsAuthenticated	1706784510575	1706784510660	OK	 
REQUEST	XUI_020_Login	XUI_Common_000_MonitoringTools	1706784510663	1706784510744	OK	 
GROUP	XUI_020_Login	1706784507391	1706784510788	3326	OK
REQUEST	XUI_010_Homepage	XUI_010_005_Homepage	1706784510789	1706784510812	OK	 
REQUEST	XUI_010_Homepage	XUI_Common_000_ConfigurationUI	1706784512212	1706784512240	OK	 
REQUEST	XUI_010_Homepage	XUI_Common_000_ConfigJson	1706784512241	1706784512285	OK	 
REQUEST	XUI_010_Homepage	XUI_Common_000_TsAndCs	1706784512287	1706784512324	OK	 
REQUEST	XUI_010_Homepage	XUI_Common_000_ConfigUI	1706784512327	1706784512355	OK	 
REQUEST	XUI_010_Homepage	XUI_Common_000_UserDetails	1706784512359	1706784512387	OK	 
REQUEST	XUI_010_Homepage	XUI_Common_000_IsAuthenticated	1706784512390	1706784512416	OK	 
REQUEST	XUI_010_Homepage	XUI_010_010_AuthLogin	1706784512418	1706784512448	OK	 
REQUEST	XUI_010_Homepage	XUI_010_010_AuthLogin Redirect 1	1706784512450	1706784512502	OK	 
REQUEST	XUI_010_Homepage	XUI_010_010_AuthLogin Redirect 2	1706784512504	1706784512537	OK	 
GROUP	XUI_010_Homepage	1706784510789	1706784512686	1867	OK
REQUEST	XUI_020_Login	XUI_020_005_Login	1706784512686	1706784512791	OK	 
REQUEST	XUI_020_Login	XUI_020_005_Login Redirect 1	1706784512792	1706784513406	OK	 
REQUEST	XUI_020_Login	XUI_020_005_Login Redirect 2	1706784513409	1706784513477	OK	 
REQUEST	XUI_020_Login	XUI_Common_000_ConfigurationUI	1706784514512	1706784514547	OK	 
REQUEST	XUI_020_Login	XUI_Common_000_ConfigJson	1706784514548	1706784514574	OK	 
REQUEST	XUI_020_Login	XUI_Common_000_TsAndCs	1706784514576	1706784514613	OK	 
REQUEST	XUI_020_Login	XUI_Common_000_ConfigUI	1706784514617	1706784514644	OK	 
REQUEST	XUI_020_Login	XUI_Common_000_UserDetails	1706784514646	1706784515145	OK	 
REQUEST	XUI_020_Login	XUI_Common_000_IsAuthenticated	1706784515150	1706784515186	OK	 
REQUEST	XUI_020_Login	XUI_Common_000_MonitoringTools	1706784515189	1706784515219	OK	 
GROUP	XUI_020_Login	1706784512686	1706784515220	2507	OK
REQUEST	XUI_PRL_030_TaskTab	XUI_PRL_030_005_SelectIssue	1706784515220	1706784516683	OK	 
GROUP	XUI_PRL_030_TaskTab	1706784515220	1706784516703	1463	OK
REQUEST	XUI_PRL_031_AssignToMe	XUI_PRL_031_005_AssignToMe	1706784516707	1706784518728	OK	 
GROUP	XUI_PRL_031_AssignToMe	1706784516703	1706784518730	2021	OK
REQUEST	XUI_PRL_040_SelectCase	XUI_PRL_040_005_SelectIssue	1706784518740	1706784523950	OK	 
REQUEST	XUI_PRL_040_SelectCase	XUI_Common_000_UserDetails	1706784523966	1706784524008	OK	 
GROUP	XUI_PRL_040_SelectCase	1706784518730	1706784524013	5252	OK
REQUEST	XUI_PRL_050_LocalCourt	XUI_PRL_050_005_LocalCourt	1706784524016	1706784527126	OK	 
REQUEST	XUI_PRL_050_LocalCourt	XUI_Common_000_UserDetails	1706784527130	1706784527163	OK	 
GROUP	XUI_PRL_050_LocalCourt	1706784524013	1706784527166	3143	OK
REQUEST	XUI_PRL_060_LocalCourtSubmit	XUI_PRL_060_005_LocalCourtSubmit	1706784527168	1706784554675	OK	 
REQUEST	XUI_PRL_060_LocalCourtSubmit	XUI_Common_000_UserDetails	1706784554683	1706784554718	OK	 
GROUP	XUI_PRL_060_LocalCourtSubmit	1706784527166	1706784554720	27542	OK
REQUEST	XUI_PRL_070_SendToGateKeeper	XUI_PRL_070_005_SendToGateKeeper	1706784554721	1706784559281	OK	 
REQUEST	XUI_PRL_070_SendToGateKeeper	XUI_Common_000_UserDetails	1706784559299	1706784559331	OK	 
GROUP	XUI_PRL_070_SendToGateKeeper	1706784554720	1706784559333	4592	OK
REQUEST	XUI_PRL_080_AddGateKeeper	XUI_PRL_080_005_AddGateKeeper	1706784559335	1706784560530	OK	 
GROUP	XUI_PRL_080_AddGateKeeper	1706784559333	1706784560531	1195	OK
REQUEST	XUI_PRL_090_GateKeeperSubmit	XUI_PRL_090_005_GateKeeperSubmit	1706784560532	1706784563813	OK	 
GROUP	XUI_PRL_090_GateKeeperSubmit	1706784560531	1706784563818	3281	OK
REQUEST	XUI_PRL_180_ServiceOfApplication	XUI_PRL_180_005_ServiceOfApplication	1706784563820	1706784566816	OK	 
REQUEST	XUI_PRL_180_ServiceOfApplication	XUI_Common_000_UserDetails	1706784566839	1706784566868	OK	 
GROUP	XUI_PRL_180_ServiceOfApplication	1706784563818	1706784566869	3025	OK
REQUEST	XUI_PRL_190_PD36QUpload	XUI_PRL_190_005_PD36QUpload	1706784566879	1706784567676	OK	 
GROUP	XUI_PRL_190_PD36QUpload	1706784566869	1706784567683	797	OK
REQUEST	XUI_PRL_200_SpecialArrangementsUpload	XUI_PRL_200_005_SpecialArrangementsUpload	1706784567688	1706784568803	OK	 
GROUP	XUI_PRL_200_SpecialArrangementsUpload	1706784567683	1706784568807	1115	OK
REQUEST	XUI_PRL_210_AdditionalDocumentsUpload	XUI_PRL_210_005_AdditionalDocumentsUpload	1706784568810	1706784569111	OK	 
GROUP	XUI_PRL_210_AdditionalDocumentsUpload	1706784568807	1706784569115	301	OK
REQUEST	XUI_PRL_220_DocumentUpload	XUI_PRL_220_005_DocumentUpload	1706784569118	1706784571569	OK	 
GROUP	XUI_PRL_220_DocumentUpload	1706784569115	1706784571570	2451	OK
REQUEST	XUI_PRL_230_PersonallyServed	XUI_PRL_230_005_PersonallyServed	1706784571570	1706784573719	OK	 
GROUP	XUI_PRL_230_PersonallyServed	1706784571570	1706784573721	2149	OK
USER	***** PRL Citizen Journey *****	END	1706784573732
