ASSERTION	AAECAAMFAAAAAAAAAFlA
RUN	simulations.PRL_Simulation	prl-simulation	1686845736163	 	3.3.1
USER	***** Private Law Create Case *****	1	START	1686845736490	1686845736490
REQUEST	1	PRL_Citizen_010_PRLHome	PRL_Citizen_010_005_PRLHome	1686845736513	1686845736635	OK	 
REQUEST	1	PRL_Citizen_010_PRLHome	PRL_Citizen_010_005_PRLHome Redirect 1	1686845736646	1686845736686	OK	 
REQUEST	1	PRL_Citizen_010_PRLHome	PRL_Citizen_010_005_PRLHome Redirect 2	1686845736687	1686845736731	OK	 
REQUEST	1	PRL_Citizen_010_PRLHome	PRL_Citizen_010_005_PRLHome Redirect 3	1686845736732	1686845736832	OK	 
GROUP	1	PRL_Citizen_010_PRLHome	1686845736495	1686845737073	494	OK
REQUEST	1	PRL_Citizen_020_Login	PRL_Citizen_020_005_Login	1686845737075	1686845737218	OK	 
REQUEST	1	PRL_Citizen_020_Login	PRL_Citizen_020_005_Login Redirect 1	1686845737220	1686845737419	OK	 
REQUEST	1	PRL_Citizen_020_Login	PRL_Citizen_020_005_Login Redirect 2	1686845737420	1686845741769	OK	 
GROUP	1	PRL_Citizen_020_Login	1686845737073	1686845741931	4845	OK
REQUEST	1	PRL_Citizen_030_C100StartApplication	PRL_Citizen_030_005_C100StartApplication	1686845741931	1686845742094	OK	 
GROUP	1	PRL_Citizen_030_C100StartApplication	1686845741931	1686845742290	355	OK
REQUEST	1	PRL_Citizen_040_StartTheApplicationC100	PRL_Citizen_040_005_StartTheApplicationC100	1686845742290	1686845742488	OK	 
GROUP	1	PRL_Citizen_040_StartTheApplicationC100	1686845742290	1686845742591	299	OK
REQUEST	1	PRL_Citizen_041_Dashboard	PRL_Citizen_041_005_Dashboard	1686845742592	1686845742661	OK	 
REQUEST	1	PRL_Citizen_041_Dashboard	PRL_Citizen_041_005_Dashboard Redirect 1	1686845742662	1686845746943	OK	 
GROUP	1	PRL_Citizen_041_Dashboard	1686845742591	1686845747059	4463	OK
REQUEST	1	PRL_Citizen_042_ActivateAccessCode	PRL_Citizen_042_005_ActivateAccessCode	1686845747060	1686845747203	OK	 
GROUP	1	PRL_Citizen_042_ActivateAccessCode	1686845747059	1686845747272	208	OK
REQUEST	1	PRL_Citizen_043_CaseAdded	PRL_Citizen_043_005_AccessYourCase	1686845747272	1686845748424	OK	 
REQUEST	1	PRL_Citizen_043_CaseAdded	PRL_Citizen_043_005_AccessYourCase Redirect 1	1686845748425	1686845756207	OK	 
GROUP	1	PRL_Citizen_043_CaseAdded	1686845747272	1686845756383	9108	OK
REQUEST	1	PRL_Citizen_044_AccessCodeContinue	PRL_Citizen_044_005_AccessCodeContinue	1686845756383	1686845756598	OK	 
REQUEST	1	PRL_Citizen_044_AccessCodeContinue	PRL_Citizen_044_005_AccessCodeContinue Redirect 1	1686845756598	1686845756926	OK	 
GROUP	1	PRL_Citizen_044_AccessCodeContinue	1686845756383	1686845757057	671	OK
REQUEST	1	PRL_Citizen_045_AccessCase	PRL_Citizen_045_005_AccessCase	1686845757058	1686845758641	OK	 
REQUEST	1	PRL_Citizen_045_AccessCase	PRL_Citizen_045_005_AccessCase Redirect 1	1686845758642	1686845758791	OK	 
GROUP	1	PRL_Citizen_045_AccessCase	1686845757057	1686845758905	1843	OK
GROUP	1	PRL_CitizenC100_010_PRLHome	1686845758905	1686845758906	0	OK
REQUEST	1	PRL_CitizenC100_040_WhatYouWillNeed	PRL_CitizenC100_040_005_WhatYouWillNeed	1686845758906	1686845763255	OK	 
REQUEST	1	PRL_CitizenC100_040_WhatYouWillNeed	PRL_CitizenC100_040_005_WhatYouWillNeed Redirect 1	1686845763256	1686845763315	OK	 
GROUP	1	PRL_CitizenC100_040_WhatYouWillNeed	1686845758906	1686845763410	4500	OK
REQUEST	1	PRL_CitizenC100_050_CaseName	PRL_CitizenC100_050_005_CaseName	1686845763411	1686845763453	OK	 
REQUEST	1	PRL_CitizenC100_050_CaseName	PRL_CitizenC100_050_005_CaseName Redirect 1	1686845763454	1686845763498	OK	 
GROUP	1	PRL_CitizenC100_050_CaseName	1686845763410	1686845763576	162	OK
REQUEST	1	PRL_CitizenC100_060_ChildrenPostCode	PRL_CitizenC100_060_005_ChildrenPostCode	1686845763576	1686845763606	OK	 
REQUEST	1	PRL_CitizenC100_060_ChildrenPostCode	PRL_CitizenC100_060_005_ChildrenPostCode Redirect 1	1686845763606	1686845763704	OK	 
GROUP	1	PRL_CitizenC100_060_ChildrenPostCode	1686845763576	1686845763745	167	OK
REQUEST	1	PRL_CitizenC100_070_WrittenAgreement	PRL_CitizenC100_070_005_WrittenAgreement	1686845763746	1686845763810	OK	 
REQUEST	1	PRL_CitizenC100_070_WrittenAgreement	PRL_CitizenC100_070_005_WrittenAgreement Redirect 1	1686845763811	1686845763871	OK	 
GROUP	1	PRL_CitizenC100_070_WrittenAgreement	1686845763745	1686845763954	205	OK
REQUEST	1	PRL_CitizenC100_080_BeforeCourt	PRL_CitizenC100_080_005_BeforeCourt	1686845763955	1686845764024	OK	 
REQUEST	1	PRL_CitizenC100_080_BeforeCourt	PRL_CitizenC100_080_005_BeforeCourt Redirect 1	1686845764025	1686845764063	OK	 
GROUP	1	PRL_CitizenC100_080_BeforeCourt	1686845763954	1686845764190	232	OK
REQUEST	1	PRL_CitizenC100_090_ReachAgreement	PRL_CitizenC100_090_005_ReachAgreement	1686845764190	1686845764219	OK	 
REQUEST	1	PRL_CitizenC100_090_ReachAgreement	PRL_CitizenC100_090_005_ReachAgreement Redirect 1	1686845764219	1686845764501	OK	 
GROUP	1	PRL_CitizenC100_090_ReachAgreement	1686845764190	1686845764569	377	OK
REQUEST	1	PRL_CitizenC100_100_LegalRep	PRL_CitizenC100_100_005_LegalRep	1686845764570	1686845764674	OK	 
REQUEST	1	PRL_CitizenC100_100_LegalRep	PRL_CitizenC100_100_005_LegalRep Redirect 1	1686845764675	1686845764736	OK	 
GROUP	1	PRL_CitizenC100_100_LegalRep	1686845764570	1686845764816	244	OK
REQUEST	1	PRL_CitizenC100_110_PermissionFromCourt	PRL_CitizenC100_110_005_PermissionFromCourt	1686845764816	1686845764904	OK	 
REQUEST	1	PRL_CitizenC100_110_PermissionFromCourt	PRL_CitizenC100_110_005_PermissionFromCourt Redirect 1	1686845764905	1686845764949	OK	 
GROUP	1	PRL_CitizenC100_110_PermissionFromCourt	1686845764816	1686845765037	218	OK
REQUEST	1	PRL_CitizenC100_120_WhyPermissionFromCourt	PRL_CitizenC100_120_005_WhyPermissionFromCourt	1686845765037	1686845765071	OK	 
REQUEST	1	PRL_CitizenC100_120_WhyPermissionFromCourt	PRL_CitizenC100_120_005_WhyPermissionFromCourt Redirect 1	1686845765072	1686845765136	OK	 
GROUP	1	PRL_CitizenC100_120_WhyPermissionFromCourt	1686845765037	1686845765216	177	OK
REQUEST	1	PRL_CitizenC100_130_WhyCourtShouldGrant	PRL_CitizenC100_130_005_WhyCourtShouldGrant	1686845765216	1686845765286	OK	 
REQUEST	1	PRL_CitizenC100_130_WhyCourtShouldGrant	PRL_CitizenC100_130_005_WhyCourtShouldGrant Redirect 1	1686845765287	1686845765342	OK	 
GROUP	1	PRL_CitizenC100_130_WhyCourtShouldGrant	1686845765216	1686845765412	193	OK
REQUEST	1	PRL_CitizenC100_140_InvolvedInEmergencyProtection	PRL_CitizenC100_140_005_InvolvedInEmergencyProtection	1686845765413	1686845765513	OK	 
REQUEST	1	PRL_CitizenC100_140_InvolvedInEmergencyProtection	PRL_CitizenC100_140_005_InvolvedInEmergencyProtection Redirect 1	1686845765514	1686845765552	OK	 
GROUP	1	PRL_CitizenC100_140_InvolvedInEmergencyProtection	1686845765413	1686845765646	230	OK
REQUEST	1	PRL_CitizenC100_150_AttendingMIAM	PRL_CitizenC100_150_005_AttendingMIAM	1686845765647	1686845765684	OK	 
REQUEST	1	PRL_CitizenC100_150_AttendingMIAM	PRL_CitizenC100_150_005_AttendingMIAM Redirect 1	1686845765685	1686845765800	OK	 
GROUP	1	PRL_CitizenC100_150_AttendingMIAM	1686845765646	1686845765869	219	OK
REQUEST	1	PRL_CitizenC100_160_AttendedMIAM	PRL_CitizenC100_160_005_AttendedMIAM	1686845765870	1686845766024	OK	 
REQUEST	1	PRL_CitizenC100_160_AttendedMIAM	PRL_CitizenC100_160_005_AttendedMIAM Redirect 1	1686845766025	1686845766105	OK	 
GROUP	1	PRL_CitizenC100_160_AttendedMIAM	1686845765869	1686845766253	380	OK
REQUEST	1	PRL_CitizenC100_170_DocumentSigned	PRL_CitizenC100_170_005_DocumentSigned	1686845766253	1686845766279	OK	 
REQUEST	1	PRL_CitizenC100_170_DocumentSigned	PRL_CitizenC100_170_005_DocumentSigned Redirect 1	1686845766279	1686845766341	OK	 
GROUP	1	PRL_CitizenC100_170_DocumentSigned	1686845766253	1686845766392	136	OK
REQUEST	1	PRL_CitizenC100_180_MIAMUpload	PRL_CitizenC100_180_005_MIAMUpload	1686845766403	1686845766957	OK	 
REQUEST	1	PRL_CitizenC100_180_MIAMUpload	PRL_CitizenC100_180_005_MIAMUpload Redirect 1	1686845766960	1686845767011	OK	 
GROUP	1	PRL_CitizenC100_180_MIAMUpload	1686845766392	1686845767147	739	OK
REQUEST	1	PRL_CitizenC100_190_MIAMUploadSubmit	PRL_CitizenC100_190_005_MIAMUploadSubmit	1686845767147	1686845767855	OK	 
REQUEST	1	PRL_CitizenC100_190_MIAMUploadSubmit	PRL_CitizenC100_190_005_MIAMUploadSubmit Redirect 1	1686845767856	1686845767891	OK	 
REQUEST	1	PRL_CitizenC100_190_MIAMUploadSubmit	PRL_CitizenC100_190_005_MIAMUploadSubmit Redirect 2	1686845767892	1686845767963	OK	 
GROUP	1	PRL_CitizenC100_190_MIAMUploadSubmit	1686845767147	1686845768093	941	OK
REQUEST	1	PRL_CitizenC100_200_MIAMUploadContinue	PRL_CitizenC100_200_005_MIAMUploadContinue	1686845768093	1686845768131	OK	 
REQUEST	1	PRL_CitizenC100_200_MIAMUploadContinue	PRL_CitizenC100_200_005_MIAMUploadContinue Redirect 1	1686845768134	1686845768213	OK	 
GROUP	1	PRL_CitizenC100_200_MIAMUploadContinue	1686845768093	1686845768333	235	OK
REQUEST	1	PRL_CitizenC100_210_AskingCourtToDo	PRL_CitizenC100_210_005_AskingCourtToDo	1686845768333	1686845768402	OK	 
REQUEST	1	PRL_CitizenC100_210_AskingCourtToDo	PRL_CitizenC100_210_005_AskingCourtToDo Redirect 1	1686845768403	1686845768442	OK	 
GROUP	1	PRL_CitizenC100_210_AskingCourtToDo	1686845768333	1686845770476	2140	OK
REQUEST	1	PRL_CitizenC100_220_WouldLikeCourtTo	PRL_CitizenC100_220_005_WouldLikeCourtTo	1686845770476	1686845770502	OK	 
REQUEST	1	PRL_CitizenC100_220_WouldLikeCourtTo	PRL_CitizenC100_220_005_WouldLikeCourtTo Redirect 1	1686845770503	1686845770575	OK	 
GROUP	1	PRL_CitizenC100_220_WouldLikeCourtTo	1686845770476	1686845770719	241	OK
REQUEST	1	PRL_CitizenC100_230_DescribeWhatCourt	PRL_CitizenC100_230_005_DescribeWhatCourt	1686845770720	1686845770756	OK	 
REQUEST	1	PRL_CitizenC100_230_DescribeWhatCourt	PRL_CitizenC100_230_005_DescribeWhatCourt Redirect 1	1686845770756	1686845770796	OK	 
GROUP	1	PRL_CitizenC100_230_DescribeWhatCourt	1686845770720	1686845770978	256	OK
REQUEST	1	PRL_CitizenC100_240_UrgentFirstHearing	PRL_CitizenC100_240_005_UrgentFirstHearing	1686845770978	1686845771003	OK	 
REQUEST	1	PRL_CitizenC100_240_UrgentFirstHearing	PRL_CitizenC100_240_005_UrgentFirstHearing Redirect 1	1686845771004	1686845771098	OK	 
GROUP	1	PRL_CitizenC100_240_UrgentFirstHearing	1686845770978	1686845771173	192	OK
REQUEST	1	PRL_CitizenC100_250_UrgentHearingDetails	PRL_CitizenC100_250_005_UrgentHearingDetails	1686845771174	1686845771220	OK	 
REQUEST	1	PRL_CitizenC100_250_UrgentHearingDetails	PRL_CitizenC100_250_005_UrgentHearingDetails Redirect 1	1686845771221	1686845771263	OK	 
GROUP	1	PRL_CitizenC100_250_UrgentHearingDetails	1686845771173	1686845771331	154	OK
REQUEST	1	PRL_CitizenC100_260_AskingForWithoutNotice	PRL_CitizenC100_260_005_AskingForWithoutNotice	1686845771331	1686845771363	OK	 
REQUEST	1	PRL_CitizenC100_260_AskingForWithoutNotice	PRL_CitizenC100_260_005_AskingForWithoutNotice Redirect 1	1686845771364	1686845771414	OK	 
GROUP	1	PRL_CitizenC100_260_AskingForWithoutNotice	1686845771331	1686845771474	141	OK
REQUEST	1	PRL_CitizenC100_270_WithoutNoticeDetails	PRL_CitizenC100_270_005_WithoutNoticeDetails	1686845771474	1686845771726	OK	 
REQUEST	1	PRL_CitizenC100_270_WithoutNoticeDetails	PRL_CitizenC100_270_005_WithoutNoticeDetails Redirect 1	1686845771726	1686845772182	OK	 
GROUP	1	PRL_CitizenC100_270_WithoutNoticeDetails	1686845771474	1686845772265	790	OK
REQUEST	1	PRL_CitizenC100_280_ChildrenName	PRL_CitizenC100_280_005_ChildrenName	1686845772265	1686845772303	OK	 
GROUP	1	PRL_CitizenC100_280_ChildrenName	1686845772265	1686845772306	38	OK
REQUEST	1	PRL_CitizenC100_285_ChildrenNameRedirect	PRL_CitizenC100_280_005_ChildrenName	1686845772306	1686845772357	OK	 
GROUP	1	PRL_CitizenC100_285_ChildrenNameRedirect	1686845772306	1686845772488	179	OK
REQUEST	1	PRL_CitizenC100_290_ChildDetails	PRL_CitizenC100_290_005_ChildDetails	1686845772489	1686845772515	OK	 
REQUEST	1	PRL_CitizenC100_290_ChildDetails	PRL_CitizenC100_290_005_ChildDetails Redirect 1	1686845772516	1686845772553	OK	 
GROUP	1	PRL_CitizenC100_290_ChildDetails	1686845772488	1686845772737	245	OK
REQUEST	1	PRL_CitizenC100_300_WhichDecision	PRL_CitizenC100_300_005_WhichDecision	1686845772737	1686845772779	OK	 
REQUEST	1	PRL_CitizenC100_300_WhichDecision	PRL_CitizenC100_300_005_WhichDecision Redirect 1	1686845772780	1686845772830	OK	 
GROUP	1	PRL_CitizenC100_300_WhichDecision	1686845772737	1686845772915	176	OK
REQUEST	1	PRL_CitizenC100_310_ParentalResponsibility	PRL_CitizenC100_310_005_ParentalResponsibility	1686845772915	1686845772940	OK	 
REQUEST	1	PRL_CitizenC100_310_ParentalResponsibility	PRL_CitizenC100_310_005_ParentalResponsibility Redirect 1	1686845772940	1686845773009	OK	 
GROUP	1	PRL_CitizenC100_310_ParentalResponsibility	1686845772915	1686845773169	253	OK
REQUEST	1	PRL_CitizenC100_320_FurtherInformation	PRL_CitizenC100_320_005_FurtherInformation	1686845773169	1686845773247	OK	 
REQUEST	1	PRL_CitizenC100_320_FurtherInformation	PRL_CitizenC100_320_005_FurtherInformation Redirect 1	1686845773248	1686845773288	OK	 
GROUP	1	PRL_CitizenC100_320_FurtherInformation	1686845773169	1686845773381	210	OK
REQUEST	1	PRL_CitizenC100_330_OtherChildren	PRL_CitizenC100_330_005_OtherChildren	1686845773381	1686845773411	OK	 
REQUEST	1	PRL_CitizenC100_330_OtherChildren	PRL_CitizenC100_330_005_OtherChildren Redirect 1	1686845773412	1686845773474	OK	 
GROUP	1	PRL_CitizenC100_330_OtherChildren	1686845773381	1686845773562	177	OK
REQUEST	1	PRL_CitizenC100_340_EnterYourName	PRL_CitizenC100_340_005_EnterYourName	1686845773562	1686845773616	OK	 
GROUP	1	PRL_CitizenC100_340_EnterYourName	1686845773562	1686845773617	54	OK
REQUEST	1	PRL_CitizenC100_345_EnterYourNameRedirect	PRL_CitizenC100_340_005_EnterYourName	1686845773617	1686845773659	OK	 
GROUP	1	PRL_CitizenC100_345_EnterYourNameRedirect	1686845773617	1686845773738	119	OK
REQUEST	1	PRL_CitizenC100_350_KnowContactDetails	PRL_CitizenC100_350_005_KnowContactDetails	1686845773738	1686845773764	OK	 
REQUEST	1	PRL_CitizenC100_350_KnowContactDetails	PRL_CitizenC100_350_005_KnowContactDetails Redirect 1	1686845773765	1686845773832	OK	 
GROUP	1	PRL_CitizenC100_350_KnowContactDetails	1686845773738	1686845773878	137	OK
REQUEST	1	PRL_CitizenC100_360_KeepDetailsPrivate	PRL_CitizenC100_360_005_KeepDetailsPrivate	1686845773879	1686845773925	OK	 
REQUEST	1	PRL_CitizenC100_360_KeepDetailsPrivate	PRL_CitizenC100_360_005_KeepDetailsPrivate Redirect 1	1686845773926	1686845773955	OK	 
GROUP	1	PRL_CitizenC100_360_KeepDetailsPrivate	1686845773878	1686845774022	140	OK
REQUEST	1	PRL_CitizenC100_370_KeepDetailsPrivateContinue	PRL_CitizenC100_370_005_KeepDetailsPrivateContinue	1686845774022	1686845774049	OK	 
REQUEST	1	PRL_CitizenC100_370_KeepDetailsPrivateContinue	PRL_CitizenC100_370_005_KeepDetailsPrivateContinue Redirect 1	1686845774050	1686845774096	OK	 
GROUP	1	PRL_CitizenC100_370_KeepDetailsPrivateContinue	1686845774022	1686845774199	174	OK
REQUEST	1	PRL_CitizenC100_380_ApplicantDetails	PRL_CitizenC100_380_005_ApplicantDetails	1686845774199	1686845774241	OK	 
REQUEST	1	PRL_CitizenC100_380_ApplicantDetails	PRL_CitizenC100_380_005_ApplicantDetails Redirect 1	1686845774241	1686845774289	OK	 
GROUP	1	PRL_CitizenC100_380_ApplicantDetails	1686845774199	1686845774346	145	OK
REQUEST	1	PRL_CitizenC100_390_ApplicantRelationship	PRL_CitizenC100_390_005_ApplicantRelationship	1686845774346	1686845774373	OK	 
REQUEST	1	PRL_CitizenC100_390_ApplicantRelationship	PRL_CitizenC100_390_005_ApplicantRelationship Redirect 1	1686845774374	1686845774446	OK	 
GROUP	1	PRL_CitizenC100_390_ApplicantRelationship	1686845774346	1686845774512	163	OK
REQUEST	1	PRL_CitizenC100_400_ApplicantPostcode	PRL_CitizenC100_400_005_ApplicantPostcode	1686845774513	1686845774842	OK	 
REQUEST	1	PRL_CitizenC100_400_ApplicantPostcode	PRL_CitizenC100_400_005_ApplicantPostcode Redirect 1	1686845774842	1686845774900	OK	 
GROUP	1	PRL_CitizenC100_400_ApplicantPostcode	1686845774512	1686845775018	502	OK
REQUEST	1	PRL_CitizenC100_410_ApplicantSelectAddress	PRL_CitizenC100_410_005_ApplicantSelectAddress	1686845775018	1686845775053	OK	 
REQUEST	1	PRL_CitizenC100_410_ApplicantSelectAddress	PRL_CitizenC100_410_005_ApplicantSelectAddress Redirect 1	1686845775054	1686845775112	OK	 
GROUP	1	PRL_CitizenC100_410_ApplicantSelectAddress	1686845775018	1686845775662	640	OK
REQUEST	1	PRL_CitizenC100_420_ApplicantAddress	PRL_CitizenC100_420_005_ApplicantAddress	1686845775662	1686845775688	OK	 
REQUEST	1	PRL_CitizenC100_420_ApplicantAddress	PRL_CitizenC100_420_005_ApplicantAddress Redirect 1	1686845775688	1686845775764	OK	 
GROUP	1	PRL_CitizenC100_420_ApplicantAddress	1686845775662	1686845775846	182	OK
REQUEST	1	PRL_CitizenC100_430_ApplicantContact	PRL_CitizenC100_430_005_ApplicantContact	1686845775846	1686845775896	OK	 
REQUEST	1	PRL_CitizenC100_430_ApplicantContact	PRL_CitizenC100_430_005_ApplicantContact Redirect 1	1686845775897	1686845775973	OK	 
GROUP	1	PRL_CitizenC100_430_ApplicantContact	1686845775846	1686845776071	223	OK
REQUEST	1	PRL_CitizenC100_440_ApplicantContactPreference	PRL_CitizenC100_440_005_ApplicantContactPreference	1686845776071	1686845776134	OK	 
REQUEST	1	PRL_CitizenC100_440_ApplicantContactPreference	PRL_CitizenC100_440_005_ApplicantContactPreference Redirect 1	1686845776135	1686845776189	OK	 
GROUP	1	PRL_CitizenC100_440_ApplicantContactPreference	1686845776071	1686845776393	319	OK
REQUEST	1	PRL_CitizenC100_450_RespondentName	PRL_CitizenC100_450_005_RespondentName	1686845776394	1686845776425	OK	 
GROUP	1	PRL_CitizenC100_450_RespondentName	1686845776393	1686845776426	31	OK
REQUEST	1	PRL_CitizenC100_460_RespondentNameRedirect	PRL_CitizenC100_460_005_RespondentNameRedirect	1686845776426	1686845776483	OK	 
GROUP	1	PRL_CitizenC100_460_RespondentNameRedirect	1686845776426	1686845776632	204	OK
REQUEST	1	PRL_CitizenC100_470_RespondentDetails	PRL_CitizenC100_470_005_RespondentDetails	1686845776633	1686845776684	OK	 
REQUEST	1	PRL_CitizenC100_470_RespondentDetails	PRL_CitizenC100_470_005_RespondentDetails Redirect 1	1686845776685	1686845776755	OK	 
GROUP	1	PRL_CitizenC100_470_RespondentDetails	1686845776632	1686845776816	180	OK
REQUEST	1	PRL_CitizenC100_480_RespondentRelationship	PRL_CitizenC100_480_005_RespondentRelationship	1686845776817	1686845776853	OK	 
REQUEST	1	PRL_CitizenC100_480_RespondentRelationship	PRL_CitizenC100_480_005_RespondentRelationship Redirect 1	1686845776853	1686845776902	OK	 
GROUP	1	PRL_CitizenC100_480_RespondentRelationship	1686845776816	1686845776975	156	OK
REQUEST	1	PRL_CitizenC100_490_RespondentPostcode	PRL_CitizenC100_490_005_RespondentPostcode	1686845776976	1686845777164	OK	 
REQUEST	1	PRL_CitizenC100_490_RespondentPostcode	PRL_CitizenC100_490_005_RespondentPostcode Redirect 1	1686845777165	1686845777208	OK	 
GROUP	1	PRL_CitizenC100_490_RespondentPostcode	1686845776975	1686845777271	293	OK
REQUEST	1	PRL_CitizenC100_500_RespondentSelectAddress	PRL_CitizenC100_500_005_RespondentSelectAddress	1686845777271	1686845777299	OK	 
REQUEST	1	PRL_CitizenC100_500_RespondentSelectAddress	PRL_CitizenC100_500_005_RespondentSelectAddress Redirect 1	1686845777299	1686845777345	OK	 
GROUP	1	PRL_CitizenC100_500_RespondentSelectAddress	1686845777271	1686845777396	123	OK
REQUEST	1	PRL_CitizenC100_510_RespondentAddress	PRL_CitizenC100_510_005_RespondentAddress	1686845777396	1686845777479	OK	 
REQUEST	1	PRL_CitizenC100_510_RespondentAddress	PRL_CitizenC100_510_005_RespondentAddress Redirect 1	1686845777479	1686845777518	OK	 
GROUP	1	PRL_CitizenC100_510_RespondentAddress	1686845777396	1686845777621	224	OK
REQUEST	1	PRL_CitizenC100_520_RespondentContact	PRL_CitizenC100_520_005_RespondentContact	1686845777622	1686845777658	OK	 
REQUEST	1	PRL_CitizenC100_520_RespondentContact	PRL_CitizenC100_520_005_RespondentContact Redirect 1	1686845777659	1686845777758	OK	 
GROUP	1	PRL_CitizenC100_520_RespondentContact	1686845777621	1686845777810	186	OK
REQUEST	1	PRL_CitizenC100_530_AnyoneElse	PRL_CitizenC100_530_005_AnyoneElse	1686845777810	1686845777985	OK	 
REQUEST	1	PRL_CitizenC100_530_AnyoneElse	PRL_CitizenC100_530_005_AnyoneElse Redirect 1	1686845777986	1686845778033	OK	 
GROUP	1	PRL_CitizenC100_530_AnyoneElse	1686845777810	1686845778116	303	OK
REQUEST	1	PRL_CitizenC100_540_ChildLiveWith	PRL_CitizenC100_540_005_ChildLiveWith	1686845778116	1686845778142	OK	 
REQUEST	1	PRL_CitizenC100_540_ChildLiveWith	PRL_CitizenC100_540_005_ChildLiveWith Redirect 1	1686845778142	1686845778196	OK	 
GROUP	1	PRL_CitizenC100_540_ChildLiveWith	1686845778116	1686845778274	157	OK
REQUEST	1	PRL_CitizenC100_550_InvolvedInCourt	PRL_CitizenC100_550_005_InvolvedInCourt	1686845778275	1686845778313	OK	 
REQUEST	1	PRL_CitizenC100_550_InvolvedInCourt	PRL_CitizenC100_550_005_InvolvedInCourt Redirect 1	1686845778314	1686845778359	OK	 
GROUP	1	PRL_CitizenC100_550_InvolvedInCourt	1686845778274	1686845778444	167	OK
REQUEST	1	PRL_CitizenC100_560_CourtCasesInfo	PRL_CitizenC100_560_005_CourtCasesInfo	1686845778444	1686845778481	OK	 
REQUEST	1	PRL_CitizenC100_560_CourtCasesInfo	PRL_CitizenC100_560_005_CourtCasesInfo Redirect 1	1686845778482	1686845778531	OK	 
GROUP	1	PRL_CitizenC100_560_CourtCasesInfo	1686845778444	1686845778596	149	OK
REQUEST	1	PRL_CitizenC100_570_DetailsOfCourtCases	PRL_CitizenC100_570_005_DetailsOfCourtCases	1686845778597	1686845778625	OK	 
REQUEST	1	PRL_CitizenC100_570_DetailsOfCourtCases	PRL_CitizenC100_570_005_DetailsOfCourtCases Redirect 1	1686845778626	1686845778669	OK	 
GROUP	1	PRL_CitizenC100_570_DetailsOfCourtCases	1686845778596	1686845778721	121	OK
REQUEST	1	PRL_CitizenC100_580_SafetyInfo	PRL_CitizenC100_580_005_SafetyInfo	1686845778721	1686845778770	OK	 
REQUEST	1	PRL_CitizenC100_580_SafetyInfo	PRL_CitizenC100_580_005_SafetyInfo Redirect 1	1686845778771	1686845778804	OK	 
GROUP	1	PRL_CitizenC100_580_SafetyInfo	1686845778721	1686845778850	126	OK
REQUEST	1	PRL_CitizenC100_590_SafetyConcerns	PRL_CitizenC100_590_005_SafetyConcerns	1686845778851	1686845778876	OK	 
REQUEST	1	PRL_CitizenC100_590_SafetyConcerns	PRL_CitizenC100_590_005_SafetyConcerns Redirect 1	1686845778877	1686845778925	OK	 
GROUP	1	PRL_CitizenC100_590_SafetyConcerns	1686845778851	1686845778985	132	OK
REQUEST	1	PRL_CitizenC100_600_ConcernedAbout	PRL_CitizenC100_600_005_ConcernedAbout	1686845778985	1686845779026	OK	 
REQUEST	1	PRL_CitizenC100_600_ConcernedAbout	PRL_CitizenC100_600_005_ConcernedAbout Redirect 1	1686845779027	1686845779102	OK	 
GROUP	1	PRL_CitizenC100_600_ConcernedAbout	1686845778985	1686845779194	207	OK
REQUEST	1	PRL_CitizenC100_610_TypeOfBehaviour	PRL_CitizenC100_610_005_TypeOfBehaviour	1686845779195	1686845779221	OK	 
REQUEST	1	PRL_CitizenC100_610_TypeOfBehaviour	PRL_CitizenC100_610_005_TypeOfBehaviour Redirect 1	1686845779222	1686845779276	OK	 
GROUP	1	PRL_CitizenC100_610_TypeOfBehaviour	1686845779194	1686845779332	134	OK
REQUEST	1	PRL_CitizenC100_620_DescribePyshicalAbuse	PRL_CitizenC100_620_005_DescribePyshicalAbuse	1686845779332	1686845779368	OK	 
REQUEST	1	PRL_CitizenC100_620_DescribePyshicalAbuse	PRL_CitizenC100_620_005_DescribePyshicalAbuse Redirect 1	1686845779369	1686845779426	OK	 
GROUP	1	PRL_CitizenC100_620_DescribePyshicalAbuse	1686845779332	1686845779520	185	OK
REQUEST	1	PRL_CitizenC100_630_ImpactedByDrug	PRL_CitizenC100_630_005_ImpactedByDrug	1686845779521	1686845779547	OK	 
REQUEST	1	PRL_CitizenC100_630_ImpactedByDrug	PRL_CitizenC100_630_005_ImpactedByDrug Redirect 1	1686845779548	1686845779592	OK	 
GROUP	1	PRL_CitizenC100_630_ImpactedByDrug	1686845779520	1686845779633	109	OK
REQUEST	1	PRL_CitizenC100_640_OtherConcerns	PRL_CitizenC100_640_005_OtherConcerns	1686845779633	1686845779666	OK	 
REQUEST	1	PRL_CitizenC100_640_OtherConcerns	PRL_CitizenC100_640_005_OtherConcerns Redirect 1	1686845779667	1686845779732	OK	 
GROUP	1	PRL_CitizenC100_640_OtherConcerns	1686845779633	1686845779786	150	OK
REQUEST	1	PRL_CitizenC100_650_KeepChildrenSafe	PRL_CitizenC100_650_005_KeepChildrenSafe	1686845779786	1686845779815	OK	 
REQUEST	1	PRL_CitizenC100_650_KeepChildrenSafe	PRL_CitizenC100_650_005_KeepChildrenSafe Redirect 1	1686845779815	1686845779880	OK	 
GROUP	1	PRL_CitizenC100_650_KeepChildrenSafe	1686845779786	1686845779924	136	OK
REQUEST	1	PRL_CitizenC100_660_ContactBetweenChildren	PRL_CitizenC100_660_005_ContactBetweenChildren	1686845779924	1686845779981	OK	 
REQUEST	1	PRL_CitizenC100_660_ContactBetweenChildren	PRL_CitizenC100_660_005_ContactBetweenChildren Redirect 1	1686845779982	1686845780036	OK	 
GROUP	1	PRL_CitizenC100_660_ContactBetweenChildren	1686845779924	1686845780116	189	OK
REQUEST	1	PRL_CitizenC100_670_ChildrenBasedOutsideEngland	PRL_CitizenC100_670_005_ChildrenBasedOutsideEngland	1686845780116	1686845780154	OK	 
REQUEST	1	PRL_CitizenC100_670_ChildrenBasedOutsideEngland	PRL_CitizenC100_670_005_ChildrenBasedOutsideEngland Redirect 1	1686845780155	1686845780187	OK	 
GROUP	1	PRL_CitizenC100_670_ChildrenBasedOutsideEngland	1686845780116	1686845780298	179	OK
REQUEST	1	PRL_CitizenC100_680_ParentsBasedOutsideEngland	PRL_CitizenC100_680_005_ParentsBasedOutsideEngland	1686845780299	1686845780323	OK	 
REQUEST	1	PRL_CitizenC100_680_ParentsBasedOutsideEngland	PRL_CitizenC100_680_005_ParentsBasedOutsideEngland Redirect 1	1686845780323	1686845780387	OK	 
GROUP	1	PRL_CitizenC100_680_ParentsBasedOutsideEngland	1686845780298	1686845780460	159	OK
REQUEST	1	PRL_CitizenC100_690_AnotherPersonApply	PRL_CitizenC100_690_005_AnotherPersonApply	1686845780460	1686845780499	OK	 
REQUEST	1	PRL_CitizenC100_690_AnotherPersonApply	PRL_CitizenC100_690_005_AnotherPersonApply Redirect 1	1686845780500	1686845780552	OK	 
GROUP	1	PRL_CitizenC100_690_AnotherPersonApply	1686845780460	1686845780607	144	OK
REQUEST	1	PRL_CitizenC100_700_AnotherCountryAsked	PRL_CitizenC100_700_005_AnotherCountryAsked	1686845780608	1686845780656	OK	 
REQUEST	1	PRL_CitizenC100_700_AnotherCountryAsked	PRL_CitizenC100_700_005_AnotherCountryAsked Redirect 1	1686845780656	1686845780733	OK	 
GROUP	1	PRL_CitizenC100_700_AnotherCountryAsked	1686845780607	1686845780799	189	OK
REQUEST	1	PRL_CitizenC100_710_TakePartInHearings	PRL_CitizenC100_710_005_TakePartInHearings	1686845780799	1686845780825	OK	 
REQUEST	1	PRL_CitizenC100_710_TakePartInHearings	PRL_CitizenC100_710_005_TakePartInHearings Redirect 1	1686845780826	1686845780885	OK	 
GROUP	1	PRL_CitizenC100_710_TakePartInHearings	1686845780799	1686845781013	211	OK
REQUEST	1	PRL_CitizenC100_720_LanguageRequirements	PRL_CitizenC100_720_005_LanguageRequirements	1686845781013	1686845781047	OK	 
REQUEST	1	PRL_CitizenC100_720_LanguageRequirements	PRL_CitizenC100_720_005_LanguageRequirements Redirect 1	1686845781047	1686845781082	OK	 
GROUP	1	PRL_CitizenC100_720_LanguageRequirements	1686845781013	1686845781283	269	OK
REQUEST	1	PRL_CitizenC100_730_SpecialArrangements	PRL_CitizenC100_730_005_SpecialArrangements	1686845781283	1686845781312	OK	 
REQUEST	1	PRL_CitizenC100_730_SpecialArrangements	PRL_CitizenC100_730_005_SpecialArrangements Redirect 1	1686845781312	1686845781354	OK	 
GROUP	1	PRL_CitizenC100_730_SpecialArrangements	1686845781283	1686845781455	170	OK
REQUEST	1	PRL_CitizenC100_740_NeedSupport	PRL_CitizenC100_740_005_NeedSupport	1686845781455	1686845781524	OK	 
REQUEST	1	PRL_CitizenC100_740_NeedSupport	PRL_CitizenC100_740_005_NeedSupport Redirect 1	1686845781525	1686845781557	OK	 
GROUP	1	PRL_CitizenC100_740_NeedSupport	1686845781455	1686845781615	157	OK
REQUEST	1	PRL_CitizenC100_750_DocumentsAlternativeFormat	PRL_CitizenC100_750_005_DocumentsAlternativeFormat	1686845781616	1686845781645	OK	 
REQUEST	1	PRL_CitizenC100_750_DocumentsAlternativeFormat	PRL_CitizenC100_750_005_DocumentsAlternativeFormat Redirect 1	1686845781646	1686845781819	OK	 
GROUP	1	PRL_CitizenC100_750_DocumentsAlternativeFormat	1686845781615	1686845781927	309	OK
REQUEST	1	PRL_CitizenC100_760_HelpWithPaying	PRL_CitizenC100_760_005_HelpWithPaying	1686845781927	1686845781964	OK	 
REQUEST	1	PRL_CitizenC100_760_HelpWithPaying	PRL_CitizenC100_760_005_HelpWithPaying Redirect 1	1686845781965	1686845784982	OK	 
GROUP	1	PRL_CitizenC100_760_HelpWithPaying	1686845781927	1686845785070	3139	OK
REQUEST	1	PRL_CitizenC100_770_CheckYourAnswers	PRL_CitizenC100_770_005_CheckYourAnswers	1686845785071	1686845786722	OK	 
GROUP	1	PRL_CitizenC100_770_CheckYourAnswers	1686845785071	1686845786723	1651	OK
REQUEST	1	PRL_CitizenC100_780_CheckYourAnswersRedirect	PRL_CitizenC100_780_005_CheckYourAnswersRedirect	1686845786723	1686845786839	OK	 
GROUP	1	PRL_CitizenC100_780_CheckYourAnswersRedirect	1686845786723	1686845786839	116	OK
REQUEST	1	PRL_CitizenC100_790_CheckYourAnswersFinal	PRL_CitizenC100_790_005_CheckYourAnswersFinal	1686845786839	1686845786937	OK	 
GROUP	1	PRL_CitizenC100_790_CheckYourAnswersFinal	1686845786839	1686845787076	233	OK
REQUEST	1	PRL_CitizenC100_800_EnterCardDetails	PRL_CitizenC100_800_005_EnterCardDetails	1686845787076	1686845787247	OK	 
REQUEST	1	PRL_CitizenC100_800_EnterCardDetails	PRL_CitizenC100_800_005_EnterCardDetails Redirect 1	1686845787248	1686845787304	OK	 
GROUP	1	PRL_CitizenC100_800_EnterCardDetails	1686845787076	1686845787306	228	OK
REQUEST	1	PRL_CitizenC100_810_FinalSubmit	PRL_CitizenC100_810_005_FinalSubmit	1686845787306	1686845787419	OK	 
GROUP	1	PRL_CitizenC100_810_FinalSubmit	1686845787306	1686845787420	113	OK
REQUEST	1	PRL_CitizenC100_811_FinalSubmitRedirect1	PRL_CitizenC100_811_005_FinalSubmitRedirect1	1686845787420	1686845787463	OK	 
GROUP	1	PRL_CitizenC100_811_FinalSubmitRedirect1	1686845787420	1686845787464	43	OK
REQUEST	1	PRL_CitizenC100_812_FinalSubmitRedirect2	PRL_CitizenC100_812_005_FinalSubmitRedirect2	1686845787464	1686845787486	OK	 
GROUP	1	PRL_CitizenC100_812_FinalSubmitRedirect2	1686845787464	1686845787486	22	OK
REQUEST	1	PRL_CitizenC100_813_FinalSubmitRedirect3	PRL_CitizenC100_813_005_FinalSubmitRedirect3	1686845787486	1686845787608	OK	 
GROUP	1	PRL_CitizenC100_813_FinalSubmitRedirect3	1686845787486	1686845787680	192	OK
REQUEST	1	PRL_CitizenC100_820_Logout	PRL_CitizenC100_820_005_Logout	1686845787682	1686845787741	OK	 
REQUEST	1	PRL_CitizenC100_820_Logout	PRL_CitizenC100_820_005_Logout Redirect 1	1686845787742	1686845787768	OK	 
REQUEST	1	PRL_CitizenC100_820_Logout	PRL_CitizenC100_820_005_Logout Redirect 2	1686845787769	1686845787853	OK	 
REQUEST	1	PRL_CitizenC100_820_Logout	PRL_CitizenC100_820_005_Logout Redirect 3	1686845787853	1686845787890	OK	 
REQUEST	1	PRL_CitizenC100_820_Logout	PRL_CitizenC100_820_005_Logout Redirect 4	1686845787890	1686845787976	OK	 
GROUP	1	PRL_CitizenC100_820_Logout	1686845787682	1686845788099	414	OK
REQUEST	1	XUI_999_Logout	XUI_999_005_Logout	1686845788100	1686845788199	OK	 
REQUEST	1	XUI_999_Logout	XUI_999_005_Logout Redirect 1	1686845788199	1686845788245	OK	 
GROUP	1	XUI_999_Logout	1686845788100	1686845789061	960	OK
USER	***** Private Law Create Case *****	1	END	1686845736490	1686845789065
