ASSERTION	AAECAAIFAAAAAAAAAFlA
RUN	simulations.PRL_Simulation	prl-simulation	1704816422786	 	3.9.5
USER	***** PRL Citizen Journey *****	START	1704816423482
REQUEST	XUI_010_Homepage	XUI_010_005_Homepage	1704816423491	1704816424234	OK	 
REQUEST	XUI_010_Homepage	XUI_Common_000_ConfigurationUI	1704816436306	1704816436432	OK	 
REQUEST	XUI_010_Homepage	XUI_Common_000_ConfigJson	1704816436439	1704816436534	OK	 
REQUEST	XUI_010_Homepage	XUI_Common_000_TsAndCs	1704816436536	1704816436673	OK	 
REQUEST	XUI_010_Homepage	XUI_Common_000_ConfigUI	1704816436676	1704816436766	OK	 
REQUEST	XUI_010_Homepage	XUI_Common_000_UserDetails	1704816436768	1704816436856	OK	 
REQUEST	XUI_010_Homepage	XUI_Common_000_IsAuthenticated	1704816436859	1704816436971	OK	 
REQUEST	XUI_010_Homepage	XUI_010_010_AuthLogin	1704816436976	1704816437150	OK	 
REQUEST	XUI_010_Homepage	XUI_010_010_AuthLogin Redirect 1	1704816437156	1704816437598	OK	 
REQUEST	XUI_010_Homepage	XUI_010_010_AuthLogin Redirect 2	1704816437599	1704816437839	OK	 
GROUP	XUI_010_Homepage	1704816423483	1704816447749	24137	OK
REQUEST	XUI_020_Login	XUI_020_005_Login	1704816447761	1704816447906	OK	 
REQUEST	XUI_020_Login	XUI_020_005_Login Redirect 1	1704816447908	1704816448483	OK	 
REQUEST	XUI_020_Login	XUI_020_005_Login Redirect 2	1704816448487	1704816448595	OK	 
REQUEST	XUI_020_Login	XUI_Common_000_ConfigurationUI	1704816469237	1704816469367	OK	 
REQUEST	XUI_020_Login	XUI_Common_000_ConfigJson	1704816469369	1704816469519	OK	 
REQUEST	XUI_020_Login	XUI_Common_000_TsAndCs	1704816469521	1704816469658	OK	 
REQUEST	XUI_020_Login	XUI_Common_000_ConfigUI	1704816469659	1704816469780	OK	 
REQUEST	XUI_020_Login	XUI_Common_000_UserDetails	1704816469782	1704816469941	OK	 
REQUEST	XUI_020_Login	XUI_Common_000_IsAuthenticated	1704816469943	1704816470371	OK	 
REQUEST	XUI_020_Login	XUI_Common_000_MonitoringTools	1704816470373	1704816470470	OK	 
GROUP	XUI_020_Login	1704816447750	1704816470508	22688	OK
REQUEST	XUI_PRL_030_SelectCase	XUI_PRL_040_005_SelectIssue	1704816470511	1704816473801	OK	 
REQUEST	XUI_PRL_030_SelectCase	XUI_Common_000_UserDetails	1704816473819	1704816474126	OK	 
GROUP	XUI_PRL_030_SelectCase	1704816470509	1704816474130	3597	OK
REQUEST	XUI_PRL_050_LocalCourt	XUI_PRL_050_005_LocalCourt	1704816474137	1704816475379	OK	 
REQUEST	XUI_PRL_050_LocalCourt	XUI_Common_000_UserDetails	1704816475382	1704816475722	OK	 
GROUP	XUI_PRL_050_LocalCourt	1704816474130	1704816475725	1582	OK
REQUEST	XUI_PRL_060_LocalCourtSubmit	XUI_PRL_060_005_LocalCourtSubmit	1704816475726	1704816495452	OK	 
REQUEST	XUI_PRL_060_LocalCourtSubmit	XUI_Common_000_UserDetails	1704816495462	1704816495596	OK	 
GROUP	XUI_PRL_060_LocalCourtSubmit	1704816475725	1704816495597	19860	OK
REQUEST	XUI_PRL_070_SendToGateKeeper	XUI_PRL_070_005_SendToGateKeeper	1704816495599	1704816498738	OK	 
REQUEST	XUI_PRL_070_SendToGateKeeper	XUI_Common_000_UserDetails	1704816498752	1704816498930	OK	 
GROUP	XUI_PRL_070_SendToGateKeeper	1704816495597	1704816498930	3317	OK
REQUEST	XUI_PRL_080_AddGateKeeper	XUI_PRL_080_005_AddGateKeeper	1704816498931	1704816499912	OK	 
GROUP	XUI_PRL_080_AddGateKeeper	1704816498931	1704816499913	981	OK
REQUEST	XUI_PRL_090_GateKeeperSubmit	XUI_PRL_090_005_GateKeeperSubmit	1704816499913	1704816504627	OK	 
GROUP	XUI_PRL_090_GateKeeperSubmit	1704816499913	1704816504630	4714	OK
REQUEST	XUI_PRL_180_ServiceOfApplication	XUI_PRL_180_005_ServiceOfApplication	1704816504631	1704816506675	OK	 
REQUEST	XUI_PRL_180_ServiceOfApplication	XUI_Common_000_UserDetails	1704816506701	1704816506792	OK	 
GROUP	XUI_PRL_180_ServiceOfApplication	1704816504630	1704816506793	2135	OK
REQUEST	XUI_PRL_190_PD36QUpload	XUI_PRL_190_005_PD36QUpload	1704816506802	1704816507170	OK	 
GROUP	XUI_PRL_190_PD36QUpload	1704816506793	1704816507173	368	OK
REQUEST	XUI_PRL_200_SpecialArrangementsUpload	XUI_PRL_200_005_SpecialArrangementsUpload	1704816507177	1704816507629	OK	 
GROUP	XUI_PRL_200_SpecialArrangementsUpload	1704816507173	1704816507631	452	OK
REQUEST	XUI_PRL_210_AdditionalDocumentsUpload	XUI_PRL_210_005_AdditionalDocumentsUpload	1704816507633	1704816508525	OK	 
GROUP	XUI_PRL_210_AdditionalDocumentsUpload	1704816507631	1704816508527	892	OK
REQUEST	XUI_PRL_220_DocumentUpload	XUI_PRL_220_005_DocumentUpload	1704816508528	1704816509556	OK	 
GROUP	XUI_PRL_220_DocumentUpload	1704816508527	1704816509557	1028	OK
REQUEST	XUI_PRL_230_PersonallyServed	XUI_PRL_230_005_PersonallyServed	1704816509558	1704816510758	OK	 
GROUP	XUI_PRL_230_PersonallyServed	1704816509557	1704816510759	1200	OK
REQUEST	XUI_PRL_240_ServiceSubmit	XUI_PRL_240_005_ServiceSubmit	1704816510760	1704816519322	OK	 
GROUP	XUI_PRL_240_ServiceSubmit	1704816510759	1704816519329	8562	KO
USER	***** PRL Citizen Journey *****	END	1704816519339
