ASSERTION	AAECAAIFAAAAAAAAAFlA
RUN	simulations.PRL_Simulation	prl-simulation	1709032402736	 	3.9.5
USER	***** PRL Citizen Journey *****	START	1709032403359
REQUEST	XUI_010_Homepage	XUI_010_005_Homepage	1709032403369	1709032403517	OK	 
REQUEST	XUI_010_Homepage	XUI_Common_000_ConfigurationUI	1709032404613	1709032404651	OK	 
REQUEST	XUI_010_Homepage	XUI_Common_000_ConfigJson	1709032404653	1709032404694	OK	 
REQUEST	XUI_010_Homepage	XUI_Common_000_TsAndCs	1709032404695	1709032404763	OK	 
REQUEST	XUI_010_Homepage	XUI_Common_000_ConfigUI	1709032404763	1709032404800	OK	 
REQUEST	XUI_010_Homepage	XUI_Common_000_UserDetails	1709032404801	1709032405715	OK	 
REQUEST	XUI_010_Homepage	XUI_Common_000_IsAuthenticated	1709032405716	1709032405742	OK	 
REQUEST	XUI_010_Homepage	XUI_010_010_AuthLogin	1709032405749	1709032405783	OK	 
REQUEST	XUI_010_Homepage	XUI_010_010_AuthLogin Redirect 1	1709032405784	1709032405869	OK	 
REQUEST	XUI_010_Homepage	XUI_010_010_AuthLogin Redirect 2	1709032405870	1709032405964	OK	 
GROUP	XUI_010_Homepage	1709032403361	1709032406186	2730	OK
REQUEST	XUI_020_Login	XUI_020_005_Login	1709032406189	1709032406356	OK	 
REQUEST	XUI_020_Login	XUI_020_005_Login Redirect 1	1709032406357	1709032407762	OK	 
REQUEST	XUI_020_Login	XUI_020_005_Login Redirect 2	1709032407763	1709032408056	OK	 
REQUEST	XUI_020_Login	XUI_Common_000_ConfigurationUI	1709032409101	1709032409134	OK	 
REQUEST	XUI_020_Login	XUI_Common_000_ConfigJson	1709032409135	1709032409205	OK	 
REQUEST	XUI_020_Login	XUI_Common_000_TsAndCs	1709032409205	1709032409241	OK	 
REQUEST	XUI_020_Login	XUI_Common_000_ConfigUI	1709032409241	1709032409275	OK	 
REQUEST	XUI_020_Login	XUI_Common_000_UserDetails	1709032409276	1709032410105	OK	 
REQUEST	XUI_020_Login	XUI_Common_000_IsAuthenticated	1709032410105	1709032410170	OK	 
REQUEST	XUI_020_Login	XUI_Common_000_MonitoringTools	1709032410171	1709032410228	OK	 
GROUP	XUI_020_Login	1709032406186	1709032410244	4032	OK
REQUEST	XUI_PRL_030_CreateCaseStart	XUI_PRL_030_005_CreateCaseStart	1709032410247	1709032413002	OK	 
GROUP	XUI_PRL_030_CreateCaseStart	1709032410245	1709032413008	2755	OK
REQUEST	XUI_PRL_031_Type_Of_Application	XUI_PRL_031_005_Type_Of_Application	1709032413009	1709032413911	OK	 
GROUP	XUI_PRL_031_Type_Of_Application	1709032413008	1709032413911	902	OK
REQUEST	XUI_PRL_032_ApplicationCheckYourAnswers	XUI_PRL_032_005_ApplicationCheckYourAnswers	1709032413912	1709032427995	OK	 
GROUP	XUI_PRL_032_ApplicationCheckYourAnswers	1709032413911	1709032428004	14083	OK
REQUEST	XUI_PRL_033_ApplicationDetails	XUI_PRL_033_005_ApplicationDetails	1709032428005	1709032430015	OK	 
GROUP	XUI_PRL_033_ApplicationDetails	1709032428004	1709032430044	2010	OK
REQUEST	XUI_PRL_034_EnterApplicationDetails	XUI_PRL_034_005_EnterApplicationDetails	1709032430045	1709032430845	OK	 
GROUP	XUI_PRL_034_EnterApplicationDetails	1709032430044	1709032430845	800	OK
REQUEST	XUI_PRL_035_SubmitApplicationDetails	XUI_PRL_035_005_SubmitApplicationDetails	1709032430845	1709032453375	OK	 
GROUP	XUI_PRL_035_SubmitApplicationDetails	1709032430845	1709032453376	22530	OK
REQUEST	XUI_PRL_036_SubmitAndPay	XUI_PRL_036_005_SubmitAndPay	1709032453377	1709032463917	OK	 
GROUP	XUI_PRL_036_SubmitAndPay	1709032453376	1709032463930	10540	OK
REQUEST	XUI_PRL_037_ConfidentialityStatement	XUI_PRL_037_005_ConfidentialityStatement	1709032463930	1709032464903	OK	 
GROUP	XUI_PRL_037_ConfidentialityStatement	1709032463930	1709032464903	973	OK
REQUEST	XUI_PRL_038_Declaration	XUI_PRL_038_005_Declaration	1709032464903	1709032465784	OK	 
GROUP	XUI_PRL_038_Declaration	1709032464903	1709032465784	881	OK
REQUEST	XUI_PRL_039_Continue	XUI_PRL_039_005_Continue	1709032465784	1709032467087	OK	 
GROUP	XUI_PRL_039_Continue	1709032465784	1709032467088	1303	OK
REQUEST	XUI_PRL_040_Continue	XUI_PRL_039_005_Continue	1709032467088	1709032483694	OK	 
GROUP	XUI_PRL_040_Continue	1709032467088	1709032483696	16606	OK
REQUEST	XUI_PRL_041_DummyPaymentConfirmation 	XUI_PRL_041_005_DummyPaymentConfirmation 	1709032483696	1709032484994	OK	 
GROUP	XUI_PRL_041_DummyPaymentConfirmation 	1709032483696	1709032484994	1298	OK
REQUEST	XUI_PRL_042_PaymentOption	XUI_PRL_042_005_PaymentOption	1709032484994	1709032488207	OK	 
GROUP	XUI_PRL_042_PaymentOption	1709032484994	1709032488209	3213	OK
REQUEST	XUI_PRL_043_PaymentOption	XUI_PRL_043_005_PaymentOption	1709032488209	1709032488358	OK	 
REQUEST	XUI_PRL_043_PaymentOption	XUI_PRL_043_005_PaymentOption Redirect 1	1709032488358	1709032488447	OK	 
GROUP	XUI_PRL_043_PaymentOption	1709032488209	1709032488619	401	OK
REQUEST	XUI_PRL_044_CardDetails	XUI_PRL_044_005_CardDetails	1709032488619	1709032488772	OK	 
REQUEST	XUI_PRL_044_CardDetails	XUI_PRL_044_005_CardDetails Redirect 1	1709032488772	1709032488845	OK	 
GROUP	XUI_PRL_044_CardDetails	1709032488619	1709032488849	227	OK
REQUEST	XUI_PRL_045_ConfirmPayment	XUI_PRL_045_005_ConfirmPayment	1709032488849	1709032488946	OK	 
REQUEST	XUI_PRL_045_ConfirmPayment	XUI_PRL_045_005_ConfirmPayment Redirect 1	1709032488947	1709032488993	OK	 
REQUEST	XUI_PRL_045_ConfirmPayment	XUI_PRL_045_005_ConfirmPayment Redirect 2	1709032488997	1709032493987	KO	substring(Payment successful).find.exists, found nothing
GROUP	XUI_PRL_045_ConfirmPayment	1709032488849	1709032494005	5133	KO
USER	***** PRL Citizen Journey *****	END	1709032494009
