ASSERTION	AAECAAIFAAAAAAAAAFlA
RUN	simulations.PRL_Simulation	prl-simulation	1697544056759	 	3.9.5
USER	***** Private Law Create Case *****	START	1697544057150
REQUEST	XUI_010_Homepage	XUI_010_005_Homepage	1697544057159	1697544057258	OK	 
REQUEST	XUI_010_Homepage	XUI_Common_000_ConfigurationUI	1697544057947	1697544057989	OK	 
REQUEST	XUI_010_Homepage	XUI_Common_000_ConfigJson	1697544057991	1697544058010	OK	 
REQUEST	XUI_010_Homepage	XUI_Common_000_TsAndCs	1697544058010	1697544058069	OK	 
REQUEST	XUI_010_Homepage	XUI_Common_000_ConfigUI	1697544058069	1697544058128	OK	 
REQUEST	XUI_010_Homepage	XUI_Common_000_UserDetails	1697544058129	1697544058167	OK	 
REQUEST	XUI_010_Homepage	XUI_Common_000_IsAuthenticated	1697544058167	1697544058832	OK	 
REQUEST	XUI_010_Homepage	XUI_010_010_AuthLogin	1697544058833	1697544058886	OK	 
REQUEST	XUI_010_Homepage	XUI_010_010_AuthLogin Redirect 1	1697544058890	1697544058964	OK	 
REQUEST	XUI_010_Homepage	XUI_010_010_AuthLogin Redirect 2	1697544058968	1697544059029	OK	 
GROUP	XUI_010_Homepage	1697544057151	1697544063205	5977	OK
REQUEST	XUI_020_Login	XUI_020_005_Login	1697544063209	1697544063629	OK	 
REQUEST	XUI_020_Login	XUI_020_005_Login Redirect 1	1697544063633	1697544064188	OK	 
REQUEST	XUI_020_Login	XUI_020_005_Login Redirect 2	1697544064193	1697544064260	OK	 
REQUEST	XUI_020_Login	XUI_Common_000_ConfigurationUI	1697544064793	1697544064901	OK	 
REQUEST	XUI_020_Login	XUI_Common_000_ConfigJson	1697544064902	1697544064942	OK	 
REQUEST	XUI_020_Login	XUI_Common_000_TsAndCs	1697544064943	1697544064970	OK	 
REQUEST	XUI_020_Login	XUI_Common_000_ConfigUI	1697544064971	1697544065037	OK	 
REQUEST	XUI_020_Login	XUI_Common_000_UserDetails	1697544065039	1697544065614	OK	 
REQUEST	XUI_020_Login	XUI_Common_000_IsAuthenticated	1697544065616	1697544065650	OK	 
REQUEST	XUI_020_Login	XUI_Common_000_MonitoringTools	1697544065652	1697544065693	OK	 
GROUP	XUI_020_Login	1697544063206	1697544065714	2460	OK
REQUEST	XUI_PRL_030_CreateCaseStart	XUI_PRL_030_005_CreateCaseStart	1697544065717	1697544068020	OK	 
GROUP	XUI_PRL_030_CreateCaseStart	1697544065715	1697544068029	2303	OK
REQUEST	XUI_PRL_031_Type_Of_Application	XUI_PRL_031_005_Type_Of_Application	1697544068032	1697544068776	OK	 
GROUP	XUI_PRL_031_Type_Of_Application	1697544068029	1697544068776	744	OK
REQUEST	XUI_PRL_032_ApplicationCheckYourAnswers	XUI_PRL_032_005_ApplicationCheckYourAnswers	1697544068776	1697544076502	OK	 
GROUP	XUI_PRL_032_ApplicationCheckYourAnswers	1697544068776	1697544076511	7726	OK
REQUEST	XUI_PRL_033_ApplicationDetails	XUI_PRL_033_005_ApplicationDetails	1697544076512	1697544077761	OK	 
GROUP	XUI_PRL_033_ApplicationDetails	1697544076511	1697544077799	1249	OK
REQUEST	XUI_PRL_034_EnterApplicationDetails	XUI_PRL_034_005_EnterApplicationDetails	1697544077800	1697544078664	OK	 
GROUP	XUI_PRL_034_EnterApplicationDetails	1697544077799	1697544078665	864	OK
REQUEST	XUI_PRL_035_SubmitApplicationDetails	XUI_PRL_035_005_SubmitApplicationDetails	1697544078667	1697544083646	OK	 
GROUP	XUI_PRL_035_SubmitApplicationDetails	1697544078666	1697544083648	4979	OK
REQUEST	XUI_PRL_036_SubmitAndPay	XUI_PRL_036_005_SubmitAndPay	1697544083648	1697544092636	OK	 
GROUP	XUI_PRL_036_SubmitAndPay	1697544083648	1697544092649	8988	OK
REQUEST	XUI_PRL_037_ConfidentialityStatement	XUI_PRL_037_005_ConfidentialityStatement	1697544092650	1697544093454	OK	 
GROUP	XUI_PRL_037_ConfidentialityStatement	1697544092649	1697544093454	804	OK
REQUEST	XUI_PRL_038_Declaration	XUI_PRL_038_005_Declaration	1697544093455	1697544093967	OK	 
GROUP	XUI_PRL_038_Declaration	1697544093455	1697544093968	512	OK
REQUEST	XUI_PRL_039_Continue	XUI_PRL_039_005_Continue	1697544093970	1697544094786	OK	 
GROUP	XUI_PRL_039_Continue	1697544093968	1697544094787	816	OK
REQUEST	XUI_PRL_040_DummyPaymentConfirmation 	XUI_PRL_040_005_DummyPaymentConfirmation 	1697544094787	1697544094921	KO	status.find.in([200, 209], 304), found 403
GROUP	XUI_PRL_040_DummyPaymentConfirmation 	1697544094787	1697544094927	134	KO
USER	***** Private Law Create Case *****	END	1697544094931
