ASSERTION	AAECAAMFAAAAAAAAAFlA
RUN	simulations.PRL_Simulation	prl-simulation	1687777591225	 	3.3.1
USER	***** Private Law Create Case *****	1	START	1687777592568	1687777592568
REQUEST	1	PRL_Citizen_010_PRLHome	PRL_Citizen_010_005_PRLHome	1687777592591	1687777594172	OK	 
REQUEST	1	PRL_Citizen_010_PRLHome	PRL_Citizen_010_005_PRLHome Redirect 1	1687777594184	1687777594361	OK	 
REQUEST	1	PRL_Citizen_010_PRLHome	PRL_Citizen_010_005_PRLHome Redirect 2	1687777594362	1687777596057	OK	 
REQUEST	1	PRL_Citizen_010_PRLHome	PRL_Citizen_010_005_PRLHome Redirect 3	1687777596058	1687777596380	OK	 
GROUP	1	PRL_Citizen_010_PRLHome	1687777592573	1687777598938	6281	OK
REQUEST	1	PRL_Citizen_020_Login	PRL_Citizen_020_005_Login	1687777598941	1687777599450	OK	 
REQUEST	1	PRL_Citizen_020_Login	PRL_Citizen_020_005_Login Redirect 1	1687777599452	1687777599962	OK	 
REQUEST	1	PRL_Citizen_020_Login	PRL_Citizen_020_005_Login Redirect 2	1687777599963	1687777606595	OK	 
GROUP	1	PRL_Citizen_020_Login	1687777598938	1687777621170	22219	OK
REQUEST	1	PRL_Citizen_030_C100StartApplication	PRL_Citizen_030_005_C100StartApplication	1687777621171	1687777621450	OK	 
GROUP	1	PRL_Citizen_030_C100StartApplication	1687777621170	1687777621800	624	OK
REQUEST	1	PRL_Citizen_040_StartTheApplicationC100	PRL_Citizen_040_005_StartTheApplicationC100	1687777621801	1687777621932	OK	 
GROUP	1	PRL_Citizen_040_StartTheApplicationC100	1687777621801	1687777623413	1610	OK
REQUEST	1	PRL_Citizen_041_Dashboard	PRL_Citizen_041_005_Dashboard	1687777623413	1687777623601	OK	 
REQUEST	1	PRL_Citizen_041_Dashboard	PRL_Citizen_041_005_Dashboard Redirect 1	1687777623602	1687777627798	OK	 
GROUP	1	PRL_Citizen_041_Dashboard	1687777623413	1687777629957	6540	OK
REQUEST	1	PRL_Citizen_042_ActivateAccessCode	PRL_Citizen_042_005_ActivateAccessCode	1687777629957	1687777630589	OK	 
GROUP	1	PRL_Citizen_042_ActivateAccessCode	1687777629957	1687777631114	1154	OK
REQUEST	1	PRL_Citizen_043_CaseAdded	PRL_Citizen_043_005_AccessYourCase	1687777631115	1687777635190	OK	 
REQUEST	1	PRL_Citizen_043_CaseAdded	PRL_Citizen_043_005_AccessYourCase Redirect 1	1687777635192	1687777648402	OK	 
GROUP	1	PRL_Citizen_043_CaseAdded	1687777631114	1687777648881	17762	OK
REQUEST	1	PRL_Citizen_044_AccessCodeContinue	PRL_Citizen_044_005_AccessCodeContinue	1687777648881	1687777649083	OK	 
REQUEST	1	PRL_Citizen_044_AccessCodeContinue	PRL_Citizen_044_005_AccessCodeContinue Redirect 1	1687777649084	1687777650038	KO	substring(Case added to your account).find.exists, found nothing
GROUP	1	PRL_Citizen_044_AccessCodeContinue	1687777648881	1687777650041	1156	KO
USER	***** Private Law Create Case *****	1	END	1687777592568	1687777650046
