ASSERTION	AAECAAIFAAAAAAAAAFlA
RUN	simulations.PRL_Simulation	prl-simulation	1711453266084	 	3.9.5
USER	***** PRL Citizen Journey *****	START	1711453266655
REQUEST	PRL_CitizenC100_010_PRLHome	PRL_CitizenC100_010_005_PRLHome	1711453266675	1711453271397	OK	 
REQUEST	PRL_CitizenC100_010_PRLHome	PRL_CitizenC100_010_005_PRLHome Redirect 1	1711453271404	1711453271691	OK	 
REQUEST	PRL_CitizenC100_010_PRLHome	PRL_CitizenC100_010_005_PRLHome Redirect 2	1711453271693	1711453271998	OK	 
REQUEST	PRL_CitizenC100_010_PRLHome	PRL_CitizenC100_010_005_PRLHome Redirect 3	1711453271999	1711453272108	OK	 
GROUP	PRL_CitizenC100_010_PRLHome	1711453266656	1711453272402	5667	OK
REQUEST	PRL_CitizenC100_020_Login	PRL_CitizenC100_020_005_Login	1711453272405	1711453272536	OK	 
REQUEST	PRL_CitizenC100_020_Login	PRL_CitizenC100_020_005_Login Redirect 1	1711453272537	1711453273124	OK	 
REQUEST	PRL_CitizenC100_020_Login	PRL_CitizenC100_020_005_Login Redirect 2	1711453273127	1711453277228	OK	 
GROUP	PRL_CitizenC100_020_Login	1711453272402	1711453277368	4954	OK
REQUEST	PRL_CitizenC100_025_ChildArrangementsApplication	PRL_CitizenC100_025_005_ChildArrangementsApplication	1711453277369	1711453277801	OK	 
GROUP	PRL_CitizenC100_025_ChildArrangementsApplication	1711453277369	1711453277977	605	OK
REQUEST	PRL_CitizenC100_030_StartApplication	PRL_CitizenC100_030_005_StartApplication	1711453277978	1711453278553	OK	 
GROUP	PRL_CitizenC100_030_StartApplication	1711453277978	1711453278679	696	OK
REQUEST	PRL_CitizenC100_040_WhatYouWillNeed	PRL_CitizenC100_040_005_WhatYouWillNeed	1711453278680	1711453290326	OK	 
REQUEST	PRL_CitizenC100_040_WhatYouWillNeed	PRL_CitizenC100_040_005_WhatYouWillNeed Redirect 1	1711453290326	1711453290482	OK	 
GROUP	PRL_CitizenC100_040_WhatYouWillNeed	1711453278679	1711453290631	11944	OK
REQUEST	PRL_CitizenC100_060_ChildrenPostCode	PRL_CitizenC100_060_005_ChildrenPostCode	1711453290632	1711453290730	OK	 
REQUEST	PRL_CitizenC100_060_ChildrenPostCode	PRL_CitizenC100_060_005_ChildrenPostCode Redirect 1	1711453290731	1711453290790	OK	 
GROUP	PRL_CitizenC100_060_ChildrenPostCode	1711453290631	1711453290932	296	OK
REQUEST	PRL_CitizenC100_070_WrittenAgreement	PRL_CitizenC100_070_005_WrittenAgreement	1711453290933	1711453290994	OK	 
REQUEST	PRL_CitizenC100_070_WrittenAgreement	PRL_CitizenC100_070_005_WrittenAgreement Redirect 1	1711453290995	1711453291060	OK	 
GROUP	PRL_CitizenC100_070_WrittenAgreement	1711453290932	1711453291145	207	OK
REQUEST	PRL_CitizenC100_080_BeforeCourt	PRL_CitizenC100_080_005_BeforeCourt	1711453291146	1711453291237	OK	 
REQUEST	PRL_CitizenC100_080_BeforeCourt	PRL_CitizenC100_080_005_BeforeCourt Redirect 1	1711453291238	1711453291376	OK	 
GROUP	PRL_CitizenC100_080_BeforeCourt	1711453291146	1711453291470	318	OK
REQUEST	PRL_CitizenC100_090_ReachAgreement	PRL_CitizenC100_090_005_ReachAgreement	1711453291470	1711453291524	OK	 
REQUEST	PRL_CitizenC100_090_ReachAgreement	PRL_CitizenC100_090_005_ReachAgreement Redirect 1	1711453291525	1711453291621	OK	 
GROUP	PRL_CitizenC100_090_ReachAgreement	1711453291470	1711453291702	226	OK
REQUEST	PRL_CitizenC100_100_LegalRep	PRL_CitizenC100_100_005_LegalRep	1711453291703	1711453291759	OK	 
REQUEST	PRL_CitizenC100_100_LegalRep	PRL_CitizenC100_100_005_LegalRep Redirect 1	1711453291760	1711453291824	OK	 
GROUP	PRL_CitizenC100_100_LegalRep	1711453291702	1711453291925	217	OK
REQUEST	PRL_CitizenC100_110_PermissionFromCourt	PRL_CitizenC100_110_005_PermissionFromCourt	1711453291925	1711453292003	OK	 
REQUEST	PRL_CitizenC100_110_PermissionFromCourt	PRL_CitizenC100_110_005_PermissionFromCourt Redirect 1	1711453292004	1711453292057	OK	 
GROUP	PRL_CitizenC100_110_PermissionFromCourt	1711453291925	1711453292263	333	OK
REQUEST	PRL_CitizenC100_120_WhyPermissionFromCourt	PRL_CitizenC100_120_005_WhyPermissionFromCourt	1711453292264	1711453292375	OK	 
REQUEST	PRL_CitizenC100_120_WhyPermissionFromCourt	PRL_CitizenC100_120_005_WhyPermissionFromCourt Redirect 1	1711453292376	1711453292480	OK	 
GROUP	PRL_CitizenC100_120_WhyPermissionFromCourt	1711453292263	1711453292710	441	OK
REQUEST	PRL_CitizenC100_130_WhyCourtShouldGrant	PRL_CitizenC100_130_005_WhyCourtShouldGrant	1711453292711	1711453292988	OK	 
REQUEST	PRL_CitizenC100_130_WhyCourtShouldGrant	PRL_CitizenC100_130_005_WhyCourtShouldGrant Redirect 1	1711453292989	1711453293087	OK	 
GROUP	PRL_CitizenC100_130_WhyCourtShouldGrant	1711453292710	1711453293329	613	OK
REQUEST	PRL_CitizenC100_140_InvolvedInEmergencyProtection	PRL_CitizenC100_140_005_InvolvedInEmergencyProtection	1711453293330	1711453293476	OK	 
REQUEST	PRL_CitizenC100_140_InvolvedInEmergencyProtection	PRL_CitizenC100_140_005_InvolvedInEmergencyProtection Redirect 1	1711453293477	1711453293575	OK	 
GROUP	PRL_CitizenC100_140_InvolvedInEmergencyProtection	1711453293330	1711453293735	400	OK
REQUEST	PRL_CitizenC100_150_AttendingMIAM	PRL_CitizenC100_150_005_AttendingMIAM	1711453293736	1711453293842	OK	 
REQUEST	PRL_CitizenC100_150_AttendingMIAM	PRL_CitizenC100_150_005_AttendingMIAM Redirect 1	1711453293843	1711453293956	OK	 
GROUP	PRL_CitizenC100_150_AttendingMIAM	1711453293735	1711453294181	441	OK
REQUEST	PRL_CitizenC100_160_AttendedMIAM	PRL_CitizenC100_160_005_AttendedMIAM	1711453294182	1711453294265	OK	 
REQUEST	PRL_CitizenC100_160_AttendedMIAM	PRL_CitizenC100_160_005_AttendedMIAM Redirect 1	1711453294267	1711453294339	OK	 
GROUP	PRL_CitizenC100_160_AttendedMIAM	1711453294181	1711453294785	600	OK
REQUEST	PRL_CitizenC100_170_DocumentSigned	PRL_CitizenC100_170_005_DocumentSigned	1711453294786	1711453294856	OK	 
REQUEST	PRL_CitizenC100_170_DocumentSigned	PRL_CitizenC100_170_005_DocumentSigned Redirect 1	1711453294857	1711453295078	OK	 
GROUP	PRL_CitizenC100_170_DocumentSigned	1711453294785	1711453295356	563	OK
REQUEST	PRL_CitizenC100_180_MIAMUpload	PRL_CitizenC100_180_005_MIAMUpload	1711453295365	1711453296879	KO	substring(3MB.pdf).find.exists, found nothing
GROUP	PRL_CitizenC100_180_MIAMUpload	1711453295356	1711453296887	1514	KO
USER	***** PRL Citizen Journey *****	END	1711453296889
