ASSERTION	AAECAAIFAAAAAAAAAFlA
RUN	simulations.PRL_Simulation	prl-simulation	1704885847691	 	3.9.5
USER	***** PRL Citizen Journey *****	START	1704885848096
REQUEST	XUI_010_Homepage	XUI_010_005_Homepage	1704885848104	1704885848275	OK	 
REQUEST	XUI_010_Homepage	XUI_Common_000_ConfigurationUI	1704885856635	1704885856691	OK	 
REQUEST	XUI_010_Homepage	XUI_Common_000_ConfigJson	1704885856694	1704885856754	OK	 
REQUEST	XUI_010_Homepage	XUI_Common_000_TsAndCs	1704885856755	1704885856803	OK	 
REQUEST	XUI_010_Homepage	XUI_Common_000_ConfigUI	1704885856805	1704885857038	OK	 
REQUEST	XUI_010_Homepage	XUI_Common_000_UserDetails	1704885857041	1704885857093	OK	 
REQUEST	XUI_010_Homepage	XUI_Common_000_IsAuthenticated	1704885857095	1704885857140	OK	 
REQUEST	XUI_010_Homepage	XUI_010_010_AuthLogin	1704885857147	1704885857195	OK	 
REQUEST	XUI_010_Homepage	XUI_010_010_AuthLogin Redirect 1	1704885857200	1704885857345	OK	 
REQUEST	XUI_010_Homepage	XUI_010_010_AuthLogin Redirect 2	1704885857348	1704885857446	OK	 
GROUP	XUI_010_Homepage	1704885848097	1704885857988	9787	OK
REQUEST	XUI_020_Login	XUI_020_005_Login	1704885857992	1704885858135	OK	 
REQUEST	XUI_020_Login	XUI_020_005_Login Redirect 1	1704885858136	1704885859594	OK	 
REQUEST	XUI_020_Login	XUI_020_005_Login Redirect 2	1704885859602	1704885859667	OK	 
REQUEST	XUI_020_Login	XUI_Common_000_ConfigurationUI	1704885868591	1704885868633	OK	 
REQUEST	XUI_020_Login	XUI_Common_000_ConfigJson	1704885868636	1704885868691	OK	 
REQUEST	XUI_020_Login	XUI_Common_000_TsAndCs	1704885868695	1704885868836	OK	 
REQUEST	XUI_020_Login	XUI_Common_000_ConfigUI	1704885868840	1704885868886	OK	 
REQUEST	XUI_020_Login	XUI_Common_000_UserDetails	1704885868889	1704885869836	OK	 
REQUEST	XUI_020_Login	XUI_Common_000_IsAuthenticated	1704885869839	1704885869919	OK	 
REQUEST	XUI_020_Login	XUI_Common_000_MonitoringTools	1704885869923	1704885870005	OK	 
GROUP	XUI_020_Login	1704885857989	1704885870030	11974	OK
REQUEST	XUI_PRL_030_CreateCaseStart	XUI_PRL_030_005_CreateCaseStart	1704885870033	1704885871423	OK	 
GROUP	XUI_PRL_030_CreateCaseStart	1704885870031	1704885871439	1390	OK
REQUEST	XUI_PRL_031_Type_Of_Application	XUI_PRL_031_005_Type_Of_Application	1704885871442	1704885872558	OK	 
GROUP	XUI_PRL_031_Type_Of_Application	1704885871439	1704885872561	1116	OK
REQUEST	XUI_PRL_032_ApplicationCheckYourAnswers	XUI_PRL_032_005_ApplicationCheckYourAnswers	1704885872563	1704885886939	OK	 
GROUP	XUI_PRL_032_ApplicationCheckYourAnswers	1704885872561	1704885886954	14376	OK
REQUEST	XUI_PRL_033_ApplicationDetails	XUI_PRL_033_005_ApplicationDetails	1704885886955	1704885891285	OK	 
GROUP	XUI_PRL_033_ApplicationDetails	1704885886954	1704885891335	4330	OK
REQUEST	XUI_PRL_034_EnterApplicationDetails	XUI_PRL_034_005_EnterApplicationDetails	1704885891336	1704885892923	OK	 
GROUP	XUI_PRL_034_EnterApplicationDetails	1704885891335	1704885892925	1587	OK
REQUEST	XUI_PRL_035_SubmitApplicationDetails	XUI_PRL_035_005_SubmitApplicationDetails	1704885892928	1704885899126	OK	 
GROUP	XUI_PRL_035_SubmitApplicationDetails	1704885892925	1704885899131	6198	OK
REQUEST	XUI_PRL_036_SubmitAndPay	XUI_PRL_036_005_SubmitAndPay	1704885899132	1704885906372	OK	 
GROUP	XUI_PRL_036_SubmitAndPay	1704885899131	1704885906386	7240	OK
REQUEST	XUI_PRL_037_ConfidentialityStatement	XUI_PRL_037_005_ConfidentialityStatement	1704885906387	1704885907280	OK	 
GROUP	XUI_PRL_037_ConfidentialityStatement	1704885906386	1704885907280	893	OK
REQUEST	XUI_PRL_038_Declaration	XUI_PRL_038_005_Declaration	1704885907281	1704885908613	OK	 
GROUP	XUI_PRL_038_Declaration	1704885907280	1704885908616	1332	OK
REQUEST	XUI_PRL_039_Continue	XUI_PRL_039_005_Continue	1704885908618	1704885909590	OK	 
GROUP	XUI_PRL_039_Continue	1704885908616	1704885909593	972	OK
REQUEST	XUI_PRL_040_Continue	XUI_PRL_039_005_Continue	1704885909595	1704885918805	OK	 
GROUP	XUI_PRL_040_Continue	1704885909594	1704885918813	9210	OK
REQUEST	XUI_PRL_041_DummyPaymentConfirmation 	XUI_PRL_041_005_DummyPaymentConfirmation 	1704885918814	1704885919877	OK	 
GROUP	XUI_PRL_041_DummyPaymentConfirmation 	1704885918813	1704885919879	1063	OK
REQUEST	XUI_PRL_042_PaymentOption	XUI_PRL_042_005_PaymentOption	1704885919881	1704885920923	OK	 
GROUP	XUI_PRL_042_PaymentOption	1704885919879	1704885920928	1042	OK
REQUEST	XUI_PRL_043_PaymentOption	XUI_PRL_043_005_PaymentOption	1704885920929	1704885921116	OK	 
REQUEST	XUI_PRL_043_PaymentOption	XUI_PRL_043_005_PaymentOption Redirect 1	1704885921119	1704885921259	OK	 
GROUP	XUI_PRL_043_PaymentOption	1704885920928	1704885921626	681	OK
REQUEST	XUI_PRL_044_CardDetails	XUI_PRL_044_005_CardDetails	1704885921626	1704885921784	OK	 
REQUEST	XUI_PRL_044_CardDetails	XUI_PRL_044_005_CardDetails Redirect 1	1704885921784	1704885921857	OK	 
GROUP	XUI_PRL_044_CardDetails	1704885921626	1704885921867	232	OK
REQUEST	XUI_PRL_045_ConfirmPayment	XUI_PRL_045_005_ConfirmPayment	1704885921867	1704885921951	OK	 
REQUEST	XUI_PRL_045_ConfirmPayment	XUI_PRL_045_005_ConfirmPayment Redirect 1	1704885921952	1704885921999	OK	 
REQUEST	XUI_PRL_045_ConfirmPayment	XUI_PRL_045_005_ConfirmPayment Redirect 2	1704885922006	1704885924591	OK	 
GROUP	XUI_PRL_045_ConfirmPayment	1704885921867	1704885925056	3175	OK
REQUEST	XUI_010_Homepage	XUI_010_005_Homepage	1704885925057	1704885925119	OK	 
REQUEST	XUI_010_Homepage	XUI_Common_000_ConfigurationUI	1704885933333	1704885933396	OK	 
REQUEST	XUI_010_Homepage	XUI_Common_000_ConfigJson	1704885933396	1704885933457	OK	 
REQUEST	XUI_010_Homepage	XUI_Common_000_TsAndCs	1704885933459	1704885933499	OK	 
REQUEST	XUI_010_Homepage	XUI_Common_000_ConfigUI	1704885933499	1704885933560	OK	 
REQUEST	XUI_010_Homepage	XUI_Common_000_UserDetails	1704885933561	1704885933617	OK	 
REQUEST	XUI_010_Homepage	XUI_Common_000_IsAuthenticated	1704885933618	1704885933662	OK	 
REQUEST	XUI_010_Homepage	XUI_010_010_AuthLogin	1704885933664	1704885933708	OK	 
REQUEST	XUI_010_Homepage	XUI_010_010_AuthLogin Redirect 1	1704885933709	1704885933866	OK	 
REQUEST	XUI_010_Homepage	XUI_010_010_AuthLogin Redirect 2	1704885933868	1704885934075	OK	 
GROUP	XUI_010_Homepage	1704885925057	1704885935781	10703	OK
REQUEST	XUI_020_Login	XUI_020_005_Login	1704885935783	1704885935986	OK	 
REQUEST	XUI_020_Login	XUI_020_005_Login Redirect 1	1704885935986	1704885936479	OK	 
REQUEST	XUI_020_Login	XUI_020_005_Login Redirect 2	1704885936480	1704885936520	OK	 
REQUEST	XUI_020_Login	XUI_Common_000_ConfigurationUI	1704885941055	1704885941105	OK	 
REQUEST	XUI_020_Login	XUI_Common_000_ConfigJson	1704885941106	1704885941149	OK	 
REQUEST	XUI_020_Login	XUI_Common_000_TsAndCs	1704885941152	1704885941331	OK	 
REQUEST	XUI_020_Login	XUI_Common_000_ConfigUI	1704885941333	1704885941384	OK	 
REQUEST	XUI_020_Login	XUI_Common_000_UserDetails	1704885941389	1704885942102	OK	 
REQUEST	XUI_020_Login	XUI_Common_000_IsAuthenticated	1704885942106	1704885942148	OK	 
REQUEST	XUI_020_Login	XUI_Common_000_MonitoringTools	1704885942150	1704885942214	OK	 
GROUP	XUI_020_Login	1704885935781	1704885942216	6409	OK
REQUEST	XUI_PRL_030_TaskTab	XUI_PRL_040_005_SelectIssue	1704885942218	1704885943726	KO	jsonPath($[0].id).find.exists, found nothing
GROUP	XUI_PRL_030_TaskTab	1704885942217	1704885943733	1508	KO
USER	***** PRL Citizen Journey *****	END	1704885943742
