ASSERTION	AAECAAMFAAAAAAAAAFlA
RUN	simulations.PRL_Simulation	prl-simulation	1686656444262	 	3.3.1
USER	***** Private Law Create Case *****	1	START	1686656444571	1686656444571
REQUEST	1	XUI_010_Homepage	XUI_010_005_Homepage	1686656444581	1686656445086	OK	 
REQUEST	1	XUI_010_Homepage	XUI_Common_000_ConfigurationUI	1686656445122	1686656445257	OK	 
REQUEST	1	XUI_010_Homepage	XUI_Common_000_ConfigJson	1686656445262	1686656445952	OK	 
REQUEST	1	XUI_010_Homepage	XUI_Common_000_TsAndCs	1686656445956	1686656446416	OK	 
REQUEST	1	XUI_010_Homepage	XUI_Common_000_ConfigUI	1686656446419	1686656446757	OK	 
REQUEST	1	XUI_010_Homepage	XUI_Common_000_UserDetails	1686656446760	1686656447179	OK	 
REQUEST	1	XUI_010_Homepage	XUI_Common_000_IsAuthenticated	1686656447182	1686656447245	OK	 
REQUEST	1	XUI_010_Homepage	XUI_010_010_AuthLogin	1686656447247	1686656447303	OK	 
REQUEST	1	XUI_010_Homepage	XUI_010_010_AuthLogin Redirect 1	1686656447306	1686656447431	OK	 
REQUEST	1	XUI_010_Homepage	XUI_010_010_AuthLogin Redirect 2	1686656447432	1686656447540	OK	 
GROUP	1	XUI_010_Homepage	1686656444575	1686656453741	9065	OK
REQUEST	1	XUI_020_Login	XUI_020_005_Login	1686656453744	1686656454169	OK	 
REQUEST	1	XUI_020_Login	XUI_020_005_Login Redirect 1	1686656454170	1686656455831	OK	 
REQUEST	1	XUI_020_Login	XUI_020_005_Login Redirect 2	1686656455832	1686656455908	OK	 
REQUEST	1	XUI_020_Login	XUI_Common_000_ConfigurationUI	1686656481916	1686656481972	OK	 
REQUEST	1	XUI_020_Login	XUI_Common_000_ConfigJson	1686656481973	1686656481992	OK	 
REQUEST	1	XUI_020_Login	XUI_Common_000_TsAndCs	1686656481993	1686656482056	OK	 
REQUEST	1	XUI_020_Login	XUI_Common_000_ConfigUI	1686656482057	1686656482113	OK	 
REQUEST	1	XUI_020_Login	XUI_Common_000_UserDetails	1686656482114	1686656482331	OK	 
REQUEST	1	XUI_020_Login	XUI_Common_000_IsAuthenticated	1686656482332	1686656482415	OK	 
REQUEST	1	XUI_020_Login	XUI_Common_000_MonitoringTools	1686656482417	1686656482511	OK	 
GROUP	1	XUI_020_Login	1686656453741	1686656482529	28754	OK
REQUEST	1	XUI_PRL_030_SelectCase	XUI_PRL_030_005_SelectCase	1686656482538	1686656482840	KO	status.find.in(200,201,202,203,204,205,206,207,208,209,304), found 406
GROUP	1	XUI_PRL_030_SelectCase	1686656482530	1686656482843	302	KO
USER	***** Private Law Create Case *****	1	END	1686656444571	1686656482846
