ASSERTION	AAECAAIFAAAAAAAAAFlA
RUN	simulations.PRL_Simulation	prl-simulation	1704888295836	 	3.9.5
USER	***** PRL Citizen Journey *****	START	1704888296390
REQUEST	XUI_010_Homepage	XUI_010_005_Homepage	1704888296399	1704888297808	OK	 
REQUEST	XUI_010_Homepage	XUI_Common_000_ConfigurationUI	1704888332004	1704888332059	OK	 
REQUEST	XUI_010_Homepage	XUI_Common_000_ConfigJson	1704888332060	1704888332094	OK	 
REQUEST	XUI_010_Homepage	XUI_Common_000_TsAndCs	1704888332097	1704888332152	OK	 
REQUEST	XUI_010_Homepage	XUI_Common_000_ConfigUI	1704888332152	1704888332263	OK	 
REQUEST	XUI_010_Homepage	XUI_Common_000_UserDetails	1704888332264	1704888332314	OK	 
REQUEST	XUI_010_Homepage	XUI_Common_000_IsAuthenticated	1704888332314	1704888332353	OK	 
REQUEST	XUI_010_Homepage	XUI_010_010_AuthLogin	1704888332355	1704888332422	OK	 
REQUEST	XUI_010_Homepage	XUI_010_010_AuthLogin Redirect 1	1704888332424	1704888332578	OK	 
REQUEST	XUI_010_Homepage	XUI_010_010_AuthLogin Redirect 2	1704888332578	1704888332798	OK	 
GROUP	XUI_010_Homepage	1704888296392	1704888334219	37743	OK
REQUEST	XUI_020_Login	XUI_020_005_Login	1704888334222	1704888334432	OK	 
REQUEST	XUI_020_Login	XUI_020_005_Login Redirect 1	1704888334433	1704888336215	OK	 
REQUEST	XUI_020_Login	XUI_020_005_Login Redirect 2	1704888336216	1704888336264	OK	 
REQUEST	XUI_020_Login	XUI_Common_000_ConfigurationUI	1704888396272	1704888396492	OK	 
REQUEST	XUI_020_Login	XUI_Common_000_ConfigJson	1704888396493	1704888396775	OK	 
REQUEST	XUI_020_Login	XUI_Common_000_TsAndCs	1704888396776	1704888396843	OK	 
REQUEST	XUI_020_Login	XUI_Common_000_ConfigUI	1704888396845	1704888396973	OK	 
REQUEST	XUI_020_Login	XUI_Common_000_UserDetails	1704888396973	1704888397236	OK	 
REQUEST	XUI_020_Login	XUI_Common_000_IsAuthenticated	1704888397237	1704888397280	OK	 
REQUEST	XUI_020_Login	XUI_Common_000_MonitoringTools	1704888397281	1704888397348	OK	 
GROUP	XUI_020_Login	1704888334220	1704888397363	63115	OK
REQUEST	XUI_PRL_030_TaskTab	XUI_PRL_040_005_SelectIssue	1704888397364	1704888402768	KO	jsonPath($[0].id).find.exists, found nothing
GROUP	XUI_PRL_030_TaskTab	1704888397363	1704888402776	5404	KO
USER	***** PRL Citizen Journey *****	END	1704888402780
