ASSERTION	AAECAAIFAAAAAAAAAFlA
RUN	simulations.PRL_Simulation	prl-simulation	1704894205057	 	3.9.5
USER	***** PRL Citizen Journey *****	START	1704894206075
REQUEST	XUI_010_Homepage	XUI_010_005_Homepage	1704894206083	1704894206556	OK	 
REQUEST	XUI_010_Homepage	XUI_Common_000_ConfigurationUI	1704894209689	1704894209780	OK	 
REQUEST	XUI_010_Homepage	XUI_Common_000_ConfigJson	1704894209782	1704894209887	OK	 
REQUEST	XUI_010_Homepage	XUI_Common_000_TsAndCs	1704894209892	1704894209990	OK	 
REQUEST	XUI_010_Homepage	XUI_Common_000_ConfigUI	1704894209990	1704894210080	OK	 
REQUEST	XUI_010_Homepage	XUI_Common_000_UserDetails	1704894210081	1704894210298	OK	 
REQUEST	XUI_010_Homepage	XUI_Common_000_IsAuthenticated	1704894210298	1704894210451	OK	 
REQUEST	XUI_010_Homepage	XUI_010_010_AuthLogin	1704894210453	1704894210619	OK	 
REQUEST	XUI_010_Homepage	XUI_010_010_AuthLogin Redirect 1	1704894210621	1704894210988	OK	 
REQUEST	XUI_010_Homepage	XUI_010_010_AuthLogin Redirect 2	1704894210988	1704894211181	OK	 
GROUP	XUI_010_Homepage	1704894206076	1704894211810	5643	OK
REQUEST	XUI_020_Login	XUI_020_005_Login	1704894211813	1704894211967	OK	 
REQUEST	XUI_020_Login	XUI_020_005_Login Redirect 1	1704894211968	1704894212594	OK	 
REQUEST	XUI_020_Login	XUI_020_005_Login Redirect 2	1704894212595	1704894212716	OK	 
REQUEST	XUI_020_Login	XUI_Common_000_ConfigurationUI	1704894216555	1704894216635	OK	 
REQUEST	XUI_020_Login	XUI_Common_000_ConfigJson	1704894216637	1704894216734	OK	 
REQUEST	XUI_020_Login	XUI_Common_000_TsAndCs	1704894216738	1704894216848	OK	 
REQUEST	XUI_020_Login	XUI_Common_000_ConfigUI	1704894216853	1704894216964	OK	 
REQUEST	XUI_020_Login	XUI_Common_000_UserDetails	1704894216973	1704894217815	OK	 
REQUEST	XUI_020_Login	XUI_Common_000_IsAuthenticated	1704894217820	1704894217954	OK	 
REQUEST	XUI_020_Login	XUI_Common_000_MonitoringTools	1704894217958	1704894218053	OK	 
GROUP	XUI_020_Login	1704894211810	1704894218076	6206	OK
REQUEST	XUI_PRL_030_CreateCaseStart	XUI_PRL_030_005_CreateCaseStart	1704894218079	1704894221917	OK	 
GROUP	XUI_PRL_030_CreateCaseStart	1704894218077	1704894221945	3838	OK
REQUEST	XUI_PRL_031_Type_Of_Application	XUI_PRL_031_005_Type_Of_Application	1704894221948	1704894223202	OK	 
GROUP	XUI_PRL_031_Type_Of_Application	1704894221945	1704894223203	1254	OK
REQUEST	XUI_PRL_032_ApplicationCheckYourAnswers	XUI_PRL_032_005_ApplicationCheckYourAnswers	1704894223204	1704894235951	OK	 
GROUP	XUI_PRL_032_ApplicationCheckYourAnswers	1704894223203	1704894235985	12747	OK
REQUEST	XUI_PRL_033_ApplicationDetails	XUI_PRL_033_005_ApplicationDetails	1704894235986	1704894237521	OK	 
GROUP	XUI_PRL_033_ApplicationDetails	1704894235985	1704894237556	1535	OK
REQUEST	XUI_PRL_034_EnterApplicationDetails	XUI_PRL_034_005_EnterApplicationDetails	1704894237557	1704894239158	OK	 
GROUP	XUI_PRL_034_EnterApplicationDetails	1704894237556	1704894239161	1601	OK
REQUEST	XUI_PRL_035_SubmitApplicationDetails	XUI_PRL_035_005_SubmitApplicationDetails	1704894239162	1704894246180	OK	 
GROUP	XUI_PRL_035_SubmitApplicationDetails	1704894239161	1704894246181	7018	OK
REQUEST	XUI_PRL_036_SubmitAndPay	XUI_PRL_036_005_SubmitAndPay	1704894246181	1704894254392	OK	 
GROUP	XUI_PRL_036_SubmitAndPay	1704894246181	1704894254406	8211	OK
REQUEST	XUI_PRL_037_ConfidentialityStatement	XUI_PRL_037_005_ConfidentialityStatement	1704894254407	1704894254907	OK	 
GROUP	XUI_PRL_037_ConfidentialityStatement	1704894254406	1704894254909	500	OK
REQUEST	XUI_PRL_038_Declaration	XUI_PRL_038_005_Declaration	1704894254911	1704894256675	OK	 
GROUP	XUI_PRL_038_Declaration	1704894254909	1704894256676	1764	OK
REQUEST	XUI_PRL_039_Continue	XUI_PRL_039_005_Continue	1704894256677	1704894257854	OK	 
GROUP	XUI_PRL_039_Continue	1704894256676	1704894257857	1177	OK
REQUEST	XUI_PRL_040_Continue	XUI_PRL_039_005_Continue	1704894257858	1704894266999	OK	 
GROUP	XUI_PRL_040_Continue	1704894257857	1704894267002	9141	OK
REQUEST	XUI_PRL_041_DummyPaymentConfirmation 	XUI_PRL_041_005_DummyPaymentConfirmation 	1704894267003	1704894268343	OK	 
GROUP	XUI_PRL_041_DummyPaymentConfirmation 	1704894267002	1704894268345	1340	OK
REQUEST	XUI_PRL_042_PaymentOption	XUI_PRL_042_005_PaymentOption	1704894268346	1704894269490	OK	 
GROUP	XUI_PRL_042_PaymentOption	1704894268345	1704894269496	1144	OK
REQUEST	XUI_PRL_043_PaymentOption	XUI_PRL_043_005_PaymentOption	1704894269497	1704894269892	OK	 
REQUEST	XUI_PRL_043_PaymentOption	XUI_PRL_043_005_PaymentOption Redirect 1	1704894269894	1704894270132	OK	 
GROUP	XUI_PRL_043_PaymentOption	1704894269496	1704894270693	1183	OK
REQUEST	XUI_PRL_044_CardDetails	XUI_PRL_044_005_CardDetails	1704894270694	1704894270857	OK	 
REQUEST	XUI_PRL_044_CardDetails	XUI_PRL_044_005_CardDetails Redirect 1	1704894270858	1704894270956	OK	 
GROUP	XUI_PRL_044_CardDetails	1704894270693	1704894270966	262	OK
REQUEST	XUI_PRL_045_ConfirmPayment	XUI_PRL_045_005_ConfirmPayment	1704894270967	1704894271102	OK	 
REQUEST	XUI_PRL_045_ConfirmPayment	XUI_PRL_045_005_ConfirmPayment Redirect 1	1704894271103	1704894271205	OK	 
REQUEST	XUI_PRL_045_ConfirmPayment	XUI_PRL_045_005_ConfirmPayment Redirect 2	1704894271210	1704894273425	OK	 
GROUP	XUI_PRL_045_ConfirmPayment	1704894270966	1704894273932	2951	OK
REQUEST	XUI_010_Homepage	XUI_010_005_Homepage	1704894273932	1704894274009	OK	 
REQUEST	XUI_010_Homepage	XUI_Common_000_ConfigurationUI	1704894276700	1704894276805	OK	 
REQUEST	XUI_010_Homepage	XUI_Common_000_ConfigJson	1704894276814	1704894276906	OK	 
REQUEST	XUI_010_Homepage	XUI_Common_000_TsAndCs	1704894276910	1704894277080	OK	 
REQUEST	XUI_010_Homepage	XUI_Common_000_ConfigUI	1704894277082	1704894277197	OK	 
REQUEST	XUI_010_Homepage	XUI_Common_000_UserDetails	1704894277202	1704894277287	OK	 
REQUEST	XUI_010_Homepage	XUI_Common_000_IsAuthenticated	1704894277290	1704894277371	OK	 
REQUEST	XUI_010_Homepage	XUI_010_010_AuthLogin	1704894277374	1704894277502	OK	 
REQUEST	XUI_010_Homepage	XUI_010_010_AuthLogin Redirect 1	1704894277503	1704894277851	OK	 
REQUEST	XUI_010_Homepage	XUI_010_010_AuthLogin Redirect 2	1704894277854	1704894278010	OK	 
GROUP	XUI_010_Homepage	1704894273932	1704894278616	4645	OK
REQUEST	XUI_020_Login	XUI_020_005_Login	1704894278619	1704894278804	OK	 
REQUEST	XUI_020_Login	XUI_020_005_Login Redirect 1	1704894278809	1704894279511	OK	 
REQUEST	XUI_020_Login	XUI_020_005_Login Redirect 2	1704894279511	1704894279622	OK	 
REQUEST	XUI_020_Login	XUI_Common_000_ConfigurationUI	1704894282284	1704894282363	OK	 
REQUEST	XUI_020_Login	XUI_Common_000_ConfigJson	1704894282363	1704894282522	OK	 
REQUEST	XUI_020_Login	XUI_Common_000_TsAndCs	1704894282524	1704894282633	OK	 
REQUEST	XUI_020_Login	XUI_Common_000_ConfigUI	1704894282637	1704894282737	OK	 
REQUEST	XUI_020_Login	XUI_Common_000_UserDetails	1704894282741	1704894283441	OK	 
REQUEST	XUI_020_Login	XUI_Common_000_IsAuthenticated	1704894283444	1704894283533	OK	 
REQUEST	XUI_020_Login	XUI_Common_000_MonitoringTools	1704894283534	1704894283624	OK	 
GROUP	XUI_020_Login	1704894278617	1704894283628	4983	OK
REQUEST	XUI_PRL_030_TaskTab	XUI_PRL_030_005_SelectIssue	1704894283629	1704894284836	KO	jsonPath($[0].id).find.exists, found nothing
GROUP	XUI_PRL_030_TaskTab	1704894283628	1704894284845	1207	KO
USER	***** PRL Citizen Journey *****	END	1704894284854
