ASSERTION	AAECAAIFAAAAAAAAAFlA
RUN	simulations.PRL_Simulation	prl-simulation	1704813675560	 	3.9.5
USER	***** PRL Citizen Journey *****	START	1704813676608
REQUEST	XUI_010_Homepage	XUI_010_005_Homepage	1704813676616	1704813677033	OK	 
REQUEST	XUI_010_Homepage	XUI_Common_000_ConfigurationUI	1704813678913	1704813679032	OK	 
REQUEST	XUI_010_Homepage	XUI_Common_000_ConfigJson	1704813679034	1704813679143	OK	 
REQUEST	XUI_010_Homepage	XUI_Common_000_TsAndCs	1704813679145	1704813679232	OK	 
REQUEST	XUI_010_Homepage	XUI_Common_000_ConfigUI	1704813679233	1704813679348	OK	 
REQUEST	XUI_010_Homepage	XUI_Common_000_UserDetails	1704813679351	1704813679454	OK	 
REQUEST	XUI_010_Homepage	XUI_Common_000_IsAuthenticated	1704813679456	1704813679581	OK	 
REQUEST	XUI_010_Homepage	XUI_010_010_AuthLogin	1704813679588	1704813679718	OK	 
REQUEST	XUI_010_Homepage	XUI_010_010_AuthLogin Redirect 1	1704813679724	1704813680160	OK	 
REQUEST	XUI_010_Homepage	XUI_010_010_AuthLogin Redirect 2	1704813680162	1704813680439	OK	 
GROUP	XUI_010_Homepage	1704813676609	1704813681649	4916	OK
REQUEST	XUI_020_Login	XUI_020_005_Login	1704813681659	1704813681910	OK	 
REQUEST	XUI_020_Login	XUI_020_005_Login Redirect 1	1704813681912	1704813682662	OK	 
REQUEST	XUI_020_Login	XUI_020_005_Login Redirect 2	1704813682664	1704813682761	OK	 
REQUEST	XUI_020_Login	XUI_Common_000_ConfigurationUI	1704813685746	1704813685829	OK	 
REQUEST	XUI_020_Login	XUI_Common_000_ConfigJson	1704813685831	1704813685931	OK	 
REQUEST	XUI_020_Login	XUI_Common_000_TsAndCs	1704813685933	1704813686035	OK	 
REQUEST	XUI_020_Login	XUI_Common_000_ConfigUI	1704813686036	1704813686179	OK	 
REQUEST	XUI_020_Login	XUI_Common_000_UserDetails	1704813686181	1704813686451	OK	 
REQUEST	XUI_020_Login	XUI_Common_000_IsAuthenticated	1704813686453	1704813686568	OK	 
REQUEST	XUI_020_Login	XUI_Common_000_MonitoringTools	1704813686570	1704813686694	OK	 
GROUP	XUI_020_Login	1704813681649	1704813686719	5014	OK
REQUEST	XUI_PRL_030_CreateCaseStart	XUI_PRL_030_005_CreateCaseStart	1704813686723	1704813688900	OK	 
GROUP	XUI_PRL_030_CreateCaseStart	1704813686721	1704813688918	2177	OK
REQUEST	XUI_PRL_031_Type_Of_Application	XUI_PRL_031_005_Type_Of_Application	1704813688922	1704813689634	OK	 
GROUP	XUI_PRL_031_Type_Of_Application	1704813688918	1704813689634	712	OK
REQUEST	XUI_PRL_032_ApplicationCheckYourAnswers	XUI_PRL_032_005_ApplicationCheckYourAnswers	1704813689636	1704813703283	OK	 
GROUP	XUI_PRL_032_ApplicationCheckYourAnswers	1704813689635	1704813703302	13647	OK
REQUEST	XUI_PRL_033_ApplicationDetails	XUI_PRL_033_005_ApplicationDetails	1704813703303	1704813704995	OK	 
GROUP	XUI_PRL_033_ApplicationDetails	1704813703302	1704813705044	1692	OK
REQUEST	XUI_PRL_034_EnterApplicationDetails	XUI_PRL_034_005_EnterApplicationDetails	1704813705044	1704813706525	OK	 
GROUP	XUI_PRL_034_EnterApplicationDetails	1704813705044	1704813706527	1481	OK
REQUEST	XUI_PRL_035_SubmitApplicationDetails	XUI_PRL_035_005_SubmitApplicationDetails	1704813706528	1704813712084	OK	 
GROUP	XUI_PRL_035_SubmitApplicationDetails	1704813706527	1704813712085	5556	OK
REQUEST	XUI_PRL_036_SubmitAndPay	XUI_PRL_036_005_SubmitAndPay	1704813712087	1704813719330	OK	 
GROUP	XUI_PRL_036_SubmitAndPay	1704813712085	1704813719348	7243	OK
REQUEST	XUI_PRL_037_ConfidentialityStatement	XUI_PRL_037_005_ConfidentialityStatement	1704813719349	1704813719847	OK	 
GROUP	XUI_PRL_037_ConfidentialityStatement	1704813719348	1704813719848	498	OK
REQUEST	XUI_PRL_038_Declaration	XUI_PRL_038_005_Declaration	1704813719849	1704813720141	OK	 
GROUP	XUI_PRL_038_Declaration	1704813719848	1704813720142	292	OK
REQUEST	XUI_PRL_039_Continue	XUI_PRL_039_005_Continue	1704813720144	1704813721798	OK	 
GROUP	XUI_PRL_039_Continue	1704813720143	1704813721800	1654	OK
REQUEST	XUI_PRL_040_Continue	XUI_PRL_039_005_Continue	1704813721801	1704813732057	OK	 
GROUP	XUI_PRL_040_Continue	1704813721800	1704813732064	10256	OK
REQUEST	XUI_PRL_041_DummyPaymentConfirmation 	XUI_PRL_041_005_DummyPaymentConfirmation 	1704813732065	1704813733116	OK	 
GROUP	XUI_PRL_041_DummyPaymentConfirmation 	1704813732064	1704813733117	1051	OK
REQUEST	XUI_PRL_042_PaymentOption	XUI_PRL_042_005_PaymentOption	1704813733118	1704813734363	OK	 
GROUP	XUI_PRL_042_PaymentOption	1704813733117	1704813734367	1245	OK
REQUEST	XUI_PRL_043_PaymentOption	XUI_PRL_043_005_PaymentOption	1704813734368	1704813735048	OK	 
REQUEST	XUI_PRL_043_PaymentOption	XUI_PRL_043_005_PaymentOption Redirect 1	1704813735049	1704813735400	OK	 
GROUP	XUI_PRL_043_PaymentOption	1704813734367	1704813736723	2346	OK
REQUEST	XUI_PRL_044_CardDetails	XUI_PRL_044_005_CardDetails	1704813736724	1704813736911	OK	 
REQUEST	XUI_PRL_044_CardDetails	XUI_PRL_044_005_CardDetails Redirect 1	1704813736912	1704813737015	OK	 
GROUP	XUI_PRL_044_CardDetails	1704813736723	1704813737029	291	OK
REQUEST	XUI_PRL_045_ConfirmPayment	XUI_PRL_045_005_ConfirmPayment	1704813737029	1704813737209	OK	 
REQUEST	XUI_PRL_045_ConfirmPayment	XUI_PRL_045_005_ConfirmPayment Redirect 1	1704813737211	1704813737319	OK	 
REQUEST	XUI_PRL_045_ConfirmPayment	XUI_PRL_045_005_ConfirmPayment Redirect 2	1704813737332	1704813739585	OK	 
GROUP	XUI_PRL_045_ConfirmPayment	1704813737029	1704813739975	2921	OK
USER	***** PRL Citizen Journey *****	END	1704813739979
