ASSERTION	AAECAAIFAAAAAAAAAFlA
RUN	simulations.PRL_Simulation	prl-simulation	1704885092465	 	3.9.5
USER	***** PRL Citizen Journey *****	START	1704885092970
REQUEST	XUI_010_Homepage	XUI_010_005_Homepage	1704885092978	1704885093122	OK	 
REQUEST	XUI_010_Homepage	XUI_Common_000_ConfigurationUI	1704885097294	1704885097374	OK	 
REQUEST	XUI_010_Homepage	XUI_Common_000_ConfigJson	1704885097385	1704885097441	OK	 
REQUEST	XUI_010_Homepage	XUI_Common_000_TsAndCs	1704885097441	1704885098383	OK	 
REQUEST	XUI_010_Homepage	XUI_Common_000_ConfigUI	1704885098390	1704885098432	OK	 
REQUEST	XUI_010_Homepage	XUI_Common_000_UserDetails	1704885098438	1704885098495	OK	 
REQUEST	XUI_010_Homepage	XUI_Common_000_IsAuthenticated	1704885098497	1704885098546	OK	 
REQUEST	XUI_010_Homepage	XUI_010_010_AuthLogin	1704885098559	1704885098610	OK	 
REQUEST	XUI_010_Homepage	XUI_010_010_AuthLogin Redirect 1	1704885098617	1704885098877	OK	 
REQUEST	XUI_010_Homepage	XUI_010_010_AuthLogin Redirect 2	1704885098884	1704885099017	OK	 
GROUP	XUI_010_Homepage	1704885092971	1704885099426	6336	OK
REQUEST	XUI_020_Login	XUI_020_005_Login	1704885099430	1704885099624	OK	 
REQUEST	XUI_020_Login	XUI_020_005_Login Redirect 1	1704885099627	1704885101023	OK	 
REQUEST	XUI_020_Login	XUI_020_005_Login Redirect 2	1704885101027	1704885101080	OK	 
REQUEST	XUI_020_Login	XUI_Common_000_ConfigurationUI	1704885104544	1704885104586	OK	 
REQUEST	XUI_020_Login	XUI_Common_000_ConfigJson	1704885104588	1704885104635	OK	 
REQUEST	XUI_020_Login	XUI_Common_000_TsAndCs	1704885104636	1704885104692	OK	 
REQUEST	XUI_020_Login	XUI_Common_000_ConfigUI	1704885104697	1704885104758	OK	 
REQUEST	XUI_020_Login	XUI_Common_000_UserDetails	1704885104760	1704885105324	OK	 
REQUEST	XUI_020_Login	XUI_Common_000_IsAuthenticated	1704885105325	1704885105393	OK	 
REQUEST	XUI_020_Login	XUI_Common_000_MonitoringTools	1704885105394	1704885105448	OK	 
GROUP	XUI_020_Login	1704885099426	1704885105464	5988	OK
REQUEST	XUI_PRL_030_CreateCaseStart	XUI_PRL_030_005_CreateCaseStart	1704885105467	1704885106624	OK	 
GROUP	XUI_PRL_030_CreateCaseStart	1704885105466	1704885106649	1157	OK
REQUEST	XUI_PRL_031_Type_Of_Application	XUI_PRL_031_005_Type_Of_Application	1704885106652	1704885107606	OK	 
GROUP	XUI_PRL_031_Type_Of_Application	1704885106649	1704885107607	954	OK
REQUEST	XUI_PRL_032_ApplicationCheckYourAnswers	XUI_PRL_032_005_ApplicationCheckYourAnswers	1704885107609	1704885117237	OK	 
GROUP	XUI_PRL_032_ApplicationCheckYourAnswers	1704885107608	1704885117265	9628	OK
REQUEST	XUI_PRL_033_ApplicationDetails	XUI_PRL_033_005_ApplicationDetails	1704885117265	1704885119611	OK	 
GROUP	XUI_PRL_033_ApplicationDetails	1704885117265	1704885119644	2346	OK
REQUEST	XUI_PRL_034_EnterApplicationDetails	XUI_PRL_034_005_EnterApplicationDetails	1704885119645	1704885120422	OK	 
GROUP	XUI_PRL_034_EnterApplicationDetails	1704885119644	1704885120424	777	OK
REQUEST	XUI_PRL_035_SubmitApplicationDetails	XUI_PRL_035_005_SubmitApplicationDetails	1704885120425	1704885126677	OK	 
GROUP	XUI_PRL_035_SubmitApplicationDetails	1704885120424	1704885126681	6252	OK
REQUEST	XUI_PRL_036_SubmitAndPay	XUI_PRL_036_005_SubmitAndPay	1704885126682	1704885136803	OK	 
GROUP	XUI_PRL_036_SubmitAndPay	1704885126681	1704885136818	10121	OK
REQUEST	XUI_PRL_037_ConfidentialityStatement	XUI_PRL_037_005_ConfidentialityStatement	1704885136819	1704885137217	OK	 
GROUP	XUI_PRL_037_ConfidentialityStatement	1704885136818	1704885137220	398	OK
REQUEST	XUI_PRL_038_Declaration	XUI_PRL_038_005_Declaration	1704885137222	1704885138052	OK	 
GROUP	XUI_PRL_038_Declaration	1704885137220	1704885138053	830	OK
REQUEST	XUI_PRL_039_Continue	XUI_PRL_039_005_Continue	1704885138053	1704885138815	OK	 
GROUP	XUI_PRL_039_Continue	1704885138053	1704885138816	762	OK
REQUEST	XUI_PRL_040_Continue	XUI_PRL_039_005_Continue	1704885138817	1704885148365	OK	 
GROUP	XUI_PRL_040_Continue	1704885138816	1704885148372	9548	OK
REQUEST	XUI_PRL_041_DummyPaymentConfirmation 	XUI_PRL_041_005_DummyPaymentConfirmation 	1704885148373	1704885149604	OK	 
GROUP	XUI_PRL_041_DummyPaymentConfirmation 	1704885148372	1704885149605	1231	OK
REQUEST	XUI_PRL_042_PaymentOption	XUI_PRL_042_005_PaymentOption	1704885149606	1704885150505	OK	 
GROUP	XUI_PRL_042_PaymentOption	1704885149605	1704885150507	899	OK
REQUEST	XUI_PRL_043_PaymentOption	XUI_PRL_043_005_PaymentOption	1704885150508	1704885150772	OK	 
REQUEST	XUI_PRL_043_PaymentOption	XUI_PRL_043_005_PaymentOption Redirect 1	1704885150774	1704885150919	OK	 
GROUP	XUI_PRL_043_PaymentOption	1704885150507	1704885151247	725	OK
REQUEST	XUI_PRL_044_CardDetails	XUI_PRL_044_005_CardDetails	1704885151248	1704885151387	OK	 
REQUEST	XUI_PRL_044_CardDetails	XUI_PRL_044_005_CardDetails Redirect 1	1704885151388	1704885151449	OK	 
GROUP	XUI_PRL_044_CardDetails	1704885151247	1704885151453	201	OK
REQUEST	XUI_PRL_045_ConfirmPayment	XUI_PRL_045_005_ConfirmPayment	1704885151453	1704885151549	OK	 
REQUEST	XUI_PRL_045_ConfirmPayment	XUI_PRL_045_005_ConfirmPayment Redirect 1	1704885151551	1704885151600	OK	 
REQUEST	XUI_PRL_045_ConfirmPayment	XUI_PRL_045_005_ConfirmPayment Redirect 2	1704885151605	1704885154804	OK	 
GROUP	XUI_PRL_045_ConfirmPayment	1704885151453	1704885155082	3614	OK
REQUEST	XUI_010_Homepage	XUI_010_005_Homepage	1704885155083	1704885155122	OK	 
REQUEST	XUI_010_Homepage	XUI_Common_000_ConfigurationUI	1704885159600	1704885159646	OK	 
REQUEST	XUI_010_Homepage	XUI_Common_000_ConfigJson	1704885159647	1704885159706	OK	 
REQUEST	XUI_010_Homepage	XUI_Common_000_TsAndCs	1704885159708	1704885159766	OK	 
REQUEST	XUI_010_Homepage	XUI_Common_000_ConfigUI	1704885159768	1704885159856	OK	 
REQUEST	XUI_010_Homepage	XUI_Common_000_UserDetails	1704885159859	1704885159906	OK	 
REQUEST	XUI_010_Homepage	XUI_Common_000_IsAuthenticated	1704885159909	1704885159967	OK	 
REQUEST	XUI_010_Homepage	XUI_010_010_AuthLogin	1704885159971	1704885160043	OK	 
REQUEST	XUI_010_Homepage	XUI_010_010_AuthLogin Redirect 1	1704885160043	1704885160095	OK	 
REQUEST	XUI_010_Homepage	XUI_010_010_AuthLogin Redirect 2	1704885160095	1704885160239	OK	 
GROUP	XUI_010_Homepage	1704885155082	1704885160687	5577	OK
REQUEST	XUI_020_Login	XUI_020_005_Login	1704885160688	1704885160872	OK	 
REQUEST	XUI_020_Login	XUI_020_005_Login Redirect 1	1704885160876	1704885162327	OK	 
REQUEST	XUI_020_Login	XUI_020_005_Login Redirect 2	1704885162328	1704885162404	OK	 
REQUEST	XUI_020_Login	XUI_Common_000_ConfigurationUI	1704885166014	1704885166077	OK	 
REQUEST	XUI_020_Login	XUI_Common_000_ConfigJson	1704885166078	1704885166127	OK	 
REQUEST	XUI_020_Login	XUI_Common_000_TsAndCs	1704885166128	1704885166247	OK	 
REQUEST	XUI_020_Login	XUI_Common_000_ConfigUI	1704885166248	1704885166313	OK	 
REQUEST	XUI_020_Login	XUI_Common_000_UserDetails	1704885166314	1704885166933	OK	 
REQUEST	XUI_020_Login	XUI_Common_000_IsAuthenticated	1704885166936	1704885166989	OK	 
REQUEST	XUI_020_Login	XUI_Common_000_MonitoringTools	1704885166997	1704885167091	OK	 
GROUP	XUI_020_Login	1704885160687	1704885167093	6381	OK
REQUEST	XUI_PRL_030_SelectCase	XUI_PRL_040_005_SelectIssue	1704885167098	1704885167639	KO	status.find.in([200, 209], 304), found 422
GROUP	XUI_PRL_030_SelectCase	1704885167093	1704885167641	541	KO
USER	***** PRL Citizen Journey *****	END	1704885167645
