ASSERTION	AAECAAIFAAAAAAAAAFlA
RUN	simulations.PRL_Simulation	prl-simulation	1706627982853	 	3.9.5
USER	***** PRL Citizen Journey *****	START	1706627983331
REQUEST	PRL_CitizenC100_010_PRLHome	PRL_CitizenC100_010_005_PRLHome	1706627983353	1706627983469	OK	 
REQUEST	PRL_CitizenC100_010_PRLHome	PRL_CitizenC100_010_005_PRLHome Redirect 1	1706627983476	1706627983572	OK	 
REQUEST	PRL_CitizenC100_010_PRLHome	PRL_CitizenC100_010_005_PRLHome Redirect 2	1706627983572	1706627983620	OK	 
REQUEST	PRL_CitizenC100_010_PRLHome	PRL_CitizenC100_010_005_PRLHome Redirect 3	1706627983621	1706627983716	OK	 
GROUP	PRL_CitizenC100_010_PRLHome	1706627983332	1706627983986	574	OK
REQUEST	PRL_CitizenC100_020_Login	PRL_CitizenC100_020_005_Login	1706627983988	1706627984097	OK	 
REQUEST	PRL_CitizenC100_020_Login	PRL_CitizenC100_020_005_Login Redirect 1	1706627984098	1706627984590	OK	 
REQUEST	PRL_CitizenC100_020_Login	PRL_CitizenC100_020_005_Login Redirect 2	1706627984597	1706627987112	OK	 
GROUP	PRL_CitizenC100_020_Login	1706627983987	1706627987268	3264	OK
REQUEST	PRL_CitizenC100_025_ChildArrangementsApplication	PRL_CitizenC100_025_005_ChildArrangementsApplication	1706627987269	1706627987723	OK	 
GROUP	PRL_CitizenC100_025_ChildArrangementsApplication	1706627987269	1706627987831	546	OK
REQUEST	PRL_CitizenC100_030_StartApplication	PRL_CitizenC100_030_005_StartApplication	1706627987832	1706627988157	OK	 
GROUP	PRL_CitizenC100_030_StartApplication	1706627987831	1706627988262	417	OK
REQUEST	PRL_CitizenC100_040_WhatYouWillNeed	PRL_CitizenC100_040_005_WhatYouWillNeed	1706627988263	1706627993663	OK	 
REQUEST	PRL_CitizenC100_040_WhatYouWillNeed	PRL_CitizenC100_040_005_WhatYouWillNeed Redirect 1	1706627993664	1706627993752	OK	 
GROUP	PRL_CitizenC100_040_WhatYouWillNeed	1706627988262	1706627993870	5590	OK
REQUEST	PRL_CitizenC100_050_CaseName	PRL_CitizenC100_050_005_CaseName	1706627993872	1706627993921	OK	 
REQUEST	PRL_CitizenC100_050_CaseName	PRL_CitizenC100_050_005_CaseName Redirect 1	1706627993923	1706627994032	OK	 
GROUP	PRL_CitizenC100_050_CaseName	1706627993871	1706627994150	266	OK
REQUEST	PRL_CitizenC100_060_ChildrenPostCode	PRL_CitizenC100_060_005_ChildrenPostCode	1706627994151	1706627994262	OK	 
REQUEST	PRL_CitizenC100_060_ChildrenPostCode	PRL_CitizenC100_060_005_ChildrenPostCode Redirect 1	1706627994264	1706627994346	OK	 
GROUP	PRL_CitizenC100_060_ChildrenPostCode	1706627994150	1706627994450	286	OK
REQUEST	PRL_CitizenC100_070_WrittenAgreement	PRL_CitizenC100_070_005_WrittenAgreement	1706627994452	1706627994544	OK	 
REQUEST	PRL_CitizenC100_070_WrittenAgreement	PRL_CitizenC100_070_005_WrittenAgreement Redirect 1	1706627994547	1706627994602	OK	 
GROUP	PRL_CitizenC100_070_WrittenAgreement	1706627994450	1706627994720	253	OK
REQUEST	PRL_CitizenC100_080_BeforeCourt	PRL_CitizenC100_080_005_BeforeCourt	1706627994721	1706627994797	OK	 
REQUEST	PRL_CitizenC100_080_BeforeCourt	PRL_CitizenC100_080_005_BeforeCourt Redirect 1	1706627994798	1706627994877	OK	 
GROUP	PRL_CitizenC100_080_BeforeCourt	1706627994720	1706627994975	242	OK
REQUEST	PRL_CitizenC100_090_ReachAgreement	PRL_CitizenC100_090_005_ReachAgreement	1706627994976	1706627995052	OK	 
REQUEST	PRL_CitizenC100_090_ReachAgreement	PRL_CitizenC100_090_005_ReachAgreement Redirect 1	1706627995053	1706627995105	OK	 
GROUP	PRL_CitizenC100_090_ReachAgreement	1706627994975	1706627995186	204	OK
REQUEST	PRL_CitizenC100_100_LegalRep	PRL_CitizenC100_100_005_LegalRep	1706627995187	1706627995241	OK	 
REQUEST	PRL_CitizenC100_100_LegalRep	PRL_CitizenC100_100_005_LegalRep Redirect 1	1706627995243	1706627995346	OK	 
GROUP	PRL_CitizenC100_100_LegalRep	1706627995186	1706627995446	249	OK
REQUEST	PRL_CitizenC100_110_PermissionFromCourt	PRL_CitizenC100_110_005_PermissionFromCourt	1706627995447	1706627995503	OK	 
REQUEST	PRL_CitizenC100_110_PermissionFromCourt	PRL_CitizenC100_110_005_PermissionFromCourt Redirect 1	1706627995504	1706627995588	OK	 
GROUP	PRL_CitizenC100_110_PermissionFromCourt	1706627995447	1706627995721	263	OK
REQUEST	PRL_CitizenC100_120_WhyPermissionFromCourt	PRL_CitizenC100_120_005_WhyPermissionFromCourt	1706627995721	1706627995792	OK	 
REQUEST	PRL_CitizenC100_120_WhyPermissionFromCourt	PRL_CitizenC100_120_005_WhyPermissionFromCourt Redirect 1	1706627995793	1706627995883	OK	 
GROUP	PRL_CitizenC100_120_WhyPermissionFromCourt	1706627995721	1706627996016	282	OK
REQUEST	PRL_CitizenC100_130_WhyCourtShouldGrant	PRL_CitizenC100_130_005_WhyCourtShouldGrant	1706627996018	1706627996087	OK	 
REQUEST	PRL_CitizenC100_130_WhyCourtShouldGrant	PRL_CitizenC100_130_005_WhyCourtShouldGrant Redirect 1	1706627996088	1706627996302	OK	 
GROUP	PRL_CitizenC100_130_WhyCourtShouldGrant	1706627996017	1706627996408	380	OK
REQUEST	PRL_CitizenC100_140_InvolvedInEmergencyProtection	PRL_CitizenC100_140_005_InvolvedInEmergencyProtection	1706627996408	1706627996563	OK	 
REQUEST	PRL_CitizenC100_140_InvolvedInEmergencyProtection	PRL_CitizenC100_140_005_InvolvedInEmergencyProtection Redirect 1	1706627996567	1706627996664	OK	 
GROUP	PRL_CitizenC100_140_InvolvedInEmergencyProtection	1706627996408	1706627996805	390	OK
REQUEST	PRL_CitizenC100_150_AttendingMIAM	PRL_CitizenC100_150_005_AttendingMIAM	1706627996807	1706627996860	OK	 
REQUEST	PRL_CitizenC100_150_AttendingMIAM	PRL_CitizenC100_150_005_AttendingMIAM Redirect 1	1706627996861	1706627996938	OK	 
GROUP	PRL_CitizenC100_150_AttendingMIAM	1706627996805	1706627997027	211	OK
REQUEST	PRL_CitizenC100_160_AttendedMIAM	PRL_CitizenC100_160_005_AttendedMIAM	1706627997028	1706627997085	OK	 
REQUEST	PRL_CitizenC100_160_AttendedMIAM	PRL_CitizenC100_160_005_AttendedMIAM Redirect 1	1706627997085	1706627997149	OK	 
GROUP	PRL_CitizenC100_160_AttendedMIAM	1706627997027	1706627997241	204	OK
REQUEST	PRL_CitizenC100_170_DocumentSigned	PRL_CitizenC100_170_005_DocumentSigned	1706627997243	1706627997305	OK	 
REQUEST	PRL_CitizenC100_170_DocumentSigned	PRL_CitizenC100_170_005_DocumentSigned Redirect 1	1706627997307	1706627997418	OK	 
GROUP	PRL_CitizenC100_170_DocumentSigned	1706627997242	1706627997531	275	OK
REQUEST	PRL_CitizenC100_180_MIAMUpload	PRL_CitizenC100_180_005_MIAMUpload	1706627997548	1706627999073	OK	 
REQUEST	PRL_CitizenC100_180_MIAMUpload	PRL_CitizenC100_180_005_MIAMUpload Redirect 1	1706627999074	1706627999245	OK	 
GROUP	PRL_CitizenC100_180_MIAMUpload	1706627997531	1706627999398	1836	OK
REQUEST	PRL_CitizenC100_190_MIAMUploadSubmit	PRL_CitizenC100_190_005_MIAMUploadSubmit	1706627999401	1706628031178	KO	status.find.in([200, 209], 304), found 504
GROUP	PRL_CitizenC100_190_MIAMUploadSubmit	1706627999398	1706628031190	31777	KO
USER	***** PRL Citizen Journey *****	END	1706628031194
