ASSERTION	AAECAAIFAAAAAAAAAFlA
RUN	simulations.PRL_Simulation	prl-simulation	1713516277048	 	3.9.5
USER	***** PRL CUI RA Journey *****	START	1713516277678
REQUEST	PRL_CitizenC100_010_PRLHome	PRL_CitizenC100_010_005_PRLHome	1713516277689	1713516277934	OK	 
REQUEST	PRL_CitizenC100_010_PRLHome	PRL_CitizenC100_010_005_PRLHome Redirect 1	1713516277941	1713516278028	OK	 
REQUEST	PRL_CitizenC100_010_PRLHome	PRL_CitizenC100_010_005_PRLHome Redirect 2	1713516278029	1713516278097	OK	 
REQUEST	PRL_CitizenC100_010_PRLHome	PRL_CitizenC100_010_005_PRLHome Redirect 3	1713516278098	1713516278341	OK	 
GROUP	PRL_CitizenC100_010_PRLHome	1713516277679	1713516278732	973	OK
REQUEST	PRL_CitizenC100_020_Login	PRL_CitizenC100_020_005_Login	1713516278734	1713516278879	OK	 
REQUEST	PRL_CitizenC100_020_Login	PRL_CitizenC100_020_005_Login Redirect 1	1713516278879	1713516279333	OK	 
REQUEST	PRL_CitizenC100_020_Login	PRL_CitizenC100_020_005_Login Redirect 2	1713516279335	1713516281305	OK	 
GROUP	PRL_CitizenC100_020_Login	1713516278733	1713516281639	2896	OK
REQUEST	PRL_CitizenC100_CUIRA_030_SelectCase	PRL_CitizenC100_CUIRA_030_SelectCase	1713516281639	1713516285986	OK	 
REQUEST	PRL_CitizenC100_CUIRA_030_SelectCase	PRL_CitizenC100_CUIRA_030_SelectCase Redirect 1	1713516285990	1713516286136	OK	 
GROUP	PRL_CitizenC100_CUIRA_030_SelectCase	1713516281639	1713516286331	4679	OK
REQUEST	PRL_CitizenC100_CUIRA_030_005_SelectCase	PRL_CitizenC100_CUIRA_030_005_SelectCase	1713516286331	1713516286454	OK	 
GROUP	PRL_CitizenC100_CUIRA_030_005_SelectCase	1713516286331	1713516286596	263	OK
REQUEST	PRL_CitizenC100_CUIRA_040_RAIntro	PRL_CitizenC100_CUIRA_040_RAIntro	1713516286596	1713516287854	OK	 
GROUP	PRL_CitizenC100_CUIRA_040_RAIntro	1713516286596	1713516288008	1410	OK
REQUEST	PRL_CitizenC100_CUIRA_050_RAIntro	PRL_CitizenC100_CUIRA_050_RAIntro	1713516288009	1713516288085	OK	 
REQUEST	PRL_CitizenC100_CUIRA_050_RAIntro	PRL_CitizenC100_CUIRA_050_RAIntro Redirect 1	1713516288085	1713516288161	OK	 
REQUEST	PRL_CitizenC100_CUIRA_050_RAIntro	PRL_CitizenC100_CUIRA_050_RAIntro Redirect 2	1713516288162	1713516289963	KO	substring(language-requirements-and-special-arrangements).find.exists, found nothing
GROUP	PRL_CitizenC100_CUIRA_050_RAIntro	1713516288009	1713516289974	1953	KO
USER	***** PRL CUI RA Journey *****	END	1713516289978
