ASSERTION	AAECAAIFAAAAAAAAAFlA
RUN	simulations.PRL_Simulation	prl-simulation	1704890364794	 	3.9.5
USER	***** PRL Citizen Journey *****	START	1704890365507
REQUEST	XUI_010_Homepage	XUI_010_005_Homepage	1704890365516	1704890365859	OK	 
REQUEST	XUI_010_Homepage	XUI_Common_000_ConfigurationUI	1704890370307	1704890370417	OK	 
REQUEST	XUI_010_Homepage	XUI_Common_000_ConfigJson	1704890370420	1704890370780	OK	 
REQUEST	XUI_010_Homepage	XUI_Common_000_TsAndCs	1704890370787	1704890370877	OK	 
REQUEST	XUI_010_Homepage	XUI_Common_000_ConfigUI	1704890370880	1704890370964	OK	 
REQUEST	XUI_010_Homepage	XUI_Common_000_UserDetails	1704890370966	1704890371048	OK	 
REQUEST	XUI_010_Homepage	XUI_Common_000_IsAuthenticated	1704890371052	1704890371143	OK	 
REQUEST	XUI_010_Homepage	XUI_010_010_AuthLogin	1704890371152	1704890371239	OK	 
REQUEST	XUI_010_Homepage	XUI_010_010_AuthLogin Redirect 1	1704890371249	1704890371518	OK	 
REQUEST	XUI_010_Homepage	XUI_010_010_AuthLogin Redirect 2	1704890371523	1704890371723	OK	 
GROUP	XUI_010_Homepage	1704890365509	1704890372395	6743	OK
REQUEST	XUI_020_Login	XUI_020_005_Login	1704890372399	1704890372583	OK	 
REQUEST	XUI_020_Login	XUI_020_005_Login Redirect 1	1704890372589	1704890373437	OK	 
REQUEST	XUI_020_Login	XUI_020_005_Login Redirect 2	1704890373443	1704890373553	OK	 
REQUEST	XUI_020_Login	XUI_Common_000_ConfigurationUI	1704890376569	1704890376659	OK	 
REQUEST	XUI_020_Login	XUI_Common_000_ConfigJson	1704890376660	1704890376741	OK	 
REQUEST	XUI_020_Login	XUI_Common_000_TsAndCs	1704890376742	1704890376843	OK	 
REQUEST	XUI_020_Login	XUI_Common_000_ConfigUI	1704890376845	1704890376963	OK	 
REQUEST	XUI_020_Login	XUI_Common_000_UserDetails	1704890376965	1704890377269	OK	 
REQUEST	XUI_020_Login	XUI_Common_000_IsAuthenticated	1704890377271	1704890377360	OK	 
REQUEST	XUI_020_Login	XUI_Common_000_MonitoringTools	1704890377362	1704890377456	OK	 
GROUP	XUI_020_Login	1704890372395	1704890377478	5028	OK
REQUEST	XUI_PRL_030_TaskTab	XUI_PRL_030_005_SelectIssue	1704890377478	1704890400468	OK	 
GROUP	XUI_PRL_030_TaskTab	1704890377478	1704890400483	22990	OK
REQUEST	XUI_PRL_031_AssignToMe	XUI_PRL_031_005_AssignToMe	1704890400485	1704890400488	KO	j.n.UnknownHostException: manage-case.perftest.platform.hmcts.networkallocation: nodename nor servname provided, or not known
GROUP	XUI_PRL_031_AssignToMe	1704890400483	1704890400494	3	KO
USER	***** PRL Citizen Journey *****	END	1704890400500
