ASSERTION	AAECAAIFAAAAAAAAAFlA
RUN	simulations.PRL_Simulation	prl-simulation	1704903658050	 	3.9.5
USER	***** PRL Citizen Journey *****	START	1704903659051
REQUEST	XUI_010_Homepage	XUI_010_005_Homepage	1704903659060	1704903659365	OK	 
REQUEST	XUI_010_Homepage	XUI_Common_000_ConfigurationUI	1704903664686	1704903664795	OK	 
REQUEST	XUI_010_Homepage	XUI_Common_000_ConfigJson	1704903664800	1704903664895	OK	 
REQUEST	XUI_010_Homepage	XUI_Common_000_TsAndCs	1704903664898	1704903665004	OK	 
REQUEST	XUI_010_Homepage	XUI_Common_000_ConfigUI	1704903665007	1704903665102	OK	 
REQUEST	XUI_010_Homepage	XUI_Common_000_UserDetails	1704903665110	1704903665197	OK	 
REQUEST	XUI_010_Homepage	XUI_Common_000_IsAuthenticated	1704903665201	1704903665308	OK	 
REQUEST	XUI_010_Homepage	XUI_010_010_AuthLogin	1704903665316	1704903665413	OK	 
REQUEST	XUI_010_Homepage	XUI_010_010_AuthLogin Redirect 1	1704903665425	1704903666033	OK	 
REQUEST	XUI_010_Homepage	XUI_010_010_AuthLogin Redirect 2	1704903666038	1704903666367	OK	 
GROUP	XUI_010_Homepage	1704903659053	1704903666994	7818	OK
REQUEST	XUI_020_Login	XUI_020_005_Login	1704903666998	1704903667177	OK	 
REQUEST	XUI_020_Login	XUI_020_005_Login Redirect 1	1704903667182	1704903667817	OK	 
REQUEST	XUI_020_Login	XUI_020_005_Login Redirect 2	1704903667829	1704903667937	OK	 
REQUEST	XUI_020_Login	XUI_Common_000_ConfigurationUI	1704903672531	1704903672615	OK	 
REQUEST	XUI_020_Login	XUI_Common_000_ConfigJson	1704903672617	1704903672719	OK	 
REQUEST	XUI_020_Login	XUI_Common_000_TsAndCs	1704903672723	1704903672815	OK	 
REQUEST	XUI_020_Login	XUI_Common_000_ConfigUI	1704903672816	1704903672917	OK	 
REQUEST	XUI_020_Login	XUI_Common_000_UserDetails	1704903672918	1704903673718	OK	 
REQUEST	XUI_020_Login	XUI_Common_000_IsAuthenticated	1704903673722	1704903673842	OK	 
REQUEST	XUI_020_Login	XUI_Common_000_MonitoringTools	1704903673843	1704903673932	OK	 
GROUP	XUI_020_Login	1704903666994	1704903673964	6891	OK
REQUEST	XUI_PRL_030_CreateCaseStart	XUI_PRL_030_005_CreateCaseStart	1704903673966	1704903674986	OK	 
GROUP	XUI_PRL_030_CreateCaseStart	1704903673965	1704903675001	1020	OK
REQUEST	XUI_PRL_031_Type_Of_Application	XUI_PRL_031_005_Type_Of_Application	1704903675005	1704903675647	OK	 
GROUP	XUI_PRL_031_Type_Of_Application	1704903675001	1704903675650	642	OK
REQUEST	XUI_PRL_032_ApplicationCheckYourAnswers	XUI_PRL_032_005_ApplicationCheckYourAnswers	1704903675653	1704903685514	OK	 
GROUP	XUI_PRL_032_ApplicationCheckYourAnswers	1704903675650	1704903685534	9861	OK
REQUEST	XUI_PRL_033_ApplicationDetails	XUI_PRL_033_005_ApplicationDetails	1704903685534	1704903687990	OK	 
GROUP	XUI_PRL_033_ApplicationDetails	1704903685534	1704903688026	2456	OK
REQUEST	XUI_PRL_034_EnterApplicationDetails	XUI_PRL_034_005_EnterApplicationDetails	1704903688026	1704903688782	OK	 
GROUP	XUI_PRL_034_EnterApplicationDetails	1704903688026	1704903688784	756	OK
REQUEST	XUI_PRL_035_SubmitApplicationDetails	XUI_PRL_035_005_SubmitApplicationDetails	1704903688785	1704903693572	OK	 
GROUP	XUI_PRL_035_SubmitApplicationDetails	1704903688784	1704903693575	4787	OK
REQUEST	XUI_PRL_036_SubmitAndPay	XUI_PRL_036_005_SubmitAndPay	1704903693582	1704903723663	KO	status.find.in([200, 209], 304), found 504
GROUP	XUI_PRL_036_SubmitAndPay	1704903693575	1704903723678	30081	KO
USER	***** PRL Citizen Journey *****	END	1704903723681
