ASSERTION	AAECAAMFAAAAAAAAAFlA
RUN	simulations.PRL_Simulation	prl-simulation	1689858609156	 	3.3.1
USER	***** Private Law Create Case *****	1	START	1689858609389	1689858609389
REQUEST	1	XUI_010_Homepage	XUI_010_005_Homepage	1689858609402	1689858609403	KO	j.n.UnknownHostException: prl-cos-perftest.service.core-compute-perftest.internal: nodename nor servname provided, or not known
REQUEST	1	XUI_010_Homepage	XUI_Common_000_ConfigurationUI	1689858609410	1689858609501	OK	 
REQUEST	1	XUI_010_Homepage	XUI_Common_000_ConfigJson	1689858609510	1689858609585	OK	 
REQUEST	1	XUI_010_Homepage	XUI_Common_000_TsAndCs	1689858609588	1689858609621	OK	 
REQUEST	1	XUI_010_Homepage	XUI_Common_000_ConfigUI	1689858609621	1689858609673	OK	 
REQUEST	1	XUI_010_Homepage	XUI_Common_000_UserDetails	1689858609674	1689858609809	OK	 
REQUEST	1	XUI_010_Homepage	XUI_Common_000_IsAuthenticated	1689858609810	1689858609834	OK	 
REQUEST	1	XUI_010_Homepage	XUI_010_010_AuthLogin	1689858609836	1689858609902	OK	 
REQUEST	1	XUI_010_Homepage	XUI_010_010_AuthLogin Redirect 1	1689858609905	1689858610256	OK	 
REQUEST	1	XUI_010_Homepage	XUI_010_010_AuthLogin Redirect 2	1689858610260	1689858610302	OK	 
GROUP	1	XUI_010_Homepage	1689858609394	1689858610478	987	KO
REQUEST	1	XUI_020_Login	XUI_020_005_Login	1689858610480	1689858610969	OK	 
REQUEST	1	XUI_020_Login	XUI_020_005_Login Redirect 1	1689858610971	1689858611603	OK	 
REQUEST	1	XUI_020_Login	XUI_020_005_Login Redirect 2	1689858611605	1689858611634	OK	 
REQUEST	1	XUI_020_Login	XUI_Common_000_ConfigurationUI	1689858612568	1689858612608	OK	 
REQUEST	1	XUI_020_Login	XUI_Common_000_ConfigJson	1689858612609	1689858612652	OK	 
REQUEST	1	XUI_020_Login	XUI_Common_000_TsAndCs	1689858612654	1689858612692	OK	 
REQUEST	1	XUI_020_Login	XUI_Common_000_ConfigUI	1689858612693	1689858612737	OK	 
REQUEST	1	XUI_020_Login	XUI_Common_000_UserDetails	1689858612738	1689858613223	OK	 
REQUEST	1	XUI_020_Login	XUI_Common_000_IsAuthenticated	1689858613225	1689858613265	OK	 
REQUEST	1	XUI_020_Login	XUI_Common_000_MonitoringTools	1689858613267	1689858613345	OK	 
GROUP	1	XUI_020_Login	1689858610478	1689858613361	2848	OK
REQUEST	1	XUI_PRL_030_SelectCase	XUI_PRL_040_005_SelectIssue	1689858613370	1689858621314	OK	 
REQUEST	1	XUI_PRL_030_SelectCase	XUI_Common_000_UserDetails	1689858621328	1689858621354	OK	 
GROUP	1	XUI_PRL_030_SelectCase	1689858613362	1689858621356	7970	OK
REQUEST	1	XUI_PRL_050_LocalCourt	XUI_PRL_050_005_LocalCourt	1689858621357	1689858623488	OK	 
REQUEST	1	XUI_PRL_050_LocalCourt	XUI_Common_000_UserDetails	1689858623489	1689858623514	OK	 
GROUP	1	XUI_PRL_050_LocalCourt	1689858621356	1689858623515	2156	OK
REQUEST	1	XUI_PRL_060_LocalCourtSubmit	XUI_PRL_060_005_LocalCourtSubmit	1689858623516	1689858648252	OK	 
REQUEST	1	XUI_PRL_060_LocalCourtSubmit	XUI_Common_000_UserDetails	1689858648262	1689858648313	OK	 
GROUP	1	XUI_PRL_060_LocalCourtSubmit	1689858623515	1689858648314	24787	OK
REQUEST	1	XUI_PRL_070_SendToGateKeeper	XUI_PRL_070_005_SendToGateKeeper	1689858648314	1689858652647	OK	 
REQUEST	1	XUI_PRL_070_SendToGateKeeper	XUI_Common_000_UserDetails	1689858652651	1689858652678	OK	 
GROUP	1	XUI_PRL_070_SendToGateKeeper	1689858648314	1689858652679	4360	OK
REQUEST	1	XUI_PRL_080_AddGateKeeper	XUI_PRL_080_005_AddGateKeeper	1689858652679	1689858655004	OK	 
GROUP	1	XUI_PRL_080_AddGateKeeper	1689858652679	1689858655005	2325	OK
REQUEST	1	XUI_PRL_090_GateKeeperSubmit	XUI_PRL_090_005_GateKeeperSubmit	1689858655006	1689858657671	OK	 
GROUP	1	XUI_PRL_090_GateKeeperSubmit	1689858655005	1689858657677	2665	OK
REQUEST	1	XUI_PRL_100_ManageOrders	XUI_PRL_100_005_ManageOrders	1689858657678	1689858670432	OK	 
REQUEST	1	XUI_PRL_100_ManageOrders	XUI_Common_000_UserDetails	1689858670576	1689858670613	OK	 
GROUP	1	XUI_PRL_100_ManageOrders	1689858657677	1689858670614	12791	OK
REQUEST	1	XUI_PRL_110_CreateOrder	XUI_PRL_110_005_reateOrder	1689858670614	1689858672394	OK	 
GROUP	1	XUI_PRL_110_CreateOrder	1689858670614	1689858672396	1780	OK
REQUEST	1	XUI_PRL_120_SelectOrder	XUI_PRL_120_005_SelectOrder	1689858672397	1689858678683	OK	 
GROUP	1	XUI_PRL_120_SelectOrder	1689858672396	1689858678686	6286	OK
REQUEST	1	XUI_PRL_130_OrderDetails	XUI_PRL_130_005_OrderDetails	1689858678687	1689858691192	OK	 
GROUP	1	XUI_PRL_130_OrderDetails	1689858678686	1689858691204	12505	OK
REQUEST	1	XUI_PRL_140_GuardianName	XUI_PRL_140_005_GuardianName	1689858691204	1689858697929	KO	substring(previewOrderDoc).find.exists, found nothing
GROUP	1	XUI_PRL_140_GuardianName	1689858691204	1689858697933	6725	KO
USER	***** Private Law Create Case *****	1	END	1689858609389	1689858697936
