ASSERTION	AAECAAIFAAAAAAAAAFlA
RUN	simulations.PRL_Simulation	prl-simulation	1706788865207	 	3.9.5
USER	***** PRL Citizen Journey *****	START	1706788865669
REQUEST	XUI_010_Homepage	XUI_010_005_Homepage	1706788865676	1706788865763	OK	 
REQUEST	XUI_010_Homepage	XUI_Common_000_ConfigurationUI	1706788866854	1706788866885	OK	 
REQUEST	XUI_010_Homepage	XUI_Common_000_ConfigJson	1706788866886	1706788866911	OK	 
REQUEST	XUI_010_Homepage	XUI_Common_000_TsAndCs	1706788866912	1706788866939	OK	 
REQUEST	XUI_010_Homepage	XUI_Common_000_ConfigUI	1706788866939	1706788866970	OK	 
REQUEST	XUI_010_Homepage	XUI_Common_000_UserDetails	1706788866970	1706788867006	OK	 
REQUEST	XUI_010_Homepage	XUI_Common_000_IsAuthenticated	1706788867007	1706788867041	OK	 
REQUEST	XUI_010_Homepage	XUI_010_010_AuthLogin	1706788867043	1706788867071	OK	 
REQUEST	XUI_010_Homepage	XUI_010_010_AuthLogin Redirect 1	1706788867074	1706788867173	OK	 
REQUEST	XUI_010_Homepage	XUI_010_010_AuthLogin Redirect 2	1706788867176	1706788867280	OK	 
GROUP	XUI_010_Homepage	1706788865669	1706788867624	1859	OK
REQUEST	XUI_020_Login	XUI_020_005_Login	1706788867629	1706788867773	OK	 
REQUEST	XUI_020_Login	XUI_020_005_Login Redirect 1	1706788867774	1706788868375	OK	 
REQUEST	XUI_020_Login	XUI_020_005_Login Redirect 2	1706788868379	1706788868425	OK	 
REQUEST	XUI_020_Login	XUI_Common_000_ConfigurationUI	1706788869530	1706788869561	OK	 
REQUEST	XUI_020_Login	XUI_Common_000_ConfigJson	1706788869563	1706788869597	OK	 
REQUEST	XUI_020_Login	XUI_Common_000_TsAndCs	1706788869599	1706788869634	OK	 
REQUEST	XUI_020_Login	XUI_Common_000_ConfigUI	1706788869636	1706788869669	OK	 
REQUEST	XUI_020_Login	XUI_Common_000_UserDetails	1706788869672	1706788870232	OK	 
REQUEST	XUI_020_Login	XUI_Common_000_IsAuthenticated	1706788870235	1706788870303	OK	 
REQUEST	XUI_020_Login	XUI_Common_000_MonitoringTools	1706788870305	1706788870370	OK	 
GROUP	XUI_020_Login	1706788867624	1706788870391	2715	OK
REQUEST	XUI_010_Homepage	XUI_010_005_Homepage	1706788870392	1706788870416	OK	 
REQUEST	XUI_010_Homepage	XUI_Common_000_ConfigurationUI	1706788871455	1706788871487	OK	 
REQUEST	XUI_010_Homepage	XUI_Common_000_ConfigJson	1706788871488	1706788871513	OK	 
REQUEST	XUI_010_Homepage	XUI_Common_000_TsAndCs	1706788871513	1706788871542	OK	 
REQUEST	XUI_010_Homepage	XUI_Common_000_ConfigUI	1706788871542	1706788871583	OK	 
REQUEST	XUI_010_Homepage	XUI_Common_000_UserDetails	1706788871584	1706788871629	OK	 
REQUEST	XUI_010_Homepage	XUI_Common_000_IsAuthenticated	1706788871629	1706788871654	OK	 
REQUEST	XUI_010_Homepage	XUI_010_010_AuthLogin	1706788871654	1706788871682	OK	 
REQUEST	XUI_010_Homepage	XUI_010_010_AuthLogin Redirect 1	1706788871682	1706788871726	OK	 
REQUEST	XUI_010_Homepage	XUI_010_010_AuthLogin Redirect 2	1706788871726	1706788871805	OK	 
GROUP	XUI_010_Homepage	1706788870392	1706788871999	1595	OK
REQUEST	XUI_020_Login	XUI_020_005_Login	1706788871999	1706788872164	OK	 
REQUEST	XUI_020_Login	XUI_020_005_Login Redirect 1	1706788872166	1706788872838	OK	 
REQUEST	XUI_020_Login	XUI_020_005_Login Redirect 2	1706788872839	1706788872878	OK	 
REQUEST	XUI_020_Login	XUI_Common_000_ConfigurationUI	1706788873923	1706788873951	OK	 
REQUEST	XUI_020_Login	XUI_Common_000_ConfigJson	1706788873951	1706788873981	OK	 
REQUEST	XUI_020_Login	XUI_Common_000_TsAndCs	1706788873982	1706788874015	OK	 
REQUEST	XUI_020_Login	XUI_Common_000_ConfigUI	1706788874016	1706788874081	OK	 
REQUEST	XUI_020_Login	XUI_Common_000_UserDetails	1706788874082	1706788874477	OK	 
REQUEST	XUI_020_Login	XUI_Common_000_IsAuthenticated	1706788874479	1706788874510	OK	 
REQUEST	XUI_020_Login	XUI_Common_000_MonitoringTools	1706788874516	1706788874547	OK	 
GROUP	XUI_020_Login	1706788871999	1706788874548	2532	OK
REQUEST	XUI_PRL_030_TaskTab	XUI_PRL_030_005_SelectIssue	1706788874548	1706788875500	OK	 
GROUP	XUI_PRL_030_TaskTab	1706788874548	1706788875506	952	OK
REQUEST	XUI_PRL_031_AssignToMe	XUI_PRL_031_005_AssignToMe	1706788875508	1706788876820	OK	 
GROUP	XUI_PRL_031_AssignToMe	1706788875506	1706788876820	1312	OK
REQUEST	XUI_PRL_040_SelectCase	XUI_PRL_040_005_SelectIssue	1706788876822	1706788880047	OK	 
REQUEST	XUI_PRL_040_SelectCase	XUI_Common_000_UserDetails	1706788880066	1706788880101	OK	 
GROUP	XUI_PRL_040_SelectCase	1706788876820	1706788880104	3260	OK
REQUEST	XUI_PRL_050_LocalCourt	XUI_PRL_050_005_LocalCourt	1706788880107	1706788881647	OK	 
REQUEST	XUI_PRL_050_LocalCourt	XUI_Common_000_UserDetails	1706788881652	1706788881690	OK	 
GROUP	XUI_PRL_050_LocalCourt	1706788880104	1706788881692	1578	OK
REQUEST	XUI_PRL_060_LocalCourtSubmit	XUI_PRL_060_005_LocalCourtSubmit	1706788881693	1706788903934	OK	 
REQUEST	XUI_PRL_060_LocalCourtSubmit	XUI_Common_000_UserDetails	1706788903938	1706788903969	OK	 
GROUP	XUI_PRL_060_LocalCourtSubmit	1706788881692	1706788903969	22272	OK
REQUEST	XUI_PRL_070_SendToGateKeeper	XUI_PRL_070_005_SendToGateKeeper	1706788903969	1706788906947	OK	 
REQUEST	XUI_PRL_070_SendToGateKeeper	XUI_Common_000_UserDetails	1706788906958	1706788907012	OK	 
GROUP	XUI_PRL_070_SendToGateKeeper	1706788903969	1706788907012	3032	OK
REQUEST	XUI_PRL_080_AddGateKeeper	XUI_PRL_080_005_AddGateKeeper	1706788907013	1706788908189	OK	 
GROUP	XUI_PRL_080_AddGateKeeper	1706788907013	1706788908192	1176	OK
REQUEST	XUI_PRL_090_GateKeeperSubmit	XUI_PRL_090_005_GateKeeperSubmit	1706788908193	1706788910127	OK	 
GROUP	XUI_PRL_090_GateKeeperSubmit	1706788908192	1706788910131	1934	OK
REQUEST	XUI_PRL_180_ServiceOfApplication	XUI_PRL_180_005_ServiceOfApplication	1706788910132	1706788911728	OK	 
REQUEST	XUI_PRL_180_ServiceOfApplication	XUI_Common_000_UserDetails	1706788911743	1706788911774	OK	 
GROUP	XUI_PRL_180_ServiceOfApplication	1706788910131	1706788911775	1627	OK
REQUEST	XUI_PRL_190_PD36QUpload	XUI_PRL_190_005_PD36QUpload	1706788911783	1706788912982	OK	 
GROUP	XUI_PRL_190_PD36QUpload	1706788911775	1706788912986	1199	OK
REQUEST	XUI_PRL_200_SpecialArrangementsUpload	XUI_PRL_200_005_SpecialArrangementsUpload	1706788912987	1706788914305	OK	 
GROUP	XUI_PRL_200_SpecialArrangementsUpload	1706788912986	1706788914307	1318	OK
REQUEST	XUI_PRL_210_AdditionalDocumentsUpload	XUI_PRL_210_005_AdditionalDocumentsUpload	1706788914308	1706788915028	OK	 
GROUP	XUI_PRL_210_AdditionalDocumentsUpload	1706788914307	1706788915031	720	OK
REQUEST	XUI_PRL_220_DocumentUpload	XUI_PRL_220_005_DocumentUpload	1706788915032	1706788915644	OK	 
GROUP	XUI_PRL_220_DocumentUpload	1706788915031	1706788915646	612	OK
REQUEST	XUI_PRL_230_PersonallyServed	XUI_PRL_230_005_PersonallyServed	1706788915648	1706788916462	OK	 
GROUP	XUI_PRL_230_PersonallyServed	1706788915646	1706788916463	814	OK
USER	***** PRL Citizen Journey *****	END	1706788916472
