ASSERTION	AAECAAIFAAAAAAAAAFlA
RUN	simulations.PRL_Simulation	prl-simulation	1713461306396	 	3.9.5
USER	***** PRL CUI RA Journey *****	START	1713461307267
REQUEST	PRL_CitizenC100_010_PRLHome	PRL_CitizenC100_010_005_PRLHome	1713461307278	1713461307464	OK	 
REQUEST	PRL_CitizenC100_010_PRLHome	PRL_CitizenC100_010_005_PRLHome Redirect 1	1713461307471	1713461307542	OK	 
REQUEST	PRL_CitizenC100_010_PRLHome	PRL_CitizenC100_010_005_PRLHome Redirect 2	1713461307543	1713461307605	OK	 
REQUEST	PRL_CitizenC100_010_PRLHome	PRL_CitizenC100_010_005_PRLHome Redirect 3	1713461307605	1713461307753	OK	 
GROUP	PRL_CitizenC100_010_PRLHome	1713461307268	1713461308085	748	OK
REQUEST	PRL_CitizenC100_020_Login	PRL_CitizenC100_020_005_Login	1713461308087	1713461308205	OK	 
REQUEST	PRL_CitizenC100_020_Login	PRL_CitizenC100_020_005_Login Redirect 1	1713461308206	1713461308615	OK	 
REQUEST	PRL_CitizenC100_020_Login	PRL_CitizenC100_020_005_Login Redirect 2	1713461308616	1713461310913	OK	 
GROUP	PRL_CitizenC100_020_Login	1713461308085	1713461311133	3037	OK
REQUEST	PRL_CitizenC100_CUIRA_030_SelectCase	PRL_CitizenC100_CUIRA_030_SelectCase	1713461311134	1713461314631	OK	 
REQUEST	PRL_CitizenC100_CUIRA_030_SelectCase	PRL_CitizenC100_CUIRA_030_SelectCase Redirect 1	1713461314632	1713461314769	OK	 
GROUP	PRL_CitizenC100_CUIRA_030_SelectCase	1713461311133	1713461314954	3813	OK
REQUEST	PRL_CitizenC100_CUIRA_030_005_SelectCase	PRL_CitizenC100_CUIRA_030_005_SelectCase	1713461314955	1713461315046	OK	 
GROUP	PRL_CitizenC100_CUIRA_030_005_SelectCase	1713461314955	1713461315181	223	OK
REQUEST	PRL_CitizenC100_CUIRA_040_RAIntro	PRL_CitizenC100_CUIRA_040_RAIntro	1713461315182	1713461316103	OK	 
GROUP	PRL_CitizenC100_CUIRA_040_RAIntro	1713461315181	1713461316259	1072	OK
REQUEST	PRL_CitizenC100_CUIRA_050_RAIntro	PRL_CitizenC100_CUIRA_050_RAIntro	1713461316260	1713461316331	OK	 
REQUEST	PRL_CitizenC100_CUIRA_050_RAIntro	PRL_CitizenC100_CUIRA_050_RAIntro Redirect 1	1713461316332	1713461316432	OK	 
REQUEST	PRL_CitizenC100_CUIRA_050_RAIntro	PRL_CitizenC100_CUIRA_050_RAIntro Redirect 2	1713461316432	1713461317401	KO	substring(Language requirements).find.exists, found nothing
GROUP	PRL_CitizenC100_CUIRA_050_RAIntro	1713461316259	1713461317410	1140	KO
USER	***** PRL CUI RA Journey *****	END	1713461317414
