ASSERTION	AAECAAMFAAAAAAAAAFlA
RUN	simulations.XUI_Simulation	xui-simulation	1671024262741	 	3.3.1
USER	***** Private Law Create Case *****	1	START	1671024263756	1671024263756
REQUEST	1	PRL_CitizenC100_010_PRLHome	PRL_CitizenC100_010_005_PRLHome	1671024263793	1671024263917	OK	 
REQUEST	1	PRL_CitizenC100_010_PRLHome	PRL_CitizenC100_010_005_PRLHome Redirect 1	1671024263933	1671024263979	OK	 
REQUEST	1	PRL_CitizenC100_010_PRLHome	PRL_CitizenC100_010_005_PRLHome Redirect 2	1671024263980	1671024264061	OK	 
GROUP	1	PRL_CitizenC100_010_PRLHome	1671024263764	1671024264349	435	OK
REQUEST	1	PRL_CitizenC100_020_Login	PRL_CitizenC100_020_005_Login	1671024264356	1671024264927	OK	 
REQUEST	1	PRL_CitizenC100_020_Login	PRL_CitizenC100_020_005_Login Redirect 1	1671024264930	1671024265335	OK	 
REQUEST	1	PRL_CitizenC100_020_Login	PRL_CitizenC100_020_005_Login Redirect 2	1671024265338	1671024268908	OK	 
GROUP	1	PRL_CitizenC100_020_Login	1671024264349	1671024269059	4679	OK
REQUEST	1	PRL_CitizenC100_030_StartApplication	PRL_CitizenC100_030_005_StartApplication	1671024269061	1671024269139	OK	 
GROUP	1	PRL_CitizenC100_030_StartApplication	1671024269059	1671024269241	163	OK
REQUEST	1	PRL_CitizenC100_040_WhatYouWillNeed	PRL_CitizenC100_040_005_WhatYouWillNeed	1671024269243	1671024279363	OK	 
REQUEST	1	PRL_CitizenC100_040_WhatYouWillNeed	PRL_CitizenC100_040_005_WhatYouWillNeed Redirect 1	1671024279366	1671024279412	OK	 
GROUP	1	PRL_CitizenC100_040_WhatYouWillNeed	1671024269242	1671024279540	10275	OK
REQUEST	1	PRL_CitizenC100_050_CaseName	PRL_CitizenC100_050_005_CaseName	1671024279542	1671024279594	OK	 
REQUEST	1	PRL_CitizenC100_050_CaseName	PRL_CitizenC100_050_005_CaseName Redirect 1	1671024279596	1671024279668	OK	 
GROUP	1	PRL_CitizenC100_050_CaseName	1671024279540	1671024279748	199	OK
REQUEST	1	PRL_CitizenC100_060_ChildrenPostCode	PRL_CitizenC100_060_005_ChildrenPostCode	1671024279749	1671024279786	OK	 
REQUEST	1	PRL_CitizenC100_060_ChildrenPostCode	PRL_CitizenC100_060_005_ChildrenPostCode Redirect 1	1671024279786	1671024279844	OK	 
GROUP	1	PRL_CitizenC100_060_ChildrenPostCode	1671024279748	1671024279949	194	OK
REQUEST	1	PRL_CitizenC100_070_WrittenAgreement	PRL_CitizenC100_070_005_WrittenAgreement	1671024279950	1671024280001	OK	 
REQUEST	1	PRL_CitizenC100_070_WrittenAgreement	PRL_CitizenC100_070_005_WrittenAgreement Redirect 1	1671024280001	1671024280054	OK	 
GROUP	1	PRL_CitizenC100_070_WrittenAgreement	1671024279949	1671024280126	172	OK
REQUEST	1	PRL_CitizenC100_080_BeforeCourt	PRL_CitizenC100_080_005_BeforeCourt	1671024280126	1671024280162	OK	 
REQUEST	1	PRL_CitizenC100_080_BeforeCourt	PRL_CitizenC100_080_005_BeforeCourt Redirect 1	1671024280162	1671024280293	OK	 
GROUP	1	PRL_CitizenC100_080_BeforeCourt	1671024280126	1671024280387	254	OK
REQUEST	1	PRL_CitizenC100_090_ReachAgreement	PRL_CitizenC100_090_005_ReachAgreement	1671024280388	1671024280421	OK	 
REQUEST	1	PRL_CitizenC100_090_ReachAgreement	PRL_CitizenC100_090_005_ReachAgreement Redirect 1	1671024280422	1671024280460	OK	 
GROUP	1	PRL_CitizenC100_090_ReachAgreement	1671024280387	1671024280546	155	OK
REQUEST	1	PRL_CitizenC100_100_LegalRep	PRL_CitizenC100_100_005_LegalRep	1671024280549	1671024280588	OK	 
REQUEST	1	PRL_CitizenC100_100_LegalRep	PRL_CitizenC100_100_005_LegalRep Redirect 1	1671024280589	1671024280656	OK	 
GROUP	1	PRL_CitizenC100_100_LegalRep	1671024280546	1671024280735	182	OK
REQUEST	1	PRL_CitizenC100_110_PermissionFromCourt	PRL_CitizenC100_110_005_PermissionFromCourt	1671024280738	1671024280770	OK	 
REQUEST	1	PRL_CitizenC100_110_PermissionFromCourt	PRL_CitizenC100_110_005_PermissionFromCourt Redirect 1	1671024280771	1671024280815	OK	 
GROUP	1	PRL_CitizenC100_110_PermissionFromCourt	1671024280735	1671024280928	187	OK
REQUEST	1	PRL_CitizenC100_120_WhyPermissionFromCourt	PRL_CitizenC100_120_005_WhyPermissionFromCourt	1671024280929	1671024280967	OK	 
REQUEST	1	PRL_CitizenC100_120_WhyPermissionFromCourt	PRL_CitizenC100_120_005_WhyPermissionFromCourt Redirect 1	1671024280968	1671024281014	OK	 
GROUP	1	PRL_CitizenC100_120_WhyPermissionFromCourt	1671024280928	1671024281083	147	OK
REQUEST	1	PRL_CitizenC100_130_WhyCourtShouldGrant	PRL_CitizenC100_130_005_WhyCourtShouldGrant	1671024281083	1671024281137	OK	 
REQUEST	1	PRL_CitizenC100_130_WhyCourtShouldGrant	PRL_CitizenC100_130_005_WhyCourtShouldGrant Redirect 1	1671024281138	1671024281184	OK	 
GROUP	1	PRL_CitizenC100_130_WhyCourtShouldGrant	1671024281083	1671024281286	197	OK
REQUEST	1	PRL_CitizenC100_140_InvolvedInEmergencyProtection	PRL_CitizenC100_140_005_InvolvedInEmergencyProtection	1671024281289	1671024281323	OK	 
REQUEST	1	PRL_CitizenC100_140_InvolvedInEmergencyProtection	PRL_CitizenC100_140_005_InvolvedInEmergencyProtection Redirect 1	1671024281325	1671024281367	OK	 
GROUP	1	PRL_CitizenC100_140_InvolvedInEmergencyProtection	1671024281287	1671024281482	185	OK
REQUEST	1	PRL_CitizenC100_150_AttendingMIAM	PRL_CitizenC100_150_005_AttendingMIAM	1671024281483	1671024281519	OK	 
REQUEST	1	PRL_CitizenC100_150_AttendingMIAM	PRL_CitizenC100_150_005_AttendingMIAM Redirect 1	1671024281520	1671024281573	OK	 
GROUP	1	PRL_CitizenC100_150_AttendingMIAM	1671024281482	1671024281639	152	OK
REQUEST	1	PRL_CitizenC100_160_AttendedMIAM	PRL_CitizenC100_160_005_AttendedMIAM	1671024281639	1671024281712	OK	 
REQUEST	1	PRL_CitizenC100_160_AttendedMIAM	PRL_CitizenC100_160_005_AttendedMIAM Redirect 1	1671024281714	1671024281751	OK	 
GROUP	1	PRL_CitizenC100_160_AttendedMIAM	1671024281639	1671024281822	178	OK
REQUEST	1	PRL_CitizenC100_170_DocumentSigned	PRL_CitizenC100_170_005_DocumentSigned	1671024281823	1671024281854	OK	 
REQUEST	1	PRL_CitizenC100_170_DocumentSigned	PRL_CitizenC100_170_005_DocumentSigned Redirect 1	1671024281855	1671024281892	OK	 
GROUP	1	PRL_CitizenC100_170_DocumentSigned	1671024281822	1671024281992	151	OK
REQUEST	1	PRL_CitizenC100_200_MIAMUploadContinue	PRL_CitizenC100_200_005_MIAMUploadContinue	1671024281993	1671024282027	OK	 
REQUEST	1	PRL_CitizenC100_200_MIAMUploadContinue	PRL_CitizenC100_200_005_MIAMUploadContinue Redirect 1	1671024282029	1671024282073	OK	 
GROUP	1	PRL_CitizenC100_200_MIAMUploadContinue	1671024281992	1671024282151	152	OK
REQUEST	1	PRL_CitizenC100_210_AskingCourtToDo	PRL_CitizenC100_210_005_AskingCourtToDo	1671024282151	1671024282233	OK	 
REQUEST	1	PRL_CitizenC100_210_AskingCourtToDo	PRL_CitizenC100_210_005_AskingCourtToDo Redirect 1	1671024282237	1671024282281	OK	 
GROUP	1	PRL_CitizenC100_210_AskingCourtToDo	1671024282151	1671024282397	234	OK
REQUEST	1	PRL_CitizenC100_220_WouldLikeCourtTo	PRL_CitizenC100_220_005_WouldLikeCourtTo	1671024282398	1671024282437	OK	 
REQUEST	1	PRL_CitizenC100_220_WouldLikeCourtTo	PRL_CitizenC100_220_005_WouldLikeCourtTo Redirect 1	1671024282438	1671024282476	OK	 
GROUP	1	PRL_CitizenC100_220_WouldLikeCourtTo	1671024282397	1671024282540	136	OK
REQUEST	1	PRL_CitizenC100_230_DescribeWhatCourt	PRL_CitizenC100_230_005_DescribeWhatCourt	1671024282542	1671024282578	OK	 
REQUEST	1	PRL_CitizenC100_230_DescribeWhatCourt	PRL_CitizenC100_230_005_DescribeWhatCourt Redirect 1	1671024282578	1671024282613	OK	 
GROUP	1	PRL_CitizenC100_230_DescribeWhatCourt	1671024282540	1671024282688	142	OK
REQUEST	1	PRL_CitizenC100_240_UrgentFirstHearing	PRL_CitizenC100_240_005_UrgentFirstHearing	1671024282688	1671024282721	OK	 
REQUEST	1	PRL_CitizenC100_240_UrgentFirstHearing	PRL_CitizenC100_240_005_UrgentFirstHearing Redirect 1	1671024282722	1671024282767	OK	 
GROUP	1	PRL_CitizenC100_240_UrgentFirstHearing	1671024282688	1671024282870	178	OK
REQUEST	1	PRL_CitizenC100_250_UrgentHearingDetails	PRL_CitizenC100_250_005_UrgentHearingDetails	1671024282871	1671024282905	OK	 
REQUEST	1	PRL_CitizenC100_250_UrgentHearingDetails	PRL_CitizenC100_250_005_UrgentHearingDetails Redirect 1	1671024282905	1671024282955	OK	 
GROUP	1	PRL_CitizenC100_250_UrgentHearingDetails	1671024282870	1671024283060	183	OK
REQUEST	1	PRL_CitizenC100_260_AskingForWithoutNotice	PRL_CitizenC100_260_005_AskingForWithoutNotice	1671024283060	1671024283095	OK	 
REQUEST	1	PRL_CitizenC100_260_AskingForWithoutNotice	PRL_CitizenC100_260_005_AskingForWithoutNotice Redirect 1	1671024283096	1671024283136	OK	 
GROUP	1	PRL_CitizenC100_260_AskingForWithoutNotice	1671024283060	1671024283254	189	OK
REQUEST	1	PRL_CitizenC100_270_WithoutNoticeDetails	PRL_CitizenC100_270_005_WithoutNoticeDetails	1671024283255	1671024283289	OK	 
REQUEST	1	PRL_CitizenC100_270_WithoutNoticeDetails	PRL_CitizenC100_270_005_WithoutNoticeDetails Redirect 1	1671024283289	1671024283342	OK	 
GROUP	1	PRL_CitizenC100_270_WithoutNoticeDetails	1671024283254	1671024283415	156	OK
REQUEST	1	PRL_CitizenC100_280_ChildrenName	PRL_CitizenC100_280_005_ChildrenName	1671024283416	1671024283452	KO	headerRegex((location,c100-rebuild\\/child-details\\/(.{8}-.{4}-.{4}-.{4}-.{12})\\/child-matters)).find.exists, found nothing
GROUP	1	PRL_CitizenC100_280_ChildrenName	1671024283415	1671024283463	36	KO
USER	***** Private Law Create Case *****	1	END	1671024263756	1671024283471
