ASSERTION	AAECAAMFAAAAAAAAAFlA
RUN	simulations.XUI_Simulation	xui-simulation	1678808027625	 	3.3.1
USER	***** Private Law Create Case *****	1	START	1678808028863	1678808028863
REQUEST	1	PRL_CitizenC100_010_PRLHome	PRL_CitizenC100_010_005_PRLHome	1678808028900	1678808029044	OK	 
REQUEST	1	PRL_CitizenC100_010_PRLHome	PRL_CitizenC100_010_005_PRLHome Redirect 1	1678808029082	1678808029158	OK	 
REQUEST	1	PRL_CitizenC100_010_PRLHome	PRL_CitizenC100_010_005_PRLHome Redirect 2	1678808029164	1678808029244	OK	 
GROUP	1	PRL_CitizenC100_010_PRLHome	1678808028874	1678808029563	503	OK
REQUEST	1	PRL_CitizenC100_020_Login	PRL_CitizenC100_020_005_Login	1678808029569	1678808030118	OK	 
REQUEST	1	PRL_CitizenC100_020_Login	PRL_CitizenC100_020_005_Login Redirect 1	1678808030129	1678808030528	OK	 
REQUEST	1	PRL_CitizenC100_020_Login	PRL_CitizenC100_020_005_Login Redirect 2	1678808030532	1678808033985	OK	 
GROUP	1	PRL_CitizenC100_020_Login	1678808029563	1678808034175	4556	OK
REQUEST	1	PRL_CitizenC100_030_StartApplication	PRL_CitizenC100_030_005_StartApplication	1678808034176	1678808034285	OK	 
GROUP	1	PRL_CitizenC100_030_StartApplication	1678808034176	1678808034362	164	OK
REQUEST	1	PRL_CitizenC100_040_WhatYouWillNeed	PRL_CitizenC100_040_005_WhatYouWillNeed	1678808034362	1678808044331	OK	 
REQUEST	1	PRL_CitizenC100_040_WhatYouWillNeed	PRL_CitizenC100_040_005_WhatYouWillNeed Redirect 1	1678808044336	1678808044412	OK	 
GROUP	1	PRL_CitizenC100_040_WhatYouWillNeed	1678808034362	1678808044502	10113	OK
REQUEST	1	PRL_CitizenC100_050_CaseName	PRL_CitizenC100_050_005_CaseName	1678808044504	1678808044551	OK	 
REQUEST	1	PRL_CitizenC100_050_CaseName	PRL_CitizenC100_050_005_CaseName Redirect 1	1678808044554	1678808044585	OK	 
GROUP	1	PRL_CitizenC100_050_CaseName	1678808044503	1678808044651	129	OK
REQUEST	1	PRL_CitizenC100_060_ChildrenPostCode	PRL_CitizenC100_060_005_ChildrenPostCode	1678808044653	1678808044687	OK	 
REQUEST	1	PRL_CitizenC100_060_ChildrenPostCode	PRL_CitizenC100_060_005_ChildrenPostCode Redirect 1	1678808044688	1678808044762	OK	 
GROUP	1	PRL_CitizenC100_060_ChildrenPostCode	1678808044651	1678808044818	156	OK
REQUEST	1	PRL_CitizenC100_070_WrittenAgreement	PRL_CitizenC100_070_005_WrittenAgreement	1678808044819	1678808044853	OK	 
REQUEST	1	PRL_CitizenC100_070_WrittenAgreement	PRL_CitizenC100_070_005_WrittenAgreement Redirect 1	1678808044854	1678808044889	OK	 
GROUP	1	PRL_CitizenC100_070_WrittenAgreement	1678808044818	1678808044947	122	OK
REQUEST	1	PRL_CitizenC100_080_BeforeCourt	PRL_CitizenC100_080_005_BeforeCourt	1678808044947	1678808044981	OK	 
REQUEST	1	PRL_CitizenC100_080_BeforeCourt	PRL_CitizenC100_080_005_BeforeCourt Redirect 1	1678808044985	1678808045070	OK	 
GROUP	1	PRL_CitizenC100_080_BeforeCourt	1678808044947	1678808045127	168	OK
REQUEST	1	PRL_CitizenC100_090_ReachAgreement	PRL_CitizenC100_090_005_ReachAgreement	1678808045127	1678808045163	OK	 
REQUEST	1	PRL_CitizenC100_090_ReachAgreement	PRL_CitizenC100_090_005_ReachAgreement Redirect 1	1678808045166	1678808045212	OK	 
GROUP	1	PRL_CitizenC100_090_ReachAgreement	1678808045127	1678808045277	137	OK
REQUEST	1	PRL_CitizenC100_100_LegalRep	PRL_CitizenC100_100_005_LegalRep	1678808045278	1678808045307	OK	 
REQUEST	1	PRL_CitizenC100_100_LegalRep	PRL_CitizenC100_100_005_LegalRep Redirect 1	1678808045309	1678808045367	OK	 
GROUP	1	PRL_CitizenC100_100_LegalRep	1678808045277	1678808045428	142	OK
REQUEST	1	PRL_CitizenC100_110_PermissionFromCourt	PRL_CitizenC100_110_005_PermissionFromCourt	1678808045430	1678808045464	OK	 
REQUEST	1	PRL_CitizenC100_110_PermissionFromCourt	PRL_CitizenC100_110_005_PermissionFromCourt Redirect 1	1678808045466	1678808045506	OK	 
GROUP	1	PRL_CitizenC100_110_PermissionFromCourt	1678808045428	1678808045563	123	OK
REQUEST	1	PRL_CitizenC100_120_WhyPermissionFromCourt	PRL_CitizenC100_120_005_WhyPermissionFromCourt	1678808045566	1678808045608	OK	 
REQUEST	1	PRL_CitizenC100_120_WhyPermissionFromCourt	PRL_CitizenC100_120_005_WhyPermissionFromCourt Redirect 1	1678808045610	1678808045695	OK	 
GROUP	1	PRL_CitizenC100_120_WhyPermissionFromCourt	1678808045563	1678808045771	195	OK
REQUEST	1	PRL_CitizenC100_130_WhyCourtShouldGrant	PRL_CitizenC100_130_005_WhyCourtShouldGrant	1678808045772	1678808045802	OK	 
REQUEST	1	PRL_CitizenC100_130_WhyCourtShouldGrant	PRL_CitizenC100_130_005_WhyCourtShouldGrant Redirect 1	1678808045804	1678808045849	OK	 
GROUP	1	PRL_CitizenC100_130_WhyCourtShouldGrant	1678808045771	1678808045902	125	OK
REQUEST	1	PRL_CitizenC100_140_InvolvedInEmergencyProtection	PRL_CitizenC100_140_005_InvolvedInEmergencyProtection	1678808045903	1678808045935	OK	 
REQUEST	1	PRL_CitizenC100_140_InvolvedInEmergencyProtection	PRL_CitizenC100_140_005_InvolvedInEmergencyProtection Redirect 1	1678808045937	1678808046009	OK	 
GROUP	1	PRL_CitizenC100_140_InvolvedInEmergencyProtection	1678808045903	1678808046069	157	OK
REQUEST	1	PRL_CitizenC100_150_AttendingMIAM	PRL_CitizenC100_150_005_AttendingMIAM	1678808046069	1678808046098	OK	 
REQUEST	1	PRL_CitizenC100_150_AttendingMIAM	PRL_CitizenC100_150_005_AttendingMIAM Redirect 1	1678808046099	1678808046157	OK	 
GROUP	1	PRL_CitizenC100_150_AttendingMIAM	1678808046069	1678808046209	134	OK
REQUEST	1	PRL_CitizenC100_160_AttendedMIAM	PRL_CitizenC100_160_005_AttendedMIAM	1678808046210	1678808046238	OK	 
REQUEST	1	PRL_CitizenC100_160_AttendedMIAM	PRL_CitizenC100_160_005_AttendedMIAM Redirect 1	1678808046240	1678808046268	OK	 
GROUP	1	PRL_CitizenC100_160_AttendedMIAM	1678808046209	1678808046326	109	OK
REQUEST	1	PRL_CitizenC100_170_DocumentSigned	PRL_CitizenC100_170_005_DocumentSigned	1678808046327	1678808046358	OK	 
REQUEST	1	PRL_CitizenC100_170_DocumentSigned	PRL_CitizenC100_170_005_DocumentSigned Redirect 1	1678808046360	1678808046394	OK	 
GROUP	1	PRL_CitizenC100_170_DocumentSigned	1678808046326	1678808046451	111	OK
REQUEST	1	PRL_CitizenC100_180_MIAMUpload	PRL_CitizenC100_180_005_MIAMUpload	1678808046493	1678808048021	OK	 
REQUEST	1	PRL_CitizenC100_180_MIAMUpload	PRL_CitizenC100_180_005_MIAMUpload Redirect 1	1678808048029	1678808048080	OK	 
GROUP	1	PRL_CitizenC100_180_MIAMUpload	1678808046451	1678808048143	1634	OK
REQUEST	1	PRL_CitizenC100_190_MIAMUploadSubmit	PRL_CitizenC100_190_005_MIAMUploadSubmit	1678808048144	1678808048781	OK	 
REQUEST	1	PRL_CitizenC100_190_MIAMUploadSubmit	PRL_CitizenC100_190_005_MIAMUploadSubmit Redirect 1	1678808048788	1678808048841	OK	 
REQUEST	1	PRL_CitizenC100_190_MIAMUploadSubmit	PRL_CitizenC100_190_005_MIAMUploadSubmit Redirect 2	1678808048847	1678808048882	OK	 
GROUP	1	PRL_CitizenC100_190_MIAMUploadSubmit	1678808048143	1678808049017	848	OK
REQUEST	1	PRL_CitizenC100_200_MIAMUploadContinue	PRL_CitizenC100_200_005_MIAMUploadContinue	1678808049019	1678808049050	OK	 
REQUEST	1	PRL_CitizenC100_200_MIAMUploadContinue	PRL_CitizenC100_200_005_MIAMUploadContinue Redirect 1	1678808049052	1678808049086	OK	 
GROUP	1	PRL_CitizenC100_200_MIAMUploadContinue	1678808049017	1678808049152	125	OK
REQUEST	1	PRL_CitizenC100_210_AskingCourtToDo	PRL_CitizenC100_210_005_AskingCourtToDo	1678808049153	1678808049182	OK	 
REQUEST	1	PRL_CitizenC100_210_AskingCourtToDo	PRL_CitizenC100_210_005_AskingCourtToDo Redirect 1	1678808049184	1678808049221	OK	 
GROUP	1	PRL_CitizenC100_210_AskingCourtToDo	1678808049152	1678808049292	132	OK
REQUEST	1	PRL_CitizenC100_220_WouldLikeCourtTo	PRL_CitizenC100_220_005_WouldLikeCourtTo	1678808049292	1678808049325	OK	 
REQUEST	1	PRL_CitizenC100_220_WouldLikeCourtTo	PRL_CitizenC100_220_005_WouldLikeCourtTo Redirect 1	1678808049327	1678808049360	OK	 
GROUP	1	PRL_CitizenC100_220_WouldLikeCourtTo	1678808049292	1678808049410	113	OK
REQUEST	1	PRL_CitizenC100_230_DescribeWhatCourt	PRL_CitizenC100_230_005_DescribeWhatCourt	1678808049413	1678808049440	OK	 
REQUEST	1	PRL_CitizenC100_230_DescribeWhatCourt	PRL_CitizenC100_230_005_DescribeWhatCourt Redirect 1	1678808049442	1678808049476	OK	 
GROUP	1	PRL_CitizenC100_230_DescribeWhatCourt	1678808049410	1678808049534	108	OK
REQUEST	1	PRL_CitizenC100_240_UrgentFirstHearing	PRL_CitizenC100_240_005_UrgentFirstHearing	1678808049536	1678808049567	OK	 
REQUEST	1	PRL_CitizenC100_240_UrgentFirstHearing	PRL_CitizenC100_240_005_UrgentFirstHearing Redirect 1	1678808049568	1678808049601	OK	 
GROUP	1	PRL_CitizenC100_240_UrgentFirstHearing	1678808049534	1678808049650	109	OK
REQUEST	1	PRL_CitizenC100_250_UrgentHearingDetails	PRL_CitizenC100_250_005_UrgentHearingDetails	1678808049651	1678808049680	OK	 
REQUEST	1	PRL_CitizenC100_250_UrgentHearingDetails	PRL_CitizenC100_250_005_UrgentHearingDetails Redirect 1	1678808049682	1678808049712	OK	 
GROUP	1	PRL_CitizenC100_250_UrgentHearingDetails	1678808049650	1678808049765	108	OK
REQUEST	1	PRL_CitizenC100_260_AskingForWithoutNotice	PRL_CitizenC100_260_005_AskingForWithoutNotice	1678808049765	1678808049795	OK	 
REQUEST	1	PRL_CitizenC100_260_AskingForWithoutNotice	PRL_CitizenC100_260_005_AskingForWithoutNotice Redirect 1	1678808049802	1678808049836	OK	 
GROUP	1	PRL_CitizenC100_260_AskingForWithoutNotice	1678808049765	1678808049894	116	OK
REQUEST	1	PRL_CitizenC100_270_WithoutNoticeDetails	PRL_CitizenC100_270_005_WithoutNoticeDetails	1678808049895	1678808049922	OK	 
REQUEST	1	PRL_CitizenC100_270_WithoutNoticeDetails	PRL_CitizenC100_270_005_WithoutNoticeDetails Redirect 1	1678808049924	1678808049969	OK	 
GROUP	1	PRL_CitizenC100_270_WithoutNoticeDetails	1678808049894	1678808050034	132	OK
REQUEST	1	PRL_CitizenC100_280_ChildrenName	PRL_CitizenC100_280_005_ChildrenName	1678808050041	1678808050075	OK	 
GROUP	1	PRL_CitizenC100_280_ChildrenName	1678808050034	1678808050085	34	OK
REQUEST	1	PRL_CitizenC100_285_ChildrenNameRedirect	PRL_CitizenC100_280_005_ChildrenName	1678808050086	1678808050166	OK	 
GROUP	1	PRL_CitizenC100_285_ChildrenNameRedirect	1678808050085	1678808050221	124	OK
REQUEST	1	PRL_CitizenC100_290_ChildDetails	PRL_CitizenC100_290_005_ChildDetails	1678808050222	1678808050253	OK	 
REQUEST	1	PRL_CitizenC100_290_ChildDetails	PRL_CitizenC100_290_005_ChildDetails Redirect 1	1678808050255	1678808050297	OK	 
GROUP	1	PRL_CitizenC100_290_ChildDetails	1678808050221	1678808050352	120	OK
REQUEST	1	PRL_CitizenC100_300_WhichDecision	PRL_CitizenC100_300_005_WhichDecision	1678808050352	1678808050385	OK	 
REQUEST	1	PRL_CitizenC100_300_WhichDecision	PRL_CitizenC100_300_005_WhichDecision Redirect 1	1678808050387	1678808050444	OK	 
GROUP	1	PRL_CitizenC100_300_WhichDecision	1678808050352	1678808050498	141	OK
REQUEST	1	PRL_CitizenC100_310_ParentalResponsibility	PRL_CitizenC100_310_005_ParentalResponsibility	1678808050499	1678808050531	OK	 
REQUEST	1	PRL_CitizenC100_310_ParentalResponsibility	PRL_CitizenC100_310_005_ParentalResponsibility Redirect 1	1678808050534	1678808050567	OK	 
GROUP	1	PRL_CitizenC100_310_ParentalResponsibility	1678808050498	1678808050619	113	OK
REQUEST	1	PRL_CitizenC100_320_FurtherInformation	PRL_CitizenC100_320_005_FurtherInformation	1678808050619	1678808050649	OK	 
REQUEST	1	PRL_CitizenC100_320_FurtherInformation	PRL_CitizenC100_320_005_FurtherInformation Redirect 1	1678808050651	1678808050726	OK	 
GROUP	1	PRL_CitizenC100_320_FurtherInformation	1678808050619	1678808050787	154	OK
REQUEST	1	PRL_CitizenC100_330_OtherChildren	PRL_CitizenC100_330_005_OtherChildren	1678808050789	1678808050819	OK	 
REQUEST	1	PRL_CitizenC100_330_OtherChildren	PRL_CitizenC100_330_005_OtherChildren Redirect 1	1678808050820	1678808050857	OK	 
GROUP	1	PRL_CitizenC100_330_OtherChildren	1678808050788	1678808050914	116	OK
REQUEST	1	PRL_CitizenC100_340_EnterYourName	PRL_CitizenC100_340_005_EnterYourName	1678808050915	1678808050947	OK	 
GROUP	1	PRL_CitizenC100_340_EnterYourName	1678808050914	1678808050949	32	OK
REQUEST	1	PRL_CitizenC100_345_EnterYourNameRedirect	PRL_CitizenC100_340_005_EnterYourName	1678808050951	1678808051007	OK	 
GROUP	1	PRL_CitizenC100_345_EnterYourNameRedirect	1678808050949	1678808051057	100	OK
REQUEST	1	PRL_CitizenC100_350_KnowContactDetails	PRL_CitizenC100_350_005_KnowContactDetails	1678808051059	1678808051091	OK	 
REQUEST	1	PRL_CitizenC100_350_KnowContactDetails	PRL_CitizenC100_350_005_KnowContactDetails Redirect 1	1678808051093	1678808051139	OK	 
GROUP	1	PRL_CitizenC100_350_KnowContactDetails	1678808051058	1678808051192	126	OK
REQUEST	1	PRL_CitizenC100_360_KeepDetailsPrivate	PRL_CitizenC100_360_005_KeepDetailsPrivate	1678808051192	1678808051221	OK	 
REQUEST	1	PRL_CitizenC100_360_KeepDetailsPrivate	PRL_CitizenC100_360_005_KeepDetailsPrivate Redirect 1	1678808051223	1678808051311	OK	 
GROUP	1	PRL_CitizenC100_360_KeepDetailsPrivate	1678808051192	1678808051358	161	OK
REQUEST	1	PRL_CitizenC100_370_KeepDetailsPrivateContinue	PRL_CitizenC100_370_005_KeepDetailsPrivateContinue	1678808051360	1678808051392	OK	 
REQUEST	1	PRL_CitizenC100_370_KeepDetailsPrivateContinue	PRL_CitizenC100_370_005_KeepDetailsPrivateContinue Redirect 1	1678808051394	1678808051432	OK	 
GROUP	1	PRL_CitizenC100_370_KeepDetailsPrivateContinue	1678808051359	1678808051482	116	OK
REQUEST	1	PRL_CitizenC100_380_ApplicantDetails	PRL_CitizenC100_380_005_ApplicantDetails	1678808051483	1678808051529	OK	 
REQUEST	1	PRL_CitizenC100_380_ApplicantDetails	PRL_CitizenC100_380_005_ApplicantDetails Redirect 1	1678808051533	1678808051592	OK	 
GROUP	1	PRL_CitizenC100_380_ApplicantDetails	1678808051482	1678808051641	149	OK
REQUEST	1	PRL_CitizenC100_390_ApplicantRelationship	PRL_CitizenC100_390_005_ApplicantRelationship	1678808051643	1678808051679	OK	 
REQUEST	1	PRL_CitizenC100_390_ApplicantRelationship	PRL_CitizenC100_390_005_ApplicantRelationship Redirect 1	1678808051680	1678808051714	OK	 
GROUP	1	PRL_CitizenC100_390_ApplicantRelationship	1678808051642	1678808051773	116	OK
REQUEST	1	PRL_CitizenC100_400_ApplicantPostcode	PRL_CitizenC100_400_005_ApplicantPostcode	1678808051776	1678808054687	OK	 
REQUEST	1	PRL_CitizenC100_400_ApplicantPostcode	PRL_CitizenC100_400_005_ApplicantPostcode Redirect 1	1678808054692	1678808054796	OK	 
GROUP	1	PRL_CitizenC100_400_ApplicantPostcode	1678808051773	1678808054863	3073	OK
REQUEST	1	PRL_CitizenC100_410_ApplicantSelectAddress	PRL_CitizenC100_410_005_ApplicantSelectAddress	1678808054864	1678808054893	OK	 
REQUEST	1	PRL_CitizenC100_410_ApplicantSelectAddress	PRL_CitizenC100_410_005_ApplicantSelectAddress Redirect 1	1678808054895	1678808054929	OK	 
GROUP	1	PRL_CitizenC100_410_ApplicantSelectAddress	1678808054863	1678808054997	125	OK
REQUEST	1	PRL_CitizenC100_420_ApplicantAddress	PRL_CitizenC100_420_005_ApplicantAddress	1678808054998	1678808055032	OK	 
REQUEST	1	PRL_CitizenC100_420_ApplicantAddress	PRL_CitizenC100_420_005_ApplicantAddress Redirect 1	1678808055035	1678808055104	OK	 
GROUP	1	PRL_CitizenC100_420_ApplicantAddress	1678808054997	1678808055155	151	OK
REQUEST	1	PRL_CitizenC100_430_ApplicantContact	PRL_CitizenC100_430_005_ApplicantContact	1678808055155	1678808055189	OK	 
REQUEST	1	PRL_CitizenC100_430_ApplicantContact	PRL_CitizenC100_430_005_ApplicantContact Redirect 1	1678808055190	1678808055247	OK	 
GROUP	1	PRL_CitizenC100_430_ApplicantContact	1678808055155	1678808055297	138	OK
REQUEST	1	PRL_CitizenC100_440_ApplicantContactPreference	PRL_CitizenC100_440_005_ApplicantContactPreference	1678808055298	1678808055330	OK	 
REQUEST	1	PRL_CitizenC100_440_ApplicantContactPreference	PRL_CitizenC100_440_005_ApplicantContactPreference Redirect 1	1678808055332	1678808055407	OK	 
GROUP	1	PRL_CitizenC100_440_ApplicantContactPreference	1678808055298	1678808055463	161	OK
REQUEST	1	PRL_CitizenC100_450_RespondentName	PRL_CitizenC100_450_005_RespondentName	1678808055463	1678808055491	OK	 
GROUP	1	PRL_CitizenC100_450_RespondentName	1678808055463	1678808055493	28	OK
REQUEST	1	PRL_CitizenC100_460_RespondentNameRedirect	PRL_CitizenC100_460_005_RespondentNameRedirect	1678808055493	1678808055547	OK	 
GROUP	1	PRL_CitizenC100_460_RespondentNameRedirect	1678808055493	1678808055599	100	OK
REQUEST	1	PRL_CitizenC100_470_RespondentDetails	PRL_CitizenC100_470_005_RespondentDetails	1678808055603	1678808055636	OK	 
REQUEST	1	PRL_CitizenC100_470_RespondentDetails	PRL_CitizenC100_470_005_RespondentDetails Redirect 1	1678808055638	1678808055697	OK	 
GROUP	1	PRL_CitizenC100_470_RespondentDetails	1678808055599	1678808055747	136	OK
REQUEST	1	PRL_CitizenC100_480_RespondentRelationship	PRL_CitizenC100_480_005_RespondentRelationship	1678808055749	1678808055789	OK	 
REQUEST	1	PRL_CitizenC100_480_RespondentRelationship	PRL_CitizenC100_480_005_RespondentRelationship Redirect 1	1678808055793	1678808055833	OK	 
GROUP	1	PRL_CitizenC100_480_RespondentRelationship	1678808055747	1678808055895	135	OK
REQUEST	1	PRL_CitizenC100_490_RespondentPostcode	PRL_CitizenC100_490_005_RespondentPostcode	1678808055899	1678808056037	OK	 
REQUEST	1	PRL_CitizenC100_490_RespondentPostcode	PRL_CitizenC100_490_005_RespondentPostcode Redirect 1	1678808056039	1678808056113	OK	 
GROUP	1	PRL_CitizenC100_490_RespondentPostcode	1678808055895	1678808056172	267	OK
REQUEST	1	PRL_CitizenC100_500_RespondentSelectAddress	PRL_CitizenC100_500_005_RespondentSelectAddress	1678808056174	1678808056208	OK	 
REQUEST	1	PRL_CitizenC100_500_RespondentSelectAddress	PRL_CitizenC100_500_005_RespondentSelectAddress Redirect 1	1678808056210	1678808056257	OK	 
GROUP	1	PRL_CitizenC100_500_RespondentSelectAddress	1678808056172	1678808056316	134	OK
REQUEST	1	PRL_CitizenC100_510_RespondentAddress	PRL_CitizenC100_510_005_RespondentAddress	1678808056317	1678808056346	OK	 
REQUEST	1	PRL_CitizenC100_510_RespondentAddress	PRL_CitizenC100_510_005_RespondentAddress Redirect 1	1678808056348	1678808056404	OK	 
GROUP	1	PRL_CitizenC100_510_RespondentAddress	1678808056316	1678808056502	180	OK
REQUEST	1	PRL_CitizenC100_520_RespondentContact	PRL_CitizenC100_520_005_RespondentContact	1678808056503	1678808056531	OK	 
REQUEST	1	PRL_CitizenC100_520_RespondentContact	PRL_CitizenC100_520_005_RespondentContact Redirect 1	1678808056532	1678808056566	OK	 
GROUP	1	PRL_CitizenC100_520_RespondentContact	1678808056503	1678808056627	116	OK
REQUEST	1	PRL_CitizenC100_530_AnyoneElse	PRL_CitizenC100_530_005_AnyoneElse	1678808056633	1678808056663	OK	 
REQUEST	1	PRL_CitizenC100_530_AnyoneElse	PRL_CitizenC100_530_005_AnyoneElse Redirect 1	1678808056664	1678808056728	OK	 
GROUP	1	PRL_CitizenC100_530_AnyoneElse	1678808056627	1678808056853	215	OK
REQUEST	1	PRL_CitizenC100_540_ChildLiveWith	PRL_CitizenC100_540_005_ChildLiveWith	1678808056853	1678808056882	OK	 
REQUEST	1	PRL_CitizenC100_540_ChildLiveWith	PRL_CitizenC100_540_005_ChildLiveWith Redirect 1	1678808056883	1678808056919	OK	 
GROUP	1	PRL_CitizenC100_540_ChildLiveWith	1678808056853	1678808056984	127	OK
REQUEST	1	PRL_CitizenC100_550_InvolvedInCourt	PRL_CitizenC100_550_005_InvolvedInCourt	1678808056985	1678808057013	OK	 
REQUEST	1	PRL_CitizenC100_550_InvolvedInCourt	PRL_CitizenC100_550_005_InvolvedInCourt Redirect 1	1678808057015	1678808057089	OK	 
GROUP	1	PRL_CitizenC100_550_InvolvedInCourt	1678808056984	1678808057140	148	OK
REQUEST	1	PRL_CitizenC100_560_CourtCasesInfo	PRL_CitizenC100_560_005_CourtCasesInfo	1678808057141	1678808057171	OK	 
REQUEST	1	PRL_CitizenC100_560_CourtCasesInfo	PRL_CitizenC100_560_005_CourtCasesInfo Redirect 1	1678808057173	1678808057220	OK	 
GROUP	1	PRL_CitizenC100_560_CourtCasesInfo	1678808057140	1678808057271	123	OK
REQUEST	1	PRL_CitizenC100_570_DetailsOfCourtCases	PRL_CitizenC100_570_005_DetailsOfCourtCases	1678808057271	1678808057307	OK	 
REQUEST	1	PRL_CitizenC100_570_DetailsOfCourtCases	PRL_CitizenC100_570_005_DetailsOfCourtCases Redirect 1	1678808057309	1678808057342	OK	 
GROUP	1	PRL_CitizenC100_570_DetailsOfCourtCases	1678808057271	1678808057419	141	OK
REQUEST	1	PRL_CitizenC100_580_SafetyInfo	PRL_CitizenC100_580_005_SafetyInfo	1678808057420	1678808057449	OK	 
REQUEST	1	PRL_CitizenC100_580_SafetyInfo	PRL_CitizenC100_580_005_SafetyInfo Redirect 1	1678808057450	1678808057499	OK	 
GROUP	1	PRL_CitizenC100_580_SafetyInfo	1678808057419	1678808057553	128	OK
REQUEST	1	PRL_CitizenC100_590_SafetyConcerns	PRL_CitizenC100_590_005_SafetyConcerns	1678808057554	1678808057588	OK	 
REQUEST	1	PRL_CitizenC100_590_SafetyConcerns	PRL_CitizenC100_590_005_SafetyConcerns Redirect 1	1678808057589	1678808057619	OK	 
GROUP	1	PRL_CitizenC100_590_SafetyConcerns	1678808057554	1678808057666	108	OK
REQUEST	1	PRL_CitizenC100_600_ConcernedAbout	PRL_CitizenC100_600_005_ConcernedAbout	1678808057667	1678808057696	OK	 
REQUEST	1	PRL_CitizenC100_600_ConcernedAbout	PRL_CitizenC100_600_005_ConcernedAbout Redirect 1	1678808057698	1678808057734	OK	 
GROUP	1	PRL_CitizenC100_600_ConcernedAbout	1678808057667	1678808057825	126	OK
REQUEST	1	PRL_CitizenC100_610_TypeOfBehaviour	PRL_CitizenC100_610_005_TypeOfBehaviour	1678808057830	1678808057865	OK	 
REQUEST	1	PRL_CitizenC100_610_TypeOfBehaviour	PRL_CitizenC100_610_005_TypeOfBehaviour Redirect 1	1678808057868	1678808057922	OK	 
GROUP	1	PRL_CitizenC100_610_TypeOfBehaviour	1678808057826	1678808058025	182	OK
REQUEST	1	PRL_CitizenC100_620_DescribePyshicalAbuse	PRL_CitizenC100_620_005_DescribePyshicalAbuse	1678808058026	1678808058055	OK	 
REQUEST	1	PRL_CitizenC100_620_DescribePyshicalAbuse	PRL_CitizenC100_620_005_DescribePyshicalAbuse Redirect 1	1678808058056	1678808058106	OK	 
GROUP	1	PRL_CitizenC100_620_DescribePyshicalAbuse	1678808058025	1678808058186	155	OK
REQUEST	1	PRL_CitizenC100_630_ImpactedByDrug	PRL_CitizenC100_630_005_ImpactedByDrug	1678808058187	1678808058217	OK	 
REQUEST	1	PRL_CitizenC100_630_ImpactedByDrug	PRL_CitizenC100_630_005_ImpactedByDrug Redirect 1	1678808058221	1678808058278	OK	 
GROUP	1	PRL_CitizenC100_630_ImpactedByDrug	1678808058186	1678808058329	135	OK
REQUEST	1	PRL_CitizenC100_640_OtherConcerns	PRL_CitizenC100_640_005_OtherConcerns	1678808058330	1678808058360	OK	 
REQUEST	1	PRL_CitizenC100_640_OtherConcerns	PRL_CitizenC100_640_005_OtherConcerns Redirect 1	1678808058362	1678808058416	OK	 
GROUP	1	PRL_CitizenC100_640_OtherConcerns	1678808058329	1678808058471	135	OK
REQUEST	1	PRL_CitizenC100_650_KeepChildrenSafe	PRL_CitizenC100_650_005_KeepChildrenSafe	1678808058472	1678808058501	OK	 
REQUEST	1	PRL_CitizenC100_650_KeepChildrenSafe	PRL_CitizenC100_650_005_KeepChildrenSafe Redirect 1	1678808058502	1678808058587	OK	 
GROUP	1	PRL_CitizenC100_650_KeepChildrenSafe	1678808058471	1678808058640	164	OK
REQUEST	1	PRL_CitizenC100_660_ContactBetweenChildren	PRL_CitizenC100_660_005_ContactBetweenChildren	1678808058641	1678808058670	OK	 
REQUEST	1	PRL_CitizenC100_660_ContactBetweenChildren	PRL_CitizenC100_660_005_ContactBetweenChildren Redirect 1	1678808058672	1678808058731	OK	 
GROUP	1	PRL_CitizenC100_660_ContactBetweenChildren	1678808058640	1678808058784	139	OK
REQUEST	1	PRL_CitizenC100_670_ChildrenBasedOutsideEngland	PRL_CitizenC100_670_005_ChildrenBasedOutsideEngland	1678808058785	1678808058812	OK	 
REQUEST	1	PRL_CitizenC100_670_ChildrenBasedOutsideEngland	PRL_CitizenC100_670_005_ChildrenBasedOutsideEngland Redirect 1	1678808058813	1678808058878	OK	 
GROUP	1	PRL_CitizenC100_670_ChildrenBasedOutsideEngland	1678808058784	1678808058929	139	OK
REQUEST	1	PRL_CitizenC100_680_ParentsBasedOutsideEngland	PRL_CitizenC100_680_005_ParentsBasedOutsideEngland	1678808058930	1678808058962	OK	 
REQUEST	1	PRL_CitizenC100_680_ParentsBasedOutsideEngland	PRL_CitizenC100_680_005_ParentsBasedOutsideEngland Redirect 1	1678808058963	1678808059007	OK	 
GROUP	1	PRL_CitizenC100_680_ParentsBasedOutsideEngland	1678808058929	1678808059054	120	OK
REQUEST	1	PRL_CitizenC100_690_AnotherPersonApply	PRL_CitizenC100_690_005_AnotherPersonApply	1678808059054	1678808059085	OK	 
REQUEST	1	PRL_CitizenC100_690_AnotherPersonApply	PRL_CitizenC100_690_005_AnotherPersonApply Redirect 1	1678808059086	1678808059150	OK	 
GROUP	1	PRL_CitizenC100_690_AnotherPersonApply	1678808059054	1678808059202	144	OK
REQUEST	1	PRL_CitizenC100_700_AnotherCountryAsked	PRL_CitizenC100_700_005_AnotherCountryAsked	1678808059203	1678808059233	OK	 
REQUEST	1	PRL_CitizenC100_700_AnotherCountryAsked	PRL_CitizenC100_700_005_AnotherCountryAsked Redirect 1	1678808059234	1678808059266	OK	 
GROUP	1	PRL_CitizenC100_700_AnotherCountryAsked	1678808059202	1678808059321	114	OK
REQUEST	1	PRL_CitizenC100_710_TakePartInHearings	PRL_CitizenC100_710_005_TakePartInHearings	1678808059322	1678808059351	OK	 
REQUEST	1	PRL_CitizenC100_710_TakePartInHearings	PRL_CitizenC100_710_005_TakePartInHearings Redirect 1	1678808059352	1678808059410	OK	 
GROUP	1	PRL_CitizenC100_710_TakePartInHearings	1678808059321	1678808059469	144	OK
REQUEST	1	PRL_CitizenC100_720_LanguageRequirements	PRL_CitizenC100_720_005_LanguageRequirements	1678808059470	1678808059499	OK	 
REQUEST	1	PRL_CitizenC100_720_LanguageRequirements	PRL_CitizenC100_720_005_LanguageRequirements Redirect 1	1678808059501	1678808059540	OK	 
GROUP	1	PRL_CitizenC100_720_LanguageRequirements	1678808059469	1678808059710	229	OK
REQUEST	1	PRL_CitizenC100_730_SpecialArrangements	PRL_CitizenC100_730_005_SpecialArrangements	1678808059713	1678808059744	OK	 
REQUEST	1	PRL_CitizenC100_730_SpecialArrangements	PRL_CitizenC100_730_005_SpecialArrangements Redirect 1	1678808059747	1678808059797	OK	 
GROUP	1	PRL_CitizenC100_730_SpecialArrangements	1678808059710	1678808059850	128	OK
REQUEST	1	PRL_CitizenC100_740_NeedSupport	PRL_CitizenC100_740_005_NeedSupport	1678808059851	1678808059889	OK	 
REQUEST	1	PRL_CitizenC100_740_NeedSupport	PRL_CitizenC100_740_005_NeedSupport Redirect 1	1678808059896	1678808059931	OK	 
GROUP	1	PRL_CitizenC100_740_NeedSupport	1678808059850	1678808059987	122	OK
REQUEST	1	PRL_CitizenC100_750_DocumentsAlternativeFormat	PRL_CitizenC100_750_005_DocumentsAlternativeFormat	1678808059990	1678808060022	OK	 
REQUEST	1	PRL_CitizenC100_750_DocumentsAlternativeFormat	PRL_CitizenC100_750_005_DocumentsAlternativeFormat Redirect 1	1678808060023	1678808060448	OK	 
GROUP	1	PRL_CitizenC100_750_DocumentsAlternativeFormat	1678808059988	1678808060519	524	OK
REQUEST	1	PRL_CitizenC100_760_HelpWithPaying	PRL_CitizenC100_760_005_HelpWithPaying	1678808060519	1678808060550	OK	 
REQUEST	1	PRL_CitizenC100_760_HelpWithPaying	PRL_CitizenC100_760_005_HelpWithPaying Redirect 1	1678808060551	1678808063278	OK	 
GROUP	1	PRL_CitizenC100_760_HelpWithPaying	1678808060519	1678808063357	2830	OK
REQUEST	1	PRL_CitizenC100_770_CheckYourAnswers	PRL_CitizenC100_770_005_CheckYourAnswers	1678808063358	1678808068490	OK	 
GROUP	1	PRL_CitizenC100_770_CheckYourAnswers	1678808063357	1678808068493	5132	OK
REQUEST	1	PRL_CitizenC100_780_CheckYourAnswersRedirect	PRL_CitizenC100_780_005_CheckYourAnswersRedirect	1678808068494	1678808068651	OK	 
GROUP	1	PRL_CitizenC100_780_CheckYourAnswersRedirect	1678808068493	1678808068654	157	OK
REQUEST	1	PRL_CitizenC100_790_CheckYourAnswersFinal	PRL_CitizenC100_790_005_CheckYourAnswersFinal	1678808068656	1678808068783	OK	 
GROUP	1	PRL_CitizenC100_790_CheckYourAnswersFinal	1678808068654	1678808068956	283	OK
REQUEST	1	PRL_CitizenC100_800_EnterCardDetails	PRL_CitizenC100_800_005_EnterCardDetails	1678808068959	1678808069086	OK	 
REQUEST	1	PRL_CitizenC100_800_EnterCardDetails	PRL_CitizenC100_800_005_EnterCardDetails Redirect 1	1678808069091	1678808069149	OK	 
GROUP	1	PRL_CitizenC100_800_EnterCardDetails	1678808068957	1678808069163	186	OK
REQUEST	1	PRL_CitizenC100_810_FinalSubmit	PRL_CitizenC100_810_005_FinalSubmit	1678808069164	1678808069246	OK	 
REQUEST	1	PRL_CitizenC100_810_FinalSubmit	PRL_CitizenC100_810_005_FinalSubmit Redirect 1	1678808069247	1678808069285	OK	 
REQUEST	1	PRL_CitizenC100_810_FinalSubmit	PRL_CitizenC100_810_005_FinalSubmit Redirect 2	1678808069286	1678808082540	OK	 
REQUEST	1	PRL_CitizenC100_810_FinalSubmit	PRL_CitizenC100_810_005_FinalSubmit Redirect 3	1678808082543	1678808082579	OK	 
GROUP	1	PRL_CitizenC100_810_FinalSubmit	1678808069163	1678808082654	13472	OK
REQUEST	1	PRL_CitizenC100_820_Logout	PRL_CitizenC100_820_005_Logout	1678808082654	1678808082707	OK	 
REQUEST	1	PRL_CitizenC100_820_Logout	PRL_CitizenC100_820_005_Logout Redirect 1	1678808082708	1678808082745	OK	 
REQUEST	1	PRL_CitizenC100_820_Logout	PRL_CitizenC100_820_005_Logout Redirect 2	1678808082747	1678808082802	OK	 
REQUEST	1	PRL_CitizenC100_820_Logout	PRL_CitizenC100_820_005_Logout Redirect 3	1678808082805	1678808082838	OK	 
GROUP	1	PRL_CitizenC100_820_Logout	1678808082654	1678808082870	204	OK
USER	***** Private Law Create Case *****	1	END	1678808028863	1678808082888
