ASSERTION	AAECAAIFAAAAAAAAAFlA
RUN	simulations.PRL_Simulation	prl-simulation	1706054908394	 	3.9.5
USER	***** PRL Case Flags 2.1 Journey *****	START	1706054909180
REQUEST	XUI_010_Homepage	XUI_010_005_Homepage	1706054909191	1706054909782	OK	 
REQUEST	XUI_010_Homepage	XUI_Common_000_ConfigurationUI	1706054912638	1706054912668	OK	 
REQUEST	XUI_010_Homepage	XUI_Common_000_ConfigJson	1706054912670	1706054912708	OK	 
REQUEST	XUI_010_Homepage	XUI_Common_000_TsAndCs	1706054912709	1706054912743	OK	 
REQUEST	XUI_010_Homepage	XUI_Common_000_ConfigUI	1706054912744	1706054912783	OK	 
REQUEST	XUI_010_Homepage	XUI_Common_000_UserDetails	1706054912784	1706054912812	OK	 
REQUEST	XUI_010_Homepage	XUI_Common_000_IsAuthenticated	1706054912813	1706054912866	OK	 
REQUEST	XUI_010_Homepage	XUI_010_010_AuthLogin	1706054912867	1706054912922	OK	 
REQUEST	XUI_010_Homepage	XUI_010_010_AuthLogin Redirect 1	1706054912924	1706054913099	OK	 
REQUEST	XUI_010_Homepage	XUI_010_010_AuthLogin Redirect 2	1706054913100	1706054913173	OK	 
GROUP	XUI_010_Homepage	1706054909183	1706054913514	4203	OK
REQUEST	XUI_020_LoginCa	XUI_020_005_LoginCa	1706054913517	1706054913634	OK	 
REQUEST	XUI_020_LoginCa	XUI_020_005_LoginCa Redirect 1	1706054913635	1706054914243	OK	 
REQUEST	XUI_020_LoginCa	XUI_020_005_LoginCa Redirect 2	1706054914250	1706054914291	OK	 
REQUEST	XUI_020_LoginCa	XUI_Common_000_ConfigurationUI	1706054917125	1706054917180	OK	 
REQUEST	XUI_020_LoginCa	XUI_Common_000_ConfigJson	1706054917184	1706054917223	OK	 
REQUEST	XUI_020_LoginCa	XUI_Common_000_TsAndCs	1706054917225	1706054917257	OK	 
REQUEST	XUI_020_LoginCa	XUI_Common_000_ConfigUI	1706054917258	1706054917297	OK	 
REQUEST	XUI_020_LoginCa	XUI_Common_000_UserDetails	1706054917299	1706054917518	OK	 
REQUEST	XUI_020_LoginCa	XUI_Common_000_IsAuthenticated	1706054917519	1706054917562	OK	 
REQUEST	XUI_020_LoginCa	XUI_Common_000_MonitoringTools	1706054917564	1706054917597	OK	 
GROUP	XUI_020_LoginCa	1706054913515	1706054917615	4057	OK
REQUEST	XUI_PRL_041_SelectCase	XUI_PRL_041_005_SelectCase	1706054917615	1706054920586	OK	 
GROUP	XUI_PRL_041_SelectCase	1706054917615	1706054920587	2971	OK
REQUEST	XUI_PRL_042_SelectApplication	XUI_PRL_042_005_SelectApplication	1706054920587	1706054920623	OK	 
REQUEST	XUI_PRL_042_SelectApplication	XUI_PRL_032_010_SelectApplication	1706054920624	1706054925505	OK	 
GROUP	XUI_PRL_042_SelectApplication	1706054920587	1706054925522	4917	OK
REQUEST	XUI_PRL_043_SelectSupport	XUI_PRL_043_005_SelectSupport	1706054925523	1706054925558	OK	 
GROUP	XUI_PRL_043_SelectSupport	1706054925522	1706054925558	35	OK
REQUEST	XUI_PRL_044_SelectCaseDocuments	XUI_PRL_044_005_SelectCaseDocuments	1706054925559	1706054925588	OK	 
GROUP	XUI_PRL_044_SelectCaseDocuments	1706054925558	1706054925589	29	OK
REQUEST	XUI_PRL_045_SelectHistory	XUI_PRL_045_005_SelectHistory	1706054925589	1706054925633	OK	 
GROUP	XUI_PRL_045_SelectHistory	1706054925589	1706054925633	44	OK
REQUEST	XUI_PRL_046_SelectServiceRequest	XUI_PRL_046_005_SelectServiceRequest	1706054925634	1706054925666	OK	 
REQUEST	XUI_PRL_046_SelectServiceRequest	XUI_PRL_046_010_SelectServiceRequest	1706054925669	1706054926224	OK	 
GROUP	XUI_PRL_046_SelectServiceRequest	1706054925633	1706054926227	587	OK
REQUEST	XUI_PRL_047_SelectParties	XUI_PRL_047_005_SelectParties	1706054926228	1706054926258	OK	 
REQUEST	XUI_PRL_047_SelectParties	XUI_PRL_047_010_SelectParties	1706054926261	1706054927657	OK	 
GROUP	XUI_PRL_047_SelectParties	1706054926227	1706054927658	1426	OK
REQUEST	XUI_PRL_048_LinkedCases	XUI_PRL_048_005_LinkedCases	1706054927658	1706054927697	OK	 
REQUEST	XUI_PRL_048_LinkedCases	XUI_PRL_048_010_LinkedCases	1706054927697	1706054929291	OK	 
REQUEST	XUI_PRL_048_LinkedCases	XUI_PRL_048_015_LinkedCases	1706054929293	1706054929357	OK	 
GROUP	XUI_PRL_048_LinkedCases	1706054927658	1706054929465	1801	OK
REQUEST	XUI_PRL_049_CaseFileView	XUI_PRL_049_005_CaseFileView	1706054929465	1706054929519	OK	 
REQUEST	XUI_PRL_049_CaseFileView	XUI_PRL_049_010_CaseFileView	1706054929519	1706054930514	KO	substring(caseTypes).find.exists, found nothing
GROUP	XUI_PRL_049_CaseFileView	1706054929465	1706054930524	1049	KO
USER	***** PRL Case Flags 2.1 Journey *****	END	1706054930527
