ASSERTION	AAECAAIFAAAAAAAAAFlA
RUN	simulations.PRL_Simulation	prl-simulation	1713365100457	 	3.9.5
USER	***** PRL Citizen Journey *****	START	1713365101309
REQUEST	PRL_CitizenC100_010_PRLHome	PRL_CitizenC100_010_005_PRLHome	1713365101329	1713365101520	OK	 
REQUEST	PRL_CitizenC100_010_PRLHome	PRL_CitizenC100_010_005_PRLHome Redirect 1	1713365101531	1713365101650	OK	 
REQUEST	PRL_CitizenC100_010_PRLHome	PRL_CitizenC100_010_005_PRLHome Redirect 2	1713365101650	1713365101730	OK	 
REQUEST	PRL_CitizenC100_010_PRLHome	PRL_CitizenC100_010_005_PRLHome Redirect 3	1713365101731	1713365101950	OK	 
GROUP	PRL_CitizenC100_010_PRLHome	1713365101310	1713365103579	2175	OK
REQUEST	PRL_CitizenC100_020_Login	PRL_CitizenC100_020_005_Login	1713365103582	1713365103751	OK	 
REQUEST	PRL_CitizenC100_020_Login	PRL_CitizenC100_020_005_Login Redirect 1	1713365103755	1713365104285	OK	 
REQUEST	PRL_CitizenC100_020_Login	PRL_CitizenC100_020_005_Login Redirect 2	1713365104286	1713365105852	OK	 
GROUP	PRL_CitizenC100_020_Login	1713365103579	1713365106641	3044	OK
REQUEST	PRL_CitizenC100_025_ChildArrangementsApplication	PRL_CitizenC100_025_005_ChildArrangementsApplication	1713365106642	1713365106938	OK	 
GROUP	PRL_CitizenC100_025_ChildArrangementsApplication	1713365106641	1713365107674	1024	OK
REQUEST	PRL_CitizenC100_030_StartApplication	PRL_CitizenC100_030_005_StartApplication	1713365107675	1713365107949	OK	 
GROUP	PRL_CitizenC100_030_StartApplication	1713365107674	1713365108695	1014	OK
REQUEST	PRL_CitizenC100_040_WhatYouWillNeed	PRL_CitizenC100_040_005_WhatYouWillNeed	1713365108696	1713365111491	OK	 
REQUEST	PRL_CitizenC100_040_WhatYouWillNeed	PRL_CitizenC100_040_005_WhatYouWillNeed Redirect 1	1713365111492	1713365111931	OK	 
GROUP	PRL_CitizenC100_040_WhatYouWillNeed	1713365108695	1713365112833	4129	OK
REQUEST	PRL_CitizenC100_060_ChildrenPostCode	PRL_CitizenC100_060_005_ChildrenPostCode	1713365112834	1713365112910	OK	 
REQUEST	PRL_CitizenC100_060_ChildrenPostCode	PRL_CitizenC100_060_005_ChildrenPostCode Redirect 1	1713365112913	1713365113083	OK	 
GROUP	PRL_CitizenC100_060_ChildrenPostCode	1713365112833	1713365113948	1108	OK
REQUEST	PRL_CitizenC100_070_WrittenAgreement	PRL_CitizenC100_070_005_WrittenAgreement	1713365113949	1713365114035	OK	 
REQUEST	PRL_CitizenC100_070_WrittenAgreement	PRL_CitizenC100_070_005_WrittenAgreement Redirect 1	1713365114037	1713365114148	OK	 
GROUP	PRL_CitizenC100_070_WrittenAgreement	1713365113949	1713365115280	1324	OK
REQUEST	PRL_CitizenC100_080_BeforeCourt	PRL_CitizenC100_080_005_BeforeCourt	1713365115282	1713365115358	OK	 
REQUEST	PRL_CitizenC100_080_BeforeCourt	PRL_CitizenC100_080_005_BeforeCourt Redirect 1	1713365115360	1713365115497	OK	 
GROUP	PRL_CitizenC100_080_BeforeCourt	1713365115280	1713365116341	1054	OK
REQUEST	PRL_CitizenC100_090_ReachAgreement	PRL_CitizenC100_090_005_ReachAgreement	1713365116341	1713365116432	OK	 
REQUEST	PRL_CitizenC100_090_ReachAgreement	PRL_CitizenC100_090_005_ReachAgreement Redirect 1	1713365116432	1713365116532	OK	 
GROUP	PRL_CitizenC100_090_ReachAgreement	1713365116341	1713365117228	882	OK
REQUEST	PRL_CitizenC100_100_LegalRep	PRL_CitizenC100_100_005_LegalRep	1713365117230	1713365117301	OK	 
REQUEST	PRL_CitizenC100_100_LegalRep	PRL_CitizenC100_100_005_LegalRep Redirect 1	1713365117304	1713365117402	OK	 
GROUP	PRL_CitizenC100_100_LegalRep	1713365117229	1713365117648	411	OK
REQUEST	PRL_CitizenC100_110_PermissionFromCourt	PRL_CitizenC100_110_005_PermissionFromCourt	1713365117649	1713365117733	OK	 
REQUEST	PRL_CitizenC100_110_PermissionFromCourt	PRL_CitizenC100_110_005_PermissionFromCourt Redirect 1	1713365117735	1713365117890	OK	 
GROUP	PRL_CitizenC100_110_PermissionFromCourt	1713365117648	1713365118183	527	OK
REQUEST	PRL_CitizenC100_120_WhyPermissionFromCourt	PRL_CitizenC100_120_005_WhyPermissionFromCourt	1713365118184	1713365118255	OK	 
REQUEST	PRL_CitizenC100_120_WhyPermissionFromCourt	PRL_CitizenC100_120_005_WhyPermissionFromCourt Redirect 1	1713365118256	1713365118365	OK	 
GROUP	PRL_CitizenC100_120_WhyPermissionFromCourt	1713365118183	1713365119230	1042	OK
REQUEST	PRL_CitizenC100_130_WhyCourtShouldGrant	PRL_CitizenC100_130_005_WhyCourtShouldGrant	1713365119230	1713365119318	OK	 
REQUEST	PRL_CitizenC100_130_WhyCourtShouldGrant	PRL_CitizenC100_130_005_WhyCourtShouldGrant Redirect 1	1713365119319	1713365119451	OK	 
GROUP	PRL_CitizenC100_130_WhyCourtShouldGrant	1713365119230	1713365120141	909	OK
REQUEST	PRL_CitizenC100_140_InvolvedInEmergencyProtection	PRL_CitizenC100_140_005_InvolvedInEmergencyProtection	1713365120142	1713365120217	OK	 
REQUEST	PRL_CitizenC100_140_InvolvedInEmergencyProtection	PRL_CitizenC100_140_005_InvolvedInEmergencyProtection Redirect 1	1713365120218	1713365120346	OK	 
GROUP	PRL_CitizenC100_140_InvolvedInEmergencyProtection	1713365120141	1713365121155	1009	OK
REQUEST	PRL_CitizenC100_150_AttendingMIAM	PRL_CitizenC100_150_005_AttendingMIAM	1713365121160	1713365121239	OK	 
REQUEST	PRL_CitizenC100_150_AttendingMIAM	PRL_CitizenC100_150_005_AttendingMIAM Redirect 1	1713365121245	1713365121366	OK	 
GROUP	PRL_CitizenC100_150_AttendingMIAM	1713365121156	1713365122393	1225	OK
REQUEST	PRL_CitizenC100_160_AttendedMIAM	PRL_CitizenC100_160_005_AttendedMIAM	1713365122394	1713365122449	OK	 
REQUEST	PRL_CitizenC100_160_AttendedMIAM	PRL_CitizenC100_160_005_AttendedMIAM Redirect 1	1713365122450	1713365122562	OK	 
GROUP	PRL_CitizenC100_160_AttendedMIAM	1713365122393	1713365123271	874	OK
REQUEST	PRL_CitizenC100_170_DocumentSigned	PRL_CitizenC100_170_005_DocumentSigned	1713365123271	1713365123435	OK	 
REQUEST	PRL_CitizenC100_170_DocumentSigned	PRL_CitizenC100_170_005_DocumentSigned Redirect 1	1713365123436	1713365123758	OK	 
GROUP	PRL_CitizenC100_170_DocumentSigned	1713365123271	1713365127063	3788	OK
REQUEST	PRL_CitizenC100_180_MIAMUpload	PRL_CitizenC100_180_005_MIAMUpload	1713365127090	1713365130508	OK	 
REQUEST	PRL_CitizenC100_180_MIAMUpload	PRL_CitizenC100_180_005_MIAMUpload Redirect 1	1713365130511	1713365130664	OK	 
GROUP	PRL_CitizenC100_180_MIAMUpload	1713365127065	1713365131573	4471	OK
REQUEST	PRL_CitizenC100_190_MIAMUploadSubmit	PRL_CitizenC100_190_005_MIAMUploadSubmit	1713365131575	1713365131742	OK	 
REQUEST	PRL_CitizenC100_190_MIAMUploadSubmit	PRL_CitizenC100_190_005_MIAMUploadSubmit Redirect 1	1713365131745	1713365132008	OK	 
GROUP	PRL_CitizenC100_190_MIAMUploadSubmit	1713365131573	1713365132509	923	OK
REQUEST	PRL_CitizenC100_200_MIAMUploadContinue	PRL_CitizenC100_200_005_MIAMUploadContinue	1713365132511	1713365132568	OK	 
REQUEST	PRL_CitizenC100_200_MIAMUploadContinue	PRL_CitizenC100_200_005_MIAMUploadContinue Redirect 1	1713365132570	1713365132712	OK	 
GROUP	PRL_CitizenC100_200_MIAMUploadContinue	1713365132509	1713365133115	592	OK
REQUEST	PRL_CitizenC100_210_AskingCourtToDo	PRL_CitizenC100_210_005_AskingCourtToDo	1713365133118	1713365133209	OK	 
REQUEST	PRL_CitizenC100_210_AskingCourtToDo	PRL_CitizenC100_210_005_AskingCourtToDo Redirect 1	1713365133210	1713365133323	OK	 
GROUP	PRL_CitizenC100_210_AskingCourtToDo	1713365133116	1713365134527	1403	OK
REQUEST	PRL_CitizenC100_220_WouldLikeCourtTo	PRL_CitizenC100_220_005_WouldLikeCourtTo	1713365134529	1713365134620	OK	 
REQUEST	PRL_CitizenC100_220_WouldLikeCourtTo	PRL_CitizenC100_220_005_WouldLikeCourtTo Redirect 1	1713365134622	1713365134741	OK	 
GROUP	PRL_CitizenC100_220_WouldLikeCourtTo	1713365134527	1713365135260	722	OK
REQUEST	PRL_CitizenC100_230_DescribeWhatCourt	PRL_CitizenC100_230_005_DescribeWhatCourt	1713365135263	1713365135375	OK	 
REQUEST	PRL_CitizenC100_230_DescribeWhatCourt	PRL_CitizenC100_230_005_DescribeWhatCourt Redirect 1	1713365135378	1713365135458	OK	 
GROUP	PRL_CitizenC100_230_DescribeWhatCourt	1713365135261	1713365136066	792	OK
REQUEST	PRL_CitizenC100_240_UrgentFirstHearing	PRL_CitizenC100_240_005_UrgentFirstHearing	1713365136068	1713365136129	OK	 
REQUEST	PRL_CitizenC100_240_UrgentFirstHearing	PRL_CitizenC100_240_005_UrgentFirstHearing Redirect 1	1713365136132	1713365136238	OK	 
GROUP	PRL_CitizenC100_240_UrgentFirstHearing	1713365136066	1713365137063	983	OK
REQUEST	PRL_CitizenC100_250_UrgentHearingDetails	PRL_CitizenC100_250_005_UrgentHearingDetails	1713365137065	1713365137151	OK	 
REQUEST	PRL_CitizenC100_250_UrgentHearingDetails	PRL_CitizenC100_250_005_UrgentHearingDetails Redirect 1	1713365137154	1713365137230	OK	 
GROUP	PRL_CitizenC100_250_UrgentHearingDetails	1713365137063	1713365140309	3237	OK
REQUEST	PRL_CitizenC100_260_AskingForWithoutNotice	PRL_CitizenC100_260_005_AskingForWithoutNotice	1713365140311	1713365140392	OK	 
REQUEST	PRL_CitizenC100_260_AskingForWithoutNotice	PRL_CitizenC100_260_005_AskingForWithoutNotice Redirect 1	1713365140395	1713365140491	OK	 
GROUP	PRL_CitizenC100_260_AskingForWithoutNotice	1713365140310	1713365140793	469	OK
REQUEST	PRL_CitizenC100_270_WithoutNoticeDetails	PRL_CitizenC100_270_005_WithoutNoticeDetails	1713365140794	1713365140856	OK	 
REQUEST	PRL_CitizenC100_270_WithoutNoticeDetails	PRL_CitizenC100_270_005_WithoutNoticeDetails Redirect 1	1713365140857	1713365140957	OK	 
GROUP	PRL_CitizenC100_270_WithoutNoticeDetails	1713365140793	1713365141401	601	OK
REQUEST	PRL_CitizenC100_280_ChildrenName	PRL_CitizenC100_280_005_ChildrenName	1713365141402	1713365141462	OK	 
GROUP	PRL_CitizenC100_280_ChildrenName	1713365141402	1713365141476	60	OK
REQUEST	PRL_CitizenC100_285_ChildrenNameRedirect	PRL_CitizenC100_280_005_ChildrenName	1713365141477	1713365141586	OK	 
GROUP	PRL_CitizenC100_285_ChildrenNameRedirect	1713365141476	1713365142100	612	OK
REQUEST	PRL_CitizenC100_290_ChildDetails	PRL_CitizenC100_290_005_ChildDetails	1713365142102	1713365142168	OK	 
REQUEST	PRL_CitizenC100_290_ChildDetails	PRL_CitizenC100_290_005_ChildDetails Redirect 1	1713365142170	1713365142294	OK	 
GROUP	PRL_CitizenC100_290_ChildDetails	1713365142101	1713365143078	963	OK
REQUEST	PRL_CitizenC100_300_WhichDecision	PRL_CitizenC100_300_005_WhichDecision	1713365143079	1713365143152	OK	 
REQUEST	PRL_CitizenC100_300_WhichDecision	PRL_CitizenC100_300_005_WhichDecision Redirect 1	1713365143153	1713365143271	OK	 
GROUP	PRL_CitizenC100_300_WhichDecision	1713365143079	1713365143870	782	OK
REQUEST	PRL_CitizenC100_310_ParentalResponsibility	PRL_CitizenC100_310_005_ParentalResponsibility	1713365143871	1713365144136	OK	 
REQUEST	PRL_CitizenC100_310_ParentalResponsibility	PRL_CitizenC100_310_005_ParentalResponsibility Redirect 1	1713365144139	1713365144260	OK	 
GROUP	PRL_CitizenC100_310_ParentalResponsibility	1713365143870	1713365146329	2440	OK
REQUEST	PRL_CitizenC100_320_FurtherInformation	PRL_CitizenC100_320_005_FurtherInformation	1713365146330	1713365146395	OK	 
REQUEST	PRL_CitizenC100_320_FurtherInformation	PRL_CitizenC100_320_005_FurtherInformation Redirect 1	1713365146397	1713365146473	OK	 
GROUP	PRL_CitizenC100_320_FurtherInformation	1713365146329	1713365148023	1682	OK
REQUEST	PRL_CitizenC100_330_OtherChildren	PRL_CitizenC100_330_005_OtherChildren	1713365148027	1713365148128	OK	 
REQUEST	PRL_CitizenC100_330_OtherChildren	PRL_CitizenC100_330_005_OtherChildren Redirect 1	1713365148130	1713365148242	OK	 
GROUP	PRL_CitizenC100_330_OtherChildren	1713365148025	1713365148569	530	OK
REQUEST	PRL_CitizenC100_340_EnterYourName	PRL_CitizenC100_340_005_EnterYourName	1713365148571	1713365148744	OK	 
GROUP	PRL_CitizenC100_340_EnterYourName	1713365148569	1713365148745	173	OK
REQUEST	PRL_CitizenC100_345_EnterYourNameRedirect	PRL_CitizenC100_340_005_EnterYourName	1713365148754	1713365148884	OK	 
GROUP	PRL_CitizenC100_345_EnterYourNameRedirect	1713365148753	1713365149323	567	OK
REQUEST	PRL_CitizenC100_350_KnowContactDetails	PRL_CitizenC100_350_005_KnowContactDetails	1713365149324	1713365149435	OK	 
REQUEST	PRL_CitizenC100_350_KnowContactDetails	PRL_CitizenC100_350_005_KnowContactDetails Redirect 1	1713365149439	1713365149521	OK	 
GROUP	PRL_CitizenC100_350_KnowContactDetails	1713365149323	1713365150344	1007	OK
REQUEST	PRL_CitizenC100_360_KeepDetailsPrivate	PRL_CitizenC100_360_005_KeepDetailsPrivate	1713365150347	1713365150523	OK	 
REQUEST	PRL_CitizenC100_360_KeepDetailsPrivate	PRL_CitizenC100_360_005_KeepDetailsPrivate Redirect 1	1713365150526	1713365150682	OK	 
GROUP	PRL_CitizenC100_360_KeepDetailsPrivate	1713365150344	1713365153313	2960	OK
REQUEST	PRL_CitizenC100_370_KeepDetailsPrivateContinue	PRL_CitizenC100_370_005_KeepDetailsPrivateContinue	1713365153314	1713365153469	OK	 
REQUEST	PRL_CitizenC100_370_KeepDetailsPrivateContinue	PRL_CitizenC100_370_005_KeepDetailsPrivateContinue Redirect 1	1713365153472	1713365153670	OK	 
GROUP	PRL_CitizenC100_370_KeepDetailsPrivateContinue	1713365153313	1713365154909	1581	OK
REQUEST	PRL_CitizenC100_380_ApplicantDetails	PRL_CitizenC100_380_005_ApplicantDetails	1713365154914	1713365155410	OK	 
REQUEST	PRL_CitizenC100_380_ApplicantDetails	PRL_CitizenC100_380_005_ApplicantDetails Redirect 1	1713365155415	1713365155488	OK	 
GROUP	PRL_CitizenC100_380_ApplicantDetails	1713365154909	1713365156325	1398	OK
REQUEST	PRL_CitizenC100_390_ApplicantRelationship	PRL_CitizenC100_390_005_ApplicantRelationship	1713365156326	1713365156385	OK	 
REQUEST	PRL_CitizenC100_390_ApplicantRelationship	PRL_CitizenC100_390_005_ApplicantRelationship Redirect 1	1713365156386	1713365156484	OK	 
GROUP	PRL_CitizenC100_390_ApplicantRelationship	1713365156325	1713365156787	451	OK
REQUEST	PRL_CitizenC100_400_ApplicantPostcode	PRL_CitizenC100_400_005_ApplicantPostcode	1713365156792	1713365157488	OK	 
REQUEST	PRL_CitizenC100_400_ApplicantPostcode	PRL_CitizenC100_400_005_ApplicantPostcode Redirect 1	1713365157499	1713365157574	OK	 
GROUP	PRL_CitizenC100_400_ApplicantPostcode	1713365156787	1713365158463	1631	OK
REQUEST	PRL_CitizenC100_410_ApplicantSelectAddress	PRL_CitizenC100_410_005_ApplicantSelectAddress	1713365158464	1713365158527	OK	 
REQUEST	PRL_CitizenC100_410_ApplicantSelectAddress	PRL_CitizenC100_410_005_ApplicantSelectAddress Redirect 1	1713365158531	1713365158665	OK	 
GROUP	PRL_CitizenC100_410_ApplicantSelectAddress	1713365158463	1713365159888	1405	OK
REQUEST	PRL_CitizenC100_420_ApplicantAddress	PRL_CitizenC100_420_005_ApplicantAddress	1713365159889	1713365160016	OK	 
REQUEST	PRL_CitizenC100_420_ApplicantAddress	PRL_CitizenC100_420_005_ApplicantAddress Redirect 1	1713365160017	1713365160305	OK	 
GROUP	PRL_CitizenC100_420_ApplicantAddress	1713365159888	1713365160846	952	OK
REQUEST	PRL_CitizenC100_430_ApplicantContact	PRL_CitizenC100_430_005_ApplicantContact	1713365160852	1713365160940	OK	 
REQUEST	PRL_CitizenC100_430_ApplicantContact	PRL_CitizenC100_430_005_ApplicantContact Redirect 1	1713365160943	1713365161206	OK	 
GROUP	PRL_CitizenC100_430_ApplicantContact	1713365160847	1713365161464	598	OK
REQUEST	PRL_CitizenC100_440_ApplicantContactPreference	PRL_CitizenC100_440_005_ApplicantContactPreference	1713365161465	1713365161625	OK	 
REQUEST	PRL_CitizenC100_440_ApplicantContactPreference	PRL_CitizenC100_440_005_ApplicantContactPreference Redirect 1	1713365161628	1713365161707	OK	 
GROUP	PRL_CitizenC100_440_ApplicantContactPreference	1713365161464	1713365162117	642	OK
REQUEST	PRL_CitizenC100_450_RespondentName	PRL_CitizenC100_450_005_RespondentName	1713365162119	1713365162199	OK	 
GROUP	PRL_CitizenC100_450_RespondentName	1713365162117	1713365162202	80	OK
REQUEST	PRL_CitizenC100_460_RespondentNameRedirect	PRL_CitizenC100_460_005_RespondentNameRedirect	1713365162203	1713365162303	OK	 
GROUP	PRL_CitizenC100_460_RespondentNameRedirect	1713365162202	1713365164185	1976	OK
REQUEST	PRL_CitizenC100_470_RespondentDetails	PRL_CitizenC100_470_005_RespondentDetails	1713365164189	1713365164593	OK	 
REQUEST	PRL_CitizenC100_470_RespondentDetails	PRL_CitizenC100_470_005_RespondentDetails Redirect 1	1713365164595	1713365164702	OK	 
GROUP	PRL_CitizenC100_470_RespondentDetails	1713365164185	1713365165244	1044	OK
REQUEST	PRL_CitizenC100_480_RespondentRelationship	PRL_CitizenC100_480_005_RespondentRelationship	1713365165246	1713365165349	OK	 
REQUEST	PRL_CitizenC100_480_RespondentRelationship	PRL_CitizenC100_480_005_RespondentRelationship Redirect 1	1713365165350	1713365165528	OK	 
GROUP	PRL_CitizenC100_480_RespondentRelationship	1713365165244	1713365168436	3182	OK
REQUEST	PRL_CitizenC100_490_RespondentPostcode	PRL_CitizenC100_490_005_RespondentPostcode	1713365168437	1713365169211	OK	 
REQUEST	PRL_CitizenC100_490_RespondentPostcode	PRL_CitizenC100_490_005_RespondentPostcode Redirect 1	1713365169214	1713365169297	OK	 
GROUP	PRL_CitizenC100_490_RespondentPostcode	1713365168436	1713365170080	1629	OK
REQUEST	PRL_CitizenC100_500_RespondentSelectAddress	PRL_CitizenC100_500_005_RespondentSelectAddress	1713365170082	1713365170155	OK	 
REQUEST	PRL_CitizenC100_500_RespondentSelectAddress	PRL_CitizenC100_500_005_RespondentSelectAddress Redirect 1	1713365170157	1713365170268	OK	 
GROUP	PRL_CitizenC100_500_RespondentSelectAddress	1713365170080	1713365170595	507	OK
REQUEST	PRL_CitizenC100_510_RespondentAddress	PRL_CitizenC100_510_005_RespondentAddress	1713365170598	1713365170676	OK	 
REQUEST	PRL_CitizenC100_510_RespondentAddress	PRL_CitizenC100_510_005_RespondentAddress Redirect 1	1713365170678	1713365170751	OK	 
GROUP	PRL_CitizenC100_510_RespondentAddress	1713365170596	1713365171155	549	OK
REQUEST	PRL_CitizenC100_520_RespondentContact	PRL_CitizenC100_520_005_RespondentContact	1713365171157	1713365171235	OK	 
REQUEST	PRL_CitizenC100_520_RespondentContact	PRL_CitizenC100_520_005_RespondentContact Redirect 1	1713365171236	1713365171324	OK	 
GROUP	PRL_CitizenC100_520_RespondentContact	1713365171156	1713365172218	1059	OK
REQUEST	PRL_CitizenC100_530_AnyoneElse	PRL_CitizenC100_530_005_AnyoneElse	1713365172220	1713365172276	OK	 
REQUEST	PRL_CitizenC100_530_AnyoneElse	PRL_CitizenC100_530_005_AnyoneElse Redirect 1	1713365172280	1713365172354	OK	 
GROUP	PRL_CitizenC100_530_AnyoneElse	1713365172219	1713365172574	345	OK
REQUEST	PRL_CitizenC100_540_ChildLiveWith	PRL_CitizenC100_540_005_ChildLiveWith	1713365172578	1713365172645	OK	 
REQUEST	PRL_CitizenC100_540_ChildLiveWith	PRL_CitizenC100_540_005_ChildLiveWith Redirect 1	1713365172647	1713365172866	OK	 
GROUP	PRL_CitizenC100_540_ChildLiveWith	1713365172575	1713365173071	487	OK
REQUEST	PRL_CitizenC100_550_InvolvedInCourt	PRL_CitizenC100_550_005_InvolvedInCourt	1713365173073	1713365174592	OK	 
REQUEST	PRL_CitizenC100_550_InvolvedInCourt	PRL_CitizenC100_550_005_InvolvedInCourt Redirect 1	1713365174594	1713365174695	OK	 
GROUP	PRL_CitizenC100_550_InvolvedInCourt	1713365173071	1713365174901	1819	OK
REQUEST	PRL_CitizenC100_560_CourtCasesInfo	PRL_CitizenC100_560_005_CourtCasesInfo	1713365174903	1713365174982	OK	 
REQUEST	PRL_CitizenC100_560_CourtCasesInfo	PRL_CitizenC100_560_005_CourtCasesInfo Redirect 1	1713365174984	1713365175071	OK	 
GROUP	PRL_CitizenC100_560_CourtCasesInfo	1713365174902	1713365175282	372	OK
REQUEST	PRL_CitizenC100_570_DetailsOfCourtCases	PRL_CitizenC100_570_005_DetailsOfCourtCases	1713365175286	1713365175353	OK	 
REQUEST	PRL_CitizenC100_570_DetailsOfCourtCases	PRL_CitizenC100_570_005_DetailsOfCourtCases Redirect 1	1713365175354	1713365175467	OK	 
GROUP	PRL_CitizenC100_570_DetailsOfCourtCases	1713365175285	1713365175636	341	OK
REQUEST	PRL_CitizenC100_580_SafetyInfo	PRL_CitizenC100_580_005_SafetyInfo	1713365175637	1713365175700	OK	 
REQUEST	PRL_CitizenC100_580_SafetyInfo	PRL_CitizenC100_580_005_SafetyInfo Redirect 1	1713365175701	1713365175764	OK	 
GROUP	PRL_CitizenC100_580_SafetyInfo	1713365175636	1713365175991	345	OK
REQUEST	PRL_CitizenC100_590_SafetyConcerns	PRL_CitizenC100_590_005_SafetyConcerns	1713365175992	1713365176068	OK	 
REQUEST	PRL_CitizenC100_590_SafetyConcerns	PRL_CitizenC100_590_005_SafetyConcerns Redirect 1	1713365176072	1713365176153	OK	 
GROUP	PRL_CitizenC100_590_SafetyConcerns	1713365175991	1713365176580	581	OK
REQUEST	PRL_CitizenC100_600_ConcernedAbout	PRL_CitizenC100_600_005_ConcernedAbout	1713365176583	1713365176708	OK	 
REQUEST	PRL_CitizenC100_600_ConcernedAbout	PRL_CitizenC100_600_005_ConcernedAbout Redirect 1	1713365176710	1713365176794	OK	 
GROUP	PRL_CitizenC100_600_ConcernedAbout	1713365176581	1713365177466	875	OK
REQUEST	PRL_CitizenC100_610_TypeOfBehaviour	PRL_CitizenC100_610_005_TypeOfBehaviour	1713365177470	1713365177531	OK	 
REQUEST	PRL_CitizenC100_610_TypeOfBehaviour	PRL_CitizenC100_610_005_TypeOfBehaviour Redirect 1	1713365177536	1713365177728	OK	 
GROUP	PRL_CitizenC100_610_TypeOfBehaviour	1713365177467	1713365178121	639	OK
REQUEST	PRL_CitizenC100_620_DescribePyshicalAbuse	PRL_CitizenC100_620_005_DescribePyshicalAbuse	1713365178123	1713365178195	OK	 
REQUEST	PRL_CitizenC100_620_DescribePyshicalAbuse	PRL_CitizenC100_620_005_DescribePyshicalAbuse Redirect 1	1713365178197	1713365178288	OK	 
GROUP	PRL_CitizenC100_620_DescribePyshicalAbuse	1713365178121	1713365178683	551	OK
REQUEST	PRL_CitizenC100_630_ImpactedByDrug	PRL_CitizenC100_630_005_ImpactedByDrug	1713365178686	1713365178764	OK	 
REQUEST	PRL_CitizenC100_630_ImpactedByDrug	PRL_CitizenC100_630_005_ImpactedByDrug Redirect 1	1713365178765	1713365178856	OK	 
GROUP	PRL_CitizenC100_630_ImpactedByDrug	1713365178683	1713365179180	488	OK
REQUEST	PRL_CitizenC100_640_OtherConcerns	PRL_CitizenC100_640_005_OtherConcerns	1713365179182	1713365179257	OK	 
REQUEST	PRL_CitizenC100_640_OtherConcerns	PRL_CitizenC100_640_005_OtherConcerns Redirect 1	1713365179258	1713365179329	OK	 
GROUP	PRL_CitizenC100_640_OtherConcerns	1713365179180	1713365182606	3421	OK
REQUEST	PRL_CitizenC100_650_KeepChildrenSafe	PRL_CitizenC100_650_005_KeepChildrenSafe	1713365182609	1713365182691	OK	 
REQUEST	PRL_CitizenC100_650_KeepChildrenSafe	PRL_CitizenC100_650_005_KeepChildrenSafe Redirect 1	1713365182692	1713365182774	OK	 
GROUP	PRL_CitizenC100_650_KeepChildrenSafe	1713365182607	1713365183083	465	OK
REQUEST	PRL_CitizenC100_660_ContactBetweenChildren	PRL_CitizenC100_660_005_ContactBetweenChildren	1713365183085	1713365183154	OK	 
REQUEST	PRL_CitizenC100_660_ContactBetweenChildren	PRL_CitizenC100_660_005_ContactBetweenChildren Redirect 1	1713365183157	1713365183245	OK	 
GROUP	PRL_CitizenC100_660_ContactBetweenChildren	1713365183083	1713365183543	448	OK
REQUEST	PRL_CitizenC100_670_ChildrenBasedOutsideEngland	PRL_CitizenC100_670_005_ChildrenBasedOutsideEngland	1713365183545	1713365183609	OK	 
REQUEST	PRL_CitizenC100_670_ChildrenBasedOutsideEngland	PRL_CitizenC100_670_005_ChildrenBasedOutsideEngland Redirect 1	1713365183611	1713365183825	OK	 
GROUP	PRL_CitizenC100_670_ChildrenBasedOutsideEngland	1713365183544	1713365184260	707	OK
REQUEST	PRL_CitizenC100_680_ParentsBasedOutsideEngland	PRL_CitizenC100_680_005_ParentsBasedOutsideEngland	1713365184260	1713365184322	OK	 
REQUEST	PRL_CitizenC100_680_ParentsBasedOutsideEngland	PRL_CitizenC100_680_005_ParentsBasedOutsideEngland Redirect 1	1713365184323	1713365184497	OK	 
GROUP	PRL_CitizenC100_680_ParentsBasedOutsideEngland	1713365184260	1713365186390	2122	OK
REQUEST	PRL_CitizenC100_690_AnotherPersonApply	PRL_CitizenC100_690_005_AnotherPersonApply	1713365186391	1713365186468	OK	 
REQUEST	PRL_CitizenC100_690_AnotherPersonApply	PRL_CitizenC100_690_005_AnotherPersonApply Redirect 1	1713365186468	1713365186592	OK	 
GROUP	PRL_CitizenC100_690_AnotherPersonApply	1713365186390	1713365187173	774	OK
REQUEST	PRL_CitizenC100_700_AnotherCountryAsked	PRL_CitizenC100_700_005_AnotherCountryAsked	1713365187175	1713365187246	OK	 
REQUEST	PRL_CitizenC100_700_AnotherCountryAsked	PRL_CitizenC100_700_005_AnotherCountryAsked Redirect 1	1713365187246	1713365187352	OK	 
GROUP	PRL_CitizenC100_700_AnotherCountryAsked	1713365187173	1713365187782	604	OK
REQUEST	PRL_CitizenC100_710_TakePartInHearings	PRL_CitizenC100_710_005_TakePartInHearings	1713365187784	1713365187840	OK	 
REQUEST	PRL_CitizenC100_710_TakePartInHearings	PRL_CitizenC100_710_005_TakePartInHearings Redirect 1	1713365187842	1713365187924	OK	 
GROUP	PRL_CitizenC100_710_TakePartInHearings	1713365187782	1713365188376	581	OK
REQUEST	PRL_CitizenC100_720_LanguageRequirements	PRL_CitizenC100_720_005_LanguageRequirements	1713365188378	1713365188443	OK	 
REQUEST	PRL_CitizenC100_720_LanguageRequirements	PRL_CitizenC100_720_005_LanguageRequirements Redirect 1	1713365188446	1713365188543	OK	 
GROUP	PRL_CitizenC100_720_LanguageRequirements	1713365188377	1713365188967	579	OK
REQUEST	PRL_CitizenC100_730_SpecialArrangements	PRL_CitizenC100_730_005_SpecialArrangements	1713365188969	1713365189081	OK	 
REQUEST	PRL_CitizenC100_730_SpecialArrangements	PRL_CitizenC100_730_005_SpecialArrangements Redirect 1	1713365189084	1713365189176	OK	 
GROUP	PRL_CitizenC100_730_SpecialArrangements	1713365188967	1713365189543	565	OK
REQUEST	PRL_CitizenC100_740_NeedSupport	PRL_CitizenC100_740_005_NeedSupport	1713365189545	1713365189609	KO	status.find.in([200, 209], 304), found 404
GROUP	PRL_CitizenC100_740_NeedSupport	1713365189543	1713365189641	64	KO
USER	***** PRL Citizen Journey *****	END	1713365189645
