ASSERTION	AAECAAIFAAAAAAAAAFlA
RUN	simulations.PRL_Simulation	prl-simulation	1706797061070	 	3.9.5
USER	***** PRL Citizen Journey *****	START	1706797061482
REQUEST	XUI_010_Homepage	XUI_010_005_Homepage	1706797061490	1706797061665	OK	 
REQUEST	XUI_010_Homepage	XUI_Common_000_ConfigurationUI	1706797062750	1706797062783	OK	 
REQUEST	XUI_010_Homepage	XUI_Common_000_ConfigJson	1706797062784	1706797062816	OK	 
REQUEST	XUI_010_Homepage	XUI_Common_000_TsAndCs	1706797062817	1706797062850	OK	 
REQUEST	XUI_010_Homepage	XUI_Common_000_ConfigUI	1706797062850	1706797062878	OK	 
REQUEST	XUI_010_Homepage	XUI_Common_000_UserDetails	1706797062878	1706797062904	OK	 
REQUEST	XUI_010_Homepage	XUI_Common_000_IsAuthenticated	1706797062905	1706797062929	OK	 
REQUEST	XUI_010_Homepage	XUI_010_010_AuthLogin	1706797062931	1706797062960	OK	 
REQUEST	XUI_010_Homepage	XUI_010_010_AuthLogin Redirect 1	1706797062963	1706797063143	OK	 
REQUEST	XUI_010_Homepage	XUI_010_010_AuthLogin Redirect 2	1706797063146	1706797063216	OK	 
GROUP	XUI_010_Homepage	1706797061483	1706797063425	1847	OK
REQUEST	XUI_020_Login	XUI_020_005_Login	1706797063428	1706797063598	OK	 
REQUEST	XUI_020_Login	XUI_020_005_Login Redirect 1	1706797063599	1706797064352	OK	 
REQUEST	XUI_020_Login	XUI_020_005_Login Redirect 2	1706797064354	1706797064379	OK	 
REQUEST	XUI_020_Login	XUI_Common_000_ConfigurationUI	1706797065399	1706797065435	OK	 
REQUEST	XUI_020_Login	XUI_Common_000_ConfigJson	1706797065436	1706797065467	OK	 
REQUEST	XUI_020_Login	XUI_Common_000_TsAndCs	1706797065468	1706797065495	OK	 
REQUEST	XUI_020_Login	XUI_Common_000_ConfigUI	1706797065496	1706797065524	OK	 
REQUEST	XUI_020_Login	XUI_Common_000_UserDetails	1706797065525	1706797066144	OK	 
REQUEST	XUI_020_Login	XUI_Common_000_IsAuthenticated	1706797066146	1706797066215	OK	 
REQUEST	XUI_020_Login	XUI_Common_000_MonitoringTools	1706797066220	1706797066290	OK	 
GROUP	XUI_020_Login	1706797063425	1706797066317	2845	OK
REQUEST	XUI_010_Homepage	XUI_010_005_Homepage	1706797066318	1706797066343	OK	 
REQUEST	XUI_010_Homepage	XUI_Common_000_ConfigurationUI	1706797067387	1706797067411	OK	 
REQUEST	XUI_010_Homepage	XUI_Common_000_ConfigJson	1706797067412	1706797067437	OK	 
REQUEST	XUI_010_Homepage	XUI_Common_000_TsAndCs	1706797067437	1706797067466	OK	 
REQUEST	XUI_010_Homepage	XUI_Common_000_ConfigUI	1706797067467	1706797067490	OK	 
REQUEST	XUI_010_Homepage	XUI_Common_000_UserDetails	1706797067490	1706797067520	OK	 
REQUEST	XUI_010_Homepage	XUI_Common_000_IsAuthenticated	1706797067520	1706797067556	OK	 
REQUEST	XUI_010_Homepage	XUI_010_010_AuthLogin	1706797067556	1706797067580	OK	 
REQUEST	XUI_010_Homepage	XUI_010_010_AuthLogin Redirect 1	1706797067580	1706797067623	OK	 
REQUEST	XUI_010_Homepage	XUI_010_010_AuthLogin Redirect 2	1706797067623	1706797067661	OK	 
GROUP	XUI_010_Homepage	1706797066318	1706797067846	1520	OK
REQUEST	XUI_020_Login	XUI_020_005_Login	1706797067846	1706797067956	OK	 
REQUEST	XUI_020_Login	XUI_020_005_Login Redirect 1	1706797067957	1706797068451	OK	 
REQUEST	XUI_020_Login	XUI_020_005_Login Redirect 2	1706797068453	1706797068502	OK	 
REQUEST	XUI_020_Login	XUI_Common_000_ConfigurationUI	1706797069540	1706797069567	OK	 
REQUEST	XUI_020_Login	XUI_Common_000_ConfigJson	1706797069567	1706797069607	OK	 
REQUEST	XUI_020_Login	XUI_Common_000_TsAndCs	1706797069608	1706797069639	OK	 
REQUEST	XUI_020_Login	XUI_Common_000_ConfigUI	1706797069639	1706797069678	OK	 
REQUEST	XUI_020_Login	XUI_Common_000_UserDetails	1706797069678	1706797070395	OK	 
REQUEST	XUI_020_Login	XUI_Common_000_IsAuthenticated	1706797070397	1706797070434	OK	 
REQUEST	XUI_020_Login	XUI_Common_000_MonitoringTools	1706797070437	1706797070467	OK	 
GROUP	XUI_020_Login	1706797067846	1706797070469	2611	OK
REQUEST	XUI_PRL_030_TaskTab	XUI_PRL_030_005_SelectIssue	1706797070472	1706797072445	OK	 
GROUP	XUI_PRL_030_TaskTab	1706797070471	1706797072461	1973	OK
REQUEST	XUI_PRL_031_AssignToMe	XUI_PRL_031_005_AssignToMe	1706797072464	1706797074118	OK	 
GROUP	XUI_PRL_031_AssignToMe	1706797072461	1706797074122	1654	OK
REQUEST	XUI_PRL_040_SelectCase	XUI_PRL_040_005_SelectIssue	1706797074127	1706797076034	KO	status.find.in([200, 209], 304), found 422
GROUP	XUI_PRL_040_SelectCase	1706797074122	1706797076046	1907	KO
USER	***** PRL Citizen Journey *****	END	1706797076048
