ASSERTION	AAECAAIFAAAAAAAAAFlA
RUN	simulations.PRL_Simulation	prl-simulation	1706056673077	 	3.9.5
USER	***** PRL Case Flags 2.1 Journey *****	START	1706056674025
REQUEST	XUI_010_Homepage	XUI_010_005_Homepage	1706056674041	1706056674187	OK	 
REQUEST	XUI_010_Homepage	XUI_Common_000_ConfigurationUI	1706056676680	1706056676713	OK	 
REQUEST	XUI_010_Homepage	XUI_Common_000_ConfigJson	1706056676714	1706056676784	OK	 
REQUEST	XUI_010_Homepage	XUI_Common_000_TsAndCs	1706056676784	1706056676839	OK	 
REQUEST	XUI_010_Homepage	XUI_Common_000_ConfigUI	1706056676839	1706056676870	OK	 
REQUEST	XUI_010_Homepage	XUI_Common_000_UserDetails	1706056676871	1706056676901	OK	 
REQUEST	XUI_010_Homepage	XUI_Common_000_IsAuthenticated	1706056676902	1706056676933	OK	 
REQUEST	XUI_010_Homepage	XUI_010_010_AuthLogin	1706056676935	1706056676984	OK	 
REQUEST	XUI_010_Homepage	XUI_010_010_AuthLogin Redirect 1	1706056676986	1706056677122	OK	 
REQUEST	XUI_010_Homepage	XUI_010_010_AuthLogin Redirect 2	1706056677124	1706056677194	OK	 
GROUP	XUI_010_Homepage	1706056674026	1706056677484	3356	OK
REQUEST	XUI_020_Login	XUI_020_005_Login	1706056677487	1706056677641	OK	 
REQUEST	XUI_020_Login	XUI_020_005_Login Redirect 1	1706056677642	1706056678303	OK	 
REQUEST	XUI_020_Login	XUI_020_005_Login Redirect 2	1706056678307	1706056678342	OK	 
REQUEST	XUI_020_Login	XUI_Common_000_ConfigurationUI	1706056680720	1706056680754	OK	 
REQUEST	XUI_020_Login	XUI_Common_000_ConfigJson	1706056680755	1706056680806	OK	 
REQUEST	XUI_020_Login	XUI_Common_000_TsAndCs	1706056680807	1706056680842	OK	 
REQUEST	XUI_020_Login	XUI_Common_000_ConfigUI	1706056680844	1706056680877	OK	 
REQUEST	XUI_020_Login	XUI_Common_000_UserDetails	1706056680880	1706056681404	OK	 
REQUEST	XUI_020_Login	XUI_Common_000_IsAuthenticated	1706056681406	1706056681478	OK	 
REQUEST	XUI_020_Login	XUI_Common_000_MonitoringTools	1706056681481	1706056681536	OK	 
GROUP	XUI_020_Login	1706056677485	1706056681559	4031	OK
ERROR	XUI_PRL_031_005_SelectCase: Failed to build request: No attribute named 'caseId' is defined 	1706056681562
GROUP	XUI_PRL_031_SelectCase	1706056681562	1706056681565	0	KO
USER	***** PRL Case Flags 2.1 Journey *****	END	1706056681574
