ASSERTION	AAECAAIFAAAAAAAAAFlA
RUN	simulations.PRL_Simulation	prl-simulation	1702995007423	 	3.9.5
USER	***** PRL Case Flags 2.1 Journey *****	START	1702995008343
REQUEST	XUI_010_Homepage	XUI_010_005_Homepage	1702995008350	1702995008999	OK	 
REQUEST	XUI_010_Homepage	XUI_Common_000_ConfigurationUI	1702995024594	1702995024632	OK	 
REQUEST	XUI_010_Homepage	XUI_Common_000_ConfigJson	1702995024635	1702995024850	OK	 
REQUEST	XUI_010_Homepage	XUI_Common_000_TsAndCs	1702995024854	1702995024886	OK	 
REQUEST	XUI_010_Homepage	XUI_Common_000_ConfigUI	1702995024888	1702995024917	OK	 
REQUEST	XUI_010_Homepage	XUI_Common_000_UserDetails	1702995024919	1702995024949	OK	 
REQUEST	XUI_010_Homepage	XUI_Common_000_IsAuthenticated	1702995024951	1702995024985	OK	 
REQUEST	XUI_010_Homepage	XUI_010_010_AuthLogin	1702995024988	1702995025050	OK	 
REQUEST	XUI_010_Homepage	XUI_010_010_AuthLogin Redirect 1	1702995025052	1702995025228	OK	 
REQUEST	XUI_010_Homepage	XUI_010_010_AuthLogin Redirect 2	1702995025233	1702995025348	OK	 
GROUP	XUI_010_Homepage	1702995008343	1702995026899	18444	OK
REQUEST	XUI_020_Login	XUI_020_005_Login	1702995026904	1702995027087	OK	 
REQUEST	XUI_020_Login	XUI_020_005_Login Redirect 1	1702995027089	1702995027898	OK	 
REQUEST	XUI_020_Login	XUI_020_005_Login Redirect 2	1702995027905	1702995027950	OK	 
REQUEST	XUI_020_Login	XUI_Common_000_ConfigurationUI	1702995040080	1702995040114	OK	 
REQUEST	XUI_020_Login	XUI_Common_000_ConfigJson	1702995040116	1702995040166	OK	 
REQUEST	XUI_020_Login	XUI_Common_000_TsAndCs	1702995040168	1702995040216	OK	 
REQUEST	XUI_020_Login	XUI_Common_000_ConfigUI	1702995040218	1702995040259	OK	 
REQUEST	XUI_020_Login	XUI_Common_000_UserDetails	1702995040261	1702995041214	OK	 
REQUEST	XUI_020_Login	XUI_Common_000_IsAuthenticated	1702995041216	1702995041359	OK	 
REQUEST	XUI_020_Login	XUI_Common_000_MonitoringTools	1702995041361	1702995041430	OK	 
GROUP	XUI_020_Login	1702995026900	1702995041466	14495	OK
REQUEST	XUI_PRL_030_CreateCaseStart	XUI_PRL_030_005_CreateCaseStart	1702995041469	1702995046108	OK	 
GROUP	XUI_PRL_030_CreateCaseStart	1702995041467	1702995046116	4639	OK
REQUEST	XUI_PRL_031_Type_Of_Application	XUI_PRL_031_005_Type_Of_Application	1702995046118	1702995046943	OK	 
GROUP	XUI_PRL_031_Type_Of_Application	1702995046116	1702995046944	825	OK
REQUEST	XUI_PRL_032_ApplicationCheckYourAnswers	XUI_PRL_032_005_ApplicationCheckYourAnswers	1702995046945	1702995061956	OK	 
GROUP	XUI_PRL_032_ApplicationCheckYourAnswers	1702995046944	1702995061974	15011	OK
REQUEST	XUI_PRL_033_ApplicationDetails	XUI_PRL_033_005_ApplicationDetails	1702995061975	1702995067676	OK	 
GROUP	XUI_PRL_033_ApplicationDetails	1702995061974	1702995067723	5701	OK
REQUEST	XUI_PRL_034_EnterApplicationDetails	XUI_PRL_034_005_EnterApplicationDetails	1702995067723	1702995068489	OK	 
GROUP	XUI_PRL_034_EnterApplicationDetails	1702995067723	1702995068490	766	OK
REQUEST	XUI_PRL_035_SubmitApplicationDetails	XUI_PRL_035_005_SubmitApplicationDetails	1702995068491	1702995074426	OK	 
GROUP	XUI_PRL_035_SubmitApplicationDetails	1702995068490	1702995074427	5935	OK
REQUEST	XUI_PRL_036_SubmitAndPay	XUI_PRL_036_005_SubmitAndPay	1702995074427	1702995081819	OK	 
GROUP	XUI_PRL_036_SubmitAndPay	1702995074427	1702995081836	7392	OK
REQUEST	XUI_PRL_037_ConfidentialityStatement	XUI_PRL_037_005_ConfidentialityStatement	1702995081836	1702995082683	OK	 
GROUP	XUI_PRL_037_ConfidentialityStatement	1702995081836	1702995082684	847	OK
REQUEST	XUI_PRL_038_Declaration	XUI_PRL_038_005_Declaration	1702995082686	1702995083531	OK	 
GROUP	XUI_PRL_038_Declaration	1702995082684	1702995083532	845	OK
REQUEST	XUI_PRL_039_Continue	XUI_PRL_039_005_Continue	1702995083534	1702995084903	OK	 
GROUP	XUI_PRL_039_Continue	1702995083533	1702995084922	1369	OK
REQUEST	XUI_PRL_040_Continue	XUI_PRL_039_005_Continue	1702995084923	1702995102240	OK	 
GROUP	XUI_PRL_040_Continue	1702995084922	1702995102246	17317	OK
REQUEST	XUI_PRL_041_DummyPaymentConfirmation 	XUI_PRL_041_005_DummyPaymentConfirmation 	1702995102247	1702995104115	OK	 
GROUP	XUI_PRL_041_DummyPaymentConfirmation 	1702995102246	1702995104116	1868	OK
REQUEST	XUI_PRL_042_PaymentOption	XUI_PRL_042_005_PaymentOption	1702995104117	1702995105314	OK	 
GROUP	XUI_PRL_042_PaymentOption	1702995104116	1702995105318	1197	OK
REQUEST	XUI_PRL_043_PaymentOption	XUI_PRL_043_005_PaymentOption	1702995105319	1702995105472	OK	 
REQUEST	XUI_PRL_043_PaymentOption	XUI_PRL_043_005_PaymentOption Redirect 1	1702995105473	1702995105572	OK	 
GROUP	XUI_PRL_043_PaymentOption	1702995105318	1702995105705	377	OK
REQUEST	XUI_PRL_044_CardDetails	XUI_PRL_044_005_CardDetails	1702995105706	1702995105838	OK	 
REQUEST	XUI_PRL_044_CardDetails	XUI_PRL_044_005_CardDetails Redirect 1	1702995105839	1702995105893	OK	 
GROUP	XUI_PRL_044_CardDetails	1702995105705	1702995105897	187	OK
REQUEST	XUI_PRL_045_ConfirmPayment	XUI_PRL_045_005_ConfirmPayment	1702995105897	1702995106037	OK	 
REQUEST	XUI_PRL_045_ConfirmPayment	XUI_PRL_045_005_ConfirmPayment Redirect 1	1702995106038	1702995106205	OK	 
REQUEST	XUI_PRL_045_ConfirmPayment	XUI_PRL_045_005_ConfirmPayment Redirect 2	1702995106220	1702995109417	OK	 
GROUP	XUI_PRL_045_ConfirmPayment	1702995105897	1702995109969	4048	OK
REQUEST	XUI_PRL_030_CreateCaseStart	XUI_PRL_030_005_CreateCaseStart	1702995109973	1702995111308	OK	 
GROUP	XUI_PRL_030_CreateCaseStart	1702995109971	1702995111309	1335	OK
REQUEST	XUI_PRL_031_Type_Of_Application	XUI_PRL_031_005_Type_Of_Application	1702995111309	1702995112427	OK	 
GROUP	XUI_PRL_031_Type_Of_Application	1702995111309	1702995112429	1118	OK
REQUEST	XUI_PRL_032_ApplicationCheckYourAnswers	XUI_PRL_032_005_ApplicationCheckYourAnswers	1702995112430	1702995125604	OK	 
GROUP	XUI_PRL_032_ApplicationCheckYourAnswers	1702995112429	1702995125611	13174	OK
REQUEST	XUI_PRL_033_ApplicationDetails	XUI_PRL_033_005_ApplicationDetails	1702995125612	1702995129052	OK	 
GROUP	XUI_PRL_033_ApplicationDetails	1702995125611	1702995129082	3440	OK
REQUEST	XUI_PRL_034_EnterApplicationDetails	XUI_PRL_034_005_EnterApplicationDetails	1702995129082	1702995129832	OK	 
GROUP	XUI_PRL_034_EnterApplicationDetails	1702995129082	1702995129834	750	OK
REQUEST	XUI_PRL_035_SubmitApplicationDetails	XUI_PRL_035_005_SubmitApplicationDetails	1702995129835	1702995135523	OK	 
GROUP	XUI_PRL_035_SubmitApplicationDetails	1702995129834	1702995135525	5688	OK
REQUEST	XUI_PRL_036_SubmitAndPay	XUI_PRL_036_005_SubmitAndPay	1702995135526	1702995141404	OK	 
GROUP	XUI_PRL_036_SubmitAndPay	1702995135525	1702995141409	5878	OK
REQUEST	XUI_PRL_037_ConfidentialityStatement	XUI_PRL_037_005_ConfidentialityStatement	1702995141411	1702995141872	OK	 
GROUP	XUI_PRL_037_ConfidentialityStatement	1702995141409	1702995141873	461	OK
REQUEST	XUI_PRL_038_Declaration	XUI_PRL_038_005_Declaration	1702995141874	1702995142383	OK	 
GROUP	XUI_PRL_038_Declaration	1702995141873	1702995142385	509	OK
REQUEST	XUI_PRL_039_Continue	XUI_PRL_039_005_Continue	1702995142386	1702995143558	OK	 
GROUP	XUI_PRL_039_Continue	1702995142385	1702995143559	1172	OK
REQUEST	XUI_PRL_040_Continue	XUI_PRL_039_005_Continue	1702995143560	1702995152483	OK	 
GROUP	XUI_PRL_040_Continue	1702995143559	1702995152489	8923	OK
REQUEST	XUI_PRL_041_DummyPaymentConfirmation 	XUI_PRL_041_005_DummyPaymentConfirmation 	1702995152489	1702995154774	OK	 
GROUP	XUI_PRL_041_DummyPaymentConfirmation 	1702995152489	1702995154774	2285	OK
REQUEST	XUI_PRL_042_PaymentOption	XUI_PRL_042_005_PaymentOption	1702995154774	1702995155490	OK	 
GROUP	XUI_PRL_042_PaymentOption	1702995154774	1702995155491	716	OK
REQUEST	XUI_PRL_043_PaymentOption	XUI_PRL_043_005_PaymentOption	1702995155492	1702995155539	OK	 
REQUEST	XUI_PRL_043_PaymentOption	XUI_PRL_043_005_PaymentOption Redirect 1	1702995155540	1702995155617	OK	 
GROUP	XUI_PRL_043_PaymentOption	1702995155491	1702995155634	125	OK
REQUEST	XUI_PRL_044_CardDetails	XUI_PRL_044_005_CardDetails	1702995155635	1702995155762	OK	 
REQUEST	XUI_PRL_044_CardDetails	XUI_PRL_044_005_CardDetails Redirect 1	1702995155762	1702995155802	OK	 
GROUP	XUI_PRL_044_CardDetails	1702995155634	1702995155810	168	OK
REQUEST	XUI_PRL_045_ConfirmPayment	XUI_PRL_045_005_ConfirmPayment	1702995155811	1702995155900	OK	 
REQUEST	XUI_PRL_045_ConfirmPayment	XUI_PRL_045_005_ConfirmPayment Redirect 1	1702995155901	1702995155939	OK	 
REQUEST	XUI_PRL_045_ConfirmPayment	XUI_PRL_045_005_ConfirmPayment Redirect 2	1702995155940	1702995158205	OK	 
GROUP	XUI_PRL_045_ConfirmPayment	1702995155810	1702995158852	3033	OK
REQUEST	XUI_PRL_030_CreateCaseStart	XUI_PRL_030_005_CreateCaseStart	1702995158854	1702995159759	OK	 
GROUP	XUI_PRL_030_CreateCaseStart	1702995158853	1702995159761	905	OK
REQUEST	XUI_PRL_031_Type_Of_Application	XUI_PRL_031_005_Type_Of_Application	1702995159762	1702995160475	OK	 
GROUP	XUI_PRL_031_Type_Of_Application	1702995159762	1702995160476	713	OK
REQUEST	XUI_PRL_032_ApplicationCheckYourAnswers	XUI_PRL_032_005_ApplicationCheckYourAnswers	1702995160477	1702995168561	OK	 
GROUP	XUI_PRL_032_ApplicationCheckYourAnswers	1702995160476	1702995168576	8084	OK
REQUEST	XUI_PRL_033_ApplicationDetails	XUI_PRL_033_005_ApplicationDetails	1702995168576	1702995173320	OK	 
GROUP	XUI_PRL_033_ApplicationDetails	1702995168576	1702995173343	4744	OK
REQUEST	XUI_PRL_034_EnterApplicationDetails	XUI_PRL_034_005_EnterApplicationDetails	1702995173344	1702995173820	OK	 
GROUP	XUI_PRL_034_EnterApplicationDetails	1702995173343	1702995173822	476	OK
REQUEST	XUI_PRL_035_SubmitApplicationDetails	XUI_PRL_035_005_SubmitApplicationDetails	1702995173823	1702995179418	OK	 
GROUP	XUI_PRL_035_SubmitApplicationDetails	1702995173822	1702995179420	5595	OK
REQUEST	XUI_PRL_036_SubmitAndPay	XUI_PRL_036_005_SubmitAndPay	1702995179421	1702995185220	OK	 
GROUP	XUI_PRL_036_SubmitAndPay	1702995179420	1702995185222	5799	OK
REQUEST	XUI_PRL_037_ConfidentialityStatement	XUI_PRL_037_005_ConfidentialityStatement	1702995185223	1702995186106	OK	 
GROUP	XUI_PRL_037_ConfidentialityStatement	1702995185223	1702995186107	883	OK
REQUEST	XUI_PRL_038_Declaration	XUI_PRL_038_005_Declaration	1702995186108	1702995187076	OK	 
GROUP	XUI_PRL_038_Declaration	1702995186107	1702995187077	968	OK
REQUEST	XUI_PRL_039_Continue	XUI_PRL_039_005_Continue	1702995187078	1702995192974	OK	 
GROUP	XUI_PRL_039_Continue	1702995187077	1702995192976	5896	OK
REQUEST	XUI_PRL_040_Continue	XUI_PRL_039_005_Continue	1702995192977	1702995201446	OK	 
GROUP	XUI_PRL_040_Continue	1702995192976	1702995201452	8469	OK
REQUEST	XUI_PRL_041_DummyPaymentConfirmation 	XUI_PRL_041_005_DummyPaymentConfirmation 	1702995201452	1702995203156	OK	 
GROUP	XUI_PRL_041_DummyPaymentConfirmation 	1702995201452	1702995203157	1704	OK
REQUEST	XUI_PRL_042_PaymentOption	XUI_PRL_042_005_PaymentOption	1702995203158	1702995203834	OK	 
GROUP	XUI_PRL_042_PaymentOption	1702995203157	1702995203835	676	OK
REQUEST	XUI_PRL_043_PaymentOption	XUI_PRL_043_005_PaymentOption	1702995203836	1702995203892	OK	 
REQUEST	XUI_PRL_043_PaymentOption	XUI_PRL_043_005_PaymentOption Redirect 1	1702995203893	1702995204191	OK	 
GROUP	XUI_PRL_043_PaymentOption	1702995203835	1702995204203	355	OK
REQUEST	XUI_PRL_044_CardDetails	XUI_PRL_044_005_CardDetails	1702995204204	1702995204367	OK	 
REQUEST	XUI_PRL_044_CardDetails	XUI_PRL_044_005_CardDetails Redirect 1	1702995204368	1702995204525	OK	 
GROUP	XUI_PRL_044_CardDetails	1702995204203	1702995204531	321	OK
REQUEST	XUI_PRL_045_ConfirmPayment	XUI_PRL_045_005_ConfirmPayment	1702995204532	1702995204699	OK	 
REQUEST	XUI_PRL_045_ConfirmPayment	XUI_PRL_045_005_ConfirmPayment Redirect 1	1702995204700	1702995204878	OK	 
REQUEST	XUI_PRL_045_ConfirmPayment	XUI_PRL_045_005_ConfirmPayment Redirect 2	1702995204882	1702995206799	OK	 
GROUP	XUI_PRL_045_ConfirmPayment	1702995204531	1702995207610	3068	OK
REQUEST	XUI_PRL_030_CreateCaseStart	XUI_PRL_030_005_CreateCaseStart	1702995207612	1702995208495	OK	 
GROUP	XUI_PRL_030_CreateCaseStart	1702995207610	1702995208498	883	OK
REQUEST	XUI_PRL_031_Type_Of_Application	XUI_PRL_031_005_Type_Of_Application	1702995208499	1702995209080	OK	 
GROUP	XUI_PRL_031_Type_Of_Application	1702995208498	1702995209081	581	OK
REQUEST	XUI_PRL_032_ApplicationCheckYourAnswers	XUI_PRL_032_005_ApplicationCheckYourAnswers	1702995209082	1702995218984	OK	 
GROUP	XUI_PRL_032_ApplicationCheckYourAnswers	1702995209081	1702995218991	9902	OK
REQUEST	XUI_PRL_033_ApplicationDetails	XUI_PRL_033_005_ApplicationDetails	1702995218992	1702995223692	OK	 
GROUP	XUI_PRL_033_ApplicationDetails	1702995218991	1702995223723	4700	OK
REQUEST	XUI_PRL_034_EnterApplicationDetails	XUI_PRL_034_005_EnterApplicationDetails	1702995223723	1702995224129	OK	 
GROUP	XUI_PRL_034_EnterApplicationDetails	1702995223723	1702995224130	406	OK
REQUEST	XUI_PRL_035_SubmitApplicationDetails	XUI_PRL_035_005_SubmitApplicationDetails	1702995224131	1702995230447	OK	 
GROUP	XUI_PRL_035_SubmitApplicationDetails	1702995224130	1702995230449	6316	OK
REQUEST	XUI_PRL_036_SubmitAndPay	XUI_PRL_036_005_SubmitAndPay	1702995230450	1702995236059	OK	 
GROUP	XUI_PRL_036_SubmitAndPay	1702995230449	1702995236062	5609	OK
REQUEST	XUI_PRL_037_ConfidentialityStatement	XUI_PRL_037_005_ConfidentialityStatement	1702995236063	1702995236795	OK	 
GROUP	XUI_PRL_037_ConfidentialityStatement	1702995236062	1702995236796	732	OK
REQUEST	XUI_PRL_038_Declaration	XUI_PRL_038_005_Declaration	1702995236797	1702995237384	OK	 
GROUP	XUI_PRL_038_Declaration	1702995236796	1702995237385	587	OK
REQUEST	XUI_PRL_039_Continue	XUI_PRL_039_005_Continue	1702995237386	1702995238982	OK	 
GROUP	XUI_PRL_039_Continue	1702995237385	1702995238984	1596	OK
REQUEST	XUI_PRL_040_Continue	XUI_PRL_039_005_Continue	1702995238984	1702995247668	OK	 
GROUP	XUI_PRL_040_Continue	1702995238984	1702995247673	8684	OK
REQUEST	XUI_PRL_041_DummyPaymentConfirmation 	XUI_PRL_041_005_DummyPaymentConfirmation 	1702995247673	1702995248608	OK	 
GROUP	XUI_PRL_041_DummyPaymentConfirmation 	1702995247673	1702995248609	935	OK
REQUEST	XUI_PRL_042_PaymentOption	XUI_PRL_042_005_PaymentOption	1702995248610	1702995249341	OK	 
GROUP	XUI_PRL_042_PaymentOption	1702995248609	1702995249342	731	OK
REQUEST	XUI_PRL_043_PaymentOption	XUI_PRL_043_005_PaymentOption	1702995249342	1702995249393	OK	 
REQUEST	XUI_PRL_043_PaymentOption	XUI_PRL_043_005_PaymentOption Redirect 1	1702995249394	1702995249464	OK	 
GROUP	XUI_PRL_043_PaymentOption	1702995249342	1702995249479	122	OK
REQUEST	XUI_PRL_044_CardDetails	XUI_PRL_044_005_CardDetails	1702995249479	1702995249612	OK	 
REQUEST	XUI_PRL_044_CardDetails	XUI_PRL_044_005_CardDetails Redirect 1	1702995249613	1702995249656	OK	 
GROUP	XUI_PRL_044_CardDetails	1702995249479	1702995249665	177	OK
REQUEST	XUI_PRL_045_ConfirmPayment	XUI_PRL_045_005_ConfirmPayment	1702995249666	1702995249804	OK	 
REQUEST	XUI_PRL_045_ConfirmPayment	XUI_PRL_045_005_ConfirmPayment Redirect 1	1702995249805	1702995249848	OK	 
REQUEST	XUI_PRL_045_ConfirmPayment	XUI_PRL_045_005_ConfirmPayment Redirect 2	1702995249848	1702995251953	OK	 
GROUP	XUI_PRL_045_ConfirmPayment	1702995249665	1702995253432	3753	OK
REQUEST	XUI_PRL_030_CreateCaseStart	XUI_PRL_030_005_CreateCaseStart	1702995253434	1702995254071	OK	 
GROUP	XUI_PRL_030_CreateCaseStart	1702995253432	1702995254073	637	OK
REQUEST	XUI_PRL_031_Type_Of_Application	XUI_PRL_031_005_Type_Of_Application	1702995254074	1702995254968	OK	 
GROUP	XUI_PRL_031_Type_Of_Application	1702995254073	1702995254969	894	OK
REQUEST	XUI_PRL_032_ApplicationCheckYourAnswers	XUI_PRL_032_005_ApplicationCheckYourAnswers	1702995254969	1702995264840	OK	 
GROUP	XUI_PRL_032_ApplicationCheckYourAnswers	1702995254969	1702995264842	9871	OK
REQUEST	XUI_PRL_033_ApplicationDetails	XUI_PRL_033_005_ApplicationDetails	1702995264842	1702995268450	OK	 
GROUP	XUI_PRL_033_ApplicationDetails	1702995264842	1702995268463	3608	OK
REQUEST	XUI_PRL_034_EnterApplicationDetails	XUI_PRL_034_005_EnterApplicationDetails	1702995268464	1702995269156	OK	 
GROUP	XUI_PRL_034_EnterApplicationDetails	1702995268463	1702995269157	692	OK
REQUEST	XUI_PRL_035_SubmitApplicationDetails	XUI_PRL_035_005_SubmitApplicationDetails	1702995269159	1702995276580	OK	 
GROUP	XUI_PRL_035_SubmitApplicationDetails	1702995269157	1702995276582	7421	OK
REQUEST	XUI_PRL_036_SubmitAndPay	XUI_PRL_036_005_SubmitAndPay	1702995276582	1702995282134	OK	 
GROUP	XUI_PRL_036_SubmitAndPay	1702995276582	1702995282140	5552	OK
REQUEST	XUI_PRL_037_ConfidentialityStatement	XUI_PRL_037_005_ConfidentialityStatement	1702995282141	1702995282446	OK	 
GROUP	XUI_PRL_037_ConfidentialityStatement	1702995282140	1702995282447	305	OK
REQUEST	XUI_PRL_038_Declaration	XUI_PRL_038_005_Declaration	1702995282448	1702995283234	OK	 
GROUP	XUI_PRL_038_Declaration	1702995282447	1702995283234	786	OK
REQUEST	XUI_PRL_039_Continue	XUI_PRL_039_005_Continue	1702995283235	1702995284537	OK	 
GROUP	XUI_PRL_039_Continue	1702995283234	1702995284537	1302	OK
REQUEST	XUI_PRL_040_Continue	XUI_PRL_039_005_Continue	1702995284538	1702995291344	OK	 
GROUP	XUI_PRL_040_Continue	1702995284537	1702995291348	6806	OK
REQUEST	XUI_PRL_041_DummyPaymentConfirmation 	XUI_PRL_041_005_DummyPaymentConfirmation 	1702995291348	1702995292603	OK	 
GROUP	XUI_PRL_041_DummyPaymentConfirmation 	1702995291348	1702995292605	1255	OK
REQUEST	XUI_PRL_042_PaymentOption	XUI_PRL_042_005_PaymentOption	1702995292606	1702995293452	OK	 
GROUP	XUI_PRL_042_PaymentOption	1702995292605	1702995293453	846	OK
REQUEST	XUI_PRL_043_PaymentOption	XUI_PRL_043_005_PaymentOption	1702995293453	1702995293509	OK	 
REQUEST	XUI_PRL_043_PaymentOption	XUI_PRL_043_005_PaymentOption Redirect 1	1702995293510	1702995293577	OK	 
GROUP	XUI_PRL_043_PaymentOption	1702995293453	1702995293591	124	OK
REQUEST	XUI_PRL_044_CardDetails	XUI_PRL_044_005_CardDetails	1702995293592	1702995293726	OK	 
REQUEST	XUI_PRL_044_CardDetails	XUI_PRL_044_005_CardDetails Redirect 1	1702995293727	1702995293770	OK	 
GROUP	XUI_PRL_044_CardDetails	1702995293591	1702995293775	178	OK
REQUEST	XUI_PRL_045_ConfirmPayment	XUI_PRL_045_005_ConfirmPayment	1702995293775	1702995293837	OK	 
REQUEST	XUI_PRL_045_ConfirmPayment	XUI_PRL_045_005_ConfirmPayment Redirect 1	1702995293839	1702995293879	OK	 
REQUEST	XUI_PRL_045_ConfirmPayment	XUI_PRL_045_005_ConfirmPayment Redirect 2	1702995293880	1702995296070	OK	 
GROUP	XUI_PRL_045_ConfirmPayment	1702995293775	1702995296654	2871	OK
REQUEST	XUI_PRL_030_CreateCaseStart	XUI_PRL_030_005_CreateCaseStart	1702995296655	1702995298031	OK	 
GROUP	XUI_PRL_030_CreateCaseStart	1702995296654	1702995298033	1376	OK
REQUEST	XUI_PRL_031_Type_Of_Application	XUI_PRL_031_005_Type_Of_Application	1702995298034	1702995298449	OK	 
GROUP	XUI_PRL_031_Type_Of_Application	1702995298033	1702995298450	415	OK
REQUEST	XUI_PRL_032_ApplicationCheckYourAnswers	XUI_PRL_032_005_ApplicationCheckYourAnswers	1702995298451	1702995310503	OK	 
GROUP	XUI_PRL_032_ApplicationCheckYourAnswers	1702995298450	1702995310509	12052	OK
REQUEST	XUI_PRL_033_ApplicationDetails	XUI_PRL_033_005_ApplicationDetails	1702995310510	1702995315162	OK	 
GROUP	XUI_PRL_033_ApplicationDetails	1702995310509	1702995315195	4652	OK
REQUEST	XUI_PRL_034_EnterApplicationDetails	XUI_PRL_034_005_EnterApplicationDetails	1702995315195	1702995315543	OK	 
GROUP	XUI_PRL_034_EnterApplicationDetails	1702995315195	1702995315544	348	OK
REQUEST	XUI_PRL_035_SubmitApplicationDetails	XUI_PRL_035_005_SubmitApplicationDetails	1702995315546	1702995322071	OK	 
GROUP	XUI_PRL_035_SubmitApplicationDetails	1702995315544	1702995322073	6525	OK
REQUEST	XUI_PRL_036_SubmitAndPay	XUI_PRL_036_005_SubmitAndPay	1702995322074	1702995326807	OK	 
GROUP	XUI_PRL_036_SubmitAndPay	1702995322073	1702995326810	4733	OK
REQUEST	XUI_PRL_037_ConfidentialityStatement	XUI_PRL_037_005_ConfidentialityStatement	1702995326811	1702995327275	OK	 
GROUP	XUI_PRL_037_ConfidentialityStatement	1702995326810	1702995327276	464	OK
REQUEST	XUI_PRL_038_Declaration	XUI_PRL_038_005_Declaration	1702995327277	1702995327728	OK	 
GROUP	XUI_PRL_038_Declaration	1702995327276	1702995327728	451	OK
REQUEST	XUI_PRL_039_Continue	XUI_PRL_039_005_Continue	1702995327730	1702995328760	OK	 
GROUP	XUI_PRL_039_Continue	1702995327729	1702995328762	1030	OK
REQUEST	XUI_PRL_040_Continue	XUI_PRL_039_005_Continue	1702995328764	1702995334605	OK	 
GROUP	XUI_PRL_040_Continue	1702995328762	1702995334610	5841	OK
REQUEST	XUI_PRL_041_DummyPaymentConfirmation 	XUI_PRL_041_005_DummyPaymentConfirmation 	1702995334611	1702995335868	OK	 
GROUP	XUI_PRL_041_DummyPaymentConfirmation 	1702995334610	1702995335868	1257	OK
REQUEST	XUI_PRL_042_PaymentOption	XUI_PRL_042_005_PaymentOption	1702995335869	1702995336959	OK	 
GROUP	XUI_PRL_042_PaymentOption	1702995335868	1702995336960	1090	OK
REQUEST	XUI_PRL_043_PaymentOption	XUI_PRL_043_005_PaymentOption	1702995336961	1702995337012	OK	 
REQUEST	XUI_PRL_043_PaymentOption	XUI_PRL_043_005_PaymentOption Redirect 1	1702995337012	1702995337070	OK	 
GROUP	XUI_PRL_043_PaymentOption	1702995336960	1702995337078	110	OK
REQUEST	XUI_PRL_044_CardDetails	XUI_PRL_044_005_CardDetails	1702995337078	1702995337207	OK	 
REQUEST	XUI_PRL_044_CardDetails	XUI_PRL_044_005_CardDetails Redirect 1	1702995337208	1702995337264	OK	 
GROUP	XUI_PRL_044_CardDetails	1702995337078	1702995337269	186	OK
REQUEST	XUI_PRL_045_ConfirmPayment	XUI_PRL_045_005_ConfirmPayment	1702995337270	1702995337357	OK	 
REQUEST	XUI_PRL_045_ConfirmPayment	XUI_PRL_045_005_ConfirmPayment Redirect 1	1702995337358	1702995337403	OK	 
REQUEST	XUI_PRL_045_ConfirmPayment	XUI_PRL_045_005_ConfirmPayment Redirect 2	1702995337404	1702995339661	OK	 
GROUP	XUI_PRL_045_ConfirmPayment	1702995337269	1702995396883	59607	OK
REQUEST	XUI_PRL_030_CreateCaseStart	XUI_PRL_030_005_CreateCaseStart	1702995396885	1702995397886	OK	 
GROUP	XUI_PRL_030_CreateCaseStart	1702995396884	1702995397888	1001	OK
REQUEST	XUI_PRL_031_Type_Of_Application	XUI_PRL_031_005_Type_Of_Application	1702995397890	1702995398712	OK	 
GROUP	XUI_PRL_031_Type_Of_Application	1702995397888	1702995398713	822	OK
REQUEST	XUI_PRL_032_ApplicationCheckYourAnswers	XUI_PRL_032_005_ApplicationCheckYourAnswers	1702995398714	1702995412016	OK	 
GROUP	XUI_PRL_032_ApplicationCheckYourAnswers	1702995398713	1702995412022	13302	OK
REQUEST	XUI_PRL_033_ApplicationDetails	XUI_PRL_033_005_ApplicationDetails	1702995412024	1702995417518	OK	 
GROUP	XUI_PRL_033_ApplicationDetails	1702995412023	1702995417546	5494	OK
REQUEST	XUI_PRL_034_EnterApplicationDetails	XUI_PRL_034_005_EnterApplicationDetails	1702995417546	1702995418137	OK	 
GROUP	XUI_PRL_034_EnterApplicationDetails	1702995417546	1702995418139	591	OK
REQUEST	XUI_PRL_035_SubmitApplicationDetails	XUI_PRL_035_005_SubmitApplicationDetails	1702995418140	1702995424889	OK	 
GROUP	XUI_PRL_035_SubmitApplicationDetails	1702995418139	1702995424891	6749	OK
REQUEST	XUI_PRL_036_SubmitAndPay	XUI_PRL_036_005_SubmitAndPay	1702995424892	1702995430869	OK	 
GROUP	XUI_PRL_036_SubmitAndPay	1702995424891	1702995430873	5977	OK
REQUEST	XUI_PRL_037_ConfidentialityStatement	XUI_PRL_037_005_ConfidentialityStatement	1702995430873	1702995431565	OK	 
GROUP	XUI_PRL_037_ConfidentialityStatement	1702995430873	1702995431566	692	OK
REQUEST	XUI_PRL_038_Declaration	XUI_PRL_038_005_Declaration	1702995431566	1702995432589	OK	 
GROUP	XUI_PRL_038_Declaration	1702995431566	1702995432590	1023	OK
REQUEST	XUI_PRL_039_Continue	XUI_PRL_039_005_Continue	1702995432591	1702995433904	OK	 
GROUP	XUI_PRL_039_Continue	1702995432590	1702995433906	1313	OK
REQUEST	XUI_PRL_040_Continue	XUI_PRL_039_005_Continue	1702995433907	1702995443860	OK	 
GROUP	XUI_PRL_040_Continue	1702995433906	1702995443865	9953	OK
REQUEST	XUI_PRL_041_DummyPaymentConfirmation 	XUI_PRL_041_005_DummyPaymentConfirmation 	1702995443866	1702995445124	OK	 
GROUP	XUI_PRL_041_DummyPaymentConfirmation 	1702995443865	1702995445125	1258	OK
REQUEST	XUI_PRL_042_PaymentOption	XUI_PRL_042_005_PaymentOption	1702995445125	1702995446281	OK	 
GROUP	XUI_PRL_042_PaymentOption	1702995445125	1702995446282	1156	OK
REQUEST	XUI_PRL_043_PaymentOption	XUI_PRL_043_005_PaymentOption	1702995446283	1702995446398	OK	 
REQUEST	XUI_PRL_043_PaymentOption	XUI_PRL_043_005_PaymentOption Redirect 1	1702995446399	1702995446535	OK	 
GROUP	XUI_PRL_043_PaymentOption	1702995446282	1702995446548	252	OK
REQUEST	XUI_PRL_044_CardDetails	XUI_PRL_044_005_CardDetails	1702995446549	1702995446739	OK	 
REQUEST	XUI_PRL_044_CardDetails	XUI_PRL_044_005_CardDetails Redirect 1	1702995446740	1702995446846	OK	 
GROUP	XUI_PRL_044_CardDetails	1702995446548	1702995446849	297	OK
REQUEST	XUI_PRL_045_ConfirmPayment	XUI_PRL_045_005_ConfirmPayment	1702995446850	1702995447152	OK	 
REQUEST	XUI_PRL_045_ConfirmPayment	XUI_PRL_045_005_ConfirmPayment Redirect 1	1702995447152	1702995447263	OK	 
REQUEST	XUI_PRL_045_ConfirmPayment	XUI_PRL_045_005_ConfirmPayment Redirect 2	1702995447264	1702995449433	OK	 
GROUP	XUI_PRL_045_ConfirmPayment	1702995446849	1702995449983	3128	OK
REQUEST	XUI_PRL_030_CreateCaseStart	XUI_PRL_030_005_CreateCaseStart	1702995449984	1702995475235	KO	status.find.in([200, 209], 304), found 500
GROUP	XUI_PRL_030_CreateCaseStart	1702995449983	1702995475242	25251	KO
USER	***** PRL Case Flags 2.1 Journey *****	END	1702995475259
