ASSERTION	AAECAAMFAAAAAAAAAFlA
RUN	simulations.XUI_Simulation	xui-simulation	1669798363198	 	3.3.1
USER	***** Private Law Create Case *****	1	START	1669798365523	1669798365523
REQUEST	1	XUI_010_Homepage	XUI_010_005_Homepage	1669798365549	1669798365975	OK	 
REQUEST	1	XUI_010_Homepage	XUI_Common_000_ConfigurationUI	1669798369778	1669798369910	OK	 
REQUEST	1	XUI_010_Homepage	XUI_Common_000_ConfigJson	1669798369919	1669798370017	OK	 
REQUEST	1	XUI_010_Homepage	XUI_Common_000_TsAndCs	1669798370023	1669798370133	OK	 
REQUEST	1	XUI_010_Homepage	XUI_Common_000_ConfigUI	1669798370139	1669798370256	OK	 
REQUEST	1	XUI_010_Homepage	XUI_Common_000_UserDetails	1669798370260	1669798370386	OK	 
REQUEST	1	XUI_010_Homepage	XUI_Common_000_IsAuthenticated	1669798370388	1669798370466	OK	 
REQUEST	1	XUI_010_Homepage	XUI_010_010_AuthLogin	1669798370473	1669798370597	OK	 
REQUEST	1	XUI_010_Homepage	XUI_010_010_AuthLogin Redirect 1	1669798370605	1669798370881	OK	 
REQUEST	1	XUI_010_Homepage	XUI_010_010_AuthLogin Redirect 2	1669798370887	1669798370998	OK	 
GROUP	1	XUI_010_Homepage	1669798365532	1669798371702	5918	OK
REQUEST	1	XUI_020_Login	XUI_020_005_Login	1669798371723	1669798372450	OK	 
REQUEST	1	XUI_020_Login	XUI_020_005_Login Redirect 1	1669798372454	1669798375213	OK	 
REQUEST	1	XUI_020_Login	XUI_020_005_Login Redirect 2	1669798375216	1669798375331	OK	 
REQUEST	1	XUI_020_Login	XUI_Common_000_ConfigurationUI	1669798379662	1669798379949	OK	 
REQUEST	1	XUI_020_Login	XUI_Common_000_ConfigJson	1669798379955	1669798380019	OK	 
REQUEST	1	XUI_020_Login	XUI_Common_000_TsAndCs	1669798380021	1669798380184	OK	 
REQUEST	1	XUI_020_Login	XUI_Common_000_ConfigUI	1669798380187	1669798380637	OK	 
REQUEST	1	XUI_020_Login	XUI_Common_000_UserDetails	1669798380638	1669798381462	OK	 
REQUEST	1	XUI_020_Login	XUI_Common_000_IsAuthenticated	1669798381465	1669798381566	OK	 
REQUEST	1	XUI_020_Login	XUI_Common_000_MonitoringTools	1669798381578	1669798381691	OK	 
REQUEST	1	XUI_020_Login	XUI_Common_000_ActivityOptions	1669798381737	1669798382182	OK	 
REQUEST	1	XUI_020_Login	XUI_Common_000_ActivityGet	1669798382185	1669798383345	OK	 
REQUEST	1	XUI_020_Login	XUI_020_010_Jurisdictions	1669798383349	1669798384430	KO	substring(id).find.exists, found nothing
GROUP	1	XUI_020_Login	1669798371703	1669798384465	12610	KO
USER	***** Private Law Create Case *****	1	END	1669798365523	1669798384482
