ASSERTION	AAECAAIFAAAAAAAAAFlA
RUN	simulations.PRL_Simulation	prl-simulation	1704887666746	 	3.9.5
USER	***** PRL Citizen Journey *****	START	1704887667840
REQUEST	XUI_010_Homepage	XUI_010_005_Homepage	1704887667848	1704887668867	OK	 
REQUEST	XUI_010_Homepage	XUI_Common_000_ConfigurationUI	1704887715294	1704887715347	OK	 
REQUEST	XUI_010_Homepage	XUI_Common_000_ConfigJson	1704887715354	1704887715481	OK	 
REQUEST	XUI_010_Homepage	XUI_Common_000_TsAndCs	1704887715485	1704887715575	OK	 
REQUEST	XUI_010_Homepage	XUI_Common_000_ConfigUI	1704887715580	1704887715626	OK	 
REQUEST	XUI_010_Homepage	XUI_Common_000_UserDetails	1704887715628	1704887715678	OK	 
REQUEST	XUI_010_Homepage	XUI_Common_000_IsAuthenticated	1704887715681	1704887715718	OK	 
REQUEST	XUI_010_Homepage	XUI_010_010_AuthLogin	1704887715725	1704887715768	OK	 
REQUEST	XUI_010_Homepage	XUI_010_010_AuthLogin Redirect 1	1704887715778	1704887715944	OK	 
REQUEST	XUI_010_Homepage	XUI_010_010_AuthLogin Redirect 2	1704887715948	1704887716022	OK	 
GROUP	XUI_010_Homepage	1704887667841	1704887716643	48631	OK
REQUEST	XUI_020_Login	XUI_020_005_Login	1704887716646	1704887716792	OK	 
REQUEST	XUI_020_Login	XUI_020_005_Login Redirect 1	1704887716795	1704887717616	OK	 
REQUEST	XUI_020_Login	XUI_020_005_Login Redirect 2	1704887717627	1704887717667	OK	 
REQUEST	XUI_020_Login	XUI_Common_000_ConfigurationUI	1704887753920	1704887753963	OK	 
REQUEST	XUI_020_Login	XUI_Common_000_ConfigJson	1704887753970	1704887754015	OK	 
REQUEST	XUI_020_Login	XUI_Common_000_TsAndCs	1704887754017	1704887754065	OK	 
REQUEST	XUI_020_Login	XUI_Common_000_ConfigUI	1704887754068	1704887754143	OK	 
REQUEST	XUI_020_Login	XUI_Common_000_UserDetails	1704887754147	1704887754834	OK	 
REQUEST	XUI_020_Login	XUI_Common_000_IsAuthenticated	1704887754836	1704887754901	OK	 
REQUEST	XUI_020_Login	XUI_Common_000_MonitoringTools	1704887754905	1704887754962	OK	 
GROUP	XUI_020_Login	1704887716643	1704887755003	38265	OK
REQUEST	XUI_PRL_030_CreateCaseStart	XUI_PRL_030_005_CreateCaseStart	1704887755006	1704887755901	OK	 
GROUP	XUI_PRL_030_CreateCaseStart	1704887755004	1704887755917	895	OK
REQUEST	XUI_PRL_031_Type_Of_Application	XUI_PRL_031_005_Type_Of_Application	1704887755924	1704887756822	OK	 
GROUP	XUI_PRL_031_Type_Of_Application	1704887755917	1704887756825	898	OK
REQUEST	XUI_PRL_032_ApplicationCheckYourAnswers	XUI_PRL_032_005_ApplicationCheckYourAnswers	1704887756827	1704887762540	OK	 
GROUP	XUI_PRL_032_ApplicationCheckYourAnswers	1704887756825	1704887762564	5713	OK
REQUEST	XUI_PRL_033_ApplicationDetails	XUI_PRL_033_005_ApplicationDetails	1704887762565	1704887769966	OK	 
GROUP	XUI_PRL_033_ApplicationDetails	1704887762564	1704887770035	7401	OK
REQUEST	XUI_PRL_034_EnterApplicationDetails	XUI_PRL_034_005_EnterApplicationDetails	1704887770035	1704887770751	OK	 
GROUP	XUI_PRL_034_EnterApplicationDetails	1704887770035	1704887770753	716	OK
REQUEST	XUI_PRL_035_SubmitApplicationDetails	XUI_PRL_035_005_SubmitApplicationDetails	1704887770757	1704887775109	OK	 
GROUP	XUI_PRL_035_SubmitApplicationDetails	1704887770754	1704887775111	4352	OK
REQUEST	XUI_PRL_036_SubmitAndPay	XUI_PRL_036_005_SubmitAndPay	1704887775112	1704887778950	OK	 
GROUP	XUI_PRL_036_SubmitAndPay	1704887775111	1704887778973	3838	OK
REQUEST	XUI_PRL_037_ConfidentialityStatement	XUI_PRL_037_005_ConfidentialityStatement	1704887778974	1704887780032	OK	 
GROUP	XUI_PRL_037_ConfidentialityStatement	1704887778973	1704887780033	1058	OK
REQUEST	XUI_PRL_038_Declaration	XUI_PRL_038_005_Declaration	1704887780034	1704887780885	OK	 
GROUP	XUI_PRL_038_Declaration	1704887780033	1704887780886	851	OK
REQUEST	XUI_PRL_039_Continue	XUI_PRL_039_005_Continue	1704887780887	1704887781989	OK	 
GROUP	XUI_PRL_039_Continue	1704887780886	1704887781992	1102	OK
REQUEST	XUI_PRL_040_Continue	XUI_PRL_039_005_Continue	1704887781994	1704887786395	OK	 
GROUP	XUI_PRL_040_Continue	1704887781992	1704887786416	4401	OK
REQUEST	XUI_PRL_041_DummyPaymentConfirmation 	XUI_PRL_041_005_DummyPaymentConfirmation 	1704887786418	1704887787029	OK	 
GROUP	XUI_PRL_041_DummyPaymentConfirmation 	1704887786416	1704887787032	611	OK
REQUEST	XUI_PRL_042_PaymentOption	XUI_PRL_042_005_PaymentOption	1704887787034	1704887787847	OK	 
GROUP	XUI_PRL_042_PaymentOption	1704887787032	1704887787856	813	OK
REQUEST	XUI_PRL_043_PaymentOption	XUI_PRL_043_005_PaymentOption	1704887787857	1704887788053	OK	 
REQUEST	XUI_PRL_043_PaymentOption	XUI_PRL_043_005_PaymentOption Redirect 1	1704887788056	1704887788201	OK	 
GROUP	XUI_PRL_043_PaymentOption	1704887787856	1704887788851	976	OK
REQUEST	XUI_PRL_044_CardDetails	XUI_PRL_044_005_CardDetails	1704887788854	1704887789044	OK	 
REQUEST	XUI_PRL_044_CardDetails	XUI_PRL_044_005_CardDetails Redirect 1	1704887789046	1704887789165	OK	 
GROUP	XUI_PRL_044_CardDetails	1704887788852	1704887789181	310	OK
REQUEST	XUI_PRL_045_ConfirmPayment	XUI_PRL_045_005_ConfirmPayment	1704887789182	1704887789290	OK	 
REQUEST	XUI_PRL_045_ConfirmPayment	XUI_PRL_045_005_ConfirmPayment Redirect 1	1704887789292	1704887789350	OK	 
REQUEST	XUI_PRL_045_ConfirmPayment	XUI_PRL_045_005_ConfirmPayment Redirect 2	1704887789367	1704887791703	OK	 
GROUP	XUI_PRL_045_ConfirmPayment	1704887789181	1704887792135	2924	OK
REQUEST	XUI_010_Homepage	XUI_010_005_Homepage	1704887792135	1704887792217	OK	 
REQUEST	XUI_010_Homepage	XUI_Common_000_ConfigurationUI	1704887819558	1704887819637	OK	 
REQUEST	XUI_010_Homepage	XUI_Common_000_ConfigJson	1704887819641	1704887819733	OK	 
REQUEST	XUI_010_Homepage	XUI_Common_000_TsAndCs	1704887819735	1704887819774	OK	 
REQUEST	XUI_010_Homepage	XUI_Common_000_ConfigUI	1704887819775	1704887819814	OK	 
REQUEST	XUI_010_Homepage	XUI_Common_000_UserDetails	1704887819817	1704887819860	OK	 
REQUEST	XUI_010_Homepage	XUI_Common_000_IsAuthenticated	1704887819861	1704887819908	OK	 
REQUEST	XUI_010_Homepage	XUI_010_010_AuthLogin	1704887819911	1704887819962	OK	 
REQUEST	XUI_010_Homepage	XUI_010_010_AuthLogin Redirect 1	1704887819964	1704887820105	OK	 
REQUEST	XUI_010_Homepage	XUI_010_010_AuthLogin Redirect 2	1704887820106	1704887820206	OK	 
GROUP	XUI_010_Homepage	1704887792135	1704887821442	29269	OK
REQUEST	XUI_020_Login	XUI_020_005_Login	1704887821444	1704887821869	OK	 
REQUEST	XUI_020_Login	XUI_020_005_Login Redirect 1	1704887821872	1704887822930	OK	 
REQUEST	XUI_020_Login	XUI_020_005_Login Redirect 2	1704887822931	1704887823010	OK	 
REQUEST	XUI_020_Login	XUI_Common_000_ConfigurationUI	1704887838053	1704887838140	OK	 
REQUEST	XUI_020_Login	XUI_Common_000_ConfigJson	1704887838142	1704887838190	OK	 
REQUEST	XUI_020_Login	XUI_Common_000_TsAndCs	1704887838193	1704887838242	OK	 
REQUEST	XUI_020_Login	XUI_Common_000_ConfigUI	1704887838245	1704887838296	OK	 
REQUEST	XUI_020_Login	XUI_Common_000_UserDetails	1704887838301	1704887838603	OK	 
REQUEST	XUI_020_Login	XUI_Common_000_IsAuthenticated	1704887838604	1704887838658	OK	 
REQUEST	XUI_020_Login	XUI_Common_000_MonitoringTools	1704887838659	1704887838708	OK	 
GROUP	XUI_020_Login	1704887821442	1704887838709	17242	OK
REQUEST	XUI_PRL_030_TaskTab	XUI_PRL_040_005_SelectIssue	1704887838709	1704887843869	OK	 
GROUP	XUI_PRL_030_TaskTab	1704887838709	1704887843871	5160	OK
USER	***** PRL Citizen Journey *****	END	1704887843880
