ASSERTION	AAECAAIFAAAAAAAAAFlA
RUN	simulations.PRL_Simulation	prl-simulation	1697544234964	 	3.9.5
USER	***** Private Law Create Case *****	START	1697544235337
REQUEST	XUI_010_Homepage	XUI_010_005_Homepage	1697544235346	1697544235475	OK	 
REQUEST	XUI_010_Homepage	XUI_Common_000_ConfigurationUI	1697544245538	1697544245584	OK	 
REQUEST	XUI_010_Homepage	XUI_Common_000_ConfigJson	1697544245586	1697544245600	OK	 
REQUEST	XUI_010_Homepage	XUI_Common_000_TsAndCs	1697544245601	1697544245640	OK	 
REQUEST	XUI_010_Homepage	XUI_Common_000_ConfigUI	1697544245640	1697544245699	OK	 
REQUEST	XUI_010_Homepage	XUI_Common_000_UserDetails	1697544245700	1697544245924	OK	 
REQUEST	XUI_010_Homepage	XUI_Common_000_IsAuthenticated	1697544245927	1697544245971	OK	 
REQUEST	XUI_010_Homepage	XUI_010_010_AuthLogin	1697544245975	1697544246441	OK	 
REQUEST	XUI_010_Homepage	XUI_010_010_AuthLogin Redirect 1	1697544246445	1697544247007	OK	 
REQUEST	XUI_010_Homepage	XUI_010_010_AuthLogin Redirect 2	1697544247009	1697544247099	OK	 
GROUP	XUI_010_Homepage	1697544235338	1697544247350	11911	OK
REQUEST	XUI_020_Login	XUI_020_005_Login	1697544247353	1697544248033	OK	 
REQUEST	XUI_020_Login	XUI_020_005_Login Redirect 1	1697544248035	1697544248590	OK	 
REQUEST	XUI_020_Login	XUI_020_005_Login Redirect 2	1697544248594	1697544248658	OK	 
REQUEST	XUI_020_Login	XUI_Common_000_ConfigurationUI	1697544249101	1697544249142	OK	 
REQUEST	XUI_020_Login	XUI_Common_000_ConfigJson	1697544249143	1697544249162	OK	 
REQUEST	XUI_020_Login	XUI_Common_000_TsAndCs	1697544249163	1697544249223	OK	 
REQUEST	XUI_020_Login	XUI_Common_000_ConfigUI	1697544249225	1697544249268	OK	 
REQUEST	XUI_020_Login	XUI_Common_000_UserDetails	1697544249271	1697544249819	OK	 
REQUEST	XUI_020_Login	XUI_Common_000_IsAuthenticated	1697544249821	1697544249922	OK	 
REQUEST	XUI_020_Login	XUI_Common_000_MonitoringTools	1697544249929	1697544249985	OK	 
GROUP	XUI_020_Login	1697544247351	1697544250021	2594	OK
REQUEST	XUI_PRL_030_CreateCaseStart	XUI_PRL_030_005_CreateCaseStart	1697544250023	1697544251464	OK	 
GROUP	XUI_PRL_030_CreateCaseStart	1697544250022	1697544251478	1441	OK
REQUEST	XUI_PRL_031_Type_Of_Application	XUI_PRL_031_005_Type_Of_Application	1697544251480	1697544254217	OK	 
GROUP	XUI_PRL_031_Type_Of_Application	1697544251478	1697544254218	2737	OK
REQUEST	XUI_PRL_032_ApplicationCheckYourAnswers	XUI_PRL_032_005_ApplicationCheckYourAnswers	1697544254219	1697544267644	OK	 
GROUP	XUI_PRL_032_ApplicationCheckYourAnswers	1697544254218	1697544267666	13425	OK
REQUEST	XUI_PRL_033_ApplicationDetails	XUI_PRL_033_005_ApplicationDetails	1697544267666	1697544269236	OK	 
GROUP	XUI_PRL_033_ApplicationDetails	1697544267666	1697544269268	1570	OK
REQUEST	XUI_PRL_034_EnterApplicationDetails	XUI_PRL_034_005_EnterApplicationDetails	1697544269269	1697544269964	OK	 
GROUP	XUI_PRL_034_EnterApplicationDetails	1697544269268	1697544269965	695	OK
REQUEST	XUI_PRL_035_SubmitApplicationDetails	XUI_PRL_035_005_SubmitApplicationDetails	1697544269966	1697544281852	OK	 
GROUP	XUI_PRL_035_SubmitApplicationDetails	1697544269965	1697544281853	11886	OK
REQUEST	XUI_PRL_036_SubmitAndPay	XUI_PRL_036_005_SubmitAndPay	1697544281854	1697544292411	OK	 
GROUP	XUI_PRL_036_SubmitAndPay	1697544281853	1697544292421	10557	OK
REQUEST	XUI_PRL_040_DummyPaymentConfirmation 	XUI_PRL_040_005_DummyPaymentConfirmation 	1697544292422	1697544292543	KO	status.find.in([200, 209], 304), found 403
GROUP	XUI_PRL_040_DummyPaymentConfirmation 	1697544292422	1697544292547	121	KO
USER	***** Private Law Create Case *****	END	1697544292552
