ASSERTION	AAECAAIFAAAAAAAAAFlA
RUN	simulations.PRL_Simulation	prl-simulation	1706631847399	 	3.9.5
USER	***** PRL Citizen Journey *****	START	1706631847960
REQUEST	XUI_010_Homepage	XUI_010_005_Homepage	1706631847976	1706631848081	OK	 
REQUEST	XUI_010_Homepage	XUI_Common_000_ConfigurationUI	1706631849205	1706631849232	OK	 
REQUEST	XUI_010_Homepage	XUI_Common_000_ConfigJson	1706631849235	1706631849260	OK	 
REQUEST	XUI_010_Homepage	XUI_Common_000_TsAndCs	1706631849265	1706631849289	OK	 
REQUEST	XUI_010_Homepage	XUI_Common_000_ConfigUI	1706631849294	1706631849322	OK	 
REQUEST	XUI_010_Homepage	XUI_Common_000_UserDetails	1706631849325	1706631849365	OK	 
REQUEST	XUI_010_Homepage	XUI_Common_000_IsAuthenticated	1706631849369	1706631849401	OK	 
REQUEST	XUI_010_Homepage	XUI_010_010_AuthLogin	1706631849406	1706631849436	OK	 
REQUEST	XUI_010_Homepage	XUI_010_010_AuthLogin Redirect 1	1706631849438	1706631849540	OK	 
REQUEST	XUI_010_Homepage	XUI_010_010_AuthLogin Redirect 2	1706631849542	1706631849603	OK	 
GROUP	XUI_010_Homepage	1706631847961	1706631850306	2215	OK
REQUEST	XUI_020_Login	XUI_020_005_Login	1706631850314	1706631850421	OK	 
REQUEST	XUI_020_Login	XUI_020_005_Login Redirect 1	1706631850426	1706631851005	OK	 
REQUEST	XUI_020_Login	XUI_020_005_Login Redirect 2	1706631851008	1706631851038	OK	 
REQUEST	XUI_020_Login	XUI_Common_000_ConfigurationUI	1706631852087	1706631852118	OK	 
REQUEST	XUI_020_Login	XUI_Common_000_ConfigJson	1706631852122	1706631852166	OK	 
REQUEST	XUI_020_Login	XUI_Common_000_TsAndCs	1706631852168	1706631852201	OK	 
REQUEST	XUI_020_Login	XUI_Common_000_ConfigUI	1706631852203	1706631852234	OK	 
REQUEST	XUI_020_Login	XUI_Common_000_UserDetails	1706631852236	1706631852413	OK	 
REQUEST	XUI_020_Login	XUI_Common_000_IsAuthenticated	1706631852417	1706631852464	OK	 
REQUEST	XUI_020_Login	XUI_Common_000_MonitoringTools	1706631852471	1706631852515	OK	 
GROUP	XUI_020_Login	1706631850307	1706631852550	2162	OK
REQUEST	XUI_PRL_030_CreateCaseStart	XUI_PRL_030_005_CreateCaseStart	1706631852552	1706631853197	OK	 
GROUP	XUI_PRL_030_CreateCaseStart	1706631852551	1706631853215	645	OK
REQUEST	XUI_PRL_031_Type_Of_Application	XUI_PRL_031_005_Type_Of_Application	1706631853217	1706631853567	OK	 
GROUP	XUI_PRL_031_Type_Of_Application	1706631853215	1706631853570	350	OK
REQUEST	XUI_PRL_032_ApplicationCheckYourAnswers	XUI_PRL_032_005_ApplicationCheckYourAnswers	1706631853573	1706631857963	OK	 
GROUP	XUI_PRL_032_ApplicationCheckYourAnswers	1706631853570	1706631857993	4390	OK
REQUEST	XUI_PRL_033_ApplicationDetails	XUI_PRL_033_005_ApplicationDetails	1706631857993	1706631859157	OK	 
GROUP	XUI_PRL_033_ApplicationDetails	1706631857993	1706631859220	1164	OK
REQUEST	XUI_PRL_034_EnterApplicationDetails	XUI_PRL_034_005_EnterApplicationDetails	1706631859220	1706631859913	OK	 
GROUP	XUI_PRL_034_EnterApplicationDetails	1706631859220	1706631859914	693	OK
REQUEST	XUI_PRL_035_SubmitApplicationDetails	XUI_PRL_035_005_SubmitApplicationDetails	1706631859915	1706631863020	OK	 
GROUP	XUI_PRL_035_SubmitApplicationDetails	1706631859914	1706631863022	3105	OK
REQUEST	XUI_PRL_036_SubmitAndPay	XUI_PRL_036_005_SubmitAndPay	1706631863022	1706631866375	OK	 
GROUP	XUI_PRL_036_SubmitAndPay	1706631863022	1706631866405	3353	OK
REQUEST	XUI_PRL_037_ConfidentialityStatement	XUI_PRL_037_005_ConfidentialityStatement	1706631866406	1706631866773	OK	 
GROUP	XUI_PRL_037_ConfidentialityStatement	1706631866405	1706631866776	367	OK
REQUEST	XUI_PRL_038_Declaration	XUI_PRL_038_005_Declaration	1706631866778	1706631867289	OK	 
GROUP	XUI_PRL_038_Declaration	1706631866776	1706631867291	511	OK
REQUEST	XUI_PRL_039_Continue	XUI_PRL_039_005_Continue	1706631867293	1706631868134	OK	 
GROUP	XUI_PRL_039_Continue	1706631867291	1706631868135	841	OK
REQUEST	XUI_PRL_040_Continue	XUI_PRL_039_005_Continue	1706631868136	1706631873705	OK	 
GROUP	XUI_PRL_040_Continue	1706631868135	1706631873715	5569	OK
REQUEST	XUI_PRL_041_DummyPaymentConfirmation 	XUI_PRL_041_005_DummyPaymentConfirmation 	1706631873718	1706631874252	OK	 
GROUP	XUI_PRL_041_DummyPaymentConfirmation 	1706631873715	1706631874254	534	OK
REQUEST	XUI_PRL_042_PaymentOption	XUI_PRL_042_005_PaymentOption	1706631874256	1706631875092	OK	 
GROUP	XUI_PRL_042_PaymentOption	1706631874254	1706631875105	836	OK
REQUEST	XUI_PRL_043_PaymentOption	XUI_PRL_043_005_PaymentOption	1706631875106	1706631875249	OK	 
REQUEST	XUI_PRL_043_PaymentOption	XUI_PRL_043_005_PaymentOption Redirect 1	1706631875253	1706631875368	OK	 
GROUP	XUI_PRL_043_PaymentOption	1706631875105	1706631875549	429	OK
REQUEST	XUI_PRL_044_CardDetails	XUI_PRL_044_005_CardDetails	1706631875550	1706631875739	OK	 
REQUEST	XUI_PRL_044_CardDetails	XUI_PRL_044_005_CardDetails Redirect 1	1706631875742	1706631875806	OK	 
GROUP	XUI_PRL_044_CardDetails	1706631875549	1706631875825	254	OK
REQUEST	XUI_PRL_045_ConfirmPayment	XUI_PRL_045_005_ConfirmPayment	1706631875826	1706631875905	OK	 
REQUEST	XUI_PRL_045_ConfirmPayment	XUI_PRL_045_005_ConfirmPayment Redirect 1	1706631875905	1706631875945	OK	 
REQUEST	XUI_PRL_045_ConfirmPayment	XUI_PRL_045_005_ConfirmPayment Redirect 2	1706631875951	1706631877936	OK	 
GROUP	XUI_PRL_045_ConfirmPayment	1706631875825	1706631878189	2346	OK
USER	***** PRL Citizen Journey *****	END	1706631878196
