ASSERTION	AAECAAMFAAAAAAAAAFlA
RUN	simulations.PRL_Simulation	prl-simulation	1686671863539	 	3.3.1
USER	***** Private Law Create Case *****	1	START	1686671863818	1686671863818
REQUEST	1	XUI_010_Homepage	XUI_010_005_Homepage	1686671863830	1686671864556	OK	 
REQUEST	1	XUI_010_Homepage	XUI_Common_000_ConfigurationUI	1686671864588	1686671864969	OK	 
REQUEST	1	XUI_010_Homepage	XUI_Common_000_ConfigJson	1686671864977	1686671865128	OK	 
REQUEST	1	XUI_010_Homepage	XUI_Common_000_TsAndCs	1686671865130	1686671865481	OK	 
REQUEST	1	XUI_010_Homepage	XUI_Common_000_ConfigUI	1686671865484	1686671865586	OK	 
REQUEST	1	XUI_010_Homepage	XUI_Common_000_UserDetails	1686671865587	1686671865634	OK	 
REQUEST	1	XUI_010_Homepage	XUI_Common_000_IsAuthenticated	1686671865635	1686671865726	OK	 
REQUEST	1	XUI_010_Homepage	XUI_010_010_AuthLogin	1686671865729	1686671865797	OK	 
REQUEST	1	XUI_010_Homepage	XUI_010_010_AuthLogin Redirect 1	1686671865800	1686671866019	OK	 
REQUEST	1	XUI_010_Homepage	XUI_010_010_AuthLogin Redirect 2	1686671866020	1686671866205	OK	 
GROUP	1	XUI_010_Homepage	1686671863821	1686671869767	5837	OK
REQUEST	1	XUI_020_Login	XUI_020_005_Login	1686671869769	1686671869954	OK	 
REQUEST	1	XUI_020_Login	XUI_020_005_Login Redirect 1	1686671869957	1686671870497	OK	 
REQUEST	1	XUI_020_Login	XUI_020_005_Login Redirect 2	1686671870498	1686671870781	OK	 
REQUEST	1	XUI_020_Login	XUI_Common_000_ConfigurationUI	1686671896999	1686671897135	OK	 
REQUEST	1	XUI_020_Login	XUI_Common_000_ConfigJson	1686671897136	1686671897156	OK	 
REQUEST	1	XUI_020_Login	XUI_Common_000_TsAndCs	1686671897157	1686671957161	KO	i.g.h.c.i.RequestTimeoutException: Request timeout to manage-case.perftest.platform.hmcts.net/13.107.246.64:443 after 60000 ms
GROUP	1	XUI_020_Login	1686671869767	1686671957164	87382	KO
USER	***** Private Law Create Case *****	1	END	1686671863818	1686671957166
