ASSERTION	AAECAAIFAAAAAAAAAFlA
RUN	simulations.PRL_Simulation	prl-simulation	1711462907832	 	3.9.5
USER	***** PRL Citizen Journey *****	START	1711462908305
REQUEST	PRL_CitizenC100_010_PRLHome	PRL_CitizenC100_010_005_PRLHome	1711462908325	1711462908517	OK	 
REQUEST	PRL_CitizenC100_010_PRLHome	PRL_CitizenC100_010_005_PRLHome Redirect 1	1711462908524	1711462908639	OK	 
REQUEST	PRL_CitizenC100_010_PRLHome	PRL_CitizenC100_010_005_PRLHome Redirect 2	1711462908639	1711462908738	OK	 
REQUEST	PRL_CitizenC100_010_PRLHome	PRL_CitizenC100_010_005_PRLHome Redirect 3	1711462908739	1711462908865	OK	 
GROUP	PRL_CitizenC100_010_PRLHome	1711462908306	1711462909060	679	OK
REQUEST	PRL_CitizenC100_020_Login	PRL_CitizenC100_020_005_Login	1711462909062	1711462909178	OK	 
REQUEST	PRL_CitizenC100_020_Login	PRL_CitizenC100_020_005_Login Redirect 1	1711462909179	1711462909741	OK	 
REQUEST	PRL_CitizenC100_020_Login	PRL_CitizenC100_020_005_Login Redirect 2	1711462909742	1711462913685	OK	 
GROUP	PRL_CitizenC100_020_Login	1711462909061	1711462913904	4833	OK
REQUEST	PRL_CitizenC100_025_ChildArrangementsApplication	PRL_CitizenC100_025_005_ChildArrangementsApplication	1711462913905	1711462914350	OK	 
GROUP	PRL_CitizenC100_025_ChildArrangementsApplication	1711462913904	1711462914464	552	OK
REQUEST	PRL_CitizenC100_030_StartApplication	PRL_CitizenC100_030_005_StartApplication	1711462914466	1711462914805	OK	 
GROUP	PRL_CitizenC100_030_StartApplication	1711462914464	1711462914905	434	OK
REQUEST	PRL_CitizenC100_040_WhatYouWillNeed	PRL_CitizenC100_040_005_WhatYouWillNeed	1711462914906	1711462924281	OK	 
REQUEST	PRL_CitizenC100_040_WhatYouWillNeed	PRL_CitizenC100_040_005_WhatYouWillNeed Redirect 1	1711462924283	1711462924885	OK	 
GROUP	PRL_CitizenC100_040_WhatYouWillNeed	1711462914905	1711462924999	10085	OK
REQUEST	PRL_CitizenC100_060_ChildrenPostCode	PRL_CitizenC100_060_005_ChildrenPostCode	1711462925001	1711462925065	OK	 
REQUEST	PRL_CitizenC100_060_ChildrenPostCode	PRL_CitizenC100_060_005_ChildrenPostCode Redirect 1	1711462925066	1711462925174	OK	 
GROUP	PRL_CitizenC100_060_ChildrenPostCode	1711462924999	1711462925278	272	OK
REQUEST	PRL_CitizenC100_070_WrittenAgreement	PRL_CitizenC100_070_005_WrittenAgreement	1711462925279	1711462925324	OK	 
REQUEST	PRL_CitizenC100_070_WrittenAgreement	PRL_CitizenC100_070_005_WrittenAgreement Redirect 1	1711462925325	1711462925436	OK	 
GROUP	PRL_CitizenC100_070_WrittenAgreement	1711462925279	1711462925539	252	OK
REQUEST	PRL_CitizenC100_080_BeforeCourt	PRL_CitizenC100_080_005_BeforeCourt	1711462925539	1711462925618	OK	 
REQUEST	PRL_CitizenC100_080_BeforeCourt	PRL_CitizenC100_080_005_BeforeCourt Redirect 1	1711462925619	1711462925719	OK	 
GROUP	PRL_CitizenC100_080_BeforeCourt	1711462925539	1711462925819	275	OK
REQUEST	PRL_CitizenC100_090_ReachAgreement	PRL_CitizenC100_090_005_ReachAgreement	1711462925820	1711462925858	OK	 
REQUEST	PRL_CitizenC100_090_ReachAgreement	PRL_CitizenC100_090_005_ReachAgreement Redirect 1	1711462925859	1711462925974	OK	 
GROUP	PRL_CitizenC100_090_ReachAgreement	1711462925819	1711462926073	248	OK
REQUEST	PRL_CitizenC100_100_LegalRep	PRL_CitizenC100_100_005_LegalRep	1711462926074	1711462926111	OK	 
REQUEST	PRL_CitizenC100_100_LegalRep	PRL_CitizenC100_100_005_LegalRep Redirect 1	1711462926112	1711462926211	OK	 
GROUP	PRL_CitizenC100_100_LegalRep	1711462926073	1711462926313	233	OK
REQUEST	PRL_CitizenC100_110_PermissionFromCourt	PRL_CitizenC100_110_005_PermissionFromCourt	1711462926314	1711462926359	OK	 
REQUEST	PRL_CitizenC100_110_PermissionFromCourt	PRL_CitizenC100_110_005_PermissionFromCourt Redirect 1	1711462926360	1711462926458	OK	 
GROUP	PRL_CitizenC100_110_PermissionFromCourt	1711462926313	1711462926549	230	OK
REQUEST	PRL_CitizenC100_120_WhyPermissionFromCourt	PRL_CitizenC100_120_005_WhyPermissionFromCourt	1711462926550	1711462926594	OK	 
REQUEST	PRL_CitizenC100_120_WhyPermissionFromCourt	PRL_CitizenC100_120_005_WhyPermissionFromCourt Redirect 1	1711462926595	1711462926693	OK	 
GROUP	PRL_CitizenC100_120_WhyPermissionFromCourt	1711462926550	1711462926793	238	OK
REQUEST	PRL_CitizenC100_130_WhyCourtShouldGrant	PRL_CitizenC100_130_005_WhyCourtShouldGrant	1711462926794	1711462926837	OK	 
REQUEST	PRL_CitizenC100_130_WhyCourtShouldGrant	PRL_CitizenC100_130_005_WhyCourtShouldGrant Redirect 1	1711462926839	1711462926926	OK	 
GROUP	PRL_CitizenC100_130_WhyCourtShouldGrant	1711462926793	1711462927017	218	OK
REQUEST	PRL_CitizenC100_140_InvolvedInEmergencyProtection	PRL_CitizenC100_140_005_InvolvedInEmergencyProtection	1711462927018	1711462927057	OK	 
REQUEST	PRL_CitizenC100_140_InvolvedInEmergencyProtection	PRL_CitizenC100_140_005_InvolvedInEmergencyProtection Redirect 1	1711462927058	1711462927158	OK	 
GROUP	PRL_CitizenC100_140_InvolvedInEmergencyProtection	1711462927017	1711462927249	227	OK
REQUEST	PRL_CitizenC100_150_AttendingMIAM	PRL_CitizenC100_150_005_AttendingMIAM	1711462927250	1711462927292	OK	 
REQUEST	PRL_CitizenC100_150_AttendingMIAM	PRL_CitizenC100_150_005_AttendingMIAM Redirect 1	1711462927293	1711462927376	OK	 
GROUP	PRL_CitizenC100_150_AttendingMIAM	1711462927249	1711462927509	254	OK
REQUEST	PRL_CitizenC100_160_AttendedMIAM	PRL_CitizenC100_160_005_AttendedMIAM	1711462927510	1711462927551	OK	 
REQUEST	PRL_CitizenC100_160_AttendedMIAM	PRL_CitizenC100_160_005_AttendedMIAM Redirect 1	1711462927552	1711462927651	OK	 
GROUP	PRL_CitizenC100_160_AttendedMIAM	1711462927510	1711462927754	239	OK
REQUEST	PRL_CitizenC100_170_DocumentSigned	PRL_CitizenC100_170_005_DocumentSigned	1711462927755	1711462927799	OK	 
REQUEST	PRL_CitizenC100_170_DocumentSigned	PRL_CitizenC100_170_005_DocumentSigned Redirect 1	1711462927800	1711462927924	OK	 
GROUP	PRL_CitizenC100_170_DocumentSigned	1711462927754	1711462928052	291	OK
REQUEST	PRL_CitizenC100_180_MIAMUpload	PRL_CitizenC100_180_005_MIAMUpload	1711462928062	1711462930527	OK	 
REQUEST	PRL_CitizenC100_180_MIAMUpload	PRL_CitizenC100_180_005_MIAMUpload Redirect 1	1711462930527	1711462930578	OK	 
GROUP	PRL_CitizenC100_180_MIAMUpload	1711462928052	1711462930685	2620	OK
REQUEST	PRL_CitizenC100_190_MIAMUploadSubmit	PRL_CitizenC100_190_005_MIAMUploadSubmit	1711462930686	1711462930727	OK	 
REQUEST	PRL_CitizenC100_190_MIAMUploadSubmit	PRL_CitizenC100_190_005_MIAMUploadSubmit Redirect 1	1711462930729	1711462930821	OK	 
GROUP	PRL_CitizenC100_190_MIAMUploadSubmit	1711462930685	1711462930917	224	OK
REQUEST	PRL_CitizenC100_200_MIAMUploadContinue	PRL_CitizenC100_200_005_MIAMUploadContinue	1711462930918	1711462930955	OK	 
REQUEST	PRL_CitizenC100_200_MIAMUploadContinue	PRL_CitizenC100_200_005_MIAMUploadContinue Redirect 1	1711462930956	1711462931077	OK	 
GROUP	PRL_CitizenC100_200_MIAMUploadContinue	1711462930917	1711462931309	385	OK
REQUEST	PRL_CitizenC100_210_AskingCourtToDo	PRL_CitizenC100_210_005_AskingCourtToDo	1711462931311	1711462931354	OK	 
REQUEST	PRL_CitizenC100_210_AskingCourtToDo	PRL_CitizenC100_210_005_AskingCourtToDo Redirect 1	1711462931355	1711462931462	OK	 
GROUP	PRL_CitizenC100_210_AskingCourtToDo	1711462931309	1711462931573	258	OK
REQUEST	PRL_CitizenC100_220_WouldLikeCourtTo	PRL_CitizenC100_220_005_WouldLikeCourtTo	1711462931574	1711462931617	OK	 
REQUEST	PRL_CitizenC100_220_WouldLikeCourtTo	PRL_CitizenC100_220_005_WouldLikeCourtTo Redirect 1	1711462931618	1711462931694	OK	 
GROUP	PRL_CitizenC100_220_WouldLikeCourtTo	1711462931573	1711462931793	214	OK
REQUEST	PRL_CitizenC100_230_DescribeWhatCourt	PRL_CitizenC100_230_005_DescribeWhatCourt	1711462931794	1711462931832	OK	 
REQUEST	PRL_CitizenC100_230_DescribeWhatCourt	PRL_CitizenC100_230_005_DescribeWhatCourt Redirect 1	1711462931833	1711462931944	OK	 
GROUP	PRL_CitizenC100_230_DescribeWhatCourt	1711462931793	1711462932038	238	OK
REQUEST	PRL_CitizenC100_240_UrgentFirstHearing	PRL_CitizenC100_240_005_UrgentFirstHearing	1711462932038	1711462932077	OK	 
REQUEST	PRL_CitizenC100_240_UrgentFirstHearing	PRL_CitizenC100_240_005_UrgentFirstHearing Redirect 1	1711462932079	1711462932191	OK	 
GROUP	PRL_CitizenC100_240_UrgentFirstHearing	1711462932038	1711462932294	250	OK
REQUEST	PRL_CitizenC100_250_UrgentHearingDetails	PRL_CitizenC100_250_005_UrgentHearingDetails	1711462932295	1711462932337	OK	 
REQUEST	PRL_CitizenC100_250_UrgentHearingDetails	PRL_CitizenC100_250_005_UrgentHearingDetails Redirect 1	1711462932338	1711462932432	OK	 
GROUP	PRL_CitizenC100_250_UrgentHearingDetails	1711462932295	1711462932534	232	OK
REQUEST	PRL_CitizenC100_260_AskingForWithoutNotice	PRL_CitizenC100_260_005_AskingForWithoutNotice	1711462932534	1711462932578	OK	 
REQUEST	PRL_CitizenC100_260_AskingForWithoutNotice	PRL_CitizenC100_260_005_AskingForWithoutNotice Redirect 1	1711462932579	1711462932672	OK	 
GROUP	PRL_CitizenC100_260_AskingForWithoutNotice	1711462932534	1711462932792	254	OK
REQUEST	PRL_CitizenC100_270_WithoutNoticeDetails	PRL_CitizenC100_270_005_WithoutNoticeDetails	1711462932793	1711462932832	OK	 
REQUEST	PRL_CitizenC100_270_WithoutNoticeDetails	PRL_CitizenC100_270_005_WithoutNoticeDetails Redirect 1	1711462932834	1711462932917	OK	 
GROUP	PRL_CitizenC100_270_WithoutNoticeDetails	1711462932792	1711462933014	215	OK
REQUEST	PRL_CitizenC100_280_ChildrenName	PRL_CitizenC100_280_005_ChildrenName	1711462933015	1711462933056	OK	 
GROUP	PRL_CitizenC100_280_ChildrenName	1711462933014	1711462933060	41	OK
REQUEST	PRL_CitizenC100_285_ChildrenNameRedirect	PRL_CitizenC100_280_005_ChildrenName	1711462933061	1711462933169	OK	 
GROUP	PRL_CitizenC100_285_ChildrenNameRedirect	1711462933060	1711462933272	207	OK
REQUEST	PRL_CitizenC100_290_ChildDetails	PRL_CitizenC100_290_005_ChildDetails	1711462933273	1711462933313	OK	 
REQUEST	PRL_CitizenC100_290_ChildDetails	PRL_CitizenC100_290_005_ChildDetails Redirect 1	1711462933313	1711462933448	OK	 
GROUP	PRL_CitizenC100_290_ChildDetails	1711462933272	1711462933554	279	OK
REQUEST	PRL_CitizenC100_300_WhichDecision	PRL_CitizenC100_300_005_WhichDecision	1711462933554	1711462933596	OK	 
REQUEST	PRL_CitizenC100_300_WhichDecision	PRL_CitizenC100_300_005_WhichDecision Redirect 1	1711462933597	1711462933690	OK	 
GROUP	PRL_CitizenC100_300_WhichDecision	1711462933554	1711462933817	258	OK
REQUEST	PRL_CitizenC100_310_ParentalResponsibility	PRL_CitizenC100_310_005_ParentalResponsibility	1711462933818	1711462933858	OK	 
REQUEST	PRL_CitizenC100_310_ParentalResponsibility	PRL_CitizenC100_310_005_ParentalResponsibility Redirect 1	1711462933859	1711462933977	OK	 
GROUP	PRL_CitizenC100_310_ParentalResponsibility	1711462933817	1711462934068	245	OK
REQUEST	PRL_CitizenC100_320_FurtherInformation	PRL_CitizenC100_320_005_FurtherInformation	1711462934069	1711462934108	OK	 
REQUEST	PRL_CitizenC100_320_FurtherInformation	PRL_CitizenC100_320_005_FurtherInformation Redirect 1	1711462934109	1711462934222	OK	 
GROUP	PRL_CitizenC100_320_FurtherInformation	1711462934068	1711462934319	245	OK
REQUEST	PRL_CitizenC100_330_OtherChildren	PRL_CitizenC100_330_005_OtherChildren	1711462934319	1711462934361	OK	 
REQUEST	PRL_CitizenC100_330_OtherChildren	PRL_CitizenC100_330_005_OtherChildren Redirect 1	1711462934362	1711462934448	OK	 
GROUP	PRL_CitizenC100_330_OtherChildren	1711462934319	1711462934568	244	OK
REQUEST	PRL_CitizenC100_340_EnterYourName	PRL_CitizenC100_340_005_EnterYourName	1711462934569	1711462934610	OK	 
GROUP	PRL_CitizenC100_340_EnterYourName	1711462934569	1711462934611	41	OK
REQUEST	PRL_CitizenC100_345_EnterYourNameRedirect	PRL_CitizenC100_340_005_EnterYourName	1711462934612	1711462934693	OK	 
GROUP	PRL_CitizenC100_345_EnterYourNameRedirect	1711462934611	1711462934787	172	OK
REQUEST	PRL_CitizenC100_350_KnowContactDetails	PRL_CitizenC100_350_005_KnowContactDetails	1711462934788	1711462934832	OK	 
REQUEST	PRL_CitizenC100_350_KnowContactDetails	PRL_CitizenC100_350_005_KnowContactDetails Redirect 1	1711462934832	1711462934915	OK	 
GROUP	PRL_CitizenC100_350_KnowContactDetails	1711462934788	1711462935072	280	OK
REQUEST	PRL_CitizenC100_360_KeepDetailsPrivate	PRL_CitizenC100_360_005_KeepDetailsPrivate	1711462935073	1711462935118	OK	 
REQUEST	PRL_CitizenC100_360_KeepDetailsPrivate	PRL_CitizenC100_360_005_KeepDetailsPrivate Redirect 1	1711462935119	1711462935207	OK	 
GROUP	PRL_CitizenC100_360_KeepDetailsPrivate	1711462935072	1711462935317	240	OK
REQUEST	PRL_CitizenC100_370_KeepDetailsPrivateContinue	PRL_CitizenC100_370_005_KeepDetailsPrivateContinue	1711462935318	1711462935354	OK	 
REQUEST	PRL_CitizenC100_370_KeepDetailsPrivateContinue	PRL_CitizenC100_370_005_KeepDetailsPrivateContinue Redirect 1	1711462935355	1711462935471	OK	 
GROUP	PRL_CitizenC100_370_KeepDetailsPrivateContinue	1711462935317	1711462935603	278	OK
REQUEST	PRL_CitizenC100_380_ApplicantDetails	PRL_CitizenC100_380_005_ApplicantDetails	1711462935603	1711462935657	OK	 
REQUEST	PRL_CitizenC100_380_ApplicantDetails	PRL_CitizenC100_380_005_ApplicantDetails Redirect 1	1711462935658	1711462935757	OK	 
GROUP	PRL_CitizenC100_380_ApplicantDetails	1711462935603	1711462935852	245	OK
REQUEST	PRL_CitizenC100_390_ApplicantRelationship	PRL_CitizenC100_390_005_ApplicantRelationship	1711462935853	1711462935911	OK	 
REQUEST	PRL_CitizenC100_390_ApplicantRelationship	PRL_CitizenC100_390_005_ApplicantRelationship Redirect 1	1711462935912	1711462936015	OK	 
GROUP	PRL_CitizenC100_390_ApplicantRelationship	1711462935852	1711462936158	301	OK
REQUEST	PRL_CitizenC100_400_ApplicantPostcode	PRL_CitizenC100_400_005_ApplicantPostcode	1711462936160	1711462936876	OK	 
REQUEST	PRL_CitizenC100_400_ApplicantPostcode	PRL_CitizenC100_400_005_ApplicantPostcode Redirect 1	1711462936879	1711462936993	OK	 
GROUP	PRL_CitizenC100_400_ApplicantPostcode	1711462936159	1711462937187	1017	OK
REQUEST	PRL_CitizenC100_410_ApplicantSelectAddress	PRL_CitizenC100_410_005_ApplicantSelectAddress	1711462937188	1711462937234	OK	 
REQUEST	PRL_CitizenC100_410_ApplicantSelectAddress	PRL_CitizenC100_410_005_ApplicantSelectAddress Redirect 1	1711462937235	1711462937363	OK	 
GROUP	PRL_CitizenC100_410_ApplicantSelectAddress	1711462937187	1711462937471	277	OK
REQUEST	PRL_CitizenC100_420_ApplicantAddress	PRL_CitizenC100_420_005_ApplicantAddress	1711462937472	1711462937538	OK	 
REQUEST	PRL_CitizenC100_420_ApplicantAddress	PRL_CitizenC100_420_005_ApplicantAddress Redirect 1	1711462937539	1711462937658	OK	 
GROUP	PRL_CitizenC100_420_ApplicantAddress	1711462937471	1711462937762	286	OK
REQUEST	PRL_CitizenC100_430_ApplicantContact	PRL_CitizenC100_430_005_ApplicantContact	1711462937762	1711462937831	OK	 
REQUEST	PRL_CitizenC100_430_ApplicantContact	PRL_CitizenC100_430_005_ApplicantContact Redirect 1	1711462937832	1711462937946	OK	 
GROUP	PRL_CitizenC100_430_ApplicantContact	1711462937762	1711462938055	289	OK
REQUEST	PRL_CitizenC100_440_ApplicantContactPreference	PRL_CitizenC100_440_005_ApplicantContactPreference	1711462938055	1711462938105	OK	 
REQUEST	PRL_CitizenC100_440_ApplicantContactPreference	PRL_CitizenC100_440_005_ApplicantContactPreference Redirect 1	1711462938106	1711462938207	OK	 
GROUP	PRL_CitizenC100_440_ApplicantContactPreference	1711462938055	1711462938306	247	OK
REQUEST	PRL_CitizenC100_450_RespondentName	PRL_CitizenC100_450_005_RespondentName	1711462938307	1711462938346	OK	 
GROUP	PRL_CitizenC100_450_RespondentName	1711462938307	1711462938347	39	OK
REQUEST	PRL_CitizenC100_460_RespondentNameRedirect	PRL_CitizenC100_460_005_RespondentNameRedirect	1711462938348	1711462938463	OK	 
GROUP	PRL_CitizenC100_460_RespondentNameRedirect	1711462938347	1711462938577	228	OK
REQUEST	PRL_CitizenC100_470_RespondentDetails	PRL_CitizenC100_470_005_RespondentDetails	1711462938579	1711462938618	OK	 
REQUEST	PRL_CitizenC100_470_RespondentDetails	PRL_CitizenC100_470_005_RespondentDetails Redirect 1	1711462938619	1711462938705	OK	 
GROUP	PRL_CitizenC100_470_RespondentDetails	1711462938577	1711462938801	218	OK
REQUEST	PRL_CitizenC100_480_RespondentRelationship	PRL_CitizenC100_480_005_RespondentRelationship	1711462938802	1711462938842	OK	 
REQUEST	PRL_CitizenC100_480_RespondentRelationship	PRL_CitizenC100_480_005_RespondentRelationship Redirect 1	1711462938843	1711462938925	OK	 
GROUP	PRL_CitizenC100_480_RespondentRelationship	1711462938801	1711462939016	212	OK
REQUEST	PRL_CitizenC100_490_RespondentPostcode	PRL_CitizenC100_490_005_RespondentPostcode	1711462939016	1711462939743	OK	 
REQUEST	PRL_CitizenC100_490_RespondentPostcode	PRL_CitizenC100_490_005_RespondentPostcode Redirect 1	1711462939744	1711462939836	OK	 
GROUP	PRL_CitizenC100_490_RespondentPostcode	1711462939016	1711462939961	941	OK
REQUEST	PRL_CitizenC100_500_RespondentSelectAddress	PRL_CitizenC100_500_005_RespondentSelectAddress	1711462939962	1711462940008	OK	 
REQUEST	PRL_CitizenC100_500_RespondentSelectAddress	PRL_CitizenC100_500_005_RespondentSelectAddress Redirect 1	1711462940009	1711462940099	OK	 
GROUP	PRL_CitizenC100_500_RespondentSelectAddress	1711462939961	1711462940191	224	OK
REQUEST	PRL_CitizenC100_510_RespondentAddress	PRL_CitizenC100_510_005_RespondentAddress	1711462940192	1711462940240	OK	 
REQUEST	PRL_CitizenC100_510_RespondentAddress	PRL_CitizenC100_510_005_RespondentAddress Redirect 1	1711462940241	1711462940323	OK	 
GROUP	PRL_CitizenC100_510_RespondentAddress	1711462940191	1711462940430	233	OK
REQUEST	PRL_CitizenC100_520_RespondentContact	PRL_CitizenC100_520_005_RespondentContact	1711462940431	1711462940469	OK	 
REQUEST	PRL_CitizenC100_520_RespondentContact	PRL_CitizenC100_520_005_RespondentContact Redirect 1	1711462940470	1711462940569	OK	 
GROUP	PRL_CitizenC100_520_RespondentContact	1711462940430	1711462940737	302	OK
REQUEST	PRL_CitizenC100_530_AnyoneElse	PRL_CitizenC100_530_005_AnyoneElse	1711462940739	1711462940783	OK	 
REQUEST	PRL_CitizenC100_530_AnyoneElse	PRL_CitizenC100_530_005_AnyoneElse Redirect 1	1711462940784	1711462940897	OK	 
GROUP	PRL_CitizenC100_530_AnyoneElse	1711462940737	1711462940995	251	OK
REQUEST	PRL_CitizenC100_540_ChildLiveWith	PRL_CitizenC100_540_005_ChildLiveWith	1711462940996	1711462941031	OK	 
REQUEST	PRL_CitizenC100_540_ChildLiveWith	PRL_CitizenC100_540_005_ChildLiveWith Redirect 1	1711462941032	1711462941134	OK	 
GROUP	PRL_CitizenC100_540_ChildLiveWith	1711462940995	1711462941223	224	OK
REQUEST	PRL_CitizenC100_550_InvolvedInCourt	PRL_CitizenC100_550_005_InvolvedInCourt	1711462941224	1711462941264	OK	 
REQUEST	PRL_CitizenC100_550_InvolvedInCourt	PRL_CitizenC100_550_005_InvolvedInCourt Redirect 1	1711462941265	1711462941363	OK	 
GROUP	PRL_CitizenC100_550_InvolvedInCourt	1711462941223	1711462941459	231	OK
REQUEST	PRL_CitizenC100_560_CourtCasesInfo	PRL_CitizenC100_560_005_CourtCasesInfo	1711462941460	1711462941500	OK	 
REQUEST	PRL_CitizenC100_560_CourtCasesInfo	PRL_CitizenC100_560_005_CourtCasesInfo Redirect 1	1711462941501	1711462941585	OK	 
GROUP	PRL_CitizenC100_560_CourtCasesInfo	1711462941459	1711462941738	274	OK
REQUEST	PRL_CitizenC100_570_DetailsOfCourtCases	PRL_CitizenC100_570_005_DetailsOfCourtCases	1711462941739	1711462941783	OK	 
REQUEST	PRL_CitizenC100_570_DetailsOfCourtCases	PRL_CitizenC100_570_005_DetailsOfCourtCases Redirect 1	1711462941784	1711462941905	OK	 
GROUP	PRL_CitizenC100_570_DetailsOfCourtCases	1711462941738	1711462941999	255	OK
REQUEST	PRL_CitizenC100_580_SafetyInfo	PRL_CitizenC100_580_005_SafetyInfo	1711462942000	1711462942040	OK	 
REQUEST	PRL_CitizenC100_580_SafetyInfo	PRL_CitizenC100_580_005_SafetyInfo Redirect 1	1711462942041	1711462942127	OK	 
GROUP	PRL_CitizenC100_580_SafetyInfo	1711462941999	1711462942219	215	OK
REQUEST	PRL_CitizenC100_590_SafetyConcerns	PRL_CitizenC100_590_005_SafetyConcerns	1711462942219	1711462942260	OK	 
REQUEST	PRL_CitizenC100_590_SafetyConcerns	PRL_CitizenC100_590_005_SafetyConcerns Redirect 1	1711462942261	1711462942358	OK	 
GROUP	PRL_CitizenC100_590_SafetyConcerns	1711462942219	1711462942460	234	OK
REQUEST	PRL_CitizenC100_600_ConcernedAbout	PRL_CitizenC100_600_005_ConcernedAbout	1711462942460	1711462942498	OK	 
REQUEST	PRL_CitizenC100_600_ConcernedAbout	PRL_CitizenC100_600_005_ConcernedAbout Redirect 1	1711462942498	1711462942588	OK	 
GROUP	PRL_CitizenC100_600_ConcernedAbout	1711462942460	1711462942688	224	OK
REQUEST	PRL_CitizenC100_610_TypeOfBehaviour	PRL_CitizenC100_610_005_TypeOfBehaviour	1711462942689	1711462942728	OK	 
REQUEST	PRL_CitizenC100_610_TypeOfBehaviour	PRL_CitizenC100_610_005_TypeOfBehaviour Redirect 1	1711462942729	1711462942816	OK	 
GROUP	PRL_CitizenC100_610_TypeOfBehaviour	1711462942688	1711462942909	215	OK
REQUEST	PRL_CitizenC100_620_DescribePyshicalAbuse	PRL_CitizenC100_620_005_DescribePyshicalAbuse	1711462942910	1711462942949	OK	 
REQUEST	PRL_CitizenC100_620_DescribePyshicalAbuse	PRL_CitizenC100_620_005_DescribePyshicalAbuse Redirect 1	1711462942950	1711462943048	OK	 
GROUP	PRL_CitizenC100_620_DescribePyshicalAbuse	1711462942909	1711462943430	515	OK
REQUEST	PRL_CitizenC100_630_ImpactedByDrug	PRL_CitizenC100_630_005_ImpactedByDrug	1711462943430	1711462943468	OK	 
REQUEST	PRL_CitizenC100_630_ImpactedByDrug	PRL_CitizenC100_630_005_ImpactedByDrug Redirect 1	1711462943469	1711462943549	OK	 
GROUP	PRL_CitizenC100_630_ImpactedByDrug	1711462943430	1711462943638	206	OK
REQUEST	PRL_CitizenC100_640_OtherConcerns	PRL_CitizenC100_640_005_OtherConcerns	1711462943638	1711462943677	OK	 
REQUEST	PRL_CitizenC100_640_OtherConcerns	PRL_CitizenC100_640_005_OtherConcerns Redirect 1	1711462943677	1711462943799	OK	 
GROUP	PRL_CitizenC100_640_OtherConcerns	1711462943638	1711462943893	252	OK
REQUEST	PRL_CitizenC100_650_KeepChildrenSafe	PRL_CitizenC100_650_005_KeepChildrenSafe	1711462943895	1711462943935	OK	 
REQUEST	PRL_CitizenC100_650_KeepChildrenSafe	PRL_CitizenC100_650_005_KeepChildrenSafe Redirect 1	1711462943935	1711462944353	OK	 
GROUP	PRL_CitizenC100_650_KeepChildrenSafe	1711462943894	1711462944470	571	OK
REQUEST	PRL_CitizenC100_660_ContactBetweenChildren	PRL_CitizenC100_660_005_ContactBetweenChildren	1711462944470	1711462944509	OK	 
REQUEST	PRL_CitizenC100_660_ContactBetweenChildren	PRL_CitizenC100_660_005_ContactBetweenChildren Redirect 1	1711462944509	1711462944594	OK	 
GROUP	PRL_CitizenC100_660_ContactBetweenChildren	1711462944470	1711462944687	214	OK
REQUEST	PRL_CitizenC100_670_ChildrenBasedOutsideEngland	PRL_CitizenC100_670_005_ChildrenBasedOutsideEngland	1711462944688	1711462944727	OK	 
REQUEST	PRL_CitizenC100_670_ChildrenBasedOutsideEngland	PRL_CitizenC100_670_005_ChildrenBasedOutsideEngland Redirect 1	1711462944727	1711462944822	OK	 
GROUP	PRL_CitizenC100_670_ChildrenBasedOutsideEngland	1711462944687	1711462944924	233	OK
REQUEST	PRL_CitizenC100_680_ParentsBasedOutsideEngland	PRL_CitizenC100_680_005_ParentsBasedOutsideEngland	1711462944925	1711462944962	OK	 
REQUEST	PRL_CitizenC100_680_ParentsBasedOutsideEngland	PRL_CitizenC100_680_005_ParentsBasedOutsideEngland Redirect 1	1711462944963	1711462945064	OK	 
GROUP	PRL_CitizenC100_680_ParentsBasedOutsideEngland	1711462944924	1711462945165	237	OK
REQUEST	PRL_CitizenC100_690_AnotherPersonApply	PRL_CitizenC100_690_005_AnotherPersonApply	1711462945166	1711462945215	OK	 
REQUEST	PRL_CitizenC100_690_AnotherPersonApply	PRL_CitizenC100_690_005_AnotherPersonApply Redirect 1	1711462945215	1711462945306	OK	 
GROUP	PRL_CitizenC100_690_AnotherPersonApply	1711462945165	1711462945401	232	OK
REQUEST	PRL_CitizenC100_700_AnotherCountryAsked	PRL_CitizenC100_700_005_AnotherCountryAsked	1711462945402	1711462945446	OK	 
REQUEST	PRL_CitizenC100_700_AnotherCountryAsked	PRL_CitizenC100_700_005_AnotherCountryAsked Redirect 1	1711462945447	1711462945542	OK	 
GROUP	PRL_CitizenC100_700_AnotherCountryAsked	1711462945401	1711462945641	233	OK
REQUEST	PRL_CitizenC100_710_TakePartInHearings	PRL_CitizenC100_710_005_TakePartInHearings	1711462945642	1711462945678	OK	 
REQUEST	PRL_CitizenC100_710_TakePartInHearings	PRL_CitizenC100_710_005_TakePartInHearings Redirect 1	1711462945678	1711462945768	OK	 
GROUP	PRL_CitizenC100_710_TakePartInHearings	1711462945641	1711462945869	222	OK
REQUEST	PRL_CitizenC100_720_LanguageRequirements	PRL_CitizenC100_720_005_LanguageRequirements	1711462945870	1711462945906	OK	 
REQUEST	PRL_CitizenC100_720_LanguageRequirements	PRL_CitizenC100_720_005_LanguageRequirements Redirect 1	1711462945907	1711462946007	OK	 
GROUP	PRL_CitizenC100_720_LanguageRequirements	1711462945869	1711462946155	283	OK
REQUEST	PRL_CitizenC100_730_SpecialArrangements	PRL_CitizenC100_730_005_SpecialArrangements	1711462946156	1711462946218	OK	 
REQUEST	PRL_CitizenC100_730_SpecialArrangements	PRL_CitizenC100_730_005_SpecialArrangements Redirect 1	1711462946219	1711462946355	OK	 
GROUP	PRL_CitizenC100_730_SpecialArrangements	1711462946155	1711462946447	287	OK
REQUEST	PRL_CitizenC100_740_NeedSupport	PRL_CitizenC100_740_005_NeedSupport	1711462946448	1711462946484	OK	 
REQUEST	PRL_CitizenC100_740_NeedSupport	PRL_CitizenC100_740_005_NeedSupport Redirect 1	1711462946485	1711462946535	OK	 
GROUP	PRL_CitizenC100_740_NeedSupport	1711462946447	1711462946629	179	OK
REQUEST	PRL_CitizenC100_750_DocumentsAlternativeFormat	PRL_CitizenC100_750_005_DocumentsAlternativeFormat	1711462946630	1711462946670	OK	 
REQUEST	PRL_CitizenC100_750_DocumentsAlternativeFormat	PRL_CitizenC100_750_005_DocumentsAlternativeFormat Redirect 1	1711462946671	1711462947449	OK	 
GROUP	PRL_CitizenC100_750_DocumentsAlternativeFormat	1711462946629	1711462947552	917	OK
REQUEST	PRL_CitizenC100_760_HelpWithPaying	PRL_CitizenC100_760_005_HelpWithPaying	1711462947552	1711462947590	OK	 
REQUEST	PRL_CitizenC100_760_HelpWithPaying	PRL_CitizenC100_760_005_HelpWithPaying Redirect 1	1711462947591	1711462948323	OK	 
GROUP	PRL_CitizenC100_760_HelpWithPaying	1711462947552	1711462948420	864	OK
REQUEST	PRL_CitizenC100_770_CheckYourAnswers	PRL_CitizenC100_770_005_CheckYourAnswers	1711462948420	1711462951170	KO	headerRegex((location,https://card.payments.service.gov.uk\/secure\/(.{8}-.{4}-.{4}-.{4}-.{12}))).find.exists, found nothing
GROUP	PRL_CitizenC100_770_CheckYourAnswers	1711462948420	1711462951180	2750	KO
USER	***** PRL Citizen Journey *****	END	1711462951183
