ASSERTION	AAECAAIFAAAAAAAAAFlA
RUN	simulations.PRL_Simulation	prl-simulation	1697619016927	 	3.9.5
USER	***** Private Law Create Case *****	START	1697619017748
REQUEST	XUI_010_Homepage	XUI_010_005_Homepage	1697619017772	1697619017866	OK	 
REQUEST	XUI_010_Homepage	XUI_Common_000_ConfigurationUI	1697619018655	1697619032031	OK	 
REQUEST	XUI_010_Homepage	XUI_Common_000_ConfigJson	1697619032032	1697619032044	OK	 
REQUEST	XUI_010_Homepage	XUI_Common_000_TsAndCs	1697619032045	1697619032087	OK	 
REQUEST	XUI_010_Homepage	XUI_Common_000_ConfigUI	1697619032088	1697619032156	OK	 
REQUEST	XUI_010_Homepage	XUI_Common_000_UserDetails	1697619032157	1697619032253	OK	 
REQUEST	XUI_010_Homepage	XUI_Common_000_IsAuthenticated	1697619032253	1697619032291	OK	 
REQUEST	XUI_010_Homepage	XUI_010_010_AuthLogin	1697619032294	1697619032334	OK	 
REQUEST	XUI_010_Homepage	XUI_010_010_AuthLogin Redirect 1	1697619032336	1697619032419	OK	 
REQUEST	XUI_010_Homepage	XUI_010_010_AuthLogin Redirect 2	1697619032420	1697619032516	OK	 
GROUP	XUI_010_Homepage	1697619017751	1697619032845	14936	OK
REQUEST	XUI_020_Login	XUI_020_005_Login	1697619032854	1697619033317	OK	 
REQUEST	XUI_020_Login	XUI_020_005_Login Redirect 1	1697619033317	1697619035224	OK	 
REQUEST	XUI_020_Login	XUI_020_005_Login Redirect 2	1697619035227	1697619035277	OK	 
REQUEST	XUI_020_Login	XUI_Common_000_ConfigurationUI	1697619035879	1697619035972	OK	 
REQUEST	XUI_020_Login	XUI_Common_000_ConfigJson	1697619035973	1697619036004	OK	 
REQUEST	XUI_020_Login	XUI_Common_000_TsAndCs	1697619036005	1697619036040	OK	 
REQUEST	XUI_020_Login	XUI_Common_000_ConfigUI	1697619036041	1697619036162	OK	 
REQUEST	XUI_020_Login	XUI_Common_000_UserDetails	1697619036163	1697619036628	OK	 
REQUEST	XUI_020_Login	XUI_Common_000_IsAuthenticated	1697619036629	1697619036660	OK	 
REQUEST	XUI_020_Login	XUI_Common_000_MonitoringTools	1697619036662	1697619036703	OK	 
GROUP	XUI_020_Login	1697619032845	1697619036729	3836	OK
REQUEST	XUI_PRL_030_CreateCaseStart	XUI_PRL_030_005_CreateCaseStart	1697619036731	1697619040051	OK	 
GROUP	XUI_PRL_030_CreateCaseStart	1697619036730	1697619040058	3320	OK
REQUEST	XUI_PRL_031_Type_Of_Application	XUI_PRL_031_005_Type_Of_Application	1697619040065	1697619042195	OK	 
GROUP	XUI_PRL_031_Type_Of_Application	1697619040058	1697619042196	2130	OK
REQUEST	XUI_PRL_032_ApplicationCheckYourAnswers	XUI_PRL_032_005_ApplicationCheckYourAnswers	1697619042196	1697619051140	OK	 
GROUP	XUI_PRL_032_ApplicationCheckYourAnswers	1697619042196	1697619051152	8944	OK
REQUEST	XUI_PRL_033_ApplicationDetails	XUI_PRL_033_005_ApplicationDetails	1697619051153	1697619052170	OK	 
GROUP	XUI_PRL_033_ApplicationDetails	1697619051152	1697619052235	1017	OK
REQUEST	XUI_PRL_034_EnterApplicationDetails	XUI_PRL_034_005_EnterApplicationDetails	1697619052236	1697619053130	OK	 
GROUP	XUI_PRL_034_EnterApplicationDetails	1697619052235	1697619053130	894	OK
REQUEST	XUI_PRL_035_SubmitApplicationDetails	XUI_PRL_035_005_SubmitApplicationDetails	1697619053131	1697619058886	OK	 
GROUP	XUI_PRL_035_SubmitApplicationDetails	1697619053130	1697619058886	5755	OK
REQUEST	XUI_PRL_036_SubmitAndPay	XUI_PRL_036_005_SubmitAndPay	1697619058887	1697619067095	OK	 
GROUP	XUI_PRL_036_SubmitAndPay	1697619058886	1697619067108	8208	OK
REQUEST	XUI_PRL_037_ConfidentialityStatement	XUI_PRL_037_005_ConfidentialityStatement	1697619067108	1697619068089	OK	 
GROUP	XUI_PRL_037_ConfidentialityStatement	1697619067108	1697619068089	981	OK
REQUEST	XUI_PRL_038_Declaration	XUI_PRL_038_005_Declaration	1697619068089	1697619068982	OK	 
GROUP	XUI_PRL_038_Declaration	1697619068089	1697619068982	893	OK
REQUEST	XUI_PRL_039_Continue	XUI_PRL_039_005_Continue	1697619068983	1697619069825	OK	 
GROUP	XUI_PRL_039_Continue	1697619068982	1697619069825	842	OK
REQUEST	XUI_PRL_040_Continue	XUI_PRL_040_005_Continue	1697619069826	1697619070774	KO	status.find.in([200, 209], 304), found 404
GROUP	XUI_PRL_040_Continue	1697619069825	1697619070787	948	KO
USER	***** Private Law Create Case *****	END	1697619070792
