ASSERTION	AAECAAIFAAAAAAAAAFlA
RUN	simulations.PRL_Simulation	prl-simulation	1706056919237	 	3.9.5
USER	***** PRL Case Flags 2.1 Journey *****	START	1706056919756
REQUEST	XUI_010_Homepage	XUI_010_005_Homepage	1706056919764	1706056919913	OK	 
REQUEST	XUI_010_Homepage	XUI_Common_000_ConfigurationUI	1706056922399	1706056922443	OK	 
REQUEST	XUI_010_Homepage	XUI_Common_000_ConfigJson	1706056922445	1706056922473	OK	 
REQUEST	XUI_010_Homepage	XUI_Common_000_TsAndCs	1706056922474	1706056922510	OK	 
REQUEST	XUI_010_Homepage	XUI_Common_000_ConfigUI	1706056922511	1706056922551	OK	 
REQUEST	XUI_010_Homepage	XUI_Common_000_UserDetails	1706056922552	1706056922583	OK	 
REQUEST	XUI_010_Homepage	XUI_Common_000_IsAuthenticated	1706056922583	1706056922608	OK	 
REQUEST	XUI_010_Homepage	XUI_010_010_AuthLogin	1706056922609	1706056922650	OK	 
REQUEST	XUI_010_Homepage	XUI_010_010_AuthLogin Redirect 1	1706056922652	1706056922750	OK	 
REQUEST	XUI_010_Homepage	XUI_010_010_AuthLogin Redirect 2	1706056922751	1706056922788	OK	 
GROUP	XUI_010_Homepage	1706056919757	1706056923087	3234	OK
REQUEST	XUI_020_Login	XUI_020_005_Login	1706056923090	1706056923193	OK	 
REQUEST	XUI_020_Login	XUI_020_005_Login Redirect 1	1706056923193	1706056923759	OK	 
REQUEST	XUI_020_Login	XUI_020_005_Login Redirect 2	1706056923765	1706056923802	OK	 
REQUEST	XUI_020_Login	XUI_Common_000_ConfigurationUI	1706056926169	1706056926207	OK	 
REQUEST	XUI_020_Login	XUI_Common_000_ConfigJson	1706056926208	1706056926251	OK	 
REQUEST	XUI_020_Login	XUI_Common_000_TsAndCs	1706056926253	1706056926281	OK	 
REQUEST	XUI_020_Login	XUI_Common_000_ConfigUI	1706056926283	1706056926317	OK	 
REQUEST	XUI_020_Login	XUI_Common_000_UserDetails	1706056926318	1706056927087	OK	 
REQUEST	XUI_020_Login	XUI_Common_000_IsAuthenticated	1706056927092	1706056927144	OK	 
REQUEST	XUI_020_Login	XUI_Common_000_MonitoringTools	1706056927146	1706056927203	OK	 
GROUP	XUI_020_Login	1706056923087	1706056927232	4087	OK
REQUEST	XUI_PRL_031_SelectCase	XUI_PRL_031_005_SelectCase	1706056927234	1706056931895	OK	 
GROUP	XUI_PRL_031_SelectCase	1706056927233	1706056931896	4661	OK
REQUEST	XUI_PRL_032_SelectApplication	XUI_PRL_032_005_SelectApplication	1706056931897	1706056932069	OK	 
REQUEST	XUI_PRL_032_SelectApplication	XUI_PRL_032_010_SelectApplication	1706056932071	1706056935894	OK	 
GROUP	XUI_PRL_032_SelectApplication	1706056931896	1706056935919	3995	OK
REQUEST	XUI_PRL_033_SelectSupport	XUI_PRL_033_005_SelectSupport	1706056935922	1706056935981	OK	 
GROUP	XUI_PRL_033_SelectSupport	1706056935919	1706056935982	59	OK
REQUEST	XUI_PRL_034_SelectCaseDocuments	XUI_PRL_034_005_SelectCaseDocuments	1706056935982	1706056936038	OK	 
GROUP	XUI_PRL_034_SelectCaseDocuments	1706056935982	1706056936038	56	OK
REQUEST	XUI_PRL_035_SelectHistory	XUI_PRL_035_005_SelectHistory	1706056936038	1706056936095	OK	 
GROUP	XUI_PRL_035_SelectHistory	1706056936038	1706056936095	57	OK
REQUEST	XUI_PRL_036_SelectServiceRequest	XUI_PRL_036_005_SelectServiceRequest	1706056936095	1706056936162	OK	 
REQUEST	XUI_PRL_036_SelectServiceRequest	XUI_PRL_036_010_SelectServiceRequest	1706056936163	1706056937211	OK	 
GROUP	XUI_PRL_036_SelectServiceRequest	1706056936095	1706056937211	1115	OK
GROUP	XUI_PRL_070_CreateCaseStart	1706056937211	1706056937220	0	OK
REQUEST	XUI_PRL_070_RequestSupport	XUI_PRL_070_005_RequestSupport	1706056937220	1706056938197	OK	 
REQUEST	XUI_PRL_070_RequestSupport	XUI_PRL_070_010_RequestSupport	1706056938201	1706056939466	OK	 
GROUP	XUI_PRL_070_RequestSupport	1706056937220	1706056939521	2242	OK
REQUEST	XUI_PRL_033_SelectSupport	XUI_PRL_033_005_SelectSupport	1706056939521	1706056939578	OK	 
GROUP	XUI_PRL_033_SelectSupport	1706056939521	1706056939578	57	OK
REQUEST	XUI_PRL_080_WhereFlagAdded	XUI_PRL_080_005_WhereFlagAdded	1706056939578	1706056939939	OK	 
REQUEST	XUI_PRL_080_WhereFlagAdded	XUI_PRL_080_010_WhereFlagAdded	1706056939940	1706056940579	OK	 
GROUP	XUI_PRL_080_WhereFlagAdded	1706056939578	1706056940581	1000	OK
REQUEST	XUI_PRL_080_RequestSupportSubmit	XUI_PRL_080_005_RequestSupportSubmit	1706056940586	1706056942234	OK	 
GROUP	XUI_PRL_080_RequestSupportSubmit	1706056940581	1706056942236	1648	OK
REQUEST	XUI_PRL_033_SelectSupport	XUI_PRL_033_005_SelectSupport	1706056942237	1706056942296	OK	 
GROUP	XUI_PRL_033_SelectSupport	1706056942236	1706056942297	59	OK
REQUEST	XUI_PRL_090_RequestSupport2	XUI_PRL_090_005_RequestSupport2	1706056942298	1706056943078	OK	 
REQUEST	XUI_PRL_090_RequestSupport2	XUI_PRL_090_010_RequestSupport2	1706056943081	1706056945431	OK	 
GROUP	XUI_PRL_090_RequestSupport2	1706056942298	1706056945450	3130	OK
REQUEST	XUI_PRL_100_WhereFlagAdded2	XUI_PRL_100_005_WhereFlagAdded2	1706056945451	1706056946087	OK	 
REQUEST	XUI_PRL_100_WhereFlagAdded2	XUI_PRL_100_010_WhereFlagAdded2	1706056946089	1706056946581	OK	 
GROUP	XUI_PRL_100_WhereFlagAdded2	1706056945450	1706056946582	1128	OK
REQUEST	XUI_PRL_110_RequestSupportSubmit2	XUI_PRL_110_005_RequestSupportSubmit2	1706056946582	1706056948137	OK	 
GROUP	XUI_PRL_110_RequestSupportSubmit2	1706056946582	1706056948141	1555	OK
REQUEST	XUI_PRL_033_SelectSupport	XUI_PRL_033_005_SelectSupport	1706056948141	1706056948196	OK	 
GROUP	XUI_PRL_033_SelectSupport	1706056948141	1706056948196	55	OK
REQUEST	XUI_PRL_120_RequestSupport3	XUI_PRL_120_005_RequestSupport3	1706056948197	1706056949565	OK	 
REQUEST	XUI_PRL_120_RequestSupport3	XUI_PRL_120_010_RequestSupport3	1706056949568	1706056950494	OK	 
GROUP	XUI_PRL_120_RequestSupport3	1706056948196	1706056950518	2294	OK
REQUEST	XUI_PRL_130_WhereFlagAdded3	XUI_PRL_130_005_WhereFlagAdded3	1706056950518	1706056950796	OK	 
REQUEST	XUI_PRL_130_WhereFlagAdded3	XUI_PRL_130_010_WhereFlagAdded3	1706056950797	1706056951119	OK	 
GROUP	XUI_PRL_130_WhereFlagAdded3	1706056950518	1706056951122	600	OK
REQUEST	XUI_PRL_140_RequestSupportSubmit3	XUI_PRL_140_005_RequestSupportSubmit2	1706056951124	1706056952524	OK	 
GROUP	XUI_PRL_140_RequestSupportSubmit3	1706056951122	1706056952527	1400	OK
REQUEST	XUI_PRL_033_SelectSupport	XUI_PRL_033_005_SelectSupport	1706056952528	1706056952579	OK	 
GROUP	XUI_PRL_033_SelectSupport	1706056952527	1706056952581	51	OK
REQUEST	XUI_PRL_150_RequestSupport4	XUI_PRL_150_005_RequestSupport4	1706056952584	1706056952963	OK	 
REQUEST	XUI_PRL_150_RequestSupport4	XUI_PRL_150_010_RequestSupport4	1706056952964	1706056954167	OK	 
GROUP	XUI_PRL_150_RequestSupport4	1706056952581	1706056954190	1582	OK
REQUEST	XUI_PRL_160_WhereFlagAdded4	XUI_PRL_160_005_WhereFlagAdded4	1706056954190	1706056954741	OK	 
REQUEST	XUI_PRL_160_WhereFlagAdded4	XUI_PRL_160_010_WhereFlagAdded4	1706056954743	1706056955638	OK	 
GROUP	XUI_PRL_160_WhereFlagAdded4	1706056954190	1706056955641	1446	OK
REQUEST	XUI_PRL_170_RequestSupportSubmit4	XUI_PRL_170_005_RequestSupportSubmit4	1706056955642	1706056957701	OK	 
GROUP	XUI_PRL_170_RequestSupportSubmit4	1706056955641	1706056957705	2059	OK
REQUEST	XUI_PRL_033_SelectSupport	XUI_PRL_033_005_SelectSupport	1706056957705	1706056957855	OK	 
GROUP	XUI_PRL_033_SelectSupport	1706056957705	1706056957856	150	OK
REQUEST	XUI_PRL_180_RequestSupport5	XUI_PRL_180_005_RequestSupport5	1706056957857	1706056958723	OK	 
REQUEST	XUI_PRL_180_RequestSupport5	XUI_PRL_180_010_RequestSupport5	1706056958728	1706056959998	OK	 
GROUP	XUI_PRL_180_RequestSupport5	1706056957856	1706056960012	2136	OK
REQUEST	XUI_PRL_190_WhereFlagAdded5	XUI_PRL_190_005_WhereFlagAdded5	1706056960012	1706056960449	OK	 
REQUEST	XUI_PRL_190_WhereFlagAdded5	XUI_PRL_190_010_WhereFlagAdded5	1706056960455	1706056960578	OK	 
GROUP	XUI_PRL_190_WhereFlagAdded5	1706056960012	1706056960579	560	OK
REQUEST	XUI_PRL_200_RequestSupportSubmit5	XUI_PRL_200_005_RequestSupportSubmit4	1706056960580	1706056961958	OK	 
GROUP	XUI_PRL_200_RequestSupportSubmit5	1706056960579	1706056961959	1378	OK
GROUP	XUI_PRL_030_CreateCaseStart	1706056961959	1706056961959	0	OK
REQUEST	XUI_PRL_210_ManageSupport	XUI_PRL_210_005_RequestSupport	1706056961959	1706056962670	OK	 
REQUEST	XUI_PRL_210_ManageSupport	XUI_PRL_210_010_RequestSupport	1706056962673	1706056964254	OK	 
GROUP	XUI_PRL_210_ManageSupport	1706056961959	1706056964270	2292	OK
REQUEST	XUI_PRL_220_ManageSupportSubmitSol	XUI_PRL_220_005_ManageSupportSubmitSol	1706056964271	1706056965864	OK	 
GROUP	XUI_PRL_220_ManageSupportSubmitSol	1706056964270	1706056965865	1593	OK
REQUEST	XUI_PRL_031_SelectCase	XUI_PRL_031_005_SelectCase	1706056965866	1706056968356	OK	 
GROUP	XUI_PRL_031_SelectCase	1706056965865	1706056968356	2490	OK
REQUEST	XUI_PRL_032_SelectApplication	XUI_PRL_032_005_SelectApplication	1706056968357	1706056968432	OK	 
REQUEST	XUI_PRL_032_SelectApplication	XUI_PRL_032_010_SelectApplication	1706056968433	1706056969941	OK	 
GROUP	XUI_PRL_032_SelectApplication	1706056968356	1706056969945	1583	OK
REQUEST	XUI_PRL_033_SelectSupport	XUI_PRL_033_005_SelectSupport	1706056969946	1706056970008	OK	 
GROUP	XUI_PRL_033_SelectSupport	1706056969945	1706056970009	62	OK
REQUEST	XUI_PRL_034_SelectCaseDocuments	XUI_PRL_034_005_SelectCaseDocuments	1706056970010	1706056970077	OK	 
GROUP	XUI_PRL_034_SelectCaseDocuments	1706056970009	1706056970078	67	OK
REQUEST	XUI_PRL_035_SelectHistory	XUI_PRL_035_005_SelectHistory	1706056970079	1706056970163	OK	 
GROUP	XUI_PRL_035_SelectHistory	1706056970078	1706056970164	84	OK
REQUEST	XUI_PRL_036_SelectServiceRequest	XUI_PRL_036_005_SelectServiceRequest	1706056970165	1706056970245	OK	 
REQUEST	XUI_PRL_036_SelectServiceRequest	XUI_PRL_036_010_SelectServiceRequest	1706056970248	1706056971154	OK	 
GROUP	XUI_PRL_036_SelectServiceRequest	1706056970164	1706056971154	986	OK
REQUEST	XUI_010_Homepage	XUI_010_005_Homepage	1706056971155	1706056971268	OK	 
REQUEST	XUI_010_Homepage	XUI_Common_000_ConfigurationUI	1706056975380	1706056975414	OK	 
REQUEST	XUI_010_Homepage	XUI_Common_000_ConfigJson	1706056975415	1706056975446	OK	 
REQUEST	XUI_010_Homepage	XUI_Common_000_TsAndCs	1706056975447	1706056975488	OK	 
REQUEST	XUI_010_Homepage	XUI_Common_000_ConfigUI	1706056975488	1706056975524	OK	 
REQUEST	XUI_010_Homepage	XUI_Common_000_UserDetails	1706056975524	1706056975554	OK	 
REQUEST	XUI_010_Homepage	XUI_Common_000_IsAuthenticated	1706056975555	1706056975595	OK	 
REQUEST	XUI_010_Homepage	XUI_010_010_AuthLogin	1706056975598	1706056975636	OK	 
REQUEST	XUI_010_Homepage	XUI_010_010_AuthLogin Redirect 1	1706056975638	1706056975840	OK	 
REQUEST	XUI_010_Homepage	XUI_010_010_AuthLogin Redirect 2	1706056975843	1706056975887	OK	 
GROUP	XUI_010_Homepage	1706056971154	1706056976444	5267	OK
REQUEST	XUI_020_LoginCa	XUI_020_005_LoginCa	1706056976444	1706056976519	OK	 
REQUEST	XUI_020_LoginCa	XUI_020_005_LoginCa Redirect 1	1706056976519	1706056977144	OK	 
REQUEST	XUI_020_LoginCa	XUI_020_005_LoginCa Redirect 2	1706056977147	1706056977184	OK	 
REQUEST	XUI_020_LoginCa	XUI_Common_000_ConfigurationUI	1706056979557	1706056979591	OK	 
REQUEST	XUI_020_LoginCa	XUI_Common_000_ConfigJson	1706056979594	1706056979638	OK	 
REQUEST	XUI_020_LoginCa	XUI_Common_000_TsAndCs	1706056979640	1706056979683	OK	 
REQUEST	XUI_020_LoginCa	XUI_Common_000_ConfigUI	1706056979684	1706056979735	OK	 
REQUEST	XUI_020_LoginCa	XUI_Common_000_UserDetails	1706056979737	1706056980070	OK	 
REQUEST	XUI_020_LoginCa	XUI_Common_000_IsAuthenticated	1706056980073	1706056980120	OK	 
REQUEST	XUI_020_LoginCa	XUI_Common_000_MonitoringTools	1706056980123	1706056980178	OK	 
GROUP	XUI_020_LoginCa	1706056976444	1706056980180	3714	OK
REQUEST	XUI_PRL_041_SelectCase	XUI_PRL_041_005_SelectCase	1706056980182	1706056983310	OK	 
GROUP	XUI_PRL_041_SelectCase	1706056980180	1706056983311	3128	OK
REQUEST	XUI_PRL_042_SelectApplication	XUI_PRL_042_005_SelectApplication	1706056983311	1706056983353	OK	 
REQUEST	XUI_PRL_042_SelectApplication	XUI_PRL_032_010_SelectApplication	1706056983356	1706056988924	OK	 
GROUP	XUI_PRL_042_SelectApplication	1706056983311	1706056988929	5610	OK
REQUEST	XUI_PRL_043_SelectSupport	XUI_PRL_043_005_SelectSupport	1706056988930	1706056988961	OK	 
GROUP	XUI_PRL_043_SelectSupport	1706056988929	1706056988962	31	OK
REQUEST	XUI_PRL_044_SelectCaseDocuments	XUI_PRL_044_005_SelectCaseDocuments	1706056988962	1706056988994	OK	 
GROUP	XUI_PRL_044_SelectCaseDocuments	1706056988962	1706056988994	32	OK
REQUEST	XUI_PRL_045_SelectHistory	XUI_PRL_045_005_SelectHistory	1706056988994	1706056989051	OK	 
GROUP	XUI_PRL_045_SelectHistory	1706056988994	1706056989051	57	OK
REQUEST	XUI_PRL_046_SelectServiceRequest	XUI_PRL_046_005_SelectServiceRequest	1706056989051	1706056989089	OK	 
REQUEST	XUI_PRL_046_SelectServiceRequest	XUI_PRL_046_010_SelectServiceRequest	1706056989090	1706056989526	OK	 
GROUP	XUI_PRL_046_SelectServiceRequest	1706056989051	1706056989526	474	OK
REQUEST	XUI_PRL_047_SelectParties	XUI_PRL_047_005_SelectParties	1706056989527	1706056989557	OK	 
REQUEST	XUI_PRL_047_SelectParties	XUI_PRL_047_010_SelectParties	1706056989557	1706056991205	OK	 
GROUP	XUI_PRL_047_SelectParties	1706056989526	1706056991206	1678	OK
REQUEST	XUI_PRL_048_LinkedCases	XUI_PRL_048_005_LinkedCases	1706056991206	1706056991240	OK	 
REQUEST	XUI_PRL_048_LinkedCases	XUI_PRL_048_010_LinkedCases	1706056991241	1706056992798	OK	 
REQUEST	XUI_PRL_048_LinkedCases	XUI_PRL_048_015_LinkedCases	1706056992799	1706056992855	OK	 
GROUP	XUI_PRL_048_LinkedCases	1706056991206	1706056992917	1707	OK
REQUEST	XUI_PRL_049_CaseFileView	XUI_PRL_049_005_CaseFileView	1706056992917	1706056992984	OK	 
REQUEST	XUI_PRL_049_CaseFileView	XUI_PRL_049_010_CaseFileView	1706056992984	1706056993479	OK	 
GROUP	XUI_PRL_049_CaseFileView	1706056992917	1706056993479	562	OK
GROUP	XUI_PRL_030_CreateCaseStart	1706056993479	1706056993480	0	OK
REQUEST	XUI_PRL_230_ManageSupportFlags	XUI_PRL_230_005_ManageSupportFlags	1706056993480	1706056994445	OK	 
REQUEST	XUI_PRL_230_ManageSupportFlags	XUI_PRL_230_010_RequestSupport	1706056994446	1706056996084	OK	 
GROUP	XUI_PRL_230_ManageSupportFlags	1706056993480	1706056996170	2603	OK
REQUEST	XUI_PRL_240_SubmitSupportChange	XUI_PRL_240_005_SubmitSupportChange	1706056996171	1706056996874	KO	status.find.in([200, 209], 304), found 404
GROUP	XUI_PRL_240_SubmitSupportChange	1706056996170	1706056996884	703	KO
USER	***** PRL Case Flags 2.1 Journey *****	END	1706056996889
