ASSERTION	AAECAAIFAAAAAAAAAFlA
RUN	simulations.PRL_Simulation	prl-simulation	1713525696769	 	3.9.5
USER	***** PRL CUI RA Journey *****	START	1713525697511
REQUEST	PRL_CitizenC100_010_PRLHome	PRL_CitizenC100_010_005_PRLHome	1713525697522	1713525697736	OK	 
REQUEST	PRL_CitizenC100_010_PRLHome	PRL_CitizenC100_010_005_PRLHome Redirect 1	1713525697745	1713525697819	OK	 
REQUEST	PRL_CitizenC100_010_PRLHome	PRL_CitizenC100_010_005_PRLHome Redirect 2	1713525697820	1713525697926	OK	 
REQUEST	PRL_CitizenC100_010_PRLHome	PRL_CitizenC100_010_005_PRLHome Redirect 3	1713525697927	1713525698099	OK	 
GROUP	PRL_CitizenC100_010_PRLHome	1713525697512	1713525698439	846	OK
REQUEST	PRL_CitizenC100_020_Login	PRL_CitizenC100_020_005_Login	1713525698441	1713525698589	OK	 
REQUEST	PRL_CitizenC100_020_Login	PRL_CitizenC100_020_005_Login Redirect 1	1713525698592	1713525698935	OK	 
REQUEST	PRL_CitizenC100_020_Login	PRL_CitizenC100_020_005_Login Redirect 2	1713525698936	1713525701041	OK	 
GROUP	PRL_CitizenC100_020_Login	1713525698439	1713525701294	2839	OK
REQUEST	PRL_CitizenC100_CUIRA_030_SelectCase	PRL_CitizenC100_CUIRA_030_SelectCase	1713525701294	1713525705343	OK	 
REQUEST	PRL_CitizenC100_CUIRA_030_SelectCase	PRL_CitizenC100_CUIRA_030_SelectCase Redirect 1	1713525705344	1713525705535	OK	 
GROUP	PRL_CitizenC100_CUIRA_030_SelectCase	1713525701294	1713525705703	4402	OK
REQUEST	PRL_CitizenC100_CUIRA_030_005_SelectCase	PRL_CitizenC100_CUIRA_030_005_SelectCase	1713525705703	1713525705837	OK	 
GROUP	PRL_CitizenC100_CUIRA_030_005_SelectCase	1713525705703	1713525705967	261	OK
REQUEST	PRL_CitizenC100_CUIRA_040_RAIntro	PRL_CitizenC100_CUIRA_040_RAIntro	1713525705968	1713525707132	OK	 
GROUP	PRL_CitizenC100_CUIRA_040_RAIntro	1713525705968	1713525707335	1354	OK
REQUEST	PRL_CitizenC100_CUIRA_050_RAIntro	PRL_CitizenC100_CUIRA_050_RAIntro	1713525707336	1713525707416	OK	 
REQUEST	PRL_CitizenC100_CUIRA_050_RAIntro	PRL_CitizenC100_CUIRA_050_RAIntro Redirect 1	1713525707417	1713525707536	OK	 
GROUP	PRL_CitizenC100_CUIRA_050_RAIntro	1713525707335	1713525707683	342	OK
REQUEST	PRL_CitizenC100_CUIRA_060_RAIntro	PRL_CitizenC100_CUIRA_060_RAIntro	1713525707683	1713525707779	OK	 
REQUEST	PRL_CitizenC100_CUIRA_060_RAIntro	PRL_CitizenC100_CUIRA_060_RAIntro Redirect 1	1713525707780	1713525707869	OK	 
GROUP	PRL_CitizenC100_CUIRA_060_RAIntro	1713525707683	1713525707988	299	OK
REQUEST	PRL_CitizenC100_CUIRA_070_RAIntro	PRL_CitizenC100_CUIRA_070_RAIntro	1713525707989	1713525709966	OK	 
REQUEST	PRL_CitizenC100_CUIRA_070_RAIntro	PRL_CitizenC100_CUIRA_070_RAIntro Redirect 1	1713525709967	1713525711994	OK	 
REQUEST	PRL_CitizenC100_CUIRA_070_RAIntro	PRL_CitizenC100_CUIRA_070_RAIntro Redirect 2	1713525711995	1713525712798	OK	 
REQUEST	PRL_CitizenC100_CUIRA_070_RAIntro	PRL_CitizenC100_CUIRA_070_RAIntro Redirect 3	1713525712801	1713525713075	OK	 
GROUP	PRL_CitizenC100_CUIRA_070_RAIntro	1713525707988	1713525713321	5324	OK
REQUEST	PRL_CitizenC100_CUIRA_110_SupportRequired	PRL_CitizenC100_CUIRA_110_SupportRequired	1713525713322	1713525713412	KO	status.find.in([200, 209], 304), found 500
GROUP	PRL_CitizenC100_CUIRA_110_SupportRequired	1713525713322	1713525713427	90	KO
USER	***** PRL CUI RA Journey *****	END	1713525713432
