ASSERTION	AAECAAIFAAAAAAAAAFlA
RUN	simulations.PRL_Simulation	prl-simulation	1706620881748	 	3.9.5
USER	***** PRL Citizen Journey *****	START	1706620882737
REQUEST	XUI_010_Homepage	XUI_010_005_Homepage	1706620882744	1706620882846	OK	 
REQUEST	XUI_010_Homepage	XUI_Common_000_ConfigurationUI	1706620883923	1706620883952	OK	 
REQUEST	XUI_010_Homepage	XUI_Common_000_ConfigJson	1706620883954	1706620883982	OK	 
REQUEST	XUI_010_Homepage	XUI_Common_000_TsAndCs	1706620883983	1706620884025	OK	 
REQUEST	XUI_010_Homepage	XUI_Common_000_ConfigUI	1706620884025	1706620884051	OK	 
REQUEST	XUI_010_Homepage	XUI_Common_000_UserDetails	1706620884052	1706620884086	OK	 
REQUEST	XUI_010_Homepage	XUI_Common_000_IsAuthenticated	1706620884087	1706620884122	OK	 
REQUEST	XUI_010_Homepage	XUI_010_010_AuthLogin	1706620884124	1706620884153	OK	 
REQUEST	XUI_010_Homepage	XUI_010_010_AuthLogin Redirect 1	1706620884155	1706620884249	OK	 
REQUEST	XUI_010_Homepage	XUI_010_010_AuthLogin Redirect 2	1706620884250	1706620884288	OK	 
GROUP	XUI_010_Homepage	1706620882737	1706620884497	1679	OK
REQUEST	XUI_020_Login	XUI_020_005_Login	1706620884500	1706620884743	OK	 
REQUEST	XUI_020_Login	XUI_020_005_Login Redirect 1	1706620884745	1706620885234	OK	 
REQUEST	XUI_020_Login	XUI_020_005_Login Redirect 2	1706620885241	1706620885269	OK	 
REQUEST	XUI_020_Login	XUI_Common_000_ConfigurationUI	1706620886347	1706620886376	OK	 
REQUEST	XUI_020_Login	XUI_Common_000_ConfigJson	1706620886377	1706620886410	OK	 
REQUEST	XUI_020_Login	XUI_Common_000_TsAndCs	1706620886411	1706620886444	OK	 
REQUEST	XUI_020_Login	XUI_Common_000_ConfigUI	1706620886444	1706620886474	OK	 
REQUEST	XUI_020_Login	XUI_Common_000_UserDetails	1706620886474	1706620887486	OK	 
REQUEST	XUI_020_Login	XUI_Common_000_IsAuthenticated	1706620887487	1706620887556	OK	 
REQUEST	XUI_020_Login	XUI_Common_000_MonitoringTools	1706620887559	1706620887617	OK	 
GROUP	XUI_020_Login	1706620884497	1706620887647	3095	OK
REQUEST	XUI_PRL_030_CreateCaseStart	XUI_PRL_030_005_CreateCaseStart	1706620887651	1706620893620	OK	 
GROUP	XUI_PRL_030_CreateCaseStart	1706620887649	1706620893632	5969	OK
REQUEST	XUI_PRL_031_Type_Of_Application	XUI_PRL_031_005_Type_Of_Application	1706620893634	1706620894916	OK	 
GROUP	XUI_PRL_031_Type_Of_Application	1706620893632	1706620894919	1282	OK
REQUEST	XUI_PRL_032_ApplicationCheckYourAnswers	XUI_PRL_032_005_ApplicationCheckYourAnswers	1706620894920	1706620913846	OK	 
GROUP	XUI_PRL_032_ApplicationCheckYourAnswers	1706620894919	1706620913858	18926	OK
REQUEST	XUI_PRL_033_ApplicationDetails	XUI_PRL_033_005_ApplicationDetails	1706620913858	1706620915346	OK	 
GROUP	XUI_PRL_033_ApplicationDetails	1706620913858	1706620915394	1488	OK
REQUEST	XUI_PRL_034_EnterApplicationDetails	XUI_PRL_034_005_EnterApplicationDetails	1706620915394	1706620916864	OK	 
GROUP	XUI_PRL_034_EnterApplicationDetails	1706620915394	1706620916865	1470	OK
REQUEST	XUI_PRL_035_SubmitApplicationDetails	XUI_PRL_035_005_SubmitApplicationDetails	1706620916866	1706620924263	OK	 
GROUP	XUI_PRL_035_SubmitApplicationDetails	1706620916865	1706620924265	7397	OK
REQUEST	XUI_PRL_036_SubmitAndPay	XUI_PRL_036_005_SubmitAndPay	1706620924266	1706620935809	OK	 
GROUP	XUI_PRL_036_SubmitAndPay	1706620924265	1706620935825	11543	OK
REQUEST	XUI_PRL_037_ConfidentialityStatement	XUI_PRL_037_005_ConfidentialityStatement	1706620935826	1706620936998	OK	 
GROUP	XUI_PRL_037_ConfidentialityStatement	1706620935825	1706620936999	1172	OK
REQUEST	XUI_PRL_038_Declaration	XUI_PRL_038_005_Declaration	1706620937000	1706620937655	OK	 
GROUP	XUI_PRL_038_Declaration	1706620936999	1706620937658	655	OK
REQUEST	XUI_PRL_039_Continue	XUI_PRL_039_005_Continue	1706620937660	1706620938577	OK	 
GROUP	XUI_PRL_039_Continue	1706620937658	1706620938580	917	OK
REQUEST	XUI_PRL_040_Continue	XUI_PRL_039_005_Continue	1706620938581	1706620949139	OK	 
GROUP	XUI_PRL_040_Continue	1706620938580	1706620949144	10558	OK
REQUEST	XUI_PRL_041_DummyPaymentConfirmation 	XUI_PRL_041_005_DummyPaymentConfirmation 	1706620949145	1706620950245	OK	 
GROUP	XUI_PRL_041_DummyPaymentConfirmation 	1706620949144	1706620950247	1100	OK
REQUEST	XUI_PRL_042_PaymentOption	XUI_PRL_042_005_PaymentOption	1706620950249	1706620951169	OK	 
GROUP	XUI_PRL_042_PaymentOption	1706620950247	1706620951175	920	OK
REQUEST	XUI_PRL_043_PaymentOption	XUI_PRL_043_005_PaymentOption	1706620951176	1706620951314	OK	 
REQUEST	XUI_PRL_043_PaymentOption	XUI_PRL_043_005_PaymentOption Redirect 1	1706620951319	1706620951418	OK	 
GROUP	XUI_PRL_043_PaymentOption	1706620951175	1706620951578	388	OK
REQUEST	XUI_PRL_044_CardDetails	XUI_PRL_044_005_CardDetails	1706620951578	1706620951709	OK	 
REQUEST	XUI_PRL_044_CardDetails	XUI_PRL_044_005_CardDetails Redirect 1	1706620951710	1706620951767	OK	 
GROUP	XUI_PRL_044_CardDetails	1706620951578	1706620951775	189	OK
REQUEST	XUI_PRL_045_ConfirmPayment	XUI_PRL_045_005_ConfirmPayment	1706620951775	1706620951870	OK	 
REQUEST	XUI_PRL_045_ConfirmPayment	XUI_PRL_045_005_ConfirmPayment Redirect 1	1706620951870	1706620951910	OK	 
REQUEST	XUI_PRL_045_ConfirmPayment	XUI_PRL_045_005_ConfirmPayment Redirect 2	1706620951916	1706620953829	OK	 
GROUP	XUI_PRL_045_ConfirmPayment	1706620951775	1706620954042	2252	OK
USER	***** PRL Citizen Journey *****	END	1706620954044
