ASSERTION	AAECAAMCAAAAAAAAwFdA
ASSERTION	AAMAASBYVUlfUFJMX0MxMDBfNDYwX1N1Ym1pdEFuZFBheU5vdwIAAwIAAAAAAAAAVEA=
ASSERTION	AAMAARtYVUlfUFJMX0ZMNDAxXzQ5MF9TT1RTdWJtaXQCAAMCAAAAAAAAAFRA
ASSERTION	AAMAASNQUkxfQ2l0aXplbkMxMDBfODEwXzAwNV9GaW5hbFN1Ym1pdAIAAwIAAAAAAAAAVEA=
RUN	simulations.PRL_Simulation	prl-simulation	1686846226240	 	3.3.1
USER	***** Private Law Create Case *****	1	START	1686846526604	1686846526604
REQUEST	1	PRL_Citizen_010_PRLHome	PRL_Citizen_010_005_PRLHome	1686846526629	1686846526766	OK	 
REQUEST	1	PRL_Citizen_010_PRLHome	PRL_Citizen_010_005_PRLHome Redirect 1	1686846526777	1686846526823	OK	 
REQUEST	1	PRL_Citizen_010_PRLHome	PRL_Citizen_010_005_PRLHome Redirect 2	1686846526824	1686846526887	OK	 
REQUEST	1	PRL_Citizen_010_PRLHome	PRL_Citizen_010_005_PRLHome Redirect 3	1686846526888	1686846526999	OK	 
GROUP	1	PRL_Citizen_010_PRLHome	1686846526610	1686846527437	532	OK
REQUEST	1	PRL_Citizen_020_Login	PRL_Citizen_020_005_Login	1686846531986	1686846532237	OK	 
REQUEST	1	PRL_Citizen_020_Login	PRL_Citizen_020_005_Login Redirect 1	1686846532240	1686846532506	OK	 
REQUEST	1	PRL_Citizen_020_Login	PRL_Citizen_020_005_Login Redirect 2	1686846532507	1686846537015	OK	 
GROUP	1	PRL_Citizen_020_Login	1686846531983	1686846537166	5166	OK
REQUEST	1	PRL_Citizen_030_C100StartApplication	PRL_Citizen_030_005_C100StartApplication	1686846540394	1686846540804	OK	 
GROUP	1	PRL_Citizen_030_C100StartApplication	1686846540393	1686846540932	533	OK
REQUEST	1	PRL_Citizen_040_StartTheApplicationC100	PRL_Citizen_040_005_StartTheApplicationC100	1686846544704	1686846544823	OK	 
GROUP	1	PRL_Citizen_040_StartTheApplicationC100	1686846544703	1686846544910	204	OK
REQUEST	1	PRL_Citizen_041_Dashboard	PRL_Citizen_041_005_Dashboard	1686846549344	1686846549436	OK	 
REQUEST	1	PRL_Citizen_041_Dashboard	PRL_Citizen_041_005_Dashboard Redirect 1	1686846549437	1686846552374	OK	 
GROUP	1	PRL_Citizen_041_Dashboard	1686846549344	1686846552516	3168	OK
REQUEST	1	PRL_Citizen_042_ActivateAccessCode	PRL_Citizen_042_005_ActivateAccessCode	1686846556755	1686846556837	OK	 
GROUP	1	PRL_Citizen_042_ActivateAccessCode	1686846556754	1686846556917	158	OK
REQUEST	1	PRL_Citizen_043_CaseAdded	PRL_Citizen_043_005_AccessYourCase	1686846561593	1686846563535	OK	 
REQUEST	1	PRL_Citizen_043_CaseAdded	PRL_Citizen_043_005_AccessYourCase Redirect 1	1686846563536	1686846573470	OK	 
GROUP	1	PRL_Citizen_043_CaseAdded	1686846561593	1686846573588	11992	OK
REQUEST	1	PRL_Citizen_044_AccessCodeContinue	PRL_Citizen_044_005_AccessCodeContinue	1686846577523	1686846577730	OK	 
REQUEST	1	PRL_Citizen_044_AccessCodeContinue	PRL_Citizen_044_005_AccessCodeContinue Redirect 1	1686846577731	1686846577920	OK	 
GROUP	1	PRL_Citizen_044_AccessCodeContinue	1686846577523	1686846578095	569	OK
REQUEST	1	PRL_Citizen_045_AccessCase	PRL_Citizen_045_005_AccessCase	1686846582985	1686846583648	OK	 
REQUEST	1	PRL_Citizen_045_AccessCase	PRL_Citizen_045_005_AccessCase Redirect 1	1686846583648	1686846583759	OK	 
GROUP	1	PRL_Citizen_045_AccessCase	1686846582984	1686846583879	892	OK
GROUP	1	PRL_CitizenC100_010_PRLHome	1686846587195	1686846587195	0	OK
REQUEST	1	PRL_CitizenC100_040_WhatYouWillNeed	PRL_CitizenC100_040_005_WhatYouWillNeed	1686846590313	1686846593436	OK	 
REQUEST	1	PRL_CitizenC100_040_WhatYouWillNeed	PRL_CitizenC100_040_005_WhatYouWillNeed Redirect 1	1686846593436	1686846593475	OK	 
GROUP	1	PRL_CitizenC100_040_WhatYouWillNeed	1686846590313	1686846593645	3329	OK
REQUEST	1	PRL_CitizenC100_050_CaseName	PRL_CitizenC100_050_005_CaseName	1686846598385	1686846598458	OK	 
REQUEST	1	PRL_CitizenC100_050_CaseName	PRL_CitizenC100_050_005_CaseName Redirect 1	1686846598459	1686846598531	OK	 
GROUP	1	PRL_CitizenC100_050_CaseName	1686846598385	1686846598627	239	OK
REQUEST	1	PRL_CitizenC100_060_ChildrenPostCode	PRL_CitizenC100_060_005_ChildrenPostCode	1686846602335	1686846602400	OK	 
REQUEST	1	PRL_CitizenC100_060_ChildrenPostCode	PRL_CitizenC100_060_005_ChildrenPostCode Redirect 1	1686846602401	1686846602450	OK	 
GROUP	1	PRL_CitizenC100_060_ChildrenPostCode	1686846602335	1686846602541	202	OK
REQUEST	1	PRL_CitizenC100_070_WrittenAgreement	PRL_CitizenC100_070_005_WrittenAgreement	1686846607166	1686846607195	OK	 
REQUEST	1	PRL_CitizenC100_070_WrittenAgreement	PRL_CitizenC100_070_005_WrittenAgreement Redirect 1	1686846607195	1686846607247	OK	 
GROUP	1	PRL_CitizenC100_070_WrittenAgreement	1686846607165	1686846607306	138	OK
REQUEST	1	PRL_CitizenC100_080_BeforeCourt	PRL_CitizenC100_080_005_BeforeCourt	1686846611915	1686846611956	OK	 
REQUEST	1	PRL_CitizenC100_080_BeforeCourt	PRL_CitizenC100_080_005_BeforeCourt Redirect 1	1686846611957	1686846612024	OK	 
GROUP	1	PRL_CitizenC100_080_BeforeCourt	1686846611915	1686846612097	178	OK
REQUEST	1	PRL_CitizenC100_090_ReachAgreement	PRL_CitizenC100_090_005_ReachAgreement	1686846615136	1686846615179	OK	 
REQUEST	1	PRL_CitizenC100_090_ReachAgreement	PRL_CitizenC100_090_005_ReachAgreement Redirect 1	1686846615179	1686846615216	OK	 
GROUP	1	PRL_CitizenC100_090_ReachAgreement	1686846615135	1686846615294	156	OK
REQUEST	1	PRL_CitizenC100_100_LegalRep	PRL_CitizenC100_100_005_LegalRep	1686846619016	1686846619044	OK	 
REQUEST	1	PRL_CitizenC100_100_LegalRep	PRL_CitizenC100_100_005_LegalRep Redirect 1	1686846619045	1686846619110	OK	 
GROUP	1	PRL_CitizenC100_100_LegalRep	1686846619016	1686846619188	169	OK
REQUEST	1	PRL_CitizenC100_110_PermissionFromCourt	PRL_CitizenC100_110_005_PermissionFromCourt	1686846623925	1686846623968	OK	 
REQUEST	1	PRL_CitizenC100_110_PermissionFromCourt	PRL_CitizenC100_110_005_PermissionFromCourt Redirect 1	1686846623969	1686846624005	OK	 
GROUP	1	PRL_CitizenC100_110_PermissionFromCourt	1686846623924	1686846624076	148	OK
REQUEST	1	PRL_CitizenC100_120_WhyPermissionFromCourt	PRL_CitizenC100_120_005_WhyPermissionFromCourt	1686846627805	1686846627831	OK	 
REQUEST	1	PRL_CitizenC100_120_WhyPermissionFromCourt	PRL_CitizenC100_120_005_WhyPermissionFromCourt Redirect 1	1686846627832	1686846627886	OK	 
GROUP	1	PRL_CitizenC100_120_WhyPermissionFromCourt	1686846627805	1686846627958	150	OK
REQUEST	1	PRL_CitizenC100_130_WhyCourtShouldGrant	PRL_CitizenC100_130_005_WhyCourtShouldGrant	1686846632365	1686846632406	OK	 
REQUEST	1	PRL_CitizenC100_130_WhyCourtShouldGrant	PRL_CitizenC100_130_005_WhyCourtShouldGrant Redirect 1	1686846632406	1686846632447	OK	 
GROUP	1	PRL_CitizenC100_130_WhyCourtShouldGrant	1686846632365	1686846632529	163	OK
REQUEST	1	PRL_CitizenC100_140_InvolvedInEmergencyProtection	PRL_CitizenC100_140_005_InvolvedInEmergencyProtection	1686846635855	1686846635903	OK	 
REQUEST	1	PRL_CitizenC100_140_InvolvedInEmergencyProtection	PRL_CitizenC100_140_005_InvolvedInEmergencyProtection Redirect 1	1686846635904	1686846635948	OK	 
GROUP	1	PRL_CitizenC100_140_InvolvedInEmergencyProtection	1686846635854	1686846636019	162	OK
REQUEST	1	PRL_CitizenC100_150_AttendingMIAM	PRL_CitizenC100_150_005_AttendingMIAM	1686846639395	1686846639426	OK	 
REQUEST	1	PRL_CitizenC100_150_AttendingMIAM	PRL_CitizenC100_150_005_AttendingMIAM Redirect 1	1686846639427	1686846639484	OK	 
GROUP	1	PRL_CitizenC100_150_AttendingMIAM	1686846639395	1686846639637	239	OK
REQUEST	1	PRL_CitizenC100_160_AttendedMIAM	PRL_CitizenC100_160_005_AttendedMIAM	1686846643886	1686846643934	OK	 
REQUEST	1	PRL_CitizenC100_160_AttendedMIAM	PRL_CitizenC100_160_005_AttendedMIAM Redirect 1	1686846643934	1686846644066	OK	 
GROUP	1	PRL_CitizenC100_160_AttendedMIAM	1686846643885	1686846644152	264	OK
REQUEST	1	PRL_CitizenC100_170_DocumentSigned	PRL_CitizenC100_170_005_DocumentSigned	1686846649006	1686846649040	OK	 
REQUEST	1	PRL_CitizenC100_170_DocumentSigned	PRL_CitizenC100_170_005_DocumentSigned Redirect 1	1686846649040	1686846649101	OK	 
GROUP	1	PRL_CitizenC100_170_DocumentSigned	1686846649005	1686846649200	191	OK
REQUEST	1	PRL_CitizenC100_180_MIAMUpload	PRL_CitizenC100_180_005_MIAMUpload	1686846653339	1686846653766	OK	 
REQUEST	1	PRL_CitizenC100_180_MIAMUpload	PRL_CitizenC100_180_005_MIAMUpload Redirect 1	1686846653767	1686846653814	OK	 
GROUP	1	PRL_CitizenC100_180_MIAMUpload	1686846653325	1686846653875	533	OK
REQUEST	1	PRL_CitizenC100_190_MIAMUploadSubmit	PRL_CitizenC100_190_005_MIAMUploadSubmit	1686846657185	1686846657764	OK	 
REQUEST	1	PRL_CitizenC100_190_MIAMUploadSubmit	PRL_CitizenC100_190_005_MIAMUploadSubmit Redirect 1	1686846657765	1686846657800	OK	 
REQUEST	1	PRL_CitizenC100_190_MIAMUploadSubmit	PRL_CitizenC100_190_005_MIAMUploadSubmit Redirect 2	1686846657801	1686846657956	OK	 
GROUP	1	PRL_CitizenC100_190_MIAMUploadSubmit	1686846657185	1686846658174	985	OK
REQUEST	1	PRL_CitizenC100_200_MIAMUploadContinue	PRL_CitizenC100_200_005_MIAMUploadContinue	1686846662305	1686846662357	OK	 
REQUEST	1	PRL_CitizenC100_200_MIAMUploadContinue	PRL_CitizenC100_200_005_MIAMUploadContinue Redirect 1	1686846662357	1686846662423	OK	 
GROUP	1	PRL_CitizenC100_200_MIAMUploadContinue	1686846662305	1686846662551	244	OK
REQUEST	1	PRL_CitizenC100_210_AskingCourtToDo	PRL_CitizenC100_210_005_AskingCourtToDo	1686846666395	1686846666429	OK	 
REQUEST	1	PRL_CitizenC100_210_AskingCourtToDo	PRL_CitizenC100_210_005_AskingCourtToDo Redirect 1	1686846666430	1686846666474	OK	 
GROUP	1	PRL_CitizenC100_210_AskingCourtToDo	1686846666395	1686846666557	159	OK
REQUEST	1	PRL_CitizenC100_220_WouldLikeCourtTo	PRL_CitizenC100_220_005_WouldLikeCourtTo	1686846670746	1686846670773	OK	 
REQUEST	1	PRL_CitizenC100_220_WouldLikeCourtTo	PRL_CitizenC100_220_005_WouldLikeCourtTo Redirect 1	1686846670774	1686846670838	OK	 
GROUP	1	PRL_CitizenC100_220_WouldLikeCourtTo	1686846670745	1686846670959	210	OK
REQUEST	1	PRL_CitizenC100_230_DescribeWhatCourt	PRL_CitizenC100_230_005_DescribeWhatCourt	1686846675605	1686846675653	OK	 
REQUEST	1	PRL_CitizenC100_230_DescribeWhatCourt	PRL_CitizenC100_230_005_DescribeWhatCourt Redirect 1	1686846675653	1686846675699	OK	 
GROUP	1	PRL_CitizenC100_230_DescribeWhatCourt	1686846675604	1686846675836	229	OK
REQUEST	1	PRL_CitizenC100_240_UrgentFirstHearing	PRL_CitizenC100_240_005_UrgentFirstHearing	1686846680097	1686846680138	OK	 
REQUEST	1	PRL_CitizenC100_240_UrgentFirstHearing	PRL_CitizenC100_240_005_UrgentFirstHearing Redirect 1	1686846680138	1686846680196	OK	 
GROUP	1	PRL_CitizenC100_240_UrgentFirstHearing	1686846680096	1686846680276	177	OK
REQUEST	1	PRL_CitizenC100_250_UrgentHearingDetails	PRL_CitizenC100_250_005_UrgentHearingDetails	1686846685176	1686846685208	OK	 
REQUEST	1	PRL_CitizenC100_250_UrgentHearingDetails	PRL_CitizenC100_250_005_UrgentHearingDetails Redirect 1	1686846685209	1686846685253	OK	 
GROUP	1	PRL_CitizenC100_250_UrgentHearingDetails	1686846685176	1686846685417	238	OK
REQUEST	1	PRL_CitizenC100_260_AskingForWithoutNotice	PRL_CitizenC100_260_005_AskingForWithoutNotice	1686846688524	1686846688599	OK	 
REQUEST	1	PRL_CitizenC100_260_AskingForWithoutNotice	PRL_CitizenC100_260_005_AskingForWithoutNotice Redirect 1	1686846688600	1686846688767	OK	 
GROUP	1	PRL_CitizenC100_260_AskingForWithoutNotice	1686846688523	1686846688839	312	OK
REQUEST	1	PRL_CitizenC100_270_WithoutNoticeDetails	PRL_CitizenC100_270_005_WithoutNoticeDetails	1686846692646	1686846692688	OK	 
REQUEST	1	PRL_CitizenC100_270_WithoutNoticeDetails	PRL_CitizenC100_270_005_WithoutNoticeDetails Redirect 1	1686846692688	1686846692779	OK	 
GROUP	1	PRL_CitizenC100_270_WithoutNoticeDetails	1686846692645	1686846692880	233	OK
REQUEST	1	PRL_CitizenC100_280_ChildrenName	PRL_CitizenC100_280_005_ChildrenName	1686846696033	1686846696062	OK	 
GROUP	1	PRL_CitizenC100_280_ChildrenName	1686846696032	1686846696065	29	OK
REQUEST	1	PRL_CitizenC100_285_ChildrenNameRedirect	PRL_CitizenC100_280_005_ChildrenName	1686846699715	1686846699775	OK	 
GROUP	1	PRL_CitizenC100_285_ChildrenNameRedirect	1686846699714	1686846699855	138	OK
REQUEST	1	PRL_CitizenC100_290_ChildDetails	PRL_CitizenC100_290_005_ChildDetails	1686846703414	1686846703443	OK	 
REQUEST	1	PRL_CitizenC100_290_ChildDetails	PRL_CitizenC100_290_005_ChildDetails Redirect 1	1686846703444	1686846703499	OK	 
GROUP	1	PRL_CitizenC100_290_ChildDetails	1686846703413	1686846703580	163	OK
REQUEST	1	PRL_CitizenC100_300_WhichDecision	PRL_CitizenC100_300_005_WhichDecision	1686846706775	1686846706827	OK	 
REQUEST	1	PRL_CitizenC100_300_WhichDecision	PRL_CitizenC100_300_005_WhichDecision Redirect 1	1686846706828	1686846706903	OK	 
GROUP	1	PRL_CitizenC100_300_WhichDecision	1686846706775	1686846706997	219	OK
REQUEST	1	PRL_CitizenC100_310_ParentalResponsibility	PRL_CitizenC100_310_005_ParentalResponsibility	1686846710005	1686846710035	OK	 
REQUEST	1	PRL_CitizenC100_310_ParentalResponsibility	PRL_CitizenC100_310_005_ParentalResponsibility Redirect 1	1686846710035	1686846710068	OK	 
GROUP	1	PRL_CitizenC100_310_ParentalResponsibility	1686846710005	1686846710140	134	OK
REQUEST	1	PRL_CitizenC100_320_FurtherInformation	PRL_CitizenC100_320_005_FurtherInformation	1686846714225	1686846714267	OK	 
REQUEST	1	PRL_CitizenC100_320_FurtherInformation	PRL_CitizenC100_320_005_FurtherInformation Redirect 1	1686846714268	1686846714326	OK	 
GROUP	1	PRL_CitizenC100_320_FurtherInformation	1686846714225	1686846714512	285	OK
REQUEST	1	PRL_CitizenC100_330_OtherChildren	PRL_CitizenC100_330_005_OtherChildren	1686846719005	1686846719191	OK	 
REQUEST	1	PRL_CitizenC100_330_OtherChildren	PRL_CitizenC100_330_005_OtherChildren Redirect 1	1686846719192	1686846719225	OK	 
GROUP	1	PRL_CitizenC100_330_OtherChildren	1686846719005	1686846719318	310	OK
REQUEST	1	PRL_CitizenC100_340_EnterYourName	PRL_CitizenC100_340_005_EnterYourName	1686846722565	1686846722614	OK	 
GROUP	1	PRL_CitizenC100_340_EnterYourName	1686846722565	1686846722615	49	OK
REQUEST	1	PRL_CitizenC100_345_EnterYourNameRedirect	PRL_CitizenC100_340_005_EnterYourName	1686846726885	1686846726941	OK	 
GROUP	1	PRL_CitizenC100_345_EnterYourNameRedirect	1686846726884	1686846727105	219	OK
REQUEST	1	PRL_CitizenC100_350_KnowContactDetails	PRL_CitizenC100_350_005_KnowContactDetails	1686846731126	1686846731154	OK	 
REQUEST	1	PRL_CitizenC100_350_KnowContactDetails	PRL_CitizenC100_350_005_KnowContactDetails Redirect 1	1686846731154	1686846731201	OK	 
GROUP	1	PRL_CitizenC100_350_KnowContactDetails	1686846731126	1686846731277	149	OK
REQUEST	1	PRL_CitizenC100_360_KeepDetailsPrivate	PRL_CitizenC100_360_005_KeepDetailsPrivate	1686846735555	1686846735583	OK	 
REQUEST	1	PRL_CitizenC100_360_KeepDetailsPrivate	PRL_CitizenC100_360_005_KeepDetailsPrivate Redirect 1	1686846735584	1686846735615	OK	 
GROUP	1	PRL_CitizenC100_360_KeepDetailsPrivate	1686846735554	1686846735694	136	OK
REQUEST	1	PRL_CitizenC100_370_KeepDetailsPrivateContinue	PRL_CitizenC100_370_005_KeepDetailsPrivateContinue	1686846738925	1686846738951	OK	 
REQUEST	1	PRL_CitizenC100_370_KeepDetailsPrivateContinue	PRL_CitizenC100_370_005_KeepDetailsPrivateContinue Redirect 1	1686846738952	1686846739072	OK	 
GROUP	1	PRL_CitizenC100_370_KeepDetailsPrivateContinue	1686846738924	1686846739135	207	OK
REQUEST	1	PRL_CitizenC100_380_ApplicantDetails	PRL_CitizenC100_380_005_ApplicantDetails	1686846743236	1686846743385	OK	 
REQUEST	1	PRL_CitizenC100_380_ApplicantDetails	PRL_CitizenC100_380_005_ApplicantDetails Redirect 1	1686846743386	1686846743427	OK	 
GROUP	1	PRL_CitizenC100_380_ApplicantDetails	1686846743235	1686846743525	286	OK
REQUEST	1	PRL_CitizenC100_390_ApplicantRelationship	PRL_CitizenC100_390_005_ApplicantRelationship	1686846747625	1686846747658	OK	 
REQUEST	1	PRL_CitizenC100_390_ApplicantRelationship	PRL_CitizenC100_390_005_ApplicantRelationship Redirect 1	1686846747659	1686846747702	OK	 
GROUP	1	PRL_CitizenC100_390_ApplicantRelationship	1686846747625	1686846747762	134	OK
REQUEST	1	PRL_CitizenC100_400_ApplicantPostcode	PRL_CitizenC100_400_005_ApplicantPostcode	1686846752295	1686846752543	OK	 
REQUEST	1	PRL_CitizenC100_400_ApplicantPostcode	PRL_CitizenC100_400_005_ApplicantPostcode Redirect 1	1686846752543	1686846752593	OK	 
GROUP	1	PRL_CitizenC100_400_ApplicantPostcode	1686846752295	1686846752702	403	OK
REQUEST	1	PRL_CitizenC100_410_ApplicantSelectAddress	PRL_CitizenC100_410_005_ApplicantSelectAddress	1686846756895	1686846756959	OK	 
REQUEST	1	PRL_CitizenC100_410_ApplicantSelectAddress	PRL_CitizenC100_410_005_ApplicantSelectAddress Redirect 1	1686846756960	1686846757001	OK	 
GROUP	1	PRL_CitizenC100_410_ApplicantSelectAddress	1686846756895	1686846757105	207	OK
REQUEST	1	PRL_CitizenC100_420_ApplicantAddress	PRL_CitizenC100_420_005_ApplicantAddress	1686846760776	1686846760806	OK	 
REQUEST	1	PRL_CitizenC100_420_ApplicantAddress	PRL_CitizenC100_420_005_ApplicantAddress Redirect 1	1686846760806	1686846760877	OK	 
GROUP	1	PRL_CitizenC100_420_ApplicantAddress	1686846760775	1686846761097	320	OK
REQUEST	1	PRL_CitizenC100_430_ApplicantContact	PRL_CitizenC100_430_005_ApplicantContact	1686846765164	1686846765198	OK	 
REQUEST	1	PRL_CitizenC100_430_ApplicantContact	PRL_CitizenC100_430_005_ApplicantContact Redirect 1	1686846765198	1686846765234	OK	 
GROUP	1	PRL_CitizenC100_430_ApplicantContact	1686846765164	1686846765301	135	OK
REQUEST	1	PRL_CitizenC100_440_ApplicantContactPreference	PRL_CitizenC100_440_005_ApplicantContactPreference	1686846770106	1686846770137	OK	 
REQUEST	1	PRL_CitizenC100_440_ApplicantContactPreference	PRL_CitizenC100_440_005_ApplicantContactPreference Redirect 1	1686846770138	1686846770179	OK	 
GROUP	1	PRL_CitizenC100_440_ApplicantContactPreference	1686846770105	1686846770230	121	OK
REQUEST	1	PRL_CitizenC100_450_RespondentName	PRL_CitizenC100_450_005_RespondentName	1686846774836	1686846774885	OK	 
GROUP	1	PRL_CitizenC100_450_RespondentName	1686846774835	1686846774886	49	OK
REQUEST	1	PRL_CitizenC100_460_RespondentNameRedirect	PRL_CitizenC100_460_005_RespondentNameRedirect	1686846778563	1686846778705	OK	 
GROUP	1	PRL_CitizenC100_460_RespondentNameRedirect	1686846778563	1686846778817	252	OK
REQUEST	1	PRL_CitizenC100_470_RespondentDetails	PRL_CitizenC100_470_005_RespondentDetails	1686846782986	1686846783081	OK	 
REQUEST	1	PRL_CitizenC100_470_RespondentDetails	PRL_CitizenC100_470_005_RespondentDetails Redirect 1	1686846783081	1686846783154	OK	 
GROUP	1	PRL_CitizenC100_470_RespondentDetails	1686846782985	1686846783346	358	OK
REQUEST	1	PRL_CitizenC100_480_RespondentRelationship	PRL_CitizenC100_480_005_RespondentRelationship	1686846786576	1686846786610	OK	 
REQUEST	1	PRL_CitizenC100_480_RespondentRelationship	PRL_CitizenC100_480_005_RespondentRelationship Redirect 1	1686846786610	1686846786659	OK	 
GROUP	1	PRL_CitizenC100_480_RespondentRelationship	1686846786576	1686846786706	129	OK
REQUEST	1	PRL_CitizenC100_490_RespondentPostcode	PRL_CitizenC100_490_005_RespondentPostcode	1686846791355	1686846791687	OK	 
REQUEST	1	PRL_CitizenC100_490_RespondentPostcode	PRL_CitizenC100_490_005_RespondentPostcode Redirect 1	1686846791687	1686846791821	OK	 
GROUP	1	PRL_CitizenC100_490_RespondentPostcode	1686846791355	1686846791861	504	OK
REQUEST	1	PRL_CitizenC100_500_RespondentSelectAddress	PRL_CitizenC100_500_005_RespondentSelectAddress	1686846796385	1686846796442	OK	 
REQUEST	1	PRL_CitizenC100_500_RespondentSelectAddress	PRL_CitizenC100_500_005_RespondentSelectAddress Redirect 1	1686846796443	1686846796510	OK	 
GROUP	1	PRL_CitizenC100_500_RespondentSelectAddress	1686846796385	1686846796584	196	OK
REQUEST	1	PRL_CitizenC100_510_RespondentAddress	PRL_CitizenC100_510_005_RespondentAddress	1686846800103	1686846800133	OK	 
REQUEST	1	PRL_CitizenC100_510_RespondentAddress	PRL_CitizenC100_510_005_RespondentAddress Redirect 1	1686846800134	1686846800206	OK	 
GROUP	1	PRL_CitizenC100_510_RespondentAddress	1686846800103	1686846800283	178	OK
REQUEST	1	PRL_CitizenC100_520_RespondentContact	PRL_CitizenC100_520_005_RespondentContact	1686846803925	1686846804058	OK	 
REQUEST	1	PRL_CitizenC100_520_RespondentContact	PRL_CitizenC100_520_005_RespondentContact Redirect 1	1686846804059	1686846804091	OK	 
GROUP	1	PRL_CitizenC100_520_RespondentContact	1686846803925	1686846804172	244	OK
REQUEST	1	PRL_CitizenC100_530_AnyoneElse	PRL_CitizenC100_530_005_AnyoneElse	1686846807335	1686846807373	OK	 
REQUEST	1	PRL_CitizenC100_530_AnyoneElse	PRL_CitizenC100_530_005_AnyoneElse Redirect 1	1686846807373	1686846807425	OK	 
GROUP	1	PRL_CitizenC100_530_AnyoneElse	1686846807335	1686846807501	165	OK
REQUEST	1	PRL_CitizenC100_540_ChildLiveWith	PRL_CitizenC100_540_005_ChildLiveWith	1686846811915	1686846811945	OK	 
REQUEST	1	PRL_CitizenC100_540_ChildLiveWith	PRL_CitizenC100_540_005_ChildLiveWith Redirect 1	1686846811946	1686846811992	OK	 
GROUP	1	PRL_CitizenC100_540_ChildLiveWith	1686846811915	1686846812042	124	OK
REQUEST	1	PRL_CitizenC100_550_InvolvedInCourt	PRL_CitizenC100_550_005_InvolvedInCourt	1686846815575	1686846815620	OK	 
REQUEST	1	PRL_CitizenC100_550_InvolvedInCourt	PRL_CitizenC100_550_005_InvolvedInCourt Redirect 1	1686846815620	1686846815667	OK	 
GROUP	1	PRL_CitizenC100_550_InvolvedInCourt	1686846815575	1686846815731	155	OK
REQUEST	1	PRL_CitizenC100_560_CourtCasesInfo	PRL_CitizenC100_560_005_CourtCasesInfo	1686846819605	1686846819633	OK	 
REQUEST	1	PRL_CitizenC100_560_CourtCasesInfo	PRL_CitizenC100_560_005_CourtCasesInfo Redirect 1	1686846819634	1686846819691	OK	 
GROUP	1	PRL_CitizenC100_560_CourtCasesInfo	1686846819604	1686846819779	172	OK
REQUEST	1	PRL_CitizenC100_570_DetailsOfCourtCases	PRL_CitizenC100_570_005_DetailsOfCourtCases	1686846824196	1686846824259	OK	 
REQUEST	1	PRL_CitizenC100_570_DetailsOfCourtCases	PRL_CitizenC100_570_005_DetailsOfCourtCases Redirect 1	1686846824259	1686846824305	OK	 
GROUP	1	PRL_CitizenC100_570_DetailsOfCourtCases	1686846824195	1686846824474	277	OK
REQUEST	1	PRL_CitizenC100_580_SafetyInfo	PRL_CitizenC100_580_005_SafetyInfo	1686846829075	1686846829175	OK	 
REQUEST	1	PRL_CitizenC100_580_SafetyInfo	PRL_CitizenC100_580_005_SafetyInfo Redirect 1	1686846829175	1686846829229	OK	 
GROUP	1	PRL_CitizenC100_580_SafetyInfo	1686846829074	1686846829334	257	OK
REQUEST	1	PRL_CitizenC100_590_SafetyConcerns	PRL_CitizenC100_590_005_SafetyConcerns	1686846833705	1686846833746	OK	 
REQUEST	1	PRL_CitizenC100_590_SafetyConcerns	PRL_CitizenC100_590_005_SafetyConcerns Redirect 1	1686846833747	1686846833854	OK	 
GROUP	1	PRL_CitizenC100_590_SafetyConcerns	1686846833704	1686846833943	236	OK
REQUEST	1	PRL_CitizenC100_600_ConcernedAbout	PRL_CitizenC100_600_005_ConcernedAbout	1686846837393	1686846837427	OK	 
REQUEST	1	PRL_CitizenC100_600_ConcernedAbout	PRL_CitizenC100_600_005_ConcernedAbout Redirect 1	1686846837428	1686846837473	OK	 
GROUP	1	PRL_CitizenC100_600_ConcernedAbout	1686846837392	1686846837589	194	OK
REQUEST	1	PRL_CitizenC100_610_TypeOfBehaviour	PRL_CitizenC100_610_005_TypeOfBehaviour	1686846841536	1686846841564	OK	 
REQUEST	1	PRL_CitizenC100_610_TypeOfBehaviour	PRL_CitizenC100_610_005_TypeOfBehaviour Redirect 1	1686846841565	1686846841630	OK	 
GROUP	1	PRL_CitizenC100_610_TypeOfBehaviour	1686846841535	1686846841698	160	OK
REQUEST	1	PRL_CitizenC100_620_DescribePyshicalAbuse	PRL_CitizenC100_620_005_DescribePyshicalAbuse	1686846846486	1686846846534	OK	 
REQUEST	1	PRL_CitizenC100_620_DescribePyshicalAbuse	PRL_CitizenC100_620_005_DescribePyshicalAbuse Redirect 1	1686846846535	1686846846571	OK	 
GROUP	1	PRL_CitizenC100_620_DescribePyshicalAbuse	1686846846486	1686846846646	158	OK
REQUEST	1	PRL_CitizenC100_630_ImpactedByDrug	PRL_CitizenC100_630_005_ImpactedByDrug	1686846851183	1686846851215	OK	 
REQUEST	1	PRL_CitizenC100_630_ImpactedByDrug	PRL_CitizenC100_630_005_ImpactedByDrug Redirect 1	1686846851215	1686846851265	OK	 
GROUP	1	PRL_CitizenC100_630_ImpactedByDrug	1686846851183	1686846851493	309	OK
REQUEST	1	PRL_CitizenC100_640_OtherConcerns	PRL_CitizenC100_640_005_OtherConcerns	1686846854515	1686846854546	OK	 
REQUEST	1	PRL_CitizenC100_640_OtherConcerns	PRL_CitizenC100_640_005_OtherConcerns Redirect 1	1686846854546	1686846854621	OK	 
GROUP	1	PRL_CitizenC100_640_OtherConcerns	1686846854514	1686846854691	174	OK
REQUEST	1	PRL_CitizenC100_650_KeepChildrenSafe	PRL_CitizenC100_650_005_KeepChildrenSafe	1686846858565	1686846858603	OK	 
REQUEST	1	PRL_CitizenC100_650_KeepChildrenSafe	PRL_CitizenC100_650_005_KeepChildrenSafe Redirect 1	1686846858603	1686846858667	OK	 
GROUP	1	PRL_CitizenC100_650_KeepChildrenSafe	1686846858564	1686846858737	171	OK
REQUEST	1	PRL_CitizenC100_660_ContactBetweenChildren	PRL_CitizenC100_660_005_ContactBetweenChildren	1686846861753	1686846861791	OK	 
REQUEST	1	PRL_CitizenC100_660_ContactBetweenChildren	PRL_CitizenC100_660_005_ContactBetweenChildren Redirect 1	1686846861792	1686846861833	OK	 
GROUP	1	PRL_CitizenC100_660_ContactBetweenChildren	1686846861752	1686846861916	160	OK
REQUEST	1	PRL_CitizenC100_670_ChildrenBasedOutsideEngland	PRL_CitizenC100_670_005_ChildrenBasedOutsideEngland	1686846865604	1686846865647	OK	 
REQUEST	1	PRL_CitizenC100_670_ChildrenBasedOutsideEngland	PRL_CitizenC100_670_005_ChildrenBasedOutsideEngland Redirect 1	1686846865647	1686846865703	OK	 
GROUP	1	PRL_CitizenC100_670_ChildrenBasedOutsideEngland	1686846865604	1686846865779	174	OK
REQUEST	1	PRL_CitizenC100_680_ParentsBasedOutsideEngland	PRL_CitizenC100_680_005_ParentsBasedOutsideEngland	1686846870287	1686846870320	OK	 
REQUEST	1	PRL_CitizenC100_680_ParentsBasedOutsideEngland	PRL_CitizenC100_680_005_ParentsBasedOutsideEngland Redirect 1	1686846870321	1686846870502	OK	 
GROUP	1	PRL_CitizenC100_680_ParentsBasedOutsideEngland	1686846870286	1686846870569	280	OK
REQUEST	1	PRL_CitizenC100_690_AnotherPersonApply	PRL_CitizenC100_690_005_AnotherPersonApply	1686846873925	1686846873971	OK	 
REQUEST	1	PRL_CitizenC100_690_AnotherPersonApply	PRL_CitizenC100_690_005_AnotherPersonApply Redirect 1	1686846873972	1686846874021	OK	 
GROUP	1	PRL_CitizenC100_690_AnotherPersonApply	1686846873925	1686846874084	157	OK
REQUEST	1	PRL_CitizenC100_700_AnotherCountryAsked	PRL_CitizenC100_700_005_AnotherCountryAsked	1686846878605	1686846878632	OK	 
REQUEST	1	PRL_CitizenC100_700_AnotherCountryAsked	PRL_CitizenC100_700_005_AnotherCountryAsked Redirect 1	1686846878632	1686846878675	OK	 
GROUP	1	PRL_CitizenC100_700_AnotherCountryAsked	1686846878605	1686846878752	146	OK
REQUEST	1	PRL_CitizenC100_710_TakePartInHearings	PRL_CitizenC100_710_005_TakePartInHearings	1686846882546	1686846882576	OK	 
REQUEST	1	PRL_CitizenC100_710_TakePartInHearings	PRL_CitizenC100_710_005_TakePartInHearings Redirect 1	1686846882577	1686846882630	OK	 
GROUP	1	PRL_CitizenC100_710_TakePartInHearings	1686846882545	1686846882696	148	OK
REQUEST	1	PRL_CitizenC100_720_LanguageRequirements	PRL_CitizenC100_720_005_LanguageRequirements	1686846886105	1686846886173	OK	 
REQUEST	1	PRL_CitizenC100_720_LanguageRequirements	PRL_CitizenC100_720_005_LanguageRequirements Redirect 1	1686846886173	1686846886230	OK	 
GROUP	1	PRL_CitizenC100_720_LanguageRequirements	1686846886105	1686846886293	187	OK
USER	***** Private Law Create Case *****	2	START	1686846886603	1686846886603
REQUEST	2	PRL_Citizen_010_PRLHome	PRL_Citizen_010_005_PRLHome	1686846886604	1686846886726	OK	 
REQUEST	2	PRL_Citizen_010_PRLHome	PRL_Citizen_010_005_PRLHome Redirect 1	1686846886727	1686846886760	OK	 
REQUEST	2	PRL_Citizen_010_PRLHome	PRL_Citizen_010_005_PRLHome Redirect 2	1686846886761	1686846886794	OK	 
REQUEST	2	PRL_Citizen_010_PRLHome	PRL_Citizen_010_005_PRLHome Redirect 3	1686846886795	1686846886890	OK	 
GROUP	2	PRL_Citizen_010_PRLHome	1686846886603	1686846887051	441	OK
REQUEST	1	PRL_CitizenC100_730_SpecialArrangements	PRL_CitizenC100_730_005_SpecialArrangements	1686846890816	1686846890863	OK	 
REQUEST	1	PRL_CitizenC100_730_SpecialArrangements	PRL_CitizenC100_730_005_SpecialArrangements Redirect 1	1686846890863	1686846890911	OK	 
REQUEST	2	PRL_Citizen_020_Login	PRL_Citizen_020_005_Login	1686846890726	1686846890990	OK	 
GROUP	1	PRL_CitizenC100_730_SpecialArrangements	1686846890816	1686846891004	186	OK
REQUEST	2	PRL_Citizen_020_Login	PRL_Citizen_020_005_Login Redirect 1	1686846890990	1686846891198	OK	 
REQUEST	2	PRL_Citizen_020_Login	PRL_Citizen_020_005_Login Redirect 2	1686846891198	1686846892659	OK	 
GROUP	2	PRL_Citizen_020_Login	1686846890725	1686846892775	2048	OK
REQUEST	1	PRL_CitizenC100_740_NeedSupport	PRL_CitizenC100_740_005_NeedSupport	1686846895656	1686846895680	OK	 
REQUEST	1	PRL_CitizenC100_740_NeedSupport	PRL_CitizenC100_740_005_NeedSupport Redirect 1	1686846895681	1686846895728	OK	 
GROUP	1	PRL_CitizenC100_740_NeedSupport	1686846895655	1686846895820	162	OK
REQUEST	2	PRL_Citizen_030_C100StartApplication	PRL_Citizen_030_005_C100StartApplication	1686846896715	1686846896873	OK	 
GROUP	2	PRL_Citizen_030_C100StartApplication	1686846896715	1686846896922	205	OK
REQUEST	1	PRL_CitizenC100_750_DocumentsAlternativeFormat	PRL_CitizenC100_750_005_DocumentsAlternativeFormat	1686846900256	1686846900312	OK	 
REQUEST	1	PRL_CitizenC100_750_DocumentsAlternativeFormat	PRL_CitizenC100_750_005_DocumentsAlternativeFormat Redirect 1	1686846900313	1686846900486	OK	 
GROUP	1	PRL_CitizenC100_750_DocumentsAlternativeFormat	1686846900255	1686846900583	325	OK
REQUEST	2	PRL_Citizen_040_StartTheApplicationC100	PRL_Citizen_040_005_StartTheApplicationC100	1686846901603	1686846901669	OK	 
GROUP	2	PRL_Citizen_040_StartTheApplicationC100	1686846901603	1686846901837	233	OK
REQUEST	1	PRL_CitizenC100_760_HelpWithPaying	PRL_CitizenC100_760_005_HelpWithPaying	1686846904135	1686846904162	OK	 
REQUEST	2	PRL_Citizen_041_Dashboard	PRL_Citizen_041_005_Dashboard	1686846905616	1686846905663	OK	 
REQUEST	2	PRL_Citizen_041_Dashboard	PRL_Citizen_041_005_Dashboard Redirect 1	1686846905663	1686846907300	OK	 
GROUP	2	PRL_Citizen_041_Dashboard	1686846905615	1686846907374	1757	OK
REQUEST	1	PRL_CitizenC100_760_HelpWithPaying	PRL_CitizenC100_760_005_HelpWithPaying Redirect 1	1686846904162	1686846907915	OK	 
GROUP	1	PRL_CitizenC100_760_HelpWithPaying	1686846904134	1686846908034	3896	OK
REQUEST	2	PRL_Citizen_042_ActivateAccessCode	PRL_Citizen_042_005_ActivateAccessCode	1686846910783	1686846910871	OK	 
GROUP	2	PRL_Citizen_042_ActivateAccessCode	1686846910783	1686846910950	165	OK
REQUEST	1	PRL_CitizenC100_770_CheckYourAnswers	PRL_CitizenC100_770_005_CheckYourAnswers	1686846911124	1686846913236	OK	 
GROUP	1	PRL_CitizenC100_770_CheckYourAnswers	1686846911124	1686846913237	2112	OK
REQUEST	2	PRL_Citizen_043_CaseAdded	PRL_Citizen_043_005_AccessYourCase	1686846915346	1686846916592	OK	 
REQUEST	1	PRL_CitizenC100_780_CheckYourAnswersRedirect	PRL_CitizenC100_780_005_CheckYourAnswersRedirect	1686846916585	1686846916714	OK	 
GROUP	1	PRL_CitizenC100_780_CheckYourAnswersRedirect	1686846916584	1686846916715	129	OK
REQUEST	1	PRL_CitizenC100_790_CheckYourAnswersFinal	PRL_CitizenC100_790_005_CheckYourAnswersFinal	1686846919775	1686846919866	OK	 
GROUP	1	PRL_CitizenC100_790_CheckYourAnswersFinal	1686846919775	1686846919989	211	OK
REQUEST	2	PRL_Citizen_043_CaseAdded	PRL_Citizen_043_005_AccessYourCase Redirect 1	1686846916593	1686846923067	OK	 
GROUP	2	PRL_Citizen_043_CaseAdded	1686846915346	1686846923261	7913	OK
REQUEST	1	PRL_CitizenC100_800_EnterCardDetails	PRL_CitizenC100_800_005_EnterCardDetails	1686846924136	1686846924324	OK	 
REQUEST	1	PRL_CitizenC100_800_EnterCardDetails	PRL_CitizenC100_800_005_EnterCardDetails Redirect 1	1686846924324	1686846924380	OK	 
GROUP	1	PRL_CitizenC100_800_EnterCardDetails	1686846924136	1686846924382	245	OK
REQUEST	2	PRL_Citizen_044_AccessCodeContinue	PRL_Citizen_044_005_AccessCodeContinue	1686846927556	1686846927624	OK	 
REQUEST	1	PRL_CitizenC100_810_FinalSubmit	PRL_CitizenC100_810_005_FinalSubmit	1686846927576	1686846927652	OK	 
GROUP	1	PRL_CitizenC100_810_FinalSubmit	1686846927576	1686846927652	76	OK
REQUEST	2	PRL_Citizen_044_AccessCodeContinue	PRL_Citizen_044_005_AccessCodeContinue Redirect 1	1686846927625	1686846927684	OK	 
REQUEST	1	PRL_CitizenC100_811_FinalSubmitRedirect1	PRL_CitizenC100_811_005_FinalSubmitRedirect1	1686846927652	1686846927689	OK	 
GROUP	1	PRL_CitizenC100_811_FinalSubmitRedirect1	1686846927652	1686846927689	37	OK
REQUEST	1	PRL_CitizenC100_812_FinalSubmitRedirect2	PRL_CitizenC100_812_005_FinalSubmitRedirect2	1686846927690	1686846927710	OK	 
GROUP	1	PRL_CitizenC100_812_FinalSubmitRedirect2	1686846927690	1686846927710	20	OK
REQUEST	1	PRL_CitizenC100_813_FinalSubmitRedirect3	PRL_CitizenC100_813_005_FinalSubmitRedirect3	1686846927710	1686846927757	OK	 
GROUP	2	PRL_Citizen_044_AccessCodeContinue	1686846927556	1686846927786	227	OK
GROUP	1	PRL_CitizenC100_813_FinalSubmitRedirect3	1686846927710	1686846928000	288	OK
REQUEST	1	PRL_CitizenC100_820_Logout	PRL_CitizenC100_820_005_Logout	1686846931637	1686846931668	OK	 
REQUEST	1	PRL_CitizenC100_820_Logout	PRL_CitizenC100_820_005_Logout Redirect 1	1686846931668	1686846931690	OK	 
REQUEST	1	PRL_CitizenC100_820_Logout	